train size: 88, val size: 34, test size: 1064

###########################################################################################################################################################

 learning rate: 0.0001, mlp_hidden_sizes: [1024, 512], jump_frames: 6, use_reconstruction_layer: True
batch_size: 8, norm: True, train_seqeunces: [0, 2, 3, 5], val_sequences: [6, 7, 8], RL_TEST_NAMES: ['fe2fadf89a84e92a', 'f01e8b6f8e10fdd9', 'f1ee9dc6135e5307', 'a41df4fa06fd391b', 'bc0ebb7482f14795', '9bdd34e784c04e3a', '98ebee1c36ecec55'], dataset: Stereo,
average embeddings: False, model: microsoft/resnet-152, augmentation: True, random crop: True, part: tail, get_old_path: False,
RE1 coeff: 0 SED coeff: 0.5, ALG_COEFF: 0, L2_coeff: 1, huber_coeff: 1, frozen layers: 0, trained vit: None,
crop: 224 resize: 256, use conv: True pretrained: None, train_size: 0.008, norm_mean: tensor([0.5000, 0.5000, 0.5000], device='cuda:0'), norm_std: tensor([0.5000, 0.5000, 0.5000], device='cuda:0'), sched: None seed: 300, 

algebraic_truth: 0.01681980761614713		 val_algebraic_truth: 0.018775846064090728
RE1_truth: 0.00018832428296181288		 val_RE1_truth: 0.00022512408904731273
SED_truth: 0.0015065993436358192		 val_SED_truth: 0.001800992339849472

Epoch 1/40000: Training Loss: 6711.149147727273		 Val Loss: 394.32734375
             	Training MAE: 0.33349332213401794		 Val MAE: 0.3746161460876465
             	Algebraic dist: 6819.853693181818		 Val Algebraic dist: 1849.5916015625
             	RE1 dist: 65041984.0		 Val RE1 dist: 2986121.8
             	SED dist: 13421.688920454546		 Val SED dist: 787.900732421875

train size: 88, val size: 34, test size: 1064

###########################################################################################################################################################

 learning rate: 0.0001, mlp_hidden_sizes: [1024, 512], jump_frames: 6, use_reconstruction_layer: True
batch_size: 8, norm: True, train_seqeunces: [0, 2, 3, 5], val_sequences: [6, 7, 8], RL_TEST_NAMES: ['fe2fadf89a84e92a', 'f01e8b6f8e10fdd9', 'f1ee9dc6135e5307', 'a41df4fa06fd391b', 'bc0ebb7482f14795', '9bdd34e784c04e3a', '98ebee1c36ecec55'], dataset: Stereo,
average embeddings: False, model: microsoft/resnet-152, augmentation: True, random crop: True, part: tail, get_old_path: False,
RE1 coeff: 0 SED coeff: 0.5, ALG_COEFF: 0, L2_coeff: 1, huber_coeff: 1, frozen layers: 0, trained vit: None,
crop: 224 resize: 256, use conv: True pretrained: None, train_size: 0.008, norm_mean: tensor([0.5000, 0.5000, 0.5000], device='cuda:0'), norm_std: tensor([0.5000, 0.5000, 0.5000], device='cuda:0'), sched: None seed: 300, 

algebraic_truth: 0.01671304621479728		 val_algebraic_truth: 0.018453463912010193
RE1_truth: 0.0001867883838713169		 val_RE1_truth: 0.00021902967710047961
SED_truth: 0.0014943206174807115		 val_SED_truth: 0.0017522282898426056

Epoch 1/40000: Training Loss: 13516.022727272728		 Val Loss: 7217.178125
             	Training MAE: 0.35739558935165405		 Val MAE: 0.41771721839904785
             	Algebraic dist: 11538.258522727272		 Val Algebraic dist: 5072.356640625
             	RE1 dist: 137985093.8181818		 Val RE1 dist: 23723126.4
             	SED dist: 27031.397727272728		 Val SED dist: 14433.45

Epoch 2/40000: Training Loss: 5659.992897727273		 Val Loss: 4770.43984375
             	Training MAE: 0.4051946699619293		 Val MAE: 0.39421719312667847
             	Algebraic dist: 2968.5951704545455		 Val Algebraic dist: 2433.7646484375
             	RE1 dist: 9043900.363636363		 Val RE1 dist: 5802521.6
             	SED dist: 11319.0390625		 Val SED dist: 9539.9953125

Epoch 3/40000: Training Loss: 4285.593394886364		 Val Loss: 4060.96171875
             	Training MAE: 0.35924768447875977		 Val MAE: 0.30271726846694946
             	Algebraic dist: 2259.743252840909		 Val Algebraic dist: 1967.31796875
             	RE1 dist: 4244045.454545454		 Val RE1 dist: 3285048.0
             	SED dist: 8570.470170454546		 Val SED dist: 8121.4109375

Epoch 4/40000: Training Loss: 4095.103338068182		 Val Loss: 4553.57734375
             	Training MAE: 0.2618468999862671		 Val MAE: 0.22518736124038696
             	Algebraic dist: 1623.970703125		 Val Algebraic dist: 1308.880078125
             	RE1 dist: 2212464.727272727		 Val RE1 dist: 1478541.4
             	SED dist: 8189.7734375		 Val SED dist: 9106.7875

Epoch 5/40000: Training Loss: 4236.582386363636		 Val Loss: 4331.63125
             	Training MAE: 0.20886395871639252		 Val MAE: 0.19745691120624542
             	Algebraic dist: 1116.4787819602273		 Val Algebraic dist: 891.14697265625
             	RE1 dist: 1096819.9090909092		 Val RE1 dist: 700088.8
             	SED dist: 8472.825994318182		 Val SED dist: 8662.94921875

Epoch 6/40000: Training Loss: 4188.121803977273		 Val Loss: 4159.466796875
             	Training MAE: 0.19205521047115326		 Val MAE: 0.18766552209854126
             	Algebraic dist: 763.6334339488636		 Val Algebraic dist: 614.2626953125
             	RE1 dist: 497845.7727272727		 Val RE1 dist: 338490.425
             	SED dist: 8375.9375		 Val SED dist: 8318.63671875

Epoch 7/40000: Training Loss: 4137.348721590909		 Val Loss: 4466.990625
             	Training MAE: 0.18533284962177277		 Val MAE: 0.181971937417984
             	Algebraic dist: 575.5854936079545		 Val Algebraic dist: 483.179150390625
             	RE1 dist: 275340.95454545453		 Val RE1 dist: 209305.175
             	SED dist: 8274.407670454546		 Val SED dist: 8933.69921875

Epoch 8/40000: Training Loss: 3939.0181107954545		 Val Loss: 3739.969921875
             	Training MAE: 0.17951326072216034		 Val MAE: 0.17661552131175995
             	Algebraic dist: 409.07852450284093		 Val Algebraic dist: 320.65009765625
             	RE1 dist: 144822.81818181818		 Val RE1 dist: 92547.65
             	SED dist: 7877.753551136364		 Val SED dist: 7479.65546875

Epoch 9/40000: Training Loss: 3869.892755681818		 Val Loss: 3879.926171875
             	Training MAE: 0.1761048287153244		 Val MAE: 0.17551995813846588
             	Algebraic dist: 311.46870561079544		 Val Algebraic dist: 270.0610107421875
             	RE1 dist: 82999.5		 Val RE1 dist: 68687.7625
             	SED dist: 7739.499289772727		 Val SED dist: 7759.5734375

Epoch 10/40000: Training Loss: 3853.7748579545455		 Val Loss: 3723.98359375
             	Training MAE: 0.17479205131530762		 Val MAE: 0.17363403737545013
             	Algebraic dist: 241.53333629261363		 Val Algebraic dist: 198.4585693359375
             	RE1 dist: 50688.045454545456		 Val RE1 dist: 35371.1375
             	SED dist: 7707.267755681818		 Val SED dist: 7447.68125

Epoch 11/40000: Training Loss: 3698.0632102272725		 Val Loss: 3520.953515625
             	Training MAE: 0.17299677431583405		 Val MAE: 0.17193476855754852
             	Algebraic dist: 188.82921253551137		 Val Algebraic dist: 148.74232177734376
             	RE1 dist: 31684.423295454544		 Val RE1 dist: 21599.7578125
             	SED dist: 7395.841619318182		 Val SED dist: 7041.62109375

Epoch 12/40000: Training Loss: 3731.9311079545455		 Val Loss: 3579.3265625
             	Training MAE: 0.1711159348487854		 Val MAE: 0.16996082663536072
             	Algebraic dist: 138.93391557173297		 Val Algebraic dist: 116.286279296875
             	RE1 dist: 17357.751420454544		 Val RE1 dist: 13566.715625
             	SED dist: 7463.569602272727		 Val SED dist: 7158.3734375

Epoch 13/40000: Training Loss: 3479.681463068182		 Val Loss: 3395.3640625
             	Training MAE: 0.16949206590652466		 Val MAE: 0.1697922646999359
             	Algebraic dist: 100.13685191761364		 Val Algebraic dist: 83.120068359375
             	RE1 dist: 9847.404829545454		 Val RE1 dist: 6876.128125
             	SED dist: 6959.074573863636		 Val SED dist: 6790.43515625

Epoch 14/40000: Training Loss: 3195.133877840909		 Val Loss: 2992.65
             	Training MAE: 0.16999711096286774		 Val MAE: 0.16955524682998657
             	Algebraic dist: 68.5565185546875		 Val Algebraic dist: 55.42662353515625
             	RE1 dist: 4825.637428977273		 Val RE1 dist: 3482.243359375
             	SED dist: 6389.96875		 Val SED dist: 5984.9984375

Epoch 15/40000: Training Loss: 2777.4055397727275		 Val Loss: 2257.253125
             	Training MAE: 0.16914872825145721		 Val MAE: 0.16817156970500946
             	Algebraic dist: 40.776641845703125		 Val Algebraic dist: 33.069296264648436
             	RE1 dist: 2024.3299005681818		 Val RE1 dist: 1576.5021484375
             	SED dist: 5554.51171875		 Val SED dist: 4514.2125

Epoch 16/40000: Training Loss: 2453.106534090909		 Val Loss: 4757.79453125
             	Training MAE: 0.16807949542999268		 Val MAE: 0.16510748863220215
             	Algebraic dist: 23.450150923295453		 Val Algebraic dist: 38.174566650390624
             	RE1 dist: 829.1089311079545		 Val RE1 dist: 1432.7466796875
             	SED dist: 4905.912997159091		 Val SED dist: 9515.328125

Epoch 17/40000: Training Loss: 4164.671519886364		 Val Loss: 2320.0369140625
             	Training MAE: 0.1626821607351303		 Val MAE: 0.16198308765888214
             	Algebraic dist: 18.979149558327414		 Val Algebraic dist: 13.49937744140625
             	RE1 dist: 440.0877130681818		 Val RE1 dist: 192.6450439453125
             	SED dist: 8329.076704545454		 Val SED dist: 4639.786328125

Epoch 18/40000: Training Loss: 2871.0949928977275		 Val Loss: 2394.0953125
             	Training MAE: 0.16007556021213531		 Val MAE: 0.1597195267677307
             	Algebraic dist: 10.996075716885654		 Val Algebraic dist: 13.2251708984375
             	RE1 dist: 111.90947931463069		 Val RE1 dist: 175.6649658203125
             	SED dist: 5741.870028409091		 Val SED dist: 4787.861328125

Epoch 19/40000: Training Loss: 2291.0026633522725		 Val Loss: 2277.069140625
             	Training MAE: 0.16040372848510742		 Val MAE: 0.16177548468112946
             	Algebraic dist: 10.288298866965555		 Val Algebraic dist: 12.932182312011719
             	RE1 dist: 102.98418634588069		 Val RE1 dist: 166.94061279296875
             	SED dist: 4581.682528409091		 Val SED dist: 4553.830078125

Epoch 20/40000: Training Loss: 1984.430575284091		 Val Loss: 2079.785546875
             	Training MAE: 0.16212235391139984		 Val MAE: 0.16245730221271515
             	Algebraic dist: 10.059717351740057		 Val Algebraic dist: 14.576596069335938
             	RE1 dist: 111.18348277698864		 Val RE1 dist: 269.4307861328125
             	SED dist: 3968.557528409091		 Val SED dist: 4159.272265625

Epoch 21/40000: Training Loss: 1858.5200639204545		 Val Loss: 1930.6185546875
             	Training MAE: 0.16185259819030762		 Val MAE: 0.1613270342350006
             	Algebraic dist: 10.538184426047586		 Val Algebraic dist: 13.440765380859375
             	RE1 dist: 141.2222234552557		 Val RE1 dist: 229.2418212890625
             	SED dist: 3716.7340198863635		 Val SED dist: 3860.926171875

Epoch 22/40000: Training Loss: 1856.8854758522727		 Val Loss: 2056.1126953125
             	Training MAE: 0.16055627167224884		 Val MAE: 0.16022105515003204
             	Algebraic dist: 10.13668476451527		 Val Algebraic dist: 14.769947814941407
             	RE1 dist: 131.09227405894887		 Val RE1 dist: 256.2031494140625
             	SED dist: 3713.4577414772725		 Val SED dist: 4111.917578125

Epoch 23/40000: Training Loss: 1981.9948508522727		 Val Loss: 2319.304296875
             	Training MAE: 0.15970799326896667		 Val MAE: 0.159330353140831
             	Algebraic dist: 10.568405151367188		 Val Algebraic dist: 15.235499572753906
             	RE1 dist: 137.46970436789772		 Val RE1 dist: 239.869775390625
             	SED dist: 3963.6860795454545		 Val SED dist: 4638.308984375

Epoch 24/40000: Training Loss: 1881.6290838068182		 Val Loss: 2096.351171875
             	Training MAE: 0.1593865603208542		 Val MAE: 0.16015438735485077
             	Algebraic dist: 10.322615189985795		 Val Algebraic dist: 14.218258666992188
             	RE1 dist: 130.71766246448863		 Val RE1 dist: 248.4525634765625
             	SED dist: 3762.953125		 Val SED dist: 4192.390625

Epoch 25/40000: Training Loss: 1784.2329545454545		 Val Loss: 2165.20625
             	Training MAE: 0.16104185581207275		 Val MAE: 0.16113243997097015
             	Algebraic dist: 9.818646517666904		 Val Algebraic dist: 13.978742980957032
             	RE1 dist: 109.61908513849431		 Val RE1 dist: 189.53897705078126
             	SED dist: 3568.1519886363635		 Val SED dist: 4330.101953125

Epoch 26/40000: Training Loss: 1900.8924005681818		 Val Loss: 2169.401171875
             	Training MAE: 0.16173985600471497		 Val MAE: 0.1618821620941162
             	Algebraic dist: 9.67595741965554		 Val Algebraic dist: 13.081422424316406
             	RE1 dist: 101.96849476207386		 Val RE1 dist: 177.4278076171875
             	SED dist: 3801.4730113636365		 Val SED dist: 4338.49375

Epoch 27/40000: Training Loss: 1764.2915482954545		 Val Loss: 1888.491015625
             	Training MAE: 0.16264180839061737		 Val MAE: 0.16320252418518066
             	Algebraic dist: 9.432443792169744		 Val Algebraic dist: 13.068954467773438
             	RE1 dist: 102.16190962357955		 Val RE1 dist: 183.9863525390625
             	SED dist: 3528.271661931818		 Val SED dist: 3776.6703125

Epoch 28/40000: Training Loss: 1817.015625		 Val Loss: 1942.2404296875
             	Training MAE: 0.163835346698761		 Val MAE: 0.16396498680114746
             	Algebraic dist: 10.154783769087357		 Val Algebraic dist: 13.115635681152344
             	RE1 dist: 127.7085293856534		 Val RE1 dist: 203.827880859375
             	SED dist: 3633.717684659091		 Val SED dist: 3884.17109375

Epoch 29/40000: Training Loss: 1793.3979048295455		 Val Loss: 2055.9919921875
             	Training MAE: 0.16480085253715515		 Val MAE: 0.1653953343629837
             	Algebraic dist: 9.77211484042081		 Val Algebraic dist: 13.674896240234375
             	RE1 dist: 116.9630459872159		 Val RE1 dist: 198.2242919921875
             	SED dist: 3586.482599431818		 Val SED dist: 4111.670703125

Epoch 30/40000: Training Loss: 1783.2563920454545		 Val Loss: 1886.3353515625
             	Training MAE: 0.16651929914951324		 Val MAE: 0.16705606877803802
             	Algebraic dist: 9.350237759676846		 Val Algebraic dist: 11.342957305908204
             	RE1 dist: 101.49769176136364		 Val RE1 dist: 126.06932373046875
             	SED dist: 3566.194247159091		 Val SED dist: 3772.352734375

Epoch 31/40000: Training Loss: 1762.1271306818182		 Val Loss: 2003.49375
             	Training MAE: 0.16773585975170135		 Val MAE: 0.16801004111766815
             	Algebraic dist: 9.23276727849787		 Val Algebraic dist: 11.871361541748048
             	RE1 dist: 91.49925648082386		 Val RE1 dist: 154.91490478515624
             	SED dist: 3523.9343039772725		 Val SED dist: 4006.669921875

Epoch 32/40000: Training Loss: 1746.5571732954545		 Val Loss: 1952.9751953125
             	Training MAE: 0.169007807970047		 Val MAE: 0.16901923716068268
             	Algebraic dist: 9.046542080965908		 Val Algebraic dist: 13.294961547851562
             	RE1 dist: 95.65696022727273		 Val RE1 dist: 184.57681884765626
             	SED dist: 3492.79296875		 Val SED dist: 3905.63515625

Epoch 33/40000: Training Loss: 1726.8258167613637		 Val Loss: 2155.29453125
             	Training MAE: 0.16930915415287018		 Val MAE: 0.16950643062591553
             	Algebraic dist: 9.449391451748935		 Val Algebraic dist: 13.195550537109375
             	RE1 dist: 103.7080078125		 Val RE1 dist: 186.5186767578125
             	SED dist: 3453.337713068182		 Val SED dist: 4310.2796875

Epoch 34/40000: Training Loss: 1804.690340909091		 Val Loss: 2021.1263671875
             	Training MAE: 0.1710207760334015		 Val MAE: 0.1714528501033783
             	Algebraic dist: 9.746454412286932		 Val Algebraic dist: 11.474541473388673
             	RE1 dist: 106.9286776455966		 Val RE1 dist: 137.2981201171875
             	SED dist: 3609.0639204545455		 Val SED dist: 4041.936328125

Epoch 35/40000: Training Loss: 1737.9493963068182		 Val Loss: 1945.60546875
             	Training MAE: 0.17242102324962616		 Val MAE: 0.1731371134519577
             	Algebraic dist: 8.814829046075994		 Val Algebraic dist: 11.156405639648437
             	RE1 dist: 85.28890158913352		 Val RE1 dist: 126.4759765625
             	SED dist: 3475.579900568182		 Val SED dist: 3890.89296875

Epoch 36/40000: Training Loss: 1703.8959517045455		 Val Loss: 1794.5984375
             	Training MAE: 0.17571322619915009		 Val MAE: 0.17555676400661469
             	Algebraic dist: 8.864094127308238		 Val Algebraic dist: 11.145767211914062
             	RE1 dist: 92.9319180575284		 Val RE1 dist: 127.5337646484375
             	SED dist: 3407.4641335227275		 Val SED dist: 3588.86875

Epoch 37/40000: Training Loss: 1687.461825284091		 Val Loss: 2043.94921875
             	Training MAE: 0.1775093525648117		 Val MAE: 0.175566628575325
             	Algebraic dist: 8.880164406516336		 Val Algebraic dist: 12.090280914306641
             	RE1 dist: 91.1118496981534		 Val RE1 dist: 155.82952880859375
             	SED dist: 3374.594815340909		 Val SED dist: 4087.580859375

Epoch 38/40000: Training Loss: 1629.7565696022727		 Val Loss: 2277.07734375
             	Training MAE: 0.17820926010608673		 Val MAE: 0.17700980603694916
             	Algebraic dist: 8.839466441761363		 Val Algebraic dist: 12.50623779296875
             	RE1 dist: 89.70627663352273		 Val RE1 dist: 140.17708740234374
             	SED dist: 3259.185724431818		 Val SED dist: 4553.83046875

Epoch 39/40000: Training Loss: 1661.6812855113637		 Val Loss: 2318.6328125
             	Training MAE: 0.178731307387352		 Val MAE: 0.1780061572790146
             	Algebraic dist: 8.344870827414773		 Val Algebraic dist: 11.848834228515624
             	RE1 dist: 73.09914328835227		 Val RE1 dist: 128.77623291015624
             	SED dist: 3323.0365767045455		 Val SED dist: 4636.9453125

Epoch 40/40000: Training Loss: 1713.282137784091		 Val Loss: 2110.5572265625
             	Training MAE: 0.18057775497436523		 Val MAE: 0.18019793927669525
             	Algebraic dist: 8.840647610751065		 Val Algebraic dist: 11.250444030761718
             	RE1 dist: 83.23034113103694		 Val RE1 dist: 128.4760009765625
             	SED dist: 3426.2368607954545		 Val SED dist: 4220.787109375

Epoch 41/40000: Training Loss: 1618.3103693181818		 Val Loss: 1808.1560546875
             	Training MAE: 0.18454940617084503		 Val MAE: 0.1818774789571762
             	Algebraic dist: 8.54734247381037		 Val Algebraic dist: 11.351338958740234
             	RE1 dist: 87.81693892045455		 Val RE1 dist: 141.7941162109375
             	SED dist: 3236.286221590909		 Val SED dist: 3615.982421875

Epoch 42/40000: Training Loss: 1665.223721590909		 Val Loss: 2121.491796875
             	Training MAE: 0.18384304642677307		 Val MAE: 0.18116378784179688
             	Algebraic dist: 8.721424449573863		 Val Algebraic dist: 11.509494018554687
             	RE1 dist: 87.30337246981534		 Val RE1 dist: 132.8576171875
             	SED dist: 3330.1186079545455		 Val SED dist: 4242.66328125

Epoch 43/40000: Training Loss: 1719.99609375		 Val Loss: 2220.849609375
             	Training MAE: 0.18488560616970062		 Val MAE: 0.18341131508350372
             	Algebraic dist: 8.685566295276988		 Val Algebraic dist: 11.508159637451172
             	RE1 dist: 81.46507679332386		 Val RE1 dist: 116.27572021484374
             	SED dist: 3439.6615767045455		 Val SED dist: 4441.366796875

Epoch 44/40000: Training Loss: 1706.8638139204545		 Val Loss: 2135.282421875
             	Training MAE: 0.1880541741847992		 Val MAE: 0.1844349056482315
             	Algebraic dist: 8.769101229580967		 Val Algebraic dist: 10.914606475830078
             	RE1 dist: 80.63104802911931		 Val RE1 dist: 111.71177978515625
             	SED dist: 3413.3870738636365		 Val SED dist: 4270.230859375

Epoch 45/40000: Training Loss: 1651.809481534091		 Val Loss: 1826.7642578125
             	Training MAE: 0.1897328495979309		 Val MAE: 0.1852291077375412
             	Algebraic dist: 8.478893626819957		 Val Algebraic dist: 10.801658630371094
             	RE1 dist: 84.70109419389205		 Val RE1 dist: 119.21697998046875
             	SED dist: 3303.2780539772725		 Val SED dist: 3653.1984375

Epoch 46/40000: Training Loss: 1560.6898082386363		 Val Loss: 2118.2888671875
             	Training MAE: 0.1901945173740387		 Val MAE: 0.18641385436058044
             	Algebraic dist: 8.122041875665838		 Val Algebraic dist: 11.760218048095703
             	RE1 dist: 83.14140181107955		 Val RE1 dist: 121.8866943359375
             	SED dist: 3121.04296875		 Val SED dist: 4236.25

Epoch 47/40000: Training Loss: 1648.3346946022727		 Val Loss: 2060.5763671875
             	Training MAE: 0.19420215487480164		 Val MAE: 0.19312405586242676
             	Algebraic dist: 8.45959542014382		 Val Algebraic dist: 11.779623413085938
             	RE1 dist: 81.73196133700284		 Val RE1 dist: 129.15869140625
             	SED dist: 3296.326349431818		 Val SED dist: 4120.81015625

Epoch 48/40000: Training Loss: 1668.5513139204545		 Val Loss: 1916.2328125
             	Training MAE: 0.198805034160614		 Val MAE: 0.19571354985237122
             	Algebraic dist: 8.41954872824929		 Val Algebraic dist: 10.272149658203125
             	RE1 dist: 88.31934703480114		 Val RE1 dist: 107.279052734375
             	SED dist: 3336.75		 Val SED dist: 3832.116796875

Epoch 49/40000: Training Loss: 1587.5179332386363		 Val Loss: 1894.397265625
             	Training MAE: 0.19909673929214478		 Val MAE: 0.19343478977680206
             	Algebraic dist: 8.184419111772018		 Val Algebraic dist: 10.555526733398438
             	RE1 dist: 83.82914595170455		 Val RE1 dist: 115.50826416015624
             	SED dist: 3174.685724431818		 Val SED dist: 3788.452734375

Epoch 50/40000: Training Loss: 1704.8684303977273		 Val Loss: 2048.6228515625
             	Training MAE: 0.19961459934711456		 Val MAE: 0.19295915961265564
             	Algebraic dist: 8.317642905495383		 Val Algebraic dist: 10.571912384033203
             	RE1 dist: 85.3498701615767		 Val RE1 dist: 105.9821533203125
             	SED dist: 3409.3870738636365		 Val SED dist: 4096.907421875

Epoch 51/40000: Training Loss: 1581.810546875		 Val Loss: 1966.7033203125
             	Training MAE: 0.20137308537960052		 Val MAE: 0.1957365721464157
             	Algebraic dist: 8.042132984508168		 Val Algebraic dist: 10.740287017822265
             	RE1 dist: 72.9912109375		 Val RE1 dist: 109.4632568359375
             	SED dist: 3163.266690340909		 Val SED dist: 3933.06171875

Epoch 52/40000: Training Loss: 1617.1049360795455		 Val Loss: 2212.5732421875
             	Training MAE: 0.20045405626296997		 Val MAE: 0.19281452894210815
             	Algebraic dist: 7.9722068093039775		 Val Algebraic dist: 11.225177001953124
             	RE1 dist: 76.27346524325284		 Val RE1 dist: 115.0296630859375
             	SED dist: 3233.8597301136365		 Val SED dist: 4424.810546875

Epoch 53/40000: Training Loss: 1584.712002840909		 Val Loss: 1958.0078125
             	Training MAE: 0.20318450033664703		 Val MAE: 0.20058941841125488
             	Algebraic dist: 7.904145674272017		 Val Algebraic dist: 10.697296905517579
             	RE1 dist: 73.22707297585227		 Val RE1 dist: 109.631787109375
             	SED dist: 3169.06640625		 Val SED dist: 3915.66171875

Epoch 54/40000: Training Loss: 1625.7102272727273		 Val Loss: 2161.2125
             	Training MAE: 0.20707769691944122		 Val MAE: 0.1994955837726593
             	Algebraic dist: 8.086529124866832		 Val Algebraic dist: 11.661875915527343
             	RE1 dist: 81.36269309303977		 Val RE1 dist: 139.59931640625
             	SED dist: 3251.0553977272725		 Val SED dist: 4322.07421875

Epoch 55/40000: Training Loss: 1561.7356178977273		 Val Loss: 2010.537890625
             	Training MAE: 0.20850807428359985		 Val MAE: 0.20177841186523438
             	Algebraic dist: 7.784287192604759		 Val Algebraic dist: 10.542601776123046
             	RE1 dist: 77.80260675603694		 Val RE1 dist: 108.5445556640625
             	SED dist: 3123.103338068182		 Val SED dist: 4020.720703125

Epoch 56/40000: Training Loss: 1505.978515625		 Val Loss: 1865.908203125
             	Training MAE: 0.20986226201057434		 Val MAE: 0.20870108902454376
             	Algebraic dist: 7.273929249156605		 Val Algebraic dist: 9.37096939086914
             	RE1 dist: 67.71019398082386		 Val RE1 dist: 88.31258544921874
             	SED dist: 3011.587002840909		 Val SED dist: 3731.446875

Epoch 57/40000: Training Loss: 1612.9831321022727		 Val Loss: 2115.8583984375
             	Training MAE: 0.21656757593154907		 Val MAE: 0.20641784369945526
             	Algebraic dist: 7.654801108620384		 Val Algebraic dist: 10.56957778930664
             	RE1 dist: 71.29507168856534		 Val RE1 dist: 109.5878173828125
             	SED dist: 3225.5806107954545		 Val SED dist: 4231.350390625

Epoch 58/40000: Training Loss: 1552.6203835227273		 Val Loss: 2181.6341796875
             	Training MAE: 0.2104075849056244		 Val MAE: 0.2073511928319931
             	Algebraic dist: 7.523968089710582		 Val Algebraic dist: 9.97322998046875
             	RE1 dist: 64.7814774946733		 Val RE1 dist: 94.6827392578125
             	SED dist: 3104.8696732954545		 Val SED dist: 4362.90234375

Epoch 59/40000: Training Loss: 1560.245028409091		 Val Loss: 1907.9296875
             	Training MAE: 0.21589772403240204		 Val MAE: 0.21174292266368866
             	Algebraic dist: 7.337477250532671		 Val Algebraic dist: 9.82754898071289
             	RE1 dist: 67.52834805575284		 Val RE1 dist: 100.45538940429688
             	SED dist: 3120.1058238636365		 Val SED dist: 3815.48515625

Epoch 60/40000: Training Loss: 1597.2778764204545		 Val Loss: 1918.01484375
             	Training MAE: 0.21739135682582855		 Val MAE: 0.21087545156478882
             	Algebraic dist: 7.429414922540838		 Val Algebraic dist: 9.634993743896484
             	RE1 dist: 70.29595947265625		 Val RE1 dist: 95.279833984375
             	SED dist: 3194.1704545454545		 Val SED dist: 3835.65625

Epoch 61/40000: Training Loss: 1685.7503551136363		 Val Loss: 2078.8703125
             	Training MAE: 0.2202901691198349		 Val MAE: 0.20839987695217133
             	Algebraic dist: 7.699121648615057		 Val Algebraic dist: 10.205158233642578
             	RE1 dist: 74.20831853693181		 Val RE1 dist: 108.80966796875
             	SED dist: 3371.107599431818		 Val SED dist: 4157.371875

Epoch 62/40000: Training Loss: 1507.5122514204545		 Val Loss: 1850.9537109375
             	Training MAE: 0.21666528284549713		 Val MAE: 0.21549810469150543
             	Algebraic dist: 6.950138438831676		 Val Algebraic dist: 9.030743408203126
             	RE1 dist: 56.43520285866477		 Val RE1 dist: 86.76500854492187
             	SED dist: 3014.6399147727275		 Val SED dist: 3701.525

Epoch 63/40000: Training Loss: 1563.0573508522727		 Val Loss: 2002.087109375
             	Training MAE: 0.2259010225534439		 Val MAE: 0.2161858081817627
             	Algebraic dist: 7.357743696732954		 Val Algebraic dist: 9.0818603515625
             	RE1 dist: 65.63038219105114		 Val RE1 dist: 81.86720581054688
             	SED dist: 3125.7105823863635		 Val SED dist: 4003.789453125

Epoch 64/40000: Training Loss: 1586.5667613636363		 Val Loss: 1974.5142578125
             	Training MAE: 0.2169732302427292		 Val MAE: 0.21525588631629944
             	Algebraic dist: 7.509660200639204		 Val Algebraic dist: 9.75355224609375
             	RE1 dist: 66.4780439897017		 Val RE1 dist: 95.31149291992188
             	SED dist: 3172.747869318182		 Val SED dist: 3948.645703125

Epoch 65/40000: Training Loss: 1557.2283380681818		 Val Loss: 1974.7427734375
             	Training MAE: 0.22382204234600067		 Val MAE: 0.2159072756767273
             	Algebraic dist: 6.865963328968395		 Val Algebraic dist: 10.006036376953125
             	RE1 dist: 59.89693381569602		 Val RE1 dist: 93.31420288085937
             	SED dist: 3114.0561079545455		 Val SED dist: 3949.10078125

Epoch 66/40000: Training Loss: 1652.7643821022727		 Val Loss: 1952.98984375
             	Training MAE: 0.2223770022392273		 Val MAE: 0.21522018313407898
             	Algebraic dist: 7.424208901145241		 Val Algebraic dist: 9.776435852050781
             	RE1 dist: 68.35117409446023		 Val RE1 dist: 91.94655151367188
             	SED dist: 3305.1313920454545		 Val SED dist: 3905.596484375

Epoch 67/40000: Training Loss: 1544.743252840909		 Val Loss: 2009.2771484375
             	Training MAE: 0.22994279861450195		 Val MAE: 0.22267109155654907
             	Algebraic dist: 6.480888366699219		 Val Algebraic dist: 9.467661285400391
             	RE1 dist: 56.64565762606534		 Val RE1 dist: 90.719482421875
             	SED dist: 3089.0717329545455		 Val SED dist: 4018.15390625

Epoch 68/40000: Training Loss: 1656.2027698863637		 Val Loss: 1888.7046875
             	Training MAE: 0.2248283177614212		 Val MAE: 0.22230489552021027
             	Algebraic dist: 7.283658114346591		 Val Algebraic dist: 8.935836029052734
             	RE1 dist: 66.10872580788352		 Val RE1 dist: 80.556787109375
             	SED dist: 3312.0014204545455		 Val SED dist: 3777.01171875

Epoch 69/40000: Training Loss: 1537.8785511363637		 Val Loss: 2080.86796875
             	Training MAE: 0.23523402214050293		 Val MAE: 0.2269652932882309
             	Algebraic dist: 6.46959755637429		 Val Algebraic dist: 8.970773315429687
             	RE1 dist: 53.3616776899858		 Val RE1 dist: 76.92544555664062
             	SED dist: 3075.329900568182		 Val SED dist: 4161.327734375

Epoch 70/40000: Training Loss: 1527.6754261363637		 Val Loss: 2115.3537109375
             	Training MAE: 0.23149588704109192		 Val MAE: 0.2233790010213852
             	Algebraic dist: 6.199427517977628		 Val Algebraic dist: 9.615354919433594
             	RE1 dist: 46.70621004971591		 Val RE1 dist: 85.34746704101562
             	SED dist: 3054.931818181818		 Val SED dist: 4230.305078125

Epoch 71/40000: Training Loss: 1515.174893465909		 Val Loss: 1993.003125
             	Training MAE: 0.22964604198932648		 Val MAE: 0.2258443981409073
             	Algebraic dist: 6.392857638272372		 Val Algebraic dist: 9.355648040771484
             	RE1 dist: 49.41566051136363		 Val RE1 dist: 86.25540161132812
             	SED dist: 3029.9339488636365		 Val SED dist: 3985.598828125

Epoch 72/40000: Training Loss: 1498.6645951704545		 Val Loss: 2156.5615234375
             	Training MAE: 0.23170313239097595		 Val MAE: 0.22418642044067383
             	Algebraic dist: 6.606745633212003		 Val Algebraic dist: 9.507557678222657
             	RE1 dist: 54.8315263227983		 Val RE1 dist: 84.24490966796876
             	SED dist: 2996.9087357954545		 Val SED dist: 4312.71796875

Epoch 73/40000: Training Loss: 1530.5213068181818		 Val Loss: 1898.822265625
             	Training MAE: 0.23310022056102753		 Val MAE: 0.22624899446964264
             	Algebraic dist: 6.269630432128906		 Val Algebraic dist: 8.95681381225586
             	RE1 dist: 46.99492853338068		 Val RE1 dist: 93.96719970703126
             	SED dist: 3060.618963068182		 Val SED dist: 3797.237890625

Epoch 74/40000: Training Loss: 1573.9939630681818		 Val Loss: 1907.803125
             	Training MAE: 0.23764286935329437		 Val MAE: 0.22709059715270996
             	Algebraic dist: 6.770642367276278		 Val Algebraic dist: 9.069971466064453
             	RE1 dist: 63.64580743963068		 Val RE1 dist: 92.94073486328125
             	SED dist: 3147.553622159091		 Val SED dist: 3815.194921875

Epoch 75/40000: Training Loss: 1609.487215909091		 Val Loss: 2010.0330078125
             	Training MAE: 0.23398898541927338		 Val MAE: 0.2277153879404068
             	Algebraic dist: 6.642945723100142		 Val Algebraic dist: 8.563589477539063
             	RE1 dist: 56.14731667258523		 Val RE1 dist: 71.41499633789063
             	SED dist: 3218.5475852272725		 Val SED dist: 4019.652734375

Epoch 76/40000: Training Loss: 1632.9300426136363		 Val Loss: 2333.372265625
             	Training MAE: 0.23144647479057312		 Val MAE: 0.22244510054588318
             	Algebraic dist: 6.305754921653054		 Val Algebraic dist: 9.051599884033203
             	RE1 dist: 44.165863037109375		 Val RE1 dist: 74.80983276367188
             	SED dist: 3265.439275568182		 Val SED dist: 4666.343359375

Epoch 77/40000: Training Loss: 1543.7484019886363		 Val Loss: 1976.5376953125
             	Training MAE: 0.2356376051902771		 Val MAE: 0.22949987649917603
             	Algebraic dist: 5.822690096768466		 Val Algebraic dist: 8.371110534667968
             	RE1 dist: 38.67997048117898		 Val RE1 dist: 68.07527465820313
             	SED dist: 3087.065340909091		 Val SED dist: 3952.6578125

Epoch 78/40000: Training Loss: 1446.0201526988637		 Val Loss: 1748.605859375
             	Training MAE: 0.2382427304983139		 Val MAE: 0.23530693352222443
             	Algebraic dist: 5.6806651028719815		 Val Algebraic dist: 7.5863037109375
             	RE1 dist: 41.5130448774858		 Val RE1 dist: 60.78427734375
             	SED dist: 2891.6003196022725		 Val SED dist: 3496.776953125

Epoch 79/40000: Training Loss: 1474.6734730113637		 Val Loss: 2010.4197265625
             	Training MAE: 0.2427922785282135		 Val MAE: 0.2339388132095337
             	Algebraic dist: 5.652088858864524		 Val Algebraic dist: 8.037752532958985
             	RE1 dist: 40.47209583629262		 Val RE1 dist: 66.8861328125
             	SED dist: 2948.8948863636365		 Val SED dist: 4020.40390625

Epoch 80/40000: Training Loss: 1479.6332563920455		 Val Loss: 1898.6396484375
             	Training MAE: 0.2389068752527237		 Val MAE: 0.23543374240398407
             	Algebraic dist: 5.633541107177734		 Val Algebraic dist: 7.992012023925781
             	RE1 dist: 40.06829279119318		 Val RE1 dist: 64.2477294921875
             	SED dist: 2958.822088068182		 Val SED dist: 3796.84140625

