Epoch 125/300: Training Loss: 0.2050643414258957		 Val Loss: 0.2593380928039551
	      Training MAE Angle: 0.34112849831581116		 Val MAE Angle: 0.39916210174560546
              Training MSE Angle: 0.17974552512168884		 Val MSE Angle: 0.23563361167907715
	      Training MAE Shift: 0.038160547614097595		 Val MAE Shift: 0.036353692412376404
              Training Euclidean Shift: 0.06031271442770958	 Val Euclidean Shift: 0.05696356892585754


Epoch 126/300: Training Loss: 0.20824210345745087		 Val Loss: 0.2542325258255005
	      Training MAE Angle: 0.3468979299068451		 Val MAE Angle: 0.3931159734725952
              Training MSE Angle: 0.18476547300815582		 Val MSE Angle: 0.2251997709274292
	      Training MAE Shift: 0.03611822426319122		 Val MAE Shift: 0.04068116247653961
              Training Euclidean Shift: 0.05672285333275795	 Val Euclidean Shift: 0.06423363089561462


Epoch 127/300: Training Loss: 0.21238300204277039		 Val Loss: 0.26277453899383546
	      Training MAE Angle: 0.3498511016368866		 Val MAE Angle: 0.39580502510070803
              Training MSE Angle: 0.18776877224445343		 Val MSE Angle: 0.23121061325073242
	      Training MAE Shift: 0.03795048967003822		 Val MAE Shift: 0.04103890955448151
              Training Euclidean Shift: 0.059974394738674164	 Val Euclidean Shift: 0.06462556719779969


Epoch 128/300: Training Loss: 0.19896438717842102		 Val Loss: 0.24638185501098633
	      Training MAE Angle: 0.3385351896286011		 Val MAE Angle: 0.3844922065734863
              Training MSE Angle: 0.17744572460651398		 Val MSE Angle: 0.22332546710968018
	      Training MAE Shift: 0.03526293858885765		 Val MAE Shift: 0.03575366735458374
              Training Euclidean Shift: 0.05557127296924591	 Val Euclidean Shift: 0.0563313901424408


Epoch 129/300: Training Loss: 0.21311135590076447		 Val Loss: 0.23116469383239746
	      Training MAE Angle: 0.349503755569458		 Val MAE Angle: 0.3762217044830322
              Training MSE Angle: 0.1890474408864975		 Val MSE Angle: 0.20663125514984132
	      Training MAE Shift: 0.03711951896548271		 Val MAE Shift: 0.03882462382316589
              Training Euclidean Shift: 0.05837792158126831	 Val Euclidean Shift: 0.060820722579956056


Epoch 130/300: Training Loss: 0.21362875401973724		 Val Loss: 0.21823532581329347
	      Training MAE Angle: 0.3503749370574951		 Val MAE Angle: 0.36527581214904786
              Training MSE Angle: 0.18861332535743713		 Val MSE Angle: 0.19181559085845948
	      Training MAE Shift: 0.03848673030734062		 Val MAE Shift: 0.037624230980873107
              Training Euclidean Shift: 0.06054127216339111	 Val Euclidean Shift: 0.059191268682479856


Epoch 131/300: Training Loss: 0.20289269089698792		 Val Loss: 0.276458740234375
	      Training MAE Angle: 0.34192919731140137		 Val MAE Angle: 0.40254483222961424
              Training MSE Angle: 0.1809859722852707		 Val MSE Angle: 0.24614489078521729
	      Training MAE Shift: 0.035065267235040665		 Val MAE Shift: 0.040519934892654416
              Training Euclidean Shift: 0.055028486996889114	 Val Euclidean Shift: 0.06329992413520813


Epoch 132/300: Training Loss: 0.21392007172107697		 Val Loss: 0.2765117883682251
	      Training MAE Angle: 0.3461163341999054		 Val MAE Angle: 0.40840516090393064
              Training MSE Angle: 0.18936093151569366		 Val MSE Angle: 0.2503044128417969
	      Training MAE Shift: 0.03687150776386261		 Val MAE Shift: 0.038661074638366696
              Training Euclidean Shift: 0.058037951588630676	 Val Euclidean Shift: 0.06100344657897949


Epoch 133/300: Training Loss: 0.21214888989925385		 Val Loss: 0.26786322593688966
	      Training MAE Angle: 0.349932461977005		 Val MAE Angle: 0.4053380012512207
              Training MSE Angle: 0.18937471508979797		 Val MSE Angle: 0.24632461071014405
	      Training MAE Shift: 0.03572012484073639		 Val MAE Shift: 0.035669189691543576
              Training Euclidean Shift: 0.05608256533741951	 Val Euclidean Shift: 0.056307411193847655


Epoch 134/300: Training Loss: 0.20548011362552643		 Val Loss: 0.23973605632781983
	      Training MAE Angle: 0.34055814146995544		 Val MAE Angle: 0.38742704391479493
              Training MSE Angle: 0.1804254949092865		 Val MSE Angle: 0.2067979097366333
	      Training MAE Shift: 0.035664621740579605		 Val MAE Shift: 0.04042491316795349
              Training Euclidean Shift: 0.056070342659950256	 Val Euclidean Shift: 0.06458019614219665


Epoch 135/300: Training Loss: 0.20512552559375763		 Val Loss: 0.27223131656646726
	      Training MAE Angle: 0.34059983491897583		 Val MAE Angle: 0.39374866485595705
              Training MSE Angle: 0.18154621124267578		 Val MSE Angle: 0.2305894136428833
	      Training MAE Shift: 0.036747269332408905		 Val MAE Shift: 0.05099078416824341
              Training Euclidean Shift: 0.05757874622941017	 Val Euclidean Shift: 0.0797629714012146


Epoch 136/300: Training Loss: 0.20546647906303406		 Val Loss: 0.24977755546569824
	      Training MAE Angle: 0.3386000692844391		 Val MAE Angle: 0.38954768180847166
              Training MSE Angle: 0.18185755610466003		 Val MSE Angle: 0.2256532907485962
	      Training MAE Shift: 0.03664656728506088		 Val MAE Shift: 0.03652442991733551
              Training Euclidean Shift: 0.05784496292471886	 Val Euclidean Shift: 0.0571647047996521


Epoch 137/300: Training Loss: 0.1964704692363739		 Val Loss: 0.24432704448699952
	      Training MAE Angle: 0.33662647008895874		 Val MAE Angle: 0.3752495050430298
              Training MSE Angle: 0.17401427030563354		 Val MSE Angle: 0.21378765106201172
	      Training MAE Shift: 0.036327529698610306		 Val MAE Shift: 0.042053744196891785
              Training Euclidean Shift: 0.056865863502025604	 Val Euclidean Shift: 0.06586666107177734


Epoch 138/300: Training Loss: 0.19970306754112244		 Val Loss: 0.23722615242004394
	      Training MAE Angle: 0.3385884165763855		 Val MAE Angle: 0.3829021692276001
              Training MSE Angle: 0.17817634344100952		 Val MSE Angle: 0.21063904762268065
	      Training MAE Shift: 0.034536704421043396		 Val MAE Shift: 0.036818236112594604
              Training Euclidean Shift: 0.054367613047361374	 Val Euclidean Shift: 0.05818936824798584


Epoch 139/300: Training Loss: 0.21034303307533264		 Val Loss: 0.2631714344024658
	      Training MAE Angle: 0.34336721897125244		 Val MAE Angle: 0.39357848167419435
              Training MSE Angle: 0.18461094796657562		 Val MSE Angle: 0.2324521064758301
	      Training MAE Shift: 0.03793289512395859		 Val MAE Shift: 0.042569658160209654
              Training Euclidean Shift: 0.05948299914598465	 Val Euclidean Shift: 0.06700034737586975


Epoch 140/300: Training Loss: 0.20811547338962555		 Val Loss: 0.24307563304901122
	      Training MAE Angle: 0.3455420136451721		 Val MAE Angle: 0.3716649055480957
              Training MSE Angle: 0.18378470838069916		 Val MSE Angle: 0.21722915172576904
	      Training MAE Shift: 0.03734835982322693		 Val MAE Shift: 0.03755753934383392
              Training Euclidean Shift: 0.05843792110681534	 Val Euclidean Shift: 0.059343749284744264


Epoch 141/300: Training Loss: 0.19593945145606995		 Val Loss: 0.22502005100250244
	      Training MAE Angle: 0.33260685205459595		 Val MAE Angle: 0.3573177337646484
              Training MSE Angle: 0.17407910525798798		 Val MSE Angle: 0.19918577671051024
	      Training MAE Shift: 0.03483161702752113		 Val MAE Shift: 0.039188265800476074
              Training Euclidean Shift: 0.054835014045238495	 Val Euclidean Shift: 0.06188480854034424


Epoch 142/300: Training Loss: 0.18718408048152924		 Val Loss: 0.2609226703643799
	      Training MAE Angle: 0.322602778673172		 Val MAE Angle: 0.39686193466186526
              Training MSE Angle: 0.16402313113212585		 Val MSE Angle: 0.23533258438110352
	      Training MAE Shift: 0.03558966889977455		 Val MAE Shift: 0.03820497691631317
              Training Euclidean Shift: 0.05600844696164131	 Val Euclidean Shift: 0.0603230357170105


Epoch 143/300: Training Loss: 0.19476452469825745		 Val Loss: 0.24411706924438475
	      Training MAE Angle: 0.33323416113853455		 Val MAE Angle: 0.368060827255249
              Training MSE Angle: 0.17197999358177185		 Val MSE Angle: 0.20913166999816896
	      Training MAE Shift: 0.035970285534858704		 Val MAE Shift: 0.04328241348266602
              Training Euclidean Shift: 0.05656052753329277	 Val Euclidean Shift: 0.06791512966156006


Epoch 144/300: Training Loss: 0.19195200502872467		 Val Loss: 0.21084487438201904
	      Training MAE Angle: 0.321611613035202		 Val MAE Angle: 0.35292370319366456
              Training MSE Angle: 0.16640353202819824		 Val MSE Angle: 0.18709900379180908
	      Training MAE Shift: 0.03771944344043732		 Val MAE Shift: 0.03594385385513306
              Training Euclidean Shift: 0.05945739522576332	 Val Euclidean Shift: 0.05650957822799683


Epoch 145/300: Training Loss: 0.20172780752182007		 Val Loss: 0.2246161460876465
	      Training MAE Angle: 0.33485978841781616		 Val MAE Angle: 0.3648703098297119
              Training MSE Angle: 0.17907746136188507		 Val MSE Angle: 0.20050411224365233
	      Training MAE Shift: 0.03595803305506706		 Val MAE Shift: 0.03863028585910797
              Training Euclidean Shift: 0.05681043490767479	 Val Euclidean Shift: 0.06074351668357849


Epoch 146/300: Training Loss: 0.19759733974933624		 Val Loss: 0.23639311790466308
	      Training MAE Angle: 0.3320392370223999		 Val MAE Angle: 0.3808042287826538
              Training MSE Angle: 0.1745232194662094		 Val MSE Angle: 0.21328904628753662
	      Training MAE Shift: 0.036636848002672195		 Val MAE Shift: 0.038741198182106015
              Training Euclidean Shift: 0.05740460753440857	 Val Euclidean Shift: 0.06088292598724365


Epoch 147/300: Training Loss: 0.2033252716064453		 Val Loss: 0.24953556060791016
	      Training MAE Angle: 0.3364589810371399		 Val MAE Angle: 0.383903431892395
              Training MSE Angle: 0.1800517588853836		 Val MSE Angle: 0.225052547454834
	      Training MAE Shift: 0.03624962642788887		 Val MAE Shift: 0.03883782923221588
              Training Euclidean Shift: 0.05694076046347618	 Val Euclidean Shift: 0.061373782157897946


Epoch 148/300: Training Loss: 0.20089152455329895		 Val Loss: 0.24649622440338134
	      Training MAE Angle: 0.33237653970718384		 Val MAE Angle: 0.38079946041107177
              Training MSE Angle: 0.17742927372455597		 Val MSE Angle: 0.2204371929168701
	      Training MAE Shift: 0.036034613847732544		 Val MAE Shift: 0.036893004179000856
              Training Euclidean Shift: 0.05672566592693329	 Val Euclidean Shift: 0.05805162191390991


Epoch 149/300: Training Loss: 0.20014603435993195		 Val Loss: 0.24151861667633057
	      Training MAE Angle: 0.3339763879776001		 Val MAE Angle: 0.37113156318664553
              Training MSE Angle: 0.17672808468341827		 Val MSE Angle: 0.21122615337371825
	      Training MAE Shift: 0.03649773821234703		 Val MAE Shift: 0.04058800041675568
              Training Euclidean Shift: 0.05753288418054581	 Val Euclidean Shift: 0.06412829160690307


Epoch 150/300: Training Loss: 0.1973700225353241		 Val Loss: 0.2421416759490967
	      Training MAE Angle: 0.3323354721069336		 Val MAE Angle: 0.37855982780456543
              Training MSE Angle: 0.17475298047065735		 Val MSE Angle: 0.21938662528991698
	      Training MAE Shift: 0.0364595390856266		 Val MAE Shift: 0.036967983841896056
              Training Euclidean Shift: 0.057099636644124985	 Val Euclidean Shift: 0.05796250104904175


Epoch 151/300: Training Loss: 0.1924854964017868		 Val Loss: 0.20485305786132812
	      Training MAE Angle: 0.32937783002853394		 Val MAE Angle: 0.35988004207611085
              Training MSE Angle: 0.1709057092666626		 Val MSE Angle: 0.18613392114639282
	      Training MAE Shift: 0.03416358679533005		 Val MAE Shift: 0.03388151824474335
              Training Euclidean Shift: 0.05373390018939972	 Val Euclidean Shift: 0.053591054677963254


Epoch 152/300: Training Loss: 0.1939144730567932		 Val Loss: 0.21826574802398682
	      Training MAE Angle: 0.3279070556163788		 Val MAE Angle: 0.36144027709960935
              Training MSE Angle: 0.17207551002502441		 Val MSE Angle: 0.19384796619415284
	      Training MAE Shift: 0.03495349735021591		 Val MAE Shift: 0.036609947681427
              Training Euclidean Shift: 0.05522982403635979	 Val Euclidean Shift: 0.05786720514297485


Epoch 153/300: Training Loss: 0.19950862228870392		 Val Loss: 0.2644655227661133
	      Training MAE Angle: 0.3339519798755646		 Val MAE Angle: 0.39227755069732667
              Training MSE Angle: 0.17700150609016418		 Val MSE Angle: 0.23438796997070313
	      Training MAE Shift: 0.035982899367809296		 Val MAE Shift: 0.03734219372272492
              Training Euclidean Shift: 0.05636913329362869	 Val Euclidean Shift: 0.05897988080978393


Epoch 154/300: Training Loss: 0.1976034790277481		 Val Loss: 0.22179954051971434
	      Training MAE Angle: 0.32869628071784973		 Val MAE Angle: 0.3599764347076416
              Training MSE Angle: 0.17573776841163635		 Val MSE Angle: 0.1976788282394409
	      Training MAE Shift: 0.035324592143297195		 Val MAE Shift: 0.03848728239536285
              Training Euclidean Shift: 0.05562349781394005	 Val Euclidean Shift: 0.05967422723770142


Epoch 155/300: Training Loss: 0.2098514586687088		 Val Loss: 0.30573453903198244
	      Training MAE Angle: 0.342662513256073		 Val MAE Angle: 0.4270621776580811
              Training MSE Angle: 0.18690970540046692		 Val MSE Angle: 0.28235626220703125
	      Training MAE Shift: 0.03526969999074936		 Val MAE Shift: 0.03761038780212402
              Training Euclidean Shift: 0.05544828251004219	 Val Euclidean Shift: 0.058857578039169314


Epoch 156/300: Training Loss: 0.20206518471240997		 Val Loss: 0.21560401916503907
	      Training MAE Angle: 0.33621567487716675		 Val MAE Angle: 0.3612776041030884
              Training MSE Angle: 0.1783093959093094		 Val MSE Angle: 0.19519646167755128
	      Training MAE Shift: 0.03713993728160858		 Val MAE Shift: 0.03344925343990326
              Training Euclidean Shift: 0.05839789658784866	 Val Euclidean Shift: 0.05284634232521057


Epoch 157/300: Training Loss: 0.19518667459487915		 Val Loss: 0.2234666109085083
	      Training MAE Angle: 0.3290017545223236		 Val MAE Angle: 0.3681627750396729
              Training MSE Angle: 0.17162419855594635		 Val MSE Angle: 0.19463615417480468
	      Training MAE Shift: 0.03720160201191902		 Val MAE Shift: 0.04198791980743408
              Training Euclidean Shift: 0.05811166763305664	 Val Euclidean Shift: 0.06636817455291748


Epoch 158/300: Training Loss: 0.2019222527742386		 Val Loss: 0.2385185480117798
	      Training MAE Angle: 0.3368948698043823		 Val MAE Angle: 0.366770601272583
              Training MSE Angle: 0.1799573302268982		 Val MSE Angle: 0.21104998588562013
	      Training MAE Shift: 0.03482382744550705		 Val MAE Shift: 0.038816902041435244
              Training Euclidean Shift: 0.05481074005365372	 Val Euclidean Shift: 0.06125776767730713


Epoch 159/300: Training Loss: 0.188773050904274		 Val Loss: 0.2459456205368042
	      Training MAE Angle: 0.32432132959365845		 Val MAE Angle: 0.37966094017028806
              Training MSE Angle: 0.16743998229503632		 Val MSE Angle: 0.21806530952453612
	      Training MAE Shift: 0.035111598670482635		 Val MAE Shift: 0.038136905431747435
              Training Euclidean Shift: 0.055336400866508484	 Val Euclidean Shift: 0.06050620079040527


Epoch 160/300: Training Loss: 0.19406595826148987		 Val Loss: 0.25512168407440183
	      Training MAE Angle: 0.3310515582561493		 Val MAE Angle: 0.37706828117370605
              Training MSE Angle: 0.17183487117290497		 Val MSE Angle: 0.2313908576965332
	      Training MAE Shift: 0.03503307327628136		 Val MAE Shift: 0.034844386577606204
              Training Euclidean Shift: 0.055235326290130615	 Val Euclidean Shift: 0.05513315200805664


Epoch 161/300: Training Loss: 0.1896931231021881		 Val Loss: 0.22312233448028565
	      Training MAE Angle: 0.32230719923973083		 Val MAE Angle: 0.37322139739990234
              Training MSE Angle: 0.16852685809135437		 Val MSE Angle: 0.20259902477264405
	      Training MAE Shift: 0.035055480897426605		 Val MAE Shift: 0.03385803699493408
              Training Euclidean Shift: 0.05520536005496979	 Val Euclidean Shift: 0.05345439314842224


Epoch 162/300: Training Loss: 0.19011804461479187		 Val Loss: 0.20814807415008546
	      Training MAE Angle: 0.32385578751564026		 Val MAE Angle: 0.35739171504974365
              Training MSE Angle: 0.16669140756130219		 Val MSE Angle: 0.18458762168884277
	      Training MAE Shift: 0.035499218851327896		 Val MAE Shift: 0.036240112781524655
              Training Euclidean Shift: 0.055707868188619614	 Val Euclidean Shift: 0.05673938989639282
