###########################################################################################################################################################

                         learning rate: 0.0001,  mlp_hidden_sizes: [1024, 512], batch_size: 2, norm: True, alpha: 1, avg embeddings: True, 
                        crop: 224 resize: 256, use conv: False pretrained: None, seed: 42, angle range: 90, shift range: 100, 
                        train length: 1024, val length: 160, test length: 160, get old path: False


Epoch 1/50: Training Loss: 0.4856325089931488		 Val Loss: 0.43686771392822266
            Training MAE Shift: 0.29436030983924866		 Val MAE Shift: 0.18091918230056764
            Training Euclidean Shift: 0.45362937450408936		 Val Euclidean Shift: 0.2777079105377197
            Training MAE Angle: 0.4926236867904663		 Val MAE Angle: 0.542534065246582
            Training MSE Angle: 0.3353522717952728		 Val MSE Angle: 0.3815915107727051

Epoch 2/50: Training Loss: 0.35734060406684875		 Val Loss: 0.33103902339935304
            Training MAE Shift: 0.11408860236406326		 Val MAE Shift: 0.09307479262351989
            Training Euclidean Shift: 0.17790795862674713		 Val Euclidean Shift: 0.14452362060546875
            Training MAE Angle: 0.5015151500701904		 Val MAE Angle: 0.4891011714935303
            Training MSE Angle: 0.3334095776081085		 Val MSE Angle: 0.3134236097335815

Epoch 3/50: Training Loss: 0.35217827558517456		 Val Loss: 0.3720593214035034
            Training MAE Shift: 0.10771025717258453		 Val MAE Shift: 0.10849497318267823
            Training Euclidean Shift: 0.16874417662620544		 Val Euclidean Shift: 0.16807433366775512
            Training MAE Angle: 0.5010737180709839		 Val MAE Angle: 0.5321407794952393
            Training MSE Angle: 0.3310619294643402		 Val MSE Angle: 0.3486652851104736

Epoch 4/50: Training Loss: 0.3411135673522949		 Val Loss: 0.32120437622070314
            Training MAE Shift: 0.09768138825893402		 Val MAE Shift: 0.08468180298805236
            Training Euclidean Shift: 0.15361732244491577		 Val Euclidean Shift: 0.13228898048400878
            Training MAE Angle: 0.4933869540691376		 Val MAE Angle: 0.48206586837768556
            Training MSE Angle: 0.3227456212043762		 Val MSE Angle: 0.3098773956298828

Epoch 5/50: Training Loss: 0.3660409450531006		 Val Loss: 0.3372758388519287
            Training MAE Shift: 0.14150060713291168		 Val MAE Shift: 0.13570539951324462
            Training Euclidean Shift: 0.22204257547855377		 Val Euclidean Shift: 0.21313188076019288
            Training MAE Angle: 0.49689313769340515		 Val MAE Angle: 0.46782803535461426
            Training MSE Angle: 0.32667914032936096		 Val MSE Angle: 0.30484464168548586

Epoch 6/50: Training Loss: 0.32836902141571045		 Val Loss: 0.4234170436859131
            Training MAE Shift: 0.1079973503947258		 Val MAE Shift: 0.09724394679069519
            Training Euclidean Shift: 0.169539213180542		 Val Euclidean Shift: 0.15615757703781127
            Training MAE Angle: 0.47623398900032043		 Val MAE Angle: 0.5639218330383301
            Training MSE Angle: 0.305345356464386		 Val MSE Angle: 0.4066072940826416

Epoch 7/50: Training Loss: 0.3405700623989105		 Val Loss: 0.3138601541519165
            Training MAE Shift: 0.10344856232404709		 Val MAE Shift: 0.08518026471138
            Training Euclidean Shift: 0.1626914143562317		 Val Euclidean Shift: 0.13250547647476196
            Training MAE Angle: 0.48541516065597534		 Val MAE Angle: 0.4823628902435303
            Training MSE Angle: 0.32099100947380066		 Val MSE Angle: 0.30095102787017824

Epoch 8/50: Training Loss: 0.307044118642807		 Val Loss: 0.2587458610534668
            Training MAE Shift: 0.0891939029097557		 Val MAE Shift: 0.06871019005775451
            Training Euclidean Shift: 0.13954053819179535		 Val Euclidean Shift: 0.10775758028030395
            Training MAE Angle: 0.46407443284988403		 Val MAE Angle: 0.42842898368835447
            Training MSE Angle: 0.29288387298583984		 Val MSE Angle: 0.25095114707946775

Epoch 9/50: Training Loss: 0.31583720445632935		 Val Loss: 0.25390188694000243
            Training MAE Shift: 0.11937977373600006		 Val MAE Shift: 0.11102809906005859
            Training Euclidean Shift: 0.18649524450302124		 Val Euclidean Shift: 0.17254142761230468
            Training MAE Angle: 0.4635632038116455		 Val MAE Angle: 0.4138632297515869
            Training MSE Angle: 0.28912943601608276		 Val MSE Angle: 0.23376455307006835

Epoch 10/50: Training Loss: 0.29557591676712036		 Val Loss: 0.26799845695495605
            Training MAE Shift: 0.10323265194892883		 Val MAE Shift: 0.09266091585159301
            Training Euclidean Shift: 0.16060158610343933		 Val Euclidean Shift: 0.1474452495574951
            Training MAE Angle: 0.4474054276943207		 Val MAE Angle: 0.4232185840606689
            Training MSE Angle: 0.2765854597091675		 Val MSE Angle: 0.25386340618133546

Epoch 11/50: Training Loss: 0.262443870306015		 Val Loss: 0.3026066064834595
            Training MAE Shift: 0.09656083583831787		 Val MAE Shift: 0.0894382655620575
            Training Euclidean Shift: 0.15200547873973846		 Val Euclidean Shift: 0.14112025499343872
            Training MAE Angle: 0.4106968641281128		 Val MAE Angle: 0.4586601257324219
            Training MSE Angle: 0.24580800533294678		 Val MSE Angle: 0.28811376094818114

Epoch 12/50: Training Loss: 0.25247010588645935		 Val Loss: 0.24249444007873536
            Training MAE Shift: 0.09496167302131653		 Val MAE Shift: 0.10909475088119507
            Training Euclidean Shift: 0.14961926639080048		 Val Euclidean Shift: 0.1677308201789856
            Training MAE Angle: 0.4015108048915863		 Val MAE Angle: 0.3931069850921631
            Training MSE Angle: 0.2362436056137085		 Val MSE Angle: 0.2235851764678955

Epoch 13/50: Training Loss: 0.2147844135761261		 Val Loss: 0.23624141216278077
            Training MAE Shift: 0.08625710755586624		 Val MAE Shift: 0.07712350487709045
            Training Euclidean Shift: 0.13546191155910492		 Val Euclidean Shift: 0.1203620433807373
            Training MAE Angle: 0.36795341968536377		 Val MAE Angle: 0.39274964332580564
            Training MSE Angle: 0.20210906863212585		 Val MSE Angle: 0.22602083683013915

Epoch 14/50: Training Loss: 0.238266721367836		 Val Loss: 0.21728570461273194
            Training MAE Shift: 0.09073074907064438		 Val MAE Shift: 0.08488259315490723
            Training Euclidean Shift: 0.14249490201473236		 Val Euclidean Shift: 0.1322592616081238
            Training MAE Angle: 0.3876314163208008		 Val MAE Angle: 0.37338957786560056
            Training MSE Angle: 0.22324830293655396		 Val MSE Angle: 0.20510787963867189

Epoch 15/50: Training Loss: 0.2187250405550003		 Val Loss: 0.17776230573654175
            Training MAE Shift: 0.09404773265123367		 Val MAE Shift: 0.0833607256412506
            Training Euclidean Shift: 0.14723646640777588		 Val Euclidean Shift: 0.1313388705253601
            Training MAE Angle: 0.36703619360923767		 Val MAE Angle: 0.3462933778762817
            Training MSE Angle: 0.20260874927043915		 Val MSE Angle: 0.16664628982543944

Epoch 16/50: Training Loss: 0.2363627851009369		 Val Loss: 0.1768521785736084
            Training MAE Shift: 0.10989156365394592		 Val MAE Shift: 0.08401118516921997
            Training Euclidean Shift: 0.171096533536911		 Val Euclidean Shift: 0.13257192373275756
            Training MAE Angle: 0.3769359886646271		 Val MAE Angle: 0.33043341636657714
            Training MSE Angle: 0.21151083707809448		 Val MSE Angle: 0.16435165405273439

Epoch 17/50: Training Loss: 0.23287537693977356		 Val Loss: 0.22904512882232667
            Training MAE Shift: 0.1081567034125328		 Val MAE Shift: 0.08180288076400757
            Training Euclidean Shift: 0.1686769723892212		 Val Euclidean Shift: 0.12880595922470092
            Training MAE Angle: 0.3697347342967987		 Val MAE Angle: 0.36955220699310304
            Training MSE Angle: 0.2113790065050125		 Val MSE Angle: 0.2172208309173584

Epoch 18/50: Training Loss: 0.21108226478099823		 Val Loss: 0.19698399305343628
            Training MAE Shift: 0.08386121690273285		 Val MAE Shift: 0.0754163146018982
            Training Euclidean Shift: 0.13162079453468323		 Val Euclidean Shift: 0.11815711259841918
            Training MAE Angle: 0.3569903075695038		 Val MAE Angle: 0.3523865699768066
            Training MSE Angle: 0.19826458394527435		 Val MSE Angle: 0.18729399442672728

Epoch 19/50: Training Loss: 0.26637518405914307		 Val Loss: 0.2878696918487549
            Training MAE Shift: 0.14999599754810333		 Val MAE Shift: 0.08608736395835877
            Training Euclidean Shift: 0.23315370082855225		 Val Euclidean Shift: 0.13816810846328736
            Training MAE Angle: 0.38464805483818054		 Val MAE Angle: 0.4516103267669678
            Training MSE Angle: 0.22066660225391388		 Val MSE Angle: 0.2739577293395996

Epoch 20/50: Training Loss: 0.2108267992734909		 Val Loss: 0.18842967748641967
            Training MAE Shift: 0.0949549674987793		 Val MAE Shift: 0.08496162295341492
            Training Euclidean Shift: 0.14932376146316528		 Val Euclidean Shift: 0.13346214294433595
            Training MAE Angle: 0.3579862117767334		 Val MAE Angle: 0.35245232582092284
            Training MSE Angle: 0.1949644684791565		 Val MSE Angle: 0.17628127336502075

Epoch 21/50: Training Loss: 0.2499563843011856		 Val Loss: 0.2000194549560547
            Training MAE Shift: 0.14232884347438812		 Val MAE Shift: 0.08423437476158142
            Training Euclidean Shift: 0.22267256677150726		 Val Euclidean Shift: 0.13246408700942994
            Training MAE Angle: 0.3695032298564911		 Val MAE Angle: 0.36608545780181884
            Training MSE Angle: 0.20850136876106262		 Val MSE Angle: 0.18786797523498536

Epoch 22/50: Training Loss: 0.19731256365776062		 Val Loss: 0.19081640243530273
            Training MAE Shift: 0.09315932542085648		 Val MAE Shift: 0.08611982464790344
            Training Euclidean Shift: 0.14585939049720764		 Val Euclidean Shift: 0.13759820461273192
            Training MAE Angle: 0.34274575114250183		 Val MAE Angle: 0.34811880588531496
            Training MSE Angle: 0.18231770396232605		 Val MSE Angle: 0.17754777669906616

Epoch 23/50: Training Loss: 0.18118144571781158		 Val Loss: 0.23828842639923095
            Training MAE Shift: 0.08558708429336548		 Val MAE Shift: 0.07354241609573364
            Training Euclidean Shift: 0.13451088964939117		 Val Euclidean Shift: 0.1158296823501587
            Training MAE Angle: 0.3251749575138092		 Val MAE Angle: 0.38205418586730955
            Training MSE Angle: 0.1685696393251419		 Val MSE Angle: 0.22907748222351074

Epoch 24/50: Training Loss: 0.1755061000585556		 Val Loss: 0.20323681831359863
            Training MAE Shift: 0.08467850834131241		 Val MAE Shift: 0.1282619833946228
            Training Euclidean Shift: 0.13217498362064362		 Val Euclidean Shift: 0.19765522480010986
            Training MAE Angle: 0.32237809896469116		 Val MAE Angle: 0.3393015146255493
            Training MSE Angle: 0.16185566782951355		 Val MSE Angle: 0.17030870914459229

Epoch 25/50: Training Loss: 0.1725860834121704		 Val Loss: 0.16687039136886597
            Training MAE Shift: 0.09278813749551773		 Val MAE Shift: 0.09713577032089234
            Training Euclidean Shift: 0.14566662907600403		 Val Euclidean Shift: 0.14997175931930543
            Training MAE Angle: 0.3174656629562378		 Val MAE Angle: 0.3162726879119873
            Training MSE Angle: 0.15707312524318695		 Val MSE Angle: 0.15155056715011597

Epoch 26/50: Training Loss: 0.17054300010204315		 Val Loss: 0.17750393152236937
            Training MAE Shift: 0.08431702107191086		 Val MAE Shift: 0.07388421297073364
            Training Euclidean Shift: 0.1307654082775116		 Val Euclidean Shift: 0.11606976985931397
            Training MAE Angle: 0.3086724281311035		 Val MAE Angle: 0.3175018548965454
            Training MSE Angle: 0.15841571986675262		 Val MSE Angle: 0.16691100597381592

Epoch 27/50: Training Loss: 0.1875421404838562		 Val Loss: 0.17505896091461182
            Training MAE Shift: 0.09949082136154175		 Val MAE Shift: 0.08373279571533203
            Training Euclidean Shift: 0.15661630034446716		 Val Euclidean Shift: 0.1322370648384094
            Training MAE Angle: 0.3282676339149475		 Val MAE Angle: 0.31606504917144773
            Training MSE Angle: 0.16944853961467743		 Val MSE Angle: 0.16169211864471436

Epoch 28/50: Training Loss: 0.17532815039157867		 Val Loss: 0.1710202693939209
            Training MAE Shift: 0.08531254529953003		 Val MAE Shift: 0.08673118948936462
            Training Euclidean Shift: 0.1335676610469818		 Val Euclidean Shift: 0.13742076158523558
            Training MAE Angle: 0.32020992040634155		 Val MAE Angle: 0.31621904373168946
            Training MSE Angle: 0.16146963834762573		 Val MSE Angle: 0.15521856546401977

Epoch 29/50: Training Loss: 0.18522869050502777		 Val Loss: 0.18406879901885986
            Training MAE Shift: 0.1043386459350586		 Val MAE Shift: 0.08702329993247986
            Training Euclidean Shift: 0.16227953135967255		 Val Euclidean Shift: 0.13492295742034913
            Training MAE Angle: 0.319274365901947		 Val MAE Angle: 0.3283477783203125
            Training MSE Angle: 0.1646280437707901		 Val MSE Angle: 0.171431827545166

Epoch 30/50: Training Loss: 0.1536644846200943		 Val Loss: 0.153483247756958
            Training MAE Shift: 0.07959648966789246		 Val MAE Shift: 0.08826106786727905
            Training Euclidean Shift: 0.12557952105998993		 Val Euclidean Shift: 0.1378955841064453
            Training MAE Angle: 0.29976731538772583		 Val MAE Angle: 0.29474406242370604
            Training MSE Angle: 0.14276140928268433		 Val MSE Angle: 0.139291250705719

Epoch 31/50: Training Loss: 0.16638842225074768		 Val Loss: 0.18820561170578004
            Training MAE Shift: 0.08420808613300323		 Val MAE Shift: 0.07607870697975158
            Training Euclidean Shift: 0.13168306648731232		 Val Euclidean Shift: 0.12094545364379883
            Training MAE Angle: 0.30306923389434814		 Val MAE Angle: 0.3310826301574707
            Training MSE Angle: 0.15396396815776825		 Val MSE Angle: 0.1783907413482666

Epoch 32/50: Training Loss: 0.16801024973392487		 Val Loss: 0.12351069450378419
            Training MAE Shift: 0.07204761356115341		 Val MAE Shift: 0.08304371237754822
            Training Euclidean Shift: 0.11303526163101196		 Val Euclidean Shift: 0.13109173774719238
            Training MAE Angle: 0.3079931437969208		 Val MAE Angle: 0.2734683990478516
            Training MSE Angle: 0.1589808315038681		 Val MSE Angle: 0.11210885047912597

Epoch 33/50: Training Loss: 0.1491958200931549		 Val Loss: 0.17447710037231445
            Training MAE Shift: 0.07455087453126907		 Val MAE Shift: 0.07317849397659301
            Training Euclidean Shift: 0.11675795167684555		 Val Euclidean Shift: 0.11578106880187988
            Training MAE Angle: 0.29193246364593506		 Val MAE Angle: 0.32843210697174074
            Training MSE Angle: 0.1397664099931717		 Val MSE Angle: 0.16538166999816895

Epoch 34/50: Training Loss: 0.16320562362670898		 Val Loss: 0.19706828594207765
            Training MAE Shift: 0.09812169522047043		 Val MAE Shift: 0.1256176710128784
            Training Euclidean Shift: 0.1539328545331955		 Val Euclidean Shift: 0.19722386598587036
            Training MAE Angle: 0.2944405972957611		 Val MAE Angle: 0.3273448944091797
            Training MSE Angle: 0.14244143664836884		 Val MSE Angle: 0.1665924906730652

Epoch 35/50: Training Loss: 0.22524812817573547		 Val Loss: 0.1943674325942993
            Training MAE Shift: 0.126134991645813		 Val MAE Shift: 0.09827327728271484
            Training Euclidean Shift: 0.19550177454948425		 Val Euclidean Shift: 0.157512629032135
            Training MAE Angle: 0.35138338804244995		 Val MAE Angle: 0.33989295959472654
            Training MSE Angle: 0.19487202167510986		 Val MSE Angle: 0.17583004236221314

Epoch 36/50: Training Loss: 0.17326824367046356		 Val Loss: 0.1674862504005432
            Training MAE Shift: 0.09954427927732468		 Val MAE Shift: 0.08677759170532226
            Training Euclidean Shift: 0.1563006341457367		 Val Euclidean Shift: 0.13517944812774657
            Training MAE Angle: 0.30788537859916687		 Val MAE Angle: 0.314230751991272
            Training MSE Angle: 0.15458109974861145		 Val MSE Angle: 0.1547616958618164

Epoch 37/50: Training Loss: 0.16163165867328644		 Val Loss: 0.15220677852630615
            Training MAE Shift: 0.0863991528749466		 Val MAE Shift: 0.07924196124076843
            Training Euclidean Shift: 0.13468417525291443		 Val Euclidean Shift: 0.12579463720321654
            Training MAE Angle: 0.30501386523246765		 Val MAE Angle: 0.3001035213470459
            Training MSE Angle: 0.14895223081111908		 Val MSE Angle: 0.14038244485855103

Epoch 38/50: Training Loss: 0.1525883972644806		 Val Loss: 0.1491766929626465
            Training MAE Shift: 0.08483138680458069		 Val MAE Shift: 0.08619811534881591
            Training Euclidean Shift: 0.13193246722221375		 Val Euclidean Shift: 0.13446080684661865
            Training MAE Angle: 0.2896919548511505		 Val MAE Angle: 0.29747178554534914
            Training MSE Angle: 0.13974115252494812		 Val MSE Angle: 0.13657374382019044

Epoch 39/50: Training Loss: 0.1590767204761505		 Val Loss: 0.1633942723274231
            Training MAE Shift: 0.08464428782463074		 Val MAE Shift: 0.08365898132324219
            Training Euclidean Shift: 0.1317238211631775		 Val Euclidean Shift: 0.1289703369140625
            Training MAE Angle: 0.29857349395751953		 Val MAE Angle: 0.3089516401290894
            Training MSE Angle: 0.1469755619764328		 Val MSE Angle: 0.15196033716201782

Epoch 40/50: Training Loss: 0.15374240279197693		 Val Loss: 0.20470547676086426
            Training MAE Shift: 0.0824737474322319		 Val MAE Shift: 0.08654005527496338
            Training Euclidean Shift: 0.12931647896766663		 Val Euclidean Shift: 0.13386532068252563
            Training MAE Angle: 0.2937236726284027		 Val MAE Angle: 0.3370337009429932
            Training MSE Angle: 0.14184686541557312		 Val MSE Angle: 0.18588573932647706

Epoch 41/50: Training Loss: 0.15407449007034302		 Val Loss: 0.16888976097106934
            Training MAE Shift: 0.09405747056007385		 Val MAE Shift: 0.09175289273262024
            Training Euclidean Shift: 0.1467447578907013		 Val Euclidean Shift: 0.14596012830734253
            Training MAE Angle: 0.28590676188468933		 Val MAE Angle: 0.29273388385772703
            Training MSE Angle: 0.13645192980766296		 Val MSE Angle: 0.15439146757125854

Epoch 42/50: Training Loss: 0.14640755951404572		 Val Loss: 0.16921625137329102
            Training MAE Shift: 0.07998383790254593		 Val MAE Shift: 0.09119427800178528
            Training Euclidean Shift: 0.12557873129844666		 Val Euclidean Shift: 0.14213253259658815
            Training MAE Angle: 0.28116166591644287		 Val MAE Angle: 0.29997122287750244
            Training MSE Angle: 0.13528087735176086		 Val MSE Angle: 0.15469560623168946

Epoch 43/50: Training Loss: 0.2598525285720825		 Val Loss: 0.140109646320343
            Training MAE Shift: 0.166822612285614		 Val MAE Shift: 0.10275384187698364
            Training Euclidean Shift: 0.25834763050079346		 Val Euclidean Shift: 0.1603797197341919
            Training MAE Angle: 0.35124409198760986		 Val MAE Angle: 0.27703585624694826
            Training MSE Angle: 0.1973230242729187		 Val MSE Angle: 0.12272127866744995

Epoch 44/50: Training Loss: 0.18283790349960327		 Val Loss: 0.1716656804084778
            Training MAE Shift: 0.11194149404764175		 Val MAE Shift: 0.10262725353240967
            Training Euclidean Shift: 0.17493177950382233		 Val Euclidean Shift: 0.1625044584274292
            Training MAE Angle: 0.3173826336860657		 Val MAE Angle: 0.302397632598877
            Training MSE Angle: 0.16056564450263977		 Val MSE Angle: 0.1511612892150879

Epoch 45/50: Training Loss: 0.16284795105457306		 Val Loss: 0.16516467332839965
            Training MAE Shift: 0.10347869992256165		 Val MAE Shift: 0.07786989212036133
            Training Euclidean Shift: 0.16219858825206757		 Val Euclidean Shift: 0.12160224914550781
            Training MAE Angle: 0.2949136793613434		 Val MAE Angle: 0.31612257957458495
            Training MSE Angle: 0.14362744987010956		 Val MSE Angle: 0.1552690625190735

Epoch 46/50: Training Loss: 0.15076833963394165		 Val Loss: 0.15542137622833252
            Training MAE Shift: 0.09031092375516891		 Val MAE Shift: 0.07793353796005249
            Training Euclidean Shift: 0.141635924577713		 Val Euclidean Shift: 0.12232964038848877
            Training MAE Angle: 0.28752124309539795		 Val MAE Angle: 0.3018906593322754
            Training MSE Angle: 0.13682571053504944		 Val MSE Angle: 0.14497228860855102

Epoch 47/50: Training Loss: 0.154469832777977		 Val Loss: 0.1579529047012329
            Training MAE Shift: 0.08573765307664871		 Val MAE Shift: 0.07630901932716369
            Training Euclidean Shift: 0.1349138617515564		 Val Euclidean Shift: 0.11939301490783691
            Training MAE Angle: 0.291763037443161		 Val MAE Angle: 0.3015351057052612
            Training MSE Angle: 0.14181554317474365		 Val MSE Angle: 0.1480880618095398

Epoch 48/50: Training Loss: nan		 Val Loss: nan
            Training MAE Shift: nan		 Val MAE Shift: nan
            Training Euclidean Shift: nan		 Val Euclidean Shift: nan
            Training MAE Angle: nan		 Val MAE Angle: nan
            Training MSE Angle: nan		 Val MSE Angle: nan

Epoch 49/50: Training Loss: nan		 Val Loss: nan
            Training MAE Shift: nan		 Val MAE Shift: nan
            Training Euclidean Shift: nan		 Val Euclidean Shift: nan
            Training MAE Angle: nan		 Val MAE Angle: nan
            Training MSE Angle: nan		 Val MSE Angle: nan

Epoch 50/50: Training Loss: nan		 Val Loss: nan
            Training MAE Shift: nan		 Val MAE Shift: nan
            Training Euclidean Shift: nan		 Val Euclidean Shift: nan
            Training MAE Angle: nan		 Val MAE Angle: nan
            Training MSE Angle: nan		 Val MSE Angle: nan

