###########################################################################################################################################################

                         learning rate: 6e-05,  mlp_hidden_sizes: [1024, 512], batch_size: 32, norm: True, alpha: 10, avg embeddings: True, 
                        crop: 224 resize: 256, use conv: False pretrained: None, seed: 42, angle range: 90, shift range: 100, 
                        train length: 6144, val length: 780, test length: 780, get old path: False


Epoch 1/120: Training Loss: 1.2302237351735432		 Val Loss: 0.5220791244506836
		Training MAE Angle: 0.4959413210550944		 Val MAE Angle: 0.49897377014160155
              Training MSE Angle: 0.3312540054321289		 Val MSE Angle: 0.32852523803710937
	   Training MAE Shift: 0.21073373158772787		 Val MAE Shift: 0.09869486808776856
              Training Euclidean Shift: 0.32571979363759357	 Val Euclidean Shift: 0.15654975891113282


Epoch 2/120: Training Loss: 0.761930783589681		 Val Loss: 0.6276724624633789
		Training MAE Angle: 0.49421703815460205		 Val MAE Angle: 0.5113383102416992
              Training MSE Angle: 0.32607418298721313		 Val MSE Angle: 0.3447214508056641
	   Training MAE Shift: 0.1459862490495046		 Val MAE Shift: 0.1333743953704834
              Training Euclidean Shift: 0.22836748758951822	 Val Euclidean Shift: 0.20429754257202148


Epoch 3/120: Training Loss: 0.46562472979227704		 Val Loss: 0.4469481658935547
		Training MAE Angle: 0.4968514045079549		 Val MAE Angle: 0.4961382293701172
              Training MSE Angle: 0.3264753619829814		 Val MSE Angle: 0.3252054977416992
	   Training MAE Shift: 0.08581044276555379		 Val MAE Shift: 0.08399022102355957
              Training Euclidean Shift: 0.13470864295959473	 Val Euclidean Shift: 0.13261037826538086


Epoch 4/120: Training Loss: 0.41572022438049316		 Val Loss: 0.409926643371582
		Training MAE Angle: 0.49495704968770343		 Val MAE Angle: 0.49790248870849607
              Training MSE Angle: 0.3211633364359538		 Val MSE Angle: 0.3168703842163086
	   Training MAE Shift: 0.07042131821314494		 Val MAE Shift: 0.06469495296478271
              Training Euclidean Shift: 0.11105937759081523	 Val Euclidean Shift: 0.1017499828338623


Epoch 5/120: Training Loss: 0.37955931822458905		 Val Loss: 0.41729637145996096
		Training MAE Angle: 0.4905064105987549		 Val MAE Angle: 0.476711540222168
              Training MSE Angle: 0.31161896387736004		 Val MSE Angle: 0.29514905929565427
	   Training MAE Shift: 0.06027038892110189		 Val MAE Shift: 0.07884737014770508
              Training Euclidean Shift: 0.0947748323281606	 Val Euclidean Shift: 0.12361483573913574


Epoch 6/120: Training Loss: 0.3733050425847371		 Val Loss: 0.4466082000732422
		Training MAE Angle: 0.4873061180114746		 Val MAE Angle: 0.4886750030517578
              Training MSE Angle: 0.3036843736966451		 Val MSE Angle: 0.3095759391784668
	   Training MAE Shift: 0.05984319746494293		 Val MAE Shift: 0.08356097221374512
              Training Euclidean Shift: 0.09431509176890056	 Val Euclidean Shift: 0.13248844146728517


Epoch 7/120: Training Loss: 0.379334290822347		 Val Loss: 0.37191913604736326
		Training MAE Angle: 0.49031150341033936		 Val MAE Angle: 0.49490402221679686
              Training MSE Angle: 0.30434683958689374		 Val MSE Angle: 0.3062917137145996
	   Training MAE Shift: 0.06252977748711903		 Val MAE Shift: 0.05713106632232666
              Training Euclidean Shift: 0.09864248832066853	 Val Euclidean Shift: 0.090333251953125


Epoch 8/120: Training Loss: 0.3549412091573079		 Val Loss: 0.3571061706542969
		Training MAE Angle: 0.47902758916219074		 Val MAE Angle: 0.47035884857177734
              Training MSE Angle: 0.2886452873547872		 Val MSE Angle: 0.28540481567382814
	   Training MAE Shift: 0.05870162943998972		 Val MAE Shift: 0.058061842918395994
              Training Euclidean Shift: 0.09241406122843425	 Val Euclidean Shift: 0.09203018188476562


Epoch 9/120: Training Loss: 0.33713412284851074		 Val Loss: 0.3565282440185547
		Training MAE Angle: 0.4637134075164795		 Val MAE Angle: 0.4521036148071289
              Training MSE Angle: 0.27465609709421795		 Val MSE Angle: 0.26280826568603516
	   Training MAE Shift: 0.05733422438303629		 Val MAE Shift: 0.06749762535095215
              Training Euclidean Shift: 0.09020321567853291	 Val Euclidean Shift: 0.10563785552978516


Epoch 10/120: Training Loss: 0.2961110472679138		 Val Loss: 0.272109260559082
		Training MAE Angle: 0.4263689915339152		 Val MAE Angle: 0.40139312744140626
              Training MSE Angle: 0.24068709214528403		 Val MSE Angle: 0.21721982955932617
	   Training MAE Shift: 0.054110353191693626		 Val MAE Shift: 0.054831433296203616
              Training Euclidean Shift: 0.08527081211407979	 Val Euclidean Shift: 0.08639460563659668


Epoch 11/120: Training Loss: 0.26532888412475586		 Val Loss: 0.2500303268432617
		Training MAE Angle: 0.3899998664855957		 Val MAE Angle: 0.3576985931396484
              Training MSE Angle: 0.21238948901494345		 Val MSE Angle: 0.19003190994262695
	   Training MAE Shift: 0.054107641180356346		 Val MAE Shift: 0.05660738468170166
              Training Euclidean Shift: 0.08523506919542949	 Val Euclidean Shift: 0.08950507164001464


Epoch 12/120: Training Loss: 0.22707621256510416		 Val Loss: 0.23522737503051758
		Training MAE Angle: 0.34896910190582275		 Val MAE Angle: 0.3396284484863281
              Training MSE Angle: 0.17799232403437296		 Val MSE Angle: 0.16427274703979491
	   Training MAE Shift: 0.05219477415084839		 Val MAE Shift: 0.06439653396606446
              Training Euclidean Shift: 0.08224470416704814	 Val Euclidean Shift: 0.09998109817504883


Epoch 13/120: Training Loss: 0.20652276277542114		 Val Loss: 0.21172582626342773
		Training MAE Angle: 0.31747543811798096		 Val MAE Angle: 0.32134220123291013
              Training MSE Angle: 0.15245177348454794		 Val MSE Angle: 0.1543031692504883
	   Training MAE Shift: 0.05422829588254293		 Val MAE Shift: 0.05371564388275146
              Training Euclidean Shift: 0.08538776636123657	 Val Euclidean Shift: 0.08470516204833985


Epoch 14/120: Training Loss: 0.19123158852259317		 Val Loss: 0.18844961166381835
		Training MAE Angle: 0.30254056056340534		 Val MAE Angle: 0.2952862167358398
              Training MSE Angle: 0.14384438594182333		 Val MSE Angle: 0.13849155426025392
	   Training MAE Shift: 0.05086751778920492		 Val MAE Shift: 0.05170371055603027
              Training Euclidean Shift: 0.08011086781819661	 Val Euclidean Shift: 0.08171932220458984


Epoch 15/120: Training Loss: 0.4210716485977173		 Val Loss: 0.2530756759643555
		Training MAE Angle: 0.37165923913319904		 Val MAE Angle: 0.3119903755187988
              Training MSE Angle: 0.20424075921376547		 Val MSE Angle: 0.15096324920654297
	   Training MAE Shift: 0.09759886066118877		 Val MAE Shift: 0.07124644756317139
              Training Euclidean Shift: 0.15282698472340903	 Val Euclidean Shift: 0.11211796760559083


Epoch 16/120: Training Loss: 0.20940740903218588		 Val Loss: 0.1899892807006836
		Training MAE Angle: 0.305164893468221		 Val MAE Angle: 0.28710954666137695
              Training MSE Angle: 0.14522368709246317		 Val MSE Angle: 0.13381433486938477
	   Training MAE Shift: 0.0584499736626943		 Val MAE Shift: 0.05336670398712158
              Training Euclidean Shift: 0.09219130873680115	 Val Euclidean Shift: 0.08386735916137696


Epoch 17/120: Training Loss: 0.48952678839365643		 Val Loss: 0.2893657112121582
		Training MAE Angle: 0.36354092756907147		 Val MAE Angle: 0.33293369293212893
              Training MSE Angle: 0.19907116889953613		 Val MSE Angle: 0.16696216583251952
	   Training MAE Shift: 0.11236554384231567		 Val MAE Shift: 0.07985275745391845
              Training Euclidean Shift: 0.1759734352429708	 Val Euclidean Shift: 0.12513373374938966


Epoch 18/120: Training Loss: 0.2279051144917806		 Val Loss: 0.20302022933959962
		Training MAE Angle: 0.31160857280095416		 Val MAE Angle: 0.29158611297607423
              Training MSE Angle: 0.15103023250897726		 Val MSE Angle: 0.1331163215637207
	   Training MAE Shift: 0.06328819195429485		 Val MAE Shift: 0.06223910808563232
              Training Euclidean Shift: 0.09946930408477783	 Val Euclidean Shift: 0.0977314567565918


Epoch 19/120: Training Loss: 0.19002322355906168		 Val Loss: 0.2062356948852539
		Training MAE Angle: 0.28724992275238037		 Val MAE Angle: 0.2880101776123047
              Training MSE Angle: 0.13112576802571616		 Val MSE Angle: 0.13754728317260742
	   Training MAE Shift: 0.055897653102874756		 Val MAE Shift: 0.05822955131530762
              Training Euclidean Shift: 0.08785449465115865	 Val Euclidean Shift: 0.09185853958129883


Epoch 20/120: Training Loss: 0.16878618796666464		 Val Loss: 0.16905563354492187
		Training MAE Angle: 0.2741984526316325		 Val MAE Angle: 0.26998908996582033
              Training MSE Angle: 0.12386353810628255		 Val MSE Angle: 0.11961368560791015
	   Training MAE Shift: 0.048872088392575584		 Val MAE Shift: 0.05077872753143311
              Training Euclidean Shift: 0.0772158255179723	 Val Euclidean Shift: 0.07992824554443359


Epoch 21/120: Training Loss: 0.16350059707959494		 Val Loss: 0.16677146911621094
		Training MAE Angle: 0.2699579397837321		 Val MAE Angle: 0.27305051803588865
              Training MSE Angle: 0.12030605475107829		 Val MSE Angle: 0.12394256591796875
	   Training MAE Shift: 0.04847597082455953		 Val MAE Shift: 0.047513480186462405
              Training Euclidean Shift: 0.07630781332651775	 Val Euclidean Shift: 0.07445769309997559


Epoch 22/120: Training Loss: 0.15861969192822775		 Val Loss: 0.1793796730041504
		Training MAE Angle: 0.2619904677073161		 Val MAE Angle: 0.27489734649658204
              Training MSE Angle: 0.1144661804040273		 Val MSE Angle: 0.12729258537292482
	   Training MAE Shift: 0.04880604644616445		 Val MAE Shift: 0.05328022480010986
              Training Euclidean Shift: 0.07670255998770396	 Val Euclidean Shift: 0.0838368797302246


Epoch 23/120: Training Loss: 0.1598383585611979		 Val Loss: 0.16536287307739259
		Training MAE Angle: 0.2658490737279256		 Val MAE Angle: 0.2614152526855469
              Training MSE Angle: 0.11874786019325256		 Val MSE Angle: 0.11638517379760742
	   Training MAE Shift: 0.0474350651105245		 Val MAE Shift: 0.05146238803863525
              Training Euclidean Shift: 0.0747349460919698	 Val Euclidean Shift: 0.08147108078002929


Epoch 24/120: Training Loss: 0.14463953177134195		 Val Loss: 0.16635480880737305
		Training MAE Angle: 0.2566966613133748		 Val MAE Angle: 0.25850414276123046
              Training MSE Angle: 0.109729399283727		 Val MSE Angle: 0.1170421028137207
	   Training MAE Shift: 0.0436465839544932		 Val MAE Shift: 0.048689289093017576
              Training Euclidean Shift: 0.06881969173749287	 Val Euclidean Shift: 0.07715432167053222


Epoch 25/120: Training Loss: 0.1488114893436432		 Val Loss: 0.14701973915100097
		Training MAE Angle: 0.255411962668101		 Val MAE Angle: 0.24995590209960938
              Training MSE Angle: 0.11130385597546895		 Val MSE Angle: 0.1048704719543457
	   Training MAE Shift: 0.04501080016295115		 Val MAE Shift: 0.0487230110168457
              Training Euclidean Shift: 0.07085830469926198	 Val Euclidean Shift: 0.07659490585327149


Epoch 26/120: Training Loss: 0.19482938448588052		 Val Loss: 0.18970840454101562
		Training MAE Angle: 0.26881659030914307		 Val MAE Angle: 0.2724932670593262
              Training MSE Angle: 0.1220945914586385		 Val MSE Angle: 0.1302794361114502
	   Training MAE Shift: 0.059218610326449074		 Val MAE Shift: 0.053983058929443356
              Training Euclidean Shift: 0.09281554818153381	 Val Euclidean Shift: 0.08504214286804199


Epoch 27/120: Training Loss: 0.14940587679545084		 Val Loss: 0.12656079292297362
		Training MAE Angle: 0.2512319286664327		 Val MAE Angle: 0.23528629302978515
              Training MSE Angle: 0.10761254032452901		 Val MSE Angle: 0.09086620330810546
	   Training MAE Shift: 0.04752411444981893		 Val MAE Shift: 0.042520303726196286
              Training Euclidean Shift: 0.07465085883935292	 Val Euclidean Shift: 0.06729782104492188


Epoch 28/120: Training Loss: 0.13610276579856873		 Val Loss: 0.14109192848205565
		Training MAE Angle: 0.2421433925628662		 Val MAE Angle: 0.2422607421875
              Training MSE Angle: 0.10074720780054729		 Val MSE Angle: 0.1020493221282959
	   Training MAE Shift: 0.044242918491363525		 Val MAE Shift: 0.04652274131774902
              Training Euclidean Shift: 0.06957558790842693	 Val Euclidean Shift: 0.07289510250091552


Epoch 29/120: Training Loss: 0.13868807752927145		 Val Loss: 0.11762682914733887
		Training MAE Angle: 0.2438570261001587		 Val MAE Angle: 0.2214021873474121
              Training MSE Angle: 0.10205790400505066		 Val MSE Angle: 0.08387824058532715
	   Training MAE Shift: 0.04434168338775635		 Val MAE Shift: 0.0424769926071167
              Training Euclidean Shift: 0.06979930400848389	 Val Euclidean Shift: 0.06683184146881103


Epoch 30/120: Training Loss: 0.1236264705657959		 Val Loss: 0.12706146240234376
		Training MAE Angle: 0.23281711339950562		 Val MAE Angle: 0.23004316329956054
              Training MSE Angle: 0.09319128592809041		 Val MSE Angle: 0.09126129150390624
	   Training MAE Shift: 0.040995702147483826		 Val MAE Shift: 0.04372591018676758
              Training Euclidean Shift: 0.06467477480570476	 Val Euclidean Shift: 0.06902933120727539


Epoch 31/120: Training Loss: 0.12480846047401428		 Val Loss: 0.10755385398864746
		Training MAE Angle: 0.23204421997070312		 Val MAE Angle: 0.2082023239135742
              Training MSE Angle: 0.09397048751513164		 Val MSE Angle: 0.0753398847579956
	   Training MAE Shift: 0.04148408273855845		 Val MAE Shift: 0.041495990753173825
              Training Euclidean Shift: 0.06523613631725311	 Val Euclidean Shift: 0.06575868606567382


Epoch 32/120: Training Loss: 0.12098181247711182		 Val Loss: 0.11464319229125977
		Training MAE Angle: 0.2248849868774414		 Val MAE Angle: 0.21763151168823242
              Training MSE Angle: 0.090665598710378		 Val MSE Angle: 0.0819278335571289
	   Training MAE Shift: 0.04081214716037115		 Val MAE Shift: 0.04256042003631592
              Training Euclidean Shift: 0.06444246073563893	 Val Euclidean Shift: 0.06748473167419433


Epoch 33/120: Training Loss: 0.11365673939387004		 Val Loss: 0.11845069885253906
		Training MAE Angle: 0.21686524152755737		 Val MAE Angle: 0.21796855926513672
              Training MSE Angle: 0.08548733592033386		 Val MSE Angle: 0.08592639923095703
	   Training MAE Shift: 0.03944116830825806		 Val MAE Shift: 0.04295911312103271
              Training Euclidean Shift: 0.06201037267843882	 Val Euclidean Shift: 0.06743593215942383


Epoch 34/120: Training Loss: 0.1170551876227061		 Val Loss: 0.11209074020385743
		Training MAE Angle: 0.2180776596069336		 Val MAE Angle: 0.21220819473266603
              Training MSE Angle: 0.08656842509905498		 Val MSE Angle: 0.08291210174560547
	   Training MAE Shift: 0.04081176221370697		 Val MAE Shift: 0.03994579076766968
              Training Euclidean Shift: 0.06430810193220775	 Val Euclidean Shift: 0.0628545618057251


Epoch 35/120: Training Loss: 0.116289883852005		 Val Loss: 0.12176035881042481
		Training MAE Angle: 0.21929389238357544		 Val MAE Angle: 0.22179294586181642
              Training MSE Angle: 0.08706045150756836		 Val MSE Angle: 0.08927981376647949
	   Training MAE Shift: 0.040305162469546		 Val MAE Shift: 0.041522469520568844
              Training Euclidean Shift: 0.06327209373315175	 Val Euclidean Shift: 0.06488292217254639


Epoch 36/120: Training Loss: 0.12031190594037373		 Val Loss: 0.11589461326599121
		Training MAE Angle: 0.21553136905034384		 Val MAE Angle: 0.2107914161682129
              Training MSE Angle: 0.0841485857963562		 Val MSE Angle: 0.08199938774108886
	   Training MAE Shift: 0.04386678338050842		 Val MAE Shift: 0.04123083114624024
              Training Euclidean Shift: 0.06889881193637848	 Val Euclidean Shift: 0.06581401824951172


1. Nan in vit## TEST RESULTS: ##
Test Loss: 0.10942699760198593 
Test MAE Shift: 0.04111696779727936		 Test Euclidean Shift: 0.06456068903207779
Test MAE Angle: 0.20639018714427948		 Test MSE Angle: 0.07936777174472809

###########################################################################################################################################################

                         learning rate: 6e-05,  mlp_hidden_sizes: [1024, 512], batch_size: 32, norm: True, alpha: 10, avg embeddings: True, 
                        crop: 224 resize: 256, use conv: False pretrained: None, seed: 42, angle range: 90, shift range: 100, 
                        train length: 6144, val length: 780, test length: 780, get old path: False


##### CONTINUE TRAINING #####

Epoch 37/120: Training Loss: 0.5362558364868164		 Val Loss: 0.37497184753417967
		Training MAE Angle: 0.4978338877360026		 Val MAE Angle: 0.4992783355712891
              Training MSE Angle: 0.32931723197301227		 Val MSE Angle: 0.32017753601074217
	   Training MAE Shift: 0.08712104956309001		 Val MAE Shift: 0.05383227348327637
              Training Euclidean Shift: 0.13614694277445474	 Val Euclidean Shift: 0.08559985160827636


Epoch 38/120: Training Loss: 0.37902267773946124		 Val Loss: 0.43868167877197267
		Training MAE Angle: 0.5000788768132528		 Val MAE Angle: 0.5062270736694336
              Training MSE Angle: 0.31929296255111694		 Val MSE Angle: 0.3246337890625
	   Training MAE Shift: 0.05503361423810323		 Val MAE Shift: 0.07104388236999512
              Training Euclidean Shift: 0.08680082360903423	 Val Euclidean Shift: 0.11086422920227051


Epoch 39/120: Training Loss: 0.35814154148101807		 Val Loss: 0.34283950805664065
		Training MAE Angle: 0.49594302972157794		 Val MAE Angle: 0.4847114944458008
              Training MSE Angle: 0.3072386185328166		 Val MSE Angle: 0.29055257797241213
	   Training MAE Shift: 0.0515239934126536		 Val MAE Shift: 0.05200334072113037
              Training Euclidean Shift: 0.08137879769007365	 Val Euclidean Shift: 0.08242917060852051


Epoch 40/120: Training Loss: 0.31974991162618		 Val Loss: 0.2918257331848145
		Training MAE Angle: 0.46819547812143963		 Val MAE Angle: 0.4288938903808594
              Training MSE Angle: 0.27725452184677124		 Val MSE Angle: 0.24227245330810546
	   Training MAE Shift: 0.04771056274573008		 Val MAE Shift: 0.05081406593322754
              Training Euclidean Shift: 0.0750873734553655	 Val Euclidean Shift: 0.08008556365966797


Epoch 41/120: Training Loss: 0.2638103763262431		 Val Loss: 0.24628475189208984
		Training MAE Angle: 0.38332025210062665		 Val MAE Angle: 0.3431349182128906
              Training MSE Angle: 0.20666799942652384		 Val MSE Angle: 0.17447826385498047
	   Training MAE Shift: 0.05631352961063385		 Val MAE Shift: 0.05840317249298096
              Training Euclidean Shift: 0.0884387195110321	 Val Euclidean Shift: 0.09214188575744629


Epoch 42/120: Training Loss: 0.2086689273516337		 Val Loss: 0.21578632354736327
		Training MAE Angle: 0.3300373951594035		 Val MAE Angle: 0.3298497772216797
              Training MSE Angle: 0.1654242972532908		 Val MSE Angle: 0.1680971908569336
	   Training MAE Shift: 0.048887744545936584		 Val MAE Shift: 0.04992186069488525
              Training Euclidean Shift: 0.07701164484024048	 Val Euclidean Shift: 0.07873908519744872


Epoch 43/120: Training Loss: 0.1884524623552958		 Val Loss: 0.19802562713623048
		Training MAE Angle: 0.30903273820877075		 Val MAE Angle: 0.3108428192138672
              Training MSE Angle: 0.1506387690703074		 Val MSE Angle: 0.1530163097381592
	   Training MAE Shift: 0.0460595041513443		 Val MAE Shift: 0.04925102710723877
              Training Euclidean Shift: 0.0726503034432729	 Val Euclidean Shift: 0.07734353065490723


Epoch 44/120: Training Loss: 0.23131330808003744		 Val Loss: 0.21746572494506836
		Training MAE Angle: 0.31031304597854614		 Val MAE Angle: 0.30837738037109375
              Training MSE Angle: 0.15225166082382202		 Val MSE Angle: 0.15574336051940918
	   Training MAE Shift: 0.059998358289400734		 Val MAE Shift: 0.05347387790679932
              Training Euclidean Shift: 0.09427949786186218	 Val Euclidean Shift: 0.08467222213745117


Epoch 45/120: Training Loss: 0.1832918127377828		 Val Loss: 0.165384521484375
		Training MAE Angle: 0.29995906352996826		 Val MAE Angle: 0.2832402038574219
              Training MSE Angle: 0.14355987310409546		 Val MSE Angle: 0.13057437896728516
	   Training MAE Shift: 0.04655320942401886		 Val MAE Shift: 0.04276525497436524
              Training Euclidean Shift: 0.07300580044587453	 Val Euclidean Shift: 0.06713410854339599


Epoch 46/120: Training Loss: 0.1701241135597229		 Val Loss: 0.17643943786621094
		Training MAE Angle: 0.28823137283325195		 Val MAE Angle: 0.3008949851989746
              Training MSE Angle: 0.1340775489807129		 Val MSE Angle: 0.13943637847900392
	   Training MAE Shift: 0.04384418328603109		 Val MAE Shift: 0.045423908233642576
              Training Euclidean Shift: 0.06898620227972667	 Val Euclidean Shift: 0.07107207298278809


Epoch 47/120: Training Loss: 0.1596947411696116		 Val Loss: 0.17618385314941407
		Training MAE Angle: 0.280892272790273		 Val MAE Angle: 0.278995418548584
              Training MSE Angle: 0.12846301992734274		 Val MSE Angle: 0.13741873741149901
	   Training MAE Shift: 0.041501869757970176		 Val MAE Shift: 0.04715895652770996
              Training Euclidean Shift: 0.06512875358263652	 Val Euclidean Shift: 0.07443731307983398


Epoch 48/120: Training Loss: 0.1549819608529409		 Val Loss: 0.16288600921630858
		Training MAE Angle: 0.2737058401107788		 Val MAE Angle: 0.26727067947387695
              Training MSE Angle: 0.1221620539824168		 Val MSE Angle: 0.11668599128723145
	   Training MAE Shift: 0.042235945661862694		 Val MAE Shift: 0.04726439952850342
              Training Euclidean Shift: 0.06631447871526082	 Val Euclidean Shift: 0.07387940883636475


Epoch 49/120: Training Loss: 0.15511120359102884		 Val Loss: 0.15625473976135254
		Training MAE Angle: 0.26659029722213745		 Val MAE Angle: 0.26653223037719725
              Training MSE Angle: 0.11779272556304932		 Val MSE Angle: 0.11779586791992187
	   Training MAE Shift: 0.04454307754834493		 Val MAE Shift: 0.043725323677062986
              Training Euclidean Shift: 0.0701761543750763	 Val Euclidean Shift: 0.06900813102722168


Epoch 50/120: Training Loss: 0.14473695556322733		 Val Loss: 0.13186001777648926
		Training MAE Angle: 0.26173792282740277		 Val MAE Angle: 0.24853557586669922
              Training MSE Angle: 0.11523525913556416		 Val MSE Angle: 0.10434637069702149
	   Training MAE Shift: 0.03991343080997467		 Val MAE Shift: 0.03860424041748047
              Training Euclidean Shift: 0.06291722754637401	 Val Euclidean Shift: 0.06145829677581787


Epoch 51/120: Training Loss: 0.16056281328201294		 Val Loss: 0.477662353515625
		Training MAE Angle: 0.2630288004875183		 Val MAE Angle: 0.299545955657959
              Training MSE Angle: 0.11673350135485332		 Val MSE Angle: 0.14667731285095215
	   Training MAE Shift: 0.047347684701283775		 Val MAE Shift: 0.140684814453125
              Training Euclidean Shift: 0.07441343863805135	 Val Euclidean Shift: 0.21640737533569335


Epoch 52/120: Training Loss: 0.17604702711105347		 Val Loss: 0.14847042083740233
		Training MAE Angle: 0.26934250195821124		 Val MAE Angle: 0.2614413833618164
              Training MSE Angle: 0.12001959482828777		 Val MSE Angle: 0.11274118423461914
	   Training MAE Shift: 0.05215940376122793		 Val MAE Shift: 0.04335072994232178
              Training Euclidean Shift: 0.08195360998312633	 Val Euclidean Shift: 0.0683606767654419


Epoch 53/120: Training Loss: 0.14044334491093954		 Val Loss: 0.14676121711730958
		Training MAE Angle: 0.2541765173276265		 Val MAE Angle: 0.24273422241210937
              Training MSE Angle: 0.11052241921424866		 Val MSE Angle: 0.10623640060424805
	   Training MAE Shift: 0.04030865430831909		 Val MAE Shift: 0.04707556247711182
              Training Euclidean Shift: 0.06340872248013814	 Val Euclidean Shift: 0.07362660408020019


Epoch 54/120: Training Loss: 0.13646021485328674		 Val Loss: 0.13909900665283204
		Training MAE Angle: 0.2519029378890991		 Val MAE Angle: 0.2513603401184082
              Training MSE Angle: 0.10701881845792134		 Val MSE Angle: 0.10684023857116699
	   Training MAE Shift: 0.04025848209857941		 Val MAE Shift: 0.041166133880615234
              Training Euclidean Shift: 0.06318571666876475	 Val Euclidean Shift: 0.06509315490722656


Epoch 55/120: Training Loss: 0.12685308853785196		 Val Loss: 0.13174078941345216
		Training MAE Angle: 0.23844478527704874		 Val MAE Angle: 0.24425329208374025
              Training MSE Angle: 0.09950204690297444		 Val MSE Angle: 0.10643028259277344
	   Training MAE Shift: 0.03777385006348292		 Val MAE Shift: 0.03832853317260742
              Training Euclidean Shift: 0.05953174332777659	 Val Euclidean Shift: 0.06062075138092041


Epoch 56/120: Training Loss: 0.12447793285051982		 Val Loss: 0.12372573852539062
		Training MAE Angle: 0.2355597416559855		 Val MAE Angle: 0.23187742233276368
              Training MSE Angle: 0.09788551926612854		 Val MSE Angle: 0.09382783889770507
	   Training MAE Shift: 0.037614449858665466		 Val MAE Shift: 0.038660888671875
              Training Euclidean Shift: 0.05925413469473521	 Val Euclidean Shift: 0.06112082004547119


Epoch 57/120: Training Loss: 0.13572620352109274		 Val Loss: 0.14635902404785156
		Training MAE Angle: 0.24124125639597574		 Val MAE Angle: 0.25013998031616214
              Training MSE Angle: 0.10267673929532369		 Val MSE Angle: 0.1090607738494873
	   Training MAE Shift: 0.04161790758371353		 Val MAE Shift: 0.04613377094268799
              Training Euclidean Shift: 0.06559336185455322	 Val Euclidean Shift: 0.07222331047058106


Epoch 58/120: Training Loss: 0.12126075228055318		 Val Loss: 0.13299182891845704
		Training MAE Angle: 0.22864776849746704		 Val MAE Angle: 0.23358985900878906
              Training MSE Angle: 0.0929356316725413		 Val MSE Angle: 0.10027170181274414
	   Training MAE Shift: 0.03966869910558065		 Val MAE Shift: 0.04194294929504395
              Training Euclidean Shift: 0.06230327486991882	 Val Euclidean Shift: 0.06601307392120362


Epoch 59/120: Training Loss: 0.1217333475748698		 Val Loss: 0.11906203269958496
		Training MAE Angle: 0.23073343435923258		 Val MAE Angle: 0.2220418357849121
              Training MSE Angle: 0.0959260066350301		 Val MSE Angle: 0.0909588623046875
	   Training MAE Shift: 0.03783820321162542		 Val MAE Shift: 0.03935588836669922
              Training Euclidean Shift: 0.05954635639985403	 Val Euclidean Shift: 0.06264952659606933


Epoch 60/120: Training Loss: 0.11346011360486348		 Val Loss: 0.115123291015625
		Training MAE Angle: 0.22556835412979126		 Val MAE Angle: 0.21999788284301758
              Training MSE Angle: 0.09083922704060872		 Val MSE Angle: 0.08847185134887696
	   Training MAE Shift: 0.03490534424781799		 Val MAE Shift: 0.03627749919891357
              Training Euclidean Shift: 0.05493523677190145	 Val Euclidean Shift: 0.05732420921325684


Epoch 61/120: Training Loss: 0.10999833544095357		 Val Loss: 0.10525495529174805
		Training MAE Angle: 0.21998308102289835		 Val MAE Angle: 0.21420509338378907
              Training MSE Angle: 0.08804161349932353		 Val MSE Angle: 0.08378381729125976
	   Training MAE Shift: 0.03449314832687378		 Val MAE Shift: 0.03352480173110962
              Training Euclidean Shift: 0.054327393571535744	 Val Euclidean Shift: 0.05267299652099609


Epoch 62/120: Training Loss: 0.13251790404319763		 Val Loss: 0.13126493453979493
		Training MAE Angle: 0.23003917932510376		 Val MAE Angle: 0.2242726516723633
              Training MSE Angle: 0.09574433167775472		 Val MSE Angle: 0.09725942611694335
	   Training MAE Shift: 0.043349762757619224		 Val MAE Shift: 0.04243955612182617
              Training Euclidean Shift: 0.06814678013324738	 Val Euclidean Shift: 0.0670944881439209


Epoch 63/120: Training Loss: 0.11455573638280232		 Val Loss: 0.10080511093139649
		Training MAE Angle: 0.22127562761306763		 Val MAE Angle: 0.20718931198120116
              Training MSE Angle: 0.08857091267903645		 Val MSE Angle: 0.07542490482330322
	   Training MAE Shift: 0.03711008777221044		 Val MAE Shift: 0.03667595386505127
              Training Euclidean Shift: 0.058506657679875694	 Val Euclidean Shift: 0.0577076530456543


Epoch 64/120: Training Loss: 0.12315913041432698		 Val Loss: 0.123894681930542
		Training MAE Angle: 0.22142869234085083		 Val MAE Angle: 0.22282468795776367
              Training MSE Angle: 0.08816763758659363		 Val MSE Angle: 0.09459104537963867
	   Training MAE Shift: 0.040865302085876465		 Val MAE Shift: 0.03767359733581543
              Training Euclidean Shift: 0.0642487108707428	 Val Euclidean Shift: 0.05879859447479248


Epoch 65/120: Training Loss: 0.10766178369522095		 Val Loss: 0.09004907608032227
		Training MAE Angle: 0.2118937373161316		 Val MAE Angle: 0.19758710861206055
              Training MSE Angle: 0.08266009390354156		 Val MSE Angle: 0.07023460388183594
	   Training MAE Shift: 0.035175065199534096		 Val MAE Shift: 0.032443015575408934
              Training Euclidean Shift: 0.05522864560286204	 Val Euclidean Shift: 0.050898995399475094


Epoch 66/120: Training Loss: 0.10523020227750142		 Val Loss: 0.12132477760314941
		Training MAE Angle: 0.209291140238444		 Val MAE Angle: 0.21321592330932618
              Training MSE Angle: 0.07941040396690369		 Val MSE Angle: 0.08412437438964844
	   Training MAE Shift: 0.03572560350100199		 Val MAE Shift: 0.044581751823425296
              Training Euclidean Shift: 0.05625754098097483	 Val Euclidean Shift: 0.07008429527282715


Epoch 67/120: Training Loss: 0.10800727208455403		 Val Loss: 0.09283315658569335
		Training MAE Angle: 0.2089118758837382		 Val MAE Angle: 0.19442838668823242
              Training MSE Angle: 0.08066963156064351		 Val MSE Angle: 0.06974493026733398
	   Training MAE Shift: 0.03686524430910746		 Val MAE Shift: 0.03443991899490356
              Training Euclidean Shift: 0.0579550564289093	 Val Euclidean Shift: 0.05392389297485352


Epoch 68/120: Training Loss: 0.09727644920349121		 Val Loss: 0.10212913513183594
		Training MAE Angle: 0.20286917686462402		 Val MAE Angle: 0.1937667465209961
              Training MSE Angle: 0.07674642403920491		 Val MSE Angle: 0.06854652881622314
	   Training MAE Shift: 0.03276027490695318		 Val MAE Shift: 0.043470816612243654
              Training Euclidean Shift: 0.051610082387924194	 Val Euclidean Shift: 0.06785376071929931


Epoch 69/120: Training Loss: 0.09225756923357646		 Val Loss: 0.09326323509216308
		Training MAE Angle: 0.198089599609375		 Val MAE Angle: 0.1986921501159668
              Training MSE Angle: 0.07333227495352428		 Val MSE Angle: 0.0742077350616455
	   Training MAE Shift: 0.031598083674907684		 Val MAE Shift: 0.03131416082382202
              Training Euclidean Shift: 0.0495999405781428	 Val Euclidean Shift: 0.04889539241790772


Epoch 70/120: Training Loss: 0.09006049235661824		 Val Loss: 0.08568004608154296
		Training MAE Angle: 0.19401915868123373		 Val MAE Angle: 0.1887218475341797
              Training MSE Angle: 0.0716760903596878		 Val MSE Angle: 0.06678828716278076
	   Training MAE Shift: 0.031016595661640167		 Val MAE Shift: 0.03150084257125854
              Training Euclidean Shift: 0.0487482895453771	 Val Euclidean Shift: 0.04955213069915772


Epoch 71/120: Training Loss: 0.09081154068311055		 Val Loss: 0.0890250015258789
		Training MAE Angle: 0.19532646735509238		 Val MAE Angle: 0.19537481307983398
              Training MSE Angle: 0.0728377103805542		 Val MSE Angle: 0.0717659616470337
	   Training MAE Shift: 0.030069157481193542		 Val MAE Shift: 0.02983325958251953
              Training Euclidean Shift: 0.047317683696746826	 Val Euclidean Shift: 0.047219653129577634


Epoch 72/120: Training Loss: 0.08131378889083862		 Val Loss: 0.09028347969055175
		Training MAE Angle: 0.1881863276163737		 Val MAE Angle: 0.1885731315612793
              Training MSE Angle: 0.06686948239803314		 Val MSE Angle: 0.06879855632781982
	   Training MAE Shift: 0.0277465358376503		 Val MAE Shift: 0.02944483041763306
              Training Euclidean Shift: 0.04371987779935201	 Val Euclidean Shift: 0.0467842960357666


