###########################################################################################################################################################

                         learning rate: 0.0001, lr_decay: 0.8, mlp_hidden_sizes: [1024, 512], jump_frames: 2, use_reconstruction_layer: True
                        batch_size: 8, norm: True, train_seqeunces: [0, 2, 3, 5], val_sequences: [6, 7, 8], dataset: Stereo,
                        average embeddings: False, model: microsoft/resnet-152, augmentation: True, random crop: True, deepF_nocorrs: False, part: mid, get_old_path: False,
                        SVD coeff: 0, RE1 coeff: 0 SED coeff: 0.5, ALG_COEFF: 0, L2_coeff: 1, huber_coeff: 1, frozen layers: 0, trained vit: None,
                        crop: 224 resize: 256, use conv: False pretrained: None, data_ratio: 0.025, norm_mean: tensor([0.5000, 0.5000, 0.5000], device='cuda:0'), norm_std: tensor([0.5000, 0.5000, 0.5000], device='cuda:0'), sched: None seed: 42, 

algebraic_truth: 0.016609702040167415		 val_algebraic_truth: 0.0174221470952034
RE1_truth: 0.00018615190706708853		 val_RE1_truth: 0.0002026631652067105
SED_truth: 0.001489223912358284		 val_SED_truth: 0.0016213102887074153

Epoch 1/12000: 	Training Loss: 5434.269301470588		 Val Loss: 4498.335286458333
             	Training MAE: 0.310306191444397		 Val MAE: 0.21437197923660278
             	Algebraic dist: 5818.903492647059		 Val Algebraic dist: 3144.9957682291665
             	RE1 dist: 34733078.5882353		 Val RE1 dist: 7738397.333333333
             	SED dist: 10868.02849264706		 Val SED dist: 8996.350260416666

Epoch 2/12000: 	Training Loss: 4120.117647058823		 Val Loss: 4543.379557291667
             	Training MAE: 0.21285444498062134		 Val MAE: 0.20955710113048553
             	Algebraic dist: 2526.518612132353		 Val Algebraic dist: 1557.2120768229167
             	RE1 dist: 5938457.882352941		 Val RE1 dist: 2003869.3333333333
             	SED dist: 8239.948529411764		 Val SED dist: 9086.464192708334

Epoch 3/12000: 	Training Loss: 3918.850643382353		 Val Loss: 4441.2763671875
             	Training MAE: 0.19713318347930908		 Val MAE: 0.19538047909736633
             	Algebraic dist: 1257.702205882353		 Val Algebraic dist: 881.0795084635416
             	RE1 dist: 1424460.3529411764		 Val RE1 dist: 649314.2916666666
             	SED dist: 7837.397977941177		 Val SED dist: 8882.231119791666

Epoch 4/12000: 	Training Loss: 3887.860294117647		 Val Loss: 4267.159505208333
             	Training MAE: 0.20136234164237976		 Val MAE: 0.21500934660434723
             	Algebraic dist: 776.0753102022059		 Val Algebraic dist: 570.4390869140625
             	RE1 dist: 587050.7058823529		 Val RE1 dist: 294333.9791666667
             	SED dist: 7775.389705882353		 Val SED dist: 8533.964192708334

Epoch 5/12000: 	Training Loss: 3486.809283088235		 Val Loss: 2969.6848958333335
             	Training MAE: 0.2214445173740387		 Val MAE: 0.22161351144313812
             	Algebraic dist: 432.2940314797794		 Val Algebraic dist: 272.8738199869792
             	RE1 dist: 198999.0294117647		 Val RE1 dist: 103568.71875
             	SED dist: 6973.258731617647		 Val SED dist: 5939.020182291667

Epoch 6/12000: 	Training Loss: 2989.977711397059		 Val Loss: 2143.2999674479165
             	Training MAE: 0.22939486801624298		 Val MAE: 0.23023389279842377
             	Algebraic dist: 182.6126206341912		 Val Algebraic dist: 109.21087646484375
             	RE1 dist: 47851.32352941176		 Val RE1 dist: 14951.223958333334
             	SED dist: 5979.573988970588		 Val SED dist: 4286.2099609375

Epoch 7/12000: 	Training Loss: 2780.3460477941176		 Val Loss: 2013.7775065104167
             	Training MAE: 0.22808204591274261		 Val MAE: 0.22974389791488647
             	Algebraic dist: 97.91899557674633		 Val Algebraic dist: 77.79336547851562
             	RE1 dist: 14487.27481617647		 Val RE1 dist: 9320.106770833334
             	SED dist: 5560.29825367647		 Val SED dist: 4027.1572265625

Epoch 8/12000: 	Training Loss: 3020.079273897059		 Val Loss: 2411.32373046875
             	Training MAE: 0.22603793442249298		 Val MAE: 0.21883216500282288
             	Algebraic dist: 74.80958467371323		 Val Algebraic dist: 62.32188924153646
             	RE1 dist: 7842.315257352941		 Val RE1 dist: 5581.196614583333
             	SED dist: 6039.763786764706		 Val SED dist: 4822.2724609375

Epoch 9/12000: 	Training Loss: 3039.1302849264707		 Val Loss: 2230.3614908854165
             	Training MAE: 0.21192125976085663		 Val MAE: 0.21160824596881866
             	Algebraic dist: 73.76161104090073		 Val Algebraic dist: 47.8146006266276
             	RE1 dist: 6974.716452205882		 Val RE1 dist: 3221.5732421875
             	SED dist: 6077.89705882353		 Val SED dist: 4460.359700520833

Epoch 10/12000: 	Training Loss: 2676.942095588235		 Val Loss: 2053.8689778645835
             	Training MAE: 0.2093299776315689		 Val MAE: 0.20712633430957794
             	Algebraic dist: 47.53793514476103		 Val Algebraic dist: 35.76585133870443
             	RE1 dist: 3237.289751838235		 Val RE1 dist: 1743.2140299479167
             	SED dist: 5353.523897058823		 Val SED dist: 4107.380208333333

Epoch 11/12000: 	Training Loss: 2383.6989889705883		 Val Loss: 1951.8544921875
             	Training MAE: 0.20809833705425262		 Val MAE: 0.21478191018104553
             	Algebraic dist: 29.394825654871322		 Val Algebraic dist: 29.839078267415363
             	RE1 dist: 1367.42578125		 Val RE1 dist: 1180.9170735677083
             	SED dist: 4767.037224264706		 Val SED dist: 3903.3359375

Epoch 12/12000: 	Training Loss: 2266.261029411765		 Val Loss: 2369.7532552083335
             	Training MAE: 0.2186717838048935		 Val MAE: 0.24387536942958832
             	Algebraic dist: 24.485209745519303		 Val Algebraic dist: 43.57335917154948
             	RE1 dist: 943.158203125		 Val RE1 dist: 2575.5310872395835
             	SED dist: 4532.13924632353		 Val SED dist: 4739.072265625

Epoch 13/12000: 	Training Loss: 2986.5845588235293		 Val Loss: 2082.6612955729165
             	Training MAE: 0.2487010806798935		 Val MAE: 0.2505718171596527
             	Algebraic dist: 55.59470143037684		 Val Algebraic dist: 48.474446614583336
             	RE1 dist: 4438.061580882353		 Val RE1 dist: 3014.6871744791665
             	SED dist: 5972.715073529412		 Val SED dist: 4164.859049479167

Epoch 14/12000: 	Training Loss: 2602.745174632353		 Val Loss: 1981.8810221354167
             	Training MAE: 0.250535786151886		 Val MAE: 0.24268357455730438
             	Algebraic dist: 56.26419246897978		 Val Algebraic dist: 45.272542317708336
             	RE1 dist: 4315.661305147059		 Val RE1 dist: 2627.5830078125
             	SED dist: 5205.020220588235		 Val SED dist: 3963.3040364583335

Epoch 15/12000: 	Training Loss: 2307.811580882353		 Val Loss: 1983.0989583333333
             	Training MAE: 0.24580563604831696		 Val MAE: 0.24340273439884186
             	Algebraic dist: 42.46573055491728		 Val Algebraic dist: 38.39324951171875
             	RE1 dist: 2596.622242647059		 Val RE1 dist: 1828.08203125
             	SED dist: 4615.163602941177		 Val SED dist: 3965.7434895833335

Epoch 16/12000: 	Training Loss: 2456.0082720588234		 Val Loss: 2074.9069010416665
             	Training MAE: 0.25282660126686096		 Val MAE: 0.25148728489875793
             	Algebraic dist: 34.86721622242647		 Val Algebraic dist: 32.43554941813151
             	RE1 dist: 1628.3979779411766		 Val RE1 dist: 1480.0154622395833
             	SED dist: 4911.542738970588		 Val SED dist: 4149.33984375

Epoch 17/12000: 	Training Loss: 3560.046185661765		 Val Loss: 2882.478515625
             	Training MAE: 0.25481125712394714		 Val MAE: 0.24064825475215912
             	Algebraic dist: 22.055299646714154		 Val Algebraic dist: 20.96308135986328
             	RE1 dist: 621.1696920955883		 Val RE1 dist: 596.9598795572916
             	SED dist: 7119.601102941177		 Val SED dist: 5764.47265625

Epoch 18/12000: 	Training Loss: 2498.7867647058824		 Val Loss: 2527.5725911458335
             	Training MAE: 0.24684786796569824		 Val MAE: 0.24765895307064056
             	Algebraic dist: 14.30595038918888		 Val Algebraic dist: 39.56048075358073
             	RE1 dist: 297.0670955882353		 Val RE1 dist: 1607.9344075520833
             	SED dist: 4997.089154411765		 Val SED dist: 5054.685221354167

Epoch 19/12000: 	Training Loss: 2878.091911764706		 Val Loss: 2597.544921875
             	Training MAE: 0.2309824675321579		 Val MAE: 0.2170608788728714
             	Algebraic dist: 20.54623592601103		 Val Algebraic dist: 25.88299560546875
             	RE1 dist: 423.4454561121324		 Val RE1 dist: 681.9712727864584
             	SED dist: 5755.745863970588		 Val SED dist: 5194.658203125

Epoch 20/12000: 	Training Loss: 2190.30859375		 Val Loss: 1838.5519205729167
             	Training MAE: 0.21979078650474548		 Val MAE: 0.2341156303882599
             	Algebraic dist: 20.61025821461397		 Val Algebraic dist: 24.941884358723957
             	RE1 dist: 457.13111787683823		 Val RE1 dist: 657.8260498046875
             	SED dist: 4380.16268382353		 Val SED dist: 3676.615234375

Epoch 21/12000: 	Training Loss: 1918.7996323529412		 Val Loss: 1674.87646484375
             	Training MAE: 0.25617268681526184		 Val MAE: 0.2870757281780243
             	Algebraic dist: 24.601618149701288		 Val Algebraic dist: 31.332534790039062
             	RE1 dist: 687.1324678308823		 Val RE1 dist: 1043.359375
             	SED dist: 3837.0661764705883		 Val SED dist: 3349.1663411458335

Epoch 22/12000: 	Training Loss: 1503.3690257352941		 Val Loss: 1132.3438313802083
             	Training MAE: 0.31162917613983154		 Val MAE: 0.3315420150756836
             	Algebraic dist: 31.2596435546875		 Val Algebraic dist: 34.86368052164713
             	RE1 dist: 1137.5747931985295		 Val RE1 dist: 1438.13427734375
             	SED dist: 3006.090762867647		 Val SED dist: 2263.9723307291665

Epoch 23/12000: 	Training Loss: 848.2424747242648		 Val Loss: 591.2574055989584
             	Training MAE: 0.32366621494293213		 Val MAE: 0.31247678399086
             	Algebraic dist: 28.947136374080884		 Val Algebraic dist: 24.796348571777344
             	RE1 dist: 884.2769990808823		 Val RE1 dist: 757.6163736979166
             	SED dist: 1695.7366727941176		 Val SED dist: 1181.7435709635417

Epoch 24/12000: 	Training Loss: 207.51372931985293		 Val Loss: 89.16854858398438
             	Training MAE: 0.3064824044704437		 Val MAE: 0.3117651045322418
             	Algebraic dist: 25.899058622472428		 Val Algebraic dist: 19.27556864420573
             	RE1 dist: 749.2135225183823		 Val RE1 dist: 334.4383544921875
             	SED dist: 414.2453182444853		 Val SED dist: 177.5344034830729

Epoch 25/12000: 	Training Loss: 36.88723575367647		 Val Loss: 23.9503911336263
             	Training MAE: 0.32354268431663513		 Val MAE: 0.34079480171203613
             	Algebraic dist: 20.263059728285846		 Val Algebraic dist: 18.232715606689453
             	RE1 dist: 475.0031307444853		 Val RE1 dist: 365.3182373046875
             	SED dist: 72.92128619025735		 Val SED dist: 46.98515319824219

Epoch 26/12000: 	Training Loss: 14.57799664665671		 Val Loss: 12.920501708984375
             	Training MAE: 0.34522753953933716		 Val MAE: 0.349973201751709
             	Algebraic dist: 23.940370447495404		 Val Algebraic dist: 23.246658325195312
             	RE1 dist: 771.3039981617648		 Val RE1 dist: 645.8573811848959
             	SED dist: 28.233445111443014		 Val SED dist: 24.910499572753906

Epoch 27/12000: 	Training Loss: 8.782879997702207		 Val Loss: 10.963766733805338
             	Training MAE: 0.35054293274879456		 Val MAE: 0.3525794744491577
             	Algebraic dist: 26.98732622931985		 Val Algebraic dist: 26.224217732747395
             	RE1 dist: 915.9384191176471		 Val RE1 dist: 821.9357096354166
             	SED dist: 16.64662978228401		 Val SED dist: 21.006905873616535

Epoch 28/12000: 	Training Loss: 6.762321472167969		 Val Loss: 6.523723602294922
             	Training MAE: 0.3570370376110077		 Val MAE: 0.3574451506137848
             	Algebraic dist: 30.79092227711397		 Val Algebraic dist: 25.473859151204426
             	RE1 dist: 1439.0287224264705		 Val RE1 dist: 747.55322265625
             	SED dist: 12.605176140280332		 Val SED dist: 12.133491516113281

Epoch 29/12000: 	Training Loss: 4.98812058392693		 Val Loss: 6.457920074462891
             	Training MAE: 0.3642694652080536		 Val MAE: 0.3618786931037903
             	Algebraic dist: 31.592906278722428		 Val Algebraic dist: 26.2948735555013
             	RE1 dist: 1434.7173713235295		 Val RE1 dist: 815.2035319010416
             	SED dist: 9.067860322840074		 Val SED dist: 11.996631622314453

Epoch 30/12000: 	Training Loss: 4.356275221880744		 Val Loss: 5.746398289998372
             	Training MAE: 0.3694359362125397		 Val MAE: 0.3768409490585327
             	Algebraic dist: 33.147715849034924		 Val Algebraic dist: 39.859415690104164
             	RE1 dist: 1564.1895680147059		 Val RE1 dist: 2007.8994140625
             	SED dist: 7.818304622874541		 Val SED dist: 10.565160751342773

Epoch 31/12000: 	Training Loss: 3.6730838102452896		 Val Loss: 6.568094889322917
             	Training MAE: 0.37455514073371887		 Val MAE: 0.3707733154296875
             	Algebraic dist: 37.551201315487134		 Val Algebraic dist: 41.24938710530599
             	RE1 dist: 2057.5992647058824		 Val RE1 dist: 2236.4228515625
             	SED dist: 6.4714970308191635		 Val SED dist: 12.253595987955729

Epoch 32/12000: 	Training Loss: 3.384200601016774		 Val Loss: 5.430652618408203
             	Training MAE: 0.37552881240844727		 Val MAE: 0.3749237656593323
             	Algebraic dist: 39.29538143382353		 Val Algebraic dist: 40.28487650553385
             	RE1 dist: 2289.484375		 Val RE1 dist: 2031.60595703125
             	SED dist: 5.940481746897978		 Val SED dist: 10.00838851928711

Epoch 33/12000: 	Training Loss: 2.8783928366268383		 Val Loss: 5.94001833597819
             	Training MAE: 0.37577348947525024		 Val MAE: 0.3684038519859314
             	Algebraic dist: 48.92938591452206		 Val Algebraic dist: 41.63139851888021
             	RE1 dist: 3841.31640625		 Val RE1 dist: 2242.9378255208335
             	SED dist: 4.973400340360754		 Val SED dist: 11.084966023763021

Epoch 34/12000: 	Training Loss: 2.988256342270795		 Val Loss: 6.229664484659831
             	Training MAE: 0.3574661314487457		 Val MAE: 0.365239679813385
             	Algebraic dist: 42.60202564912684		 Val Algebraic dist: 53.83442687988281
             	RE1 dist: 2575.5716911764707		 Val RE1 dist: 3844.2867838541665
             	SED dist: 5.283709357766544		 Val SED dist: 11.750010172526041

Epoch 35/12000: 	Training Loss: 2.89411455042222		 Val Loss: 5.214505195617676
             	Training MAE: 0.35026201605796814		 Val MAE: 0.3711828291416168
             	Algebraic dist: 46.004706887637866		 Val Algebraic dist: 52.61675516764323
             	RE1 dist: 3085.3239889705883		 Val RE1 dist: 3211.3203125
             	SED dist: 5.133841570685892		 Val SED dist: 9.692171096801758

Epoch 36/12000: 	Training Loss: 2.513713612275965		 Val Loss: 5.790254592895508
             	Training MAE: 0.3487045466899872		 Val MAE: 0.3479136824607849
             	Algebraic dist: 45.328817928538605		 Val Algebraic dist: 52.18415832519531
             	RE1 dist: 2703.8177849264707		 Val RE1 dist: 3386.6666666666665
             	SED dist: 4.3895259183995865		 Val SED dist: 10.95401128133138

Epoch 37/12000: 	Training Loss: 2.216454225427964		 Val Loss: 5.246171315511067
             	Training MAE: 0.32133179903030396		 Val MAE: 0.3533504903316498
             	Algebraic dist: 36.591929716222424		 Val Algebraic dist: 48.22889709472656
             	RE1 dist: 1624.3775275735295		 Val RE1 dist: 3320.4342447916665
             	SED dist: 3.882017696605009		 Val SED dist: 9.856976826985678

Epoch 38/12000: 	Training Loss: 2.176282321705538		 Val Loss: 5.029645601908366
             	Training MAE: 0.32119208574295044		 Val MAE: 0.3378298878669739
             	Algebraic dist: 40.95262235753677		 Val Algebraic dist: 51.67647806803385
             	RE1 dist: 2218.587775735294		 Val RE1 dist: 3169.2643229166665
             	SED dist: 3.799524195053998		 Val SED dist: 9.47344970703125

Epoch 39/12000: 	Training Loss: 2.2606261758243336		 Val Loss: 5.790910085042317
             	Training MAE: 0.3185963034629822		 Val MAE: 0.33223390579223633
             	Algebraic dist: 38.59835276884191		 Val Algebraic dist: 47.156463623046875
             	RE1 dist: 1918.8321461397059		 Val RE1 dist: 3078.8616536458335
             	SED dist: 3.977473539464614		 Val SED dist: 11.0020751953125

Epoch 40/12000: 	Training Loss: 2.2723312377929688		 Val Loss: 5.115747451782227
             	Training MAE: 0.30592218041419983		 Val MAE: 0.3339534103870392
             	Algebraic dist: 39.188483743106616		 Val Algebraic dist: 51.54413350423177
             	RE1 dist: 1754.8023897058824		 Val RE1 dist: 2884.8583984375
             	SED dist: 4.032210854923024		 Val SED dist: 9.655740737915039

Epoch 41/12000: 	Training Loss: 2.1929381875430836		 Val Loss: 4.954813321431478
             	Training MAE: 0.3129289150238037		 Val MAE: 0.33552196621894836
             	Algebraic dist: 39.2431640625		 Val Algebraic dist: 46.42311096191406
             	RE1 dist: 1890.3050321691176		 Val RE1 dist: 2585.0699869791665
             	SED dist: 3.857028736787684		 Val SED dist: 9.33115005493164

Epoch 42/12000: 	Training Loss: 1.9182052612304688		 Val Loss: 5.272164344787598
             	Training MAE: 0.30718690156936646		 Val MAE: 0.32119646668434143
             	Algebraic dist: 35.11715877757353		 Val Algebraic dist: 49.16056823730469
             	RE1 dist: 1379.2709099264705		 Val RE1 dist: 3282.6731770833335
             	SED dist: 3.3267649482278263		 Val SED dist: 10.002257029215494

Epoch 43/12000: 	Training Loss: 2.136892655316521		 Val Loss: 4.7882843017578125
             	Training MAE: 0.2971283495426178		 Val MAE: 0.31357115507125854
             	Algebraic dist: 35.531609030330884		 Val Algebraic dist: 47.979451497395836
             	RE1 dist: 1442.7992876838234		 Val RE1 dist: 2696.8380533854165
             	SED dist: 3.7859806733972885		 Val SED dist: 9.058087031046549

Epoch 44/12000: 	Training Loss: 1.8765384449678308		 Val Loss: 4.487524668375651
             	Training MAE: 0.3001704216003418		 Val MAE: 0.32140323519706726
             	Algebraic dist: 33.464305204503674		 Val Algebraic dist: 46.079081217447914
             	RE1 dist: 1284.303768382353		 Val RE1 dist: 2559.8235677083335
             	SED dist: 3.2600014630485985		 Val SED dist: 8.437238057454428

Epoch 45/12000: 	Training Loss: 1.8456655390122358		 Val Loss: 4.68595027923584
             	Training MAE: 0.29738765954971313		 Val MAE: 0.3184560537338257
             	Algebraic dist: 35.97586598115809		 Val Algebraic dist: 47.88534037272135
             	RE1 dist: 1452.1568244485295		 Val RE1 dist: 2865.5270182291665
             	SED dist: 3.209307726691751		 Val SED dist: 8.847440719604492

Epoch 46/12000: 	Training Loss: 1.8016823039335363		 Val Loss: 4.81201171875
             	Training MAE: 0.2926099896430969		 Val MAE: 0.3180277645587921
             	Algebraic dist: 32.84979607077206		 Val Algebraic dist: 52.46074930826823
             	RE1 dist: 1145.7005974264705		 Val RE1 dist: 3179.7483723958335
             	SED dist: 3.1314118329216454		 Val SED dist: 9.106915791829428

Epoch 47/12000: 	Training Loss: 1.6568392585305607		 Val Loss: 5.268842061360677
             	Training MAE: 0.2940344512462616		 Val MAE: 0.310891330242157
             	Algebraic dist: 33.54221119600184		 Val Algebraic dist: 48.251810709635414
             	RE1 dist: 1268.6776194852941		 Val RE1 dist: 2724.55029296875
             	SED dist: 2.8378109651453354		 Val SED dist: 10.029698053995768

Epoch 48/12000: 	Training Loss: 1.8038232466753792		 Val Loss: 4.7283369700113935
             	Training MAE: 0.28592029213905334		 Val MAE: 0.3127514123916626
             	Algebraic dist: 32.117298799402576		 Val Algebraic dist: 47.387115478515625
             	RE1 dist: 1142.1491268382354		 Val RE1 dist: 2412.9222005208335
             	SED dist: 3.1497358434340534		 Val SED dist: 8.94528579711914

Epoch 49/12000: 	Training Loss: 1.6794559254365808		 Val Loss: 4.9038896560668945
             	Training MAE: 0.2882795035839081		 Val MAE: 0.3153729736804962
             	Algebraic dist: 34.96032355813419		 Val Algebraic dist: 46.16380818684896
             	RE1 dist: 1329.594669117647		 Val RE1 dist: 2685.6220703125
             	SED dist: 2.8991766536937043		 Val SED dist: 9.285020192464193

Epoch 50/12000: 	Training Loss: 1.7325631309958065		 Val Loss: 4.632282892862956
             	Training MAE: 0.28608718514442444		 Val MAE: 0.31919875741004944
             	Algebraic dist: 34.96232694738052		 Val Algebraic dist: 54.26500956217448
             	RE1 dist: 1342.518612132353		 Val RE1 dist: 3182.1744791666665
             	SED dist: 3.01219020170324		 Val SED dist: 8.74881680806478

Epoch 51/12000: 	Training Loss: 1.7564987855799057		 Val Loss: 5.0075734456380205
             	Training MAE: 0.2917499840259552		 Val MAE: 0.32977256178855896
             	Algebraic dist: 35.94833912568934		 Val Algebraic dist: 52.86988830566406
             	RE1 dist: 1416.0973115808824		 Val RE1 dist: 3629.3157552083335
             	SED dist: 3.0455901202033546		 Val SED dist: 9.46011479695638

Epoch 52/12000: 	Training Loss: 1.6269056656781364		 Val Loss: 4.380804379781087
             	Training MAE: 0.2915390431880951		 Val MAE: 0.3195384740829468
             	Algebraic dist: 35.583442239200366		 Val Algebraic dist: 56.75939432779948
             	RE1 dist: 1390.0065487132354		 Val RE1 dist: 3437.4798177083335
             	SED dist: 2.789341421688304		 Val SED dist: 8.237613042195639

Epoch 53/12000: 	Training Loss: 1.7797210917753332		 Val Loss: 4.75202751159668
             	Training MAE: 0.2876488268375397		 Val MAE: 0.3218417465686798
             	Algebraic dist: 37.965953153722424		 Val Algebraic dist: 57.601348876953125
             	RE1 dist: 1610.241153492647		 Val RE1 dist: 3963.4339192708335
             	SED dist: 3.105559180764591		 Val SED dist: 8.97622807820638

Epoch 54/12000: 	Training Loss: 1.6086388756247127		 Val Loss: 5.102713267008464
             	Training MAE: 0.28707388043403625		 Val MAE: 0.3194977045059204
             	Algebraic dist: 36.30720430261948		 Val Algebraic dist: 50.541646321614586
             	RE1 dist: 1400.2604549632354		 Val RE1 dist: 2719.59716796875
             	SED dist: 2.7660787245806526		 Val SED dist: 9.66307258605957

Epoch 55/12000: 	Training Loss: 1.479139440199908		 Val Loss: 4.634400049845378
             	Training MAE: 0.2873884439468384		 Val MAE: 0.3144257068634033
             	Algebraic dist: 33.90040857651655		 Val Algebraic dist: 53.840718587239586
             	RE1 dist: 1264.0587086397059		 Val RE1 dist: 2879.6803385416665
             	SED dist: 2.5050192440257355		 Val SED dist: 8.760077158610025

Epoch 56/12000: 	Training Loss: 1.5592078040627873		 Val Loss: 4.164038022359212
             	Training MAE: 0.2849802076816559		 Val MAE: 0.32293716073036194
             	Algebraic dist: 33.402350930606616		 Val Algebraic dist: 59.87206522623698
             	RE1 dist: 1203.9106158088234		 Val RE1 dist: 4270.737630208333
             	SED dist: 2.6638264375574447		 Val SED dist: 7.806649525960286

Epoch 57/12000: 	Training Loss: 1.3945231718175553		 Val Loss: 4.680513381958008
             	Training MAE: 0.2874033451080322		 Val MAE: 0.3083263635635376
             	Algebraic dist: 33.08431468290441		 Val Algebraic dist: 57.383219401041664
             	RE1 dist: 1174.329159007353		 Val RE1 dist: 3637.4895833333335
             	SED dist: 2.3357761607450596		 Val SED dist: 8.864706675211588

Epoch 58/12000: 	Training Loss: 1.5010433197021484		 Val Loss: 4.642132759094238
             	Training MAE: 0.27943289279937744		 Val MAE: 0.30598708987236023
             	Algebraic dist: 34.307811063878674		 Val Algebraic dist: 59.432373046875
             	RE1 dist: 1259.1301700367646		 Val RE1 dist: 3683.07421875
             	SED dist: 2.5680481405819164		 Val SED dist: 8.797676722208658

Epoch 59/12000: 	Training Loss: 1.4188485987046187		 Val Loss: 4.947929700215657
             	Training MAE: 0.2792731821537018		 Val MAE: 0.30688828229904175
             	Algebraic dist: 31.882988424862134		 Val Algebraic dist: 55.801045735677086
             	RE1 dist: 1131.0139016544117		 Val RE1 dist: 3820.0081380208335
             	SED dist: 2.4050212186925553		 Val SED dist: 9.409514745076498

Epoch 60/12000: 	Training Loss: 1.4556423636043774		 Val Loss: 4.400925318400065
             	Training MAE: 0.2834278345108032		 Val MAE: 0.31606799364089966
             	Algebraic dist: 33.811623965992645		 Val Algebraic dist: 67.0091044108073
             	RE1 dist: 1257.9155560661766		 Val RE1 dist: 4545.9638671875
             	SED dist: 2.4713132521685433		 Val SED dist: 8.304157892862955

Epoch 61/12000: 	Training Loss: 1.4419054143569048		 Val Loss: 4.1194257736206055
             	Training MAE: 0.2843456566333771		 Val MAE: 0.3076198399066925
             	Algebraic dist: 35.31490550321691		 Val Algebraic dist: 54.93950907389323
             	RE1 dist: 1307.9065946691176		 Val RE1 dist: 3376.814453125
             	SED dist: 2.443362740909352		 Val SED dist: 7.7565657297770185

Epoch 62/12000: 	Training Loss: 1.42200268016142		 Val Loss: 4.50510311126709
             	Training MAE: 0.2762853801250458		 Val MAE: 0.3075305223464966
             	Algebraic dist: 34.52420223460478		 Val Algebraic dist: 61.3712158203125
             	RE1 dist: 1310.7582720588234		 Val RE1 dist: 4429.1884765625
             	SED dist: 2.4236468146829044		 Val SED dist: 8.517136255900065

Epoch 63/12000: 	Training Loss: 1.4380438187543083		 Val Loss: 4.3052552541097
             	Training MAE: 0.2799057960510254		 Val MAE: 0.30904966592788696
             	Algebraic dist: 35.49221263212316		 Val Algebraic dist: 59.49323527018229
             	RE1 dist: 1336.870174632353		 Val RE1 dist: 3733.6770833333335
             	SED dist: 2.4487490934484146		 Val SED dist: 8.129291534423828

Epoch 64/12000: 	Training Loss: 1.3647797528435202		 Val Loss: 4.964707374572754
             	Training MAE: 0.277470201253891		 Val MAE: 0.3118029236793518
             	Algebraic dist: 32.72581571691177		 Val Algebraic dist: 59.999369303385414
             	RE1 dist: 1177.0699678308824		 Val RE1 dist: 3789.7454427083335
             	SED dist: 2.303256539737477		 Val SED dist: 9.434232076009115

Epoch 65/12000: 	Training Loss: 1.2969994264490463		 Val Loss: 4.611052513122559
             	Training MAE: 0.28189584612846375		 Val MAE: 0.3126862347126007
             	Algebraic dist: 31.6479887120864		 Val Algebraic dist: 60.87549336751302
             	RE1 dist: 1107.4790900735295		 Val RE1 dist: 4061.67578125
             	SED dist: 2.16540033677045		 Val SED dist: 8.720340728759766

Epoch 66/12000: 	Training Loss: 1.2808612374698414		 Val Loss: 4.411659876505534
             	Training MAE: 0.28014203906059265		 Val MAE: 0.301295667886734
             	Algebraic dist: 31.897898954503678		 Val Algebraic dist: 55.000895182291664
             	RE1 dist: 1056.23828125		 Val RE1 dist: 3244.6826171875
             	SED dist: 2.1333319720099952		 Val SED dist: 8.353410085042318

Epoch 67/12000: 	Training Loss: 1.3990001678466797		 Val Loss: 4.4909162521362305
             	Training MAE: 0.27608463168144226		 Val MAE: 0.2964714765548706
             	Algebraic dist: 36.49133659811581		 Val Algebraic dist: 55.014862060546875
             	RE1 dist: 1398.2230009191176		 Val RE1 dist: 3627.3616536458335
             	SED dist: 2.3791174047133503		 Val SED dist: 8.524857838948568

Epoch 68/12000: 	Training Loss: 1.3195069256950827		 Val Loss: 4.2046559651692705
             	Training MAE: 0.27320003509521484		 Val MAE: 0.30705705285072327
             	Algebraic dist: 33.422718721277576		 Val Algebraic dist: 60.62409464518229
             	RE1 dist: 1175.1607306985295		 Val RE1 dist: 4424.53125
             	SED dist: 2.2303101034725414		 Val SED dist: 7.932965596516927

Epoch 69/12000: 	Training Loss: 1.3201093112721163		 Val Loss: 4.543026606241862
             	Training MAE: 0.2700515389442444		 Val MAE: 0.2909964919090271
             	Algebraic dist: 34.521505916819855		 Val Algebraic dist: 58.61659240722656
             	RE1 dist: 1218.2904411764705		 Val RE1 dist: 4349.8603515625
             	SED dist: 2.2354287540211395		 Val SED dist: 8.645086924235025

Epoch 70/12000: 	Training Loss: 1.3570641910328585		 Val Loss: 4.366437911987305
             	Training MAE: 0.266655296087265		 Val MAE: 0.30083930492401123
             	Algebraic dist: 35.97571159811581		 Val Algebraic dist: 59.733846028645836
             	RE1 dist: 1338.6407398897059		 Val RE1 dist: 4164.820963541667
             	SED dist: 2.3201967127182903		 Val SED dist: 8.2781613667806

Epoch 71/12000: 	Training Loss: 1.3140823139863855		 Val Loss: 4.514852205912272
             	Training MAE: 0.27125445008277893		 Val MAE: 0.29988256096839905
             	Algebraic dist: 35.29580867991728		 Val Algebraic dist: 55.0475107828776
             	RE1 dist: 1330.1626838235295		 Val RE1 dist: 3500.2122395833335
             	SED dist: 2.2245420568129597		 Val SED dist: 8.560812632242838

Epoch 72/12000: 	Training Loss: 1.2108925090116613		 Val Loss: 4.379236539204915
             	Training MAE: 0.2695073187351227		 Val MAE: 0.2967033386230469
             	Algebraic dist: 32.28610049977022		 Val Algebraic dist: 59.11762491861979
             	RE1 dist: 1092.7996323529412		 Val RE1 dist: 3959.2802734375
             	SED dist: 2.0237379635081574		 Val SED dist: 8.3087158203125

Epoch 73/12000: 	Training Loss: 1.2717701407039868		 Val Loss: 4.521007219950358
             	Training MAE: 0.2605896592140198		 Val MAE: 0.2899172902107239
             	Algebraic dist: 33.90253044577206		 Val Algebraic dist: 60.67804463704427
             	RE1 dist: 1244.1772748161766		 Val RE1 dist: 3945.6669921875
             	SED dist: 2.1669960021972656		 Val SED dist: 8.612601598103842

Epoch 74/12000: 	Training Loss: 1.3004202001235063		 Val Loss: 4.605527559916179
             	Training MAE: 0.26286599040031433		 Val MAE: 0.29797643423080444
             	Algebraic dist: 33.304938821231616		 Val Algebraic dist: 65.40140787760417
             	RE1 dist: 1178.0814568014705		 Val RE1 dist: 4787.111653645833
             	SED dist: 2.219141118666705		 Val SED dist: 8.759673436482748

Epoch 75/12000: 	Training Loss: 1.2022607466753792		 Val Loss: 4.282130877176921
             	Training MAE: 0.26806825399398804		 Val MAE: 0.2802971601486206
             	Algebraic dist: 34.34403004365809		 Val Algebraic dist: 54.533538818359375
             	RE1 dist: 1283.0134420955883		 Val RE1 dist: 3169.7216796875
             	SED dist: 2.0130974264705883		 Val SED dist: 8.141698201497396

Epoch 76/12000: 	Training Loss: 1.2573657316320084		 Val Loss: 4.292468388875325
             	Training MAE: 0.263104110956192		 Val MAE: 0.29825732111930847
             	Algebraic dist: 34.055197323069855		 Val Algebraic dist: 65.75345357259114
             	RE1 dist: 1230.921875		 Val RE1 dist: 4232.7412109375
             	SED dist: 2.1310052310719207		 Val SED dist: 8.133389790852865

Epoch 77/12000: 	Training Loss: 1.2214037951301127		 Val Loss: 4.290518124898274
             	Training MAE: 0.2636522650718689		 Val MAE: 0.29142865538597107
             	Algebraic dist: 33.51361443014706		 Val Algebraic dist: 65.33514912923177
             	RE1 dist: 1179.1537224264705		 Val RE1 dist: 5512.93359375
             	SED dist: 2.059888054342831		 Val SED dist: 8.148466110229492

Epoch 78/12000: 	Training Loss: 1.2851393082562614		 Val Loss: 4.995439211527507
             	Training MAE: 0.26425883173942566		 Val MAE: 0.2953200936317444
             	Algebraic dist: 35.4731014476103		 Val Algebraic dist: 61.459991455078125
             	RE1 dist: 1359.7125459558824		 Val RE1 dist: 4721.744140625
             	SED dist: 2.183591730454389		 Val SED dist: 9.527263005574545

Epoch 79/12000: 	Training Loss: 1.2746163536520565		 Val Loss: 4.579131444295247
             	Training MAE: 0.2627829611301422		 Val MAE: 0.2798311412334442
             	Algebraic dist: 34.56771671070772		 Val Algebraic dist: 55.52940368652344
             	RE1 dist: 1275.0265395220588		 Val RE1 dist: 3562.9752604166665
             	SED dist: 2.1692118925206803		 Val SED dist: 8.74191983540853

Epoch 80/12000: 	Training Loss: 1.3938624438117533		 Val Loss: 4.473706563313802
             	Training MAE: 0.2598380446434021		 Val MAE: 0.2896139621734619
             	Algebraic dist: 36.923910701976105		 Val Algebraic dist: 66.86602274576823
             	RE1 dist: 1389.826171875		 Val RE1 dist: 4405.174153645833
             	SED dist: 2.4109429752125457		 Val SED dist: 8.516130447387695

Epoch 81/12000: 	Training Loss: 1.2123037226059858		 Val Loss: 4.256102879842122
             	Training MAE: 0.2582595646381378		 Val MAE: 0.28778934478759766
             	Algebraic dist: 33.54125617532169		 Val Algebraic dist: 65.27870178222656
             	RE1 dist: 1231.7535615808824		 Val RE1 dist: 4425.892578125
             	SED dist: 2.054822360768038		 Val SED dist: 8.079956690470377

Epoch 82/12000: 	Training Loss: 1.1917053671444164		 Val Loss: 4.2248430252075195
             	Training MAE: 0.2588135600090027		 Val MAE: 0.28731581568717957
             	Algebraic dist: 33.98965992647059		 Val Algebraic dist: 66.88600158691406
             	RE1 dist: 1216.2640165441176		 Val RE1 dist: 5502.384114583333
             	SED dist: 2.011552698471967		 Val SED dist: 8.026930491129557

Epoch 83/12000: 	Training Loss: 1.150458055384019		 Val Loss: 4.156628926595052
             	Training MAE: 0.2602095901966095		 Val MAE: 0.27626168727874756
             	Algebraic dist: 33.72993379480698		 Val Algebraic dist: 65.58285013834636
             	RE1 dist: 1218.9761029411766		 Val RE1 dist: 4875.967122395833
             	SED dist: 1.9263491911046646		 Val SED dist: 7.906035741170247

Epoch 84/12000: 	Training Loss: 1.2003242268281824		 Val Loss: 4.522177378336589
             	Training MAE: 0.2543184757232666		 Val MAE: 0.27805063128471375
             	Algebraic dist: 34.71233771829044		 Val Algebraic dist: 66.16786193847656
             	RE1 dist: 1216.479434742647		 Val RE1 dist: 5056.180013020833
             	SED dist: 2.0432144613826977		 Val SED dist: 8.637492497762045

Epoch 85/12000: 	Training Loss: 1.1664074168485754		 Val Loss: 4.321754773457845
             	Training MAE: 0.2561970353126526		 Val MAE: 0.2725358307361603
             	Algebraic dist: 33.6920166015625		 Val Algebraic dist: 62.49317423502604
             	RE1 dist: 1183.06640625		 Val RE1 dist: 4513.34375
             	SED dist: 1.9638550702263327		 Val SED dist: 8.250943501790365

Epoch 86/12000: 	Training Loss: 1.182326597325942		 Val Loss: 4.281870524088542
             	Training MAE: 0.2519683539867401		 Val MAE: 0.2747417986392975
             	Algebraic dist: 33.769369686351105		 Val Algebraic dist: 68.67716471354167
             	RE1 dist: 1220.51953125		 Val RE1 dist: 4284.867513020833
             	SED dist: 2.0084473105037914		 Val SED dist: 8.167799631754557

Epoch 87/12000: 	Training Loss: 1.4179430568919462		 Val Loss: 4.288724899291992
             	Training MAE: 0.2526050806045532		 Val MAE: 0.28236719965934753
             	Algebraic dist: 40.62149227366728		 Val Algebraic dist: 63.08330281575521
             	RE1 dist: 1680.5668658088234		 Val RE1 dist: 4593.802734375
             	SED dist: 2.4813192030962776		 Val SED dist: 8.155097961425781

Epoch 88/12000: 	Training Loss: 1.2476844787597656		 Val Loss: 4.110411326090495
             	Training MAE: 0.2508185803890228		 Val MAE: 0.270824134349823
             	Algebraic dist: 34.61010383157169		 Val Algebraic dist: 60.12290954589844
             	RE1 dist: 1248.5199908088234		 Val RE1 dist: 3794.189453125
             	SED dist: 2.1421874551212086		 Val SED dist: 7.827654520670573

Epoch 89/12000: 	Training Loss: 1.2182013567756205		 Val Loss: 4.580269813537598
             	Training MAE: 0.24796165525913239		 Val MAE: 0.2744101583957672
             	Algebraic dist: 34.51947380514706		 Val Algebraic dist: 61.48006693522135
             	RE1 dist: 1243.6216681985295		 Val RE1 dist: 4533.009765625
             	SED dist: 2.0899144340963924		 Val SED dist: 8.75284512837728

Epoch 90/12000: 	Training Loss: 1.136136111091165		 Val Loss: 4.475710868835449
             	Training MAE: 0.2459481805562973		 Val MAE: 0.2700653076171875
             	Algebraic dist: 33.302102481617645		 Val Algebraic dist: 63.523417154947914
             	RE1 dist: 1200.2076056985295		 Val RE1 dist: 4633.746419270833
             	SED dist: 1.9334970362046187		 Val SED dist: 8.558177947998047

Epoch 91/12000: 	Training Loss: 1.1390367395737593		 Val Loss: 4.395252863566081
             	Training MAE: 0.24536946415901184		 Val MAE: 0.27972447872161865
             	Algebraic dist: 33.614613252527576		 Val Algebraic dist: 64.69123840332031
             	RE1 dist: 1159.755859375		 Val RE1 dist: 5077.797526041667
             	SED dist: 1.9392895418054916		 Val SED dist: 8.37597910563151

Epoch 92/12000: 	Training Loss: 1.079563814051011		 Val Loss: 4.289951642354329
             	Training MAE: 0.24572576582431793		 Val MAE: 0.2641035318374634
             	Algebraic dist: 33.88448558134191		 Val Algebraic dist: 65.39341735839844
             	RE1 dist: 1193.6617647058824		 Val RE1 dist: 4709.820963541667
             	SED dist: 1.8211434308220358		 Val SED dist: 8.203877131144205

Epoch 93/12000: 	Training Loss: 1.115836872774012		 Val Loss: 4.278165181477864
             	Training MAE: 0.24322809278964996		 Val MAE: 0.26145705580711365
             	Algebraic dist: 34.80413818359375		 Val Algebraic dist: 65.09884643554688
             	RE1 dist: 1308.3033088235295		 Val RE1 dist: 5813.916666666667
             	SED dist: 1.9001855289234835		 Val SED dist: 8.193917592366537

Epoch 94/12000: 	Training Loss: 1.2477184744442211		 Val Loss: 4.12493896484375
             	Training MAE: 0.24131512641906738		 Val MAE: 0.2630321681499481
             	Algebraic dist: 37.21315271714155		 Val Algebraic dist: 60.33858744303385
             	RE1 dist: 1472.2338005514705		 Val RE1 dist: 4200.415364583333
             	SED dist: 2.164088754092946		 Val SED dist: 7.874648412068685

Epoch 95/12000: 	Training Loss: 1.1581086551441866		 Val Loss: 4.1300153732299805
             	Training MAE: 0.2405715435743332		 Val MAE: 0.2816264033317566
             	Algebraic dist: 34.151862649356616		 Val Algebraic dist: 68.72327168782552
             	RE1 dist: 1195.6511948529412		 Val RE1 dist: 5312.478515625
             	SED dist: 1.9887778338264017		 Val SED dist: 7.837109883626302

Epoch 96/12000: 	Training Loss: 1.1051672767190373		 Val Loss: 4.932071367899577
             	Training MAE: 0.23773111402988434		 Val MAE: 0.25728267431259155
             	Algebraic dist: 34.463156307444855		 Val Algebraic dist: 59.616668701171875
             	RE1 dist: 1259.0638786764705		 Val RE1 dist: 4183.865234375
             	SED dist: 1.8895461138556986		 Val SED dist: 9.489913940429688

Epoch 97/12000: 	Training Loss: 1.1904273313634537		 Val Loss: 4.782417297363281
             	Training MAE: 0.23634301126003265		 Val MAE: 0.25206437706947327
             	Algebraic dist: 34.502552705652576		 Val Algebraic dist: 62.81262715657552
             	RE1 dist: 1266.497012867647		 Val RE1 dist: 5058.8505859375
             	SED dist: 2.061461504767923		 Val SED dist: 9.213144302368164

Epoch 98/12000: 	Training Loss: 1.1638031005859375		 Val Loss: 3.9433110555013022
             	Training MAE: 0.23460522294044495		 Val MAE: 0.2611751854419708
             	Algebraic dist: 34.78354061351103		 Val Algebraic dist: 59.17620849609375
             	RE1 dist: 1268.1488970588234		 Val RE1 dist: 3932.7652994791665
             	SED dist: 2.0120414285098804		 Val SED dist: 7.501604080200195

Epoch 99/12000: 	Training Loss: 1.344728806439568		 Val Loss: 4.716030120849609
             	Training MAE: 0.23451606929302216		 Val MAE: 0.2501091957092285
             	Algebraic dist: 39.53492647058823		 Val Algebraic dist: 63.217864990234375
             	RE1 dist: 1636.1595818014705		 Val RE1 dist: 5483.7734375
             	SED dist: 2.3741529128130745		 Val SED dist: 9.080716451009115

Epoch 100/12000: 	Training Loss: 1.19798963210162		 Val Loss: 4.895081520080566
             	Training MAE: 0.23101012408733368		 Val MAE: 0.25656068325042725
             	Algebraic dist: 36.039909811580884		 Val Algebraic dist: 64.31582641601562
             	RE1 dist: 1314.9708180147059		 Val RE1 dist: 5373.5380859375
             	SED dist: 2.0900378507726334		 Val SED dist: 9.424908320109049

Epoch 101/12000: 	Training Loss: 1.3285551632151884		 Val Loss: 4.430680592854817
             	Training MAE: 0.23651793599128723		 Val MAE: 0.2623668313026428
             	Algebraic dist: 40.31801829618566		 Val Algebraic dist: 69.94087219238281
             	RE1 dist: 1647.1949678308824		 Val RE1 dist: 5537.692057291667
             	SED dist: 2.332914240220014		 Val SED dist: 8.48390007019043

Epoch 102/12000: 	Training Loss: 1.0968437194824219		 Val Loss: 4.413181304931641
             	Training MAE: 0.23104143142700195		 Val MAE: 0.250342458486557
             	Algebraic dist: 33.26217830882353		 Val Algebraic dist: 57.57540384928385
             	RE1 dist: 1151.600528492647		 Val RE1 dist: 3974.0029296875
             	SED dist: 1.8811423357795267		 Val SED dist: 8.468411127726236

Epoch 103/12000: 	Training Loss: 1.1921078177059399		 Val Loss: 4.518080393473308
             	Training MAE: 0.22988370060920715		 Val MAE: 0.2601591646671295
             	Algebraic dist: 37.86856617647059		 Val Algebraic dist: 67.46986389160156
             	RE1 dist: 1476.453125		 Val RE1 dist: 5692.723958333333
             	SED dist: 2.0815651837517235		 Val SED dist: 8.66619873046875

Epoch 104/12000: 	Training Loss: 1.3068647945628447		 Val Loss: 4.366065661112468
             	Training MAE: 0.22752730548381805		 Val MAE: 0.2522508203983307
             	Algebraic dist: 38.8202694163603		 Val Algebraic dist: 69.5611063639323
             	RE1 dist: 1589.4827665441176		 Val RE1 dist: 4447.91015625
             	SED dist: 2.311239579144646		 Val SED dist: 8.375581741333008

Epoch 105/12000: 	Training Loss: 1.1695598153507007		 Val Loss: 4.027836799621582
             	Training MAE: 0.22876010835170746		 Val MAE: 0.24889646470546722
             	Algebraic dist: 36.886119169347424		 Val Algebraic dist: 56.89278666178385
             	RE1 dist: 1419.9028033088234		 Val RE1 dist: 3686.767578125
             	SED dist: 2.0353909660788143		 Val SED dist: 7.7000986735026045

Epoch 106/12000: 	Training Loss: 1.0951856725356157		 Val Loss: 4.2432301839192705
             	Training MAE: 0.228510782122612		 Val MAE: 0.25030437111854553
             	Algebraic dist: 33.72067081227022		 Val Algebraic dist: 66.68515523274739
             	RE1 dist: 1215.4855238970588		 Val RE1 dist: 5636.636067708333
             	SED dist: 1.883374158073874		 Val SED dist: 8.141191482543945

Epoch 107/12000: 	Training Loss: 1.156465866986443		 Val Loss: 4.17842165629069
             	Training MAE: 0.22418570518493652		 Val MAE: 0.2462073117494583
             	Algebraic dist: 36.603221220128674		 Val Algebraic dist: 69.39865620930989
             	RE1 dist: 1377.5280330882354		 Val RE1 dist: 4946.172200520833
             	SED dist: 2.0184698665843293		 Val SED dist: 8.02433967590332

Epoch 108/12000: 	Training Loss: 1.147506040685317		 Val Loss: 4.075241406758626
             	Training MAE: 0.22082871198654175		 Val MAE: 0.2570045590400696
             	Algebraic dist: 34.99443143956802		 Val Algebraic dist: 62.21390279134115
             	RE1 dist: 1240.9986213235295		 Val RE1 dist: 4954.668619791667
             	SED dist: 2.007085912367877		 Val SED dist: 7.778476715087891

Epoch 109/12000: 	Training Loss: 1.1300521177404068		 Val Loss: 4.261741638183594
             	Training MAE: 0.2241957187652588		 Val MAE: 0.23877118527889252
             	Algebraic dist: 36.48686308019302		 Val Algebraic dist: 60.738037109375
             	RE1 dist: 1376.3694852941176		 Val RE1 dist: 4389.7568359375
             	SED dist: 1.9655553032370174		 Val SED dist: 8.196772257486979

Epoch 110/12000: 	Training Loss: 1.1106427136589498		 Val Loss: 4.5344235102335615
             	Training MAE: 0.2186528891324997		 Val MAE: 0.24078431725502014
             	Algebraic dist: 35.49778478285845		 Val Algebraic dist: 68.29219563802083
             	RE1 dist: 1304.0522748161766		 Val RE1 dist: 5558.163411458333
             	SED dist: 1.9367159675149357		 Val SED dist: 8.742473602294922

Epoch 111/12000: 	Training Loss: 1.219063029569738		 Val Loss: 4.264978090922038
             	Training MAE: 0.2254810482263565		 Val MAE: 0.25155317783355713
             	Algebraic dist: 39.16915355009191		 Val Algebraic dist: 73.65816243489583
             	RE1 dist: 1533.0999540441176		 Val RE1 dist: 5230.358723958333
             	SED dist: 2.1384804669548485		 Val SED dist: 8.18500010172526

Epoch 112/12000: 	Training Loss: 1.485658421235926		 Val Loss: 4.907736778259277
             	Training MAE: 0.21955552697181702		 Val MAE: 0.2375478744506836
             	Algebraic dist: 42.343559713924634		 Val Algebraic dist: 70.62403869628906
             	RE1 dist: 1834.4354319852941		 Val RE1 dist: 7032.412109375
             	SED dist: 2.684447344611673		 Val SED dist: 9.499358495076498

Epoch 113/12000: 	Training Loss: 1.1883563995361328		 Val Loss: 4.469998359680176
             	Training MAE: 0.21767647564411163		 Val MAE: 0.2366844266653061
             	Algebraic dist: 38.45914234834559		 Val Algebraic dist: 63.75190734863281
             	RE1 dist: 1615.2154181985295		 Val RE1 dist: 4678.267252604167
             	SED dist: 2.096654106588925		 Val SED dist: 8.621663411458334

Epoch 114/12000: 	Training Loss: 1.0562053007238053		 Val Loss: 4.019975344340007
             	Training MAE: 0.21689006686210632		 Val MAE: 0.24586890637874603
             	Algebraic dist: 33.791205911075366		 Val Algebraic dist: 65.45601399739583
             	RE1 dist: 1199.1286764705883		 Val RE1 dist: 4480.996744791667
             	SED dist: 1.831052219166475		 Val SED dist: 7.704246520996094

Epoch 115/12000: 	Training Loss: 1.0613351709702437		 Val Loss: 4.1474965413411455
             	Training MAE: 0.21633702516555786		 Val MAE: 0.2375909686088562
             	Algebraic dist: 34.0810546875		 Val Algebraic dist: 61.14125061035156
             	RE1 dist: 1205.0697380514705		 Val RE1 dist: 4206.178385416667
             	SED dist: 1.844860637889189		 Val SED dist: 7.973888397216797

Epoch 116/12000: 	Training Loss: 1.0894772024715649		 Val Loss: 4.522203763326009
             	Training MAE: 0.21768201887607574		 Val MAE: 0.2356046736240387
             	Algebraic dist: 35.33965705422794		 Val Algebraic dist: 67.64202880859375
             	RE1 dist: 1328.5587086397059		 Val RE1 dist: 5028.019205729167
             	SED dist: 1.8980050928452437		 Val SED dist: 8.728961308797201

Epoch 117/12000: 	Training Loss: 1.147027296178481		 Val Loss: 3.869317372639974
             	Training MAE: 0.21321150660514832		 Val MAE: 0.24151669442653656
             	Algebraic dist: 35.68884636374081		 Val Algebraic dist: 73.4278564453125
             	RE1 dist: 1393.7344898897059		 Val RE1 dist: 5447.546875
             	SED dist: 2.0211852578555836		 Val SED dist: 7.413885116577148

Epoch 118/12000: 	Training Loss: 1.1804872400620405		 Val Loss: 4.338303248087565
             	Training MAE: 0.21729692816734314		 Val MAE: 0.24086448550224304
             	Algebraic dist: 36.506279440487134		 Val Algebraic dist: 72.27178955078125
             	RE1 dist: 1408.7795266544117		 Val RE1 dist: 5914.685546875
             	SED dist: 2.079664566937615		 Val SED dist: 8.356236139933268

Epoch 119/12000: 	Training Loss: 1.3893044415642233		 Val Loss: 4.103132247924805
             	Training MAE: 0.21498243510723114		 Val MAE: 0.2344837337732315
             	Algebraic dist: 41.864674287683826		 Val Algebraic dist: 71.00356038411458
             	RE1 dist: 1921.1700367647059		 Val RE1 dist: 5080.778645833333
             	SED dist: 2.5014563167796418		 Val SED dist: 7.894269307454427

Epoch 120/12000: 	Training Loss: 1.101698033949908		 Val Loss: 3.9423039754231772
             	Training MAE: 0.21131101250648499		 Val MAE: 0.24663043022155762
             	Algebraic dist: 35.086669921875		 Val Algebraic dist: 68.27367146809895
             	RE1 dist: 1277.586971507353		 Val RE1 dist: 4671.75
             	SED dist: 1.9384660159840303		 Val SED dist: 7.547834396362305

Epoch 121/12000: 	Training Loss: 1.1893585429472082		 Val Loss: 4.024579683939616
             	Training MAE: 0.21373488008975983		 Val MAE: 0.23924921452999115
             	Algebraic dist: 37.7797061695772		 Val Algebraic dist: 67.96007792154948
             	RE1 dist: 1502.9269301470588		 Val RE1 dist: 5234.860677083333
             	SED dist: 2.1081347746007584		 Val SED dist: 7.735687891642253

Epoch 122/12000: 	Training Loss: 1.0670464459587545		 Val Loss: 4.1572262446085615
             	Training MAE: 0.2102842479944229		 Val MAE: 0.22301612794399261
             	Algebraic dist: 33.505604463465076		 Val Algebraic dist: 67.28467814127605
             	RE1 dist: 1167.3432904411766		 Val RE1 dist: 5351.372721354167
             	SED dist: 1.8709973727955538		 Val SED dist: 8.035115559895834

Epoch 123/12000: 	Training Loss: 1.1064624786376953		 Val Loss: 4.60809326171875
             	Training MAE: 0.20636001229286194		 Val MAE: 0.2257889360189438
             	Algebraic dist: 35.800454532398895		 Val Algebraic dist: 65.86239115397136
             	RE1 dist: 1411.2464384191176		 Val RE1 dist: 5319.007486979167
             	SED dist: 1.9592224569881664		 Val SED dist: 8.926319122314453

Epoch 124/12000: 	Training Loss: 1.2367697323069853		 Val Loss: 4.277750333150228
             	Training MAE: 0.21261413395404816		 Val MAE: 0.23648381233215332
             	Algebraic dist: 38.83351404526655		 Val Algebraic dist: 69.99165852864583
             	RE1 dist: 1562.046875		 Val RE1 dist: 5398.862955729167
             	SED dist: 2.2057804780847885		 Val SED dist: 8.246934254964193

Epoch 125/12000: 	Training Loss: 1.0855742061839384		 Val Loss: 4.289059003194173
             	Training MAE: 0.20973393321037292		 Val MAE: 0.23632854223251343
             	Algebraic dist: 35.308349609375		 Val Algebraic dist: 71.86721293131511
             	RE1 dist: 1341.9555376838234		 Val RE1 dist: 6042.491536458333
             	SED dist: 1.911079631132238		 Val SED dist: 8.271134694417318

Epoch 126/12000: 	Training Loss: 1.0294132232666016		 Val Loss: 4.269444465637207
             	Training MAE: 0.20936040580272675		 Val MAE: 0.2343180775642395
             	Algebraic dist: 33.41690242991728		 Val Algebraic dist: 68.14768981933594
             	RE1 dist: 1214.8776424632354		 Val RE1 dist: 5497.336588541667
             	SED dist: 1.7983340095071232		 Val SED dist: 8.235666910807291

Epoch 127/12000: 	Training Loss: 1.0006735184613396		 Val Loss: 4.10320250193278
             	Training MAE: 0.2087341994047165		 Val MAE: 0.24029649794101715
             	Algebraic dist: 33.373650045955884		 Val Algebraic dist: 68.89542643229167
             	RE1 dist: 1142.8801700367646		 Val RE1 dist: 5262.27734375
             	SED dist: 1.7421922122730928		 Val SED dist: 7.892707188924153

Epoch 128/12000: 	Training Loss: 1.0860613654641544		 Val Loss: 4.210888544718425
             	Training MAE: 0.2054535299539566		 Val MAE: 0.24406364560127258
             	Algebraic dist: 35.09805118336397		 Val Algebraic dist: 70.25357055664062
             	RE1 dist: 1274.5958180147059		 Val RE1 dist: 5040.072591145833
             	SED dist: 1.9195897719439339		 Val SED dist: 8.103047053019205

Epoch 129/12000: 	Training Loss: 1.0110433241900276		 Val Loss: 4.0038712819417315
             	Training MAE: 0.20401208102703094		 Val MAE: 0.24108350276947021
             	Algebraic dist: 31.648573931525736		 Val Algebraic dist: 67.88561503092448
             	RE1 dist: 1068.5745634191176		 Val RE1 dist: 5250.563151041667
             	SED dist: 1.7740825204288257		 Val SED dist: 7.694028854370117

Epoch 130/12000: 	Training Loss: 1.0383835960836971		 Val Loss: 4.173424402872722
             	Training MAE: 0.20920637249946594		 Val MAE: 0.23445922136306763
             	Algebraic dist: 34.539906221277576		 Val Algebraic dist: 68.41066487630208
             	RE1 dist: 1296.8836167279412		 Val RE1 dist: 5119.273763020833
             	SED dist: 1.819550121531767		 Val SED dist: 8.050910313924154

Epoch 131/12000: 	Training Loss: 1.0514345730052275		 Val Loss: 4.188748995463054
             	Training MAE: 0.2031419575214386		 Val MAE: 0.2343297004699707
             	Algebraic dist: 34.14097684972427		 Val Algebraic dist: 65.39328511555989
             	RE1 dist: 1220.46875		 Val RE1 dist: 4663.076497395833
             	SED dist: 1.8580235873951632		 Val SED dist: 8.077448527018229

Epoch 132/12000: 	Training Loss: 1.153056313009823		 Val Loss: 3.898381551106771
             	Training MAE: 0.20531624555587769		 Val MAE: 0.230161651968956
             	Algebraic dist: 37.416022805606616		 Val Algebraic dist: 64.22798665364583
             	RE1 dist: 1508.5647977941176		 Val RE1 dist: 5033.3740234375
             	SED dist: 2.0561496510225186		 Val SED dist: 7.508629480997722

Epoch 133/12000: 	Training Loss: 0.989922467400046		 Val Loss: 4.042418479919434
             	Training MAE: 0.20683613419532776		 Val MAE: 0.21790245175361633
             	Algebraic dist: 31.93710506663603		 Val Algebraic dist: 71.13443501790364
             	RE1 dist: 1073.3522518382354		 Val RE1 dist: 5032.599934895833
             	SED dist: 1.7278076620662914		 Val SED dist: 7.827420552571614

Epoch 134/12000: 	Training Loss: 1.1645621131448185		 Val Loss: 4.297457695007324
             	Training MAE: 0.2006305456161499		 Val MAE: 0.22451935708522797
             	Algebraic dist: 37.092672909007355		 Val Algebraic dist: 63.94151306152344
             	RE1 dist: 1422.4991957720588		 Val RE1 dist: 5332.819010416667
             	SED dist: 2.0898002175723804		 Val SED dist: 8.317361195882162

Epoch 135/12000: 	Training Loss: 1.1817426120533663		 Val Loss: 4.065073331197103
             	Training MAE: 0.20618756115436554		 Val MAE: 0.23719055950641632
             	Algebraic dist: 38.081259334788605		 Val Algebraic dist: 68.62655131022136
             	RE1 dist: 1541.8762637867646		 Val RE1 dist: 5283.8251953125
             	SED dist: 2.1140910877900967		 Val SED dist: 7.8342539469401045

Epoch 136/12000: 	Training Loss: 1.0889904919792623		 Val Loss: 4.36819330851237
             	Training MAE: 0.20895732939243317		 Val MAE: 0.23613031208515167
             	Algebraic dist: 35.73500330307905		 Val Algebraic dist: 63.535542805989586
             	RE1 dist: 1320.9485294117646		 Val RE1 dist: 5341.7587890625
             	SED dist: 1.9227651708266313		 Val SED dist: 8.437651952107748

Epoch 137/12000: 	Training Loss: 0.9979115654440487		 Val Loss: 3.930543899536133
             	Training MAE: 0.20162750780582428		 Val MAE: 0.22823727130889893
             	Algebraic dist: 32.176097196691174		 Val Algebraic dist: 62.5061289469401
             	RE1 dist: 1116.1460248161766		 Val RE1 dist: 4150.8720703125
             	SED dist: 1.7564052132999195		 Val SED dist: 7.576101303100586

Epoch 138/12000: 	Training Loss: 1.057279811185949		 Val Loss: 4.154682159423828
             	Training MAE: 0.2053583860397339		 Val MAE: 0.24104617536067963
             	Algebraic dist: 34.598898494944855		 Val Algebraic dist: 68.36842346191406
             	RE1 dist: 1303.061465992647		 Val RE1 dist: 4727.3310546875
             	SED dist: 1.8680735195384306		 Val SED dist: 8.004100799560547

Epoch 139/12000: 	Training Loss: 1.0743592206169577		 Val Loss: 4.070952733357747
             	Training MAE: 0.20935562252998352		 Val MAE: 0.2180088460445404
             	Algebraic dist: 34.94324089499081		 Val Algebraic dist: 67.07864888509114
             	RE1 dist: 1266.3122702205883		 Val RE1 dist: 4735.415690104167
             	SED dist: 1.8949221442727482		 Val SED dist: 7.880633036295573

Epoch 140/12000: 	Training Loss: 1.0351926018210018		 Val Loss: 3.905824343363444
             	Training MAE: 0.1991852968931198		 Val MAE: 0.22707779705524445
             	Algebraic dist: 33.357583438648895		 Val Algebraic dist: 64.45419311523438
             	RE1 dist: 1181.0758272058824		 Val RE1 dist: 4185.515625
             	SED dist: 1.837716719683479		 Val SED dist: 7.5351816813151045

Epoch 141/12000: 	Training Loss: 0.976168576408835		 Val Loss: 4.205667177836101
             	Training MAE: 0.19943776726722717		 Val MAE: 0.23155680298805237
             	Algebraic dist: 31.7100435144761		 Val Algebraic dist: 61.431477864583336
             	RE1 dist: 1076.1979549632354		 Val RE1 dist: 4492.356770833333
             	SED dist: 1.7170198103960823		 Val SED dist: 8.130294799804688

Epoch 142/12000: 	Training Loss: 1.0143466276281021		 Val Loss: 4.30232302347819
             	Training MAE: 0.203883558511734		 Val MAE: 0.23193643987178802
             	Algebraic dist: 33.01915067784927		 Val Algebraic dist: 60.568461100260414
             	RE1 dist: 1151.3986672794117		 Val RE1 dist: 4301.7646484375
             	SED dist: 1.7867889404296875		 Val SED dist: 8.319009145100912

Epoch 143/12000: 	Training Loss: 1.0125740275663488		 Val Loss: 4.27831490834554
             	Training MAE: 0.19973935186862946		 Val MAE: 0.21556362509727478
             	Algebraic dist: 32.28811106962316		 Val Algebraic dist: 62.787129720052086
             	RE1 dist: 1142.3318014705883		 Val RE1 dist: 4737.764322916667
             	SED dist: 1.7910602793974035		 Val SED dist: 8.297676086425781

Epoch 144/12000: 	Training Loss: 1.0858597474939682		 Val Loss: 3.9604514439900718
             	Training MAE: 0.19947873055934906		 Val MAE: 0.23133328557014465
             	Algebraic dist: 34.78201473460478		 Val Algebraic dist: 64.93841552734375
             	RE1 dist: 1232.9740349264705		 Val RE1 dist: 4773.9619140625
             	SED dist: 1.9366042193244486		 Val SED dist: 7.637259801228841

Epoch 145/12000: 	Training Loss: 1.1522524216595817		 Val Loss: 3.876737912495931
             	Training MAE: 0.2074364870786667		 Val MAE: 0.22047333419322968
             	Algebraic dist: 36.239013671875		 Val Algebraic dist: 58.78019714355469
             	RE1 dist: 1438.2768841911766		 Val RE1 dist: 4032.1103515625
             	SED dist: 2.0576833837172566		 Val SED dist: 7.492626825968425

Epoch 146/12000: 	Training Loss: 1.1825283274931067		 Val Loss: 4.22805658976237
             	Training MAE: 0.19880425930023193		 Val MAE: 0.22097806632518768
             	Algebraic dist: 37.266562069163605		 Val Algebraic dist: 68.33102416992188
             	RE1 dist: 1518.9468060661766		 Val RE1 dist: 4996.247721354167
             	SED dist: 2.134564119226792		 Val SED dist: 8.19576899210612

Epoch 147/12000: 	Training Loss: 1.0221228880040787		 Val Loss: 4.276199658711751
             	Training MAE: 0.20351657271385193		 Val MAE: 0.2281700074672699
             	Algebraic dist: 31.522705078125		 Val Algebraic dist: 61.135457356770836
             	RE1 dist: 1040.7874540441176		 Val RE1 dist: 4614.044921875
             	SED dist: 1.8044219297521256		 Val SED dist: 8.276269912719727

Epoch 148/12000: 	Training Loss: 1.102002873140223		 Val Loss: 3.820261319478353
             	Training MAE: 0.1965467780828476		 Val MAE: 0.21525055170059204
             	Algebraic dist: 35.58331657858456		 Val Algebraic dist: 67.72772216796875
             	RE1 dist: 1354.8118106617646		 Val RE1 dist: 4586.221028645833
             	SED dist: 1.9801685108857996		 Val SED dist: 7.391609191894531

Epoch 149/12000: 	Training Loss: 1.232405943029067		 Val Loss: 4.374441464742024
             	Training MAE: 0.1975245624780655		 Val MAE: 0.22089476883411407
             	Algebraic dist: 39.40749942555147		 Val Algebraic dist: 63.04356384277344
             	RE1 dist: 1634.8069852941176		 Val RE1 dist: 5120.698893229167
             	SED dist: 2.236826503978056		 Val SED dist: 8.486392339070639

Epoch 150/12000: 	Training Loss: 1.051058152142693		 Val Loss: 4.243635495503743
             	Training MAE: 0.20129363238811493		 Val MAE: 0.236091747879982
             	Algebraic dist: 35.09493480009191		 Val Algebraic dist: 67.12562052408855
             	RE1 dist: 1335.2963005514705		 Val RE1 dist: 5212.109375
             	SED dist: 1.8691592496984146		 Val SED dist: 8.198159535725912

Epoch 151/12000: 	Training Loss: 1.194283878102022		 Val Loss: 5.52766227722168
             	Training MAE: 0.20367522537708282		 Val MAE: 0.22099260985851288
             	Algebraic dist: 37.37252987132353		 Val Algebraic dist: 76.62450154622395
             	RE1 dist: 1576.3724724264705		 Val RE1 dist: 8536.940755208334
             	SED dist: 2.1489917530733		 Val SED dist: 10.795158386230469

Epoch 152/12000: 	Training Loss: 1.2516020606545841		 Val Loss: 4.215806643168132
             	Training MAE: 0.20312686264514923		 Val MAE: 0.23741304874420166
             	Algebraic dist: 37.111443014705884		 Val Algebraic dist: 64.75631205240886
             	RE1 dist: 1490.9565716911766		 Val RE1 dist: 5450.082682291667
             	SED dist: 2.265229393454159		 Val SED dist: 8.141533533732096

Epoch 153/12000: 	Training Loss: 1.204300599939683		 Val Loss: 3.8891865412394204
             	Training MAE: 0.19807618856430054		 Val MAE: 0.21803605556488037
             	Algebraic dist: 36.84136962890625		 Val Algebraic dist: 69.74268086751302
             	RE1 dist: 1396.677734375		 Val RE1 dist: 5329.197916666667
             	SED dist: 2.180338242474724		 Val SED dist: 7.526683807373047

Epoch 154/12000: 	Training Loss: 1.0392459420596851		 Val Loss: 3.843348185221354
             	Training MAE: 0.20201687514781952		 Val MAE: 0.23641249537467957
             	Algebraic dist: 33.69110466452206		 Val Algebraic dist: 66.3579813639323
             	RE1 dist: 1181.4690946691176		 Val RE1 dist: 4678.505208333333
             	SED dist: 1.8434964348288143		 Val SED dist: 7.393973668416341

Epoch 155/12000: 	Training Loss: 1.0691934473374312		 Val Loss: 3.795016288757324
             	Training MAE: 0.19824422895908356		 Val MAE: 0.21293117105960846
             	Algebraic dist: 33.479470645680145		 Val Algebraic dist: 62.86976114908854
             	RE1 dist: 1184.4928768382354		 Val RE1 dist: 4927.90625
             	SED dist: 1.9117875940659468		 Val SED dist: 7.344551086425781

Epoch 156/12000: 	Training Loss: 1.2950283499325024		 Val Loss: 3.8603480656941733
             	Training MAE: 0.1979912668466568		 Val MAE: 0.22117680311203003
             	Algebraic dist: 39.23693488625919		 Val Algebraic dist: 66.99928283691406
             	RE1 dist: 1632.2702205882354		 Val RE1 dist: 4388.4208984375
             	SED dist: 2.361432019401999		 Val SED dist: 7.465429306030273

Epoch 157/12000: 	Training Loss: 1.0948413400089039		 Val Loss: 3.906836827596029
             	Training MAE: 0.19682693481445312		 Val MAE: 0.21048861742019653
             	Algebraic dist: 33.107249540441174		 Val Algebraic dist: 63.70893351236979
             	RE1 dist: 1156.1127068014705		 Val RE1 dist: 4333.719075520833
             	SED dist: 1.9642641404095817		 Val SED dist: 7.574227650960286

Epoch 158/12000: 	Training Loss: 1.1071890662698185		 Val Loss: 3.849898338317871
             	Training MAE: 0.19920803606510162		 Val MAE: 0.22053001821041107
             	Algebraic dist: 35.47586598115809		 Val Algebraic dist: 68.26588439941406
             	RE1 dist: 1294.1578584558824		 Val RE1 dist: 5048.796875
             	SED dist: 1.9862480163574219		 Val SED dist: 7.446572621663411

Epoch 159/12000: 	Training Loss: 1.1170926935532515		 Val Loss: 4.19103209177653
             	Training MAE: 0.1930254101753235		 Val MAE: 0.21089890599250793
             	Algebraic dist: 34.170708151424634		 Val Algebraic dist: 65.21868896484375
             	RE1 dist: 1244.7179457720588		 Val RE1 dist: 5469.807942708333
             	SED dist: 2.0155464621151196		 Val SED dist: 8.146981557210287

Epoch 160/12000: 	Training Loss: 1.1167541952694164		 Val Loss: 4.084599494934082
             	Training MAE: 0.19909927248954773		 Val MAE: 0.21174471080303192
             	Algebraic dist: 34.00528133616728		 Val Algebraic dist: 64.42240905761719
             	RE1 dist: 1256.7090992647059		 Val RE1 dist: 5088.117838541667
             	SED dist: 2.0071628794950596		 Val SED dist: 7.928159077962239

Epoch 161/12000: 	Training Loss: 1.0175020554486442		 Val Loss: 4.157217979431152
             	Training MAE: 0.1932399570941925		 Val MAE: 0.21274536848068237
             	Algebraic dist: 33.647148581112134		 Val Algebraic dist: 65.84168497721355
             	RE1 dist: 1192.4289981617646		 Val RE1 dist: 4514.060546875
             	SED dist: 1.816879945642808		 Val SED dist: 8.073383967081705

Epoch 162/12000: 	Training Loss: 1.1291456783519072		 Val Loss: 4.229819615681966
             	Training MAE: 0.19516026973724365		 Val MAE: 0.2013922482728958
             	Algebraic dist: 32.602776022518384		 Val Algebraic dist: 63.9361826578776
             	RE1 dist: 1117.5912224264705		 Val RE1 dist: 4717.776041666667
             	SED dist: 2.0365093455595127		 Val SED dist: 8.23968760172526

Epoch 163/12000: 	Training Loss: 0.9840038523954504		 Val Loss: 4.002738952636719
             	Training MAE: 0.19531698524951935		 Val MAE: 0.21199749410152435
             	Algebraic dist: 30.786014332490808		 Val Algebraic dist: 68.75340779622395
             	RE1 dist: 961.9473805147059		 Val RE1 dist: 5390.096028645833
             	SED dist: 1.7477096108829273		 Val SED dist: 7.768203099568685

Epoch 164/12000: 	Training Loss: 1.0056595521814682		 Val Loss: 4.875999450683594
             	Training MAE: 0.19564981758594513		 Val MAE: 0.2278333306312561
             	Algebraic dist: 31.250323127297793		 Val Algebraic dist: 59.63292439778646
             	RE1 dist: 1047.672794117647		 Val RE1 dist: 4395.173502604167
             	SED dist: 1.788574779734892		 Val SED dist: 9.48109499613444

Epoch 165/12000: 	Training Loss: 1.3268933015711166		 Val Loss: 4.671477635701497
             	Training MAE: 0.19666855037212372		 Val MAE: 0.21633374691009521
             	Algebraic dist: 40.592173856847424		 Val Algebraic dist: 60.542439778645836
             	RE1 dist: 1669.2400045955883		 Val RE1 dist: 4659.766276041667
             	SED dist: 2.432599235983456		 Val SED dist: 9.09359359741211

Epoch 166/12000: 	Training Loss: 1.1698041803696577		 Val Loss: 4.241411844889323
             	Training MAE: 0.19720794260501862		 Val MAE: 0.23531870543956757
             	Algebraic dist: 35.29721248851103		 Val Algebraic dist: 61.36640421549479
             	RE1 dist: 1356.2321920955883		 Val RE1 dist: 4580.255533854167
             	SED dist: 2.1174513872931984		 Val SED dist: 8.199935913085938

Epoch 167/12000: 	Training Loss: 1.0141571269315832		 Val Loss: 4.207472483317058
             	Training MAE: 0.1954527050256729		 Val MAE: 0.1969970464706421
             	Algebraic dist: 30.323694565716913		 Val Algebraic dist: 57.7476552327474
             	RE1 dist: 986.1298253676471		 Val RE1 dist: 3703.2962239583335
             	SED dist: 1.8079879985136145		 Val SED dist: 8.20298703511556

Epoch 168/12000: 	Training Loss: 1.2426550248089958		 Val Loss: 4.322758674621582
             	Training MAE: 0.19380834698677063		 Val MAE: 0.2198222577571869
             	Algebraic dist: 35.31891228170956		 Val Algebraic dist: 60.32542419433594
             	RE1 dist: 1340.2794117647059		 Val RE1 dist: 4367.307942708333
             	SED dist: 2.2707892025218293		 Val SED dist: 8.393985112508139

Epoch 169/12000: 	Training Loss: 1.095005708582261		 Val Loss: 4.245209693908691
             	Training MAE: 0.1958799660205841		 Val MAE: 0.2150341272354126
             	Algebraic dist: 33.744575051700366		 Val Algebraic dist: 64.12001037597656
             	RE1 dist: 1144.4200367647059		 Val RE1 dist: 4769.365559895833
             	SED dist: 1.9694180208093979		 Val SED dist: 8.248325983683268

Epoch 170/12000: 	Training Loss: 1.0829306209788603		 Val Loss: 4.1764224370320635
             	Training MAE: 0.18785688281059265		 Val MAE: 0.19647866487503052
             	Algebraic dist: 33.27435661764706		 Val Algebraic dist: 66.82171122233073
             	RE1 dist: 1221.4773667279412		 Val RE1 dist: 5325.433919270833
             	SED dist: 1.9595078861012178		 Val SED dist: 8.14492098490397

Epoch 171/12000: 	Training Loss: 1.0192850898293888		 Val Loss: 4.052858352661133
             	Training MAE: 0.19220422208309174		 Val MAE: 0.22018375992774963
             	Algebraic dist: 32.485240263097424		 Val Algebraic dist: 61.756591796875
             	RE1 dist: 1086.3619025735295		 Val RE1 dist: 4177.531575520833
             	SED dist: 1.82611364476821		 Val SED dist: 7.856182098388672

Epoch 172/12000: 	Training Loss: 1.0498168047736673		 Val Loss: 3.904249827067057
             	Training MAE: 0.18952636420726776		 Val MAE: 0.2162674069404602
             	Algebraic dist: 32.72047693589155		 Val Algebraic dist: 56.42235310872396
             	RE1 dist: 1128.8598345588234		 Val RE1 dist: 3640.2545572916665
             	SED dist: 1.8922866372501148		 Val SED dist: 7.559424718221028

Epoch 173/12000: 	Training Loss: 1.0523324854233687		 Val Loss: 4.183366139729817
             	Training MAE: 0.1892044097185135		 Val MAE: 0.20245671272277832
             	Algebraic dist: 31.782151166130514		 Val Algebraic dist: 65.89722188313802
             	RE1 dist: 1082.5412454044117		 Val RE1 dist: 5298.1748046875
             	SED dist: 1.8974479226505054		 Val SED dist: 8.145924886067709

Epoch 174/12000: 	Training Loss: 1.0466867334702437		 Val Loss: 4.039957682291667
             	Training MAE: 0.1926134079694748		 Val MAE: 0.21517300605773926
             	Algebraic dist: 33.36233340992647		 Val Algebraic dist: 65.3589375813802
             	RE1 dist: 1187.1856617647059		 Val RE1 dist: 4586.919270833333
             	SED dist: 1.8790883456959444		 Val SED dist: 7.839037577311198

Epoch 175/12000: 	Training Loss: 1.2714373644660502		 Val Loss: 3.990321159362793
             	Training MAE: 0.1988752782344818		 Val MAE: 0.20933006703853607
             	Algebraic dist: 38.74261833639706		 Val Algebraic dist: 62.543924967447914
             	RE1 dist: 1607.5612362132354		 Val RE1 dist: 4724.989908854167
             	SED dist: 2.3195645949419808		 Val SED dist: 7.7487233479817705

Epoch 176/12000: 	Training Loss: 1.0521291844985063		 Val Loss: 4.170852979024251
             	Training MAE: 0.18948110938072205		 Val MAE: 0.21084606647491455
             	Algebraic dist: 32.49696260340073		 Val Algebraic dist: 56.39374796549479
             	RE1 dist: 1087.7672334558824		 Val RE1 dist: 3716.2106119791665
             	SED dist: 1.8969982371610754		 Val SED dist: 8.105019887288412

Epoch 177/12000: 	Training Loss: 1.0370789696188534		 Val Loss: 4.089749336242676
             	Training MAE: 0.18952539563179016		 Val MAE: 0.20720303058624268
             	Algebraic dist: 31.895026711856616		 Val Algebraic dist: 63.57538350423177
             	RE1 dist: 1100.2999770220588		 Val RE1 dist: 3991.2952473958335
             	SED dist: 1.8672660378848804		 Val SED dist: 7.954446792602539

Epoch 178/12000: 	Training Loss: 1.0641765594482422		 Val Loss: 4.086345036824544
             	Training MAE: 0.18882139027118683		 Val MAE: 0.20932254195213318
             	Algebraic dist: 33.249623018152576		 Val Algebraic dist: 61.714447021484375
             	RE1 dist: 1161.284237132353		 Val RE1 dist: 4880.923177083333
             	SED dist: 1.9233174043543197		 Val SED dist: 7.938594818115234

Epoch 179/12000: 	Training Loss: 1.1716559914981617		 Val Loss: 4.133396466573079
             	Training MAE: 0.18560801446437836		 Val MAE: 0.19858580827713013
             	Algebraic dist: 34.513050752527576		 Val Algebraic dist: 58.23241678873698
             	RE1 dist: 1259.3469669117646		 Val RE1 dist: 4129.560872395833
             	SED dist: 2.1441986981560204		 Val SED dist: 8.051795959472656

Epoch 180/12000: 	Training Loss: 1.0425870558794808		 Val Loss: 3.8779424031575522
             	Training MAE: 0.19240041077136993		 Val MAE: 0.22607187926769257
             	Algebraic dist: 33.24132941750919		 Val Algebraic dist: 59.93562316894531
             	RE1 dist: 1127.0159696691176		 Val RE1 dist: 4460.275716145833
             	SED dist: 1.8721426795510685		 Val SED dist: 7.498008092244466

Epoch 181/12000: 	Training Loss: 1.0807767755845015		 Val Loss: 4.176870981852214
             	Training MAE: 0.1916983276605606		 Val MAE: 0.21722890436649323
             	Algebraic dist: 33.5653076171875		 Val Algebraic dist: 56.852986653645836
             	RE1 dist: 1260.3448988970588		 Val RE1 dist: 4111.252278645833
             	SED dist: 1.950856377096737		 Val SED dist: 8.1063232421875

Epoch 182/12000: 	Training Loss: 1.0582572712617762		 Val Loss: 4.286697069803874
             	Training MAE: 0.18805398046970367		 Val MAE: 0.21458013355731964
             	Algebraic dist: 34.17880428538603		 Val Algebraic dist: 65.25008138020833
             	RE1 dist: 1383.53125		 Val RE1 dist: 5690.734375
             	SED dist: 1.9104452694163603		 Val SED dist: 8.33323605855306

Epoch 183/12000: 	Training Loss: 1.179059757905848		 Val Loss: 4.257353782653809
             	Training MAE: 0.19087328016757965		 Val MAE: 0.2006371021270752
             	Algebraic dist: 35.615478515625		 Val Algebraic dist: 60.05926513671875
             	RE1 dist: 1331.5515854779412		 Val RE1 dist: 4862.4453125
             	SED dist: 2.150056053610409		 Val SED dist: 8.298643112182617

Epoch 184/12000: 	Training Loss: 0.9912557040943819		 Val Loss: 4.096617062886556
             	Training MAE: 0.19217340648174286		 Val MAE: 0.20563702285289764
             	Algebraic dist: 31.379624310661764		 Val Algebraic dist: 62.744283040364586
             	RE1 dist: 1123.3724724264705		 Val RE1 dist: 5269.183268229167
             	SED dist: 1.7703124775606043		 Val SED dist: 7.969296773274739

Epoch 185/12000: 	Training Loss: 0.9625704148236442		 Val Loss: 3.8174928029378257
             	Training MAE: 0.19172877073287964		 Val MAE: 0.195115327835083
             	Algebraic dist: 30.096491196576288		 Val Algebraic dist: 62.00512186686198
             	RE1 dist: 954.6912339154412		 Val RE1 dist: 4482.047526041667
             	SED dist: 1.7145070468678194		 Val SED dist: 7.430248260498047

Epoch 186/12000: 	Training Loss: 1.0004761639763327		 Val Loss: 4.197488466898601
             	Training MAE: 0.18479309976100922		 Val MAE: 0.20295339822769165
             	Algebraic dist: 30.28225528492647		 Val Algebraic dist: 63.25969441731771
             	RE1 dist: 980.2635569852941		 Val RE1 dist: 5119.1181640625
             	SED dist: 1.8042463414809282		 Val SED dist: 8.175718307495117

Epoch 187/12000: 	Training Loss: 1.028454724480124		 Val Loss: 4.137763977050781
             	Training MAE: 0.19073034822940826		 Val MAE: 0.21499302983283997
             	Algebraic dist: 33.09094597311581		 Val Algebraic dist: 58.25349426269531
             	RE1 dist: 1180.2689568014705		 Val RE1 dist: 3813.4739583333335
             	SED dist: 1.8496360778808594		 Val SED dist: 8.03671137491862

Epoch 188/12000: 	Training Loss: 1.0653717938591452		 Val Loss: 4.3715105056762695
             	Training MAE: 0.19494210183620453		 Val MAE: 0.21459245681762695
             	Algebraic dist: 33.19874842026655		 Val Algebraic dist: 54.43859354654948
             	RE1 dist: 1176.374080882353		 Val RE1 dist: 3563.9762369791665
             	SED dist: 1.9145738938275505		 Val SED dist: 8.50257428487142

Epoch 189/12000: 	Training Loss: 1.0043833115521599		 Val Loss: 4.581410090128581
             	Training MAE: 0.1878616213798523		 Val MAE: 0.19564035534858704
             	Algebraic dist: 29.449062571806067		 Val Algebraic dist: 57.51744079589844
             	RE1 dist: 929.7466681985294		 Val RE1 dist: 4472.046875
             	SED dist: 1.8043590994442211		 Val SED dist: 8.957902908325195

Epoch 190/12000: 	Training Loss: 1.178607604082893		 Val Loss: 4.332529385884603
             	Training MAE: 0.18633580207824707		 Val MAE: 0.20201389491558075
             	Algebraic dist: 33.70699534696691		 Val Algebraic dist: 59.446319580078125
             	RE1 dist: 1246.2790670955883		 Val RE1 dist: 4194.209309895833
             	SED dist: 2.1569934171788834		 Val SED dist: 8.449838002522787

Epoch 191/12000: 	Training Loss: 1.0642241309670841		 Val Loss: 3.981527328491211
             	Training MAE: 0.19087569415569305		 Val MAE: 0.22210417687892914
             	Algebraic dist: 31.718071432674634		 Val Algebraic dist: 59.857747395833336
             	RE1 dist: 1002.6395909926471		 Val RE1 dist: 4233.188802083333
             	SED dist: 1.9197306913488053		 Val SED dist: 7.711111068725586

Epoch 192/12000: 	Training Loss: 1.007020725923426		 Val Loss: 3.8808415730794272
             	Training MAE: 0.18983975052833557		 Val MAE: 0.19055521488189697
             	Algebraic dist: 30.473076315487134		 Val Algebraic dist: 63.92816670735677
             	RE1 dist: 1085.0411305147059		 Val RE1 dist: 4565.383138020833
             	SED dist: 1.8075882406795727		 Val SED dist: 7.568681081136067

Epoch 193/12000: 	Training Loss: 1.2081862056956572		 Val Loss: 3.8444786071777344
             	Training MAE: 0.1854182630777359		 Val MAE: 0.22522461414337158
             	Algebraic dist: 34.48860078699448		 Val Algebraic dist: 62.457733154296875
             	RE1 dist: 1274.8041130514705		 Val RE1 dist: 3717.3401692708335
             	SED dist: 2.2166074865004597		 Val SED dist: 7.428093592325847

Epoch 194/12000: 	Training Loss: 0.9862113279454848		 Val Loss: 3.9236313501993814
             	Training MAE: 0.18972833454608917		 Val MAE: 0.19361622631549835
             	Algebraic dist: 30.377304974724264		 Val Algebraic dist: 61.8884531656901
             	RE1 dist: 1002.5961626838235		 Val RE1 dist: 4085.0836588541665
             	SED dist: 1.7656472150017233		 Val SED dist: 7.643735885620117

Epoch 195/12000: 	Training Loss: 1.01674887713264		 Val Loss: 3.766188303629557
             	Training MAE: 0.18911437690258026		 Val MAE: 0.20683173835277557
             	Algebraic dist: 31.700245576746322		 Val Algebraic dist: 67.02744547526042
             	RE1 dist: 1038.5104549632354		 Val RE1 dist: 5045.352864583333
             	SED dist: 1.8307087842155905		 Val SED dist: 7.3075408935546875

Epoch 196/12000: 	Training Loss: 1.02249672833611		 Val Loss: 3.778402010599772
             	Training MAE: 0.19047756493091583		 Val MAE: 0.2097463756799698
             	Algebraic dist: 31.274762321920957		 Val Algebraic dist: 65.30819193522136
             	RE1 dist: 1051.3216911764705		 Val RE1 dist: 4673.609700520833
             	SED dist: 1.8388597824994255		 Val SED dist: 7.327524820963542

Epoch 197/12000: 	Training Loss: 1.071052775663488		 Val Loss: 4.336829503377278
             	Training MAE: 0.19023369252681732		 Val MAE: 0.20198114216327667
             	Algebraic dist: 32.41505701401655		 Val Algebraic dist: 58.56108601888021
             	RE1 dist: 1126.9213005514705		 Val RE1 dist: 4303.197916666667
             	SED dist: 1.9353556913488053		 Val SED dist: 8.459770838419596

Epoch 198/12000: 	Training Loss: 0.9815211576573989		 Val Loss: 4.147263526916504
             	Training MAE: 0.18675310909748077		 Val MAE: 0.19610004127025604
             	Algebraic dist: 29.18746230181526		 Val Algebraic dist: 57.541219075520836
             	RE1 dist: 902.6113855698529		 Val RE1 dist: 3759.38671875
             	SED dist: 1.7622328365550322		 Val SED dist: 8.091206232706705

Epoch 199/12000: 	Training Loss: 1.028861775117762		 Val Loss: 4.1389726003011065
             	Training MAE: 0.18807676434516907		 Val MAE: 0.2156318724155426
             	Algebraic dist: 30.12286376953125		 Val Algebraic dist: 58.99713643391927
             	RE1 dist: 969.5923713235294		 Val RE1 dist: 3963.455078125
             	SED dist: 1.8542350320255054		 Val SED dist: 8.040006001790365

Epoch 200/12000: 	Training Loss: 0.9604760338278377		 Val Loss: 4.3881886800130205
             	Training MAE: 0.1840697079896927		 Val MAE: 0.20753274857997894
             	Algebraic dist: 28.976840748506433		 Val Algebraic dist: 53.5194091796875
             	RE1 dist: 905.8046875		 Val RE1 dist: 3762.2190755208335
             	SED dist: 1.7247470406924976		 Val SED dist: 8.549713770548502

Epoch 201/12000: 	Training Loss: 0.9820995330810547		 Val Loss: 4.155560493469238
             	Training MAE: 0.1853935867547989		 Val MAE: 0.2120436280965805
             	Algebraic dist: 29.40964642693015		 Val Algebraic dist: 53.859415690104164
             	RE1 dist: 962.2283432904412		 Val RE1 dist: 3752.3802083333335
             	SED dist: 1.7646118612850414		 Val SED dist: 8.081761042277018

Epoch 202/12000: 	Training Loss: 1.032566743738511		 Val Loss: 4.931887944539388
             	Training MAE: 0.18402855098247528		 Val MAE: 0.20222210884094238
             	Algebraic dist: 30.960991354549634		 Val Algebraic dist: 56.65750630696615
             	RE1 dist: 962.1135684742648		 Val RE1 dist: 4490.537109375
             	SED dist: 1.8700481863582836		 Val SED dist: 9.650775909423828

Epoch 203/12000: 	Training Loss: 1.0733392378863167		 Val Loss: 4.142459869384766
             	Training MAE: 0.1829608976840973		 Val MAE: 0.2141713798046112
             	Algebraic dist: 31.3318266027114		 Val Algebraic dist: 61.15910847981771
             	RE1 dist: 1041.9848345588234		 Val RE1 dist: 4044.0927734375
             	SED dist: 1.9536446964039522		 Val SED dist: 8.046665827433268

Epoch 204/12000: 	Training Loss: 1.1502673205207377		 Val Loss: 4.556057294209798
             	Training MAE: 0.1854986995458603		 Val MAE: 0.20079855620861053
             	Algebraic dist: 33.3838680491728		 Val Algebraic dist: 59.2049306233724
             	RE1 dist: 1179.8976332720588		 Val RE1 dist: 4520.4248046875
             	SED dist: 2.1031081255744484		 Val SED dist: 8.900307337443033

Epoch 205/12000: 	Training Loss: 1.3871683232924517		 Val Loss: 3.798285484313965
             	Training MAE: 0.1889522522687912		 Val MAE: 0.21291950345039368
             	Algebraic dist: 36.654365090762866		 Val Algebraic dist: 65.77914428710938
             	RE1 dist: 1360.6695772058824		 Val RE1 dist: 4686.2646484375
             	SED dist: 2.5700551201315487		 Val SED dist: 7.368213017781575

Epoch 206/12000: 	Training Loss: 1.2722762612735523		 Val Loss: 4.115025520324707
             	Training MAE: 0.19039849936962128		 Val MAE: 0.21980147063732147
             	Algebraic dist: 36.76167207605698		 Val Algebraic dist: 64.10517883300781
             	RE1 dist: 1407.5130974264705		 Val RE1 dist: 4579.395833333333
             	SED dist: 2.3397162942325367		 Val SED dist: 7.981176376342773

Epoch 207/12000: 	Training Loss: 1.080645953907686		 Val Loss: 4.051184018452962
             	Training MAE: 0.18456904590129852		 Val MAE: 0.20323312282562256
             	Algebraic dist: 32.03489774816177		 Val Algebraic dist: 58.1469980875651
             	RE1 dist: 1161.8560431985295		 Val RE1 dist: 4262.605794270833
             	SED dist: 1.9664629767922794		 Val SED dist: 7.888427734375

Epoch 208/12000: 	Training Loss: 1.1199558482450598		 Val Loss: 4.1626326243082685
             	Training MAE: 0.1867091804742813		 Val MAE: 0.22432678937911987
             	Algebraic dist: 31.674391802619486		 Val Algebraic dist: 53.3502197265625
             	RE1 dist: 1086.23828125		 Val RE1 dist: 3149.2639973958335
             	SED dist: 2.0408628127154183		 Val SED dist: 8.06741460164388

