
###########################################################################################################################################################

__correct_F learning rate: 0.0001, mlp_hidden_sizes: [1024, 512], jump_frames: 6, use_reconstruction_layer: True
batch_size: 8, norm: True, train_seqeunces: [0, 2, 3, 5], val_sequences: [6, 7, 8], RL_TEST_NAMES: ['fe2fadf89a84e92a', 'f01e8b6f8e10fdd9', 'f1ee9dc6135e5307', 'a41df4fa06fd391b', 'bc0ebb7482f14795', '9bdd34e784c04e3a', '98ebee1c36ecec55'], dataset: Flying,
average embeddings: False, model: timm/tf_efficientnetv2_m.in1k, augmentation: True, random crop: True, part: None, get_old_path: False, computer: 2,
RE1 coeff: 0 SED coeff: 0.5, ALG_COEFF: 0, L2_coeff: 1, huber_coeff: 1, frozen layers: 0, trained vit: None, MAX_POOL_SIZE: 3
crop: 224 resize: 256, use conv: True pretrained: None, train_size: 9, norm_mean: tensor([0.5000, 0.5000, 0.5000], device='cuda:0'), norm_std: tensor([0.5000, 0.5000, 0.5000], device='cuda:0'), sched: None seed: 42

train size: 86, val size: 169, test size: 1231

algebraic_truth: 0.0038888434117490597		 val_algebraic_truth: 0.004758267578753558
RE1_truth: 1.5536618196744133e-05		 val_RE1_truth: 2.076435934709893e-05
SED_truth: 0.00012424955440854484		 val_SED_truth: 0.0001661051699722355

Epoch 1/45000: Training Loss: 12642.630681818182		 Val Loss: 10944.546875
             	Training MAE: 0.3991420269012451		 Val MAE: 0.4112791419029236
             	Algebraic dist: 10115.012073863636		 Val Algebraic dist: 7647.854403409091
             	RE1 dist: 101768320.0		 Val RE1 dist: 47308945.45454545
             	SED dist: 25284.31818181818		 Val SED dist: 21888.09943181818

Epoch 2/45000: Training Loss: 10638.488636363636		 Val Loss: 11082.446022727272
             	Training MAE: 0.4050852060317993		 Val MAE: 0.3941456079483032
             	Algebraic dist: 7315.818892045455		 Val Algebraic dist: 7500.641335227273
             	RE1 dist: 44192101.81818182		 Val RE1 dist: 45588500.36363637
             	SED dist: 21275.960227272728		 Val SED dist: 22163.860795454544

Epoch 3/45000: Training Loss: 10328.796875		 Val Loss: 11163.717329545454
             	Training MAE: 0.3893864154815674		 Val MAE: 0.38770705461502075
             	Algebraic dist: 5465.698508522727		 Val Algebraic dist: 4546.998224431818
             	RE1 dist: 24736378.181818184		 Val RE1 dist: 16218733.090909092
             	SED dist: 20656.546875		 Val SED dist: 22326.399147727272

Epoch 4/45000: Training Loss: 10156.735795454546		 Val Loss: 10768.21377840909
             	Training MAE: 0.3795057237148285		 Val MAE: 0.3689567446708679
             	Algebraic dist: 3373.056818181818		 Val Algebraic dist: 2668.42578125
             	RE1 dist: 9575884.363636363		 Val RE1 dist: 5630901.454545454
             	SED dist: 20312.460227272728		 Val SED dist: 21535.4375

Epoch 5/45000: Training Loss: 10494.475852272728		 Val Loss: 10556.475852272728
             	Training MAE: 0.3622385263442993		 Val MAE: 0.3545207679271698
             	Algebraic dist: 2130.116122159091		 Val Algebraic dist: 1634.5619673295455
             	RE1 dist: 3719398.909090909		 Val RE1 dist: 2157302.3636363638
             	SED dist: 20987.973011363636		 Val SED dist: 21111.984375

Epoch 6/45000: Training Loss: 9467.485085227272		 Val Loss: 9994.996448863636
             	Training MAE: 0.34754136204719543		 Val MAE: 0.3386637568473816
             	Algebraic dist: 1220.9722123579545		 Val Algebraic dist: 990.7017045454545
             	RE1 dist: 1281235.1818181819		 Val RE1 dist: 844075.5454545454
             	SED dist: 18934.012784090908		 Val SED dist: 19989.053977272728

Epoch 7/45000: Training Loss: 8115.040482954545		 Val Loss: 6366.868607954545
             	Training MAE: 0.334418922662735		 Val MAE: 0.3333030343055725
             	Algebraic dist: 722.8492986505681		 Val Algebraic dist: 534.5878018465909
             	RE1 dist: 544195.7727272727		 Val RE1 dist: 329654.5
             	SED dist: 16229.146306818182		 Val SED dist: 12732.803977272728

Epoch 8/45000: Training Loss: 6159.286931818182		 Val Loss: 7337.198153409091
             	Training MAE: 0.3350215554237366		 Val MAE: 0.3328675925731659
             	Algebraic dist: 415.58349609375		 Val Algebraic dist: 364.945556640625
             	RE1 dist: 211854.31818181818		 Val RE1 dist: 137808.2840909091
             	SED dist: 12317.623579545454		 Val SED dist: 14673.423295454546

Epoch 9/45000: Training Loss: 7730.948153409091		 Val Loss: 6983.602272727273
             	Training MAE: 0.32850390672683716		 Val MAE: 0.3244125545024872
             	Algebraic dist: 325.83522727272725		 Val Algebraic dist: 315.9911443536932
             	RE1 dist: 114752.26136363637		 Val RE1 dist: 112859.65909090909
             	SED dist: 15460.928977272728		 Val SED dist: 13966.254261363636

Epoch 10/45000: Training Loss: 6471.074573863636		 Val Loss: 6968.257102272727
             	Training MAE: 0.32428979873657227		 Val MAE: 0.32428205013275146
             	Algebraic dist: 290.20263671875		 Val Algebraic dist: 291.1064453125
             	RE1 dist: 100215.25		 Val RE1 dist: 94564.82386363637
             	SED dist: 12941.210227272728		 Val SED dist: 13935.573863636364

Epoch 11/45000: Training Loss: 6030.892045454545		 Val Loss: 6491.369318181818
             	Training MAE: 0.3242138922214508		 Val MAE: 0.3238902986049652
             	Algebraic dist: 224.17054332386363		 Val Algebraic dist: 229.98994584517047
             	RE1 dist: 61489.255681818184		 Val RE1 dist: 59626.982954545456
             	SED dist: 12060.842329545454		 Val SED dist: 12981.79971590909

Epoch 12/45000: Training Loss: 5494.698863636364		 Val Loss: 5535.657670454545
             	Training MAE: 0.323479026556015		 Val MAE: 0.3232230544090271
             	Algebraic dist: 196.31139026988637		 Val Algebraic dist: 182.9359796697443
             	RE1 dist: 45127.485795454544		 Val RE1 dist: 37921.767045454544
             	SED dist: 10988.458806818182		 Val SED dist: 11070.371448863636

Epoch 13/45000: Training Loss: 4810.081321022727		 Val Loss: 5223.411931818182
             	Training MAE: 0.3232673406600952		 Val MAE: 0.3235681354999542
             	Algebraic dist: 154.9049738103693		 Val Algebraic dist: 165.0869695490057
             	RE1 dist: 28468.397727272728		 Val RE1 dist: 30833.8125
             	SED dist: 9619.2109375		 Val SED dist: 10445.859375

Epoch 14/45000: Training Loss: 4870.043678977273		 Val Loss: 4989.749289772727
             	Training MAE: 0.3234947621822357		 Val MAE: 0.32316964864730835
             	Algebraic dist: 141.86156116832387		 Val Algebraic dist: 156.8605624112216
             	RE1 dist: 24461.65056818182		 Val RE1 dist: 28473.25568181818
             	SED dist: 9739.120738636364		 Val SED dist: 9978.529829545454

Epoch 15/45000: Training Loss: 4795.563210227273		 Val Loss: 5250.444247159091
             	Training MAE: 0.32256799936294556		 Val MAE: 0.32161277532577515
             	Algebraic dist: 136.60594593394887		 Val Algebraic dist: 138.9974032315341
             	RE1 dist: 22412.644886363636		 Val RE1 dist: 21947.428977272728
             	SED dist: 9590.155539772728		 Val SED dist: 10499.916193181818

Epoch 16/45000: Training Loss: 5083.349431818182		 Val Loss: 5067.963068181818
             	Training MAE: 0.3216556906700134		 Val MAE: 0.3203374445438385
             	Algebraic dist: 142.50123180042613		 Val Algebraic dist: 138.320556640625
             	RE1 dist: 24317.710227272728		 Val RE1 dist: 21740.379261363636
             	SED dist: 10165.73153409091		 Val SED dist: 10134.958806818182

Epoch 17/45000: Training Loss: 4626.039417613636		 Val Loss: 4982.403764204545
             	Training MAE: 0.32044097781181335		 Val MAE: 0.3201945424079895
             	Algebraic dist: 126.91986638849431		 Val Algebraic dist: 121.8067626953125
             	RE1 dist: 19176.424715909092		 Val RE1 dist: 16288.576704545454
             	SED dist: 9251.110795454546		 Val SED dist: 9963.8359375

Epoch 18/45000: Training Loss: 4421.593394886364		 Val Loss: 4457.764914772727
             	Training MAE: 0.3216838538646698		 Val MAE: 0.3220926821231842
             	Algebraic dist: 111.62996049360795		 Val Algebraic dist: 113.9034423828125
             	RE1 dist: 14911.454545454546		 Val RE1 dist: 14329.048295454546
             	SED dist: 8842.211647727272		 Val SED dist: 8914.5546875

Epoch 19/45000: Training Loss: 4392.978693181818		 Val Loss: 4291.939275568182
             	Training MAE: 0.3228968679904938		 Val MAE: 0.32316064834594727
             	Algebraic dist: 104.52239435369319		 Val Algebraic dist: 104.434814453125
             	RE1 dist: 13582.498579545454		 Val RE1 dist: 12351.41903409091
             	SED dist: 8784.982954545454		 Val SED dist: 8582.90340909091

Epoch 20/45000: Training Loss: 4278.968039772727		 Val Loss: 4615.021306818182
             	Training MAE: 0.3234296441078186		 Val MAE: 0.3239080607891083
             	Algebraic dist: 105.53425736860795		 Val Algebraic dist: 111.5217618075284
             	RE1 dist: 13398.392045454546		 Val RE1 dist: 14185.980113636364
             	SED dist: 8556.9609375		 Val SED dist: 9229.0625

Epoch 21/45000: Training Loss: 4386.550071022727		 Val Loss: 4438.790127840909
             	Training MAE: 0.32405710220336914		 Val MAE: 0.32467007637023926
             	Algebraic dist: 101.1470059481534		 Val Algebraic dist: 98.3669100674716
             	RE1 dist: 12417.60653409091		 Val RE1 dist: 11141.100142045454
             	SED dist: 8772.115056818182		 Val SED dist: 8876.593039772728

Epoch 22/45000: Training Loss: 4517.685014204545		 Val Loss: 4411.964488636364
             	Training MAE: 0.3253794312477112		 Val MAE: 0.3254835307598114
             	Algebraic dist: 83.4981356534091		 Val Algebraic dist: 87.45455100319602
             	RE1 dist: 8682.216619318182		 Val RE1 dist: 8484.507102272728
             	SED dist: 9034.378551136364		 Val SED dist: 8822.936789772728

Epoch 23/45000: Training Loss: 4091.6711647727275		 Val Loss: 4205.23046875
             	Training MAE: 0.3256041705608368		 Val MAE: 0.32546740770339966
             	Algebraic dist: 77.6877774325284		 Val Algebraic dist: 78.78189919211648
             	RE1 dist: 7628.331676136364		 Val RE1 dist: 7272.143465909091
             	SED dist: 8182.345170454545		 Val SED dist: 8409.460227272728

Epoch 24/45000: Training Loss: 4053.0756392045455		 Val Loss: 4460.908380681818
             	Training MAE: 0.32580599188804626		 Val MAE: 0.3263327181339264
             	Algebraic dist: 68.82671009410511		 Val Algebraic dist: 74.95343572443181
             	RE1 dist: 6251.265625		 Val RE1 dist: 6514.098721590909
             	SED dist: 8105.150568181818		 Val SED dist: 8920.81534090909

Epoch 25/45000: Training Loss: 4266.165127840909		 Val Loss: 4103.306463068182
             	Training MAE: 0.3263866603374481		 Val MAE: 0.3269648551940918
             	Algebraic dist: 68.19262140447444		 Val Algebraic dist: 78.37047784978694
             	RE1 dist: 6060.157670454545		 Val RE1 dist: 7314.032670454545
             	SED dist: 8531.329545454546		 Val SED dist: 8205.61221590909

Epoch 26/45000: Training Loss: 4062.4176136363635		 Val Loss: 4324.665838068182
             	Training MAE: 0.3263234496116638		 Val MAE: 0.32655221223831177
             	Algebraic dist: 69.52393132990056		 Val Algebraic dist: 86.70849609375
             	RE1 dist: 6426.972301136364		 Val RE1 dist: 8570.658380681818
             	SED dist: 8123.835227272727		 Val SED dist: 8648.335227272728

Epoch 27/45000: Training Loss: 3709.936434659091		 Val Loss: 4912.586647727273
             	Training MAE: 0.3263244926929474		 Val MAE: 0.32777753472328186
             	Algebraic dist: 66.87288596413352		 Val Algebraic dist: 87.45448996803977
             	RE1 dist: 6443.171875		 Val RE1 dist: 8600.943181818182
             	SED dist: 7418.872869318182		 Val SED dist: 9824.177556818182

Epoch 28/45000: Training Loss: 4211.463423295455		 Val Loss: 3973.0472301136365
             	Training MAE: 0.3284091055393219		 Val MAE: 0.329196572303772
             	Algebraic dist: 62.77633389559659		 Val Algebraic dist: 77.66088312322444
             	RE1 dist: 5838.140269886364		 Val RE1 dist: 7646.750710227273
             	SED dist: 8421.926136363636		 Val SED dist: 7945.099431818182

Epoch 29/45000: Training Loss: 4269.021306818182		 Val Loss: 4643.850497159091
             	Training MAE: 0.32870811223983765		 Val MAE: 0.32818087935447693
             	Algebraic dist: 66.92940451882102		 Val Algebraic dist: 77.22625177556819
             	RE1 dist: 6457.215909090909		 Val RE1 dist: 8125.810369318182
             	SED dist: 8537.036931818182		 Val SED dist: 9286.69247159091

Epoch 30/45000: Training Loss: 4389.237926136364		 Val Loss: 4637.133522727273
             	Training MAE: 0.32666969299316406		 Val MAE: 0.32569894194602966
             	Algebraic dist: 72.17507102272727		 Val Algebraic dist: 80.04838978160511
             	RE1 dist: 7396.657670454545		 Val RE1 dist: 8363.19247159091
             	SED dist: 8777.466619318182		 Val SED dist: 9273.249289772728

Epoch 31/45000: Training Loss: 4168.721590909091		 Val Loss: 4178.663352272727
             	Training MAE: 0.32417336106300354		 Val MAE: 0.3230535686016083
             	Algebraic dist: 73.42805064808239		 Val Algebraic dist: 89.99007346413352
             	RE1 dist: 8086.503551136364		 Val RE1 dist: 10650.091619318182
             	SED dist: 8336.424005681818		 Val SED dist: 8356.30752840909

Epoch 32/45000: Training Loss: 3775.65625		 Val Loss: 4070.2819602272725
             	Training MAE: 0.32148277759552		 Val MAE: 0.3201552629470825
             	Algebraic dist: 78.70327481356534		 Val Algebraic dist: 87.94061834161931
             	RE1 dist: 9284.086647727272		 Val RE1 dist: 10190.30965909091
             	SED dist: 7550.292613636364		 Val SED dist: 8139.544744318182

Epoch 33/45000: Training Loss: 3909.4517045454545		 Val Loss: 4166.80078125
             	Training MAE: 0.3183577358722687		 Val MAE: 0.3166697919368744
             	Algebraic dist: 84.96982088955966		 Val Algebraic dist: 93.19936301491477
             	RE1 dist: 10695.024857954546		 Val RE1 dist: 11219.031960227272
             	SED dist: 7817.8828125		 Val SED dist: 8332.578835227272

Epoch 34/45000: Training Loss: 3768.7151988636365		 Val Loss: 4320.816051136364
             	Training MAE: 0.3175470530986786		 Val MAE: 0.3181314468383789
             	Algebraic dist: 84.18422629616477		 Val Algebraic dist: 98.2403231534091
             	RE1 dist: 10284.185369318182		 Val RE1 dist: 12623.038352272728
             	SED dist: 7536.409090909091		 Val SED dist: 8640.609375

Epoch 35/45000: Training Loss: 3715.033380681818		 Val Loss: 4519.843394886364
             	Training MAE: 0.31908929347991943		 Val MAE: 0.3203262686729431
             	Algebraic dist: 85.286865234375		 Val Algebraic dist: 94.58083274147727
             	RE1 dist: 10359.834517045454		 Val RE1 dist: 11913.598011363636
             	SED dist: 7429.045454545455		 Val SED dist: 9038.6640625

Epoch 36/45000: Training Loss: 3972.27734375		 Val Loss: 4232.831676136364
             	Training MAE: 0.3226286768913269		 Val MAE: 0.3236350417137146
             	Algebraic dist: 91.38309548117898		 Val Algebraic dist: 100.74547230113636
             	RE1 dist: 11714.186079545454		 Val RE1 dist: 13015.90340909091
             	SED dist: 7943.536221590909		 Val SED dist: 8464.64559659091

Epoch 37/45000: Training Loss: 5801.062144886364		 Val Loss: 12789.91903409091
             	Training MAE: 0.32487696409225464		 Val MAE: 0.3234313130378723
             	Algebraic dist: 110.45103870738636		 Val Algebraic dist: 190.67649147727272
             	RE1 dist: 15181.150568181818		 Val RE1 dist: 31319.042613636364
             	SED dist: 11601.119318181818		 Val SED dist: 25578.86931818182

Epoch 38/45000: Training Loss: 11659.149857954546		 Val Loss: 7797.053977272727
             	Training MAE: 0.3233336806297302		 Val MAE: 0.3298393785953522
             	Algebraic dist: 164.3360040838068		 Val Algebraic dist: 137.48828125
             	RE1 dist: 27358.144886363636		 Val RE1 dist: 23006.816761363636
             	SED dist: 23317.329545454544		 Val SED dist: 15593.113636363636

