###########################################################################################################################################################

                         learning rate: 6e-05,  mlp_hidden_sizes: [1024, 512], batch_size: 32, norm: True, alpha: 100, avg embeddings: False, 
                        crop: 224 resize: 256, use conv: True pretrained: None, seed: 42, angle range: 30, shift range: 32, 
                        train length: 1024, val length: 320, test length: 320, get old path: False, embeddings to use: ['rotated_embeddings', 'original_embeddings'],
                        use_cls: False, frozen layer: 0


Epoch 1/500: Training Loss: 29.86989402770996		 Val Loss: 18.55766906738281
	      Training MAE Angle: 0.49814051389694214		 Val MAE Angle: 0.47902498245239256
              Training MSE Angle: 0.3299391269683838		 Val MSE Angle: 0.31183738708496095
	      Training MAE Shift: 0.4656315743923187		 Val MAE Shift: 0.3603929042816162
              Training Euclidean Shift: 0.7135290503501892	 Val Euclidean Shift: 0.5557806015014648


Epoch 2/500: Training Loss: 6.131323337554932		 Val Loss: 7.136267852783203
	      Training MAE Angle: 0.4869494140148163		 Val MAE Angle: 0.5007148742675781
              Training MSE Angle: 0.3234350383281708		 Val MSE Angle: 0.32991459369659426
	      Training MAE Shift: 0.17893193662166595		 Val MAE Shift: 0.19846148490905763
              Training Euclidean Shift: 0.2794051170349121	 Val Euclidean Shift: 0.31246492862701414


Epoch 3/500: Training Loss: 2.54069185256958		 Val Loss: 5.8965301513671875
	      Training MAE Angle: 0.4972041845321655		 Val MAE Angle: 0.5218729972839355
              Training MSE Angle: 0.32930082082748413		 Val MSE Angle: 0.347717809677124
	      Training MAE Shift: 0.11018937826156616		 Val MAE Shift: 0.19814481735229492
              Training Euclidean Shift: 0.17447184026241302	 Val Euclidean Shift: 0.30651657581329345


Epoch 4/500: Training Loss: 2.2683441638946533		 Val Loss: 2.548777961730957
	      Training MAE Angle: 0.49853357672691345		 Val MAE Angle: 0.5075774192810059
              Training MSE Angle: 0.3306763172149658		 Val MSE Angle: 0.3390223503112793
	      Training MAE Shift: 0.10326924175024033		 Val MAE Shift: 0.11478586196899414
              Training Euclidean Shift: 0.16360650956630707	 Val Euclidean Shift: 0.178837788105011


Epoch 5/500: Training Loss: 1.9006781578063965		 Val Loss: 1.7364032745361329
	      Training MAE Angle: 0.5033331513404846		 Val MAE Angle: 0.5284739017486573
              Training MSE Angle: 0.3355129659175873		 Val MSE Angle: 0.3661692142486572
	      Training MAE Shift: 0.09207414835691452		 Val MAE Shift: 0.08411626815795899
              Training Euclidean Shift: 0.14540499448776245	 Val Euclidean Shift: 0.13159278631210328


Epoch 6/500: Training Loss: 1.6383841037750244		 Val Loss: 1.7363113403320312
	      Training MAE Angle: 0.49403825402259827		 Val MAE Angle: 0.504751443862915
              Training MSE Angle: 0.32732027769088745		 Val MSE Angle: 0.33330631256103516
	      Training MAE Shift: 0.08355183899402618		 Val MAE Shift: 0.0844261646270752
              Training Euclidean Shift: 0.13201959431171417	 Val Euclidean Shift: 0.13330481052398682


Epoch 7/500: Training Loss: 1.6268982887268066		 Val Loss: 1.2719473838806152
	      Training MAE Angle: 0.4904800355434418		 Val MAE Angle: 0.5016379356384277
              Training MSE Angle: 0.325179785490036		 Val MSE Angle: 0.33118743896484376
	      Training MAE Shift: 0.08321691304445267		 Val MAE Shift: 0.06852866411209106
              Training Euclidean Shift: 0.1309327930212021	 Val Euclidean Shift: 0.10858607292175293


Epoch 8/500: Training Loss: 1.2507565021514893		 Val Loss: 1.3909496307373046
	      Training MAE Angle: 0.4886554181575775		 Val MAE Angle: 0.5298975944519043
              Training MSE Angle: 0.32027700543403625		 Val MSE Angle: 0.3565394163131714
	      Training MAE Shift: 0.07061178982257843		 Val MAE Shift: 0.07149658203125
              Training Euclidean Shift: 0.11085722595453262	 Val Euclidean Shift: 0.11308935880661011


Epoch 9/500: Training Loss: 0.9883849620819092		 Val Loss: 1.054753017425537
	      Training MAE Angle: 0.4856700599193573		 Val MAE Angle: 0.49679136276245117
              Training MSE Angle: 0.3184159994125366		 Val MSE Angle: 0.33282606601715087
	      Training MAE Shift: 0.05816441401839256		 Val MAE Shift: 0.06387200355529785
              Training Euclidean Shift: 0.09178885072469711	 Val Euclidean Shift: 0.09885912537574768


Epoch 10/500: Training Loss: 0.8971728086471558		 Val Loss: 1.5663119316101075
	      Training MAE Angle: 0.4961496591567993		 Val MAE Angle: 0.4942103385925293
              Training MSE Angle: 0.3293532729148865		 Val MSE Angle: 0.33523876667022706
	      Training MAE Shift: 0.05405540391802788		 Val MAE Shift: 0.0776008427143097
              Training Euclidean Shift: 0.08516557514667511	 Val Euclidean Shift: 0.12328174114227294


Epoch 11/500: Training Loss: 1.183097243309021		 Val Loss: 1.115792179107666
	      Training MAE Angle: 0.49214449524879456		 Val MAE Angle: 0.4849401950836182
              Training MSE Angle: 0.3279975950717926		 Val MSE Angle: 0.32378861904144285
	      Training MAE Shift: 0.06470253318548203		 Val MAE Shift: 0.06076163649559021
              Training Euclidean Shift: 0.10189064592123032	 Val Euclidean Shift: 0.09439055919647217


Epoch 12/500: Training Loss: 0.9195042252540588		 Val Loss: 0.7868420600891113
	      Training MAE Angle: 0.48010414838790894		 Val MAE Angle: 0.4957183837890625
              Training MSE Angle: 0.3071762025356293		 Val MSE Angle: 0.3299604892730713
	      Training MAE Shift: 0.05603214353322983		 Val MAE Shift: 0.04873917400836945
              Training Euclidean Shift: 0.0884237065911293	 Val Euclidean Shift: 0.07640565633773803


Epoch 13/500: Training Loss: 0.8671589493751526		 Val Loss: 1.3897066116333008
	      Training MAE Angle: 0.4912571907043457		 Val MAE Angle: 0.5276635169982911
              Training MSE Angle: 0.32129743695259094		 Val MSE Angle: 0.35867862701416015
	      Training MAE Shift: 0.05221111327409744		 Val MAE Shift: 0.06985512971878052
              Training Euclidean Shift: 0.08247200399637222	 Val Euclidean Shift: 0.11128433942794799


Epoch 14/500: Training Loss: 0.9492520093917847		 Val Loss: 1.0069942474365234
	      Training MAE Angle: 0.47699931263923645		 Val MAE Angle: 0.5016860961914062
              Training MSE Angle: 0.31160610914230347		 Val MSE Angle: 0.32707772254943845
	      Training MAE Shift: 0.05556106939911842		 Val MAE Shift: 0.05598122477531433
              Training Euclidean Shift: 0.08807434886693954	 Val Euclidean Shift: 0.08880321979522705


Epoch 15/500: Training Loss: 0.8328893184661865		 Val Loss: 0.9294356346130371
	      Training MAE Angle: 0.4714178442955017		 Val MAE Angle: 0.4594535827636719
              Training MSE Angle: 0.30341583490371704		 Val MSE Angle: 0.2920818567276001
	      Training MAE Shift: 0.051936499774456024		 Val MAE Shift: 0.05525057315826416
              Training Euclidean Shift: 0.08245331794023514	 Val Euclidean Shift: 0.0877909243106842


Epoch 16/500: Training Loss: 0.9642998576164246		 Val Loss: 1.3628294944763184
	      Training MAE Angle: 0.48965805768966675		 Val MAE Angle: 0.4865446090698242
              Training MSE Angle: 0.31891658902168274		 Val MSE Angle: 0.32051360607147217
	      Training MAE Shift: 0.057328686118125916		 Val MAE Shift: 0.072745943069458
              Training Euclidean Shift: 0.08989172428846359	 Val Euclidean Shift: 0.11371222734451295


Epoch 17/500: Training Loss: 0.7456543445587158		 Val Loss: 1.458456802368164
	      Training MAE Angle: 0.48053205013275146		 Val MAE Angle: 0.48791751861572263
              Training MSE Angle: 0.3132926821708679		 Val MSE Angle: 0.3188005924224854
	      Training MAE Shift: 0.048485711216926575		 Val MAE Shift: 0.07794454097747802
              Training Euclidean Shift: 0.07553853839635849	 Val Euclidean Shift: 0.12168296575546264


Epoch 18/500: Training Loss: 0.7744758129119873		 Val Loss: 1.313308334350586
	      Training MAE Angle: 0.4605358839035034		 Val MAE Angle: 0.4992071628570557
              Training MSE Angle: 0.2926005423069		 Val MSE Angle: 0.33042211532592775
	      Training MAE Shift: 0.048817265778779984		 Val MAE Shift: 0.06661462783813477
              Training Euclidean Shift: 0.07686284929513931	 Val Euclidean Shift: 0.10600970983505249


Epoch 19/500: Training Loss: 0.9489486217498779		 Val Loss: 0.8234939575195312
	      Training MAE Angle: 0.455955445766449		 Val MAE Angle: 0.47177858352661134
              Training MSE Angle: 0.28704535961151123		 Val MSE Angle: 0.2954873561859131
	      Training MAE Shift: 0.05880853161215782		 Val MAE Shift: 0.05202457904815674
              Training Euclidean Shift: 0.09314065426588058	 Val Euclidean Shift: 0.08216875195503234


Epoch 20/500: Training Loss: 0.8269871473312378		 Val Loss: 0.6805624008178711
	      Training MAE Angle: 0.45917370915412903		 Val MAE Angle: 0.4607170581817627
              Training MSE Angle: 0.28897419571876526		 Val MSE Angle: 0.29177079200744627
	      Training MAE Shift: 0.05145847052335739		 Val MAE Shift: 0.04183661937713623
              Training Euclidean Shift: 0.0811987891793251	 Val Euclidean Shift: 0.06587043404579163


Epoch 21/500: Training Loss: 0.891090989112854		 Val Loss: 1.137499713897705
	      Training MAE Angle: 0.44730144739151		 Val MAE Angle: 0.4627994537353516
              Training MSE Angle: 0.2770562767982483		 Val MSE Angle: 0.2846947431564331
	      Training MAE Shift: 0.0556931309401989		 Val MAE Shift: 0.06351787447929383
              Training Euclidean Shift: 0.08771642297506332	 Val Euclidean Shift: 0.1003023624420166


Epoch 22/500: Training Loss: 0.8064121007919312		 Val Loss: 0.7991779327392579
	      Training MAE Angle: 0.44286519289016724		 Val MAE Angle: 0.40468497276306153
              Training MSE Angle: 0.27085885405540466		 Val MSE Angle: 0.2355804681777954
	      Training MAE Shift: 0.053834203630685806		 Val MAE Shift: 0.04684711694717407
              Training Euclidean Shift: 0.08484013378620148	 Val Euclidean Shift: 0.07449812889099121


Epoch 23/500: Training Loss: 0.652224063873291		 Val Loss: 0.6909255027770996
	      Training MAE Angle: 0.427147775888443		 Val MAE Angle: 0.40862045288085935
              Training MSE Angle: 0.25026223063468933		 Val MSE Angle: 0.23495192527770997
	      Training MAE Shift: 0.046562500298023224		 Val MAE Shift: 0.049001970887184144
              Training Euclidean Shift: 0.07279808074235916	 Val Euclidean Shift: 0.0779045045375824


Epoch 24/500: Training Loss: 0.6243361234664917		 Val Loss: 0.8031160354614257
	      Training MAE Angle: 0.37965139746665955		 Val MAE Angle: 0.3833353281021118
              Training MSE Angle: 0.20481190085411072		 Val MSE Angle: 0.21219542026519775
	      Training MAE Shift: 0.045089710503816605		 Val MAE Shift: 0.0489850252866745
              Training Euclidean Shift: 0.07127830386161804	 Val Euclidean Shift: 0.07714083790779114


Epoch 25/500: Training Loss: 0.615526556968689		 Val Loss: 0.6560973644256591
	      Training MAE Angle: 0.3460247814655304		 Val MAE Angle: 0.3309572458267212
              Training MSE Angle: 0.17708547413349152		 Val MSE Angle: 0.16207690238952638
	      Training MAE Shift: 0.045849692076444626		 Val MAE Shift: 0.04917043149471283
              Training Euclidean Shift: 0.07232973724603653	 Val Euclidean Shift: 0.07727563977241517


Epoch 26/500: Training Loss: 0.7376998066902161		 Val Loss: 0.6414204597473144
	      Training MAE Angle: 0.3082978427410126		 Val MAE Angle: 0.30843019485473633
              Training MSE Angle: 0.1479770988225937		 Val MSE Angle: 0.14650440216064453
	      Training MAE Shift: 0.053953852504491806		 Val MAE Shift: 0.049183064699172975
              Training Euclidean Shift: 0.08495427668094635	 Val Euclidean Shift: 0.07724558115005493


Epoch 27/500: Training Loss: 0.6220453381538391		 Val Loss: 0.892947006225586
	      Training MAE Angle: 0.24572646617889404		 Val MAE Angle: 0.20332868099212648
              Training MSE Angle: 0.10354667901992798		 Val MSE Angle: 0.07710553407669067
	      Training MAE Shift: 0.051048777997493744		 Val MAE Shift: 0.06953972578048706
              Training Euclidean Shift: 0.080609031021595	 Val Euclidean Shift: 0.10886236429214477


Epoch 28/500: Training Loss: 0.7019893527030945		 Val Loss: 0.8492372512817383
	      Training MAE Angle: 0.19794800877571106		 Val MAE Angle: 0.15918971300125123
              Training MSE Angle: 0.07350509613752365		 Val MSE Angle: 0.051609772443771365
	      Training MAE Shift: 0.05801916867494583		 Val MAE Shift: 0.06285710334777832
              Training Euclidean Shift: 0.09150145947933197	 Val Euclidean Shift: 0.09899989366531373


Epoch 29/500: Training Loss: 2.02449369430542		 Val Loss: 3.0160140991210938
	      Training MAE Angle: 0.22265544533729553		 Val MAE Angle: 0.2349306583404541
              Training MSE Angle: 0.09026763588190079		 Val MSE Angle: 0.09482720494270325
	      Training MAE Shift: 0.09561534225940704		 Val MAE Shift: 0.12743961811065674
              Training Euclidean Shift: 0.1516440361738205	 Val Euclidean Shift: 0.20235991477966309


Epoch 30/500: Training Loss: 1.8153738975524902		 Val Loss: 2.3223093032836912
	      Training MAE Angle: 0.20709356665611267		 Val MAE Angle: 0.1947455644607544
              Training MSE Angle: 0.07643339037895203		 Val MSE Angle: 0.06087164282798767
	      Training MAE Shift: 0.09551943838596344		 Val MAE Shift: 0.11478898525238038
              Training Euclidean Shift: 0.15031830966472626	 Val Euclidean Shift: 0.17918851375579833


Epoch 31/500: Training Loss: 1.2416176795959473		 Val Loss: 1.142117977142334
	      Training MAE Angle: 0.16567359864711761		 Val MAE Angle: 0.18248761892318727
              Training MSE Angle: 0.05083170905709267		 Val MSE Angle: 0.0601931631565094
	      Training MAE Shift: 0.08155488222837448		 Val MAE Shift: 0.07618102431297302
              Training Euclidean Shift: 0.1278037279844284	 Val Euclidean Shift: 0.11958740949630738


Epoch 32/500: Training Loss: 1.0447287559509277		 Val Loss: 1.5732173919677734
	      Training MAE Angle: 0.17063865065574646		 Val MAE Angle: 0.16220892667770387
              Training MSE Angle: 0.050622809678316116		 Val MSE Angle: 0.047036966681480406
	      Training MAE Shift: 0.0725143626332283		 Val MAE Shift: 0.0871792495250702
              Training Euclidean Shift: 0.11366476118564606	 Val Euclidean Shift: 0.13882508277893066


Epoch 33/500: Training Loss: 0.9291432499885559		 Val Loss: 1.3363697052001953
	      Training MAE Angle: 0.14832136034965515		 Val MAE Angle: 0.17353590726852416
              Training MSE Angle: 0.03874729946255684		 Val MSE Angle: 0.05733382105827332
	      Training MAE Shift: 0.0656934604048729		 Val MAE Shift: 0.08055564165115356
              Training Euclidean Shift: 0.10400751233100891	 Val Euclidean Shift: 0.1261820912361145


Epoch 34/500: Training Loss: 0.8599702715873718		 Val Loss: 0.865687370300293
	      Training MAE Angle: 0.1616779863834381		 Val MAE Angle: 0.1577810287475586
              Training MSE Angle: 0.04415285959839821		 Val MSE Angle: 0.04812245070934296
	      Training MAE Shift: 0.06566562503576279		 Val MAE Shift: 0.06431336998939514
              Training Euclidean Shift: 0.10312209278345108	 Val Euclidean Shift: 0.10063395500183106


Epoch 35/500: Training Loss: 0.714190661907196		 Val Loss: 0.8202907562255859
	      Training MAE Angle: 0.14401280879974365		 Val MAE Angle: 0.15710511207580566
              Training MSE Angle: 0.035030901432037354		 Val MSE Angle: 0.043920308351516724
	      Training MAE Shift: 0.05853257328271866		 Val MAE Shift: 0.06512014865875244
              Training Euclidean Shift: 0.09237555414438248	 Val Euclidean Shift: 0.10199218988418579


Epoch 36/500: Training Loss: 0.707046627998352		 Val Loss: 1.451787281036377
	      Training MAE Angle: 0.15081354975700378		 Val MAE Angle: 0.15135276317596436
              Training MSE Angle: 0.039136528968811035		 Val MSE Angle: 0.035254070162773134
	      Training MAE Shift: 0.05695928633213043		 Val MAE Shift: 0.09116464257240295
              Training Euclidean Shift: 0.08978447318077087	 Val Euclidean Shift: 0.14412413835525512


Epoch 37/500: Training Loss: 0.8143893480300903		 Val Loss: 0.5446572303771973
	      Training MAE Angle: 0.1466430276632309		 Val MAE Angle: 0.15306103229522705
              Training MSE Angle: 0.04064445197582245		 Val MSE Angle: 0.040031793713569644
	      Training MAE Shift: 0.06215662136673927		 Val MAE Shift: 0.050254786014556886
              Training Euclidean Shift: 0.09785448759794235	 Val Euclidean Shift: 0.07848424911499023


Epoch 38/500: Training Loss: 0.5940343141555786		 Val Loss: 0.6668107509613037
	      Training MAE Angle: 0.1442490518093109		 Val MAE Angle: 0.14335424900054933
              Training MSE Angle: 0.03525036573410034		 Val MSE Angle: 0.04286487400531769
	      Training MAE Shift: 0.053694866597652435		 Val MAE Shift: 0.05283586978912354
              Training Euclidean Shift: 0.08437475562095642	 Val Euclidean Shift: 0.0824490487575531


Epoch 39/500: Training Loss: 1.0452663898468018		 Val Loss: 2.198484992980957
	      Training MAE Angle: 0.1576712429523468		 Val MAE Angle: 0.17445149421691894
              Training MSE Angle: 0.0439857579767704		 Val MSE Angle: 0.058261406421661374
	      Training MAE Shift: 0.07127781212329865		 Val MAE Shift: 0.11537559032440185
              Training Euclidean Shift: 0.1119571104645729	 Val Euclidean Shift: 0.177249014377594


Epoch 40/500: Training Loss: 0.833133339881897		 Val Loss: 0.9403395652770996
	      Training MAE Angle: 0.14015355706214905		 Val MAE Angle: 0.1590862512588501
              Training MSE Angle: 0.03550747409462929		 Val MSE Angle: 0.050928205251693726
	      Training MAE Shift: 0.06558811664581299		 Val MAE Shift: 0.06283976435661316
              Training Euclidean Shift: 0.10404874384403229	 Val Euclidean Shift: 0.09970240592956543


Epoch 41/500: Training Loss: 0.6799168586730957		 Val Loss: 0.5617512226104736
	      Training MAE Angle: 0.14324142038822174		 Val MAE Angle: 0.13522441387176515
              Training MSE Angle: 0.03711738437414169		 Val MSE Angle: 0.029653283953666686
	      Training MAE Shift: 0.05877944082021713		 Val MAE Shift: 0.05003277063369751
              Training Euclidean Shift: 0.09287949651479721	 Val Euclidean Shift: 0.07941526174545288


Epoch 42/500: Training Loss: 0.44836360216140747		 Val Loss: 0.5464729309082031
	      Training MAE Angle: 0.13103236258029938		 Val MAE Angle: 0.140437114238739
              Training MSE Angle: 0.03155267611145973		 Val MSE Angle: 0.03717870712280273
	      Training MAE Shift: 0.04636727645993233		 Val MAE Shift: 0.04866641163825989
              Training Euclidean Shift: 0.07328054308891296	 Val Euclidean Shift: 0.07654451727867126


Epoch 43/500: Training Loss: 0.47268879413604736		 Val Loss: 0.7722146511077881
	      Training MAE Angle: 0.13102644681930542		 Val MAE Angle: 0.1473668932914734
              Training MSE Angle: 0.03107200749218464		 Val MSE Angle: 0.0436967134475708
	      Training MAE Shift: 0.04575655981898308		 Val MAE Shift: 0.06340055465698242
              Training Euclidean Shift: 0.07241420447826385	 Val Euclidean Shift: 0.09992533326148986


Epoch 44/500: Training Loss: 0.9608536958694458		 Val Loss: 0.8167747497558594
	      Training MAE Angle: 0.14113429188728333		 Val MAE Angle: 0.14212132692337037
              Training MSE Angle: 0.03379732370376587		 Val MSE Angle: 0.036386114358901975
	      Training MAE Shift: 0.06649874150753021		 Val MAE Shift: 0.06403638124465942
              Training Euclidean Shift: 0.10546284168958664	 Val Euclidean Shift: 0.10362257957458496


Epoch 45/500: Training Loss: 0.6773117184638977		 Val Loss: 0.6211741447448731
	      Training MAE Angle: 0.13328957557678223		 Val MAE Angle: 0.1275937795639038
              Training MSE Angle: 0.03264133632183075		 Val MSE Angle: 0.03170748054981232
	      Training MAE Shift: 0.05500377342104912		 Val MAE Shift: 0.05134164094924927
              Training Euclidean Shift: 0.08624483644962311	 Val Euclidean Shift: 0.08135471343994141


Epoch 46/500: Training Loss: 0.6247639060020447		 Val Loss: 0.8610937118530273
	      Training MAE Angle: 0.12845399975776672		 Val MAE Angle: 0.14474648237228394
              Training MSE Angle: 0.03174266964197159		 Val MSE Angle: 0.03570395112037659
	      Training MAE Shift: 0.053739823400974274		 Val MAE Shift: 0.06654694080352783
              Training Euclidean Shift: 0.0842079445719719	 Val Euclidean Shift: 0.10414242744445801


Epoch 47/500: Training Loss: 0.4254189133644104		 Val Loss: 0.6629753589630127
	      Training MAE Angle: 0.12665237486362457		 Val MAE Angle: 0.13891329765319824
              Training MSE Angle: 0.026546413078904152		 Val MSE Angle: 0.040657210350036624
	      Training MAE Shift: 0.04636789858341217		 Val MAE Shift: 0.058261829614639285
              Training Euclidean Shift: 0.07295184582471848	 Val Euclidean Shift: 0.09120833873748779


Epoch 48/500: Training Loss: 0.3309870660305023		 Val Loss: 0.39540059566497804
	      Training MAE Angle: 0.11908788233995438		 Val MAE Angle: 0.12877951860427855
              Training MSE Angle: 0.024816030636429787		 Val MSE Angle: 0.029956892132759094
	      Training MAE Shift: 0.03880380466580391		 Val MAE Shift: 0.04016692340373993
              Training Euclidean Shift: 0.060540035367012024	 Val Euclidean Shift: 0.062243449687957766


Epoch 49/500: Training Loss: 0.3501788377761841		 Val Loss: 0.5695122241973877
	      Training MAE Angle: 0.1171393021941185		 Val MAE Angle: 0.14000866413116456
              Training MSE Angle: 0.02372889406979084		 Val MSE Angle: 0.037646761536598204
	      Training MAE Shift: 0.039803266525268555		 Val MAE Shift: 0.047305384278297426
              Training Euclidean Shift: 0.0626562237739563	 Val Euclidean Shift: 0.0748094916343689


Epoch 50/500: Training Loss: 0.4782956540584564		 Val Loss: 0.465670108795166
	      Training MAE Angle: 0.11695845425128937		 Val MAE Angle: 0.12709857225418092
              Training MSE Angle: 0.02425125427544117		 Val MSE Angle: 0.029090413451194765
	      Training MAE Shift: 0.04667412489652634		 Val MAE Shift: 0.044062739610671996
              Training Euclidean Shift: 0.07322833687067032	 Val Euclidean Shift: 0.07075316309928895


Epoch 51/500: Training Loss: 0.4253765940666199		 Val Loss: 0.5682765960693359
	      Training MAE Angle: 0.11524216085672379		 Val MAE Angle: 0.12333806753158569
              Training MSE Angle: 0.023885663598775864		 Val MSE Angle: 0.02682574987411499
	      Training MAE Shift: 0.04439043626189232		 Val MAE Shift: 0.05124739408493042
              Training Euclidean Shift: 0.07088574022054672	 Val Euclidean Shift: 0.08141090273857117


Epoch 52/500: Training Loss: 0.48877793550491333		 Val Loss: 0.5999091625213623
	      Training MAE Angle: 0.11045733839273453		 Val MAE Angle: 0.12204396724700928
              Training MSE Angle: 0.02164616249501705		 Val MSE Angle: 0.025647830963134766
	      Training MAE Shift: 0.04769517108798027		 Val MAE Shift: 0.05173109173774719
              Training Euclidean Shift: 0.07491322606801987	 Val Euclidean Shift: 0.08123054504394531


