Sat 30 Nov 2024 19:23:27 IST

SLURM_JOBID:		 1596152
SLURM_JOB_NODELIST:	 ise-4090-02 


248 753 46
1 points at SceneFlow/Monkaa_cleanpass/eating_x2, 000008.png
1 points at SceneFlow/Monkaa_cleanpass/a_rain_of_stones_x2, 000092.png
1 points at SceneFlow/Monkaa_cleanpass/a_rain_of_stones_x2, 000072.png
1 points at SceneFlow/Monkaa_cleanpass/a_rain_of_stones_x2, 000080.png
1 points at SceneFlow/Monkaa_cleanpass/a_rain_of_stones_x2, 000110.png
1 points at SceneFlow/Monkaa_cleanpass/eating_naked_camera2_x2, 000106.png
1 points at SceneFlow/Monkaa_cleanpass/flower_storm_x2, 000076.png
1 points at SceneFlow/Monkaa_cleanpass/a_rain_of_stones_x2, 000012.png
1 points at SceneFlow/Monkaa_cleanpass/a_rain_of_stones_x2, 000036.png
1 points at SceneFlow/Monkaa_cleanpass/flower_storm_x2, 000024.png
1 points at SceneFlow/Monkaa_cleanpass/a_rain_of_stones_x2, 000002.png
1 points at SceneFlow/Monkaa_cleanpass/a_rain_of_stones_x2, 000060.png
1 points at SceneFlow/Monkaa_cleanpass/eating_x2, 000044.png
1 points at SceneFlow/Monkaa_cleanpass/eating_naked_camera2_x2, 000124.png
1 points at SceneFlow/Monkaa_cleanpass/a_rain_of_stones_x2, 000042.png
1 points at SceneFlow/Monkaa_cleanpass/flower_storm_x2, 000040.png
1 points at SceneFlow/Monkaa_cleanpass/eating_x2, 000060.png
1 points at SceneFlow/Monkaa_cleanpass/flower_storm_x2, 000042.png
1 points at SceneFlow/Monkaa_cleanpass/a_rain_of_stones_x2, 000122.png
1 points at SceneFlow/Monkaa_cleanpass/flower_storm_x2, 000018.png
1 points at SceneFlow/Monkaa_cleanpass/a_rain_of_stones_x2, 000028.png
1 points at SceneFlow/Monkaa_cleanpass/eating_naked_camera2_x2, 000016.png
1 points at SceneFlow/Monkaa_cleanpass/eating_x2, 000052.png
1 points at SceneFlow/Monkaa_cleanpass/eating_naked_camera2_x2, 000066.png
1 points at SceneFlow/Monkaa_cleanpass/eating_naked_camera2_x2, 000096.png
1 points at SceneFlow/Monkaa_cleanpass/a_rain_of_stones_x2, 000082.png
1 points at SceneFlow/Monkaa_cleanpass/eating_naked_camera2_x2, 000144.png
1 points at SceneFlow/Monkaa_cleanpass/eating_naked_camera2_x2, 000004.png
1 points at SceneFlow/Monkaa_cleanpass/flower_storm_x2, 000092.png
1 points at SceneFlow/Monkaa_cleanpass/eating_naked_camera2_x2, 000074.png
1 points at SceneFlow/Monkaa_cleanpass/a_rain_of_stones_x2, 000108.png
1 points at SceneFlow/Monkaa_cleanpass/flower_storm_x2, 000088.png
1 points at SceneFlow/Monkaa_cleanpass/eating_naked_camera2_x2, 000056.png
1 points at SceneFlow/Monkaa_cleanpass/eating_x2, 000026.png
1 points at SceneFlow/Monkaa_cleanpass/a_rain_of_stones_x2, 000016.png
1 points at SceneFlow/Monkaa_cleanpass/a_rain_of_stones_x2, 000086.png

################
Empty points at eating_x2


1 points at SceneFlow/Monkaa_cleanpass/eating_x2, 000072.png
1 points at SceneFlow/Monkaa_cleanpass/eating_naked_camera2_x2, 000110.png
1 points at SceneFlow/Monkaa_cleanpass/eating_x2, 000014.png
1 points at SceneFlow/Monkaa_cleanpass/a_rain_of_stones_x2, 000034.png
1 points at SceneFlow/Monkaa_cleanpass/flower_storm_x2, 000094.png
1 points at SceneFlow/Monkaa_cleanpass/a_rain_of_stones_x2, 000104.png
1 points at SceneFlow/Monkaa_cleanpass/eating_naked_camera2_x2, 000080.png

################
Empty points at eating_x2


1 points at SceneFlow/Monkaa_cleanpass/eating_x2, 000086.png
1 points at SceneFlow/Monkaa_cleanpass/eating_naked_camera2_x2, 000142.png
1 points at SceneFlow/Monkaa_cleanpass/eating_x2, 000024.png
1 points at SceneFlow/Monkaa_cleanpass/flower_storm_x2, 000070.png
1 points at SceneFlow/Monkaa_cleanpass/a_rain_of_stones_x2, 000084.png
1 points at SceneFlow/Monkaa_cleanpass/a_rain_of_stones_x2, 000056.png
1 points at SceneFlow/Monkaa_cleanpass/eating_naked_camera2_x2, 000104.png
1 points at SceneFlow/Monkaa_cleanpass/eating_x2, 000074.png
1 points at SceneFlow/Monkaa_cleanpass/eating_naked_camera2_x2, 000140.png
1 points at SceneFlow/Monkaa_cleanpass/eating_x2, 000054.png
1 points at SceneFlow/Monkaa_cleanpass/eating_naked_camera2_x2, 000122.png
1 points at SceneFlow/Monkaa_cleanpass/eating_naked_camera2_x2, 000098.png
1 points at SceneFlow/Monkaa_cleanpass/flower_storm_x2, 000100.png
1 points at SceneFlow/Monkaa_cleanpass/a_rain_of_stones_x2, 000018.png
1 points at SceneFlow/Monkaa_cleanpass/eating_naked_camera2_x2, 000102.png
1 points at SceneFlow/Monkaa_cleanpass/eating_naked_camera2_x2, 000138.png
1 points at SceneFlow/Monkaa_cleanpass/eating_naked_camera2_x2, 000030.png
1 points at SceneFlow/Monkaa_cleanpass/flower_storm_x2, 000122.png
1 points at SceneFlow/Monkaa_cleanpass/flower_storm_x2, 000090.png
1 points at SceneFlow/Monkaa_cleanpass/eating_naked_camera2_x2, 000038.png
1 points at SceneFlow/Monkaa_cleanpass/flower_storm_x2, 000118.png
1 points at SceneFlow/Monkaa_cleanpass/eating_naked_camera2_x2, 000014.png
1 points at SceneFlow/Monkaa_cleanpass/eating_naked_camera2_x2, 000002.png
1 points at SceneFlow/Monkaa_cleanpass/flower_storm_x2, 000124.png
1 points at SceneFlow/Monkaa_cleanpass/eating_naked_camera2_x2, 000088.png
1 points at SceneFlow/Monkaa_cleanpass/eating_x2, 000000.png
1 points at SceneFlow/Monkaa_cleanpass/eating_x2, 000002.png
1 points at SceneFlow/Monkaa_cleanpass/flower_storm_x2, 000032.png
1 points at SceneFlow/Monkaa_cleanpass/a_rain_of_stones_x2, 000058.png
1 points at SceneFlow/Monkaa_cleanpass/flower_storm_x2, 000060.png
1 points at SceneFlow/Monkaa_cleanpass/eating_x2, 000064.png
1 points at SceneFlow/Monkaa_cleanpass/a_rain_of_stones_x2, 000032.png
1 points at SceneFlow/Monkaa_cleanpass/eating_naked_camera2_x2, 000036.png
1 points at SceneFlow/Monkaa_cleanpass/eating_naked_camera2_x2, 000070.png
1 points at SceneFlow/Monkaa_cleanpass/a_rain_of_stones_x2, 000106.png
1 points at SceneFlow/Monkaa_cleanpass/eating_x2, 000090.png
1 points at SceneFlow/Monkaa_cleanpass/eating_x2, 000004.png
1 points at SceneFlow/Monkaa_cleanpass/a_rain_of_stones_x2, 000096.png
1 points at SceneFlow/Monkaa_cleanpass/a_rain_of_stones_x2, 000050.png
1 points at SceneFlow/Monkaa_cleanpass/eating_naked_camera2_x2, 000150.png
1 points at SceneFlow/Monkaa_cleanpass/eating_naked_camera2_x2, 000146.png
1 points at SceneFlow/Monkaa_cleanpass/a_rain_of_stones_x2, 000118.png
1 points at SceneFlow/Monkaa_cleanpass/flower_storm_x2, 000064.png
1 points at SceneFlow/Monkaa_cleanpass/eating_naked_camera2_x2, 000092.png
1 points at SceneFlow/Monkaa_cleanpass/eating_naked_camera2_x2, 000116.png
1 points at SceneFlow/Monkaa_cleanpass/eating_naked_camera2_x2, 000128.png
1 points at SceneFlow/Monkaa_cleanpass/flower_storm_x2, 000006.png
1 points at SceneFlow/Monkaa_cleanpass/eating_x2, 000084.png
1 points at SceneFlow/Monkaa_cleanpass/a_rain_of_stones_x2, 000046.png
1 points at SceneFlow/Monkaa_cleanpass/eating_naked_camera2_x2, 000032.png
1 points at SceneFlow/Monkaa_cleanpass/flower_storm_x2, 000096.png
1 points at SceneFlow/Monkaa_cleanpass/eating_naked_camera2_x2, 000118.png
1 points at SceneFlow/Monkaa_cleanpass/eating_naked_camera2_x2, 000132.png
1 points at SceneFlow/Monkaa_cleanpass/eating_x2, 000062.png
1 points at SceneFlow/Monkaa_cleanpass/flower_storm_x2, 000034.png
1 points at SceneFlow/Monkaa_cleanpass/eating_naked_camera2_x2, 000136.png
1 points at SceneFlow/Monkaa_cleanpass/flower_storm_x2, 000116.png
1 points at SceneFlow/Monkaa_cleanpass/eating_naked_camera2_x2, 000148.png
1 points at SceneFlow/Monkaa_cleanpass/eating_naked_camera2_x2, 000040.png
1 points at SceneFlow/Monkaa_cleanpass/flower_storm_x2, 000062.png
1 points at SceneFlow/Monkaa_cleanpass/eating_x2, 000034.png
1 points at SceneFlow/Monkaa_cleanpass/eating_naked_camera2_x2, 000026.png
1 points at SceneFlow/Monkaa_cleanpass/eating_x2, 000070.png
1 points at SceneFlow/Monkaa_cleanpass/eating_naked_camera2_x2, 000054.png
1 points at SceneFlow/Monkaa_cleanpass/eating_x2, 000032.png
1 points at SceneFlow/Monkaa_cleanpass/flower_storm_x2, 000052.png
1 points at SceneFlow/Monkaa_cleanpass/flower_storm_x2, 000044.png
1 points at SceneFlow/Monkaa_cleanpass/a_rain_of_stones_x2, 000078.png
1 points at SceneFlow/Monkaa_cleanpass/flower_storm_x2, 000026.png
1 points at SceneFlow/Monkaa_cleanpass/eating_naked_camera2_x2, 000000.png
1 points at SceneFlow/Monkaa_cleanpass/a_rain_of_stones_x2, 000102.png
1 points at SceneFlow/Monkaa_cleanpass/eating_naked_camera2_x2, 000020.png
1 points at SceneFlow/Monkaa_cleanpass/a_rain_of_stones_x2, 000030.png
1 points at SceneFlow/Monkaa_cleanpass/a_rain_of_stones_x2, 000090.png
1 points at SceneFlow/Monkaa_cleanpass/a_rain_of_stones_x2, 000052.png
1 points at SceneFlow/Monkaa_cleanpass/eating_naked_camera2_x2, 000112.png
1 points at SceneFlow/Monkaa_cleanpass/flower_storm_x2, 000038.png
1 points at SceneFlow/Monkaa_cleanpass/flower_storm_x2, 000004.png
1 points at SceneFlow/Monkaa_cleanpass/flower_storm_x2, 000112.png
1 points at SceneFlow/Monkaa_cleanpass/eating_naked_camera2_x2, 000062.png
1 points at SceneFlow/Monkaa_cleanpass/eating_x2, 000028.png
1 points at SceneFlow/Monkaa_cleanpass/eating_x2, 000040.png

################
Empty points at eating_x2


1 points at SceneFlow/Monkaa_cleanpass/eating_x2, 000082.png
1 points at SceneFlow/Monkaa_cleanpass/a_rain_of_stones_x2, 000024.png
1 points at SceneFlow/Monkaa_cleanpass/eating_x2, 000046.png
1 points at SceneFlow/Monkaa_cleanpass/a_rain_of_stones_x2, 000120.png
1 points at SceneFlow/Monkaa_cleanpass/a_rain_of_stones_x2, 000026.png
1 points at SceneFlow/Monkaa_cleanpass/flower_storm_x2, 000036.png
1 points at SceneFlow/Monkaa_cleanpass/flower_storm_x2, 000110.png
1 points at SceneFlow/Monkaa_cleanpass/eating_x2, 000080.png
1 points at SceneFlow/Monkaa_cleanpass/flower_storm_x2, 000058.png
1 points at SceneFlow/Monkaa_cleanpass/eating_naked_camera2_x2, 000094.png
1 points at SceneFlow/Monkaa_cleanpass/eating_naked_camera2_x2, 000006.png
1 points at SceneFlow/Monkaa_cleanpass/eating_naked_camera2_x2, 000028.png
1 points at SceneFlow/Monkaa_cleanpass/eating_naked_camera2_x2, 000064.png
1 points at SceneFlow/Monkaa_cleanpass/eating_x2, 000022.png
1 points at SceneFlow/Monkaa_cleanpass/a_rain_of_stones_x2, 000074.png
1 points at SceneFlow/Monkaa_cleanpass/flower_storm_x2, 000050.png
1 points at SceneFlow/Monkaa_cleanpass/eating_naked_camera2_x2, 000052.png
1 points at SceneFlow/Monkaa_cleanpass/eating_naked_camera2_x2, 000018.png
1 points at SceneFlow/Monkaa_cleanpass/a_rain_of_stones_x2, 000094.png
1 points at SceneFlow/Monkaa_cleanpass/a_rain_of_stones_x2, 000100.png
1 points at SceneFlow/Monkaa_cleanpass/a_rain_of_stones_x2, 000006.png
1 points at SceneFlow/Monkaa_cleanpass/flower_storm_x2, 000022.png
1 points at SceneFlow/Monkaa_cleanpass/eating_naked_camera2_x2, 000114.png
1 points at SceneFlow/Monkaa_cleanpass/flower_storm_x2, 000046.png
1 points at SceneFlow/Monkaa_cleanpass/a_rain_of_stones_x2, 000022.png
1 points at SceneFlow/Monkaa_cleanpass/eating_x2, 000088.png
1 points at SceneFlow/Monkaa_cleanpass/eating_naked_camera2_x2, 000076.png
1 points at SceneFlow/Monkaa_cleanpass/a_rain_of_stones_x2, 000062.png
1 points at SceneFlow/Monkaa_cleanpass/flower_storm_x2, 000066.png
1 points at SceneFlow/Monkaa_cleanpass/a_rain_of_stones_x2, 000124.png
1 points at SceneFlow/Monkaa_cleanpass/eating_x2, 000012.png
1 points at SceneFlow/Monkaa_cleanpass/a_rain_of_stones_x2, 000044.png
1 points at SceneFlow/Monkaa_cleanpass/flower_storm_x2, 000084.png
1 points at SceneFlow/Monkaa_cleanpass/flower_storm_x2, 000102.png
1 points at SceneFlow/Monkaa_cleanpass/flower_storm_x2, 000014.png
1 points at SceneFlow/Monkaa_cleanpass/a_rain_of_stones_x2, 000048.png
1 points at SceneFlow/Monkaa_cleanpass/eating_x2, 000042.png
1 points at SceneFlow/Monkaa_cleanpass/flower_storm_x2, 000028.png
1 points at SceneFlow/Monkaa_cleanpass/eating_naked_camera2_x2, 000126.png
1 points at SceneFlow/Monkaa_cleanpass/eating_x2, 000016.png
1 points at SceneFlow/Monkaa_cleanpass/eating_naked_camera2_x2, 000050.png
1 points at SceneFlow/Monkaa_cleanpass/flower_storm_x2, 000074.png
1 points at SceneFlow/Monkaa_cleanpass/eating_naked_camera2_x2, 000078.png
1 points at SceneFlow/Monkaa_cleanpass/flower_storm_x2, 000016.png
1 points at SceneFlow/Monkaa_cleanpass/eating_naked_camera2_x2, 000120.png
1 points at SceneFlow/Monkaa_cleanpass/a_rain_of_stones_x2, 000076.png
1 points at SceneFlow/Monkaa_cleanpass/a_rain_of_stones_x2, 000098.png
1 points at SceneFlow/Monkaa_cleanpass/eating_naked_camera2_x2, 000060.png
1 points at SceneFlow/Monkaa_cleanpass/eating_naked_camera2_x2, 000042.png
1 points at SceneFlow/Monkaa_cleanpass/flower_storm_x2, 000010.png
1 points at SceneFlow/Monkaa_cleanpass/flower_storm_x2, 000054.png
1 points at SceneFlow/Monkaa_cleanpass/flower_storm_x2, 000080.png
1 points at SceneFlow/Monkaa_cleanpass/eating_naked_camera2_x2, 000072.png
1 points at SceneFlow/Monkaa_cleanpass/flower_storm_x2, 000056.png
1 points at SceneFlow/Monkaa_cleanpass/eating_x2, 000068.png
1 points at SceneFlow/Monkaa_cleanpass/a_rain_of_stones_x2, 000054.png
1 points at SceneFlow/Monkaa_cleanpass/a_rain_of_stones_x2, 000004.png
1 points at SceneFlow/Monkaa_cleanpass/flower_storm_x2, 000048.png
1 points at SceneFlow/Monkaa_cleanpass/eating_x2, 000020.png
1 points at SceneFlow/Monkaa_cleanpass/eating_x2, 000078.png
1 points at SceneFlow/Monkaa_cleanpass/eating_naked_camera2_x2, 000046.png
1 points at SceneFlow/Monkaa_cleanpass/eating_naked_camera2_x2, 000130.png
1 points at SceneFlow/Monkaa_cleanpass/a_rain_of_stones_x2, 000070.png
1 points at SceneFlow/Monkaa_cleanpass/flower_storm_x2, 000120.png
1 points at SceneFlow/Monkaa_cleanpass/eating_naked_camera2_x2, 000008.png
1 points at SceneFlow/Monkaa_cleanpass/eating_naked_camera2_x2, 000044.png
1 points at SceneFlow/Monkaa_cleanpass/a_rain_of_stones_x2, 000000.png
1 points at SceneFlow/Monkaa_cleanpass/eating_naked_camera2_x2, 000048.png
1 points at SceneFlow/Monkaa_cleanpass/eating_x2, 000010.png
1 points at SceneFlow/Monkaa_cleanpass/eating_naked_camera2_x2, 000024.png
1 points at SceneFlow/Monkaa_cleanpass/eating_naked_camera2_x2, 000010.png
1 points at SceneFlow/Monkaa_cleanpass/flower_storm_x2, 000030.png
1 points at SceneFlow/Monkaa_cleanpass/flower_storm_x2, 000114.png
1 points at SceneFlow/Monkaa_cleanpass/flower_storm_x2, 000108.png
1 points at SceneFlow/Monkaa_cleanpass/flower_storm_x2, 000106.png
1 points at SceneFlow/Monkaa_cleanpass/a_rain_of_stones_x2, 000014.png
1 points at SceneFlow/Monkaa_cleanpass/eating_x2, 000038.png
1 points at SceneFlow/Monkaa_cleanpass/eating_x2, 000018.png
1 points at SceneFlow/Monkaa_cleanpass/a_rain_of_stones_x2, 000064.png
1 points at SceneFlow/Monkaa_cleanpass/eating_naked_camera2_x2, 000058.png
1 points at SceneFlow/Monkaa_cleanpass/flower_storm_x2, 000072.png
1 points at SceneFlow/Monkaa_cleanpass/a_rain_of_stones_x2, 000020.png
1 points at SceneFlow/Monkaa_cleanpass/eating_naked_camera2_x2, 000068.png
1 points at SceneFlow/Monkaa_cleanpass/a_rain_of_stones_x2, 000008.png
1 points at SceneFlow/Monkaa_cleanpass/flower_storm_x2, 000020.png
1 points at SceneFlow/Monkaa_cleanpass/eating_x2, 000030.png
1 points at SceneFlow/Monkaa_cleanpass/a_rain_of_stones_x2, 000112.png
1 points at SceneFlow/Monkaa_cleanpass/a_rain_of_stones_x2, 000068.png
1 points at SceneFlow/Monkaa_cleanpass/flower_storm_x2, 000008.png
1 points at SceneFlow/Monkaa_cleanpass/flower_storm_x2, 000104.png
1 points at SceneFlow/Monkaa_cleanpass/eating_naked_camera2_x2, 000034.png
1 points at SceneFlow/Monkaa_cleanpass/eating_x2, 000056.png
1 points at SceneFlow/Monkaa_cleanpass/eating_x2, 000050.png

################
Empty points at eating_x2


1 points at SceneFlow/Monkaa_cleanpass/eating_x2, 000066.png
1 points at SceneFlow/Monkaa_cleanpass/a_rain_of_stones_x2, 000116.png
1 points at SceneFlow/Monkaa_cleanpass/eating_naked_camera2_x2, 000108.png
1 points at SceneFlow/Monkaa_cleanpass/flower_storm_x2, 000086.png
1 points at SceneFlow/Monkaa_cleanpass/flower_storm_x2, 000012.png
1 points at SceneFlow/Monkaa_cleanpass/flower_storm_x2, 000002.png
1 points at SceneFlow/Monkaa_cleanpass/eating_x2, 000076.png
1 points at SceneFlow/Monkaa_cleanpass/eating_x2, 000048.png
1 points at SceneFlow/Monkaa_cleanpass/a_rain_of_stones_x2, 000088.png
1 points at SceneFlow/Monkaa_cleanpass/eating_naked_camera2_x2, 000100.png
1 points at SceneFlow/Monkaa_cleanpass/eating_naked_camera2_x2, 000012.png
1 points at SceneFlow/Monkaa_cleanpass/a_rain_of_stones_x2, 000040.png
1 points at SceneFlow/Monkaa_cleanpass/flower_storm_x2, 000098.png
1 points at SceneFlow/Monkaa_cleanpass/flower_storm_x2, 000068.png
1 points at SceneFlow/Monkaa_cleanpass/eating_x2, 000036.png
1 points at SceneFlow/Monkaa_cleanpass/a_rain_of_stones_x2, 000114.png
1 points at SceneFlow/Monkaa_cleanpass/eating_naked_camera2_x2, 000090.png
1 points at SceneFlow/Monkaa_cleanpass/eating_naked_camera2_x2, 000082.png
1 points at SceneFlow/Monkaa_cleanpass/a_rain_of_stones_x2, 000010.png
1 points at SceneFlow/Monkaa_cleanpass/a_rain_of_stones_x2, 000066.png
1 points at SceneFlow/Monkaa_cleanpass/eating_naked_camera2_x2, 000086.png
1 points at SceneFlow/Monkaa_cleanpass/flower_storm_x2, 000078.png
1 points at SceneFlow/Monkaa_cleanpass/a_rain_of_stones_x2, 000038.png
1 points at SceneFlow/Monkaa_cleanpass/flower_storm_x2, 000000.png

################
Empty points at eating_x2


1 points at SceneFlow/Monkaa_cleanpass/eating_x2, 000058.png

################
Empty points at eating_x2


1 points at SceneFlow/Monkaa_cleanpass/eating_x2, 000006.png
1 points at SceneFlow/Monkaa_cleanpass/eating_naked_camera2_x2, 000022.png
1 points at SceneFlow/Monkaa_cleanpass/flower_storm_x2, 000082.png
1 points at SceneFlow/Monkaa_cleanpass/eating_naked_camera2_x2, 000134.png
1 points at SceneFlow/Monkaa_cleanpass/eating_naked_camera2_x2, 000084.png
1 points at SceneFlow/Monkaa_cleanpass/funnyworld_x2, 000006.png
1 points at SceneFlow/Monkaa_cleanpass/funnyworld_x2, 000416.png
1 points at SceneFlow/Monkaa_cleanpass/funnyworld_x2, 000436.png
1 points at SceneFlow/Monkaa_cleanpass/funnyworld_x2, 000466.png
1 points at SceneFlow/Monkaa_cleanpass/funnyworld_x2, 000264.png
1 points at SceneFlow/Monkaa_cleanpass/funnyworld_x2, 000136.png
1 points at SceneFlow/Monkaa_cleanpass/funnyworld_x2, 000064.png
1 points at SceneFlow/Monkaa_cleanpass/funnyworld_x2, 000356.png
1 points at SceneFlow/Monkaa_cleanpass/funnyworld_x2, 000364.png
1 points at SceneFlow/Monkaa_cleanpass/funnyworld_x2, 000002.png
1 points at SceneFlow/Monkaa_cleanpass/funnyworld_x2, 000290.png
1 points at SceneFlow/Monkaa_cleanpass/funnyworld_x2, 000358.png
1 points at SceneFlow/Monkaa_cleanpass/funnyworld_x2, 000042.png
1 points at SceneFlow/Monkaa_cleanpass/funnyworld_x2, 000478.png
1 points at SceneFlow/Monkaa_cleanpass/funnyworld_x2, 000094.png
1 points at SceneFlow/Monkaa_cleanpass/funnyworld_x2, 000052.png
1 points at SceneFlow/Monkaa_cleanpass/funnyworld_x2, 000482.png
1 points at SceneFlow/Monkaa_cleanpass/funnyworld_x2, 000090.png
1 points at SceneFlow/Monkaa_cleanpass/funnyworld_x2, 000100.png
1 points at SceneFlow/Monkaa_cleanpass/funnyworld_x2, 000366.png
1 points at SceneFlow/Monkaa_cleanpass/funnyworld_x2, 000190.png
1 points at SceneFlow/Monkaa_cleanpass/funnyworld_x2, 000212.png
1 points at SceneFlow/Monkaa_cleanpass/funnyworld_x2, 000256.png
1 points at SceneFlow/Monkaa_cleanpass/funnyworld_x2, 000150.png
1 points at SceneFlow/Monkaa_cleanpass/funnyworld_x2, 000168.png
1 points at SceneFlow/Monkaa_cleanpass/funnyworld_x2, 000132.png
1 points at SceneFlow/Monkaa_cleanpass/funnyworld_x2, 000394.png
1 points at SceneFlow/Monkaa_cleanpass/funnyworld_x2, 000278.png
1 points at SceneFlow/Monkaa_cleanpass/funnyworld_x2, 000078.png
1 points at SceneFlow/Monkaa_cleanpass/funnyworld_x2, 000338.png
1 points at SceneFlow/Monkaa_cleanpass/funnyworld_x2, 000390.png
1 points at SceneFlow/Monkaa_cleanpass/funnyworld_x2, 000344.png
1 points at SceneFlow/Monkaa_cleanpass/funnyworld_x2, 000028.png
1 points at SceneFlow/Monkaa_cleanpass/funnyworld_x2, 000404.png
1 points at SceneFlow/Monkaa_cleanpass/funnyworld_x2, 000056.png
1 points at SceneFlow/Monkaa_cleanpass/funnyworld_x2, 000054.png
1 points at SceneFlow/Monkaa_cleanpass/funnyworld_x2, 000304.png
1 points at SceneFlow/Monkaa_cleanpass/funnyworld_x2, 000446.png
1 points at SceneFlow/Monkaa_cleanpass/funnyworld_x2, 000024.png
1 points at SceneFlow/Monkaa_cleanpass/funnyworld_x2, 000046.png
1 points at SceneFlow/Monkaa_cleanpass/funnyworld_x2, 000072.png
1 points at SceneFlow/Monkaa_cleanpass/funnyworld_x2, 000440.png
1 points at SceneFlow/Monkaa_cleanpass/funnyworld_x2, 000074.png
1 points at SceneFlow/Monkaa_cleanpass/funnyworld_x2, 000324.png
1 points at SceneFlow/Monkaa_cleanpass/funnyworld_x2, 000016.png
1 points at SceneFlow/Monkaa_cleanpass/funnyworld_x2, 000430.png
1 points at SceneFlow/Monkaa_cleanpass/funnyworld_x2, 000126.png
1 points at SceneFlow/Monkaa_cleanpass/funnyworld_x2, 000372.png
1 points at SceneFlow/Monkaa_cleanpass/funnyworld_x2, 000050.png
1 points at SceneFlow/Monkaa_cleanpass/funnyworld_x2, 000314.png
1 points at SceneFlow/Monkaa_cleanpass/funnyworld_x2, 000434.png
1 points at SceneFlow/Monkaa_cleanpass/funnyworld_x2, 000192.png
1 points at SceneFlow/Monkaa_cleanpass/funnyworld_x2, 000378.png
1 points at SceneFlow/Monkaa_cleanpass/funnyworld_x2, 000158.png
1 points at SceneFlow/Monkaa_cleanpass/funnyworld_x2, 000222.png
1 points at SceneFlow/Monkaa_cleanpass/funnyworld_x2, 000360.png
1 points at SceneFlow/Monkaa_cleanpass/funnyworld_x2, 000238.png
1 points at SceneFlow/Monkaa_cleanpass/funnyworld_x2, 000268.png
1 points at SceneFlow/Monkaa_cleanpass/funnyworld_x2, 000276.png
1 points at SceneFlow/Monkaa_cleanpass/funnyworld_x2, 000428.png
1 points at SceneFlow/Monkaa_cleanpass/funnyworld_x2, 000500.png
1 points at SceneFlow/Monkaa_cleanpass/funnyworld_x2, 000402.png
1 points at SceneFlow/Monkaa_cleanpass/funnyworld_x2, 000200.png
1 points at SceneFlow/Monkaa_cleanpass/funnyworld_x2, 000470.png
1 points at SceneFlow/Monkaa_cleanpass/funnyworld_x2, 000036.png
1 points at SceneFlow/Monkaa_cleanpass/funnyworld_x2, 000468.png
1 points at SceneFlow/Monkaa_cleanpass/funnyworld_x2, 000398.png
1 points at SceneFlow/Monkaa_cleanpass/funnyworld_x2, 000172.png
1 points at SceneFlow/Monkaa_cleanpass/funnyworld_x2, 000354.png
1 points at SceneFlow/Monkaa_cleanpass/funnyworld_x2, 000432.png
1 points at SceneFlow/Monkaa_cleanpass/funnyworld_x2, 000226.png
1 points at SceneFlow/Monkaa_cleanpass/funnyworld_x2, 000230.png
1 points at SceneFlow/Monkaa_cleanpass/funnyworld_x2, 000138.png
1 points at SceneFlow/Monkaa_cleanpass/funnyworld_x2, 000332.png
1 points at SceneFlow/Monkaa_cleanpass/funnyworld_x2, 000300.png
1 points at SceneFlow/Monkaa_cleanpass/funnyworld_x2, 000320.png
1 points at SceneFlow/Monkaa_cleanpass/funnyworld_x2, 000086.png
1 points at SceneFlow/Monkaa_cleanpass/funnyworld_x2, 000296.png
1 points at SceneFlow/Monkaa_cleanpass/funnyworld_x2, 000254.png
1 points at SceneFlow/Monkaa_cleanpass/funnyworld_x2, 000266.png
1 points at SceneFlow/Monkaa_cleanpass/funnyworld_x2, 000336.png
1 points at SceneFlow/Monkaa_cleanpass/funnyworld_x2, 000044.png
1 points at SceneFlow/Monkaa_cleanpass/funnyworld_x2, 000258.png
1 points at SceneFlow/Monkaa_cleanpass/funnyworld_x2, 000020.png
1 points at SceneFlow/Monkaa_cleanpass/funnyworld_x2, 000104.png
1 points at SceneFlow/Monkaa_cleanpass/funnyworld_x2, 000284.png
1 points at SceneFlow/Monkaa_cleanpass/funnyworld_x2, 000178.png
1 points at SceneFlow/Monkaa_cleanpass/funnyworld_x2, 000456.png
1 points at SceneFlow/Monkaa_cleanpass/funnyworld_x2, 000032.png
1 points at SceneFlow/Monkaa_cleanpass/funnyworld_x2, 000116.png
1 points at SceneFlow/Monkaa_cleanpass/funnyworld_x2, 000412.png
1 points at SceneFlow/Monkaa_cleanpass/funnyworld_x2, 000490.png
1 points at SceneFlow/Monkaa_cleanpass/funnyworld_x2, 000376.png
1 points at SceneFlow/Monkaa_cleanpass/funnyworld_x2, 000418.png
1 points at SceneFlow/Monkaa_cleanpass/funnyworld_x2, 000340.png
1 points at SceneFlow/Monkaa_cleanpass/funnyworld_x2, 000240.png
1 points at SceneFlow/Monkaa_cleanpass/funnyworld_x2, 000186.png
1 points at SceneFlow/Monkaa_cleanpass/funnyworld_x2, 000328.png
1 points at SceneFlow/Monkaa_cleanpass/funnyworld_x2, 000110.png
1 points at SceneFlow/Monkaa_cleanpass/funnyworld_x2, 000342.png
1 points at SceneFlow/Monkaa_cleanpass/funnyworld_x2, 000288.png
1 points at SceneFlow/Monkaa_cleanpass/funnyworld_x2, 000444.png
1 points at SceneFlow/Monkaa_cleanpass/funnyworld_x2, 000302.png
1 points at SceneFlow/Monkaa_cleanpass/funnyworld_x2, 000448.png
1 points at SceneFlow/Monkaa_cleanpass/funnyworld_x2, 000280.png
1 points at SceneFlow/Monkaa_cleanpass/funnyworld_x2, 000474.png
1 points at SceneFlow/Monkaa_cleanpass/funnyworld_x2, 000124.png
1 points at SceneFlow/Monkaa_cleanpass/funnyworld_x2, 000182.png
1 points at SceneFlow/Monkaa_cleanpass/funnyworld_x2, 000242.png
1 points at SceneFlow/Monkaa_cleanpass/funnyworld_x2, 000250.png
1 points at SceneFlow/Monkaa_cleanpass/funnyworld_x2, 000494.png
1 points at SceneFlow/Monkaa_cleanpass/funnyworld_x2, 000012.png
1 points at SceneFlow/Monkaa_cleanpass/funnyworld_x2, 000424.png
1 points at SceneFlow/Monkaa_cleanpass/funnyworld_x2, 000174.png
1 points at SceneFlow/Monkaa_cleanpass/funnyworld_x2, 000316.png
1 points at SceneFlow/Monkaa_cleanpass/funnyworld_x2, 000236.png
1 points at SceneFlow/Monkaa_cleanpass/funnyworld_x2, 000400.png
1 points at SceneFlow/Monkaa_cleanpass/funnyworld_x2, 000396.png
1 points at SceneFlow/Monkaa_cleanpass/funnyworld_x2, 000310.png
1 points at SceneFlow/Monkaa_cleanpass/funnyworld_x2, 000170.png
1 points at SceneFlow/Monkaa_cleanpass/funnyworld_x2, 000060.png
1 points at SceneFlow/Monkaa_cleanpass/funnyworld_x2, 000326.png
1 points at SceneFlow/Monkaa_cleanpass/funnyworld_x2, 000460.png
1 points at SceneFlow/Monkaa_cleanpass/funnyworld_x2, 000018.png
1 points at SceneFlow/Monkaa_cleanpass/funnyworld_x2, 000076.png
1 points at SceneFlow/Monkaa_cleanpass/funnyworld_x2, 000184.png
1 points at SceneFlow/Monkaa_cleanpass/funnyworld_x2, 000014.png
1 points at SceneFlow/Monkaa_cleanpass/funnyworld_x2, 000084.png
1 points at SceneFlow/Monkaa_cleanpass/funnyworld_x2, 000308.png
1 points at SceneFlow/Monkaa_cleanpass/funnyworld_x2, 000246.png
1 points at SceneFlow/Monkaa_cleanpass/funnyworld_x2, 000406.png
1 points at SceneFlow/Monkaa_cleanpass/funnyworld_x2, 000306.png
1 points at SceneFlow/Monkaa_cleanpass/funnyworld_x2, 000232.png
1 points at SceneFlow/Monkaa_cleanpass/funnyworld_x2, 000162.png
1 points at SceneFlow/Monkaa_cleanpass/funnyworld_x2, 000252.png
1 points at SceneFlow/Monkaa_cleanpass/funnyworld_x2, 000496.png
1 points at SceneFlow/Monkaa_cleanpass/funnyworld_x2, 000034.png
1 points at SceneFlow/Monkaa_cleanpass/funnyworld_x2, 000214.png
1 points at SceneFlow/Monkaa_cleanpass/funnyworld_x2, 000202.png
1 points at SceneFlow/Monkaa_cleanpass/funnyworld_x2, 000392.png
1 points at SceneFlow/Monkaa_cleanpass/funnyworld_x2, 000128.png
1 points at SceneFlow/Monkaa_cleanpass/funnyworld_x2, 000082.png
1 points at SceneFlow/Monkaa_cleanpass/funnyworld_x2, 000112.png
1 points at SceneFlow/Monkaa_cleanpass/funnyworld_x2, 000204.png
1 points at SceneFlow/Monkaa_cleanpass/funnyworld_x2, 000040.png
1 points at SceneFlow/Monkaa_cleanpass/funnyworld_x2, 000330.png
1 points at SceneFlow/Monkaa_cleanpass/funnyworld_x2, 000216.png
1 points at SceneFlow/Monkaa_cleanpass/funnyworld_x2, 000140.png
1 points at SceneFlow/Monkaa_cleanpass/funnyworld_x2, 000388.png
1 points at SceneFlow/Monkaa_cleanpass/funnyworld_x2, 000346.png
1 points at SceneFlow/Monkaa_cleanpass/funnyworld_x2, 000498.png
1 points at SceneFlow/Monkaa_cleanpass/funnyworld_x2, 000458.png
1 points at SceneFlow/Monkaa_cleanpass/funnyworld_x2, 000352.png
1 points at SceneFlow/Monkaa_cleanpass/funnyworld_x2, 000492.png
1 points at SceneFlow/Monkaa_cleanpass/funnyworld_x2, 000156.png
1 points at SceneFlow/Monkaa_cleanpass/funnyworld_x2, 000180.png
1 points at SceneFlow/Monkaa_cleanpass/funnyworld_x2, 000096.png
1 points at SceneFlow/Monkaa_cleanpass/funnyworld_x2, 000176.png
1 points at SceneFlow/Monkaa_cleanpass/funnyworld_x2, 000464.png
1 points at SceneFlow/Monkaa_cleanpass/funnyworld_x2, 000038.png
1 points at SceneFlow/Monkaa_cleanpass/funnyworld_x2, 000154.png
1 points at SceneFlow/Monkaa_cleanpass/funnyworld_x2, 000486.png
1 points at SceneFlow/Monkaa_cleanpass/funnyworld_x2, 000386.png
1 points at SceneFlow/Monkaa_cleanpass/funnyworld_x2, 000188.png
1 points at SceneFlow/Monkaa_cleanpass/funnyworld_x2, 000382.png
1 points at SceneFlow/Monkaa_cleanpass/funnyworld_x2, 000108.png
1 points at SceneFlow/Monkaa_cleanpass/funnyworld_x2, 000422.png
1 points at SceneFlow/Monkaa_cleanpass/funnyworld_x2, 000070.png
1 points at SceneFlow/Monkaa_cleanpass/funnyworld_x2, 000144.png
1 points at SceneFlow/Monkaa_cleanpass/funnyworld_x2, 000414.png
1 points at SceneFlow/Monkaa_cleanpass/funnyworld_x2, 000102.png
1 points at SceneFlow/Monkaa_cleanpass/funnyworld_x2, 000134.png
1 points at SceneFlow/Monkaa_cleanpass/funnyworld_x2, 000198.png
1 points at SceneFlow/Monkaa_cleanpass/funnyworld_x2, 000224.png
1 points at SceneFlow/Monkaa_cleanpass/funnyworld_x2, 000274.png
1 points at SceneFlow/Monkaa_cleanpass/funnyworld_x2, 000026.png
1 points at SceneFlow/Monkaa_cleanpass/funnyworld_x2, 000286.png
1 points at SceneFlow/Monkaa_cleanpass/funnyworld_x2, 000476.png
1 points at SceneFlow/Monkaa_cleanpass/funnyworld_x2, 000282.png
1 points at SceneFlow/Monkaa_cleanpass/funnyworld_x2, 000426.png
1 points at SceneFlow/Monkaa_cleanpass/funnyworld_x2, 000450.png
1 points at SceneFlow/Monkaa_cleanpass/funnyworld_x2, 000218.png
1 points at SceneFlow/Monkaa_cleanpass/funnyworld_x2, 000334.png
1 points at SceneFlow/Monkaa_cleanpass/funnyworld_x2, 000350.png
1 points at SceneFlow/Monkaa_cleanpass/funnyworld_x2, 000068.png
1 points at SceneFlow/Monkaa_cleanpass/funnyworld_x2, 000292.png
1 points at SceneFlow/Monkaa_cleanpass/funnyworld_x2, 000008.png
1 points at SceneFlow/Monkaa_cleanpass/funnyworld_x2, 000206.png
1 points at SceneFlow/Monkaa_cleanpass/funnyworld_x2, 000130.png
1 points at SceneFlow/Monkaa_cleanpass/funnyworld_x2, 000452.png
1 points at SceneFlow/Monkaa_cleanpass/funnyworld_x2, 000420.png
1 points at SceneFlow/Monkaa_cleanpass/funnyworld_x2, 000000.png
1 points at SceneFlow/Monkaa_cleanpass/funnyworld_x2, 000120.png
1 points at SceneFlow/Monkaa_cleanpass/funnyworld_x2, 000484.png
1 points at SceneFlow/Monkaa_cleanpass/funnyworld_x2, 000048.png
1 points at SceneFlow/Monkaa_cleanpass/funnyworld_x2, 000294.png
1 points at SceneFlow/Monkaa_cleanpass/funnyworld_x2, 000146.png
1 points at SceneFlow/Monkaa_cleanpass/funnyworld_x2, 000244.png
1 points at SceneFlow/Monkaa_cleanpass/funnyworld_x2, 000262.png
1 points at SceneFlow/Monkaa_cleanpass/funnyworld_x2, 000148.png
1 points at SceneFlow/Monkaa_cleanpass/funnyworld_x2, 000030.png
1 points at SceneFlow/Monkaa_cleanpass/funnyworld_x2, 000380.png
1 points at SceneFlow/Monkaa_cleanpass/funnyworld_x2, 000058.png
1 points at SceneFlow/Monkaa_cleanpass/funnyworld_x2, 000010.png
1 points at SceneFlow/Monkaa_cleanpass/funnyworld_x2, 000462.png
1 points at SceneFlow/Monkaa_cleanpass/funnyworld_x2, 000098.png
1 points at SceneFlow/Monkaa_cleanpass/funnyworld_x2, 000118.png
1 points at SceneFlow/Monkaa_cleanpass/funnyworld_x2, 000194.png
1 points at SceneFlow/Monkaa_cleanpass/funnyworld_x2, 000488.png
1 points at SceneFlow/Monkaa_cleanpass/funnyworld_x2, 000408.png
1 points at SceneFlow/Monkaa_cleanpass/funnyworld_x2, 000152.png
1 points at SceneFlow/Monkaa_cleanpass/funnyworld_x2, 000160.png
1 points at SceneFlow/Monkaa_cleanpass/funnyworld_x2, 000166.png
1 points at SceneFlow/Monkaa_cleanpass/funnyworld_x2, 000384.png
1 points at SceneFlow/Monkaa_cleanpass/funnyworld_x2, 000122.png
1 points at SceneFlow/Monkaa_cleanpass/funnyworld_x2, 000234.png
1 points at SceneFlow/Monkaa_cleanpass/funnyworld_x2, 000442.png
1 points at SceneFlow/Monkaa_cleanpass/funnyworld_x2, 000248.png
1 points at SceneFlow/Monkaa_cleanpass/funnyworld_x2, 000004.png
1 points at SceneFlow/Monkaa_cleanpass/funnyworld_x2, 000270.png
1 points at SceneFlow/Monkaa_cleanpass/funnyworld_x2, 000260.png
1 points at SceneFlow/Monkaa_cleanpass/funnyworld_x2, 000142.png
1 points at SceneFlow/Monkaa_cleanpass/funnyworld_x2, 000220.png
1 points at SceneFlow/Monkaa_cleanpass/funnyworld_x2, 000362.png
1 points at SceneFlow/Monkaa_cleanpass/funnyworld_x2, 000312.png
1 points at SceneFlow/Monkaa_cleanpass/funnyworld_x2, 000088.png
1 points at SceneFlow/Monkaa_cleanpass/funnyworld_x2, 000022.png
1 points at SceneFlow/Monkaa_cleanpass/funnyworld_x2, 000080.png
1 points at SceneFlow/Monkaa_cleanpass/funnyworld_x2, 000318.png
1 points at SceneFlow/Monkaa_cleanpass/funnyworld_x2, 000368.png
1 points at SceneFlow/Monkaa_cleanpass/funnyworld_x2, 000410.png
1 points at SceneFlow/Monkaa_cleanpass/funnyworld_x2, 000472.png
1 points at SceneFlow/Monkaa_cleanpass/funnyworld_x2, 000164.png
1 points at SceneFlow/Monkaa_cleanpass/funnyworld_x2, 000438.png
1 points at SceneFlow/Monkaa_cleanpass/funnyworld_x2, 000196.png
1 points at SceneFlow/Monkaa_cleanpass/funnyworld_x2, 000298.png
1 points at SceneFlow/Monkaa_cleanpass/funnyworld_x2, 000062.png
1 points at SceneFlow/Monkaa_cleanpass/funnyworld_x2, 000272.png
1 points at SceneFlow/Monkaa_cleanpass/funnyworld_x2, 000480.png
1 points at SceneFlow/Monkaa_cleanpass/funnyworld_x2, 000210.png
1 points at SceneFlow/Monkaa_cleanpass/funnyworld_x2, 000114.png
1 points at SceneFlow/Monkaa_cleanpass/funnyworld_x2, 000322.png
1 points at SceneFlow/Monkaa_cleanpass/funnyworld_x2, 000208.png
1 points at SceneFlow/Monkaa_cleanpass/funnyworld_x2, 000066.png
1 points at SceneFlow/Monkaa_cleanpass/funnyworld_x2, 000228.png
1 points at SceneFlow/Monkaa_cleanpass/funnyworld_x2, 000454.png
1 points at SceneFlow/Monkaa_cleanpass/funnyworld_x2, 000106.png
1 points at SceneFlow/Monkaa_cleanpass/funnyworld_x2, 000092.png
1 points at SceneFlow/Monkaa_cleanpass/funnyworld_x2, 000370.png
1 points at SceneFlow/Monkaa_cleanpass/funnyworld_x2, 000348.png
1 points at SceneFlow/Monkaa_cleanpass/funnyworld_x2, 000374.png
1 points at SceneFlow/Monkaa_cleanpass/lonetree_difftex_x2, 000200.png
1 points at SceneFlow/Monkaa_cleanpass/lonetree_difftex_x2, 000324.png
1 points at SceneFlow/Monkaa_cleanpass/lonetree_difftex_x2, 000248.png
1 points at SceneFlow/Monkaa_cleanpass/lonetree_difftex_x2, 000336.png
1 points at SceneFlow/Monkaa_cleanpass/lonetree_difftex_x2, 000150.png
1 points at SceneFlow/Monkaa_cleanpass/lonetree_difftex_x2, 000110.png
1 points at SceneFlow/Monkaa_cleanpass/lonetree_difftex_x2, 000190.png
1 points at SceneFlow/Monkaa_cleanpass/lonetree_difftex_x2, 000486.png
1 points at SceneFlow/Monkaa_cleanpass/lonetree_difftex_x2, 000130.png
1 points at SceneFlow/Monkaa_cleanpass/lonetree_difftex_x2, 000020.png
1 points at SceneFlow/Monkaa_cleanpass/lonetree_difftex_x2, 000202.png
1 points at SceneFlow/Monkaa_cleanpass/lonetree_difftex_x2, 000270.png
1 points at SceneFlow/Monkaa_cleanpass/lonetree_difftex_x2, 000442.png
1 points at SceneFlow/Monkaa_cleanpass/lonetree_difftex_x2, 000266.png
1 points at SceneFlow/Monkaa_cleanpass/lonetree_difftex_x2, 000004.png
1 points at SceneFlow/Monkaa_cleanpass/lonetree_difftex_x2, 000396.png
1 points at SceneFlow/Monkaa_cleanpass/lonetree_difftex_x2, 000328.png
1 points at SceneFlow/Monkaa_cleanpass/lonetree_difftex_x2, 000444.png
1 points at SceneFlow/Monkaa_cleanpass/lonetree_difftex_x2, 000260.png
1 points at SceneFlow/Monkaa_cleanpass/lonetree_difftex_x2, 000276.png
1 points at SceneFlow/Monkaa_cleanpass/lonetree_difftex_x2, 000058.png
1 points at SceneFlow/Monkaa_cleanpass/lonetree_difftex_x2, 000140.png
1 points at SceneFlow/Monkaa_cleanpass/lonetree_difftex_x2, 000104.png
1 points at SceneFlow/Monkaa_cleanpass/lonetree_difftex_x2, 000320.png
1 points at SceneFlow/Monkaa_cleanpass/lonetree_difftex_x2, 000434.png
1 points at SceneFlow/Monkaa_cleanpass/lonetree_difftex_x2, 000376.png
1 points at SceneFlow/Monkaa_cleanpass/lonetree_difftex_x2, 000460.png
1 points at SceneFlow/Monkaa_cleanpass/lonetree_difftex_x2, 000278.png
1 points at SceneFlow/Monkaa_cleanpass/lonetree_difftex_x2, 000016.png
1 points at SceneFlow/Monkaa_cleanpass/lonetree_difftex_x2, 000468.png
1 points at SceneFlow/Monkaa_cleanpass/lonetree_difftex_x2, 000322.png
1 points at SceneFlow/Monkaa_cleanpass/lonetree_difftex_x2, 000250.png
1 points at SceneFlow/Monkaa_cleanpass/lonetree_difftex_x2, 000348.png
1 points at SceneFlow/Monkaa_cleanpass/lonetree_difftex_x2, 000372.png
1 points at SceneFlow/Monkaa_cleanpass/lonetree_difftex_x2, 000296.png
1 points at SceneFlow/Monkaa_cleanpass/lonetree_difftex_x2, 000498.png
1 points at SceneFlow/Monkaa_cleanpass/lonetree_difftex_x2, 000030.png
1 points at SceneFlow/Monkaa_cleanpass/lonetree_difftex_x2, 000114.png
1 points at SceneFlow/Monkaa_cleanpass/lonetree_difftex_x2, 000350.png
1 points at SceneFlow/Monkaa_cleanpass/lonetree_difftex_x2, 000036.png
1 points at SceneFlow/Monkaa_cleanpass/lonetree_difftex_x2, 000302.png
1 points at SceneFlow/Monkaa_cleanpass/lonetree_difftex_x2, 000070.png
1 points at SceneFlow/Monkaa_cleanpass/lonetree_difftex_x2, 000018.png
1 points at SceneFlow/Monkaa_cleanpass/lonetree_difftex_x2, 000198.png
1 points at SceneFlow/Monkaa_cleanpass/lonetree_difftex_x2, 000272.png
1 points at SceneFlow/Monkaa_cleanpass/lonetree_difftex_x2, 000388.png
1 points at SceneFlow/Monkaa_cleanpass/lonetree_difftex_x2, 000184.png
1 points at SceneFlow/Monkaa_cleanpass/lonetree_difftex_x2, 000082.png
1 points at SceneFlow/Monkaa_cleanpass/lonetree_difftex_x2, 000084.png
1 points at SceneFlow/Monkaa_cleanpass/lonetree_difftex_x2, 000490.png
1 points at SceneFlow/Monkaa_cleanpass/lonetree_difftex_x2, 000240.png
1 points at SceneFlow/Monkaa_cleanpass/lonetree_difftex_x2, 000068.png
1 points at SceneFlow/Monkaa_cleanpass/lonetree_difftex_x2, 000126.png
1 points at SceneFlow/Monkaa_cleanpass/lonetree_difftex_x2, 000186.png
1 points at SceneFlow/Monkaa_cleanpass/lonetree_difftex_x2, 000228.png
1 points at SceneFlow/Monkaa_cleanpass/lonetree_difftex_x2, 000386.png
1 points at SceneFlow/Monkaa_cleanpass/lonetree_difftex_x2, 000294.png
1 points at SceneFlow/Monkaa_cleanpass/lonetree_difftex_x2, 000142.png
1 points at SceneFlow/Monkaa_cleanpass/lonetree_difftex_x2, 000090.png
1 points at SceneFlow/Monkaa_cleanpass/lonetree_difftex_x2, 000356.png
1 points at SceneFlow/Monkaa_cleanpass/lonetree_difftex_x2, 000342.png
1 points at SceneFlow/Monkaa_cleanpass/lonetree_difftex_x2, 000134.png
1 points at SceneFlow/Monkaa_cleanpass/lonetree_difftex_x2, 000242.png
1 points at SceneFlow/Monkaa_cleanpass/lonetree_difftex_x2, 000418.png
1 points at SceneFlow/Monkaa_cleanpass/lonetree_difftex_x2, 000436.png
1 points at SceneFlow/Monkaa_cleanpass/lonetree_difftex_x2, 000182.png
1 points at SceneFlow/Monkaa_cleanpass/lonetree_difftex_x2, 000428.png
1 points at SceneFlow/Monkaa_cleanpass/lonetree_difftex_x2, 000264.png
1 points at SceneFlow/Monkaa_cleanpass/lonetree_difftex_x2, 000476.png
1 points at SceneFlow/Monkaa_cleanpass/lonetree_difftex_x2, 000402.png
1 points at SceneFlow/Monkaa_cleanpass/lonetree_difftex_x2, 000474.png
1 points at SceneFlow/Monkaa_cleanpass/lonetree_difftex_x2, 000312.png
1 points at SceneFlow/Monkaa_cleanpass/lonetree_difftex_x2, 000268.png
1 points at SceneFlow/Monkaa_cleanpass/lonetree_difftex_x2, 000332.png
1 points at SceneFlow/Monkaa_cleanpass/lonetree_difftex_x2, 000360.png
1 points at SceneFlow/Monkaa_cleanpass/lonetree_difftex_x2, 000116.png
1 points at SceneFlow/Monkaa_cleanpass/lonetree_difftex_x2, 000022.png
1 points at SceneFlow/Monkaa_cleanpass/lonetree_difftex_x2, 000040.png
1 points at SceneFlow/Monkaa_cleanpass/lonetree_difftex_x2, 000494.png
1 points at SceneFlow/Monkaa_cleanpass/lonetree_difftex_x2, 000222.png
1 points at SceneFlow/Monkaa_cleanpass/lonetree_difftex_x2, 000034.png
1 points at SceneFlow/Monkaa_cleanpass/lonetree_difftex_x2, 000188.png
1 points at SceneFlow/Monkaa_cleanpass/lonetree_difftex_x2, 000308.png
1 points at SceneFlow/Monkaa_cleanpass/lonetree_difftex_x2, 000006.png
1 points at SceneFlow/Monkaa_cleanpass/lonetree_difftex_x2, 000086.png
1 points at SceneFlow/Monkaa_cleanpass/lonetree_difftex_x2, 000078.png
1 points at SceneFlow/Monkaa_cleanpass/lonetree_difftex_x2, 000054.png
1 points at SceneFlow/Monkaa_cleanpass/lonetree_difftex_x2, 000146.png
1 points at SceneFlow/Monkaa_cleanpass/lonetree_difftex_x2, 000230.png
1 points at SceneFlow/Monkaa_cleanpass/lonetree_difftex_x2, 000024.png
1 points at SceneFlow/Monkaa_cleanpass/lonetree_difftex_x2, 000412.png
1 points at SceneFlow/Monkaa_cleanpass/lonetree_difftex_x2, 000500.png
1 points at SceneFlow/Monkaa_cleanpass/lonetree_difftex_x2, 000426.png
1 points at SceneFlow/Monkaa_cleanpass/lonetree_difftex_x2, 000028.png
1 points at SceneFlow/Monkaa_cleanpass/lonetree_difftex_x2, 000450.png
1 points at SceneFlow/Monkaa_cleanpass/lonetree_difftex_x2, 000100.png
1 points at SceneFlow/Monkaa_cleanpass/lonetree_difftex_x2, 000424.png
1 points at SceneFlow/Monkaa_cleanpass/lonetree_difftex_x2, 000000.png
1 points at SceneFlow/Monkaa_cleanpass/lonetree_difftex_x2, 000106.png
1 points at SceneFlow/Monkaa_cleanpass/lonetree_difftex_x2, 000404.png
1 points at SceneFlow/Monkaa_cleanpass/lonetree_difftex_x2, 000118.png
1 points at SceneFlow/Monkaa_cleanpass/lonetree_difftex_x2, 000156.png
1 points at SceneFlow/Monkaa_cleanpass/lonetree_difftex_x2, 000448.png
1 points at SceneFlow/Monkaa_cleanpass/lonetree_difftex_x2, 000382.png
1 points at SceneFlow/Monkaa_cleanpass/lonetree_difftex_x2, 000152.png
1 points at SceneFlow/Monkaa_cleanpass/lonetree_difftex_x2, 000480.png
1 points at SceneFlow/Monkaa_cleanpass/lonetree_difftex_x2, 000056.png
1 points at SceneFlow/Monkaa_cleanpass/lonetree_difftex_x2, 000346.png
1 points at SceneFlow/Monkaa_cleanpass/lonetree_difftex_x2, 000316.png
1 points at SceneFlow/Monkaa_cleanpass/lonetree_difftex_x2, 000060.png
1 points at SceneFlow/Monkaa_cleanpass/lonetree_difftex_x2, 000482.png
1 points at SceneFlow/Monkaa_cleanpass/lonetree_difftex_x2, 000196.png
1 points at SceneFlow/Monkaa_cleanpass/lonetree_difftex_x2, 000206.png
1 points at SceneFlow/Monkaa_cleanpass/lonetree_difftex_x2, 000454.png
1 points at SceneFlow/Monkaa_cleanpass/lonetree_difftex_x2, 000414.png
1 points at SceneFlow/Monkaa_cleanpass/lonetree_difftex_x2, 000174.png
1 points at SceneFlow/Monkaa_cleanpass/lonetree_difftex_x2, 000214.png
1 points at SceneFlow/Monkaa_cleanpass/lonetree_difftex_x2, 000128.png
1 points at SceneFlow/Monkaa_cleanpass/lonetree_difftex_x2, 000234.png
1 points at SceneFlow/Monkaa_cleanpass/lonetree_difftex_x2, 000484.png
1 points at SceneFlow/Monkaa_cleanpass/lonetree_difftex_x2, 000162.png
1 points at SceneFlow/Monkaa_cleanpass/lonetree_difftex_x2, 000220.png
1 points at SceneFlow/Monkaa_cleanpass/lonetree_difftex_x2, 000094.png
1 points at SceneFlow/Monkaa_cleanpass/lonetree_difftex_x2, 000304.png
1 points at SceneFlow/Monkaa_cleanpass/lonetree_difftex_x2, 000416.png
1 points at SceneFlow/Monkaa_cleanpass/lonetree_difftex_x2, 000038.png
1 points at SceneFlow/Monkaa_cleanpass/lonetree_difftex_x2, 000300.png
1 points at SceneFlow/Monkaa_cleanpass/lonetree_difftex_x2, 000032.png
1 points at SceneFlow/Monkaa_cleanpass/lonetree_difftex_x2, 000238.png
1 points at SceneFlow/Monkaa_cleanpass/lonetree_difftex_x2, 000232.png
1 points at SceneFlow/Monkaa_cleanpass/lonetree_difftex_x2, 000048.png
1 points at SceneFlow/Monkaa_cleanpass/lonetree_difftex_x2, 000298.png
1 points at SceneFlow/Monkaa_cleanpass/lonetree_difftex_x2, 000422.png
1 points at SceneFlow/Monkaa_cleanpass/lonetree_difftex_x2, 000274.png
1 points at SceneFlow/Monkaa_cleanpass/lonetree_difftex_x2, 000438.png
1 points at SceneFlow/Monkaa_cleanpass/lonetree_difftex_x2, 000176.png
1 points at SceneFlow/Monkaa_cleanpass/lonetree_difftex_x2, 000318.png
1 points at SceneFlow/Monkaa_cleanpass/lonetree_difftex_x2, 000286.png
1 points at SceneFlow/Monkaa_cleanpass/lonetree_difftex_x2, 000096.png
1 points at SceneFlow/Monkaa_cleanpass/lonetree_difftex_x2, 000012.png
1 points at SceneFlow/Monkaa_cleanpass/lonetree_difftex_x2, 000380.png
1 points at SceneFlow/Monkaa_cleanpass/lonetree_difftex_x2, 000178.png
1 points at SceneFlow/Monkaa_cleanpass/lonetree_difftex_x2, 000254.png
1 points at SceneFlow/Monkaa_cleanpass/lonetree_difftex_x2, 000338.png
1 points at SceneFlow/Monkaa_cleanpass/lonetree_difftex_x2, 000466.png
1 points at SceneFlow/Monkaa_cleanpass/lonetree_difftex_x2, 000088.png
1 points at SceneFlow/Monkaa_cleanpass/lonetree_difftex_x2, 000244.png
1 points at SceneFlow/Monkaa_cleanpass/lonetree_difftex_x2, 000398.png
1 points at SceneFlow/Monkaa_cleanpass/lonetree_difftex_x2, 000120.png
1 points at SceneFlow/Monkaa_cleanpass/lonetree_difftex_x2, 000392.png
1 points at SceneFlow/Monkaa_cleanpass/lonetree_difftex_x2, 000370.png
1 points at SceneFlow/Monkaa_cleanpass/lonetree_difftex_x2, 000330.png
1 points at SceneFlow/Monkaa_cleanpass/lonetree_difftex_x2, 000180.png
1 points at SceneFlow/Monkaa_cleanpass/lonetree_difftex_x2, 000212.png
1 points at SceneFlow/Monkaa_cleanpass/lonetree_difftex_x2, 000252.png
1 points at SceneFlow/Monkaa_cleanpass/lonetree_difftex_x2, 000098.png
1 points at SceneFlow/Monkaa_cleanpass/lonetree_difftex_x2, 000170.png
1 points at SceneFlow/Monkaa_cleanpass/lonetree_difftex_x2, 000108.png
1 points at SceneFlow/Monkaa_cleanpass/lonetree_difftex_x2, 000378.png
1 points at SceneFlow/Monkaa_cleanpass/lonetree_difftex_x2, 000218.png
1 points at SceneFlow/Monkaa_cleanpass/lonetree_difftex_x2, 000062.png
1 points at SceneFlow/Monkaa_cleanpass/lonetree_difftex_x2, 000364.png
1 points at SceneFlow/Monkaa_cleanpass/lonetree_difftex_x2, 000002.png
1 points at SceneFlow/Monkaa_cleanpass/lonetree_difftex_x2, 000394.png
1 points at SceneFlow/Monkaa_cleanpass/lonetree_difftex_x2, 000452.png
1 points at SceneFlow/Monkaa_cleanpass/lonetree_difftex_x2, 000008.png
1 points at SceneFlow/Monkaa_cleanpass/lonetree_difftex_x2, 000026.png
1 points at SceneFlow/Monkaa_cleanpass/lonetree_difftex_x2, 000352.png
1 points at SceneFlow/Monkaa_cleanpass/lonetree_difftex_x2, 000112.png
1 points at SceneFlow/Monkaa_cleanpass/lonetree_difftex_x2, 000334.png
1 points at SceneFlow/Monkaa_cleanpass/lonetree_difftex_x2, 000262.png
1 points at SceneFlow/Monkaa_cleanpass/lonetree_difftex_x2, 000136.png
1 points at SceneFlow/Monkaa_cleanpass/lonetree_difftex_x2, 000390.png
1 points at SceneFlow/Monkaa_cleanpass/lonetree_difftex_x2, 000010.png
1 points at SceneFlow/Monkaa_cleanpass/lonetree_difftex_x2, 000192.png
1 points at SceneFlow/Monkaa_cleanpass/lonetree_difftex_x2, 000168.png
1 points at SceneFlow/Monkaa_cleanpass/lonetree_difftex_x2, 000124.png
1 points at SceneFlow/Monkaa_cleanpass/lonetree_difftex_x2, 000042.png
1 points at SceneFlow/Monkaa_cleanpass/lonetree_difftex_x2, 000256.png
1 points at SceneFlow/Monkaa_cleanpass/lonetree_difftex_x2, 000154.png
1 points at SceneFlow/Monkaa_cleanpass/lonetree_difftex_x2, 000284.png
1 points at SceneFlow/Monkaa_cleanpass/lonetree_difftex_x2, 000014.png
1 points at SceneFlow/Monkaa_cleanpass/lonetree_difftex_x2, 000400.png
1 points at SceneFlow/Monkaa_cleanpass/lonetree_difftex_x2, 000074.png
1 points at SceneFlow/Monkaa_cleanpass/lonetree_difftex_x2, 000470.png
1 points at SceneFlow/Monkaa_cleanpass/lonetree_difftex_x2, 000080.png
1 points at SceneFlow/Monkaa_cleanpass/lonetree_difftex_x2, 000344.png
1 points at SceneFlow/Monkaa_cleanpass/lonetree_difftex_x2, 000488.png
1 points at SceneFlow/Monkaa_cleanpass/lonetree_difftex_x2, 000292.png
1 points at SceneFlow/Monkaa_cleanpass/lonetree_difftex_x2, 000166.png
1 points at SceneFlow/Monkaa_cleanpass/lonetree_difftex_x2, 000310.png
1 points at SceneFlow/Monkaa_cleanpass/lonetree_difftex_x2, 000158.png
1 points at SceneFlow/Monkaa_cleanpass/lonetree_difftex_x2, 000290.png
1 points at SceneFlow/Monkaa_cleanpass/lonetree_difftex_x2, 000208.png
1 points at SceneFlow/Monkaa_cleanpass/lonetree_difftex_x2, 000172.png
1 points at SceneFlow/Monkaa_cleanpass/lonetree_difftex_x2, 000478.png
1 points at SceneFlow/Monkaa_cleanpass/lonetree_difftex_x2, 000210.png
1 points at SceneFlow/Monkaa_cleanpass/lonetree_difftex_x2, 000362.png
1 points at SceneFlow/Monkaa_cleanpass/lonetree_difftex_x2, 000288.png
1 points at SceneFlow/Monkaa_cleanpass/lonetree_difftex_x2, 000492.png
1 points at SceneFlow/Monkaa_cleanpass/lonetree_difftex_x2, 000410.png
1 points at SceneFlow/Monkaa_cleanpass/lonetree_difftex_x2, 000138.png
1 points at SceneFlow/Monkaa_cleanpass/lonetree_difftex_x2, 000102.png
1 points at SceneFlow/Monkaa_cleanpass/lonetree_difftex_x2, 000358.png
1 points at SceneFlow/Monkaa_cleanpass/lonetree_difftex_x2, 000430.png
1 points at SceneFlow/Monkaa_cleanpass/lonetree_difftex_x2, 000216.png
1 points at SceneFlow/Monkaa_cleanpass/lonetree_difftex_x2, 000246.png
1 points at SceneFlow/Monkaa_cleanpass/lonetree_difftex_x2, 000204.png
1 points at SceneFlow/Monkaa_cleanpass/lonetree_difftex_x2, 000340.png
1 points at SceneFlow/Monkaa_cleanpass/lonetree_difftex_x2, 000326.png
1 points at SceneFlow/Monkaa_cleanpass/lonetree_difftex_x2, 000406.png
1 points at SceneFlow/Monkaa_cleanpass/lonetree_difftex_x2, 000224.png
1 points at SceneFlow/Monkaa_cleanpass/lonetree_difftex_x2, 000384.png
1 points at SceneFlow/Monkaa_cleanpass/lonetree_difftex_x2, 000236.png
1 points at SceneFlow/Monkaa_cleanpass/lonetree_difftex_x2, 000066.png
1 points at SceneFlow/Monkaa_cleanpass/lonetree_difftex_x2, 000432.png
1 points at SceneFlow/Monkaa_cleanpass/lonetree_difftex_x2, 000440.png
1 points at SceneFlow/Monkaa_cleanpass/lonetree_difftex_x2, 000226.png
1 points at SceneFlow/Monkaa_cleanpass/lonetree_difftex_x2, 000160.png
1 points at SceneFlow/Monkaa_cleanpass/lonetree_difftex_x2, 000072.png
1 points at SceneFlow/Monkaa_cleanpass/lonetree_difftex_x2, 000458.png
1 points at SceneFlow/Monkaa_cleanpass/lonetree_difftex_x2, 000456.png
1 points at SceneFlow/Monkaa_cleanpass/lonetree_difftex_x2, 000132.png
1 points at SceneFlow/Monkaa_cleanpass/lonetree_difftex_x2, 000374.png
1 points at SceneFlow/Monkaa_cleanpass/lonetree_difftex_x2, 000306.png
1 points at SceneFlow/Monkaa_cleanpass/lonetree_difftex_x2, 000464.png
1 points at SceneFlow/Monkaa_cleanpass/lonetree_difftex_x2, 000446.png
1 points at SceneFlow/Monkaa_cleanpass/lonetree_difftex_x2, 000280.png
1 points at SceneFlow/Monkaa_cleanpass/lonetree_difftex_x2, 000050.png
1 points at SceneFlow/Monkaa_cleanpass/lonetree_difftex_x2, 000420.png
1 points at SceneFlow/Monkaa_cleanpass/lonetree_difftex_x2, 000044.png
1 points at SceneFlow/Monkaa_cleanpass/lonetree_difftex_x2, 000092.png
1 points at SceneFlow/Monkaa_cleanpass/lonetree_difftex_x2, 000354.png
1 points at SceneFlow/Monkaa_cleanpass/lonetree_difftex_x2, 000052.png
1 points at SceneFlow/Monkaa_cleanpass/lonetree_difftex_x2, 000408.png
1 points at SceneFlow/Monkaa_cleanpass/lonetree_difftex_x2, 000148.png
1 points at SceneFlow/Monkaa_cleanpass/lonetree_difftex_x2, 000472.png
1 points at SceneFlow/Monkaa_cleanpass/lonetree_difftex_x2, 000368.png
1 points at SceneFlow/Monkaa_cleanpass/lonetree_difftex_x2, 000064.png
1 points at SceneFlow/Monkaa_cleanpass/lonetree_difftex_x2, 000122.png
1 points at SceneFlow/Monkaa_cleanpass/lonetree_difftex_x2, 000144.png
1 points at SceneFlow/Monkaa_cleanpass/lonetree_difftex_x2, 000314.png
1 points at SceneFlow/Monkaa_cleanpass/lonetree_difftex_x2, 000194.png
1 points at SceneFlow/Monkaa_cleanpass/lonetree_difftex_x2, 000258.png
1 points at SceneFlow/Monkaa_cleanpass/lonetree_difftex_x2, 000462.png
1 points at SceneFlow/Monkaa_cleanpass/lonetree_difftex_x2, 000282.png
1 points at SceneFlow/Monkaa_cleanpass/lonetree_difftex_x2, 000076.png
1 points at SceneFlow/Monkaa_cleanpass/lonetree_difftex_x2, 000496.png
1 points at SceneFlow/Monkaa_cleanpass/lonetree_difftex_x2, 000046.png
1 points at SceneFlow/Monkaa_cleanpass/lonetree_difftex_x2, 000366.png
1 points at SceneFlow/Monkaa_cleanpass/lonetree_difftex_x2, 000164.png
1 points at SceneFlow/Monkaa_cleanpass/lonetree_winter_x2, 000108.png
1 points at SceneFlow/Monkaa_cleanpass/lonetree_winter_x2, 000066.png
1 points at SceneFlow/Monkaa_cleanpass/lonetree_winter_x2, 000382.png
1 points at SceneFlow/Monkaa_cleanpass/lonetree_winter_x2, 000168.png
1 points at SceneFlow/Monkaa_cleanpass/lonetree_winter_x2, 000028.png
1 points at SceneFlow/Monkaa_cleanpass/lonetree_winter_x2, 000186.png
1 points at SceneFlow/Monkaa_cleanpass/lonetree_winter_x2, 000000.png
1 points at SceneFlow/Monkaa_cleanpass/lonetree_winter_x2, 000138.png
1 points at SceneFlow/Monkaa_cleanpass/lonetree_winter_x2, 000150.png
1 points at SceneFlow/Monkaa_cleanpass/lonetree_winter_x2, 000088.png
1 points at SceneFlow/Monkaa_cleanpass/lonetree_winter_x2, 000300.png
1 points at SceneFlow/Monkaa_cleanpass/lonetree_winter_x2, 000054.png
1 points at SceneFlow/Monkaa_cleanpass/lonetree_winter_x2, 000200.png
1 points at SceneFlow/Monkaa_cleanpass/lonetree_winter_x2, 000384.png
1 points at SceneFlow/Monkaa_cleanpass/lonetree_winter_x2, 000240.png
1 points at SceneFlow/Monkaa_cleanpass/lonetree_winter_x2, 000438.png
1 points at SceneFlow/Monkaa_cleanpass/lonetree_winter_x2, 000228.png
1 points at SceneFlow/Monkaa_cleanpass/lonetree_winter_x2, 000268.png
1 points at SceneFlow/Monkaa_cleanpass/lonetree_winter_x2, 000360.png
1 points at SceneFlow/Monkaa_cleanpass/lonetree_winter_x2, 000128.png
1 points at SceneFlow/Monkaa_cleanpass/lonetree_winter_x2, 000102.png
1 points at SceneFlow/Monkaa_cleanpass/lonetree_winter_x2, 000426.png
1 points at SceneFlow/Monkaa_cleanpass/lonetree_winter_x2, 000318.png
1 points at SceneFlow/Monkaa_cleanpass/lonetree_winter_x2, 000070.png
1 points at SceneFlow/Monkaa_cleanpass/lonetree_winter_x2, 000320.png
1 points at SceneFlow/Monkaa_cleanpass/lonetree_winter_x2, 000086.png
1 points at SceneFlow/Monkaa_cleanpass/lonetree_winter_x2, 000034.png
1 points at SceneFlow/Monkaa_cleanpass/lonetree_winter_x2, 000114.png
1 points at SceneFlow/Monkaa_cleanpass/lonetree_winter_x2, 000160.png
1 points at SceneFlow/Monkaa_cleanpass/lonetree_winter_x2, 000120.png
1 points at SceneFlow/Monkaa_cleanpass/lonetree_winter_x2, 000214.png
1 points at SceneFlow/Monkaa_cleanpass/lonetree_winter_x2, 000110.png
1 points at SceneFlow/Monkaa_cleanpass/lonetree_winter_x2, 000362.png
1 points at SceneFlow/Monkaa_cleanpass/lonetree_winter_x2, 000310.png
1 points at SceneFlow/Monkaa_cleanpass/lonetree_winter_x2, 000410.png
1 points at SceneFlow/Monkaa_cleanpass/lonetree_winter_x2, 000406.png
1 points at SceneFlow/Monkaa_cleanpass/lonetree_winter_x2, 000202.png
1 points at SceneFlow/Monkaa_cleanpass/lonetree_winter_x2, 000002.png
1 points at SceneFlow/Monkaa_cleanpass/lonetree_winter_x2, 000014.png
1 points at SceneFlow/Monkaa_cleanpass/lonetree_winter_x2, 000446.png
1 points at SceneFlow/Monkaa_cleanpass/lonetree_winter_x2, 000330.png
1 points at SceneFlow/Monkaa_cleanpass/lonetree_winter_x2, 000302.png
1 points at SceneFlow/Monkaa_cleanpass/lonetree_winter_x2, 000130.png
1 points at SceneFlow/Monkaa_cleanpass/lonetree_winter_x2, 000154.png
1 points at SceneFlow/Monkaa_cleanpass/lonetree_winter_x2, 000148.png
1 points at SceneFlow/Monkaa_cleanpass/lonetree_winter_x2, 000292.png
1 points at SceneFlow/Monkaa_cleanpass/lonetree_winter_x2, 000430.png
1 points at SceneFlow/Monkaa_cleanpass/lonetree_winter_x2, 000450.png
1 points at SceneFlow/Monkaa_cleanpass/lonetree_winter_x2, 000316.png
1 points at SceneFlow/Monkaa_cleanpass/lonetree_winter_x2, 000230.png
1 points at SceneFlow/Monkaa_cleanpass/lonetree_winter_x2, 000280.png
1 points at SceneFlow/Monkaa_cleanpass/lonetree_winter_x2, 000380.png
1 points at SceneFlow/Monkaa_cleanpass/lonetree_winter_x2, 000254.png
1 points at SceneFlow/Monkaa_cleanpass/lonetree_winter_x2, 000354.png
1 points at SceneFlow/Monkaa_cleanpass/lonetree_winter_x2, 000460.png
1 points at SceneFlow/Monkaa_cleanpass/lonetree_winter_x2, 000458.png
1 points at SceneFlow/Monkaa_cleanpass/lonetree_winter_x2, 000308.png
1 points at SceneFlow/Monkaa_cleanpass/lonetree_winter_x2, 000482.png
1 points at SceneFlow/Monkaa_cleanpass/lonetree_winter_x2, 000434.png
1 points at SceneFlow/Monkaa_cleanpass/lonetree_winter_x2, 000144.png
1 points at SceneFlow/Monkaa_cleanpass/lonetree_winter_x2, 000140.png
1 points at SceneFlow/Monkaa_cleanpass/lonetree_winter_x2, 000420.png
1 points at SceneFlow/Monkaa_cleanpass/lonetree_winter_x2, 000328.png
1 points at SceneFlow/Monkaa_cleanpass/lonetree_winter_x2, 000048.png
1 points at SceneFlow/Monkaa_cleanpass/lonetree_winter_x2, 000436.png
1 points at SceneFlow/Monkaa_cleanpass/lonetree_winter_x2, 000440.png
1 points at SceneFlow/Monkaa_cleanpass/lonetree_winter_x2, 000350.png
1 points at SceneFlow/Monkaa_cleanpass/lonetree_winter_x2, 000476.png
1 points at SceneFlow/Monkaa_cleanpass/lonetree_winter_x2, 000188.png
1 points at SceneFlow/Monkaa_cleanpass/lonetree_winter_x2, 000334.png
1 points at SceneFlow/Monkaa_cleanpass/lonetree_winter_x2, 000052.png
1 points at SceneFlow/Monkaa_cleanpass/lonetree_winter_x2, 000464.png
1 points at SceneFlow/Monkaa_cleanpass/lonetree_winter_x2, 000306.png
1 points at SceneFlow/Monkaa_cleanpass/lonetree_winter_x2, 000056.png
1 points at SceneFlow/Monkaa_cleanpass/lonetree_winter_x2, 000386.png
1 points at SceneFlow/Monkaa_cleanpass/lonetree_winter_x2, 000402.png
1 points at SceneFlow/Monkaa_cleanpass/lonetree_winter_x2, 000444.png
1 points at SceneFlow/Monkaa_cleanpass/lonetree_winter_x2, 000408.png
1 points at SceneFlow/Monkaa_cleanpass/lonetree_winter_x2, 000454.png
1 points at SceneFlow/Monkaa_cleanpass/lonetree_winter_x2, 000104.png
1 points at SceneFlow/Monkaa_cleanpass/lonetree_winter_x2, 000500.png
1 points at SceneFlow/Monkaa_cleanpass/lonetree_winter_x2, 000046.png
1 points at SceneFlow/Monkaa_cleanpass/lonetree_winter_x2, 000196.png
1 points at SceneFlow/Monkaa_cleanpass/lonetree_winter_x2, 000118.png
1 points at SceneFlow/Monkaa_cleanpass/lonetree_winter_x2, 000022.png
1 points at SceneFlow/Monkaa_cleanpass/lonetree_winter_x2, 000016.png
1 points at SceneFlow/Monkaa_cleanpass/lonetree_winter_x2, 000282.png
1 points at SceneFlow/Monkaa_cleanpass/lonetree_winter_x2, 000432.png
1 points at SceneFlow/Monkaa_cleanpass/lonetree_winter_x2, 000358.png
1 points at SceneFlow/Monkaa_cleanpass/lonetree_winter_x2, 000352.png
1 points at SceneFlow/Monkaa_cleanpass/lonetree_winter_x2, 000304.png
1 points at SceneFlow/Monkaa_cleanpass/lonetree_winter_x2, 000314.png
1 points at SceneFlow/Monkaa_cleanpass/lonetree_winter_x2, 000418.png
1 points at SceneFlow/Monkaa_cleanpass/lonetree_winter_x2, 000192.png
1 points at SceneFlow/Monkaa_cleanpass/lonetree_winter_x2, 000490.png
1 points at SceneFlow/Monkaa_cleanpass/lonetree_winter_x2, 000178.png
1 points at SceneFlow/Monkaa_cleanpass/lonetree_winter_x2, 000472.png
1 points at SceneFlow/Monkaa_cleanpass/lonetree_winter_x2, 000064.png
1 points at SceneFlow/Monkaa_cleanpass/lonetree_winter_x2, 000100.png
1 points at SceneFlow/Monkaa_cleanpass/lonetree_winter_x2, 000156.png
1 points at SceneFlow/Monkaa_cleanpass/lonetree_winter_x2, 000348.png
1 points at SceneFlow/Monkaa_cleanpass/lonetree_winter_x2, 000484.png
1 points at SceneFlow/Monkaa_cleanpass/lonetree_winter_x2, 000294.png
1 points at SceneFlow/Monkaa_cleanpass/lonetree_winter_x2, 000008.png
1 points at SceneFlow/Monkaa_cleanpass/lonetree_winter_x2, 000058.png
1 points at SceneFlow/Monkaa_cleanpass/lonetree_winter_x2, 000216.png
1 points at SceneFlow/Monkaa_cleanpass/lonetree_winter_x2, 000132.png
1 points at SceneFlow/Monkaa_cleanpass/lonetree_winter_x2, 000298.png
1 points at SceneFlow/Monkaa_cleanpass/lonetree_winter_x2, 000442.png
1 points at SceneFlow/Monkaa_cleanpass/lonetree_winter_x2, 000480.png
1 points at SceneFlow/Monkaa_cleanpass/lonetree_winter_x2, 000012.png
1 points at SceneFlow/Monkaa_cleanpass/lonetree_winter_x2, 000176.png
1 points at SceneFlow/Monkaa_cleanpass/lonetree_winter_x2, 000004.png
1 points at SceneFlow/Monkaa_cleanpass/lonetree_winter_x2, 000474.png
1 points at SceneFlow/Monkaa_cleanpass/lonetree_winter_x2, 000258.png
1 points at SceneFlow/Monkaa_cleanpass/lonetree_winter_x2, 000342.png
1 points at SceneFlow/Monkaa_cleanpass/lonetree_winter_x2, 000332.png
1 points at SceneFlow/Monkaa_cleanpass/lonetree_winter_x2, 000262.png
1 points at SceneFlow/Monkaa_cleanpass/lonetree_winter_x2, 000174.png
1 points at SceneFlow/Monkaa_cleanpass/lonetree_winter_x2, 000400.png
1 points at SceneFlow/Monkaa_cleanpass/lonetree_winter_x2, 000096.png
1 points at SceneFlow/Monkaa_cleanpass/lonetree_winter_x2, 000082.png
1 points at SceneFlow/Monkaa_cleanpass/lonetree_winter_x2, 000078.png
1 points at SceneFlow/Monkaa_cleanpass/lonetree_winter_x2, 000122.png
1 points at SceneFlow/Monkaa_cleanpass/lonetree_winter_x2, 000198.png
1 points at SceneFlow/Monkaa_cleanpass/lonetree_winter_x2, 000112.png
1 points at SceneFlow/Monkaa_cleanpass/lonetree_winter_x2, 000074.png
1 points at SceneFlow/Monkaa_cleanpass/lonetree_winter_x2, 000344.png
1 points at SceneFlow/Monkaa_cleanpass/lonetree_winter_x2, 000470.png
1 points at SceneFlow/Monkaa_cleanpass/lonetree_winter_x2, 000288.png
1 points at SceneFlow/Monkaa_cleanpass/lonetree_winter_x2, 000166.png
1 points at SceneFlow/Monkaa_cleanpass/lonetree_winter_x2, 000252.png
1 points at SceneFlow/Monkaa_cleanpass/lonetree_winter_x2, 000222.png
1 points at SceneFlow/Monkaa_cleanpass/lonetree_winter_x2, 000210.png
1 points at SceneFlow/Monkaa_cleanpass/lonetree_winter_x2, 000336.png
1 points at SceneFlow/Monkaa_cleanpass/lonetree_winter_x2, 000050.png
1 points at SceneFlow/Monkaa_cleanpass/lonetree_winter_x2, 000116.png
1 points at SceneFlow/Monkaa_cleanpass/lonetree_winter_x2, 000394.png
1 points at SceneFlow/Monkaa_cleanpass/lonetree_winter_x2, 000072.png
1 points at SceneFlow/Monkaa_cleanpass/lonetree_winter_x2, 000246.png
1 points at SceneFlow/Monkaa_cleanpass/lonetree_winter_x2, 000346.png
1 points at SceneFlow/Monkaa_cleanpass/lonetree_winter_x2, 000180.png
1 points at SceneFlow/Monkaa_cleanpass/lonetree_winter_x2, 000272.png
1 points at SceneFlow/Monkaa_cleanpass/lonetree_winter_x2, 000190.png
1 points at SceneFlow/Monkaa_cleanpass/lonetree_winter_x2, 000428.png
1 points at SceneFlow/Monkaa_cleanpass/lonetree_winter_x2, 000126.png
1 points at SceneFlow/Monkaa_cleanpass/lonetree_winter_x2, 000036.png
1 points at SceneFlow/Monkaa_cleanpass/lonetree_winter_x2, 000106.png
1 points at SceneFlow/Monkaa_cleanpass/lonetree_winter_x2, 000020.png
1 points at SceneFlow/Monkaa_cleanpass/lonetree_winter_x2, 000412.png
1 points at SceneFlow/Monkaa_cleanpass/lonetree_winter_x2, 000026.png
1 points at SceneFlow/Monkaa_cleanpass/lonetree_winter_x2, 000098.png
1 points at SceneFlow/Monkaa_cleanpass/lonetree_winter_x2, 000488.png
1 points at SceneFlow/Monkaa_cleanpass/lonetree_winter_x2, 000388.png
1 points at SceneFlow/Monkaa_cleanpass/lonetree_winter_x2, 000278.png
1 points at SceneFlow/Monkaa_cleanpass/lonetree_winter_x2, 000260.png
1 points at SceneFlow/Monkaa_cleanpass/lonetree_winter_x2, 000044.png
1 points at SceneFlow/Monkaa_cleanpass/lonetree_winter_x2, 000006.png
1 points at SceneFlow/Monkaa_cleanpass/lonetree_winter_x2, 000364.png
1 points at SceneFlow/Monkaa_cleanpass/lonetree_winter_x2, 000024.png
1 points at SceneFlow/Monkaa_cleanpass/lonetree_winter_x2, 000206.png
1 points at SceneFlow/Monkaa_cleanpass/lonetree_winter_x2, 000370.png
1 points at SceneFlow/Monkaa_cleanpass/lonetree_winter_x2, 000494.png
1 points at SceneFlow/Monkaa_cleanpass/lonetree_winter_x2, 000276.png
1 points at SceneFlow/Monkaa_cleanpass/lonetree_winter_x2, 000274.png
1 points at SceneFlow/Monkaa_cleanpass/lonetree_winter_x2, 000194.png
1 points at SceneFlow/Monkaa_cleanpass/lonetree_winter_x2, 000146.png
1 points at SceneFlow/Monkaa_cleanpass/lonetree_winter_x2, 000040.png
1 points at SceneFlow/Monkaa_cleanpass/lonetree_winter_x2, 000220.png
1 points at SceneFlow/Monkaa_cleanpass/lonetree_winter_x2, 000032.png
1 points at SceneFlow/Monkaa_cleanpass/lonetree_winter_x2, 000162.png
1 points at SceneFlow/Monkaa_cleanpass/lonetree_winter_x2, 000242.png
1 points at SceneFlow/Monkaa_cleanpass/lonetree_winter_x2, 000236.png
1 points at SceneFlow/Monkaa_cleanpass/lonetree_winter_x2, 000208.png
1 points at SceneFlow/Monkaa_cleanpass/lonetree_winter_x2, 000498.png
1 points at SceneFlow/Monkaa_cleanpass/lonetree_winter_x2, 000452.png
1 points at SceneFlow/Monkaa_cleanpass/lonetree_winter_x2, 000290.png
1 points at SceneFlow/Monkaa_cleanpass/lonetree_winter_x2, 000448.png
1 points at SceneFlow/Monkaa_cleanpass/lonetree_winter_x2, 000068.png
1 points at SceneFlow/Monkaa_cleanpass/lonetree_winter_x2, 000256.png
1 points at SceneFlow/Monkaa_cleanpass/lonetree_winter_x2, 000416.png
1 points at SceneFlow/Monkaa_cleanpass/lonetree_winter_x2, 000134.png
1 points at SceneFlow/Monkaa_cleanpass/lonetree_winter_x2, 000340.png
1 points at SceneFlow/Monkaa_cleanpass/lonetree_winter_x2, 000404.png
1 points at SceneFlow/Monkaa_cleanpass/lonetree_winter_x2, 000142.png
1 points at SceneFlow/Monkaa_cleanpass/lonetree_winter_x2, 000204.png
1 points at SceneFlow/Monkaa_cleanpass/lonetree_winter_x2, 000018.png
1 points at SceneFlow/Monkaa_cleanpass/lonetree_winter_x2, 000368.png
1 points at SceneFlow/Monkaa_cleanpass/lonetree_winter_x2, 000248.png
1 points at SceneFlow/Monkaa_cleanpass/lonetree_winter_x2, 000090.png
1 points at SceneFlow/Monkaa_cleanpass/lonetree_winter_x2, 000390.png
1 points at SceneFlow/Monkaa_cleanpass/lonetree_winter_x2, 000030.png
1 points at SceneFlow/Monkaa_cleanpass/lonetree_winter_x2, 000042.png
1 points at SceneFlow/Monkaa_cleanpass/lonetree_winter_x2, 000462.png
1 points at SceneFlow/Monkaa_cleanpass/lonetree_winter_x2, 000136.png
1 points at SceneFlow/Monkaa_cleanpass/lonetree_winter_x2, 000084.png
1 points at SceneFlow/Monkaa_cleanpass/lonetree_winter_x2, 000124.png
1 points at SceneFlow/Monkaa_cleanpass/lonetree_winter_x2, 000080.png
1 points at SceneFlow/Monkaa_cleanpass/lonetree_winter_x2, 000424.png
1 points at SceneFlow/Monkaa_cleanpass/lonetree_winter_x2, 000218.png
1 points at SceneFlow/Monkaa_cleanpass/lonetree_winter_x2, 000238.png
1 points at SceneFlow/Monkaa_cleanpass/lonetree_winter_x2, 000374.png
1 points at SceneFlow/Monkaa_cleanpass/lonetree_winter_x2, 000422.png
1 points at SceneFlow/Monkaa_cleanpass/lonetree_winter_x2, 000038.png
1 points at SceneFlow/Monkaa_cleanpass/lonetree_winter_x2, 000164.png
1 points at SceneFlow/Monkaa_cleanpass/lonetree_winter_x2, 000396.png
1 points at SceneFlow/Monkaa_cleanpass/lonetree_winter_x2, 000170.png
1 points at SceneFlow/Monkaa_cleanpass/lonetree_winter_x2, 000372.png
1 points at SceneFlow/Monkaa_cleanpass/lonetree_winter_x2, 000312.png
1 points at SceneFlow/Monkaa_cleanpass/lonetree_winter_x2, 000094.png
1 points at SceneFlow/Monkaa_cleanpass/lonetree_winter_x2, 000366.png
1 points at SceneFlow/Monkaa_cleanpass/lonetree_winter_x2, 000376.png
1 points at SceneFlow/Monkaa_cleanpass/lonetree_winter_x2, 000322.png
1 points at SceneFlow/Monkaa_cleanpass/lonetree_winter_x2, 000468.png
1 points at SceneFlow/Monkaa_cleanpass/lonetree_winter_x2, 000226.png
1 points at SceneFlow/Monkaa_cleanpass/lonetree_winter_x2, 000466.png
1 points at SceneFlow/Monkaa_cleanpass/lonetree_winter_x2, 000486.png
1 points at SceneFlow/Monkaa_cleanpass/lonetree_winter_x2, 000286.png
1 points at SceneFlow/Monkaa_cleanpass/lonetree_winter_x2, 000212.png
1 points at SceneFlow/Monkaa_cleanpass/lonetree_winter_x2, 000092.png
1 points at SceneFlow/Monkaa_cleanpass/lonetree_winter_x2, 000250.png
1 points at SceneFlow/Monkaa_cleanpass/lonetree_winter_x2, 000158.png
1 points at SceneFlow/Monkaa_cleanpass/lonetree_winter_x2, 000182.png
1 points at SceneFlow/Monkaa_cleanpass/lonetree_winter_x2, 000264.png
1 points at SceneFlow/Monkaa_cleanpass/lonetree_winter_x2, 000184.png
1 points at SceneFlow/Monkaa_cleanpass/lonetree_winter_x2, 000378.png
1 points at SceneFlow/Monkaa_cleanpass/lonetree_winter_x2, 000414.png
1 points at SceneFlow/Monkaa_cleanpass/lonetree_winter_x2, 000224.png
1 points at SceneFlow/Monkaa_cleanpass/lonetree_winter_x2, 000232.png
1 points at SceneFlow/Monkaa_cleanpass/lonetree_winter_x2, 000172.png
1 points at SceneFlow/Monkaa_cleanpass/lonetree_winter_x2, 000270.png
1 points at SceneFlow/Monkaa_cleanpass/lonetree_winter_x2, 000284.png
1 points at SceneFlow/Monkaa_cleanpass/lonetree_winter_x2, 000356.png
1 points at SceneFlow/Monkaa_cleanpass/lonetree_winter_x2, 000244.png
1 points at SceneFlow/Monkaa_cleanpass/lonetree_winter_x2, 000492.png
1 points at SceneFlow/Monkaa_cleanpass/lonetree_winter_x2, 000062.png
1 points at SceneFlow/Monkaa_cleanpass/lonetree_winter_x2, 000392.png
1 points at SceneFlow/Monkaa_cleanpass/lonetree_winter_x2, 000398.png
1 points at SceneFlow/Monkaa_cleanpass/lonetree_winter_x2, 000326.png
1 points at SceneFlow/Monkaa_cleanpass/lonetree_winter_x2, 000010.png
1 points at SceneFlow/Monkaa_cleanpass/lonetree_winter_x2, 000456.png
1 points at SceneFlow/Monkaa_cleanpass/lonetree_winter_x2, 000478.png
1 points at SceneFlow/Monkaa_cleanpass/lonetree_winter_x2, 000296.png
1 points at SceneFlow/Monkaa_cleanpass/lonetree_winter_x2, 000338.png
1 points at SceneFlow/Monkaa_cleanpass/lonetree_winter_x2, 000324.png
1 points at SceneFlow/Monkaa_cleanpass/lonetree_winter_x2, 000234.png
1 points at SceneFlow/Monkaa_cleanpass/lonetree_winter_x2, 000152.png
1 points at SceneFlow/Monkaa_cleanpass/lonetree_winter_x2, 000076.png
1 points at SceneFlow/Monkaa_cleanpass/lonetree_winter_x2, 000266.png
1 points at SceneFlow/Monkaa_cleanpass/lonetree_winter_x2, 000496.png
1 points at SceneFlow/Monkaa_cleanpass/lonetree_winter_x2, 000060.png
1 points at SceneFlow/Monkaa_cleanpass/top_view_x2, 000000.png
1 points at SceneFlow/Monkaa_cleanpass/top_view_x2, 000002.png
1 points at SceneFlow/Monkaa_cleanpass/top_view_x2, 000004.png
1 points at SceneFlow/Monkaa_cleanpass/top_view_x2, 000006.png
1 points at SceneFlow/Monkaa_cleanpass/top_view_x2, 000008.png
1 points at SceneFlow/Monkaa_cleanpass/top_view_x2, 000010.png
1 points at SceneFlow/Monkaa_cleanpass/top_view_x2, 000012.png
1 points at SceneFlow/Monkaa_cleanpass/top_view_x2, 000014.png
1 points at SceneFlow/Monkaa_cleanpass/top_view_x2, 000016.png
1 points at SceneFlow/Monkaa_cleanpass/top_view_x2, 000018.png
1 points at SceneFlow/Monkaa_cleanpass/top_view_x2, 000020.png
1 points at SceneFlow/Monkaa_cleanpass/top_view_x2, 000022.png
1 points at SceneFlow/Monkaa_cleanpass/top_view_x2, 000024.png
1 points at SceneFlow/Monkaa_cleanpass/top_view_x2, 000026.png
1 points at SceneFlow/Monkaa_cleanpass/top_view_x2, 000028.png
1 points at SceneFlow/Monkaa_cleanpass/top_view_x2, 000030.png
1 points at SceneFlow/Monkaa_cleanpass/top_view_x2, 000032.png
1 points at SceneFlow/Monkaa_cleanpass/top_view_x2, 000034.png
1 points at SceneFlow/Monkaa_cleanpass/top_view_x2, 000036.png
1 points at SceneFlow/Monkaa_cleanpass/top_view_x2, 000038.png
1 points at SceneFlow/Monkaa_cleanpass/top_view_x2, 000040.png
1 points at SceneFlow/Monkaa_cleanpass/top_view_x2, 000042.png
1 points at SceneFlow/Monkaa_cleanpass/top_view_x2, 000044.png
1 points at SceneFlow/Monkaa_cleanpass/top_view_x2, 000046.png
1 points at SceneFlow/Monkaa_cleanpass/top_view_x2, 000048.png
1 points at SceneFlow/Monkaa_cleanpass/top_view_x2, 000050.png
1 points at SceneFlow/Monkaa_cleanpass/top_view_x2, 000052.png
1 points at SceneFlow/Monkaa_cleanpass/top_view_x2, 000054.png
1 points at SceneFlow/Monkaa_cleanpass/top_view_x2, 000056.png
1 points at SceneFlow/Monkaa_cleanpass/top_view_x2, 000058.png
1 points at SceneFlow/Monkaa_cleanpass/top_view_x2, 000060.png
1 points at SceneFlow/Monkaa_cleanpass/top_view_x2, 000062.png
1 points at SceneFlow/Monkaa_cleanpass/top_view_x2, 000064.png
1 points at SceneFlow/Monkaa_cleanpass/top_view_x2, 000066.png
1 points at SceneFlow/Monkaa_cleanpass/top_view_x2, 000068.png
1 points at SceneFlow/Monkaa_cleanpass/top_view_x2, 000070.png
1 points at SceneFlow/Monkaa_cleanpass/top_view_x2, 000072.png
1 points at SceneFlow/Monkaa_cleanpass/top_view_x2, 000074.png
1 points at SceneFlow/Monkaa_cleanpass/top_view_x2, 000076.png
1 points at SceneFlow/Monkaa_cleanpass/top_view_x2, 000078.png
1 points at SceneFlow/Monkaa_cleanpass/top_view_x2, 000080.png
1 points at SceneFlow/Monkaa_cleanpass/top_view_x2, 000082.png
1 points at SceneFlow/Monkaa_cleanpass/top_view_x2, 000084.png
1 points at SceneFlow/Monkaa_cleanpass/top_view_x2, 000086.png
1 points at SceneFlow/Monkaa_cleanpass/top_view_x2, 000088.png
1 points at SceneFlow/Monkaa_cleanpass/top_view_x2, 000090.png
