Mon 02 Dec 2024 09:31:04 IST

SLURM_JOBID:		 1663290
SLURM_JOB_NODELIST:	 cs-4090-08 


/home/alonkay/.conda/envs/alon_env/lib/python3.9/site-packages/transformers/utils/generic.py:260: FutureWarning: `torch.utils._pytree._register_pytree_node` is deprecated. Please use `torch.utils._pytree.register_pytree_node` instead.
  torch.utils._pytree._register_pytree_node(
/home/alonkay/.conda/envs/alon_env/lib/python3.9/site-packages/huggingface_hub/file_download.py:797: FutureWarning: `resume_download` is deprecated and will be removed in version 1.0.0. Downloads always resume when possible. If you want to force a new download, use `force_download=True`.
  warnings.warn(
/cs_storage/alonkay/Thesis/FMatrixRegressor.py:333: FutureWarning: You are using `torch.load` with `weights_only=False` (the current default value), which uses the default pickle module implicitly. It is possible to construct malicious pickle data which will execute arbitrary code during unpickling (See https://github.com/pytorch/pytorch/blob/main/SECURITY.md#untrusted-models for more details). In a future release, the default value for `weights_only` will be flipped to `True`. This limits the functions that could be executed during unpickling. Arbitrary objects will no longer be allowed to be loaded via this mode unless they are explicitly allowlisted by the user via `torch.serialization.add_safe_globals`. We recommend you start setting `weights_only=True` for any use case where you don't have full control of the loaded file. Please open an issue on GitHub for any issues related to this experimental feature.
  checkpoint = torch.load(model_path, map_location='cpu')
###########################################################################################################################################################

 learning rate: 0.0001, mlp_hidden_sizes: [1024, 512], jump_frames: 6, use_reconstruction_layer: True
batch_size: 8, norm: True, train_seqeunces: [0, 2, 3, 5], val_sequences: [6, 7, 8], RL_TEST_NAMES: ['fe2fadf89a84e92a', 'f01e8b6f8e10fdd9', 'f1ee9dc6135e5307', 'a41df4fa06fd391b', 'bc0ebb7482f14795', '9bdd34e784c04e3a', '98ebee1c36ecec55'], dataset: Kitti2Sceneflow,
average embeddings: False, model: microsoft/resnet-152, augmentation: True, random crop: True, part: tail, get_old_path: False,
RE1 coeff: 0 SED coeff: 0.5, ALG_COEFF: 0, L2_coeff: 1, huber_coeff: 1, frozen layers: 0, trained vit: None,
crop: 224 resize: 256, use conv: True pretrained: None, train_size: 1, norm_mean: tensor([0.5000, 0.5000, 0.5000], device='cuda:0'), norm_std: tensor([0.5000, 0.5000, 0.5000], device='cuda:0'), sched: None seed: 42, 


train size: 1035, val size: 321, test size: 347


##### CONTINUE TRAINING #####



################
Empty points at treeflight_augmented0_x2


Epoch 4348/12000: Training Loss: 0.2779856755183293		 Val Loss: 1.1589596445967512
             	Training MAE: 0.06722602248191833		 Val MAE: 0.07372429966926575
             	Algebraic dist: 0.35460357666015624		 Val Algebraic dist: 0.5020739857743426
             	RE1 dist: 0.11122024242694561		 Val RE1 dist: 0.36905839966564646
             	SED dist: 0.4900892110971304		 Val SED dist: 2.254545816561071


Epoch 4349/12000: Training Loss: 0.273088866013747		 Val Loss: 1.129232918343893
             	Training MAE: 0.06690753251314163		 Val MAE: 0.0689307153224945
             	Algebraic dist: 0.355985348041241		 Val Algebraic dist: 0.522348264368569
             	RE1 dist: 0.10923839715810922		 Val RE1 dist: 0.3669733884857922
             	SED dist: 0.4806639451246995		 Val SED dist: 2.198485955959413


