Tue 03 Dec 2024 18:22:59 IST

SLURM_JOBID:		 1736494
SLURM_JOB_NODELIST:	 ise-4090-01 


/home/alonkay/.conda/envs/alon_env/lib/python3.9/site-packages/transformers/utils/generic.py:260: FutureWarning: `torch.utils._pytree._register_pytree_node` is deprecated. Please use `torch.utils._pytree.register_pytree_node` instead.
  torch.utils._pytree._register_pytree_node(
/home/alonkay/.conda/envs/alon_env/lib/python3.9/site-packages/huggingface_hub/file_download.py:797: FutureWarning: `resume_download` is deprecated and will be removed in version 1.0.0. Downloads always resume when possible. If you want to force a new download, use `force_download=True`.
  warnings.warn(
/cs_storage/alonkay/Thesis/FMatrixRegressor.py:332: FutureWarning: You are using `torch.load` with `weights_only=False` (the current default value), which uses the default pickle module implicitly. It is possible to construct malicious pickle data which will execute arbitrary code during unpickling (See https://github.com/pytorch/pytorch/blob/main/SECURITY.md#untrusted-models for more details). In a future release, the default value for `weights_only` will be flipped to `True`. This limits the functions that could be executed during unpickling. Arbitrary objects will no longer be allowed to be loaded via this mode unless they are explicitly allowlisted by the user via `torch.serialization.add_safe_globals`. We recommend you start setting `weights_only=True` for any use case where you don't have full control of the loaded file. Please open an issue on GitHub for any issues related to this experimental feature.
  checkpoint = torch.load(model_path, map_location='cpu')
###########################################################################################################################################################

 learning rate: 0.0001, mlp_hidden_sizes: [1024, 512], jump_frames: 6, use_reconstruction_layer: True
batch_size: 8, norm: True, train_seqeunces: [0, 2, 3, 5], val_sequences: [6, 7, 8], RL_TEST_NAMES: ['fe2fadf89a84e92a', 'f01e8b6f8e10fdd9', 'f1ee9dc6135e5307', 'a41df4fa06fd391b', 'bc0ebb7482f14795', '9bdd34e784c04e3a', '98ebee1c36ecec55'], dataset: Kitti2Sceneflow,
average embeddings: False, model: microsoft/resnet-152, augmentation: True, random crop: True, part: tail, get_old_path: False,
RE1 coeff: 0 SED coeff: 0.5, ALG_COEFF: 0, L2_coeff: 1, huber_coeff: 1, frozen layers: 0, trained vit: None,
crop: 224 resize: 256, use conv: True pretrained: None, train_size: 1, norm_mean: tensor([0.5000, 0.5000, 0.5000], device='cuda:0'), norm_std: tensor([0.5000, 0.5000, 0.5000], device='cuda:0'), sched: None seed: 42, 


train size: 1035, val size: 293, test size: 375


##### CONTINUE TRAINING #####



################
Empty points at eating_x2


Epoch 9151/16000: Training Loss: 0.19938495342548077		 Val Loss: 1.6036384170119826
             	Training MAE: 0.057190779596567154		 Val MAE: 0.07904504984617233
             	Algebraic dist: 0.2849942133976863		 Val Algebraic dist: 0.6451854190310916
             	RE1 dist: 0.07306418785682091		 Val RE1 dist: 0.5204886359137457
             	SED dist: 0.34558792114257814		 Val SED dist: 3.119910987647804



################
Empty points at treeflight_augmented0_x2


Epoch 9152/16000: Training Loss: 0.1862191860492413		 Val Loss: 1.6485030715529982
             	Training MAE: 0.058441195636987686		 Val MAE: 0.06989994645118713
             	Algebraic dist: 0.27138372567983776		 Val Algebraic dist: 0.5861706089329075
             	RE1 dist: 0.06683840384850136		 Val RE1 dist: 0.5338183222590266
             	SED dist: 0.3182751288780799		 Val SED dist: 3.2281859114363387



################
Empty points at treeflight_augmented0_x2


Epoch 9153/16000: Training Loss: 0.20083665114182692		 Val Loss: 1.2939638704866976
             	Training MAE: 0.0569707453250885		 Val MAE: 0.07143763452768326
             	Algebraic dist: 0.28251028794508715		 Val Algebraic dist: 0.5089917054047456
             	RE1 dist: 0.07353704892672025		 Val RE1 dist: 0.4266141943029455
             	SED dist: 0.34972237807053785		 Val SED dist: 2.5162840147276184



################
Empty points at treeflight_augmented0_x2


Epoch 9154/16000: Training Loss: 0.218706541794997		 Val Loss: 1.4321326178473395
             	Training MAE: 0.05784516781568527		 Val MAE: 0.06707937270402908
             	Algebraic dist: 0.2980038862961989		 Val Algebraic dist: 0.5542579341579128
             	RE1 dist: 0.08121936504657452		 Val RE1 dist: 0.49180020512761297
             	SED dist: 0.3835312183086689		 Val SED dist: 2.805907172125739



################
Empty points at treeflight_augmented0_x2



################
Empty points at eating_x2



################
Empty points at eating_x2



################
Empty points at eating_x2



################
Empty points at eating_x2


Epoch 9155/16000: Training Loss: 0.19403409224290113		 Val Loss: 1.6358829188991237
             	Training MAE: 0.056163106113672256		 Val MAE: 0.06584647297859192
             	Algebraic dist: 0.2823287670428936		 Val Algebraic dist: 0.5298045390361065
             	RE1 dist: 0.07150561992938702		 Val RE1 dist: 0.5671479508683488
             	SED dist: 0.33768636263333834		 Val SED dist: 3.2166795472841003


Epoch 9156/16000: Training Loss: 0.16590739030104418		 Val Loss: 1.5089970150509395
             	Training MAE: 0.056568097323179245		 Val MAE: 0.06939475983381271
             	Algebraic dist: 0.25294221731332633		 Val Algebraic dist: 0.5176530786462732
             	RE1 dist: 0.05830905254070575		 Val RE1 dist: 0.4914925033981736
             	SED dist: 0.27979888916015627		 Val SED dist: 2.952647441142314



################
Empty points at treeflight_augmented0_x2



################
Empty points at eating_x2


Epoch 9157/16000: Training Loss: 0.22442842630239634		 Val Loss: 3.8359243032094597
             	Training MAE: 0.05778518691658974		 Val MAE: 0.06377178430557251
             	Algebraic dist: 0.2991539588341346		 Val Algebraic dist: 1.346691234691723
             	RE1 dist: 0.08280249375563402		 Val RE1 dist: 1.4161614082955025
             	SED dist: 0.3952638479379507		 Val SED dist: 7.61634702940245



################
Empty points at eating_x2


Epoch 9158/16000: Training Loss: 0.6630788949819711		 Val Loss: 2.2871572133657097
             	Training MAE: 0.059775084257125854		 Val MAE: 0.05996468663215637
             	Algebraic dist: 0.5186573908879206		 Val Algebraic dist: 0.7663064389615446
             	RE1 dist: 0.3114292144775391		 Val RE1 dist: 0.8701545096732475
             	SED dist: 1.273685279259315		 Val SED dist: 4.524541906408362



################
Empty points at eating_x2


Epoch 9159/16000: Training Loss: 0.19125030224139875		 Val Loss: 1.652969875851193
             	Training MAE: 0.0576908141374588		 Val MAE: 0.06983039528131485
             	Algebraic dist: 0.27930424030010514		 Val Algebraic dist: 0.6363759427457243
             	RE1 dist: 0.07222129381619967		 Val RE1 dist: 0.568097294987859
             	SED dist: 0.3295122293325571		 Val SED dist: 3.243758949073585



################
Empty points at treeflight_augmented0_x2



################
Empty points at treeflight_augmented0_x2



################
Empty points at eating_x2


Epoch 9160/16000: Training Loss: 0.15591102013221153		 Val Loss: 1.63075421307538
             	Training MAE: 0.05677495151758194		 Val MAE: 0.06539835780858994
             	Algebraic dist: 0.24496063819298378		 Val Algebraic dist: 0.5506353120546084
             	RE1 dist: 0.054981602155245266		 Val RE1 dist: 0.5500475909258868
             	SED dist: 0.2617417849027194		 Val SED dist: 3.2047073776657515



################
Empty points at treeflight_augmented0_x2



################
Empty points at eating_x2


Epoch 9161/16000: Training Loss: 0.3056125934307392		 Val Loss: 2.5053793417440877
             	Training MAE: 0.05841391906142235		 Val MAE: 0.05951270833611488
             	Algebraic dist: 0.3354020045353816		 Val Algebraic dist: 1.009663452973237
             	RE1 dist: 0.11868563431959886		 Val RE1 dist: 0.9696373810639253
             	SED dist: 0.5572784423828125		 Val SED dist: 4.9769485061233105



################
Empty points at treeflight_augmented0_x2


Epoch 9162/16000: Training Loss: 0.21490006080040566		 Val Loss: 1.7768255697714317
             	Training MAE: 0.058206647634506226		 Val MAE: 0.057007797062397
             	Algebraic dist: 0.3042445843036358		 Val Algebraic dist: 0.6055282386573585
             	RE1 dist: 0.08165885485135592		 Val RE1 dist: 0.6316445324871991
             	SED dist: 0.377590326162485		 Val SED dist: 3.5110085977090373


Epoch 9163/16000: Training Loss: 0.22644387758695161		 Val Loss: 3.0922878368480786
             	Training MAE: 0.05584951862692833		 Val MAE: 0.06058427318930626
             	Algebraic dist: 0.30261588463416467		 Val Algebraic dist: 0.9902387051968962
             	RE1 dist: 0.08866755412175105		 Val RE1 dist: 1.1258379961993243
             	SED dist: 0.40300125708946816		 Val SED dist: 6.132667335304054



################
Empty points at eating_x2


Epoch 9164/16000: Training Loss: 0.3031954838679387		 Val Loss: 1.9073577056059967
             	Training MAE: 0.05701955780386925		 Val MAE: 0.07793162763118744
             	Algebraic dist: 0.3657501220703125		 Val Algebraic dist: 0.6117529482454866
             	RE1 dist: 0.12078155370858999		 Val RE1 dist: 0.6279729894689612
             	SED dist: 0.5541618934044471		 Val SED dist: 3.7334937018317147


Epoch 9165/16000: Training Loss: 0.3904190356914814		 Val Loss: 2.0930031441353463
             	Training MAE: 0.05997316166758537		 Val MAE: 0.0633317306637764
             	Algebraic dist: 0.4055762951190655		 Val Algebraic dist: 0.607257791467615
             	RE1 dist: 0.16730358417217547		 Val RE1 dist: 0.725422833416913
             	SED dist: 0.7276553227351262		 Val SED dist: 4.129521550358953



################
Empty points at treeflight_augmented0_x2


Epoch 9166/16000: Training Loss: 0.13563797290508564		 Val Loss: 1.665911597174567
             	Training MAE: 0.056222427636384964		 Val MAE: 0.06606185436248779
             	Algebraic dist: 0.2200939178466797		 Val Algebraic dist: 0.5637721499881229
             	RE1 dist: 0.04573571498577411		 Val RE1 dist: 0.5545108382766312
             	SED dist: 0.22009190779465895		 Val SED dist: 3.273356257258235



################
Empty points at eating_x2


Epoch 9167/16000: Training Loss: 0.1907913794884315		 Val Loss: 1.9449926840292442
             	Training MAE: 0.056889232248067856		 Val MAE: 0.05503812059760094
             	Algebraic dist: 0.28038902282714845		 Val Algebraic dist: 0.6848684259363123
             	RE1 dist: 0.06990752586951622		 Val RE1 dist: 0.6715554417790593
             	SED dist: 0.3313690185546875		 Val SED dist: 3.8469329009184965



################
Empty points at treeflight_augmented0_x2



################
Empty points at eating_x2


Epoch 9168/16000: Training Loss: 0.18953663752629207		 Val Loss: 1.8394369176916174
             	Training MAE: 0.056481342762708664		 Val MAE: 0.06032240763306618
             	Algebraic dist: 0.273822520329402		 Val Algebraic dist: 0.6606671616837785
             	RE1 dist: 0.06855086546677809		 Val RE1 dist: 0.6458174731280353
             	SED dist: 0.3272020486684946		 Val SED dist: 3.6271189096811653



################
Empty points at eating_x2


Epoch 9169/16000: Training Loss: 0.3988073495718149		 Val Loss: 2.657421008960621
             	Training MAE: 0.058620527386665344		 Val MAE: 0.06038596108555794
             	Algebraic dist: 0.4406829540546124		 Val Algebraic dist: 0.7319190051104572
             	RE1 dist: 0.16905994415283204		 Val RE1 dist: 0.9604869533229519
             	SED dist: 0.745042712871845		 Val SED dist: 5.262265592008023


Epoch 9170/16000: Training Loss: 0.2073156943688026		 Val Loss: 1.724489366686022
             	Training MAE: 0.05718429014086723		 Val MAE: 0.0642823800444603
             	Algebraic dist: 0.2986168201153095		 Val Algebraic dist: 0.555995631862331
             	RE1 dist: 0.07950124740600586		 Val RE1 dist: 0.5807083748482369
             	SED dist: 0.3629241649921124		 Val SED dist: 3.3921607764991553



################
Empty points at treeflight_augmented0_x2



################
Empty points at eating_x2


Epoch 9171/16000: Training Loss: 0.18326774010291466		 Val Loss: 1.5771397771062077
             	Training MAE: 0.05848304182291031		 Val MAE: 0.06781258434057236
             	Algebraic dist: 0.26683108990009013		 Val Algebraic dist: 0.5253700565647434
             	RE1 dist: 0.06481936528132512		 Val RE1 dist: 0.5177535495242557
             	SED dist: 0.3117985358605018		 Val SED dist: 3.089401038917335



################
Empty points at eating_x2


Epoch 9172/16000: Training Loss: 0.3216492286095252		 Val Loss: 1.8762831816802155
             	Training MAE: 0.05689297989010811		 Val MAE: 0.06995794177055359
             	Algebraic dist: 0.383803470318134		 Val Algebraic dist: 0.678869762936154
             	RE1 dist: 0.13343805166391226		 Val RE1 dist: 0.6792553051097973
             	SED dist: 0.5918612553523137		 Val SED dist: 3.6949854670344173


Epoch 9173/16000: Training Loss: 0.20426836747389573		 Val Loss: 2.026522043588999
             	Training MAE: 0.05786152184009552		 Val MAE: 0.06793716549873352
             	Algebraic dist: 0.2905073019174429		 Val Algebraic dist: 0.7288693608464422
             	RE1 dist: 0.07719742701603816		 Val RE1 dist: 0.685153291032121
             	SED dist: 0.3545039837176983		 Val SED dist: 3.988460231471706



################
Empty points at treeflight_augmented0_x2



################
Empty points at treeflight_augmented0_x2


Epoch 9174/16000: Training Loss: 0.15547548440786507		 Val Loss: 1.2566598428262246
             	Training MAE: 0.05806247144937515		 Val MAE: 0.06189972162246704
             	Algebraic dist: 0.2398413878220778		 Val Algebraic dist: 0.5117698360133816
             	RE1 dist: 0.05305311863238995		 Val RE1 dist: 0.41592329901617925
             	SED dist: 0.25588819063626805		 Val SED dist: 2.4597677282384924



################
Empty points at eating_x2


Epoch 9175/16000: Training Loss: 0.21403193840613732		 Val Loss: 3.5423105600717903
             	Training MAE: 0.057376425713300705		 Val MAE: 0.06179332733154297
             	Algebraic dist: 0.2777907444880559		 Val Algebraic dist: 1.2456719682023332
             	RE1 dist: 0.07913893186129056		 Val RE1 dist: 1.2545455726417336
             	SED dist: 0.3744621276855469		 Val SED dist: 7.028769003378378



################
Empty points at eating_x2


Epoch 9176/16000: Training Loss: 0.33936526958759017		 Val Loss: 1.690552788811761
             	Training MAE: 0.059296973049640656		 Val MAE: 0.05981498584151268
             	Algebraic dist: 0.38628942049466647		 Val Algebraic dist: 0.5813846072635135
             	RE1 dist: 0.14166443164532		 Val RE1 dist: 0.6050066045812659
             	SED dist: 0.625312746488131		 Val SED dist: 3.3321011517498946



################
Empty points at eating_x2


Epoch 9177/16000: Training Loss: 0.16568220578707182		 Val Loss: 1.5361881771603145
             	Training MAE: 0.05582231283187866		 Val MAE: 0.05744487792253494
             	Algebraic dist: 0.25641268216646634		 Val Algebraic dist: 0.56312184720426
             	RE1 dist: 0.05987374599163349		 Val RE1 dist: 0.5208479907061603
             	SED dist: 0.2811702141394982		 Val SED dist: 3.029098304542335



################
Empty points at eating_x2


Epoch 9178/16000: Training Loss: 0.14492935767540566		 Val Loss: 1.3321954881822742
             	Training MAE: 0.05657288432121277		 Val MAE: 0.06427918374538422
             	Algebraic dist: 0.2287531485924354		 Val Algebraic dist: 0.5187176369331978
             	RE1 dist: 0.04790503795330341		 Val RE1 dist: 0.4324174571681667
             	SED dist: 0.2371245604294997		 Val SED dist: 2.6082959561734587



################
Empty points at treeflight_augmented0_x2



################
Empty points at eating_x2


Epoch 9179/16000: Training Loss: 0.2031874730036809		 Val Loss: 1.8445218060467694
             	Training MAE: 0.05682424083352089		 Val MAE: 0.06352373212575912
             	Algebraic dist: 0.2919160696176382		 Val Algebraic dist: 0.6453382131215688
             	RE1 dist: 0.0741606198824369		 Val RE1 dist: 0.6126359475625528
             	SED dist: 0.35588155893179085		 Val SED dist: 3.6328479663745776



################
Empty points at treeflight_augmented0_x2


Epoch 9180/16000: Training Loss: 0.2564034975492037		 Val Loss: 1.3519842817976668
             	Training MAE: 0.05738494545221329		 Val MAE: 0.05753044784069061
             	Algebraic dist: 0.32917706416203424		 Val Algebraic dist: 0.5508986292658625
             	RE1 dist: 0.10079738176785982		 Val RE1 dist: 0.4660250689532306
             	SED dist: 0.46195335388183595		 Val SED dist: 2.659238660657728


Epoch 9181/16000: Training Loss: 0.20266587184025692		 Val Loss: 1.3648211504961993
             	Training MAE: 0.057097114622592926		 Val MAE: 0.06691513955593109
             	Algebraic dist: 0.2857804225041316		 Val Algebraic dist: 0.6228345922521643
             	RE1 dist: 0.07638623164250301		 Val RE1 dist: 0.480324564753352
             	SED dist: 0.3547728905310998		 Val SED dist: 2.6771322714315877


Epoch 9182/16000: Training Loss: 0.237226442190317		 Val Loss: 1.323738716744088
             	Training MAE: 0.05538308247923851		 Val MAE: 0.07917314022779465
             	Algebraic dist: 0.3224852048433744		 Val Algebraic dist: 0.5154768969561603
             	RE1 dist: 0.09609002333420974		 Val RE1 dist: 0.4290255726994695
             	SED dist: 0.42741021376389726		 Val SED dist: 2.571464744774071



################
Empty points at eating_x2



################
Empty points at eating_x2


Epoch 9183/16000: Training Loss: 0.15021021916316105		 Val Loss: 1.5432799055769637
             	Training MAE: 0.05693395808339119		 Val MAE: 0.08148632943630219
             	Algebraic dist: 0.23411345848670373		 Val Algebraic dist: 0.6220791275436813
             	RE1 dist: 0.05052583767817571		 Val RE1 dist: 0.5026316256136507
             	SED dist: 0.2470944037804237		 Val SED dist: 3.0066169532569678



################
Empty points at treeflight_augmented0_x2



################
Empty points at eating_x2


Epoch 9184/16000: Training Loss: 0.21436299544114332		 Val Loss: 1.4082144659918707
             	Training MAE: 0.05875871703028679		 Val MAE: 0.09049791842699051
             	Algebraic dist: 0.29983499967134913		 Val Algebraic dist: 0.6813234380773596
             	RE1 dist: 0.07838694499089167		 Val RE1 dist: 0.4578046025456609
             	SED dist: 0.37439481295072113		 Val SED dist: 2.7146897187104098



################
Empty points at treeflight_augmented0_x2



################
Empty points at treeflight_augmented0_x2



################
Empty points at treeflight_augmented0_x2


Epoch 9185/16000: Training Loss: 0.4263575333815355		 Val Loss: 1.706029531118032
             	Training MAE: 0.06202298030257225		 Val MAE: 0.07659605145454407
             	Algebraic dist: 0.4210627629206731		 Val Algebraic dist: 0.5603255710086307
             	RE1 dist: 0.1789035650400015		 Val RE1 dist: 0.5714985099998681
             	SED dist: 0.7943913973294772		 Val SED dist: 3.3395264084274703



################
Empty points at eating_x2



################
Empty points at eating_x2


Epoch 9186/16000: Training Loss: 0.25279863797701324		 Val Loss: 1.7197535746806376
             	Training MAE: 0.05865558981895447		 Val MAE: 0.0601283423602581
             	Algebraic dist: 0.3333534827599159		 Val Algebraic dist: 0.729911030949773
             	RE1 dist: 0.10085328909067007		 Val RE1 dist: 0.6381796244028453
             	SED dist: 0.4514692746675931		 Val SED dist: 3.389455846838049



################
Empty points at eating_x2


Epoch 9187/16000: Training Loss: 0.15266923170823318		 Val Loss: 1.2644029565759607
             	Training MAE: 0.05684322118759155		 Val MAE: 0.07058165222406387
             	Algebraic dist: 0.23481534811166616		 Val Algebraic dist: 0.4909706631222287
             	RE1 dist: 0.05323609572190505		 Val RE1 dist: 0.40887394466915644
             	SED dist: 0.2535442352294922		 Val SED dist: 2.4628060830606



################
Empty points at treeflight_augmented0_x2



################
Empty points at eating_x2



################
Empty points at eating_x2



################
Empty points at eating_x2


Epoch 9188/16000: Training Loss: 0.12647263453556942		 Val Loss: 1.2089434443293392
             	Training MAE: 0.0571705587208271		 Val MAE: 0.06363081932067871
             	Algebraic dist: 0.20446448692908653		 Val Algebraic dist: 0.45452989114297404
             	RE1 dist: 0.0390718936920166		 Val RE1 dist: 0.3941794472771722
             	SED dist: 0.19976995908297024		 Val SED dist: 2.3629092654666386



################
Empty points at eating_x2


Epoch 9189/16000: Training Loss: 0.2465045928955078		 Val Loss: 1.6381155477987754
             	Training MAE: 0.05846964195370674		 Val MAE: 0.05474603548645973
             	Algebraic dist: 0.3060560960036058		 Val Algebraic dist: 0.7664662438469965
             	RE1 dist: 0.09046856806828425		 Val RE1 dist: 0.6080071732804582
             	SED dist: 0.4384679354154147		 Val SED dist: 3.235208253602724



################
Empty points at treeflight_augmented0_x2



################
Empty points at treeflight_augmented0_x2


Epoch 9190/16000: Training Loss: 0.3050801790677584		 Val Loss: 1.7258883295832455
             	Training MAE: 0.05750299245119095		 Val MAE: 0.057446014136075974
             	Algebraic dist: 0.35357381380521336		 Val Algebraic dist: 0.567700566472234
             	RE1 dist: 0.12714541508601263		 Val RE1 dist: 0.6062164822140256
             	SED dist: 0.5575665400578426		 Val SED dist: 3.405764811747783


Epoch 9191/16000: Training Loss: 0.14916534423828126		 Val Loss: 1.2716198483028927
             	Training MAE: 0.05643231049180031		 Val MAE: 0.05913819372653961
             	Algebraic dist: 0.23904938331017128		 Val Algebraic dist: 0.4823547053981472
             	RE1 dist: 0.05160361436697153		 Val RE1 dist: 0.4333949733424831
             	SED dist: 0.24693591778094953		 Val SED dist: 2.4956001075538428



################
Empty points at treeflight_augmented0_x2


Epoch 9192/16000: Training Loss: 0.15656983302189753		 Val Loss: 1.3368381809543919
             	Training MAE: 0.0561952218413353		 Val MAE: 0.060354460030794144
             	Algebraic dist: 0.2442776166475736		 Val Algebraic dist: 0.4948508803908889
             	RE1 dist: 0.053484483865591195		 Val RE1 dist: 0.4498923018171981
             	SED dist: 0.26253433227539064		 Val SED dist: 2.6228734609243034


Epoch 9193/16000: Training Loss: 0.17461392329289363		 Val Loss: 1.4920700691841744
             	Training MAE: 0.056402537971735		 Val MAE: 0.06636243313550949
             	Algebraic dist: 0.2582837911752554		 Val Algebraic dist: 0.5627502750706028
             	RE1 dist: 0.0605532352740948		 Val RE1 dist: 0.49851206186655406
             	SED dist: 0.2978714869572566		 Val SED dist: 2.92986874967008



################
Empty points at treeflight_augmented0_x2



################
Empty points at eating_x2


Epoch 9194/16000: Training Loss: 0.1314725582416241		 Val Loss: 1.241675093367293
             	Training MAE: 0.05675636976957321		 Val MAE: 0.06701058149337769
             	Algebraic dist: 0.21258164919339695		 Val Algebraic dist: 0.4708505578943201
             	RE1 dist: 0.04199713560251089		 Val RE1 dist: 0.40228647799105255
             	SED dist: 0.21125445732703577		 Val SED dist: 2.425395037676837



################
Empty points at treeflight_augmented0_x2


Epoch 9195/16000: Training Loss: 0.2320527590238131		 Val Loss: 1.4603918951910895
             	Training MAE: 0.05836986005306244		 Val MAE: 0.05115869641304016
             	Algebraic dist: 0.29913632319523736		 Val Algebraic dist: 0.5880890923577387
             	RE1 dist: 0.08364089085505559		 Val RE1 dist: 0.5309917346851246
             	SED dist: 0.41063153193547175		 Val SED dist: 2.888485470333615



################
Empty points at treeflight_augmented0_x2



################
Empty points at eating_x2


Epoch 9196/16000: Training Loss: 0.18947976919320914		 Val Loss: 1.4252628635715794
             	Training MAE: 0.05645468086004257		 Val MAE: 0.05958917737007141
             	Algebraic dist: 0.278335688664363		 Val Algebraic dist: 0.5478500675510716
             	RE1 dist: 0.06903660113994892		 Val RE1 dist: 0.48283530570365285
             	SED dist: 0.3290110367995042		 Val SED dist: 2.7998337616791598


Epoch 9197/16000: Training Loss: 0.3299474276029147		 Val Loss: 1.8666247806033573
             	Training MAE: 0.05977889895439148		 Val MAE: 0.06370656937360764
             	Algebraic dist: 0.3909580230712891		 Val Algebraic dist: 0.640861768980284
             	RE1 dist: 0.1341981447660006		 Val RE1 dist: 0.6753930787782412
             	SED dist: 0.6063542879544772		 Val SED dist: 3.6760501346072636


Epoch 9198/16000: Training Loss: 0.17454640315129208		 Val Loss: 1.4273675454629433
             	Training MAE: 0.058480773121118546		 Val MAE: 0.06131823733448982
             	Algebraic dist: 0.26178136972280647		 Val Algebraic dist: 0.6593436163824957
             	RE1 dist: 0.06212436235868014		 Val RE1 dist: 0.5039590887121252
             	SED dist: 0.2966016622690054		 Val SED dist: 2.8045509956978463


Epoch 9199/16000: Training Loss: 0.2833034221942608		 Val Loss: 1.8411399222709037
             	Training MAE: 0.058869872242212296		 Val MAE: 0.058061398565769196
             	Algebraic dist: 0.3506375239445613		 Val Algebraic dist: 0.6029829076818518
             	RE1 dist: 0.11145801544189453		 Val RE1 dist: 0.6628277752850507
             	SED dist: 0.5135042043832633		 Val SED dist: 3.6344047752586572



################
Empty points at treeflight_augmented0_x2



################
Empty points at eating_x2


Epoch 9200/16000: Training Loss: 0.21615443596473108		 Val Loss: 1.887748924461571
             	Training MAE: 0.05601916462182999		 Val MAE: 0.05664147064089775
             	Algebraic dist: 0.30920146061823917		 Val Algebraic dist: 0.6626390508703284
             	RE1 dist: 0.084522584768442		 Val RE1 dist: 0.6951184659390837
             	SED dist: 0.38241850046011117		 Val SED dist: 3.729642713392103



################
Empty points at eating_x2


Epoch 9201/16000: Training Loss: 0.23759256509634163		 Val Loss: 2.034479295885241
             	Training MAE: 0.0566537007689476		 Val MAE: 0.06354227662086487
             	Algebraic dist: 0.31807987506573016		 Val Algebraic dist: 0.6923439953778241
             	RE1 dist: 0.09469900864821214		 Val RE1 dist: 0.7010063996186128
             	SED dist: 0.42467988821176383		 Val SED dist: 4.009157747835727


Epoch 9202/16000: Training Loss: 0.22579969259408805		 Val Loss: 1.5001079456226245
             	Training MAE: 0.056574780493974686		 Val MAE: 0.058319225907325745
             	Algebraic dist: 0.3060745826134315		 Val Algebraic dist: 0.5209401620400919
             	RE1 dist: 0.08648833494919997		 Val RE1 dist: 0.53378929962983
             	SED dist: 0.39989398075984073		 Val SED dist: 2.9549430640968115



################
Empty points at treeflight_augmented0_x2


Epoch 9203/16000: Training Loss: 0.13996361952561598		 Val Loss: 1.639458939835832
             	Training MAE: 0.05623423308134079		 Val MAE: 0.07895404100418091
             	Algebraic dist: 0.2231144538292518		 Val Algebraic dist: 0.6056498965701541
             	RE1 dist: 0.04631703816927396		 Val RE1 dist: 0.5252469037030194
             	SED dist: 0.22858569805438703		 Val SED dist: 3.2020554413666598



################
Empty points at treeflight_augmented0_x2


Epoch 9204/16000: Training Loss: 0.26783121549166167		 Val Loss: 1.5446956737621411
             	Training MAE: 0.05929064378142357		 Val MAE: 0.0659429281949997
             	Algebraic dist: 0.3342828310452975		 Val Algebraic dist: 0.544963888219885
             	RE1 dist: 0.10279695804302509		 Val RE1 dist: 0.5350795436549831
             	SED dist: 0.4824102548452524		 Val SED dist: 3.0290795403557853


Epoch 9205/16000: Training Loss: 0.1654077676626352		 Val Loss: 1.5509803359572951
             	Training MAE: 0.05615787208080292		 Val MAE: 0.062263231724500656
             	Algebraic dist: 0.25519649799053484		 Val Algebraic dist: 0.5509949761468012
             	RE1 dist: 0.05820855727562538		 Val RE1 dist: 0.5260904672983531
             	SED dist: 0.27911629310021036		 Val SED dist: 3.047601854478991



################
Empty points at treeflight_augmented0_x2



################
Empty points at eating_x2


Epoch 9206/16000: Training Loss: 0.1755347178532527		 Val Loss: 1.3285648242847339
             	Training MAE: 0.05590719357132912		 Val MAE: 0.05813216045498848
             	Algebraic dist: 0.25865399287297175		 Val Algebraic dist: 0.4800062952814875
             	RE1 dist: 0.06201172608595628		 Val RE1 dist: 0.4477060678842905
             	SED dist: 0.3004068814791166		 Val SED dist: 2.6113759633657097



################
Empty points at eating_x2


Epoch 9207/16000: Training Loss: 0.24563765892615685		 Val Loss: 1.6572231602024388
             	Training MAE: 0.05740879476070404		 Val MAE: 0.06700926274061203
             	Algebraic dist: 0.3091666588416466		 Val Algebraic dist: 0.5895372339197107
             	RE1 dist: 0.09441542258629432		 Val RE1 dist: 0.585901672775681
             	SED dist: 0.43845848670372595		 Val SED dist: 3.2563853908229516



################
Empty points at treeflight_augmented0_x2


Epoch 9208/16000: Training Loss: 0.16951954181377704		 Val Loss: 1.4643333022658889
             	Training MAE: 0.05575838312506676		 Val MAE: 0.06319773942232132
             	Algebraic dist: 0.26168843782865087		 Val Algebraic dist: 0.5120619696539801
             	RE1 dist: 0.06099815735450158		 Val RE1 dist: 0.4932861328125
             	SED dist: 0.29010860736553484		 Val SED dist: 2.8783227044182853


