Tue 03 Dec 2024 18:40:18 IST

SLURM_JOBID:		 1736506
SLURM_JOB_NODELIST:	 ise-4090-04 


/home/alonkay/.conda/envs/alon_env/lib/python3.9/site-packages/transformers/utils/generic.py:260: FutureWarning: `torch.utils._pytree._register_pytree_node` is deprecated. Please use `torch.utils._pytree.register_pytree_node` instead.
  torch.utils._pytree._register_pytree_node(
/home/alonkay/.conda/envs/alon_env/lib/python3.9/site-packages/huggingface_hub/file_download.py:797: FutureWarning: `resume_download` is deprecated and will be removed in version 1.0.0. Downloads always resume when possible. If you want to force a new download, use `force_download=True`.
  warnings.warn(
/cs_storage/alonkay/Thesis/FMatrixRegressor.py:332: FutureWarning: You are using `torch.load` with `weights_only=False` (the current default value), which uses the default pickle module implicitly. It is possible to construct malicious pickle data which will execute arbitrary code during unpickling (See https://github.com/pytorch/pytorch/blob/main/SECURITY.md#untrusted-models for more details). In a future release, the default value for `weights_only` will be flipped to `True`. This limits the functions that could be executed during unpickling. Arbitrary objects will no longer be allowed to be loaded via this mode unless they are explicitly allowlisted by the user via `torch.serialization.add_safe_globals`. We recommend you start setting `weights_only=True` for any use case where you don't have full control of the loaded file. Please open an issue on GitHub for any issues related to this experimental feature.
  checkpoint = torch.load(model_path, map_location='cpu')
###########################################################################################################################################################

__fresh_MLP_CONV learning rate: 0.0001, mlp_hidden_sizes: [1024, 512], jump_frames: 6, use_reconstruction_layer: True
batch_size: 8, norm: True, train_seqeunces: [0, 2, 3, 5], val_sequences: [6, 7, 8], RL_TEST_NAMES: ['fe2fadf89a84e92a', 'f01e8b6f8e10fdd9', 'f1ee9dc6135e5307', 'a41df4fa06fd391b', 'bc0ebb7482f14795', '9bdd34e784c04e3a', '98ebee1c36ecec55'], dataset: Kitti2Sceneflow,
average embeddings: False, model: microsoft/resnet-152, augmentation: True, random crop: True, part: tail, get_old_path: False,
RE1 coeff: 0 SED coeff: 0.5, ALG_COEFF: 0, L2_coeff: 1, huber_coeff: 1, frozen layers: 0, trained vit: None,
crop: 224 resize: 256, use conv: True pretrained: None, train_size: 1, norm_mean: tensor([0.5000, 0.5000, 0.5000], device='cuda:0'), norm_std: tensor([0.5000, 0.5000, 0.5000], device='cuda:0'), sched: None seed: 42, 


train size: 1035, val size: 293, test size: 375


##### CONTINUE TRAINING #####



################
Empty points at eating_x2


Epoch 6648/16000: Training Loss: 1.2132041344275841		 Val Loss: 3.4152613459406673
             	Training MAE: 0.32974973320961		 Val MAE: 0.31628701090812683
             	Algebraic dist: 0.3610268812913161		 Val Algebraic dist: 0.2457730061299092
             	RE1 dist: 0.16349664834829478		 Val RE1 dist: 0.09487081218410183
             	SED dist: 1.5371935330904447		 Val SED dist: 5.9980844033731


Epoch 6649/16000: Training Loss: 0.7260598989633413		 Val Loss: 3.264580391548775
             	Training MAE: 0.3288242518901825		 Val MAE: 0.31908324360847473
             	Algebraic dist: 0.1905030764066256		 Val Algebraic dist: 0.3149852237185916
             	RE1 dist: 0.0423913992368258		 Val RE1 dist: 0.11250181455869933
             	SED dist: 0.5714265676645133		 Val SED dist: 5.683123614336993



################
Empty points at treeflight_augmented0_x2



################
Empty points at eating_x2


Epoch 6650/16000: Training Loss: 0.9913387592022236		 Val Loss: 3.10028736011402
             	Training MAE: 0.32900679111480713		 Val MAE: 0.3207733631134033
             	Algebraic dist: 0.2774419931265024		 Val Algebraic dist: 0.2573336781682195
             	RE1 dist: 0.0890436759361854		 Val RE1 dist: 0.1305056262660671
             	SED dist: 1.1002657376802885		 Val SED dist: 5.349349150786528


Epoch 6651/16000: Training Loss: 0.7926224341759315		 Val Loss: 3.3907740824931376
             	Training MAE: 0.3295428156852722		 Val MAE: 0.3191710114479065
             	Algebraic dist: 0.22395822084867037		 Val Algebraic dist: 0.3121554400469806
             	RE1 dist: 0.055860680800217846		 Val RE1 dist: 0.12911537531259898
             	SED dist: 0.7012779235839843		 Val SED dist: 5.938071998389992



################
Empty points at treeflight_augmented0_x2



################
Empty points at treeflight_augmented0_x2


Epoch 6652/16000: Training Loss: 0.7562309852013221		 Val Loss: 2.9554459855363175
             	Training MAE: 0.329876184463501		 Val MAE: 0.31759965419769287
             	Algebraic dist: 0.20931666447566105		 Val Algebraic dist: 0.28804487795443146
             	RE1 dist: 0.04846351330096905		 Val RE1 dist: 0.10316571029456886
             	SED dist: 0.6267012376051683		 Val SED dist: 5.0728730897645695


