Thu 19 Dec 2024 17:11:25 IST

SLURM_JOBID:		 1979269
SLURM_JOB_NODELIST:	 ise-4090-07 


/home/alonkay/.conda/envs/alon_env/lib/python3.9/site-packages/transformers/utils/generic.py:260: FutureWarning: `torch.utils._pytree._register_pytree_node` is deprecated. Please use `torch.utils._pytree.register_pytree_node` instead.
  torch.utils._pytree._register_pytree_node(
/home/alonkay/.conda/envs/alon_env/lib/python3.9/site-packages/huggingface_hub/file_download.py:797: FutureWarning: `resume_download` is deprecated and will be removed in version 1.0.0. Downloads always resume when possible. If you want to force a new download, use `force_download=True`.
  warnings.warn(

###########################################################################################################################################################

__2 learning rate: 0.0001, mlp_hidden_sizes: [1024, 512], jump_frames: 6, use_reconstruction_layer: True
batch_size: 8, norm: True, train_seqeunces: [0, 2, 3, 5], val_sequences: [6, 7, 8], RL_TEST_NAMES: ['fe2fadf89a84e92a', 'f01e8b6f8e10fdd9', 'f1ee9dc6135e5307', 'a41df4fa06fd391b', 'bc0ebb7482f14795', '9bdd34e784c04e3a', '98ebee1c36ecec55'], dataset: Flying,
average embeddings: False, model: microsoft/resnet-152, augmentation: True, random crop: True, part: head, get_old_path: False, computer: 1,
RE1 coeff: 0 SED coeff: 0.5, ALG_COEFF: 0, L2_coeff: 1, huber_coeff: 1, frozen layers: 0, trained vit: None,
crop: 224 resize: 256, use conv: True pretrained: None, train_size: 9, norm_mean: tensor([0.5000, 0.5000, 0.5000], device='cuda:0'), norm_std: tensor([0.5000, 0.5000, 0.5000], device='cuda:0'), sched: None seed: 300

train size: 90, val size: 196, test size: 968

algebraic_truth: 0.003927437278131644		 val_algebraic_truth: 0.0052371048927307125
RE1_truth: 1.565598601397748e-05		 val_RE1_truth: 2.534757601097226e-05
SED_truth: 0.00012522103497758508		 val_SED_truth: 0.00020279718562960625

Epoch 1/45000: Training Loss: 1968.3533528645833		 Val Loss: 270.0454296875
             	Training MAE: 0.3559412956237793		 Val MAE: 0.3747553825378418
             	Algebraic dist: 2891.8798828125		 Val Algebraic dist: 1634.24453125
             	RE1 dist: 13236290.666666666		 Val RE1 dist: 2089210.08
             	SED dist: 3936.060546875		 Val SED dist: 539.3723046875

Epoch 2/45000: Training Loss: 76.83314005533855		 Val Loss: 39.71311767578125
             	Training MAE: 0.39000561833381653		 Val MAE: 0.3994154930114746
             	Algebraic dist: 684.1524251302084		 Val Algebraic dist: 390.6596875
             	RE1 dist: 490030.5		 Val RE1 dist: 181078.28
             	SED dist: 152.8763427734375		 Val SED dist: 78.5945458984375

Epoch 3/45000: Training Loss: 20.61382293701172		 Val Loss: 31.45483154296875
             	Training MAE: 0.3937548100948334		 Val MAE: 0.3898192346096039
             	Algebraic dist: 277.66684977213544		 Val Algebraic dist: 264.06111328125
             	RE1 dist: 76232.36458333333		 Val RE1 dist: 113962.93
             	SED dist: 40.41706339518229		 Val SED dist: 62.11435546875

Epoch 4/45000: Training Loss: 12.295873006184896		 Val Loss: 27.087314453125
             	Training MAE: 0.3916333019733429		 Val MAE: 0.39181047677993774
             	Algebraic dist: 188.47684733072916		 Val Algebraic dist: 228.6411328125
             	RE1 dist: 34548.619791666664		 Val RE1 dist: 92545.31
             	SED dist: 23.78557586669922		 Val SED dist: 53.3687841796875

Epoch 5/45000: Training Loss: 16.083091735839844		 Val Loss: 27.15634521484375
             	Training MAE: 0.39190107583999634		 Val MAE: 0.39298173785209656
             	Algebraic dist: 208.60489908854166		 Val Algebraic dist: 238.71751953125
             	RE1 dist: 40876.666666666664		 Val RE1 dist: 97745.01
             	SED dist: 31.35900370279948		 Val SED dist: 53.498876953125

Epoch 6/45000: Training Loss: 13.103080749511719		 Val Loss: 29.87086669921875
             	Training MAE: 0.3950822651386261		 Val MAE: 0.3941192328929901
             	Algebraic dist: 201.9795125325521		 Val Algebraic dist: 232.3025
             	RE1 dist: 38183.033854166664		 Val RE1 dist: 99041.6
             	SED dist: 25.375823974609375		 Val SED dist: 58.907275390625

Epoch 7/45000: Training Loss: 12.682777404785156		 Val Loss: 32.5530859375
             	Training MAE: 0.395078182220459		 Val MAE: 0.3965458273887634
             	Algebraic dist: 186.78851318359375		 Val Algebraic dist: 257.50451171875
             	RE1 dist: 33156.239583333336		 Val RE1 dist: 109193.62
             	SED dist: 24.522384643554688		 Val SED dist: 64.2572705078125

Epoch 8/45000: Training Loss: 12.205000559488932		 Val Loss: 28.79819091796875
             	Training MAE: 0.39527082443237305		 Val MAE: 0.3953656852245331
             	Algebraic dist: 184.5105997721354		 Val Algebraic dist: 225.7539453125
             	RE1 dist: 32642.833333333332		 Val RE1 dist: 91574.31
             	SED dist: 23.564783732096355		 Val SED dist: 56.7504248046875

Epoch 9/45000: Training Loss: 11.761642456054688		 Val Loss: 27.7665087890625
             	Training MAE: 0.3950309753417969		 Val MAE: 0.39580094814300537
             	Algebraic dist: 174.36759440104166		 Val Algebraic dist: 225.95705078125
             	RE1 dist: 30487.8125		 Val RE1 dist: 93114.49
             	SED dist: 22.67651112874349		 Val SED dist: 54.685927734375

Epoch 10/45000: Training Loss: 11.524253845214844		 Val Loss: 26.91623046875
             	Training MAE: 0.39676010608673096		 Val MAE: 0.39631807804107666
             	Algebraic dist: 176.05914306640625		 Val Algebraic dist: 242.1624609375
             	RE1 dist: 30299.2578125		 Val RE1 dist: 87918.62
             	SED dist: 22.19323221842448		 Val SED dist: 52.9772802734375

Epoch 11/45000: Training Loss: 11.875893910725912		 Val Loss: 27.3271435546875
             	Training MAE: 0.39615774154663086		 Val MAE: 0.3958666920661926
             	Algebraic dist: 185.2139892578125		 Val Algebraic dist: 227.19267578125
             	RE1 dist: 33396.536458333336		 Val RE1 dist: 92960.95
             	SED dist: 22.89904276529948		 Val SED dist: 53.7994384765625

Epoch 12/45000: Training Loss: 10.812971750895182		 Val Loss: 29.231845703125
             	Training MAE: 0.39621278643608093		 Val MAE: 0.3968544006347656
             	Algebraic dist: 175.41455078125		 Val Algebraic dist: 241.12947265625
             	RE1 dist: 31541.833333333332		 Val RE1 dist: 104408.77
             	SED dist: 20.769481658935547		 Val SED dist: 57.605615234375

