Thu 19 Dec 2024 17:14:35 IST

SLURM_JOBID:		 1979272
SLURM_JOB_NODELIST:	 ise-cpu256-10 


/home/alonkay/.conda/envs/alon_env/lib/python3.9/site-packages/transformers/utils/generic.py:260: FutureWarning: `torch.utils._pytree._register_pytree_node` is deprecated. Please use `torch.utils._pytree.register_pytree_node` instead.
  torch.utils._pytree._register_pytree_node(
/home/alonkay/.conda/envs/alon_env/lib/python3.9/site-packages/huggingface_hub/file_download.py:797: FutureWarning: `resume_download` is deprecated and will be removed in version 1.0.0. Downloads always resume when possible. If you want to force a new download, use `force_download=True`.
  warnings.warn(

###########################################################################################################################################################

__2 learning rate: 0.0001, mlp_hidden_sizes: [1024, 512], jump_frames: 6, use_reconstruction_layer: True
batch_size: 8, norm: True, train_seqeunces: [0, 2, 3, 5], val_sequences: [6, 7, 8], RL_TEST_NAMES: ['fe2fadf89a84e92a', 'f01e8b6f8e10fdd9', 'f1ee9dc6135e5307', 'a41df4fa06fd391b', 'bc0ebb7482f14795', '9bdd34e784c04e3a', '98ebee1c36ecec55'], dataset: Flying,
average embeddings: False, model: microsoft/resnet-152, augmentation: True, random crop: True, part: head, get_old_path: False, computer: 1,
RE1 coeff: 0 SED coeff: 0.5, ALG_COEFF: 0, L2_coeff: 1, huber_coeff: 1, frozen layers: 0, trained vit: None,
crop: 224 resize: 256, use conv: True pretrained: None, train_size: 150, norm_mean: tensor([0.5000, 0.5000, 0.5000], device='cuda:0'), norm_std: tensor([0.5000, 0.5000, 0.5000], device='cuda:0'), sched: None seed: 42

train size: 1472, val size: 361, test size: 968

algebraic_truth: 0.00432903449172559		 val_algebraic_truth: 0.005182356614133586
RE1_truth: 1.9154834065019436e-05		 val_RE1_truth: 2.48456338380018e-05
SED_truth: 0.00015318836085498333		 val_SED_truth: 0.00019872589441745177

Epoch 1/8000: Training Loss: 7349.691576086957		 Val Loss: 97.81188434103261
             	Training MAE: 0.3312388062477112		 Val MAE: 0.32189592719078064
             	Algebraic dist: 1283.0371942934783		 Val Algebraic dist: 16.97294284986413
             	RE1 dist: 9406694.956521738		 Val RE1 dist: 298.34341032608694
             	SED dist: 14698.407608695652		 Val SED dist: 194.65523097826087

Epoch 2/8000: Training Loss: 41.00153914741848		 Val Loss: 30.463230298913043
             	Training MAE: 0.33786287903785706		 Val MAE: 0.3529079854488373
             	Algebraic dist: 31.97836967136549		 Val Algebraic dist: 49.187202785326086
             	RE1 dist: 1562.030910326087		 Val RE1 dist: 4731.218410326087
             	SED dist: 80.9994586447011		 Val SED dist: 59.90247112771739

