Wed 25 Dec 2024 10:10:19 IST

SLURM_JOBID:		 2098569
SLURM_JOB_NODELIST:	 cs-4090-09 


/home/alonkay/.conda/envs/alon_env/lib/python3.9/site-packages/transformers/utils/generic.py:260: FutureWarning: `torch.utils._pytree._register_pytree_node` is deprecated. Please use `torch.utils._pytree.register_pytree_node` instead.
  torch.utils._pytree._register_pytree_node(
/home/alonkay/.conda/envs/alon_env/lib/python3.9/site-packages/huggingface_hub/file_download.py:797: FutureWarning: `resume_download` is deprecated and will be removed in version 1.0.0. Downloads always resume when possible. If you want to force a new download, use `force_download=True`.
  warnings.warn(

###########################################################################################################################################################

__Max learning rate: 0.0001, mlp_hidden_sizes: [1024, 512], jump_frames: 6, use_reconstruction_layer: True
batch_size: 8, norm: True, train_seqeunces: [0, 2, 3, 5], val_sequences: [6, 7, 8], RL_TEST_NAMES: ['fe2fadf89a84e92a', 'f01e8b6f8e10fdd9', 'f1ee9dc6135e5307', 'a41df4fa06fd391b', 'bc0ebb7482f14795', '9bdd34e784c04e3a', '98ebee1c36ecec55'], dataset: Stereo,
average embeddings: False, model: microsoft/resnet-152, augmentation: True, random crop: True, part: head, get_old_path: False, computer: 1,
RE1 coeff: 0 SED coeff: 0.5, ALG_COEFF: 0, L2_coeff: 1, huber_coeff: 1, frozen layers: 0, trained vit: None,
crop: 224 resize: 256, use conv: True pretrained: None, train_size: 0.2, norm_mean: tensor([0.5000, 0.5000, 0.5000], device='cuda:0'), norm_std: tensor([0.5000, 0.5000, 0.5000], device='cuda:0'), sched: None seed: 42

train size: 2166, val size: 736, test size: 1064

algebraic_truth: 0.016706028547674088		 val_algebraic_truth: 0.017123397277749104
RE1_truth: 0.00018768878550547076		 val_RE1_truth: 0.0001991216660193775
SED_truth: 0.0015014910390016337		 val_SED_truth: 0.0015927946761898372

Epoch 1/4500: Training Loss: 146.0383129612546		 Val Loss: 3.3883232448412026
             	Training MAE: 0.3745107352733612		 Val MAE: 0.3649613559246063
             	Algebraic dist: 238.73849746309963		 Val Algebraic dist: 93.38976520040761
             	RE1 dist: 1159490.8339483396		 Val RE1 dist: 8155.148097826087
             	SED dist: 291.205863699262		 Val SED dist: 6.112096371858017

Epoch 2/4500: Training Loss: 2.7295784475178735		 Val Loss: 2.7563445049783457
             	Training MAE: 0.306277871131897		 Val MAE: 0.24401995539665222
             	Algebraic dist: 88.02825184501845		 Val Algebraic dist: 91.79380731997283
             	RE1 dist: 8598.137453874539		 Val RE1 dist: 9328.610733695652
             	SED dist: 5.002735996598247		 Val SED dist: 5.192725803541101

Epoch 3/4500: Training Loss: 2.6311753614362314		 Val Loss: 3.3870852926503057
             	Training MAE: 0.2289043664932251		 Val MAE: 0.2174217849969864
             	Algebraic dist: 86.20855915590406		 Val Algebraic dist: 114.13731317934783
             	RE1 dist: 8313.236162361623		 Val RE1 dist: 11610.44429347826
             	SED dist: 4.962995127998155		 Val SED dist: 6.485575800356657


################
Empty points at 02


Epoch 4/4500: Training Loss: 2.676085524893335		 Val Loss: 2.760291389797045
             	Training MAE: 0.2211141437292099		 Val MAE: 0.2158377468585968
             	Algebraic dist: 87.25085043819188		 Val Algebraic dist: 91.77867060122283
             	RE1 dist: 8498.2536900369		 Val RE1 dist: 10172.877038043478
             	SED dist: 5.073930916311117		 Val SED dist: 5.25574427065642

Epoch 5/4500: Training Loss: 2.51588580705143		 Val Loss: 3.17358862835428
             	Training MAE: 0.20973815023899078		 Val MAE: 0.2168506234884262
             	Algebraic dist: 81.75016576337639		 Val Algebraic dist: 95.83885657269022
             	RE1 dist: 7640.421125461255		 Val RE1 dist: 11557.838315217392
             	SED dist: 4.779093724775138		 Val SED dist: 6.100217736285666

Epoch 6/4500: Training Loss: 2.8442252183752306		 Val Loss: 3.3231420102326767
             	Training MAE: 0.20672456920146942		 Val MAE: 0.21141386032104492
             	Algebraic dist: 87.22802554197418		 Val Algebraic dist: 103.10049040421195
             	RE1 dist: 8492.871771217711		 Val RE1 dist: 13736.478260869566
             	SED dist: 5.4531195946725095		 Val SED dist: 6.410167528235394

Epoch 7/4500: Training Loss: 2.5941468411266144		 Val Loss: 4.374408887780231
             	Training MAE: 0.1964825689792633		 Val MAE: 0.19981767237186432
             	Algebraic dist: 82.72248327952029		 Val Algebraic dist: 122.71474821671195
             	RE1 dist: 7778.545202952029		 Val RE1 dist: 12797.078804347826
             	SED dist: 4.971742299210102		 Val SED dist: 8.53234000827955

Epoch 8/4500: Training Loss: 2.476496284738238		 Val Loss: 3.48383032757303
             	Training MAE: 0.19039671123027802		 Val MAE: 0.16865117847919464
             	Algebraic dist: 77.3483769603321		 Val Algebraic dist: 104.56804093070652
             	RE1 dist: 6810.3948339483395		 Val RE1 dist: 14358.004076086956
             	SED dist: 4.752093213070802		 Val SED dist: 6.781620191491169

Epoch 9/4500: Training Loss: 2.1847694087292435		 Val Loss: 3.35943139117697
             	Training MAE: 0.1773895025253296		 Val MAE: 0.18335974216461182
             	Algebraic dist: 69.17670375922509		 Val Algebraic dist: 83.46716839334239
             	RE1 dist: 5581.788745387454		 Val RE1 dist: 8234.617527173914
             	SED dist: 4.189617987488469		 Val SED dist: 6.5448130731997285


################
Empty points at 02


Epoch 10/4500: Training Loss: 2.241287287750807		 Val Loss: 2.790817924167799
             	Training MAE: 0.1713573932647705		 Val MAE: 0.16169248521327972
             	Algebraic dist: 68.27354560654982		 Val Algebraic dist: 81.8527248216712
             	RE1 dist: 5404.529981549816		 Val RE1 dist: 7379.688858695652
             	SED dist: 4.315883284565268		 Val SED dist: 5.420552792756454


################
Empty points at 02


Epoch 11/4500: Training Loss: 2.024864956901522		 Val Loss: 3.870202769403872
             	Training MAE: 0.16561123728752136		 Val MAE: 0.1632874310016632
             	Algebraic dist: 62.20355021909594		 Val Algebraic dist: 104.00983992866848
             	RE1 dist: 4523.383302583025		 Val RE1 dist: 14888.26222826087
             	SED dist: 3.8937650448281826		 Val SED dist: 7.582198433254076

Epoch 12/4500: Training Loss: 2.205570460245618		 Val Loss: 2.7558960292650307
             	Training MAE: 0.16517674922943115		 Val MAE: 0.15598970651626587
             	Algebraic dist: 64.47455171817343		 Val Algebraic dist: 79.31955884850544
             	RE1 dist: 4912.134225092251		 Val RE1 dist: 6511.701086956522
             	SED dist: 4.258398077144834		 Val SED dist: 5.368067865786345

Epoch 13/4500: Training Loss: 2.0437036493167664		 Val Loss: 3.4907438858695654
             	Training MAE: 0.15751425921916962		 Val MAE: 0.16234077513217926
             	Algebraic dist: 58.684692833256456		 Val Algebraic dist: 85.50753120754077
             	RE1 dist: 4068.867619926199		 Val RE1 dist: 7312.010869565217
             	SED dist: 3.9455715052755997		 Val SED dist: 6.829575248386549


################
Empty points at 02


Epoch 14/4500: Training Loss: 2.120595108538976		 Val Loss: 2.5453880973484204
             	Training MAE: 0.15880291163921356		 Val MAE: 0.1449565887451172
             	Algebraic dist: 59.13652776176199		 Val Algebraic dist: 64.23329759680706
             	RE1 dist: 4113.145756457565		 Val RE1 dist: 4873.899796195652
             	SED dist: 4.097597241841559		 Val SED dist: 4.968348295792289

Epoch 15/4500: Training Loss: 1.8890211942890913		 Val Loss: 3.2484117590862773
             	Training MAE: 0.1563296616077423		 Val MAE: 0.13735394179821014
             	Algebraic dist: 52.484612834409596		 Val Algebraic dist: 67.73202381963316
             	RE1 dist: 3303.2613007380073		 Val RE1 dist: 4670.571671195652
             	SED dist: 3.639086733884917		 Val SED dist: 6.38853587274966

Epoch 16/4500: Training Loss: 1.9295242140653828		 Val Loss: 3.0493658314580503
             	Training MAE: 0.15334635972976685		 Val MAE: 0.15711244940757751
             	Algebraic dist: 51.26561779289668		 Val Algebraic dist: 70.1476520040761
             	RE1 dist: 3103.8630073800737		 Val RE1 dist: 4412.429008152174
             	SED dist: 3.7248571191766606		 Val SED dist: 5.97094262164572

Epoch 17/4500: Training Loss: 1.7140403832016835		 Val Loss: 2.5041308195694634
             	Training MAE: 0.15208280086517334		 Val MAE: 0.13352376222610474
             	Algebraic dist: 46.44538096748155		 Val Algebraic dist: 59.07289720618206
             	RE1 dist: 2673.4377306273063		 Val RE1 dist: 3897.305706521739
             	SED dist: 3.2937865310049586		 Val SED dist: 4.907264377759851

Epoch 18/4500: Training Loss: 1.9424445233221863		 Val Loss: 2.813580388608186
             	Training MAE: 0.15265390276908875		 Val MAE: 0.13025790452957153
             	Algebraic dist: 49.25552784824723		 Val Algebraic dist: 65.30800462805706
             	RE1 dist: 2841.408671586716		 Val RE1 dist: 4637.063179347826
             	SED dist: 3.7500943680091097		 Val SED dist: 5.524560347847316


################
Empty points at 02


Epoch 19/4500: Training Loss: 1.7336696047624538		 Val Loss: 2.823577880859375
             	Training MAE: 0.15016068518161774		 Val MAE: 0.1300562471151352
             	Algebraic dist: 44.35219312154059		 Val Algebraic dist: 55.089302394701086
             	RE1 dist: 2415.804197416974		 Val RE1 dist: 3871.561141304348
             	SED dist: 3.3363019091616697		 Val SED dist: 5.556637639584749

Epoch 20/4500: Training Loss: 1.713834079869119		 Val Loss: 3.132861261782439
             	Training MAE: 0.14618991315364838		 Val MAE: 0.12556520104408264
             	Algebraic dist: 42.24376225207565		 Val Algebraic dist: 64.81987198539402
             	RE1 dist: 2162.990544280443		 Val RE1 dist: 3798.4864130434785
             	SED dist: 3.302150824852975		 Val SED dist: 6.175647238026494


################
Empty points at 02


Epoch 21/4500: Training Loss: 1.6390213069000807		 Val Loss: 2.953221196713655
             	Training MAE: 0.14569251239299774		 Val MAE: 0.14254379272460938
             	Algebraic dist: 40.01847540936347		 Val Algebraic dist: 57.06442128057065
             	RE1 dist: 1957.967020295203		 Val RE1 dist: 4437.417119565217
             	SED dist: 3.1525739268623156		 Val SED dist: 5.802761575450068

Epoch 22/4500: Training Loss: 1.5531363962321263		 Val Loss: 2.5555477971616
             	Training MAE: 0.1446293443441391		 Val MAE: 0.12691855430603027
             	Algebraic dist: 37.82218634686347		 Val Algebraic dist: 47.56064240828805
             	RE1 dist: 1768.7436577490776		 Val RE1 dist: 2504.9633152173915
             	SED dist: 2.9804478043559732		 Val SED dist: 5.029624275539232

Epoch 23/4500: Training Loss: 1.773679613627191		 Val Loss: 3.89677561884341
             	Training MAE: 0.14485278725624084		 Val MAE: 0.11579299718141556
             	Algebraic dist: 39.66938134225092		 Val Algebraic dist: 71.40501337466033
             	RE1 dist: 1938.7426199261993		 Val RE1 dist: 4121.4375
             	SED dist: 3.4236607850697647		 Val SED dist: 7.712026181428329


################
Empty points at 02


Epoch 24/4500: Training Loss: 1.6754579438494581		 Val Loss: 2.5786016713018003
             	Training MAE: 0.14186334609985352		 Val MAE: 0.12907499074935913
             	Algebraic dist: 37.58698613353321		 Val Algebraic dist: 45.03384001358695
             	RE1 dist: 1772.7098708487085		 Val RE1 dist: 2591.9624660326085
             	SED dist: 3.230989237992966		 Val SED dist: 5.075278240701427


################
Empty points at 02


Epoch 25/4500: Training Loss: 1.604390274554601		 Val Loss: 2.750127709430197
             	Training MAE: 0.13819101452827454		 Val MAE: 0.12254012376070023
             	Algebraic dist: 35.92240472209409		 Val Algebraic dist: 49.50937818444294
             	RE1 dist: 1580.3279520295202		 Val RE1 dist: 2617.7771739130435
             	SED dist: 3.094304496511762		 Val SED dist: 5.421390367590862

Epoch 26/4500: Training Loss: 1.432086902350957		 Val Loss: 2.4601851753566577
             	Training MAE: 0.13960139453411102		 Val MAE: 0.1419237107038498
             	Algebraic dist: 32.76043588560886		 Val Algebraic dist: 41.02243705417799
             	RE1 dist: 1352.1803505535056		 Val RE1 dist: 1682.1069972826087
             	SED dist: 2.7449563790071494		 Val SED dist: 4.822717417841372

Epoch 27/4500: Training Loss: 1.5146260279131112		 Val Loss: 2.6195144653320312
             	Training MAE: 0.1361967772245407		 Val MAE: 0.10462868958711624
             	Algebraic dist: 32.947330488929886		 Val Algebraic dist: 46.0302734375
             	RE1 dist: 1381.2968173431734		 Val RE1 dist: 2581.148777173913
             	SED dist: 2.914885911554428		 Val SED dist: 5.178061112113621

Epoch 28/4500: Training Loss: 1.4090685404534709		 Val Loss: 2.4344182221785835
             	Training MAE: 0.13546183705329895		 Val MAE: 0.11480055004358292
             	Algebraic dist: 30.774024878920663		 Val Algebraic dist: 41.1862501061481
             	RE1 dist: 1174.1406826568266		 Val RE1 dist: 1956.4038722826087
             	SED dist: 2.705167087681619		 Val SED dist: 4.803160957668139


################
Empty points at 02


Epoch 29/4500: Training Loss: 1.4382657547278597		 Val Loss: 2.4158408123513926
             	Training MAE: 0.13514520227909088		 Val MAE: 0.10971836000680923
             	Algebraic dist: 30.3988483048893		 Val Algebraic dist: 39.67382281759511
             	RE1 dist: 1137.1243081180812		 Val RE1 dist: 1670.6863111413043
             	SED dist: 2.7640270500605397		 Val SED dist: 4.771384861158288

Epoch 30/4500: Training Loss: 1.4041367421730857		 Val Loss: 2.959993777067765
             	Training MAE: 0.13489647209644318		 Val MAE: 0.11931692808866501
             	Algebraic dist: 29.211245603666974		 Val Algebraic dist: 47.12755816915761
             	RE1 dist: 1081.5950184501844		 Val RE1 dist: 2951.2224864130435
             	SED dist: 2.696177352398524		 Val SED dist: 5.8479766845703125

Epoch 31/4500: Training Loss: 1.3636160424714598		 Val Loss: 2.4546752597974693
             	Training MAE: 0.134262815117836		 Val MAE: 0.11899649351835251
             	Algebraic dist: 27.9095904923893		 Val Algebraic dist: 36.64211638077445
             	RE1 dist: 976.0938653136532		 Val RE1 dist: 1426.0208899456522
             	SED dist: 2.6161940458515915		 Val SED dist: 4.841880798339844

Epoch 32/4500: Training Loss: 1.3817111645237545		 Val Loss: 2.855676402216372
             	Training MAE: 0.13172326982021332		 Val MAE: 0.11006667464971542
             	Algebraic dist: 27.878443193611623		 Val Algebraic dist: 43.12514595363451
             	RE1 dist: 960.0238122693727		 Val RE1 dist: 1733.004585597826
             	SED dist: 2.6571812928822647		 Val SED dist: 5.650413844896399

Epoch 33/4500: Training Loss: 1.3187117347858048		 Val Loss: 3.8013468203337295
             	Training MAE: 0.13250574469566345		 Val MAE: 0.13134625554084778
             	Algebraic dist: 25.974717481549817		 Val Algebraic dist: 50.93364151664402
             	RE1 dist: 873.6314575645756		 Val RE1 dist: 3283.8223505434785
             	SED dist: 2.529633807080258		 Val SED dist: 7.516949197520381

Epoch 34/4500: Training Loss: 1.3888021659147256		 Val Loss: 2.615385138470194
             	Training MAE: 0.13350225985050201		 Val MAE: 0.10305935144424438
             	Algebraic dist: 26.748996410862546		 Val Algebraic dist: 42.55394977072011
             	RE1 dist: 879.2381803505535		 Val RE1 dist: 2171.6192255434785
             	SED dist: 2.6667059303649676		 Val SED dist: 5.171641474184782

Epoch 35/4500: Training Loss: 1.2991769938451339		 Val Loss: 2.858271059782609
             	Training MAE: 0.13266204297542572		 Val MAE: 0.10398794710636139
             	Algebraic dist: 24.991955070917896		 Val Algebraic dist: 40.88261877972147
             	RE1 dist: 800.0768565498155		 Val RE1 dist: 1690.2802309782608
             	SED dist: 2.4882276471690496		 Val SED dist: 5.659328958262568


################
Empty points at 02


Epoch 36/4500: Training Loss: 1.2731370538803044		 Val Loss: 2.985822926396909
             	Training MAE: 0.13181260228157043		 Val MAE: 0.1015796959400177
             	Algebraic dist: 24.12848823800738		 Val Algebraic dist: 42.05135179602581
             	RE1 dist: 724.3306042435424		 Val RE1 dist: 1609.3152173913043
             	SED dist: 2.438016208775369		 Val SED dist: 5.918835183848506

Epoch 37/4500: Training Loss: 1.4584695175565037		 Val Loss: 2.4741852801779043
             	Training MAE: 0.13484355807304382		 Val MAE: 0.1303039789199829
             	Algebraic dist: 25.870947806157748		 Val Algebraic dist: 32.17920452615489
             	RE1 dist: 816.113122693727		 Val RE1 dist: 1060.9810631793478
             	SED dist: 2.803024235686693		 Val SED dist: 4.861456166143003

Epoch 38/4500: Training Loss: 1.3734952919597556		 Val Loss: 2.3734747845193613
             	Training MAE: 0.13349592685699463		 Val MAE: 0.11884114146232605
             	Algebraic dist: 24.284075184501845		 Val Algebraic dist: 31.748872176460598
             	RE1 dist: 749.8607011070111		 Val RE1 dist: 1081.4111752717392
             	SED dist: 2.634337252796356		 Val SED dist: 4.677370817764945

Epoch 39/4500: Training Loss: 1.2230059071220596		 Val Loss: 2.554376353388247
             	Training MAE: 0.13274994492530823		 Val MAE: 0.10336685925722122
             	Algebraic dist: 22.229744436116235		 Val Algebraic dist: 34.74306587550951
             	RE1 dist: 626.8172855166051		 Val RE1 dist: 1487.0942595108695
             	SED dist: 2.334158021145641		 Val SED dist: 5.054566424825917

Epoch 40/4500: Training Loss: 1.2315994769444765		 Val Loss: 2.410890496295431
             	Training MAE: 0.1309836208820343		 Val MAE: 0.10499908030033112
             	Algebraic dist: 21.880336860009226		 Val Algebraic dist: 33.571724269701086
             	RE1 dist: 596.5036323800738		 Val RE1 dist: 1382.6974354619565
             	SED dist: 2.3523924429918126		 Val SED dist: 4.765339063561481

Epoch 41/4500: Training Loss: 1.2496924593879728		 Val Loss: 3.017833543860394
             	Training MAE: 0.1327863484621048		 Val MAE: 0.11301085352897644
             	Algebraic dist: 21.845755376499078		 Val Algebraic dist: 40.00056789232337
             	RE1 dist: 581.1905558118082		 Val RE1 dist: 1931.0599524456522
             	SED dist: 2.383841764443035		 Val SED dist: 5.969371629797894


################
Empty points at 02


Epoch 42/4500: Training Loss: 1.2648717450919627		 Val Loss: 2.4582310552182407
             	Training MAE: 0.13318325579166412		 Val MAE: 0.09852144122123718
             	Algebraic dist: 21.307644214137454		 Val Algebraic dist: 30.921530018682066
             	RE1 dist: 567.9336946494465		 Val RE1 dist: 1188.278957201087
             	SED dist: 2.4126219802237086		 Val SED dist: 4.867594179899796

Epoch 43/4500: Training Loss: 1.2266683543300276		 Val Loss: 2.7426980060079824
             	Training MAE: 0.13350923359394073		 Val MAE: 0.10040333122015
             	Algebraic dist: 20.659691391835793		 Val Algebraic dist: 36.38862145465353
             	RE1 dist: 533.1842712177122		 Val RE1 dist: 1674.9909986413043
             	SED dist: 2.3341836964512224		 Val SED dist: 5.4312876825747285


################
Empty points at 02


Epoch 44/4500: Training Loss: 1.2050754223362545		 Val Loss: 2.7502020130986753
             	Training MAE: 0.1352301388978958		 Val MAE: 0.10664653033018112
             	Algebraic dist: 19.52769869983856		 Val Algebraic dist: 37.29206649116848
             	RE1 dist: 478.91948224169744		 Val RE1 dist: 1355.8963145380435
             	SED dist: 2.2853139053851477		 Val SED dist: 5.435074184251868

Epoch 45/4500: Training Loss: 1.1643361447042204		 Val Loss: 2.4687705661939536
             	Training MAE: 0.13416098058223724		 Val MAE: 0.11446957290172577
             	Algebraic dist: 18.94020446552122		 Val Algebraic dist: 29.361715565557066
             	RE1 dist: 464.9903136531365		 Val RE1 dist: 779.0059442934783
             	SED dist: 2.203732198454797		 Val SED dist: 4.863155199133831

Epoch 46/4500: Training Loss: 1.2589362450631343		 Val Loss: 2.5674556234608525
             	Training MAE: 0.13352170586585999		 Val MAE: 0.1027275025844574
             	Algebraic dist: 19.479380477398525		 Val Algebraic dist: 34.02678912618886
             	RE1 dist: 473.70070341328415		 Val RE1 dist: 1115.424167798913
             	SED dist: 2.393505363886647		 Val SED dist: 5.073033208432405

Epoch 47/4500: Training Loss: 1.1031806073065613		 Val Loss: 2.3051049605659815
             	Training MAE: 0.13402166962623596		 Val MAE: 0.11587699502706528
             	Algebraic dist: 17.448263808809962		 Val Algebraic dist: 26.950784434442934
             	RE1 dist: 392.2410920202952		 Val RE1 dist: 904.9413213315217
             	SED dist: 2.0796465996886533		 Val SED dist: 4.535255763841712

Epoch 48/4500: Training Loss: 1.2343137396217712		 Val Loss: 2.3876747463060464
             	Training MAE: 0.13553136587142944		 Val MAE: 0.10312101244926453
             	Algebraic dist: 18.700388102513838		 Val Algebraic dist: 30.40844195822011
             	RE1 dist: 438.5498443265683		 Val RE1 dist: 1090.989555027174
             	SED dist: 2.3371595544568726		 Val SED dist: 4.716364653214164

Epoch 49/4500: Training Loss: 1.1795046197532288		 Val Loss: 2.3099587481954824
             	Training MAE: 0.13286451995372772		 Val MAE: 0.09745007008314133
             	Algebraic dist: 17.99301091155443		 Val Algebraic dist: 27.88153606912364
             	RE1 dist: 420.797076798893		 Val RE1 dist: 780.4467561141304
             	SED dist: 2.2335270392498847		 Val SED dist: 4.567516161047894

Epoch 50/4500: Training Loss: 1.129975829177237		 Val Loss: 2.4522902447244395
             	Training MAE: 0.13340260088443756		 Val MAE: 0.12015591561794281
             	Algebraic dist: 17.02510774619465		 Val Algebraic dist: 25.86626666525136
             	RE1 dist: 376.7594845479705		 Val RE1 dist: 685.2819718070652
             	SED dist: 2.1321361583977168		 Val SED dist: 4.820867123811142

Epoch 51/4500: Training Loss: 1.1316259180047856		 Val Loss: 2.192240507706352
             	Training MAE: 0.1327122151851654		 Val MAE: 0.09439700096845627
             	Algebraic dist: 16.950829537592252		 Val Algebraic dist: 25.92124076511549
             	RE1 dist: 368.84905442804427		 Val RE1 dist: 662.9504500679348
             	SED dist: 2.136562445946725		 Val SED dist: 4.338758717412534


################
Empty points at 02


Epoch 52/4500: Training Loss: 1.1627629691824262		 Val Loss: 2.359360404636549
             	Training MAE: 0.1327892541885376		 Val MAE: 0.11727367341518402
             	Algebraic dist: 17.095544568726936		 Val Algebraic dist: 29.131382154381793
             	RE1 dist: 373.6144199723247		 Val RE1 dist: 1011.9453974184783
             	SED dist: 2.197963137468289		 Val SED dist: 4.640409718389097

Epoch 53/4500: Training Loss: 1.1623659028338331		 Val Loss: 2.2919411037279214
             	Training MAE: 0.13053224980831146		 Val MAE: 0.11260055750608444
             	Algebraic dist: 17.157258994464943		 Val Algebraic dist: 26.396694017493207
             	RE1 dist: 372.2091501383764		 Val RE1 dist: 699.4214504076087
             	SED dist: 2.2019876290071494		 Val SED dist: 4.510069142217222

Epoch 54/4500: Training Loss: 1.1064634428692919		 Val Loss: 2.2880462978197182
             	Training MAE: 0.13222603499889374		 Val MAE: 0.10127329081296921
             	Algebraic dist: 16.07686375691882		 Val Algebraic dist: 26.362564750339676
             	RE1 dist: 338.6785631918819		 Val RE1 dist: 769.8277004076087
             	SED dist: 2.0845555379381917		 Val SED dist: 4.521129442297894

Epoch 55/4500: Training Loss: 1.0868600092250922		 Val Loss: 2.284582220989725
             	Training MAE: 0.13084392249584198		 Val MAE: 0.09854742884635925
             	Algebraic dist: 15.831978998500922		 Val Algebraic dist: 25.17669146993886
             	RE1 dist: 324.0066881918819		 Val RE1 dist: 614.0434358016304
             	SED dist: 2.047412830085332		 Val SED dist: 4.515606424082881

Epoch 56/4500: Training Loss: 1.1596782163500345		 Val Loss: 2.4517329672108525
             	Training MAE: 0.12969601154327393		 Val MAE: 0.11912351101636887
             	Algebraic dist: 16.531168920087637		 Val Algebraic dist: 24.895621921705164
             	RE1 dist: 350.98391374538744		 Val RE1 dist: 630.4864979619565
             	SED dist: 2.195847176977629		 Val SED dist: 4.815946164338485

Epoch 57/4500: Training Loss: 1.1394406702245734		 Val Loss: 2.3624184649923574
             	Training MAE: 0.13024012744426727		 Val MAE: 0.11995700746774673
             	Algebraic dist: 15.931802784824724		 Val Algebraic dist: 25.41948401409647
             	RE1 dist: 327.29569303505536		 Val RE1 dist: 667.7534816576087
             	SED dist: 2.1536302179428044		 Val SED dist: 4.64142077902089


################
Empty points at 02


Epoch 58/4500: Training Loss: 1.0731901612229013		 Val Loss: 2.308614150337551
             	Training MAE: 0.12852472066879272		 Val MAE: 0.09837087988853455
             	Algebraic dist: 15.211930278482471		 Val Algebraic dist: 26.420866593070652
             	RE1 dist: 302.5110124538745		 Val RE1 dist: 833.0382133152174
             	SED dist: 2.0229625068467483		 Val SED dist: 4.561055390731148

Epoch 59/4500: Training Loss: 1.0837682745113584		 Val Loss: 2.3648618615191914
             	Training MAE: 0.12955324351787567		 Val MAE: 0.12012303620576859
             	Algebraic dist: 15.071302575818727		 Val Algebraic dist: 26.729866359544836
             	RE1 dist: 296.4567285516605		 Val RE1 dist: 704.1402428668479
             	SED dist: 2.0417660646333027		 Val SED dist: 4.6356317271357

Epoch 60/4500: Training Loss: 1.0670092818481896		 Val Loss: 2.3566246032714844
             	Training MAE: 0.12860693037509918		 Val MAE: 0.11167986690998077
             	Algebraic dist: 14.83798882178275		 Val Algebraic dist: 25.25093941066576
             	RE1 dist: 295.6518392527675		 Val RE1 dist: 703.5385954483696
             	SED dist: 2.010449398927583		 Val SED dist: 4.6391448974609375


################
Empty points at 02


Epoch 61/4500: Training Loss: 1.0697412244508187		 Val Loss: 2.4650125918181045
             	Training MAE: 0.1259250044822693		 Val MAE: 0.1093442440032959
             	Algebraic dist: 14.798148855511993		 Val Algebraic dist: 25.35570758322011
             	RE1 dist: 285.56203874538744		 Val RE1 dist: 577.1559527853261
             	SED dist: 2.0208767261012452		 Val SED dist: 4.859294062075407


################
Empty points at 02


Epoch 62/4500: Training Loss: 1.0569072878228782		 Val Loss: 2.135289897089419
             	Training MAE: 0.1252584159374237		 Val MAE: 0.10595636814832687
             	Algebraic dist: 14.387021448339484		 Val Algebraic dist: 21.971742049507473
             	RE1 dist: 274.3713387915129		 Val RE1 dist: 468.93032438858694
             	SED dist: 1.9948257502594557		 Val SED dist: 4.205908070439878

Epoch 63/4500: Training Loss: 1.0559973910285978		 Val Loss: 2.3253629933232847
             	Training MAE: 0.12608535587787628		 Val MAE: 0.11395637691020966
             	Algebraic dist: 14.346277891489853		 Val Algebraic dist: 26.375846531080164
             	RE1 dist: 270.68337753690037		 Val RE1 dist: 783.0479789402174
             	SED dist: 1.9923172278597785		 Val SED dist: 4.572832522184952

Epoch 64/4500: Training Loss: 1.0946037039105743		 Val Loss: 2.419879249904467
             	Training MAE: 0.12689518928527832		 Val MAE: 0.10117258876562119
             	Algebraic dist: 14.49428116351476		 Val Algebraic dist: 27.880763841711957
             	RE1 dist: 269.908786900369		 Val RE1 dist: 796.0850033967391
             	SED dist: 2.0659508511589024		 Val SED dist: 4.774257825768513

Epoch 65/4500: Training Loss: 0.9963188593677929		 Val Loss: 2.6016917021378227
             	Training MAE: 0.12711739540100098		 Val MAE: 0.09268588572740555
             	Algebraic dist: 13.460181655039207		 Val Algebraic dist: 26.95194144870924
             	RE1 dist: 245.67764068265683		 Val RE1 dist: 681.1207116168479
             	SED dist: 1.8690861212811347		 Val SED dist: 5.153065557065218

Epoch 66/4500: Training Loss: 1.0634318559372118		 Val Loss: 2.1488207941469937
             	Training MAE: 0.12475962936878204		 Val MAE: 0.10294783860445023
             	Algebraic dist: 14.014062860355166		 Val Algebraic dist: 21.89917920983356
             	RE1 dist: 258.27118888376384		 Val RE1 dist: 452.1851222826087
             	SED dist: 2.007756644949262		 Val SED dist: 4.237588633661685


################
Empty points at 02


Epoch 67/4500: Training Loss: 0.9823771684372117		 Val Loss: 2.6232790739639946
             	Training MAE: 0.12290196120738983		 Val MAE: 0.12208117544651031
             	Algebraic dist: 13.247399136589022		 Val Algebraic dist: 24.359823475713316
             	RE1 dist: 232.56512338560884		 Val RE1 dist: 706.5750254755435
             	SED dist: 1.8477969011257496		 Val SED dist: 5.157281626825747

Epoch 68/4500: Training Loss: 1.0222244544222785		 Val Loss: 2.185977438221807
             	Training MAE: 0.12128877639770508		 Val MAE: 0.08261318504810333
             	Algebraic dist: 13.435873897313192		 Val Algebraic dist: 22.312181555706523
             	RE1 dist: 236.73046875		 Val RE1 dist: 522.7007048233696
             	SED dist: 1.9306705939373847		 Val SED dist: 4.337461720342222

Epoch 69/4500: Training Loss: 0.9935196880044972		 Val Loss: 2.3097461202870244
             	Training MAE: 0.12153742462396622		 Val MAE: 0.11295697838068008
             	Algebraic dist: 13.049746129785516		 Val Algebraic dist: 21.458842401919156
             	RE1 dist: 227.84425449723247		 Val RE1 dist: 492.7521654211956
             	SED dist: 1.871939908974285		 Val SED dist: 4.540749259617018

Epoch 70/4500: Training Loss: 0.9951071651219442		 Val Loss: 2.3890815403150474
             	Training MAE: 0.12227227538824081		 Val MAE: 0.11519374698400497
             	Algebraic dist: 12.801606463330259		 Val Algebraic dist: 22.888509999150816
             	RE1 dist: 216.54592366236162		 Val RE1 dist: 491.3296535326087
             	SED dist: 1.8721963241971287		 Val SED dist: 4.692012289296025

Epoch 71/4500: Training Loss: 0.974793944411612		 Val Loss: 2.5634646208389946
             	Training MAE: 0.12174562364816666		 Val MAE: 0.10484520345926285
             	Algebraic dist: 12.527877976533672		 Val Algebraic dist: 24.560408882472824
             	RE1 dist: 209.74741985701107		 Val RE1 dist: 568.1092476222826
             	SED dist: 1.8334964315829683		 Val SED dist: 5.060810586680537

Epoch 72/4500: Training Loss: 1.032631962061808		 Val Loss: 2.092063737952191
             	Training MAE: 0.12172046303749084		 Val MAE: 0.10222889482975006
             	Algebraic dist: 13.056352340867159		 Val Algebraic dist: 20.57625015922215
             	RE1 dist: 220.9694418819188		 Val RE1 dist: 410.6000339673913
             	SED dist: 1.9494498277502306		 Val SED dist: 4.12084728738536


################
Empty points at 02


Epoch 73/4500: Training Loss: 1.0097038015668243		 Val Loss: 2.102190100628397
             	Training MAE: 0.11970747262239456		 Val MAE: 0.12097333371639252
             	Algebraic dist: 12.857989434386532		 Val Algebraic dist: 18.759200386379074
             	RE1 dist: 221.05932887453875		 Val RE1 dist: 354.7517832880435
             	SED dist: 1.9070272410487776		 Val SED dist: 4.104545593261719

Epoch 74/4500: Training Loss: 0.9986021597886877		 Val Loss: 2.201234734576681
             	Training MAE: 0.12006460130214691		 Val MAE: 0.09031686186790466
             	Algebraic dist: 12.65468335591559		 Val Algebraic dist: 21.305553933848504
             	RE1 dist: 208.94897370848707		 Val RE1 dist: 425.4157608695652
             	SED dist: 1.8841654084265451		 Val SED dist: 4.354810300080673


################
Empty points at 02


Epoch 75/4500: Training Loss: 0.9756716344629267		 Val Loss: 2.0394690140433935
             	Training MAE: 0.11935976147651672		 Val MAE: 0.08083437383174896
             	Algebraic dist: 12.26035210303275		 Val Algebraic dist: 20.85361513884171
             	RE1 dist: 200.47935885608857		 Val RE1 dist: 488.99970278532606
             	SED dist: 1.8369203687154059		 Val SED dist: 4.044103539508322

Epoch 76/4500: Training Loss: 0.9807524170822763		 Val Loss: 2.29394879548446
             	Training MAE: 0.11818360537290573		 Val MAE: 0.08132569491863251
             	Algebraic dist: 12.148362726303045		 Val Algebraic dist: 22.067084270974863
             	RE1 dist: 197.73642181734317		 Val RE1 dist: 502.3083814538044
             	SED dist: 1.8497094861695687		 Val SED dist: 4.55085389510445


################
Empty points at 02


Epoch 77/4500: Training Loss: 1.0125047747059501		 Val Loss: 2.101033418074898
             	Training MAE: 0.1181616336107254		 Val MAE: 0.08254335820674896
             	Algebraic dist: 12.456286215694188		 Val Algebraic dist: 20.51161525560462
             	RE1 dist: 199.3731838099631		 Val RE1 dist: 537.6910241168479
             	SED dist: 1.9139710598766144		 Val SED dist: 4.165646096934443


################
Empty points at 02


Epoch 78/4500: Training Loss: 0.9306655827483568		 Val Loss: 2.1847877502441406
             	Training MAE: 0.11799221485853195		 Val MAE: 0.10374964773654938
             	Algebraic dist: 11.677457802410055		 Val Algebraic dist: 19.075642461362094
             	RE1 dist: 181.72336254612546		 Val RE1 dist: 430.9490489130435
             	SED dist: 1.7494202786266144		 Val SED dist: 4.29584436831267

Epoch 79/4500: Training Loss: 0.9392118559552295		 Val Loss: 2.3062400817871094
             	Training MAE: 0.1170283854007721		 Val MAE: 0.07506482303142548
             	Algebraic dist: 11.648776233856088		 Val Algebraic dist: 22.526688285495926
             	RE1 dist: 182.33126729704796		 Val RE1 dist: 520.4995754076087
             	SED dist: 1.768774391540302		 Val SED dist: 4.584214915399966


################
Empty points at 02


Epoch 80/4500: Training Loss: 0.9423690176537995		 Val Loss: 2.3421469978664233
             	Training MAE: 0.11635016649961472		 Val MAE: 0.08190709352493286
             	Algebraic dist: 11.645844744580259		 Val Algebraic dist: 22.701240871263586
             	RE1 dist: 180.9772543819188		 Val RE1 dist: 512.0316745923913
             	SED dist: 1.776131717921183		 Val SED dist: 4.6436605038850205


################
Empty points at 02


Epoch 81/4500: Training Loss: 0.9359261488122693		 Val Loss: 2.110334976859715
             	Training MAE: 0.11728861927986145		 Val MAE: 0.08401025831699371
             	Algebraic dist: 11.424569555754152		 Val Algebraic dist: 19.856357740319293
             	RE1 dist: 172.93340636531366		 Val RE1 dist: 448.89584748641306
             	SED dist: 1.760164042680466		 Val SED dist: 4.1784240059230635

Epoch 82/4500: Training Loss: 0.941027820770151		 Val Loss: 2.1815462527067764
             	Training MAE: 0.11832662671804428		 Val MAE: 0.09010534733533859
             	Algebraic dist: 11.251465744637915		 Val Algebraic dist: 19.45209270974864
             	RE1 dist: 166.59791570571954		 Val RE1 dist: 432.34909986413044
             	SED dist: 1.7680504154895065		 Val SED dist: 4.316274560016135

Epoch 83/4500: Training Loss: 0.9778396212306849		 Val Loss: 2.4018252828846807
             	Training MAE: 0.11666473001241684		 Val MAE: 0.0996149405837059
             	Algebraic dist: 11.511967395064575		 Val Algebraic dist: 20.69047347359035
             	RE1 dist: 176.83890682656826		 Val RE1 dist: 528.891261888587
             	SED dist: 1.8445615874005419		 Val SED dist: 4.739595827849015

Epoch 84/4500: Training Loss: 0.953454950198916		 Val Loss: 2.6484630418860395
             	Training MAE: 0.11584967374801636		 Val MAE: 0.0888318419456482
             	Algebraic dist: 11.394836651003228		 Val Algebraic dist: 24.822252356487773
             	RE1 dist: 172.72934444188192		 Val RE1 dist: 579.3285495923913
             	SED dist: 1.7968972969758994		 Val SED dist: 5.2431988923446

Epoch 85/4500: Training Loss: 0.9643211223982358		 Val Loss: 2.229224495265795
             	Training MAE: 0.11662786453962326		 Val MAE: 0.10403107851743698
             	Algebraic dist: 11.471712119464945		 Val Algebraic dist: 19.356566055961277
             	RE1 dist: 171.45383129612546		 Val RE1 dist: 386.8038807744565
             	SED dist: 1.8161732578629497		 Val SED dist: 4.392858422320822

Epoch 86/4500: Training Loss: 0.9204243452346633		 Val Loss: 2.2283895741338315
             	Training MAE: 0.11492791771888733		 Val MAE: 0.08592026680707932
             	Algebraic dist: 10.868519913226477		 Val Algebraic dist: 19.855508555536684
             	RE1 dist: 158.10209582564576		 Val RE1 dist: 424.09634001358694
             	SED dist: 1.7314511682714484		 Val SED dist: 4.414168648097826


################
Empty points at 02


Epoch 87/4500: Training Loss: 0.9127373501823397		 Val Loss: 2.2611578236455503
             	Training MAE: 0.11466549336910248		 Val MAE: 0.09435243159532547
             	Algebraic dist: 10.755562081988007		 Val Algebraic dist: 20.06000817340353
             	RE1 dist: 153.26016201568265		 Val RE1 dist: 498.3039656929348
             	SED dist: 1.7155463299628113		 Val SED dist: 4.469879150390625

Epoch 88/4500: Training Loss: 0.9295527046456988		 Val Loss: 2.137011818263842
             	Training MAE: 0.11401094496250153		 Val MAE: 0.0801357701420784
             	Algebraic dist: 11.028734720940959		 Val Algebraic dist: 19.874490489130434
             	RE1 dist: 160.59973189575646		 Val RE1 dist: 408.3603515625
             	SED dist: 1.7523246286540013		 Val SED dist: 4.238932402237602

Epoch 89/4500: Training Loss: 0.9236727218346402		 Val Loss: 2.127193948496943
             	Training MAE: 0.11396345496177673		 Val MAE: 0.08114446699619293
             	Algebraic dist: 10.845593216674354		 Val Algebraic dist: 19.338652237601902
             	RE1 dist: 154.67973074261994		 Val RE1 dist: 407.95932404891306
             	SED dist: 1.7386771902386993		 Val SED dist: 4.21276623269786

Epoch 90/4500: Training Loss: 0.8742284458061865		 Val Loss: 2.5271428978961445
             	Training MAE: 0.1130569726228714		 Val MAE: 0.07473229616880417
             	Algebraic dist: 10.372650484317344		 Val Algebraic dist: 22.851395316745926
             	RE1 dist: 145.91325530442805		 Val RE1 dist: 476.92900815217394
             	SED dist: 1.6417544882235933		 Val SED dist: 5.023671357528023


################
Empty points at 02


Epoch 91/4500: Training Loss: 0.9520688215305004		 Val Loss: 2.29699010434358
             	Training MAE: 0.11343787610530853		 Val MAE: 0.09390778094530106
             	Algebraic dist: 10.891476339079796		 Val Algebraic dist: 19.349458113960598
             	RE1 dist: 153.28357068726936		 Val RE1 dist: 426.7453719429348
             	SED dist: 1.796917341732011		 Val SED dist: 4.531561146611753


################
Empty points at 02


Epoch 92/4500: Training Loss: 0.9169941581923143		 Val Loss: 2.3611010675844937
             	Training MAE: 0.11159291118383408		 Val MAE: 0.07996825128793716
             	Algebraic dist: 10.668800269545665		 Val Algebraic dist: 20.500851838485055
             	RE1 dist: 150.8990573108856		 Val RE1 dist: 423.3625169836956
             	SED dist: 1.729503673820918		 Val SED dist: 4.685116643490999

Epoch 93/4500: Training Loss: 0.867292002998155		 Val Loss: 2.289257712986158
             	Training MAE: 0.11149146407842636		 Val MAE: 0.08194807171821594
             	Algebraic dist: 10.145455561000922		 Val Algebraic dist: 19.76676609205163
             	RE1 dist: 137.61642354704796		 Val RE1 dist: 439.3345788043478
             	SED dist: 1.6306367430739737		 Val SED dist: 4.535063370414402

Epoch 94/4500: Training Loss: 0.9224604082283498		 Val Loss: 2.2831868710725205
             	Training MAE: 0.11233935505151749		 Val MAE: 0.08435925841331482
             	Algebraic dist: 10.538096748154981		 Val Algebraic dist: 19.05525937287704
             	RE1 dist: 147.2094672509225		 Val RE1 dist: 373.3842136548913
             	SED dist: 1.7400226663399447		 Val SED dist: 4.517053023628566

Epoch 95/4500: Training Loss: 0.9041277332939345		 Val Loss: 2.219745635986328
             	Training MAE: 0.1117633804678917		 Val MAE: 0.08693056553602219
             	Algebraic dist: 10.200949355684964		 Val Algebraic dist: 18.844527534816574
             	RE1 dist: 139.46815901752768		 Val RE1 dist: 434.8455332880435
             	SED dist: 1.702116793811981		 Val SED dist: 4.395764889924423

Epoch 96/4500: Training Loss: 0.9266709894271794		 Val Loss: 2.3168315058169155
             	Training MAE: 0.11353601515293121		 Val MAE: 0.091333769261837
             	Algebraic dist: 10.335357328182656		 Val Algebraic dist: 18.280277418053668
             	RE1 dist: 142.73797855166052		 Val RE1 dist: 418.3427309782609
             	SED dist: 1.7431239729877768		 Val SED dist: 4.586179650348166


################
Empty points at 02


Epoch 97/4500: Training Loss: 0.9092793482256112		 Val Loss: 2.2095489501953125
             	Training MAE: 0.11035008728504181		 Val MAE: 0.08036688715219498
             	Algebraic dist: 10.194274677121772		 Val Algebraic dist: 18.399679432744566
             	RE1 dist: 135.82000980166052		 Val RE1 dist: 436.6996008831522
             	SED dist: 1.714058063127018		 Val SED dist: 4.379149395486583

Epoch 98/4500: Training Loss: 0.921173658758072		 Val Loss: 2.29521660182787
             	Training MAE: 0.11065639555454254		 Val MAE: 0.07580727338790894
             	Algebraic dist: 10.356558824377306		 Val Algebraic dist: 19.325743302055027
             	RE1 dist: 142.0235095710332		 Val RE1 dist: 387.4621688179348
             	SED dist: 1.7387350722872463		 Val SED dist: 4.556124148161515

Epoch 99/4500: Training Loss: 0.9018521467258129		 Val Loss: 2.2085609436035156
             	Training MAE: 0.10972735285758972		 Val MAE: 0.09888406842947006
             	Algebraic dist: 10.019191615255997		 Val Algebraic dist: 17.576522163722824
             	RE1 dist: 133.61943611623616		 Val RE1 dist: 374.8254076086956
             	SED dist: 1.7006512743960447		 Val SED dist: 4.354861715565557

Epoch 100/4500: Training Loss: 0.8692182702771852		 Val Loss: 2.1318747478982676
             	Training MAE: 0.11136455833911896		 Val MAE: 0.09078338742256165
             	Algebraic dist: 9.703991654174354		 Val Algebraic dist: 17.628111466117527
             	RE1 dist: 124.96606895756457		 Val RE1 dist: 354.4860096807065
             	SED dist: 1.6327795049801084		 Val SED dist: 4.212544980256454

Epoch 101/4500: Training Loss: 0.848132312957651		 Val Loss: 2.2500119416610054
             	Training MAE: 0.10947516560554504		 Val MAE: 0.0743970274925232
             	Algebraic dist: 9.482344398639299		 Val Algebraic dist: 19.39022031037704
             	RE1 dist: 121.76559617158672		 Val RE1 dist: 387.0060292119565
             	SED dist: 1.5922414631861161		 Val SED dist: 4.4691649727199385


################
Empty points at 02


Epoch 102/4500: Training Loss: 0.8776134758417896		 Val Loss: 2.3671947976817256
             	Training MAE: 0.10992608219385147		 Val MAE: 0.09955335408449173
             	Algebraic dist: 9.63989437990083		 Val Algebraic dist: 18.346584154211957
             	RE1 dist: 125.52149158210332		 Val RE1 dist: 342.72299592391306
             	SED dist: 1.6516561472987776		 Val SED dist: 4.668826227602751

Epoch 103/4500: Training Loss: 0.8561592805869465		 Val Loss: 2.3175088633661685
             	Training MAE: 0.11018184572458267		 Val MAE: 0.11881321668624878
             	Algebraic dist: 9.444946739506458		 Val Algebraic dist: 17.190554411514945
             	RE1 dist: 118.63183233394834		 Val RE1 dist: 304.6425144361413
             	SED dist: 1.6081086894242966		 Val SED dist: 4.528188622516135


################
Empty points at 02


Epoch 104/4500: Training Loss: 0.8580271027624827		 Val Loss: 2.2503285615340523
             	Training MAE: 0.11061713844537735		 Val MAE: 0.07989947497844696
             	Algebraic dist: 9.261926855108396		 Val Algebraic dist: 17.30220363451087
             	RE1 dist: 113.08869061346863		 Val RE1 dist: 318.57999320652175
             	SED dist: 1.6103574182714484		 Val SED dist: 4.464549852454144

Epoch 105/4500: Training Loss: 0.8528668730901177		 Val Loss: 2.4413030873174253
             	Training MAE: 0.10837321728467941		 Val MAE: 0.0832623541355133
             	Algebraic dist: 9.309209056446033		 Val Algebraic dist: 18.175472093665082
             	RE1 dist: 117.51986998385608		 Val RE1 dist: 338.99980893342394
             	SED dist: 1.604582051069534		 Val SED dist: 4.835032255753227

Epoch 106/4500: Training Loss: 0.8886126416195803		 Val Loss: 2.2176160397736924
             	Training MAE: 0.10651332139968872		 Val MAE: 0.09179967641830444
             	Algebraic dist: 9.571423294799354		 Val Algebraic dist: 17.78397402556046
             	RE1 dist: 120.82061519833948		 Val RE1 dist: 329.4983016304348
             	SED dist: 1.6783631947647601		 Val SED dist: 4.380741285241169


################
Empty points at 02


Epoch 107/4500: Training Loss: 0.8712560787412074		 Val Loss: 2.344377600628397
             	Training MAE: 0.10701103508472443		 Val MAE: 0.06806296855211258
             	Algebraic dist: 9.391755614333487		 Val Algebraic dist: 18.299731710682746
             	RE1 dist: 116.84884542204797		 Val RE1 dist: 401.8208644701087
             	SED dist: 1.6426074038572418		 Val SED dist: 4.66595691183339

Epoch 108/4500: Training Loss: 0.872100267023178		 Val Loss: 2.2661816140879756
             	Training MAE: 0.10761092603206635		 Val MAE: 0.07232168316841125
             	Algebraic dist: 9.298426328989853		 Val Algebraic dist: 18.741059676460598
             	RE1 dist: 115.9812254958487		 Val RE1 dist: 412.6952700407609
             	SED dist: 1.6436588526651867		 Val SED dist: 4.500610683275306

Epoch 109/4500: Training Loss: 0.8583151616733452		 Val Loss: 2.1974130713421367
             	Training MAE: 0.10663136839866638		 Val MAE: 0.09054294973611832
             	Algebraic dist: 9.22056078470941		 Val Algebraic dist: 16.5249779742697
             	RE1 dist: 111.68074694418819		 Val RE1 dist: 325.7815684442935
             	SED dist: 1.6175466164451684		 Val SED dist: 4.340545654296875

Epoch 110/4500: Training Loss: 0.8659345338265394		 Val Loss: 2.1927561552628227
             	Training MAE: 0.10645139217376709		 Val MAE: 0.06778984516859055
             	Algebraic dist: 9.153031127479244		 Val Algebraic dist: 17.389364491338316
             	RE1 dist: 111.86532806734317		 Val RE1 dist: 360.8865489130435
             	SED dist: 1.6322987686663977		 Val SED dist: 4.361177527386209


################
Empty points at 02


Epoch 111/4500: Training Loss: 0.8866949890812384		 Val Loss: 2.3743543210236924
             	Training MAE: 0.10601222515106201		 Val MAE: 0.07142184674739838
             	Algebraic dist: 9.300028107702952		 Val Algebraic dist: 18.149360988451086
             	RE1 dist: 112.9390062845941		 Val RE1 dist: 344.4190726902174
             	SED dist: 1.673689050428102		 Val SED dist: 4.72177389393682

Epoch 112/4500: Training Loss: 0.8744855366949665		 Val Loss: 2.2239699985670005
             	Training MAE: 0.10614816099405289		 Val MAE: 0.06842149794101715
             	Algebraic dist: 9.164760688134225		 Val Algebraic dist: 17.71918786090353
             	RE1 dist: 110.78376527905904		 Val RE1 dist: 388.53485903532606
             	SED dist: 1.6491404177957796		 Val SED dist: 4.422452511994735

Epoch 113/4500: Training Loss: 0.8376446262936751		 Val Loss: 2.2502270574155063
             	Training MAE: 0.10592862963676453		 Val MAE: 0.07950852811336517
             	Algebraic dist: 8.804327144833948		 Val Algebraic dist: 16.39100049889606
             	RE1 dist: 103.36315872924354		 Val RE1 dist: 286.0950025475544
             	SED dist: 1.5768014830416859		 Val SED dist: 4.464436406674593

Epoch 114/4500: Training Loss: 0.83648034127436		 Val Loss: 2.3652826392132305
             	Training MAE: 0.1046784445643425		 Val MAE: 0.08326667547225952
             	Algebraic dist: 8.858450688999078		 Val Algebraic dist: 17.71950099779212
             	RE1 dist: 103.51676372232473		 Val RE1 dist: 354.84084154211956
             	SED dist: 1.5768042983164208		 Val SED dist: 4.683996449346128


################
Empty points at 02


Epoch 115/4500: Training Loss: 0.8493480048936232		 Val Loss: 2.1635571355405063
             	Training MAE: 0.10678161680698395		 Val MAE: 0.0901075154542923
             	Algebraic dist: 8.773760017873617		 Val Algebraic dist: 16.160265051800273
             	RE1 dist: 102.83123126153137		 Val RE1 dist: 278.47998046875
             	SED dist: 1.5978691973809387		 Val SED dist: 4.276253078294837


################
Empty points at 02


Epoch 116/4500: Training Loss: 0.8343155076143046		 Val Loss: 2.1440923939580503
             	Training MAE: 0.10513030737638474		 Val MAE: 0.07638378441333771
             	Algebraic dist: 8.618584777156366		 Val Algebraic dist: 16.393425982931387
             	RE1 dist: 102.64614564114392		 Val RE1 dist: 286.3498429008152
             	SED dist: 1.5705487578557427		 Val SED dist: 4.255574765412704

Epoch 117/4500: Training Loss: 0.8326021877162131		 Val Loss: 2.37775354800017
             	Training MAE: 0.10490443557500839		 Val MAE: 0.08216292411088943
             	Algebraic dist: 8.489583033037361		 Val Algebraic dist: 17.877501114555027
             	RE1 dist: 96.45614477629151		 Val RE1 dist: 332.0381496263587
             	SED dist: 1.5665889050247925		 Val SED dist: 4.714824510657269

Epoch 118/4500: Training Loss: 0.8294027405911266		 Val Loss: 2.0784837473993716
             	Training MAE: 0.10469312965869904		 Val MAE: 0.07008965313434601
             	Algebraic dist: 8.506146758244926		 Val Algebraic dist: 15.905337126358695
             	RE1 dist: 95.94711427583026		 Val RE1 dist: 285.14298148777175
             	SED dist: 1.5598368627118888		 Val SED dist: 4.129677813986073

Epoch 119/4500: Training Loss: 0.8842080879915244		 Val Loss: 2.138169993524966
             	Training MAE: 0.10575585067272186		 Val MAE: 0.07135215401649475
             	Algebraic dist: 8.990507344038285		 Val Algebraic dist: 16.420463230298914
             	RE1 dist: 104.76853666974169		 Val RE1 dist: 321.1871178668478
             	SED dist: 1.668848579660113		 Val SED dist: 4.248046543287194

Epoch 120/4500: Training Loss: 0.8188307082960966		 Val Loss: 2.323098555855129
             	Training MAE: 0.10356169193983078		 Val MAE: 0.07000486552715302
             	Algebraic dist: 8.393655586946494		 Val Algebraic dist: 16.972138778023098
             	RE1 dist: 94.7730266951107		 Val RE1 dist: 333.78214164402175
             	SED dist: 1.5411184388333141		 Val SED dist: 4.621268562648607

Epoch 121/4500: Training Loss: 0.802628576975467		 Val Loss: 2.178340414296026
             	Training MAE: 0.10380309820175171		 Val MAE: 0.0650797113776207
             	Algebraic dist: 8.231434501845019		 Val Algebraic dist: 16.405196480129074
             	RE1 dist: 90.27004295433579		 Val RE1 dist: 308.9152088994565
             	SED dist: 1.5093739639788977		 Val SED dist: 4.3350687441618545

Epoch 122/4500: Training Loss: 0.8307836891540302		 Val Loss: 2.3224004662555195
             	Training MAE: 0.10340461134910583		 Val MAE: 0.0735863745212555
             	Algebraic dist: 8.326760154808579		 Val Algebraic dist: 17.34989730171535
             	RE1 dist: 92.66648408671587		 Val RE1 dist: 309.28713060461956
             	SED dist: 1.5659006266576339		 Val SED dist: 4.609230704929518

Epoch 123/4500: Training Loss: 0.8414438395482587		 Val Loss: 2.278868633767833
             	Training MAE: 0.10480554401874542		 Val MAE: 0.06779612600803375
             	Algebraic dist: 8.419881335043819		 Val Algebraic dist: 16.589490807574727
             	RE1 dist: 93.1947647601476		 Val RE1 dist: 298.89255689538044
             	SED dist: 1.5837048745243312		 Val SED dist: 4.530242256496264


################
Empty points at 02


Epoch 124/4500: Training Loss: 0.8492092118491986		 Val Loss: 2.098355832307235
             	Training MAE: 0.10247650742530823		 Val MAE: 0.07442596554756165
             	Algebraic dist: 8.492832535747233		 Val Algebraic dist: 15.809323518172555
             	RE1 dist: 94.76516374538745		 Val RE1 dist: 261.3965268342391
             	SED dist: 1.60371168073253		 Val SED dist: 4.163885365361753

Epoch 125/4500: Training Loss: 0.8107655655413976		 Val Loss: 2.1777632340140967
             	Training MAE: 0.10153061896562576		 Val MAE: 0.0664912685751915
             	Algebraic dist: 8.183146008706181		 Val Algebraic dist: 16.37784078846807
             	RE1 dist: 88.13746108164207		 Val RE1 dist: 294.8274668817935
             	SED dist: 1.5285983490328068		 Val SED dist: 4.329701299252718

Epoch 126/4500: Training Loss: 0.8153989446998963		 Val Loss: 2.189064357591712
             	Training MAE: 0.10069151967763901		 Val MAE: 0.07411926239728928
             	Algebraic dist: 8.209836614967712		 Val Algebraic dist: 15.452169667119565
             	RE1 dist: 89.95382408902213		 Val RE1 dist: 272.43081266983694
             	SED dist: 1.5389904289667897		 Val SED dist: 4.342613883640455

Epoch 127/4500: Training Loss: 0.838515390769142		 Val Loss: 2.220227282980214
             	Training MAE: 0.10093279927968979		 Val MAE: 0.06921039521694183
             	Algebraic dist: 8.36791812009917		 Val Algebraic dist: 15.95421434485394
             	RE1 dist: 91.37379641374538		 Val RE1 dist: 273.08627717391306
             	SED dist: 1.5855256816117966		 Val SED dist: 4.4109944882600205

Epoch 128/4500: Training Loss: 0.8253609632653943		 Val Loss: 2.1383764847465185
             	Training MAE: 0.10140994191169739		 Val MAE: 0.08233313262462616
             	Algebraic dist: 8.176613670433579		 Val Algebraic dist: 15.433126698369565
             	RE1 dist: 88.05586225784133		 Val RE1 dist: 254.3337933084239
             	SED dist: 1.5580202222310309		 Val SED dist: 4.2350311279296875

Epoch 129/4500: Training Loss: 0.8191108281322071		 Val Loss: 2.184186023214589
             	Training MAE: 0.10195069015026093		 Val MAE: 0.0671176090836525
             	Algebraic dist: 8.041169676833487		 Val Algebraic dist: 15.723141877547555
             	RE1 dist: 85.38156567112546		 Val RE1 dist: 287.1514733355978
             	SED dist: 1.5438415977787707		 Val SED dist: 4.341609457264775


################
Empty points at 02


Epoch 130/4500: Training Loss: 0.8210779732003863		 Val Loss: 2.078329832657524
             	Training MAE: 0.10114848613739014		 Val MAE: 0.06836986541748047
             	Algebraic dist: 8.059488331699724		 Val Algebraic dist: 15.071766728940217
             	RE1 dist: 85.73392095249078		 Val RE1 dist: 236.98274031929347
             	SED dist: 1.5483000920707448		 Val SED dist: 4.129254548445992

Epoch 131/4500: Training Loss: 0.8248971749055869		 Val Loss: 2.282415307086447
             	Training MAE: 0.10191693156957626		 Val MAE: 0.09245595335960388
             	Algebraic dist: 7.993210908671586		 Val Algebraic dist: 15.149276069972826
             	RE1 dist: 84.79590924815498		 Val RE1 dist: 252.42928413722825
             	SED dist: 1.5548298402905905		 Val SED dist: 4.503912552543309

Epoch 132/4500: Training Loss: 0.8016891761019661		 Val Loss: 2.151650801948879
             	Training MAE: 0.10145261883735657		 Val MAE: 0.06820876151323318
             	Algebraic dist: 7.764685373904521		 Val Algebraic dist: 15.478528893512228
             	RE1 dist: 80.45130160285977		 Val RE1 dist: 267.4897885529891
             	SED dist: 1.5082318633244927		 Val SED dist: 4.2734252266261885


################
Empty points at 02


Epoch 133/4500: Training Loss: 0.7923331735758764		 Val Loss: 2.175753054411515
             	Training MAE: 0.10071109235286713		 Val MAE: 0.0795593336224556
             	Algebraic dist: 7.690143205142989		 Val Algebraic dist: 15.603132164996603
             	RE1 dist: 79.9265379958487		 Val RE1 dist: 264.7256496263587
             	SED dist: 1.4912720852672394		 Val SED dist: 4.311027195142663

Epoch 134/4500: Training Loss: 0.776026314035113		 Val Loss: 2.186101830523947
             	Training MAE: 0.10047293454408646		 Val MAE: 0.06890348345041275
             	Algebraic dist: 7.575490803736162		 Val Algebraic dist: 15.51304294752038
             	RE1 dist: 77.09423287592251		 Val RE1 dist: 258.67618461277175
             	SED dist: 1.4594745706368197		 Val SED dist: 4.343393408733865

Epoch 135/4500: Training Loss: 0.7840490587523062		 Val Loss: 2.1335628343665083
             	Training MAE: 0.10005325824022293		 Val MAE: 0.07339844852685928
             	Algebraic dist: 7.574748472094096		 Val Algebraic dist: 14.694801662279213
             	RE1 dist: 76.72977686808117		 Val RE1 dist: 232.8193996263587
             	SED dist: 1.4758933655010378		 Val SED dist: 4.232093147609545

Epoch 136/4500: Training Loss: 0.8019265600676027		 Val Loss: 2.363545790962551
             	Training MAE: 0.09927111864089966		 Val MAE: 0.0730162039399147
             	Algebraic dist: 7.709587969903136		 Val Algebraic dist: 16.168974503226902
             	RE1 dist: 78.27493657749078		 Val RE1 dist: 262.8007175611413
             	SED dist: 1.5132217688754035		 Val SED dist: 4.692877728006114

Epoch 137/4500: Training Loss: 0.8292395109620041		 Val Loss: 2.2748013372006626
             	Training MAE: 0.09977918118238449		 Val MAE: 0.06955986469984055
             	Algebraic dist: 7.783426545202952		 Val Algebraic dist: 15.165541939113451
             	RE1 dist: 79.56548374077491		 Val RE1 dist: 236.07820991847825
             	SED dist: 1.5665001675651522		 Val SED dist: 4.517102448836617

Epoch 138/4500: Training Loss: 0.7919925816384629		 Val Loss: 2.2855367245881455
             	Training MAE: 0.09940405935049057		 Val MAE: 0.07268600165843964
             	Algebraic dist: 7.416293999365775		 Val Algebraic dist: 15.49991110096807
             	RE1 dist: 73.94196840405904		 Val RE1 dist: 279.1843367866848
             	SED dist: 1.4915675765034018		 Val SED dist: 4.53691233759341

Epoch 139/4500: Training Loss: 0.8202067582809617		 Val Loss: 2.321959454080333
             	Training MAE: 0.10115521401166916		 Val MAE: 0.07967302203178406
             	Algebraic dist: 7.603001218000461		 Val Algebraic dist: 14.92208596934443
             	RE1 dist: 76.83822935885608		 Val RE1 dist: 266.04721467391306
             	SED dist: 1.5445001468447301		 Val SED dist: 4.598714082137398

Epoch 140/4500: Training Loss: 0.7990707453766432		 Val Loss: 2.28790515402089
             	Training MAE: 0.09971297532320023		 Val MAE: 0.06305424124002457
             	Algebraic dist: 7.473113000172971		 Val Algebraic dist: 15.813795006793478
             	RE1 dist: 75.22520756457564		 Val RE1 dist: 256.43862516983694
             	SED dist: 1.5054307775743774		 Val SED dist: 4.552972213081691

Epoch 141/4500: Training Loss: 0.7854967856319188		 Val Loss: 2.23680247431216
             	Training MAE: 0.09790851175785065		 Val MAE: 0.06685863435268402
             	Algebraic dist: 7.391000670260609		 Val Algebraic dist: 15.151852815047555
             	RE1 dist: 72.9752940498155		 Val RE1 dist: 257.41049592391306
             	SED dist: 1.4817757131428737		 Val SED dist: 4.449969084366508


################
Empty points at 02


Epoch 142/4500: Training Loss: 0.7948838124855858		 Val Loss: 2.2715469028638755
             	Training MAE: 0.09869365394115448		 Val MAE: 0.06434480100870132
             	Algebraic dist: 7.357197553909133		 Val Algebraic dist: 15.027286695397418
             	RE1 dist: 71.51511329566421		 Val RE1 dist: 235.35147758152175
             	SED dist: 1.4989069977369696		 Val SED dist: 4.521483711574389

Epoch 143/4500: Training Loss: 0.7999246745091962		 Val Loss: 2.1670991648798403
             	Training MAE: 0.09898818284273148		 Val MAE: 0.07559467852115631
             	Algebraic dist: 7.393207845652675		 Val Algebraic dist: 13.90432473887568
             	RE1 dist: 72.74227398523985		 Val RE1 dist: 212.32980213994566
             	SED dist: 1.5077738744306388		 Val SED dist: 4.29204393469769

Epoch 144/4500: Training Loss: 0.7893398608668704		 Val Loss: 2.1886332968006963
             	Training MAE: 0.09874021261930466		 Val MAE: 0.06969252228736877
             	Algebraic dist: 7.277551404664437		 Val Algebraic dist: 14.661298668902853
             	RE1 dist: 70.4192372001845		 Val RE1 dist: 248.49411939538044
             	SED dist: 1.4871965809501846		 Val SED dist: 4.347729226817256

Epoch 145/4500: Training Loss: 0.7853722378776522		 Val Loss: 2.1791600766389267
             	Training MAE: 0.09773987531661987		 Val MAE: 0.06497092545032501
             	Algebraic dist: 7.205599288658902		 Val Algebraic dist: 14.196015731148098
             	RE1 dist: 68.92006601706642		 Val RE1 dist: 228.51522163722825
             	SED dist: 1.4813472283282403		 Val SED dist: 4.331608316172725

Epoch 146/4500: Training Loss: 0.7963828899763608		 Val Loss: 2.3302574157714844
             	Training MAE: 0.09935250133275986		 Val MAE: 0.07344472408294678
             	Algebraic dist: 7.213158188710794		 Val Algebraic dist: 14.489661175271738
             	RE1 dist: 68.02256544049816		 Val RE1 dist: 250.03878651494566
             	SED dist: 1.4983541903900484		 Val SED dist: 4.622338336447011

Epoch 147/4500: Training Loss: 0.7975191911648121		 Val Loss: 2.155666848887568
             	Training MAE: 0.09758903831243515		 Val MAE: 0.07273024320602417
             	Algebraic dist: 7.313626109893911		 Val Algebraic dist: 13.865990680197012
             	RE1 dist: 69.96196090867159		 Val RE1 dist: 206.0821586277174
             	SED dist: 1.5045431777559963		 Val SED dist: 4.279546986455503

Epoch 148/4500: Training Loss: 0.795334143832161		 Val Loss: 2.5090091539465864
             	Training MAE: 0.09827207028865814		 Val MAE: 0.06000190228223801
             	Algebraic dist: 7.233509697157518		 Val Algebraic dist: 16.18531732973845
             	RE1 dist: 68.03679226245387		 Val RE1 dist: 336.0173233695652
             	SED dist: 1.4988292961542897		 Val SED dist: 5.000107474949049

Epoch 149/4500: Training Loss: 0.7850198217863527		 Val Loss: 2.2753125066342563
             	Training MAE: 0.0976167544722557		 Val MAE: 0.07047022879123688
             	Algebraic dist: 7.046194829624078		 Val Algebraic dist: 14.861888056216033
             	RE1 dist: 66.18505679197418		 Val RE1 dist: 225.01411769701087
             	SED dist: 1.4797095267095248		 Val SED dist: 4.515655185865319


################
Empty points at 02


Epoch 150/4500: Training Loss: 0.8067324029563537		 Val Loss: 2.2666509877080503
             	Training MAE: 0.09755507111549377		 Val MAE: 0.06437122076749802
             	Algebraic dist: 7.184898235701107		 Val Algebraic dist: 14.323370892068613
             	RE1 dist: 68.60250663053506		 Val RE1 dist: 237.91769276494566
             	SED dist: 1.5231584499682886		 Val SED dist: 4.506690647291101

Epoch 151/4500: Training Loss: 0.7763713541066075		 Val Loss: 2.231922481371009
             	Training MAE: 0.0961398333311081		 Val MAE: 0.06856776028871536
             	Algebraic dist: 6.961773974429198		 Val Algebraic dist: 14.315278426460598
             	RE1 dist: 64.8823656595941		 Val RE1 dist: 245.0606530230978
             	SED dist: 1.4648168359735356		 Val SED dist: 4.43036817467731

Epoch 152/4500: Training Loss: 0.766950375039639		 Val Loss: 2.0906141529912534
             	Training MAE: 0.0957186371088028		 Val MAE: 0.06594705581665039
             	Algebraic dist: 6.994359090319419		 Val Algebraic dist: 13.597231657608695
             	RE1 dist: 64.16168415590406		 Val RE1 dist: 220.28547469429347
             	SED dist: 1.4474505322445803		 Val SED dist: 4.15508568805197

Epoch 153/4500: Training Loss: 0.7800260874618024		 Val Loss: 2.1922917573348335
             	Training MAE: 0.09639342129230499		 Val MAE: 0.07315035909414291
             	Algebraic dist: 6.978275538370618		 Val Algebraic dist: 13.74842237389606
             	RE1 dist: 63.88874394603321		 Val RE1 dist: 226.34822944972825
             	SED dist: 1.4711362268651984		 Val SED dist: 4.349619326384171

Epoch 154/4500: Training Loss: 0.7570123426148813		 Val Loss: 2.1663552989130435
             	Training MAE: 0.0959549993276596		 Val MAE: 0.06485940515995026
             	Algebraic dist: 6.758757981866928		 Val Algebraic dist: 13.44688083814538
             	RE1 dist: 60.5353292204797		 Val RE1 dist: 205.57111922554347
             	SED dist: 1.4251987133518795		 Val SED dist: 4.309573629628057


################
Empty points at 02


Epoch 155/4500: Training Loss: 0.7669853970573397		 Val Loss: 2.12280041238536
             	Training MAE: 0.0960673987865448		 Val MAE: 0.07266134023666382
             	Algebraic dist: 6.800502425190268		 Val Algebraic dist: 13.85476419200068
             	RE1 dist: 61.66190757610701		 Val RE1 dist: 213.46176545516303
             	SED dist: 1.4455399741985702		 Val SED dist: 4.212923464567765


################
Empty points at 02


Epoch 156/4500: Training Loss: 0.8043854773264529		 Val Loss: 2.163751353388247
             	Training MAE: 0.09528700262308121		 Val MAE: 0.07217638194561005
             	Algebraic dist: 7.0848136423258765		 Val Algebraic dist: 13.13518358313519
             	RE1 dist: 65.5659954451107		 Val RE1 dist: 208.71214758831522
             	SED dist: 1.5217190563018912		 Val SED dist: 4.29758121656335

Epoch 157/4500: Training Loss: 0.7768461783433752		 Val Loss: 2.1415471615998642
             	Training MAE: 0.09574853628873825		 Val MAE: 0.06842049211263657
             	Algebraic dist: 6.868342888751153		 Val Algebraic dist: 13.839359449303668
             	RE1 dist: 61.67871454105166		 Val RE1 dist: 208.32884680706522
             	SED dist: 1.4669633140423202		 Val SED dist: 4.251687091329823


################
Empty points at 02


Epoch 158/4500: Training Loss: 0.7448376307188365		 Val Loss: 2.0327524931534477
             	Training MAE: 0.0939769297838211		 Val MAE: 0.07849375158548355
             	Algebraic dist: 6.652109068698109		 Val Algebraic dist: 12.448873768682065
             	RE1 dist: 59.291267873616235		 Val RE1 dist: 171.3320843240489
             	SED dist: 1.4056146487978551		 Val SED dist: 4.026359889818274


################
Empty points at 02


Epoch 159/4500: Training Loss: 0.7611916742641548		 Val Loss: 2.1428035238514775
             	Training MAE: 0.09537264704704285		 Val MAE: 0.06755339354276657
             	Algebraic dist: 6.66333187990083		 Val Algebraic dist: 13.746325948963994
             	RE1 dist: 58.4079292550738		 Val RE1 dist: 214.29341457201087
             	SED dist: 1.4345156961701453		 Val SED dist: 4.256753341011379

Epoch 160/4500: Training Loss: 0.784531484230858		 Val Loss: 2.231318929921026
             	Training MAE: 0.09519587457180023		 Val MAE: 0.07001671940088272
             	Algebraic dist: 6.788525120358625		 Val Algebraic dist: 13.95538330078125
             	RE1 dist: 60.52701222324723		 Val RE1 dist: 182.17915675951087
             	SED dist: 1.4813896826712407		 Val SED dist: 4.431396152662194

Epoch 161/4500: Training Loss: 0.7649268118657749		 Val Loss: 2.1969858252483867
             	Training MAE: 0.09482970833778381		 Val MAE: 0.0722322091460228
             	Algebraic dist: 6.708203305177583		 Val Algebraic dist: 13.383130944293478
             	RE1 dist: 58.71095912130996		 Val RE1 dist: 177.5090862771739
             	SED dist: 1.4425216618499193		 Val SED dist: 4.364379551099694

Epoch 162/4500: Training Loss: 0.7735885113367735		 Val Loss: 2.0818033633024795
             	Training MAE: 0.09425889700651169		 Val MAE: 0.0633811205625534
             	Algebraic dist: 6.626101335476245		 Val Algebraic dist: 13.139258343240488
             	RE1 dist: 58.192581007841326		 Val RE1 dist: 206.0177055027174
             	SED dist: 1.4615483020064575		 Val SED dist: 4.139363164487093

Epoch 163/4500: Training Loss: 0.7718509237704682		 Val Loss: 2.118290445078974
             	Training MAE: 0.0947788804769516		 Val MAE: 0.0656740590929985
             	Algebraic dist: 6.621913558002768		 Val Algebraic dist: 12.97344041907269
             	RE1 dist: 58.262028655442805		 Val RE1 dist: 205.14387313179347
             	SED dist: 1.456778438328817		 Val SED dist: 4.208680526069973

Epoch 164/4500: Training Loss: 0.7734716211297855		 Val Loss: 2.20947033426036
             	Training MAE: 0.09487611055374146		 Val MAE: 0.06983761489391327
             	Algebraic dist: 6.473700379093635		 Val Algebraic dist: 13.061599068019701
             	RE1 dist: 55.900455488929886		 Val RE1 dist: 185.3222019361413
             	SED dist: 1.457872454090752		 Val SED dist: 4.38764356530231

Epoch 165/4500: Training Loss: 0.7776468424779462		 Val Loss: 2.14507824441661
             	Training MAE: 0.09352980554103851		 Val MAE: 0.08067290484905243
             	Algebraic dist: 6.6165352571494465		 Val Algebraic dist: 12.365668255349863
             	RE1 dist: 56.9138895295203		 Val RE1 dist: 182.55778702445653
             	SED dist: 1.4699955901536554		 Val SED dist: 4.238399008046025

Epoch 166/4500: Training Loss: 0.7708594966198685		 Val Loss: 2.0810526972231655
             	Training MAE: 0.09419809281826019		 Val MAE: 0.06381627917289734
             	Algebraic dist: 6.614101958890683		 Val Algebraic dist: 12.921296492866848
             	RE1 dist: 57.362066853090404		 Val RE1 dist: 189.5228855298913
             	SED dist: 1.4561115560496425		 Val SED dist: 4.1354837832243545

Epoch 167/4500: Training Loss: 0.7609353716523005		 Val Loss: 2.07696997601053
             	Training MAE: 0.09345512837171555		 Val MAE: 0.061987243592739105
             	Algebraic dist: 6.451646192487315		 Val Algebraic dist: 12.59312107252038
             	RE1 dist: 55.593177035285976		 Val RE1 dist: 172.74269701086956
             	SED dist: 1.4361001327908787		 Val SED dist: 4.13085008704144


################
Empty points at 02


Epoch 168/4500: Training Loss: 0.7711421502032403		 Val Loss: 2.3588895383088486
             	Training MAE: 0.09358112514019012		 Val MAE: 0.05954219773411751
             	Algebraic dist: 6.500946382754843		 Val Algebraic dist: 14.581520412279213
             	RE1 dist: 55.82299714598709		 Val RE1 dist: 271.4423191236413
             	SED dist: 1.4576207685294627		 Val SED dist: 4.696600209111753

Epoch 169/4500: Training Loss: 0.7595996364016374		 Val Loss: 2.149039061173149
             	Training MAE: 0.09377188235521317		 Val MAE: 0.05885535851120949
             	Algebraic dist: 6.397342470739161		 Val Algebraic dist: 13.479711117951766
             	RE1 dist: 53.418747117158674		 Val RE1 dist: 198.81801970108697
             	SED dist: 1.4338066973809387		 Val SED dist: 4.279204990552819

Epoch 170/4500: Training Loss: 0.7425249951352053		 Val Loss: 2.115566419518512
             	Training MAE: 0.09320557862520218		 Val MAE: 0.07531823962926865
             	Algebraic dist: 6.241047876787362		 Val Algebraic dist: 12.419441554857338
             	RE1 dist: 52.31044957910517		 Val RE1 dist: 180.96870754076087
             	SED dist: 1.3985168907475207		 Val SED dist: 4.194489852241848

Epoch 171/4500: Training Loss: 0.760483801584842		 Val Loss: 2.1576805114746094
             	Training MAE: 0.09253758192062378		 Val MAE: 0.061365559697151184
             	Algebraic dist: 6.380512082708718		 Val Algebraic dist: 13.326259447180707
             	RE1 dist: 53.627562125230625		 Val RE1 dist: 176.9337742017663
             	SED dist: 1.4366814307181157		 Val SED dist: 4.292743848717731

Epoch 172/4500: Training Loss: 0.7409612226310252		 Val Loss: 2.1272030705991
             	Training MAE: 0.09108564257621765		 Val MAE: 0.06151524558663368
             	Algebraic dist: 6.195416552554198		 Val Algebraic dist: 12.811520783797555
             	RE1 dist: 51.40674368657749		 Val RE1 dist: 175.6769382642663
             	SED dist: 1.4005741809127075		 Val SED dist: 4.2335652890412705

Epoch 173/4500: Training Loss: 0.7426967268940268		 Val Loss: 2.1522195235542627
             	Training MAE: 0.09114769846200943		 Val MAE: 0.07948721200227737
             	Algebraic dist: 6.193054424440729		 Val Algebraic dist: 12.000833262567935
             	RE1 dist: 50.5029296875		 Val RE1 dist: 161.1777980638587
             	SED dist: 1.4034486890279059		 Val SED dist: 4.255372420601223

Epoch 174/4500: Training Loss: 0.7828442900823052		 Val Loss: 2.3280642965565557
             	Training MAE: 0.09242282807826996		 Val MAE: 0.05950166657567024
             	Algebraic dist: 6.392606953413284		 Val Algebraic dist: 14.25434278405231
             	RE1 dist: 53.59683103666974		 Val RE1 dist: 182.4263969089674
             	SED dist: 1.4821646715002306		 Val SED dist: 4.632669863493546

Epoch 175/4500: Training Loss: 0.7727309223470653		 Val Loss: 2.2114707283351733
             	Training MAE: 0.09304996579885483		 Val MAE: 0.06744617968797684
             	Algebraic dist: 6.2866859576798895		 Val Algebraic dist: 12.62839939283288
             	RE1 dist: 50.986111911900366		 Val RE1 dist: 157.55655570652175
             	SED dist: 1.4597838004136878		 Val SED dist: 4.383999368418818

Epoch 176/4500: Training Loss: 0.7553138310618946		 Val Loss: 2.066008360489555
             	Training MAE: 0.09179224073886871		 Val MAE: 0.061111435294151306
             	Algebraic dist: 6.185788312961255		 Val Algebraic dist: 12.145546291185463
             	RE1 dist: 50.132091789667896		 Val RE1 dist: 162.74781334918478
             	SED dist: 1.4262868733423661		 Val SED dist: 4.11145716128142


################
Empty points at 02


Epoch 177/4500: Training Loss: 0.7420626707182599		 Val Loss: 2.1059845634128735
             	Training MAE: 0.09112536162137985		 Val MAE: 0.06265129894018173
             	Algebraic dist: 6.18285952634917		 Val Algebraic dist: 12.417444643766984
             	RE1 dist: 49.508493571263834		 Val RE1 dist: 169.99788765285325
             	SED dist: 1.4021369962234778		 Val SED dist: 4.1849842900815215

Epoch 178/4500: Training Loss: 0.7458072676429889		 Val Loss: 2.1326265749724014
             	Training MAE: 0.09287768602371216		 Val MAE: 0.06899033486843109
             	Algebraic dist: 6.059855443525138		 Val Algebraic dist: 12.11395263671875
             	RE1 dist: 48.02440685539668		 Val RE1 dist: 164.7323157269022
             	SED dist: 1.405478164278713		 Val SED dist: 4.23473888894786

Epoch 179/4500: Training Loss: 0.7202975565217078		 Val Loss: 2.1758600317913555
             	Training MAE: 0.09048742055892944		 Val MAE: 0.06086493283510208
             	Algebraic dist: 5.9663230079566425		 Val Algebraic dist: 12.418190334154213
             	RE1 dist: 46.31020093404059		 Val RE1 dist: 181.68588654891303
             	SED dist: 1.3597590034738238		 Val SED dist: 4.330577021059782

Epoch 180/4500: Training Loss: 0.7449025509542205		 Val Loss: 2.1426419797150986
             	Training MAE: 0.09094297885894775		 Val MAE: 0.06562810391187668
             	Algebraic dist: 6.0387962876210795		 Val Algebraic dist: 12.433333687160326
             	RE1 dist: 47.562694591789665		 Val RE1 dist: 168.2868121603261
             	SED dist: 1.4078517787130995		 Val SED dist: 4.257308628248132

Epoch 181/4500: Training Loss: 0.735749754958487		 Val Loss: 2.057346841563349
             	Training MAE: 0.09017478674650192		 Val MAE: 0.06705543398857117
             	Algebraic dist: 5.98814251326107		 Val Algebraic dist: 11.953996741253397
             	RE1 dist: 47.417921903828415		 Val RE1 dist: 166.74057404891303
             	SED dist: 1.3909978549858741		 Val SED dist: 4.08377340565557

Epoch 182/4500: Training Loss: 0.7235419354315613		 Val Loss: 2.085340416949728
             	Training MAE: 0.09134478121995926		 Val MAE: 0.06143641844391823
             	Algebraic dist: 5.857763311519834		 Val Algebraic dist: 11.777684750764266
             	RE1 dist: 45.20925103782288		 Val RE1 dist: 155.4508746603261
             	SED dist: 1.3634882289985009		 Val SED dist: 4.150351151176121

Epoch 183/4500: Training Loss: 0.7545664319253056		 Val Loss: 2.235496189283288
             	Training MAE: 0.09135261923074722		 Val MAE: 0.07629022002220154
             	Algebraic dist: 5.947113374942343		 Val Algebraic dist: 11.779327392578125
             	RE1 dist: 45.9300983048893		 Val RE1 dist: 163.6651027513587
             	SED dist: 1.4257520837537476		 Val SED dist: 4.430942369543987

Epoch 184/4500: Training Loss: 0.7448914587717654		 Val Loss: 2.1707249517026157
             	Training MAE: 0.09073920547962189		 Val MAE: 0.06850337237119675
             	Algebraic dist: 5.901144217741005		 Val Algebraic dist: 11.866764234459918
             	RE1 dist: 46.23389212407749		 Val RE1 dist: 158.16093113111413
             	SED dist: 1.4066868180278482		 Val SED dist: 4.313087795091712

Epoch 185/4500: Training Loss: 0.7407151676192055		 Val Loss: 2.132318247919497
             	Training MAE: 0.09073761105537415		 Val MAE: 0.05856386572122574
             	Algebraic dist: 5.860070485470479		 Val Algebraic dist: 12.221190079398777
             	RE1 dist: 44.91860657864391		 Val RE1 dist: 159.188720703125
             	SED dist: 1.39784009870128		 Val SED dist: 4.244334345278532

Epoch 186/4500: Training Loss: 0.7424390729502998		 Val Loss: 2.1044535429581352
             	Training MAE: 0.09057535976171494		 Val MAE: 0.06504762917757034
             	Algebraic dist: 5.796292575962869		 Val Algebraic dist: 11.794225278108016
             	RE1 dist: 45.00641792550738		 Val RE1 dist: 158.37814198369566
             	SED dist: 1.4018080595234663		 Val SED dist: 4.179290108058764

Epoch 187/4500: Training Loss: 0.7411259162030097		 Val Loss: 2.1662547899329145
             	Training MAE: 0.09048885107040405		 Val MAE: 0.062023017555475235
             	Algebraic dist: 5.766803361392989		 Val Algebraic dist: 12.056242569633152
             	RE1 dist: 44.00675665936347		 Val RE1 dist: 170.43262780230978
             	SED dist: 1.3981760172826339		 Val SED dist: 4.308994459069294

Epoch 188/4500: Training Loss: 0.7174281722065268		 Val Loss: 2.189680348271909
             	Training MAE: 0.08999776840209961		 Val MAE: 0.06285508722066879
             	Algebraic dist: 5.583776720335563		 Val Algebraic dist: 11.892128322435463
             	RE1 dist: 41.683918069649444		 Val RE1 dist: 155.0850670855978
             	SED dist: 1.3520064125201798		 Val SED dist: 4.354601321013077

Epoch 189/4500: Training Loss: 0.7415192663889529		 Val Loss: 2.0385554769764775
             	Training MAE: 0.09034489095211029		 Val MAE: 0.06214864179491997
             	Algebraic dist: 5.758653929312731		 Val Algebraic dist: 11.720906133237092
             	RE1 dist: 43.45223131918819		 Val RE1 dist: 155.02981700067934
             	SED dist: 1.4004092058132496		 Val SED dist: 4.052211595618206

Epoch 190/4500: Training Loss: 0.7479994657734663		 Val Loss: 2.1878343665081523
             	Training MAE: 0.0901077538728714		 Val MAE: 0.06225078925490379
             	Algebraic dist: 5.747809941478321		 Val Algebraic dist: 11.907847528872283
             	RE1 dist: 43.34481665129151		 Val RE1 dist: 175.81576936141303
             	SED dist: 1.4119963135666513		 Val SED dist: 4.350124524987263

Epoch 191/4500: Training Loss: 0.7417607043502076		 Val Loss: 2.1721640877101733
             	Training MAE: 0.090354323387146		 Val MAE: 0.06277050077915192
             	Algebraic dist: 5.650687017124078		 Val Algebraic dist: 11.805869724439537
             	RE1 dist: 42.17696681849631		 Val RE1 dist: 159.61917246942934
             	SED dist: 1.3989552853292204		 Val SED dist: 4.317022904105809

Epoch 192/4500: Training Loss: 0.7357467707672682		 Val Loss: 2.1754336149796196
             	Training MAE: 0.0898246169090271		 Val MAE: 0.05450611561536789
             	Algebraic dist: 5.635332283498617		 Val Algebraic dist: 12.023511803668478
             	RE1 dist: 41.94148552813653		 Val RE1 dist: 165.4225543478261
             	SED dist: 1.3884111805595596		 Val SED dist: 4.333699433699898


################
Empty points at 02


Epoch 193/4500: Training Loss: 0.7376737137122348		 Val Loss: 2.5358234903086787
             	Training MAE: 0.09032158553600311		 Val MAE: 0.06664460897445679
             	Algebraic dist: 5.570935013549354		 Val Algebraic dist: 13.099527110224185
             	RE1 dist: 40.92460288860701		 Val RE1 dist: 173.61001188858697
             	SED dist: 1.3909208290691306		 Val SED dist: 5.0401959626571

Epoch 194/4500: Training Loss: 0.7365968148206873		 Val Loss: 2.2243309020996094
             	Training MAE: 0.09058371186256409		 Val MAE: 0.06675216555595398
             	Algebraic dist: 5.591584265452029		 Val Algebraic dist: 11.674766208814537
             	RE1 dist: 41.23062009916974		 Val RE1 dist: 144.43178923233697
             	SED dist: 1.3878936204523178		 Val SED dist: 4.418739318847656


################
Empty points at 02


Epoch 195/4500: Training Loss: 0.7225712850085044		 Val Loss: 2.039681807808254
             	Training MAE: 0.08994569629430771		 Val MAE: 0.06038365140557289
             	Algebraic dist: 5.516504266605166		 Val Algebraic dist: 11.532050091287363
             	RE1 dist: 40.18934501845018		 Val RE1 dist: 148.74782396399456
             	SED dist: 1.3618542435424354		 Val SED dist: 4.057588991911515

Epoch 196/4500: Training Loss: 0.7269037676033498		 Val Loss: 2.238870040230129
             	Training MAE: 0.08997438102960587		 Val MAE: 0.05969347432255745
             	Algebraic dist: 5.534951297999308		 Val Algebraic dist: 11.964635434358016
             	RE1 dist: 39.925262338560884		 Val RE1 dist: 152.22087296195653
             	SED dist: 1.3708564786453528		 Val SED dist: 4.455951856530231

Epoch 197/4500: Training Loss: 0.7218950560172106		 Val Loss: 2.2418705484141475
             	Training MAE: 0.08928785473108292		 Val MAE: 0.05369977653026581
             	Algebraic dist: 5.409399504151292		 Val Algebraic dist: 12.112969439962637
             	RE1 dist: 38.71809415359779		 Val RE1 dist: 171.5120902683424
             	SED dist: 1.3609274550997463		 Val SED dist: 4.468336354131284

Epoch 198/4500: Training Loss: 0.7375715192393623		 Val Loss: 2.1669167228367017
             	Training MAE: 0.08882550895214081		 Val MAE: 0.05510127544403076
             	Algebraic dist: 5.5059318964771675		 Val Algebraic dist: 11.87285846212636
             	RE1 dist: 39.53472022024908		 Val RE1 dist: 154.96303923233697
             	SED dist: 1.392942308939691		 Val SED dist: 4.316615229067595


################
Empty points at 02


Epoch 199/4500: Training Loss: 0.7269953203377248		 Val Loss: 2.091370458188264
             	Training MAE: 0.08872764557600021		 Val MAE: 0.058702901005744934
             	Algebraic dist: 5.444553051487546		 Val Algebraic dist: 11.484284774116848
             	RE1 dist: 38.567692717942805		 Val RE1 dist: 141.9377972146739
             	SED dist: 1.372696767433983		 Val SED dist: 4.163394098696501

Epoch 200/4500: Training Loss: 0.7310282013952952		 Val Loss: 2.25433814007303
             	Training MAE: 0.08841901272535324		 Val MAE: 0.05473831668496132
             	Algebraic dist: 5.435475704854705		 Val Algebraic dist: 11.64736673106318
             	RE1 dist: 38.56907287822878		 Val RE1 dist: 156.6807277513587
             	SED dist: 1.381671863288457		 Val SED dist: 4.49069479237432

Epoch 201/4500: Training Loss: 0.7323831368196494		 Val Loss: 2.154643846594769
             	Training MAE: 0.0877416655421257		 Val MAE: 0.06003866344690323
             	Algebraic dist: 5.478670577721402		 Val Algebraic dist: 11.431884765625
             	RE1 dist: 39.31772514990775		 Val RE1 dist: 157.0977836277174
             	SED dist: 1.3849757571062038		 Val SED dist: 4.288218622622282

Epoch 202/4500: Training Loss: 0.7118904141922279		 Val Loss: 2.1017827573029892
             	Training MAE: 0.08857233077287674		 Val MAE: 0.06707200407981873
             	Algebraic dist: 5.248642361911901		 Val Algebraic dist: 10.910677039104959
             	RE1 dist: 36.66400484317343		 Val RE1 dist: 142.95702063519022
             	SED dist: 1.341728069685482		 Val SED dist: 4.170028354810632

Epoch 203/4500: Training Loss: 0.7246677074925046		 Val Loss: 2.093886665675951
             	Training MAE: 0.08843715488910675		 Val MAE: 0.0555068701505661
             	Algebraic dist: 5.333371320773755		 Val Algebraic dist: 11.055743010147758
             	RE1 dist: 36.93015596171587		 Val RE1 dist: 146.73464037024456
             	SED dist: 1.367446280053621		 Val SED dist: 4.167580314304518

Epoch 204/4500: Training Loss: 0.7109251690966617		 Val Loss: 2.1333535235861074
             	Training MAE: 0.08699031919240952		 Val MAE: 0.05946270748972893
             	Algebraic dist: 5.269678995618081		 Val Algebraic dist: 10.969626385232676
             	RE1 dist: 36.60851014760148		 Val RE1 dist: 128.30859375
             	SED dist: 1.3440760088142873		 Val SED dist: 4.240658967391305

Epoch 205/4500: Training Loss: 0.7293262552071321		 Val Loss: 2.105849556300951
             	Training MAE: 0.08822986483573914		 Val MAE: 0.055977825075387955
             	Algebraic dist: 5.254737769545664		 Val Algebraic dist: 11.176850692085598
             	RE1 dist: 36.58925637107934		 Val RE1 dist: 127.4918902853261
             	SED dist: 1.3768272259138608		 Val SED dist: 4.192369212274966


################
Empty points at 02


Epoch 206/4500: Training Loss: 0.7390583221322936		 Val Loss: 2.0936038805090864
             	Training MAE: 0.0867529809474945		 Val MAE: 0.06477373093366623
             	Algebraic dist: 5.391888044857011		 Val Algebraic dist: 10.84486256475034
             	RE1 dist: 37.589267181734314		 Val RE1 dist: 132.2953570822011
             	SED dist: 1.3991479627320687		 Val SED dist: 4.158539150072181

Epoch 207/4500: Training Loss: 0.723012100726476		 Val Loss: 2.064097031303074
             	Training MAE: 0.08842530101537704		 Val MAE: 0.061450883746147156
             	Algebraic dist: 5.1864265920491235		 Val Algebraic dist: 10.529523766559103
             	RE1 dist: 35.95044035401291		 Val RE1 dist: 123.94053583559783
             	SED dist: 1.3641024093346403		 Val SED dist: 4.104807978091032


################
Empty points at 02


Epoch 208/4500: Training Loss: 0.7554329734886704		 Val Loss: 2.0901260375976562
             	Training MAE: 0.08758125454187393		 Val MAE: 0.06706696003675461
             	Algebraic dist: 5.376199982702952		 Val Algebraic dist: 10.934430993121603
             	RE1 dist: 37.47930119926199		 Val RE1 dist: 130.3302055027174
             	SED dist: 1.4301460519488007		 Val SED dist: 4.149925895359205

Epoch 209/4500: Training Loss: 0.742082997001845		 Val Loss: 2.113536668860394
             	Training MAE: 0.086506687104702		 Val MAE: 0.05283980444073677
             	Algebraic dist: 5.299898379843174		 Val Algebraic dist: 10.66988405974015
             	RE1 dist: 36.73921817343174		 Val RE1 dist: 137.26163383152175
             	SED dist: 1.405671629958487		 Val SED dist: 4.212153890858525

Epoch 210/4500: Training Loss: 0.7066875049548835		 Val Loss: 2.0852953040081523
             	Training MAE: 0.08709798753261566		 Val MAE: 0.06054804101586342
             	Algebraic dist: 5.154914884109779		 Val Algebraic dist: 10.61761939007303
             	RE1 dist: 34.888999798201105		 Val RE1 dist: 120.92703379755434
             	SED dist: 1.3340705224068843		 Val SED dist: 4.147803596828295

Epoch 211/4500: Training Loss: 0.7092461955503344		 Val Loss: 2.2300298939580503
             	Training MAE: 0.08628863841295242		 Val MAE: 0.05481050908565521
             	Algebraic dist: 5.14390423201107		 Val Algebraic dist: 10.961154440174932
             	RE1 dist: 34.43526219441882		 Val RE1 dist: 129.112060546875
             	SED dist: 1.339694315217078		 Val SED dist: 4.444801662279212

Epoch 212/4500: Training Loss: 0.7104394215939229		 Val Loss: 2.1031159110691235
             	Training MAE: 0.08695295453071594		 Val MAE: 0.05410723388195038
             	Algebraic dist: 5.052310056791974		 Val Algebraic dist: 10.619565880816916
             	RE1 dist: 33.77696537707565		 Val RE1 dist: 128.57431428328803
             	SED dist: 1.3402705456497925		 Val SED dist: 4.188452347465184


################
Empty points at 02


Epoch 213/4500: Training Loss: 0.7181850306662246		 Val Loss: 2.0043711454971977
             	Training MAE: 0.08625347912311554		 Val MAE: 0.05749934911727905
             	Algebraic dist: 5.126713939258533		 Val Algebraic dist: 10.57264112389606
             	RE1 dist: 34.804373991005534		 Val RE1 dist: 118.82112984035327
             	SED dist: 1.358786269747463		 Val SED dist: 3.9853372988493545

Epoch 214/4500: Training Loss: 0.7251003026082506		 Val Loss: 2.1951715220575747
             	Training MAE: 0.08622075617313385		 Val MAE: 0.05948242172598839
             	Algebraic dist: 5.116481203874539		 Val Algebraic dist: 10.87587373153023
             	RE1 dist: 33.8000785574262		 Val RE1 dist: 126.36459748641305
             	SED dist: 1.3715070323310654		 Val SED dist: 4.365301712699559


################
Empty points at 02


Epoch 215/4500: Training Loss: 0.715772396524014		 Val Loss: 1.973534459653108
             	Training MAE: 0.08590652048587799		 Val MAE: 0.05722746253013611
             	Algebraic dist: 5.000236032633764		 Val Algebraic dist: 9.98852074664572
             	RE1 dist: 32.88592596863469		 Val RE1 dist: 103.77682362432066
             	SED dist: 1.3531862378560309		 Val SED dist: 3.928466796875

Epoch 216/4500: Training Loss: 0.711046451132236		 Val Loss: 2.2085315870202105
             	Training MAE: 0.08499622344970703		 Val MAE: 0.05762682482600212
             	Algebraic dist: 5.075500263059271		 Val Algebraic dist: 10.6958240011464
             	RE1 dist: 33.52906624769373		 Val RE1 dist: 126.62498938519022
             	SED dist: 1.3465216942818843		 Val SED dist: 4.395353897758152

Epoch 217/4500: Training Loss: 0.6958572556611796		 Val Loss: 2.1354658707328467
             	Training MAE: 0.08580237627029419		 Val MAE: 0.056844111531972885
             	Algebraic dist: 4.907843670721864		 Val Algebraic dist: 10.237832110861074
             	RE1 dist: 31.64452404289668		 Val RE1 dist: 132.94141686480978
             	SED dist: 1.3143533516633994		 Val SED dist: 4.245511594025985

Epoch 218/4500: Training Loss: 0.6952234247073916		 Val Loss: 2.0829993538234546
             	Training MAE: 0.08467470854520798		 Val MAE: 0.060728080570697784
             	Algebraic dist: 4.902208166368773		 Val Algebraic dist: 10.150303052819293
             	RE1 dist: 31.509888145756456		 Val RE1 dist: 115.25654933763587
             	SED dist: 1.314701544842597		 Val SED dist: 4.140722191852072

Epoch 219/4500: Training Loss: 0.7078955956490717		 Val Loss: 2.2483683047087295
             	Training MAE: 0.08392439782619476		 Val MAE: 0.055695343762636185
             	Algebraic dist: 4.931169460620388		 Val Algebraic dist: 11.070782868758492
             	RE1 dist: 31.62940354012915		 Val RE1 dist: 134.56953761888587
             	SED dist: 1.339636207946552		 Val SED dist: 4.476325657056726

Epoch 220/4500: Training Loss: 0.7117416550752421		 Val Loss: 2.0597267150878906
             	Training MAE: 0.08487517386674881		 Val MAE: 0.059959493577480316
             	Algebraic dist: 4.926812316218865		 Val Algebraic dist: 10.120138417119565
             	RE1 dist: 31.514053851476014		 Val RE1 dist: 112.6746136209239
             	SED dist: 1.3469821606175045		 Val SED dist: 4.0967284492824385

Epoch 221/4500: Training Loss: 0.7166102785905789		 Val Loss: 1.9952661265497622
             	Training MAE: 0.08583342283964157		 Val MAE: 0.07417577505111694
             	Algebraic dist: 4.881771524014068		 Val Algebraic dist: 9.663097215735394
             	RE1 dist: 31.22147428505535		 Val RE1 dist: 102.16756538722827
             	SED dist: 1.354121697344903		 Val SED dist: 3.946117235266644

Epoch 222/4500: Training Loss: 0.7154284825624135		 Val Loss: 2.059669826341712
             	Training MAE: 0.08618003875017166		 Val MAE: 0.05738391727209091
             	Algebraic dist: 4.856135857501153		 Val Algebraic dist: 10.155263486115828
             	RE1 dist: 30.27657979704797		 Val RE1 dist: 109.1247027853261
             	SED dist: 1.3497161302179428		 Val SED dist: 4.097159012504246

Epoch 223/4500: Training Loss: 0.7039447516972729		 Val Loss: 2.1249663311502207
             	Training MAE: 0.08463768661022186		 Val MAE: 0.0578051395714283
             	Algebraic dist: 4.784939586456411		 Val Algebraic dist: 10.069761856742527
             	RE1 dist: 30.40729142642989		 Val RE1 dist: 112.18849779211956
             	SED dist: 1.3303307114492042		 Val SED dist: 4.223077193550441

Epoch 224/4500: Training Loss: 0.7022659470674296		 Val Loss: 2.009370057479195
             	Training MAE: 0.0850449874997139		 Val MAE: 0.053854044526815414
             	Algebraic dist: 4.768363699261992		 Val Algebraic dist: 9.881487639054008
             	RE1 dist: 29.569080085332104		 Val RE1 dist: 101.57472826086956
             	SED dist: 1.3264316685525255		 Val SED dist: 4.000389762546705

Epoch 225/4500: Training Loss: 0.7176276062687384		 Val Loss: 2.019132199494735
             	Training MAE: 0.08351686596870422		 Val MAE: 0.05249062180519104
             	Algebraic dist: 4.847694087292435		 Val Algebraic dist: 9.640082981275475
             	RE1 dist: 30.534896794280442		 Val RE1 dist: 110.38258958899456
             	SED dist: 1.3599340009513377		 Val SED dist: 4.022005495817765

Epoch 226/4500: Training Loss: 0.6887398469931965		 Val Loss: 2.115940923276155
             	Training MAE: 0.08370418846607208		 Val MAE: 0.06271100789308548
             	Algebraic dist: 4.713817188220711		 Val Algebraic dist: 9.99126732867697
             	RE1 dist: 29.34799138030443		 Val RE1 dist: 103.76206903872283
             	SED dist: 1.3021803289321956		 Val SED dist: 4.201212343962296

Epoch 227/4500: Training Loss: 0.6928805530731088		 Val Loss: 2.0949075118355127
             	Training MAE: 0.08439330011606216		 Val MAE: 0.05456199496984482
             	Algebraic dist: 4.657542774158211		 Val Algebraic dist: 9.71379222040591
             	RE1 dist: 28.480283167089482		 Val RE1 dist: 104.82873004415761
             	SED dist: 1.308126189172048		 Val SED dist: 4.168948629628057

Epoch 228/4500: Training Loss: 0.7289586366322648		 Val Loss: 2.046171934708305
             	Training MAE: 0.08359211683273315		 Val MAE: 0.054873496294021606
             	Algebraic dist: 4.852849418386762		 Val Algebraic dist: 9.66619342306386
             	RE1 dist: 30.520414120156826		 Val RE1 dist: 106.05726689877717
             	SED dist: 1.382600340895987		 Val SED dist: 4.072947958241338

Epoch 229/4500: Training Loss: 0.7082104559754093		 Val Loss: 2.1473922729492188
             	Training MAE: 0.08265569061040878		 Val MAE: 0.05378740653395653
             	Algebraic dist: 4.758780504064807		 Val Algebraic dist: 9.986279694930367
             	RE1 dist: 29.37089915821033		 Val RE1 dist: 125.7434612771739
             	SED dist: 1.3430414516547509		 Val SED dist: 4.279562576957371


################
Empty points at 02


Epoch 230/4500: Training Loss: 0.6997955434876615		 Val Loss: 2.0642942345660664
             	Training MAE: 0.08328954130411148		 Val MAE: 0.05325613170862198
             	Algebraic dist: 4.6499518925853325		 Val Algebraic dist: 9.987423440684443
             	RE1 dist: 28.149787030096864		 Val RE1 dist: 118.53602666440217
             	SED dist: 1.323349618383879		 Val SED dist: 4.1123514590056045


################
Empty points at 02


Epoch 231/4500: Training Loss: 0.6958614785732818		 Val Loss: 2.0726958565090015
             	Training MAE: 0.08377508819103241		 Val MAE: 0.06777369230985641
             	Algebraic dist: 4.6170388534940034		 Val Algebraic dist: 9.591789577318275
             	RE1 dist: 27.8780666224631		 Val RE1 dist: 101.95956818953805
             	SED dist: 1.316010647594269		 Val SED dist: 4.115901781165081

Epoch 232/4500: Training Loss: 0.6960075350265221		 Val Loss: 1.9960718569548235
             	Training MAE: 0.08470982313156128		 Val MAE: 0.0544314906001091
             	Algebraic dist: 4.527374830633072		 Val Algebraic dist: 9.283970708432404
             	RE1 dist: 27.00696746713561		 Val RE1 dist: 98.75202742866848
             	SED dist: 1.312902471676084		 Val SED dist: 3.97277135434358

Epoch 233/4500: Training Loss: 0.6879749931532518		 Val Loss: 2.2120255180027173
             	Training MAE: 0.08298305422067642		 Val MAE: 0.0645313560962677
             	Algebraic dist: 4.5224465232933575		 Val Algebraic dist: 9.9100865903108
             	RE1 dist: 27.069779174354245		 Val RE1 dist: 100.2472507642663
             	SED dist: 1.300301301963215		 Val SED dist: 4.393483037533968

