Sun 29 Dec 2024 21:21:22 IST

SLURM_JOBID:		 2114798
SLURM_JOB_NODELIST:	 ise-cpu256-09 


/home/alonkay/.conda/envs/alon_env/lib/python3.9/site-packages/transformers/utils/generic.py:260: FutureWarning: `torch.utils._pytree._register_pytree_node` is deprecated. Please use `torch.utils._pytree.register_pytree_node` instead.
  torch.utils._pytree._register_pytree_node(
/home/alonkay/.conda/envs/alon_env/lib/python3.9/site-packages/huggingface_hub/file_download.py:797: FutureWarning: `resume_download` is deprecated and will be removed in version 1.0.0. Downloads always resume when possible. If you want to force a new download, use `force_download=True`.
  warnings.warn(
/cs_storage/alonkay/Thesis/FMatrixRegressor.py:348: FutureWarning: You are using `torch.load` with `weights_only=False` (the current default value), which uses the default pickle module implicitly. It is possible to construct malicious pickle data which will execute arbitrary code during unpickling (See https://github.com/pytorch/pytorch/blob/main/SECURITY.md#untrusted-models for more details). In a future release, the default value for `weights_only` will be flipped to `True`. This limits the functions that could be executed during unpickling. Arbitrary objects will no longer be allowed to be loaded via this mode unless they are explicitly allowlisted by the user via `torch.serialization.add_safe_globals`. We recommend you start setting `weights_only=True` for any use case where you don't have full control of the loaded file. Please open an issue on GitHub for any issues related to this experimental feature.
  checkpoint = torch.load(model_path, map_location='cpu')

###########################################################################################################################################################

 learning rate: 0.0001, mlp_hidden_sizes: [1024, 512], jump_frames: 6, use_reconstruction_layer: True
batch_size: 8, norm: True, train_seqeunces: [0, 2, 3, 5], val_sequences: [6, 7, 8], RL_TEST_NAMES: ['fe2fadf89a84e92a', 'f01e8b6f8e10fdd9', 'f1ee9dc6135e5307', 'a41df4fa06fd391b', 'bc0ebb7482f14795', '9bdd34e784c04e3a', '98ebee1c36ecec55'], dataset: Flying,
average embeddings: False, model: microsoft/resnet-152, augmentation: True, random crop: True, part: None, get_old_path: False, computer: 1,
RE1 coeff: 0 SED coeff: 0.5, ALG_COEFF: 0, L2_coeff: 1, huber_coeff: 1, frozen layers: 0, trained vit: None, MAX_POOL_SIZE: 3
crop: 224 resize: 256, use conv: True pretrained: None, train_size: 170, norm_mean: tensor([0.5000, 0.5000, 0.5000], device='cuda:0'), norm_std: tensor([0.5000, 0.5000, 0.5000], device='cuda:0'), sched: None seed: 300

train size: 1455, val size: 353, test size: 1231

##### CONTINUE TRAINING #####

Epoch 4961/8000: Training Loss: 0.33126422337123324		 Val Loss: 0.5652281867133246
             	Training MAE: 0.07162677496671677		 Val MAE: 0.05653512850403786
             	Algebraic dist: 0.37995990292056575		 Val Algebraic dist: 0.46915308634440106
             	RE1 dist: 0.1512016883263221		 Val RE1 dist: 0.2626121097140842
             	SED dist: 0.606184823172433		 Val SED dist: 1.1026573181152344

Epoch 4962/8000: Training Loss: 0.24903959756369118		 Val Loss: 0.477985594007704
             	Training MAE: 0.07060595601797104		 Val MAE: 0.058929361402988434
             	Algebraic dist: 0.31565200889503564		 Val Algebraic dist: 0.39041726854112413
             	RE1 dist: 0.10300573411878648		 Val RE1 dist: 0.2040220684475369
             	SED dist: 0.44484459174858343		 Val SED dist: 0.9280036926269531

Epoch 4963/8000: Training Loss: 0.25461614000928273		 Val Loss: 0.46083755493164064
             	Training MAE: 0.07104126363992691		 Val MAE: 0.07180643081665039
             	Algebraic dist: 0.31679637615497297		 Val Algebraic dist: 0.3660101148817274
             	RE1 dist: 0.10304842938433637		 Val RE1 dist: 0.1884132597181532
             	SED dist: 0.45410759894402475		 Val SED dist: 0.8801036410861545

Epoch 4964/8000: Training Loss: 0.2975446051293677		 Val Loss: 0.47831942240397135
             	Training MAE: 0.0725993886590004		 Val MAE: 0.0726126879453659
             	Algebraic dist: 0.3418760194883242		 Val Algebraic dist: 0.37335972256130645
             	RE1 dist: 0.12383011409214564		 Val RE1 dist: 0.18689933353000218
             	SED dist: 0.5382085946890024		 Val SED dist: 0.9098118252224392

Epoch 4965/8000: Training Loss: 0.41555777748862466		 Val Loss: 0.5735810173882379
             	Training MAE: 0.07385517656803131		 Val MAE: 0.07043540477752686
             	Algebraic dist: 0.42240469796316965		 Val Algebraic dist: 0.4117936028374566
             	RE1 dist: 0.18695122855050222		 Val RE1 dist: 0.2436237547132704
             	SED dist: 0.7737574315333104		 Val SED dist: 1.1066696166992187

Epoch 4966/8000: Training Loss: 0.6754040141682048		 Val Loss: 0.8001754760742188
             	Training MAE: 0.07357929646968842		 Val MAE: 0.0666031762957573
             	Algebraic dist: 0.5885728689340445		 Val Algebraic dist: 0.5600062476264106
             	RE1 dist: 0.3408364516038161		 Val RE1 dist: 0.41202371385362413
             	SED dist: 1.293167030418312		 Val SED dist: 1.5657952202690972

Epoch 4967/8000: Training Loss: 0.21984540499173677		 Val Loss: 0.6553479088677301
             	Training MAE: 0.06943318247795105		 Val MAE: 0.05845576152205467
             	Algebraic dist: 0.2814927991929945		 Val Algebraic dist: 0.49982549879286026
             	RE1 dist: 0.0915107412652655		 Val RE1 dist: 0.28820921579996744
             	SED dist: 0.3859442406958276		 Val SED dist: 1.2814098782009549

Epoch 4968/8000: Training Loss: 0.38272430084563874		 Val Loss: 0.6033356136745877
             	Training MAE: 0.07040183246135712		 Val MAE: 0.07024461776018143
             	Algebraic dist: 0.4154609847854782		 Val Algebraic dist: 0.4920498318142361
             	RE1 dist: 0.17725804087879893		 Val RE1 dist: 0.27315122816297743
             	SED dist: 0.7107801332578554		 Val SED dist: 1.1653910319010417

Epoch 4969/8000: Training Loss: 0.3193501482953082		 Val Loss: 0.718469746907552
             	Training MAE: 0.07100190222263336		 Val MAE: 0.07738671451807022
             	Algebraic dist: 0.3707657279549064		 Val Algebraic dist: 0.5190236409505208
             	RE1 dist: 0.14168555919940656		 Val RE1 dist: 0.33585281372070314
             	SED dist: 0.5843406090369592		 Val SED dist: 1.3904575771755643

Epoch 4970/8000: Training Loss: 0.26988687620058166		 Val Loss: 0.528520753648546
             	Training MAE: 0.06910523027181625		 Val MAE: 0.05971284210681915
             	Algebraic dist: 0.33168717269059067		 Val Algebraic dist: 0.4278409745958116
             	RE1 dist: 0.11442266191755023		 Val RE1 dist: 0.23421796162923178
             	SED dist: 0.4880663274408697		 Val SED dist: 1.0271611531575522

Epoch 4971/8000: Training Loss: 0.2584241720346304		 Val Loss: 0.49982359144422744
             	Training MAE: 0.0704231783747673		 Val MAE: 0.05897294729948044
             	Algebraic dist: 0.31764740996308377		 Val Algebraic dist: 0.4248013390435113
             	RE1 dist: 0.10767811995286208		 Val RE1 dist: 0.21587189568413628
             	SED dist: 0.4632938929966518		 Val SED dist: 0.9709496392144097

Epoch 4972/8000: Training Loss: 0.30872879447517815		 Val Loss: 0.6046059926350912
             	Training MAE: 0.07298747450113297		 Val MAE: 0.052837930619716644
             	Algebraic dist: 0.3494017464773996		 Val Algebraic dist: 0.456525633070204
             	RE1 dist: 0.12891931848211602		 Val RE1 dist: 0.2755655924479167
             	SED dist: 0.5604762402209607		 Val SED dist: 1.1849119398328993

Epoch 4973/8000: Training Loss: 0.2762417426476112		 Val Loss: 0.49057163662380643
             	Training MAE: 0.07136840373277664		 Val MAE: 0.05502563342452049
             	Algebraic dist: 0.33941646198649983		 Val Algebraic dist: 0.4164430406358507
             	RE1 dist: 0.11727167485834478		 Val RE1 dist: 0.21397936079237195
             	SED dist: 0.49650808481069714		 Val SED dist: 0.9542427062988281

Epoch 4974/8000: Training Loss: 0.4428309346293355		 Val Loss: 0.6214662763807509
             	Training MAE: 0.07044771313667297		 Val MAE: 0.0626891478896141
             	Algebraic dist: 0.43004092541369765		 Val Algebraic dist: 0.47332695855034723
             	RE1 dist: 0.20829896612481758		 Val RE1 dist: 0.2983741760253906
             	SED dist: 0.8317966670780391		 Val SED dist: 1.2109953138563367

Epoch 4975/8000: Training Loss: 0.3480938293121673		 Val Loss: 0.5910413953993056
             	Training MAE: 0.07184756547212601		 Val MAE: 0.05448406934738159
             	Algebraic dist: 0.39421945089822286		 Val Algebraic dist: 0.4343063778347439
             	RE1 dist: 0.16241799868070161		 Val RE1 dist: 0.27392438252766926
             	SED dist: 0.6400802109267686		 Val SED dist: 1.1569564819335938

Epoch 4976/8000: Training Loss: 0.6516243651673034		 Val Loss: 0.7531506856282552
             	Training MAE: 0.07184358686208725		 Val MAE: 0.06323102116584778
             	Algebraic dist: 0.5623061630752061		 Val Algebraic dist: 0.535175069173177
             	RE1 dist: 0.33449009486607145		 Val RE1 dist: 0.36995137532552086
             	SED dist: 1.2482617556393802		 Val SED dist: 1.4721447414822049

Epoch 4977/8000: Training Loss: 0.3394824436732701		 Val Loss: 0.8094880845811632
             	Training MAE: 0.07047765702009201		 Val MAE: 0.08377425372600555
             	Algebraic dist: 0.3860897022289234		 Val Algebraic dist: 0.6121546003553603
             	RE1 dist: 0.15610606853778547		 Val RE1 dist: 0.3438351737128364
             	SED dist: 0.624441167810461		 Val SED dist: 1.5548402574327258

Epoch 4978/8000: Training Loss: 0.23103588230007296		 Val Loss: 0.5094238705105252
             	Training MAE: 0.07286816090345383		 Val MAE: 0.061253100633621216
             	Algebraic dist: 0.2884663592328082		 Val Algebraic dist: 0.4209249708387587
             	RE1 dist: 0.09255328545203576		 Val RE1 dist: 0.21846175723605685
             	SED dist: 0.40447147075946516		 Val SED dist: 0.9865765889485677

Epoch 4979/8000: Training Loss: 0.4442637516902043		 Val Loss: 0.706891844007704
             	Training MAE: 0.07208900898694992		 Val MAE: 0.06018151342868805
             	Algebraic dist: 0.4265044076102121		 Val Algebraic dist: 0.4977617899576823
             	RE1 dist: 0.2027758084810697		 Val RE1 dist: 0.3438780890570747
             	SED dist: 0.8345741858849158		 Val SED dist: 1.3861506991916233

Epoch 4980/8000: Training Loss: 0.23204153710669215		 Val Loss: 0.5375300089518229
             	Training MAE: 0.06950251013040543		 Val MAE: 0.061784811317920685
             	Algebraic dist: 0.3012717949165093		 Val Algebraic dist: 0.42431683010525173
             	RE1 dist: 0.09611033345316793		 Val RE1 dist: 0.23246599833170573
             	SED dist: 0.41131025880247685		 Val SED dist: 1.0439090304904515

Epoch 4981/8000: Training Loss: 0.29279444767878604		 Val Loss: 0.5285697089301216
             	Training MAE: 0.0713333785533905		 Val MAE: 0.05298244208097458
             	Algebraic dist: 0.3353808895572201		 Val Algebraic dist: 0.43821818033854165
             	RE1 dist: 0.12290363521366329		 Val RE1 dist: 0.24354953765869142
             	SED dist: 0.5303091950468964		 Val SED dist: 1.0336981879340277

Epoch 4982/8000: Training Loss: 0.34897435366452395		 Val Loss: 0.5610848744710286
             	Training MAE: 0.07413569837808609		 Val MAE: 0.06179233267903328
             	Algebraic dist: 0.39286410153567136		 Val Algebraic dist: 0.43124877081977
             	RE1 dist: 0.15332367655995127		 Val RE1 dist: 0.24926908281114366
             	SED dist: 0.6401738177289019		 Val SED dist: 1.092084248860677

Epoch 4983/8000: Training Loss: 0.4375267867203597		 Val Loss: 0.8971237182617188
             	Training MAE: 0.0729915052652359		 Val MAE: 0.07864601910114288
             	Algebraic dist: 0.4353998624361478		 Val Algebraic dist: 0.6924229092068143
             	RE1 dist: 0.2023450201684302		 Val RE1 dist: 0.4287199232313368
             	SED dist: 0.817682622553228		 Val SED dist: 1.745425075954861

Epoch 4984/8000: Training Loss: 0.3680495377425309		 Val Loss: 0.5197505950927734
             	Training MAE: 0.07114110141992569		 Val MAE: 0.05600941553711891
             	Algebraic dist: 0.3937877193912045		 Val Algebraic dist: 0.4121033562554253
             	RE1 dist: 0.17521950438782408		 Val RE1 dist: 0.2257695092095269
             	SED dist: 0.6808480482835036		 Val SED dist: 1.0121465894911024

Epoch 4985/8000: Training Loss: 0.3716213938954112		 Val Loss: 0.5965855916341146
             	Training MAE: 0.07217388600111008		 Val MAE: 0.055393803864717484
             	Algebraic dist: 0.4050451006208147		 Val Algebraic dist: 0.4626447889539931
             	RE1 dist: 0.16697996789282496		 Val RE1 dist: 0.2805341508653429
             	SED dist: 0.6867371863061256		 Val SED dist: 1.1680016411675347

Epoch 4986/8000: Training Loss: 0.2885578910073081		 Val Loss: 0.6658418867323134
             	Training MAE: 0.07018786668777466		 Val MAE: 0.05831130966544151
             	Algebraic dist: 0.3493099841442737		 Val Algebraic dist: 0.48912039862738715
             	RE1 dist: 0.12296752091292497		 Val RE1 dist: 0.29766737620035805
             	SED dist: 0.5223866557026957		 Val SED dist: 1.3033050537109374

Epoch 4987/8000: Training Loss: 0.3717577588427198		 Val Loss: 0.6279625786675347
             	Training MAE: 0.06991817057132721		 Val MAE: 0.05617406219244003
             	Algebraic dist: 0.4064813131814475		 Val Algebraic dist: 0.4881130218505859
             	RE1 dist: 0.1669727052961077		 Val RE1 dist: 0.2827789094712999
             	SED dist: 0.6899843320741759		 Val SED dist: 1.2284316168891058

Epoch 4988/8000: Training Loss: 0.40599278041294645		 Val Loss: 0.6321784973144531
             	Training MAE: 0.07149161398410797		 Val MAE: 0.05607764050364494
             	Algebraic dist: 0.42362355661916207		 Val Algebraic dist: 0.5193031734890408
             	RE1 dist: 0.19306111597752834		 Val RE1 dist: 0.305889532301161
             	SED dist: 0.757398668226305		 Val SED dist: 1.2368792215983073

Epoch 4989/8000: Training Loss: 0.3651735075227507		 Val Loss: 0.6962203555636935
             	Training MAE: 0.07059120386838913		 Val MAE: 0.05447696894407272
             	Algebraic dist: 0.41113511808625947		 Val Algebraic dist: 0.5702994452582465
             	RE1 dist: 0.16554134494655734		 Val RE1 dist: 0.3430827458699544
             	SED dist: 0.6756378006149124		 Val SED dist: 1.3672656589084202

Epoch 4990/8000: Training Loss: 0.36539945497617615		 Val Loss: 0.768017069498698
             	Training MAE: 0.0732080414891243		 Val MAE: 0.08112636208534241
             	Algebraic dist: 0.40859817672561816		 Val Algebraic dist: 0.5561261071099175
             	RE1 dist: 0.16125846695113968		 Val RE1 dist: 0.3191381242540148
             	SED dist: 0.6734232640528417		 Val SED dist: 1.4815694173177083

Epoch 4991/8000: Training Loss: 0.439804202907688		 Val Loss: 0.5965687645806207
             	Training MAE: 0.07175960391759872		 Val MAE: 0.0657750740647316
             	Algebraic dist: 0.4266798836844308		 Val Algebraic dist: 0.4589305029975043
             	RE1 dist: 0.20370713957063444		 Val RE1 dist: 0.26653308868408204
             	SED dist: 0.8235671494033311		 Val SED dist: 1.154246860080295

Epoch 4992/8000: Training Loss: 0.5127119965605683		 Val Loss: 0.6946876525878907
             	Training MAE: 0.07200443744659424		 Val MAE: 0.0641922801733017
             	Algebraic dist: 0.49996625460111177		 Val Algebraic dist: 0.4993996090359158
             	RE1 dist: 0.24603382571712956		 Val RE1 dist: 0.3255027347140842
             	SED dist: 0.9707699450817737		 Val SED dist: 1.356383090549045

Epoch 4993/8000: Training Loss: 0.2629933619237208		 Val Loss: 0.9474998474121094
             	Training MAE: 0.07044709473848343		 Val MAE: 0.08856815844774246
             	Algebraic dist: 0.32775608523861394		 Val Algebraic dist: 0.6998145209418403
             	RE1 dist: 0.11134106772286552		 Val RE1 dist: 0.39737930297851565
             	SED dist: 0.47194005106831644		 Val SED dist: 1.8326929728190104

Epoch 4994/8000: Training Loss: 0.24999339763934797		 Val Loss: 0.7146847195095486
             	Training MAE: 0.07037252187728882		 Val MAE: 0.05899094045162201
             	Algebraic dist: 0.31679706783085076		 Val Algebraic dist: 0.5648932139078776
             	RE1 dist: 0.10061575292230962		 Val RE1 dist: 0.3222984313964844
             	SED dist: 0.44563197041605856		 Val SED dist: 1.4010556538899739

Epoch 4995/8000: Training Loss: 0.27772662403819326		 Val Loss: 0.50573607550727
             	Training MAE: 0.06956212222576141		 Val MAE: 0.05812419578433037
             	Algebraic dist: 0.33533004090026186		 Val Algebraic dist: 0.4045981936984592
             	RE1 dist: 0.11582435356391656		 Val RE1 dist: 0.2271206537882487
             	SED dist: 0.5031177394992703		 Val SED dist: 0.9845821804470486

Epoch 4996/8000: Training Loss: 0.22257733607030178		 Val Loss: 0.4372142367892795
             	Training MAE: 0.07200496643781662		 Val MAE: 0.06785788387060165
             	Algebraic dist: 0.2878521300934173		 Val Algebraic dist: 0.3936409420437283
             	RE1 dist: 0.08619474054692866		 Val RE1 dist: 0.1787314732869466
             	SED dist: 0.3882974058717162		 Val SED dist: 0.8377229478624132

Epoch 4997/8000: Training Loss: 0.3643483591603709		 Val Loss: 0.8713685777452257
             	Training MAE: 0.07098071277141571		 Val MAE: 0.06810735911130905
             	Algebraic dist: 0.3846362606509701		 Val Algebraic dist: 0.6159625583224826
             	RE1 dist: 0.15417828402676426		 Val RE1 dist: 0.4531168619791667
             	SED dist: 0.6736718062516097		 Val SED dist: 1.7039452446831598

Epoch 4998/8000: Training Loss: 0.29239447038252275		 Val Loss: 0.5200916714138455
             	Training MAE: 0.07181219756603241		 Val MAE: 0.06008094176650047
             	Algebraic dist: 0.34814251910199173		 Val Algebraic dist: 0.394492424858941
             	RE1 dist: 0.12710337586455292		 Val RE1 dist: 0.2240857442220052
             	SED dist: 0.5282597384610019		 Val SED dist: 1.0082521226671006

Epoch 4999/8000: Training Loss: 0.5051306839827653		 Val Loss: 0.7175001356336805
             	Training MAE: 0.07277031987905502		 Val MAE: 0.06547530740499496
             	Algebraic dist: 0.492850335089715		 Val Algebraic dist: 0.527680163913303
             	RE1 dist: 0.24220812451708448		 Val RE1 dist: 0.33523103925916886
             	SED dist: 0.9544684441535027		 Val SED dist: 1.4006648593478732

Epoch 5000/8000: Training Loss: 0.21102611835186297		 Val Loss: 0.4457706027560764
             	Training MAE: 0.0709357038140297		 Val MAE: 0.056130971759557724
             	Algebraic dist: 0.2744283780946836		 Val Algebraic dist: 0.3979560004340278
             	RE1 dist: 0.08235396395672809		 Val RE1 dist: 0.19741814931233723
             	SED dist: 0.36664652562403416		 Val SED dist: 0.8649874369303385

Epoch 5001/8000: Training Loss: 0.2738491938664363		 Val Loss: 0.45744311014811195
             	Training MAE: 0.07094886898994446		 Val MAE: 0.06736300140619278
             	Algebraic dist: 0.33291424761761673		 Val Algebraic dist: 0.38840768602159287
             	RE1 dist: 0.11405254196334672		 Val RE1 dist: 0.18596426645914713
             	SED dist: 0.4927495600103022		 Val SED dist: 0.8753546820746527

Epoch 5002/8000: Training Loss: 0.347462161556705		 Val Loss: 0.653407965766059
             	Training MAE: 0.07268144935369492		 Val MAE: 0.05382489040493965
             	Algebraic dist: 0.37607205569089114		 Val Algebraic dist: 0.5277631123860677
             	RE1 dist: 0.15004256531432436		 Val RE1 dist: 0.3026570849948459
             	SED dist: 0.6396883870219137		 Val SED dist: 1.2823076883951823

Epoch 5003/8000: Training Loss: 0.22815551338614998		 Val Loss: 0.47128431532118054
             	Training MAE: 0.06938564777374268		 Val MAE: 0.06076498329639435
             	Algebraic dist: 0.2956186022077288		 Val Algebraic dist: 0.4275816175672743
             	RE1 dist: 0.09187485621525691		 Val RE1 dist: 0.20786969926622179
             	SED dist: 0.40304016280960253		 Val SED dist: 0.9116116841634114

Epoch 5004/8000: Training Loss: 0.2752502776764251		 Val Loss: 0.4645147959391276
             	Training MAE: 0.07041072100400925		 Val MAE: 0.0682244822382927
             	Algebraic dist: 0.32701842339484244		 Val Algebraic dist: 0.39298133850097655
             	RE1 dist: 0.11458145393120063		 Val RE1 dist: 0.18480955759684245
             	SED dist: 0.49570364480490214		 Val SED dist: 0.892661624484592

Epoch 5005/8000: Training Loss: 0.3865774385221712		 Val Loss: 5.0002685546875
             	Training MAE: 0.07160497456789017		 Val MAE: 0.06563985347747803
             	Algebraic dist: 0.3814399635398781		 Val Algebraic dist: 1.8491548326280383
             	RE1 dist: 0.1620423138796628		 Val RE1 dist: 2.584583028157552
             	SED dist: 0.7169990958748284		 Val SED dist: 9.965830485026041

Epoch 5006/8000: Training Loss: 0.5948149712531121		 Val Loss: 0.7660157945421007
             	Training MAE: 0.07226578146219254		 Val MAE: 0.06505531817674637
             	Algebraic dist: 0.5172104049514938		 Val Algebraic dist: 0.581345960828993
             	RE1 dist: 0.3140537345802391		 Val RE1 dist: 0.37776476542154946
             	SED dist: 1.1343344384497338		 Val SED dist: 1.4974222819010417

Epoch 5007/8000: Training Loss: 0.23946168920496008		 Val Loss: 0.5915435791015625
             	Training MAE: 0.07003725320100784		 Val MAE: 0.05863448604941368
             	Algebraic dist: 0.30320702018318596		 Val Algebraic dist: 0.4774959988064236
             	RE1 dist: 0.09894469544127747		 Val RE1 dist: 0.25905723571777345
             	SED dist: 0.42462221082750257		 Val SED dist: 1.1531129625108507

Epoch 5008/8000: Training Loss: 0.2675944108229417		 Val Loss: 0.5598890940348308
             	Training MAE: 0.07031895965337753		 Val MAE: 0.07362291216850281
             	Algebraic dist: 0.3313130598801833		 Val Algebraic dist: 0.4911619398328993
             	RE1 dist: 0.11190980345338256		 Val RE1 dist: 0.24059338039822048
             	SED dist: 0.48016747275551597		 Val SED dist: 1.0754092746310764

Epoch 5009/8000: Training Loss: 0.23950132432874743		 Val Loss: 0.48577927483452693
             	Training MAE: 0.06921534985303879		 Val MAE: 0.062344372272491455
             	Algebraic dist: 0.30649394779414924		 Val Algebraic dist: 0.38684493170844186
             	RE1 dist: 0.09788521567543784		 Val RE1 dist: 0.19975590176052518
             	SED dist: 0.4269662794176039		 Val SED dist: 0.9407274034288194

Epoch 5010/8000: Training Loss: 0.4498091058416681		 Val Loss: 0.7222283257378472
             	Training MAE: 0.07487368583679199		 Val MAE: 0.06848028302192688
             	Algebraic dist: 0.434283204131074		 Val Algebraic dist: 0.4997397952609592
             	RE1 dist: 0.20906745994484033		 Val RE1 dist: 0.3377840254041884
             	SED dist: 0.8400470607883328		 Val SED dist: 1.4060035705566407

Epoch 5011/8000: Training Loss: 0.4254996331183465		 Val Loss: 1.4158192104763454
             	Training MAE: 0.07243569195270538		 Val MAE: 0.06010844185948372
             	Algebraic dist: 0.41872489845359717		 Val Algebraic dist: 1.0403712802463108
             	RE1 dist: 0.20233827108865257		 Val RE1 dist: 0.8236914740668403
             	SED dist: 0.7937658959692651		 Val SED dist: 2.8024783664279513

Epoch 5012/8000: Training Loss: 0.2933635921268673		 Val Loss: 0.6342611524793836
             	Training MAE: 0.07219402492046356		 Val MAE: 0.08215202391147614
             	Algebraic dist: 0.3509330749511719		 Val Algebraic dist: 0.46880569458007815
             	RE1 dist: 0.12942210396567544		 Val RE1 dist: 0.25211234622531464
             	SED dist: 0.5305991120390839		 Val SED dist: 1.2152767605251735

Epoch 5013/8000: Training Loss: 0.2271057380424751		 Val Loss: 0.5056442260742188
             	Training MAE: 0.07077447324991226		 Val MAE: 0.056287068873643875
             	Algebraic dist: 0.2964758820586152		 Val Algebraic dist: 0.4164794074164497
             	RE1 dist: 0.09154347011021205		 Val RE1 dist: 0.2183420605129666
             	SED dist: 0.3996226970966046		 Val SED dist: 0.9847417195638021

Epoch 5014/8000: Training Loss: 0.27315460456596624		 Val Loss: 0.48529268900553385
             	Training MAE: 0.07230164855718613		 Val MAE: 0.05978262796998024
             	Algebraic dist: 0.3214046562110985		 Val Algebraic dist: 0.42460433112250434
             	RE1 dist: 0.10866482703240363		 Val RE1 dist: 0.2114844004313151
             	SED dist: 0.4896280477335165		 Val SED dist: 0.9420366923014323

Epoch 5015/8000: Training Loss: 0.4345921107700893		 Val Loss: 0.597687742445204
             	Training MAE: 0.07350368797779083		 Val MAE: 0.06677303463220596
             	Algebraic dist: 0.4262693635709993		 Val Algebraic dist: 0.4517514970567491
             	RE1 dist: 0.19759259905133927		 Val RE1 dist: 0.26341913011338974
             	SED dist: 0.8110492412860577		 Val SED dist: 1.1568555196126302

Epoch 5016/8000: Training Loss: 0.4007745260720725		 Val Loss: 1.6868709988064237
             	Training MAE: 0.07127303630113602		 Val MAE: 0.07055585831403732
             	Algebraic dist: 0.417929932311341		 Val Algebraic dist: 1.0569800482855902
             	RE1 dist: 0.17965700338175009		 Val RE1 dist: 0.8490654839409723
             	SED dist: 0.7449615813873627		 Val SED dist: 3.3332953559027776

Epoch 5017/8000: Training Loss: 0.6250105637770432		 Val Loss: 0.6380499521891276
             	Training MAE: 0.06931789219379425		 Val MAE: 0.05795828998088837
             	Algebraic dist: 0.4890108213319883		 Val Algebraic dist: 0.5007771386040581
             	RE1 dist: 0.30732039566878433		 Val RE1 dist: 0.29805774688720704
             	SED dist: 1.19867915897579		 Val SED dist: 1.2465095520019531

Epoch 5018/8000: Training Loss: 0.547607673393501		 Val Loss: 0.7577418009440104
             	Training MAE: 0.07234205305576324		 Val MAE: 0.06783835589885712
             	Algebraic dist: 0.5146413111424708		 Val Algebraic dist: 0.5308271196153429
             	RE1 dist: 0.27269126556731843		 Val RE1 dist: 0.3734750535753038
             	SED dist: 1.0391028267996651		 Val SED dist: 1.4763676961263021

Epoch 5019/8000: Training Loss: 0.2768520732502361		 Val Loss: 0.5924817403157552
             	Training MAE: 0.07108286023139954		 Val MAE: 0.06116678938269615
             	Algebraic dist: 0.3309102949205336		 Val Algebraic dist: 0.45638614230685765
             	RE1 dist: 0.11919604290972699		 Val RE1 dist: 0.26784547170003253
             	SED dist: 0.4984817085685311		 Val SED dist: 1.152195061577691

Epoch 5020/8000: Training Loss: 0.2685000451056512		 Val Loss: 0.5492034912109375
             	Training MAE: 0.07045943289995193		 Val MAE: 0.06212849169969559
             	Algebraic dist: 0.3263013231885302		 Val Algebraic dist: 0.4577288309733073
             	RE1 dist: 0.10855931502122146		 Val RE1 dist: 0.24482786390516492
             	SED dist: 0.48189356038858605		 Val SED dist: 1.0678351508246529

Epoch 5021/8000: Training Loss: 0.24476420224367917		 Val Loss: 0.5207693735758464
             	Training MAE: 0.0701892301440239		 Val MAE: 0.06306608021259308
             	Algebraic dist: 0.30485448732480896		 Val Algebraic dist: 0.4279380374484592
             	RE1 dist: 0.0983895521897536		 Val RE1 dist: 0.22814557817247177
             	SED dist: 0.43565377036293784		 Val SED dist: 1.008750745985243

Epoch 5022/8000: Training Loss: 0.34791650876894104		 Val Loss: 0.5604169633653429
             	Training MAE: 0.07181783020496368		 Val MAE: 0.05925929546356201
             	Algebraic dist: 0.3803190713400369		 Val Algebraic dist: 0.5035197363959418
             	RE1 dist: 0.1540311561835991		 Val RE1 dist: 0.2583785798814562
             	SED dist: 0.6400534242064089		 Val SED dist: 1.0902875264485676

Epoch 5023/8000: Training Loss: 0.25684706719367056		 Val Loss: 0.7413511488172743
             	Training MAE: 0.07044469565153122		 Val MAE: 0.07164730131626129
             	Algebraic dist: 0.3158064622145433		 Val Algebraic dist: 0.6263656192355685
             	RE1 dist: 0.10379311278626159		 Val RE1 dist: 0.33650296529134116
             	SED dist: 0.45859703650841344		 Val SED dist: 1.4431338840060763

Epoch 5024/8000: Training Loss: 0.33420812166654146		 Val Loss: 1.0316542731391058
             	Training MAE: 0.07036549597978592		 Val MAE: 0.05310826003551483
             	Algebraic dist: 0.3814681336119935		 Val Algebraic dist: 0.8388351440429688
             	RE1 dist: 0.14735767867538954		 Val RE1 dist: 0.5550863477918837
             	SED dist: 0.6145432859986693		 Val SED dist: 2.038897705078125

Epoch 5025/8000: Training Loss: 0.6913387592022235		 Val Loss: 1.07208006117079
             	Training MAE: 0.07268089056015015		 Val MAE: 0.0494273379445076
             	Algebraic dist: 0.556688245836195		 Val Algebraic dist: 0.6113366021050347
             	RE1 dist: 0.3455691704383263		 Val RE1 dist: 0.5918681250678168
             	SED dist: 1.3273302853762448		 Val SED dist: 2.122528076171875

Epoch 5026/8000: Training Loss: 0.26535356961763823		 Val Loss: 0.637114503648546
             	Training MAE: 0.06975151598453522		 Val MAE: 0.05794315040111542
             	Algebraic dist: 0.3277171208308293		 Val Algebraic dist: 0.48274298773871527
             	RE1 dist: 0.11781354002900175		 Val RE1 dist: 0.2870018005371094
             	SED dist: 0.4771191942822802		 Val SED dist: 1.2439696417914496

Epoch 5027/8000: Training Loss: 0.22695468022273138		 Val Loss: 0.47627376980251734
             	Training MAE: 0.07023899257183075		 Val MAE: 0.05470132827758789
             	Algebraic dist: 0.2928122426127339		 Val Algebraic dist: 0.4091519673665365
             	RE1 dist: 0.0889215574159727		 Val RE1 dist: 0.20880758497450086
             	SED dist: 0.39932586334563874		 Val SED dist: 0.926741960313585

Epoch 5028/8000: Training Loss: 0.31933055081210293		 Val Loss: 0.5271017286512587
             	Training MAE: 0.07266582548618317		 Val MAE: 0.05532154440879822
             	Algebraic dist: 0.3582330221658225		 Val Algebraic dist: 0.4206612904866536
             	RE1 dist: 0.1349968753018222		 Val RE1 dist: 0.23878324296739367
             	SED dist: 0.5814573267003992		 Val SED dist: 1.0280450608995226

Epoch 5029/8000: Training Loss: 0.1979475335760431		 Val Loss: 0.46001209682888455
             	Training MAE: 0.0692736953496933		 Val MAE: 0.07045502215623856
             	Algebraic dist: 0.26080282441862335		 Val Algebraic dist: 0.3970054626464844
             	RE1 dist: 0.07552674052479504		 Val RE1 dist: 0.18633401658799914
             	SED dist: 0.34242730612283223		 Val SED dist: 0.8820064120822483

Epoch 5030/8000: Training Loss: 0.2636116782387534		 Val Loss: 0.49179712931315106
             	Training MAE: 0.07032627612352371		 Val MAE: 0.06575489044189453
             	Algebraic dist: 0.32743422539679556		 Val Algebraic dist: 0.40371551513671877
             	RE1 dist: 0.10663503080933959		 Val RE1 dist: 0.20498025682237414
             	SED dist: 0.47265775911100616		 Val SED dist: 0.9492159525553385

Epoch 5031/8000: Training Loss: 0.2561035785046253		 Val Loss: 0.6020289527045356
             	Training MAE: 0.07060067355632782		 Val MAE: 0.05581076070666313
             	Algebraic dist: 0.3163667196755881		 Val Algebraic dist: 0.5103790707058377
             	RE1 dist: 0.10408288305932349		 Val RE1 dist: 0.2634454091389974
             	SED dist: 0.45772795624785373		 Val SED dist: 1.1761544969346789

Epoch 5032/8000: Training Loss: 0.5911787682837182		 Val Loss: 0.7545271979437934
             	Training MAE: 0.07321126013994217		 Val MAE: 0.06622833758592606
             	Algebraic dist: 0.520618648319454		 Val Algebraic dist: 0.5094942728678385
             	RE1 dist: 0.2879056616143866		 Val RE1 dist: 0.36769354078504773
             	SED dist: 1.1257473453060611		 Val SED dist: 1.474543931749132

Epoch 5033/8000: Training Loss: 0.5263963217263693		 Val Loss: 1.101983133951823
             	Training MAE: 0.06926168501377106		 Val MAE: 0.07134894281625748
             	Algebraic dist: 0.5156237424074949		 Val Algebraic dist: 0.7175142923990886
             	RE1 dist: 0.2749258607298463		 Val RE1 dist: 0.5358942243787977
             	SED dist: 1.0016886113764165		 Val SED dist: 2.1601904975043404

Epoch 5034/8000: Training Loss: 0.3840434734637921		 Val Loss: 0.6221179962158203
             	Training MAE: 0.07043495774269104		 Val MAE: 0.07313225418329239
             	Algebraic dist: 0.4247921115749485		 Val Algebraic dist: 0.47352269490559895
             	RE1 dist: 0.18406339792104867		 Val RE1 dist: 0.2801158693101671
             	SED dist: 0.7142643352131267		 Val SED dist: 1.200733608669705

Epoch 5035/8000: Training Loss: 0.4116760086227249		 Val Loss: 0.8145022922092013
             	Training MAE: 0.07171806693077087		 Val MAE: 0.065447136759758
             	Algebraic dist: 0.4293767488919772		 Val Algebraic dist: 0.6157549964057074
             	RE1 dist: 0.19058152083512192		 Val RE1 dist: 0.40927789476182724
             	SED dist: 0.7675756936544901		 Val SED dist: 1.5962816026475695

Epoch 5036/8000: Training Loss: 0.33871011419610664		 Val Loss: 0.7043877919514974
             	Training MAE: 0.07141123712062836		 Val MAE: 0.06742876768112183
             	Algebraic dist: 0.37388858166369765		 Val Algebraic dist: 0.5444378746880425
             	RE1 dist: 0.14977725521548763		 Val RE1 dist: 0.30889487796359594
             	SED dist: 0.6220628927042197		 Val SED dist: 1.3737907409667969

Epoch 5037/8000: Training Loss: 0.22597107520470253		 Val Loss: 0.509978527492947
             	Training MAE: 0.0695701614022255		 Val MAE: 0.054088521748781204
             	Algebraic dist: 0.29623450813712654		 Val Algebraic dist: 0.44046897888183595
             	RE1 dist: 0.09007531469994849		 Val RE1 dist: 0.2213324228922526
             	SED dist: 0.39831861558851306		 Val SED dist: 0.9933725992838541

Epoch 5038/8000: Training Loss: 0.30862609108725747		 Val Loss: 0.8012881808810763
             	Training MAE: 0.07252548635005951		 Val MAE: 0.06000084429979324
             	Algebraic dist: 0.3471193627996759		 Val Algebraic dist: 0.6796273125542535
             	RE1 dist: 0.12566757202148438		 Val RE1 dist: 0.40151409573025176
             	SED dist: 0.5605040749350747		 Val SED dist: 1.5716971503363715

Epoch 5039/8000: Training Loss: 0.38338097373207847		 Val Loss: 0.582216305202908
             	Training MAE: 0.07106494158506393		 Val MAE: 0.06140530854463577
             	Algebraic dist: 0.4225827311421489		 Val Algebraic dist: 0.45191273159450956
             	RE1 dist: 0.17621792803753863		 Val RE1 dist: 0.26847716437445746
             	SED dist: 0.71191892519102		 Val SED dist: 1.1322910732693143

Epoch 5040/8000: Training Loss: 0.29669923048753005		 Val Loss: 0.5109191046820747
             	Training MAE: 0.07072213292121887		 Val MAE: 0.0642048716545105
             	Algebraic dist: 0.3517769614418784		 Val Algebraic dist: 0.40073204040527344
             	RE1 dist: 0.12908380110185225		 Val RE1 dist: 0.22400133344862197
             	SED dist: 0.5392806503798936		 Val SED dist: 0.988079579671224

Epoch 5041/8000: Training Loss: 0.4688919402740814		 Val Loss: 0.6552193959554037
             	Training MAE: 0.07113879173994064		 Val MAE: 0.06271591037511826
             	Algebraic dist: 0.44189432165124914		 Val Algebraic dist: 0.4961789025200738
             	RE1 dist: 0.23353689843481715		 Val RE1 dist: 0.2989432652791341
             	SED dist: 0.883993882399339		 Val SED dist: 1.2773429022894964

Epoch 5042/8000: Training Loss: 0.1925752660730383		 Val Loss: 0.4560030619303385
             	Training MAE: 0.07038655132055283		 Val MAE: 0.061402566730976105
             	Algebraic dist: 0.257485840346787		 Val Algebraic dist: 0.38653331332736546
             	RE1 dist: 0.07292849676949638		 Val RE1 dist: 0.1894552018907335
             	SED dist: 0.32969420296805246		 Val SED dist: 0.8817781236436631

Epoch 5043/8000: Training Loss: 0.30782211219871436		 Val Loss: 0.7792127821180556
             	Training MAE: 0.07261370122432709		 Val MAE: 0.08365186303853989
             	Algebraic dist: 0.35627059098128433		 Val Algebraic dist: 0.6202901628282335
             	RE1 dist: 0.1302193128145658		 Val RE1 dist: 0.3415804545084635
             	SED dist: 0.5588011689238496		 Val SED dist: 1.5029469807942708

Epoch 5044/8000: Training Loss: 0.8429149585765797		 Val Loss: 0.9682376437717014
             	Training MAE: 0.07735670357942581		 Val MAE: 0.05776381120085716
             	Algebraic dist: 0.6064928914164449		 Val Algebraic dist: 0.6396085951063368
             	RE1 dist: 0.4304218921032581		 Val RE1 dist: 0.5284176296657986
             	SED dist: 1.624306144295158		 Val SED dist: 1.9074350992838542

Epoch 5045/8000: Training Loss: 0.38115780170147234		 Val Loss: 0.699330308702257
             	Training MAE: 0.06948728859424591		 Val MAE: 0.06767512857913971
             	Algebraic dist: 0.42069344992166036		 Val Algebraic dist: 0.5203146192762587
             	RE1 dist: 0.18897603632329585		 Val RE1 dist: 0.3390684339735243
             	SED dist: 0.7090232765281593		 Val SED dist: 1.361146460639106

Epoch 5046/8000: Training Loss: 0.3550213405064174		 Val Loss: 0.6676549699571398
             	Training MAE: 0.07117688655853271		 Val MAE: 0.054229967296123505
             	Algebraic dist: 0.39798975514841606		 Val Algebraic dist: 0.4831254747178819
             	RE1 dist: 0.16190973218980725		 Val RE1 dist: 0.3234230041503906
             	SED dist: 0.6550095107529189		 Val SED dist: 1.3097123040093317

Epoch 5047/8000: Training Loss: 0.2749597528478602		 Val Loss: 0.5574172973632813
             	Training MAE: 0.0702778548002243		 Val MAE: 0.06252303719520569
             	Algebraic dist: 0.33416194706172736		 Val Algebraic dist: 0.4460294511583116
             	RE1 dist: 0.12019315656724867		 Val RE1 dist: 0.245067744784885
             	SED dist: 0.4959447252881396		 Val SED dist: 1.0842580159505208

Epoch 5048/8000: Training Loss: 0.29278055128160413		 Val Loss: 0.575756327311198
             	Training MAE: 0.07057245820760727		 Val MAE: 0.060968395322561264
             	Algebraic dist: 0.3422328404017857		 Val Algebraic dist: 0.4913402133517795
             	RE1 dist: 0.12206585852654425		 Val RE1 dist: 0.25836607615152996
             	SED dist: 0.5309046231783353		 Val SED dist: 1.1207596672905815

Epoch 5049/8000: Training Loss: 0.30352628100049367		 Val Loss: 0.522179921468099
             	Training MAE: 0.07017157226800919		 Val MAE: 0.061587728559970856
             	Algebraic dist: 0.3535577124291724		 Val Algebraic dist: 0.4446021185980903
             	RE1 dist: 0.12933504712450636		 Val RE1 dist: 0.2391966078016493
             	SED dist: 0.55341796036605		 Val SED dist: 1.0119746738009983

Epoch 5050/8000: Training Loss: 0.4846480652526185		 Val Loss: 0.9975656297471788
             	Training MAE: 0.07213844358921051		 Val MAE: 0.07376866787672043
             	Algebraic dist: 0.4769241416847313		 Val Algebraic dist: 0.7203774346245659
             	RE1 dist: 0.22808596852061513		 Val RE1 dist: 0.529575686984592
             	SED dist: 0.9130545815268716		 Val SED dist: 1.9503345065646702

Epoch 5051/8000: Training Loss: 0.2992733127468235		 Val Loss: 0.5706443786621094
             	Training MAE: 0.07041294127702713		 Val MAE: 0.06774580478668213
             	Algebraic dist: 0.34631268008724675		 Val Algebraic dist: 0.5032357957628039
             	RE1 dist: 0.13492528684846647		 Val RE1 dist: 0.2544880125257704
             	SED dist: 0.5446603376786787		 Val SED dist: 1.1029767354329427

Epoch 5052/8000: Training Loss: 0.24038798992450422		 Val Loss: 0.5133247799343533
             	Training MAE: 0.07119006663560867		 Val MAE: 0.07353070378303528
             	Algebraic dist: 0.3032667977469308		 Val Algebraic dist: 0.4613773769802517
             	RE1 dist: 0.09504978473369892		 Val RE1 dist: 0.21512654622395833
             	SED dist: 0.4249908111907624		 Val SED dist: 0.9831634521484375

Epoch 5053/8000: Training Loss: 0.4370696518447373		 Val Loss: 0.6375143686930339
             	Training MAE: 0.07075471431016922		 Val MAE: 0.057480257004499435
             	Algebraic dist: 0.426607655954885		 Val Algebraic dist: 0.48314683702256944
             	RE1 dist: 0.2125510959834843		 Val RE1 dist: 0.2996134016248915
             	SED dist: 0.8205461606874571		 Val SED dist: 1.2468755086263021

Epoch 5054/8000: Training Loss: 0.7264062231713599		 Val Loss: 1.9919074164496529
             	Training MAE: 0.07200180739164352		 Val MAE: 0.05224267393350601
             	Algebraic dist: 0.5677536346100189		 Val Algebraic dist: 1.2813960605197483
             	RE1 dist: 0.37477388486757385		 Val RE1 dist: 1.2873101128472222
             	SED dist: 1.3965018136160714		 Val SED dist: 3.9600416395399307

Epoch 5055/8000: Training Loss: 0.2792012141301082		 Val Loss: 0.5849309285481771
             	Training MAE: 0.06987523287534714		 Val MAE: 0.061983782798051834
             	Algebraic dist: 0.33677302350054733		 Val Algebraic dist: 0.45661103990342883
             	RE1 dist: 0.13027768606667992		 Val RE1 dist: 0.2654027303059896
             	SED dist: 0.5047835046118432		 Val SED dist: 1.1369260999891493

Epoch 5056/8000: Training Loss: 0.28993023882855423		 Val Loss: 0.8766338772243923
             	Training MAE: 0.06942480057477951		 Val MAE: 0.0655033141374588
             	Algebraic dist: 0.34457921457814644		 Val Algebraic dist: 0.6964756859673394
             	RE1 dist: 0.12378808954259851		 Val RE1 dist: 0.4368751525878906
             	SED dist: 0.5269082876352164		 Val SED dist: 1.7182781643337675

Epoch 5057/8000: Training Loss: 0.35373109251588253		 Val Loss: 0.6752472347683377
             	Training MAE: 0.06970501691102982		 Val MAE: 0.06458103656768799
             	Algebraic dist: 0.38477522462278935		 Val Algebraic dist: 0.48209359910753036
             	RE1 dist: 0.1578740444812146		 Val RE1 dist: 0.3147911071777344
             	SED dist: 0.6543733785440634		 Val SED dist: 1.3183092753092447

Epoch 5058/8000: Training Loss: 0.7246465158986521		 Val Loss: 1.0165852864583333
             	Training MAE: 0.07474883645772934		 Val MAE: 0.05269228294491768
             	Algebraic dist: 0.5320338993282109		 Val Algebraic dist: 0.629016367594401
             	RE1 dist: 0.37508954058636673		 Val RE1 dist: 0.5701491038004557
             	SED dist: 1.3910181234171102		 Val SED dist: 2.00972900390625

Epoch 5059/8000: Training Loss: 0.3407223670037238		 Val Loss: 0.9505684746636285
             	Training MAE: 0.0696597546339035		 Val MAE: 0.07473146170377731
             	Algebraic dist: 0.39274974445720295		 Val Algebraic dist: 0.6234759860568576
             	RE1 dist: 0.16500953003600405		 Val RE1 dist: 0.45651444329155816
             	SED dist: 0.6282047649006267		 Val SED dist: 1.8526986016167535

Epoch 5060/8000: Training Loss: 0.2535838452014294		 Val Loss: 0.5292330000135633
             	Training MAE: 0.07017060369253159		 Val MAE: 0.06347212195396423
             	Algebraic dist: 0.32202477507538846		 Val Algebraic dist: 0.40326974656846787
             	RE1 dist: 0.10919839209252662		 Val RE1 dist: 0.23181974622938367
             	SED dist: 0.45165193997896635		 Val SED dist: 1.0229913499620227

Epoch 5061/8000: Training Loss: 0.27439913906893887		 Val Loss: 0.8999842325846354
             	Training MAE: 0.07090767472982407		 Val MAE: 0.0634046122431755
             	Algebraic dist: 0.34130440177498284		 Val Algebraic dist: 0.6973721398247613
             	RE1 dist: 0.11566832825377747		 Val RE1 dist: 0.4300213283962674
             	SED dist: 0.4942681448800223		 Val SED dist: 1.7646158854166667

Epoch 5062/8000: Training Loss: 0.4567339551317823		 Val Loss: 0.6751197814941406
             	Training MAE: 0.0707615464925766		 Val MAE: 0.056223075836896896
             	Algebraic dist: 0.44546512981037517		 Val Algebraic dist: 0.5024765438503689
             	RE1 dist: 0.21763288057767427		 Val RE1 dist: 0.33021630181206596
             	SED dist: 0.8591534122005924		 Val SED dist: 1.3224673800998263

Epoch 5063/8000: Training Loss: 0.283573968069894		 Val Loss: 0.6209461212158203
             	Training MAE: 0.07172062247991562		 Val MAE: 0.05781232938170433
             	Algebraic dist: 0.3375365288702996		 Val Algebraic dist: 0.5136822594536675
             	RE1 dist: 0.11900376749562692		 Val RE1 dist: 0.2868931664360894
             	SED dist: 0.5108115646865342		 Val SED dist: 1.2149268256293402

Epoch 5064/8000: Training Loss: 0.3955317905970982		 Val Loss: 0.6220021565755208
             	Training MAE: 0.07360105961561203		 Val MAE: 0.06021104007959366
             	Algebraic dist: 0.4222447321965144		 Val Algebraic dist: 0.4838576846652561
             	RE1 dist: 0.18153907440520906		 Val RE1 dist: 0.2948844061957465
             	SED dist: 0.7327999911465488		 Val SED dist: 1.2152686225043403

Epoch 5065/8000: Training Loss: 0.31725223247821516		 Val Loss: 0.6324385748969183
             	Training MAE: 0.06920228153467178		 Val MAE: 0.08443424850702286
             	Algebraic dist: 0.36857760083544383		 Val Algebraic dist: 0.5014589945475261
             	RE1 dist: 0.14059136988042475		 Val RE1 dist: 0.2665040334065755
             	SED dist: 0.5827398195371523		 Val SED dist: 1.208030531141493

Epoch 5066/8000: Training Loss: 0.3343454088483538		 Val Loss: 0.762674543592665
             	Training MAE: 0.07081667333841324		 Val MAE: 0.05911756679415703
             	Algebraic dist: 0.37684430132855423		 Val Algebraic dist: 0.5913002438015408
             	RE1 dist: 0.14849404974298164		 Val RE1 dist: 0.3815081278483073
             	SED dist: 0.6145851219093407		 Val SED dist: 1.4959530300564237

Epoch 5067/8000: Training Loss: 0.24362809317452566		 Val Loss: 0.787725321451823
             	Training MAE: 0.07017529010772705		 Val MAE: 0.06143338233232498
             	Algebraic dist: 0.31373527023818465		 Val Algebraic dist: 0.639607662624783
             	RE1 dist: 0.10317912468543419		 Val RE1 dist: 0.3709620581732856
             	SED dist: 0.4328277084853623		 Val SED dist: 1.5431722005208333

Epoch 5068/8000: Training Loss: 0.3439729501912882		 Val Loss: 1.0596011691623264
             	Training MAE: 0.06983135640621185		 Val MAE: 0.06270858645439148
             	Algebraic dist: 0.38721419952727937		 Val Algebraic dist: 0.7837604098849826
             	RE1 dist: 0.15409720074999464		 Val RE1 dist: 0.5114857567681207
             	SED dist: 0.635298089666681		 Val SED dist: 2.088016086154514

Epoch 5069/8000: Training Loss: 0.26059165367713344		 Val Loss: 0.4291917165120443
             	Training MAE: 0.0702466145157814		 Val MAE: 0.05751349404454231
             	Algebraic dist: 0.3174468239585122		 Val Algebraic dist: 0.384092288547092
             	RE1 dist: 0.10703805776742789		 Val RE1 dist: 0.18668482038709852
             	SED dist: 0.46686038342151015		 Val SED dist: 0.8304958767361111

Epoch 5070/8000: Training Loss: 0.28334552639133326		 Val Loss: 0.5361141204833985
             	Training MAE: 0.07082150131464005		 Val MAE: 0.05887041613459587
             	Algebraic dist: 0.33504657954960076		 Val Algebraic dist: 0.4471450381808811
             	RE1 dist: 0.11739788474617424		 Val RE1 dist: 0.22868552737765843
             	SED dist: 0.5125680022187286		 Val SED dist: 1.0444503784179688

Epoch 5071/8000: Training Loss: 0.3400120577969394		 Val Loss: 0.600835715399848
             	Training MAE: 0.07187239080667496		 Val MAE: 0.06298553943634033
             	Algebraic dist: 0.38901347904414924		 Val Algebraic dist: 0.5418497297498915
             	RE1 dist: 0.1502416002881396		 Val RE1 dist: 0.28448878394232857
             	SED dist: 0.6258075420673077		 Val SED dist: 1.1693449232313369

Epoch 5072/8000: Training Loss: 0.40394982138832847		 Val Loss: 0.6359755198160807
             	Training MAE: 0.06923037022352219		 Val MAE: 0.05637099966406822
             	Algebraic dist: 0.4375899178641183		 Val Algebraic dist: 0.5001273685031467
             	RE1 dist: 0.1918354244022579		 Val RE1 dist: 0.2972320556640625
             	SED dist: 0.7559015462686728		 Val SED dist: 1.2448404947916667

Epoch 5073/8000: Training Loss: 0.24821782374120022		 Val Loss: 0.47194730970594617
             	Training MAE: 0.0709274485707283		 Val MAE: 0.06671515107154846
             	Algebraic dist: 0.31685982169685784		 Val Algebraic dist: 0.4223513709174262
             	RE1 dist: 0.10284621898944561		 Val RE1 dist: 0.19957275390625
             	SED dist: 0.4403612325479696		 Val SED dist: 0.9090592278374566

Epoch 5074/8000: Training Loss: 0.27958171970241674		 Val Loss: 0.6472596486409505
             	Training MAE: 0.0695653185248375		 Val MAE: 0.07401914894580841
             	Algebraic dist: 0.342764655312339		 Val Algebraic dist: 0.5168324788411458
             	RE1 dist: 0.11884241837721604		 Val RE1 dist: 0.28338440789116753
             	SED dist: 0.5063563755580357		 Val SED dist: 1.2499258253309462

Epoch 5075/8000: Training Loss: 0.39069177816202355		 Val Loss: 1.0347407023111979
             	Training MAE: 0.07037165015935898		 Val MAE: 0.0734269842505455
             	Algebraic dist: 0.4207870567237938		 Val Algebraic dist: 0.7758576287163629
             	RE1 dist: 0.18105370657784597		 Val RE1 dist: 0.525645277235243
             	SED dist: 0.727940653706645		 Val SED dist: 2.028877427842882

Epoch 5076/8000: Training Loss: 0.32914654239193425		 Val Loss: 0.610785632663303
             	Training MAE: 0.07123703509569168		 Val MAE: 0.055373918265104294
             	Algebraic dist: 0.3726522843916338		 Val Algebraic dist: 0.4898125542534722
             	RE1 dist: 0.14571856404398822		 Val RE1 dist: 0.29299882253011067
             	SED dist: 0.6040743314302884		 Val SED dist: 1.1958023071289063

Epoch 5077/8000: Training Loss: 0.35581861223493305		 Val Loss: 1.7732725355360244
             	Training MAE: 0.0713948979973793		 Val MAE: 0.0867399051785469
             	Algebraic dist: 0.3837312970842634		 Val Algebraic dist: 1.019659169514974
             	RE1 dist: 0.15787491431603065		 Val RE1 dist: 0.9611376444498698
             	SED dist: 0.6554668133075421		 Val SED dist: 3.486539374457465

Epoch 5078/8000: Training Loss: 0.4438811501303872		 Val Loss: 0.6531007554796007
             	Training MAE: 0.07014714926481247		 Val MAE: 0.06994064897298813
             	Algebraic dist: 0.43412784953693767		 Val Algebraic dist: 0.5089552137586806
             	RE1 dist: 0.22448713700849932		 Val RE1 dist: 0.28685328165690105
             	SED dist: 0.8346844348278675		 Val SED dist: 1.2667179531521267

Epoch 5079/8000: Training Loss: 0.25644861996828855		 Val Loss: 0.4754229651557075
             	Training MAE: 0.0709693655371666		 Val MAE: 0.06553468108177185
             	Algebraic dist: 0.3198944343315376		 Val Algebraic dist: 0.39751904805501304
             	RE1 dist: 0.10627300136691921		 Val RE1 dist: 0.19756105211046007
             	SED dist: 0.45739565838824264		 Val SED dist: 0.9148226420084635

Epoch 5080/8000: Training Loss: 0.3011719839913504		 Val Loss: 0.9050520155164931
             	Training MAE: 0.0711853951215744		 Val MAE: 0.08068513125181198
             	Algebraic dist: 0.35175482781378775		 Val Algebraic dist: 0.7119222005208333
             	RE1 dist: 0.12811691158420438		 Val RE1 dist: 0.3907649570041233
             	SED dist: 0.5460797404194926		 Val SED dist: 1.759389919704861

Epoch 5081/8000: Training Loss: 0.5779727055476263		 Val Loss: 0.6478857252332899
             	Training MAE: 0.07014097273349762		 Val MAE: 0.05812320113182068
             	Algebraic dist: 0.5069963643839072		 Val Algebraic dist: 0.46599786546495225
             	RE1 dist: 0.2890106243091625		 Val RE1 dist: 0.30983755323621964
             	SED dist: 1.104579129061856		 Val SED dist: 1.2661436292860242

Epoch 5082/8000: Training Loss: 0.22443951617230426		 Val Loss: 0.4608625200059679
             	Training MAE: 0.07001258432865143		 Val MAE: 0.06153232604265213
             	Algebraic dist: 0.2866535186767578		 Val Algebraic dist: 0.3842833201090495
             	RE1 dist: 0.0893640622987852		 Val RE1 dist: 0.19349202050103081
             	SED dist: 0.3949922834123884		 Val SED dist: 0.8880427890353733

Epoch 5083/8000: Training Loss: 0.4369060809795673		 Val Loss: 0.682722896999783
             	Training MAE: 0.07229626178741455		 Val MAE: 0.05793040618300438
             	Algebraic dist: 0.4424223428244119		 Val Algebraic dist: 0.5504778120252821
             	RE1 dist: 0.19978833460545803		 Val RE1 dist: 0.32321141560872396
             	SED dist: 0.8167963551950979		 Val SED dist: 1.3380627950032553

Epoch 5084/8000: Training Loss: 0.2553639673924708		 Val Loss: 0.47712529500325523
             	Training MAE: 0.0694989338517189		 Val MAE: 0.0682605654001236
             	Algebraic dist: 0.32163167261815334		 Val Algebraic dist: 0.41840010748969186
             	RE1 dist: 0.10916625012408246		 Val RE1 dist: 0.20008296966552735
             	SED dist: 0.4569257379888178		 Val SED dist: 0.9174920823838976

Epoch 5085/8000: Training Loss: 0.23303184928474846		 Val Loss: 0.4377861022949219
             	Training MAE: 0.07167626917362213		 Val MAE: 0.06430284678936005
             	Algebraic dist: 0.29349872044154574		 Val Algebraic dist: 0.3793275197347005
             	RE1 dist: 0.09064663897503863		 Val RE1 dist: 0.17995221879747178
             	SED dist: 0.40951118888435784		 Val SED dist: 0.8410058763292101

Epoch 5086/8000: Training Loss: 0.5345225910564045		 Val Loss: 0.5428335401746962
             	Training MAE: 0.07104173302650452		 Val MAE: 0.05509579926729202
             	Algebraic dist: 0.47663103879153074		 Val Algebraic dist: 0.4425336625840929
             	RE1 dist: 0.25442911504389165		 Val RE1 dist: 0.2511585447523329
             	SED dist: 1.0144227415650755		 Val SED dist: 1.0606390211317274

Epoch 5087/8000: Training Loss: 0.20665372072995364		 Val Loss: 0.6217313554551867
             	Training MAE: 0.06910404562950134		 Val MAE: 0.057367585599422455
             	Algebraic dist: 0.27495591719071943		 Val Algebraic dist: 0.5169117397732205
             	RE1 dist: 0.08042339702228923		 Val RE1 dist: 0.2720619201660156
             	SED dist: 0.3601177760532924		 Val SED dist: 1.2161416795518663

Epoch 5088/8000: Training Loss: 0.21629543094844608		 Val Loss: 0.4409157223171658
             	Training MAE: 0.06952311843633652		 Val MAE: 0.07209763675928116
             	Algebraic dist: 0.28486666836581387		 Val Algebraic dist: 0.3951517740885417
             	RE1 dist: 0.08388550202925127		 Val RE1 dist: 0.1744766977098253
             	SED dist: 0.37997947944389593		 Val SED dist: 0.8401159498426649

Epoch 5089/8000: Training Loss: 0.21268043937263909		 Val Loss: 0.7063874986436632
             	Training MAE: 0.07083728164434433		 Val MAE: 0.06894545257091522
             	Algebraic dist: 0.27650948409195786		 Val Algebraic dist: 0.5827501508924696
             	RE1 dist: 0.07917476486373734		 Val RE1 dist: 0.30350498623318145
             	SED dist: 0.3698803409115299		 Val SED dist: 1.3745714823404949

Epoch 5090/8000: Training Loss: 0.45849927965101306		 Val Loss: 1.4562940809461806
             	Training MAE: 0.07348131388425827		 Val MAE: 0.05928105115890503
             	Algebraic dist: 0.43558871091067136		 Val Algebraic dist: 0.9198320176866319
             	RE1 dist: 0.20002321096567008		 Val RE1 dist: 0.7799360487196181
             	SED dist: 0.860091073172433		 Val SED dist: 2.8849945068359375

Epoch 5091/8000: Training Loss: 0.2977118649325528		 Val Loss: 0.5101268768310547
             	Training MAE: 0.06881991028785706		 Val MAE: 0.07204598933458328
             	Algebraic dist: 0.35455858838427196		 Val Algebraic dist: 0.4485945807562934
             	RE1 dist: 0.13178970001556062		 Val RE1 dist: 0.22103076510959202
             	SED dist: 0.543252211350661		 Val SED dist: 0.9809204949273004

Epoch 5092/8000: Training Loss: 0.9673299265431834		 Val Loss: 0.7704443189832899
             	Training MAE: 0.06875328719615936		 Val MAE: 0.061655063182115555
             	Algebraic dist: 0.6963264968369033		 Val Algebraic dist: 0.5766485850016276
             	RE1 dist: 0.5291993277413505		 Val RE1 dist: 0.41232270134819876
             	SED dist: 1.8838775970123627		 Val SED dist: 1.509889899359809

Epoch 5093/8000: Training Loss: 0.22944253355592162		 Val Loss: 0.59056519402398
             	Training MAE: 0.06816110759973526		 Val MAE: 0.0536673441529274
             	Algebraic dist: 0.2942579080770304		 Val Algebraic dist: 0.4552484300401476
             	RE1 dist: 0.09750797984364269		 Val RE1 dist: 0.2757778803507487
             	SED dist: 0.4077780168135088		 Val SED dist: 1.1559944152832031

Epoch 5094/8000: Training Loss: 0.40545306362948574		 Val Loss: 1.088008795844184
             	Training MAE: 0.07104181498289108		 Val MAE: 0.07282578200101852
             	Algebraic dist: 0.4092941703377189		 Val Algebraic dist: 0.6383616129557291
             	RE1 dist: 0.18583356417142427		 Val RE1 dist: 0.4882158915201823
             	SED dist: 0.7557669000311212		 Val SED dist: 2.1333082411024304

Epoch 5095/8000: Training Loss: 0.3123718094039749		 Val Loss: 0.6405203501383464
             	Training MAE: 0.07104133814573288		 Val MAE: 0.07099088281393051
             	Algebraic dist: 0.3679186223627447		 Val Algebraic dist: 0.46088375515407987
             	RE1 dist: 0.14059417850368625		 Val RE1 dist: 0.28238468170166015
             	SED dist: 0.5697493919959435		 Val SED dist: 1.2420578850640192

Epoch 5096/8000: Training Loss: 0.29337061368502104		 Val Loss: 0.5329224904378255
             	Training MAE: 0.07036396861076355		 Val MAE: 0.059768542647361755
             	Algebraic dist: 0.33920812082814644		 Val Algebraic dist: 0.4032359653049045
             	RE1 dist: 0.12457056359930353		 Val RE1 dist: 0.2370035595364041
             	SED dist: 0.532110109434023		 Val SED dist: 1.037528822157118

Epoch 5097/8000: Training Loss: 0.47314604036100616		 Val Loss: 0.6240233951144748
             	Training MAE: 0.07095566391944885		 Val MAE: 0.05413705110549927
             	Algebraic dist: 0.4481850089607658		 Val Algebraic dist: 0.48644676208496096
             	RE1 dist: 0.21843973096910413		 Val RE1 dist: 0.3141323725382487
             	SED dist: 0.891690180851863		 Val SED dist: 1.2222812228732638

Epoch 5098/8000: Training Loss: 0.46308789934430805		 Val Loss: 0.7218424479166666
             	Training MAE: 0.07108060270547867		 Val MAE: 0.07181490957736969
             	Algebraic dist: 0.4433796222393329		 Val Algebraic dist: 0.5022802564832899
             	RE1 dist: 0.22418338649875516		 Val RE1 dist: 0.3475019243028429
             	SED dist: 0.8712783645797562		 Val SED dist: 1.401571316189236

Epoch 5099/8000: Training Loss: 0.28817637936099544		 Val Loss: 0.5717499203152127
             	Training MAE: 0.06947357207536697		 Val MAE: 0.05958929285407066
             	Algebraic dist: 0.35329395336109204		 Val Algebraic dist: 0.4640583886040582
             	RE1 dist: 0.12930028517167647		 Val RE1 dist: 0.2647187762790256
             	SED dist: 0.5238661294455057		 Val SED dist: 1.1130599127875433

Epoch 5100/8000: Training Loss: 0.23881373562655606		 Val Loss: 0.5257450103759765
             	Training MAE: 0.06943515688180923		 Val MAE: 0.058839600533246994
             	Algebraic dist: 0.3041485796917926		 Val Algebraic dist: 0.4236144595675998
             	RE1 dist: 0.09748375022804344		 Val RE1 dist: 0.23121698167588975
             	SED dist: 0.42367247696761245		 Val SED dist: 1.0213966369628906

Epoch 5101/8000: Training Loss: 0.34296000134813914		 Val Loss: 0.539718755086263
             	Training MAE: 0.0723213255405426		 Val MAE: 0.060552019625902176
             	Algebraic dist: 0.3710741734766698		 Val Algebraic dist: 0.44326468573676214
             	RE1 dist: 0.14504228319440568		 Val RE1 dist: 0.23675303988986546
             	SED dist: 0.6285711015973773		 Val SED dist: 1.0484564039442275

Epoch 5102/8000: Training Loss: 0.3351824624197824		 Val Loss: 0.7868537055121527
             	Training MAE: 0.07206079363822937		 Val MAE: 0.07081139832735062
             	Algebraic dist: 0.38080550812102937		 Val Algebraic dist: 0.6427240583631727
             	RE1 dist: 0.14825096759167347		 Val RE1 dist: 0.3755204942491319
             	SED dist: 0.6145844511933379		 Val SED dist: 1.5355122884114583

Epoch 5103/8000: Training Loss: 0.45291854523040437		 Val Loss: 0.8129634433322482
             	Training MAE: 0.07386947423219681		 Val MAE: 0.07552243024110794
             	Algebraic dist: 0.4428203289325421		 Val Algebraic dist: 0.6335842132568359
             	RE1 dist: 0.2125716995406937		 Val RE1 dist: 0.38452063666449654
             	SED dist: 0.8478409484192565		 Val SED dist: 1.5786407470703125

Epoch 5104/8000: Training Loss: 0.32068872975779106		 Val Loss: 0.6814724392361111
             	Training MAE: 0.07158955931663513		 Val MAE: 0.07090544700622559
             	Algebraic dist: 0.3719809815123841		 Val Algebraic dist: 0.5075675540500217
             	RE1 dist: 0.14265897771814368		 Val RE1 dist: 0.30274937947591146
             	SED dist: 0.5862811581119076		 Val SED dist: 1.3232200622558594

Epoch 5105/8000: Training Loss: 0.39088234534630406		 Val Loss: 0.6509227328830295
             	Training MAE: 0.07051641494035721		 Val MAE: 0.06271698325872421
             	Algebraic dist: 0.4194856580797133		 Val Algebraic dist: 0.4905907524956597
             	RE1 dist: 0.18298564114413418		 Val RE1 dist: 0.30387077331542967
             	SED dist: 0.7271746960315075		 Val SED dist: 1.269874996609158

Epoch 5106/8000: Training Loss: 0.32432118090954454		 Val Loss: 0.6100926293267144
             	Training MAE: 0.07145313173532486		 Val MAE: 0.05628478154540062
             	Algebraic dist: 0.38355812659630406		 Val Algebraic dist: 0.4524472130669488
             	RE1 dist: 0.14476418757176662		 Val RE1 dist: 0.28198778364393445
             	SED dist: 0.5945073641263522		 Val SED dist: 1.1934781392415366

Epoch 5107/8000: Training Loss: 0.28288487025669645		 Val Loss: 0.5516919877794054
             	Training MAE: 0.07072853296995163		 Val MAE: 0.07915419340133667
             	Algebraic dist: 0.3392762613820506		 Val Algebraic dist: 0.4253732469346788
             	RE1 dist: 0.11790360461224567		 Val RE1 dist: 0.2271767086452908
             	SED dist: 0.5105514107169685		 Val SED dist: 1.054425303141276

Epoch 5108/8000: Training Loss: 0.24320237715165693		 Val Loss: 0.5792601267496745
             	Training MAE: 0.07118222117424011		 Val MAE: 0.06608690321445465
             	Algebraic dist: 0.296936286674751		 Val Algebraic dist: 0.4984168582492404
             	RE1 dist: 0.09528629596416767		 Val RE1 dist: 0.25582875145806205
             	SED dist: 0.4315255552857787		 Val SED dist: 1.1245286729600694

Epoch 5109/8000: Training Loss: 0.3658756633381267		 Val Loss: 0.6752827962239584
             	Training MAE: 0.07037937641143799		 Val MAE: 0.05751051381230354
             	Algebraic dist: 0.38415535727700034		 Val Algebraic dist: 0.5418415069580078
             	RE1 dist: 0.16139306078900348		 Val RE1 dist: 0.3252084732055664
             	SED dist: 0.6776604704804473		 Val SED dist: 1.3234085930718316

Epoch 5110/8000: Training Loss: 0.3842068766499614		 Val Loss: 0.5401820712619357
             	Training MAE: 0.0750507339835167		 Val MAE: 0.056661736220121384
             	Algebraic dist: 0.3975908887255323		 Val Algebraic dist: 0.42834269205729164
             	RE1 dist: 0.1668116915356982		 Val RE1 dist: 0.2578158908420139
             	SED dist: 0.7083910428560697		 Val SED dist: 1.0524927775065105

Epoch 5111/8000: Training Loss: 0.3929744343181233		 Val Loss: 0.8421246846516927
             	Training MAE: 0.07112079858779907		 Val MAE: 0.06465177237987518
             	Algebraic dist: 0.40882508833329756		 Val Algebraic dist: 0.5633748372395834
             	RE1 dist: 0.17778539133595897		 Val RE1 dist: 0.4136333889431424
             	SED dist: 0.7320618681855254		 Val SED dist: 1.6516148885091146

Epoch 5112/8000: Training Loss: 0.37169647216796875		 Val Loss: 1.0791746351453992
             	Training MAE: 0.07000181823968887		 Val MAE: 0.054934415966272354
             	Algebraic dist: 0.41293238545512106		 Val Algebraic dist: 0.8118589613172743
             	RE1 dist: 0.17465096777612035		 Val RE1 dist: 0.5793829176161024
             	SED dist: 0.6902397491119721		 Val SED dist: 2.132387457953559

Epoch 5113/8000: Training Loss: 0.26545480581430286		 Val Loss: 1.4270709567599826
             	Training MAE: 0.07029988616704941		 Val MAE: 0.06943537294864655
             	Algebraic dist: 0.3271188002366286		 Val Algebraic dist: 0.893542989095052
             	RE1 dist: 0.10894593039711753		 Val RE1 dist: 0.6943284776475694
             	SED dist: 0.47643799834199		 Val SED dist: 2.814233907063802

Epoch 5114/8000: Training Loss: 0.39321605975811297		 Val Loss: 0.7100548214382596
