nohup: ignoring input
/home/aviran/miniconda3/envs/alon_env/lib/python3.9/site-packages/transformers/utils/generic.py:260: FutureWarning: `torch.utils._pytree._register_pytree_node` is deprecated. Please use `torch.utils._pytree.register_pytree_node` instead.
  torch.utils._pytree._register_pytree_node(
/home/aviran/miniconda3/envs/alon_env/lib/python3.9/site-packages/huggingface_hub/file_download.py:1150: FutureWarning: `resume_download` is deprecated and will be removed in version 1.0.0. Downloads always resume when possible. If you want to force a new download, use `force_download=True`.
  warnings.warn(
/home/aviran/miniconda3/envs/alon_env/lib/python3.9/site-packages/transformers/modeling_utils.py:479: FutureWarning: You are using `torch.load` with `weights_only=False` (the current default value), which uses the default pickle module implicitly. It is possible to construct malicious pickle data which will execute arbitrary code during unpickling (See https://github.com/pytorch/pytorch/blob/main/SECURITY.md#untrusted-models for more details). In a future release, the default value for `weights_only` will be flipped to `True`. This limits the functions that could be executed during unpickling. Arbitrary objects will no longer be allowed to be loaded via this mode unless they are explicitly allowlisted by the user via `torch.serialization.add_safe_globals`. We recommend you start setting `weights_only=True` for any use case where you don't have full control of the loaded file. Please open an issue on GitHub for any issues related to this experimental feature.
  return torch.load(checkpoint_file, map_location=map_location)
/home/aviran/Alon/Thesis/AffineRegressor.py:325: FutureWarning: You are using `torch.load` with `weights_only=False` (the current default value), which uses the default pickle module implicitly. It is possible to construct malicious pickle data which will execute arbitrary code during unpickling (See https://github.com/pytorch/pytorch/blob/main/SECURITY.md#untrusted-models for more details). In a future release, the default value for `weights_only` will be flipped to `True`. This limits the functions that could be executed during unpickling. Arbitrary objects will no longer be allowed to be loaded via this mode unless they are explicitly allowlisted by the user via `torch.serialization.add_safe_globals`. We recommend you start setting `weights_only=True` for any use case where you don't have full control of the loaded file. Please open an issue on GitHub for any issues related to this experimental feature.
  checkpoint = torch.load(model_path, map_location='cpu')
###########################################################################################################################################################

                         learning rate: 6e-05,  mlp_hidden_sizes: [1024, 512], batch_size: 32, norm: True, alpha: 10, avg embeddings: False, 
                        crop: 224 resize: 256, use conv: True pretrained: None, seed: 42, angle range: 90, shift range: 110, 
                        train length: 9216, val length: 1600, test length: 1600, get old path: False, embeddings to use: ['rotated_embeddings', 'original_embeddings'],
                        use_cls: False, frozen layer: 4



##### CONTINUE TRAINING #####


Epoch 57/300: Training Loss: 0.07594304614596897		 Val Loss: 0.06429901123046874

	      Training MAE Angle: 0.14749537573920357		 Val MAE Angle: 0.1314328384399414
              Training MSE Angle: 0.06557782491048177		 Val MSE Angle: 0.05573238372802734

	      Training MAE Shift: 0.02098140451643202		 Val MAE Shift: 0.018377867937088014
              Training Euclidean Shift: 0.0329938100443946	 Val Euclidean Shift: 0.02913536310195923




Epoch 58/300: Training Loss: 0.07778570387098524		 Val Loss: 0.08680645942687988

	      Training MAE Angle: 0.1534392303890652		 Val MAE Angle: 0.15119064331054688
              Training MSE Angle: 0.06820032331678602		 Val MSE Angle: 0.07082009792327881

	      Training MAE Shift: 0.020460021164682176		 Val MAE Shift: 0.02301063060760498
              Training Euclidean Shift: 0.03215869267781576	 Val Euclidean Shift: 0.03617671251296997




Epoch 59/300: Training Loss: 0.07656118604871961		 Val Loss: 0.06674897193908691

	      Training MAE Angle: 0.15111378828684488		 Val MAE Angle: 0.12878125190734863
              Training MSE Angle: 0.06813343365987141		 Val MSE Angle: 0.05762549877166748

	      Training MAE Shift: 0.019555098480648465		 Val MAE Shift: 0.018966561555862425
              Training Euclidean Shift: 0.030733648273679946	 Val Euclidean Shift: 0.029774200916290284




Epoch 60/300: Training Loss: 0.0775873131222195		 Val Loss: 0.07179450988769531

	      Training MAE Angle: 0.14962177806430393		 Val MAE Angle: 0.13262397766113282
              Training MSE Angle: 0.06778078609042698		 Val MSE Angle: 0.06123349666595459

	      Training MAE Shift: 0.020415647162331477		 Val MAE Shift: 0.019601242542266847
              Training Euclidean Shift: 0.03210692935519748	 Val Euclidean Shift: 0.030999941825866698




Epoch 61/300: Training Loss: 0.07747146156099108		 Val Loss: 0.06301156044006348

	      Training MAE Angle: 0.14957829316457114		 Val MAE Angle: 0.1247550106048584
              Training MSE Angle: 0.06848253144158258		 Val MSE Angle: 0.053576993942260745

	      Training MAE Shift: 0.01956672469774882		 Val MAE Shift: 0.019937642812728883
              Training Euclidean Shift: 0.03078594472673204	 Val Euclidean Shift: 0.031489167213439945




Epoch 62/300: Training Loss: 0.07886424329545763		 Val Loss: 0.07978489875793457

	      Training MAE Angle: 0.15270369582706028		 Val MAE Angle: 0.14242063522338866
              Training MSE Angle: 0.07034403747982448		 Val MSE Angle: 0.06928443431854248

	      Training MAE Shift: 0.019795407851537068		 Val MAE Shift: 0.022710144519805908
              Training Euclidean Shift: 0.031102571222517226	 Val Euclidean Shift: 0.0354488205909729




Epoch 63/300: Training Loss: 0.06947560442818536		 Val Loss: 0.058334450721740726

	      Training MAE Angle: 0.14009569750891793		 Val MAE Angle: 0.1225252914428711
              Training MSE Angle: 0.06103209654490153		 Val MSE Angle: 0.04882890701293945

	      Training MAE Shift: 0.019398278660244413		 Val MAE Shift: 0.02136488914489746
              Training Euclidean Shift: 0.03054067823621962	 Val Euclidean Shift: 0.03355385541915894




Epoch 64/300: Training Loss: 0.0702733662393358		 Val Loss: 0.08117125511169433

	      Training MAE Angle: 0.13872897624969482		 Val MAE Angle: 0.149298038482666
              Training MSE Angle: 0.06151511934068468		 Val MSE Angle: 0.06917951583862304

	      Training MAE Shift: 0.019643425941467285		 Val MAE Shift: 0.01968249797821045
              Training Euclidean Shift: 0.03083723783493042	 Val Euclidean Shift: 0.0311220645904541




Epoch 65/300: Training Loss: 0.07343329323662652		 Val Loss: 0.07219884395599366

	      Training MAE Angle: 0.14182959662543404		 Val MAE Angle: 0.14148493766784667
              Training MSE Angle: 0.06329572863048977		 Val MSE Angle: 0.059718270301818845

	      Training MAE Shift: 0.020833207501305476		 Val MAE Shift: 0.023581476211547853
              Training Euclidean Shift: 0.03281832734743754	 Val Euclidean Shift: 0.03720234870910644




Epoch 66/300: Training Loss: 0.07127607531017727		 Val Loss: 0.07203930854797364

	      Training MAE Angle: 0.1410355700386895		 Val MAE Angle: 0.13391226768493653
              Training MSE Angle: 0.06249972846772936		 Val MSE Angle: 0.06251177787780762

	      Training MAE Shift: 0.019287016656663682		 Val MAE Shift: 0.021518154144287108
              Training Euclidean Shift: 0.030373146136601765	 Val Euclidean Shift: 0.03370502710342407




Epoch 67/300: Training Loss: 0.06880067454444037		 Val Loss: 0.0632385778427124

	      Training MAE Angle: 0.13591806093851724		 Val MAE Angle: 0.12213961601257324
              Training MSE Angle: 0.06051600641674466		 Val MSE Angle: 0.056094512939453126

	      Training MAE Shift: 0.01918366551399231		 Val MAE Shift: 0.018085345029830932
              Training Euclidean Shift: 0.030214955409367878	 Val Euclidean Shift: 0.02834156036376953




Epoch 68/300: Training Loss: 0.0668601327472263		 Val Loss: 0.06579729557037353

	      Training MAE Angle: 0.13211939069959852		 Val MAE Angle: 0.13005344390869142
              Training MSE Angle: 0.05717774894502428		 Val MSE Angle: 0.056737518310546874

	      Training MAE Shift: 0.020253658294677734		 Val MAE Shift: 0.020505094528198244
              Training Euclidean Shift: 0.03179842564794752	 Val Euclidean Shift: 0.032200436592102054




Epoch 69/300: Training Loss: 0.06501438882615831		 Val Loss: 0.06288283824920654

	      Training MAE Angle: 0.13334153758154976		 Val MAE Angle: 0.12090487480163574
              Training MSE Angle: 0.05669417646196154		 Val MSE Angle: 0.05635377883911133

	      Training MAE Shift: 0.018961321976449754		 Val MAE Shift: 0.017049542665481567
              Training Euclidean Shift: 0.029877771933873493	 Val Euclidean Shift: 0.026831331253051757




Epoch 70/300: Training Loss: 0.06685860289467706		 Val Loss: 0.07972480773925782

	      Training MAE Angle: 0.13019602828555638		 Val MAE Angle: 0.1379069519042969
              Training MSE Angle: 0.054713974396387734		 Val MSE Angle: 0.0632938289642334

	      Training MAE Shift: 0.020803964800304837		 Val MAE Shift: 0.029548726081848144
              Training Euclidean Shift: 0.032674060927497015	 Val Euclidean Shift: 0.046217527389526364




Epoch 71/300: Training Loss: 0.07305728064643012		 Val Loss: 0.06393411636352539

	      Training MAE Angle: 0.13945619265238443		 Val MAE Angle: 0.12072941780090332
              Training MSE Angle: 0.06296832031673855		 Val MSE Angle: 0.04911862850189209

	      Training MAE Shift: 0.02152405513657464		 Val MAE Shift: 0.027910277843475342
              Training Euclidean Shift: 0.0337767137421502	 Val Euclidean Shift: 0.04421286106109619




Epoch 72/300: Training Loss: 0.06996655464172363		 Val Loss: 0.07400229454040527

	      Training MAE Angle: 0.1354159116744995		 Val MAE Angle: 0.13891304016113282
              Training MSE Angle: 0.05641820033391317		 Val MSE Angle: 0.06443642139434815

	      Training MAE Shift: 0.023987544907463923		 Val MAE Shift: 0.020616657733917236
              Training Euclidean Shift: 0.037811723020341664	 Val Euclidean Shift: 0.03245896100997925




Epoch 73/300: Training Loss: 0.06839736964967516		 Val Loss: 0.057173781394958496

	      Training MAE Angle: 0.13335270351833767		 Val MAE Angle: 0.11128971099853516
              Training MSE Angle: 0.05841667784584893		 Val MSE Angle: 0.04964421272277832

	      Training MAE Shift: 0.020232417517238192		 Val MAE Shift: 0.018463748693466186
              Training Euclidean Shift: 0.03181543615129259	 Val Euclidean Shift: 0.029002795219421385




Epoch 74/300: Training Loss: 0.06151554981867472		 Val Loss: 0.07299956321716308

	      Training MAE Angle: 0.1265847153133816		 Val MAE Angle: 0.12867727279663085
              Training MSE Angle: 0.054046064615249634		 Val MSE Angle: 0.058262081146240235

	      Training MAE Shift: 0.018370492590798274		 Val MAE Shift: 0.01891083478927612
              Training Euclidean Shift: 0.028886132770114474	 Val Euclidean Shift: 0.029601657390594484




Epoch 75/300: Training Loss: 0.06448361608717176		 Val Loss: 0.06088354587554932

	      Training MAE Angle: 0.12846520211961535		 Val MAE Angle: 0.11680119514465331
              Training MSE Angle: 0.05438390374183655		 Val MSE Angle: 0.05196900367736816

	      Training MAE Shift: 0.02018894089592828		 Val MAE Shift: 0.01911118984222412
              Training Euclidean Shift: 0.03165206975407071	 Val Euclidean Shift: 0.029994115829467774




Epoch 76/300: Training Loss: 0.05705595016479492		 Val Loss: 0.06649880409240723

	      Training MAE Angle: 0.12305329905615912		 Val MAE Angle: 0.13010454177856445
              Training MSE Angle: 0.04982549283239576		 Val MSE Angle: 0.057636137008666995

	      Training MAE Shift: 0.018294504947132535		 Val MAE Shift: 0.018423821926116943
              Training Euclidean Shift: 0.028811792532602947	 Val Euclidean Shift: 0.02902684926986694




Epoch 77/300: Training Loss: 0.058855156103769936		 Val Loss: 0.056559057235717775

	      Training MAE Angle: 0.1224859423107571		 Val MAE Angle: 0.11777135848999024
              Training MSE Angle: 0.05119257834222582		 Val MSE Angle: 0.04878929615020752

	      Training MAE Shift: 0.01872731579674615		 Val MAE Shift: 0.0183185076713562
              Training Euclidean Shift: 0.029452939828236897	 Val Euclidean Shift: 0.02900723457336426




Epoch 78/300: Training Loss: 0.060881720648871526		 Val Loss: 0.058545093536376956

	      Training MAE Angle: 0.12440555625491673		 Val MAE Angle: 0.11436864852905274
              Training MSE Angle: 0.05312425229284498		 Val MSE Angle: 0.04913546085357666

	      Training MAE Shift: 0.018314075138833787		 Val MAE Shift: 0.018346948623657225
              Training Euclidean Shift: 0.028872708479563396	 Val Euclidean Shift: 0.029025554656982422




Epoch 79/300: Training Loss: 0.05639113982518514		 Val Loss: 0.06178680419921875

	      Training MAE Angle: 0.11797221501668294		 Val MAE Angle: 0.11839406967163085
              Training MSE Angle: 0.048566344711515635		 Val MSE Angle: 0.053215923309326174

	      Training MAE Shift: 0.018255833122465346		 Val MAE Shift: 0.019748715162277223
              Training Euclidean Shift: 0.02866323457823859	 Val Euclidean Shift: 0.030838735103607177




Epoch 80/300: Training Loss: 0.05644686354531182		 Val Loss: 0.06012741088867188

	      Training MAE Angle: 0.11976635456085205		 Val MAE Angle: 0.12293902397155762
              Training MSE Angle: 0.04860712422264947		 Val MSE Angle: 0.05293930530548096

	      Training MAE Shift: 0.018605821662478976		 Val MAE Shift: 0.018336290121078493
              Training Euclidean Shift: 0.02934266461266412	 Val Euclidean Shift: 0.02872671842575073




Epoch 81/300: Training Loss: 0.06108754211001926		 Val Loss: 0.05516475200653076

	      Training MAE Angle: 0.12418056858910455		 Val MAE Angle: 0.10720325469970703
              Training MSE Angle: 0.052661256657706365		 Val MSE Angle: 0.04558856964111328

	      Training MAE Shift: 0.01911893321408166		 Val MAE Shift: 0.02001227855682373
              Training Euclidean Shift: 0.030009988281461928	 Val Euclidean Shift: 0.03149530410766602




Epoch 82/300: Training Loss: 0.05839477645026313		 Val Loss: 0.047568259239196775

	      Training MAE Angle: 0.12195498413509792		 Val MAE Angle: 0.10013751983642578
              Training MSE Angle: 0.051096826791763306		 Val MSE Angle: 0.038010194301605224

	      Training MAE Shift: 0.01786372231112586		 Val MAE Shift: 0.019383997917175294
              Training Euclidean Shift: 0.028164188067118328	 Val Euclidean Shift: 0.030346975326538086




Epoch 83/300: Training Loss: 0.0579701993200514		 Val Loss: 0.05577789306640625

	      Training MAE Angle: 0.12020766735076904		 Val MAE Angle: 0.11068426132202148
              Training MSE Angle: 0.0490913192431132		 Val MSE Angle: 0.047660689353942874

	      Training MAE Shift: 0.01861425903108385		 Val MAE Shift: 0.019068453311920166
              Training Euclidean Shift: 0.02924799919128418	 Val Euclidean Shift: 0.029721286296844483




Epoch 84/300: Training Loss: 0.05524834328227573		 Val Loss: 0.04883633136749268

	      Training MAE Angle: 0.11776626110076904		 Val MAE Angle: 0.11130616188049317
              Training MSE Angle: 0.047553184959623546		 Val MSE Angle: 0.03969021320343018

	      Training MAE Shift: 0.01861499746640523		 Val MAE Shift: 0.018215975761413573
              Training Euclidean Shift: 0.0291836592886183	 Val Euclidean Shift: 0.028800036907196045




Epoch 85/300: Training Loss: 0.05965540144178602		 Val Loss: 0.05569427967071533

	      Training MAE Angle: 0.12198899851904975		 Val MAE Angle: 0.11992356300354004
              Training MSE Angle: 0.051024029652277626		 Val MSE Angle: 0.045890703201293945

	      Training MAE Shift: 0.018731224868032668		 Val MAE Shift: 0.02129620552062988
              Training Euclidean Shift: 0.02943141261736552	 Val Euclidean Shift: 0.033931381702423095




Epoch 86/300: Training Loss: 0.054189473390579224		 Val Loss: 0.04796909809112549

	      Training MAE Angle: 0.11506893899705675		 Val MAE Angle: 0.09897243499755859
              Training MSE Angle: 0.04512554738256666		 Val MSE Angle: 0.03889967918395996

	      Training MAE Shift: 0.0192417883210712		 Val MAE Shift: 0.018141716718673706
              Training Euclidean Shift: 0.030238449573516846	 Val Euclidean Shift: 0.028541972637176515




Epoch 87/300: Training Loss: 0.05110851923624674		 Val Loss: 0.054542346000671385

	      Training MAE Angle: 0.11137852403852674		 Val MAE Angle: 0.11599204063415527
              Training MSE Angle: 0.04389480087492201		 Val MSE Angle: 0.04560329437255859

	      Training MAE Shift: 0.017955453859435186		 Val MAE Shift: 0.018046457767486573
              Training Euclidean Shift: 0.02824015087551541	 Val Euclidean Shift: 0.028518550395965576




Epoch 88/300: Training Loss: 0.049558129575517446		 Val Loss: 0.050670957565307616

	      Training MAE Angle: 0.11001473002963597		 Val MAE Angle: 0.10554858207702637
              Training MSE Angle: 0.0418896840678321		 Val MSE Angle: 0.0435364818572998

	      Training MAE Shift: 0.017919689416885376		 Val MAE Shift: 0.018181211948394775
              Training Euclidean Shift: 0.028197758727603488	 Val Euclidean Shift: 0.028627378940582274




Epoch 89/300: Training Loss: 0.05363852116796705		 Val Loss: 0.06517877578735351

	      Training MAE Angle: 0.11580558617909749		 Val MAE Angle: 0.11595726013183594
              Training MSE Angle: 0.046515719758139715		 Val MSE Angle: 0.0548898458480835

	      Training MAE Shift: 0.017748658855756123		 Val MAE Shift: 0.017547683715820314
              Training Euclidean Shift: 0.027998007006115384	 Val Euclidean Shift: 0.027683868408203124




Epoch 90/300: Training Loss: 0.048571881320741445		 Val Loss: 0.0470182466506958

	      Training MAE Angle: 0.10780419243706597		 Val MAE Angle: 0.0968077850341797
              Training MSE Angle: 0.04148221678204007		 Val MSE Angle: 0.03858938217163086

	      Training MAE Shift: 0.0178413987159729		 Val MAE Shift: 0.01787117838859558
              Training Euclidean Shift: 0.028041942252053156	 Val Euclidean Shift: 0.02809351682662964




Epoch 91/300: Training Loss: 0.04987014995680915		 Val Loss: 0.05116166591644287

	      Training MAE Angle: 0.10917093356450398		 Val MAE Angle: 0.10689163208007812
              Training MSE Angle: 0.04183093044492933		 Val MSE Angle: 0.0435793399810791

	      Training MAE Shift: 0.01856354044543372		 Val MAE Shift: 0.017251200675964355
              Training Euclidean Shift: 0.02924846609433492	 Val Euclidean Shift: 0.027325778007507323




Epoch 92/300: Training Loss: 0.048854175541136		 Val Loss: 0.04660350322723389

	      Training MAE Angle: 0.10663921303219265		 Val MAE Angle: 0.10650650024414063
              Training MSE Angle: 0.040092402034335665		 Val MSE Angle: 0.03820877075195313

	      Training MAE Shift: 0.018169447779655457		 Val MAE Shift: 0.01776573896408081
              Training Euclidean Shift: 0.028567810853322346	 Val Euclidean Shift: 0.028002374172210694




Epoch 93/300: Training Loss: 0.0473766028881073		 Val Loss: 0.04287975311279297

	      Training MAE Angle: 0.10701989465289646		 Val MAE Angle: 0.09741657257080077
              Training MSE Angle: 0.03968525263998243		 Val MSE Angle: 0.0349994158744812

	      Training MAE Shift: 0.018199745151731703		 Val MAE Shift: 0.020323503017425536
              Training Euclidean Shift: 0.02859710653622945	 Val Euclidean Shift: 0.03214461326599121




Epoch 94/300: Training Loss: 0.0436198181576199		 Val Loss: 0.0498147439956665

	      Training MAE Angle: 0.10235780477523804		 Val MAE Angle: 0.09724319458007813
              Training MSE Angle: 0.03680278857549032		 Val MSE Angle: 0.040530219078063964

	      Training MAE Shift: 0.017507046461105347		 Val MAE Shift: 0.018736988306045532
              Training Euclidean Shift: 0.02748261723253462	 Val Euclidean Shift: 0.029458322525024415




Epoch 95/300: Training Loss: 0.04547416170438131		 Val Loss: 0.05544285774230957

	      Training MAE Angle: 0.10447105434205797		 Val MAE Angle: 0.1047714900970459
              Training MSE Angle: 0.03829011652204725		 Val MSE Angle: 0.044464030265808106

	      Training MAE Shift: 0.018209861384497747		 Val MAE Shift: 0.021686501502990722
              Training Euclidean Shift: 0.02857930792702569	 Val Euclidean Shift: 0.03430597543716431




Epoch 96/300: Training Loss: 0.04915803670883179		 Val Loss: 0.04335636138916016

	      Training MAE Angle: 0.1036529474788242		 Val MAE Angle: 0.11346577644348145
              Training MSE Angle: 0.03786929448445638		 Val MSE Angle: 0.03478562593460083

	      Training MAE Shift: 0.021179800232251484		 Val MAE Shift: 0.01947292685508728
              Training Euclidean Shift: 0.03340331713358561	 Val Euclidean Shift: 0.030527520179748534




Epoch 97/300: Training Loss: 0.04711729288101196		 Val Loss: 0.04936710357666016

	      Training MAE Angle: 0.10218916998969184		 Val MAE Angle: 0.09645277976989747
              Training MSE Angle: 0.03730037477281359		 Val MSE Angle: 0.04055205821990967

	      Training MAE Shift: 0.019658270809385512		 Val MAE Shift: 0.01983983039855957
              Training Euclidean Shift: 0.030933611922793917	 Val Euclidean Shift: 0.03103224277496338




Epoch 98/300: Training Loss: 0.042526056369145714		 Val Loss: 0.040168046951293945

	      Training MAE Angle: 0.09870243072509766		 Val MAE Angle: 0.09476995468139648
              Training MSE Angle: 0.03604793217447069		 Val MSE Angle: 0.033688061237335205

	      Training MAE Shift: 0.016904642184575398		 Val MAE Shift: 0.0170725679397583
              Training Euclidean Shift: 0.026545918650097318	 Val Euclidean Shift: 0.026943624019622803




Epoch 99/300: Training Loss: 0.04352742764684889		 Val Loss: 0.046962556838989256

	      Training MAE Angle: 0.09872983561621772		 Val MAE Angle: 0.09949509620666504
              Training MSE Angle: 0.03629352317916022		 Val MSE Angle: 0.036841895580291745

	      Training MAE Shift: 0.01742424236403571		 Val MAE Shift: 0.018370913267135622
              Training Euclidean Shift: 0.027408440907796223	 Val Euclidean Shift: 0.029075376987457276




Epoch 100/300: Training Loss: 0.04069760110643175		 Val Loss: 0.04708992004394531

	      Training MAE Angle: 0.0984794365035163		 Val MAE Angle: 0.09625343322753906
              Training MSE Angle: 0.034262236621644765		 Val MSE Angle: 0.0396061897277832

	      Training MAE Shift: 0.016931146383285522		 Val MAE Shift: 0.017089766263961793
              Training Euclidean Shift: 0.026595907078848943	 Val Euclidean Shift: 0.02696755886077881




Epoch 101/300: Training Loss: 0.04432553052902222		 Val Loss: 0.04079124450683594

	      Training MAE Angle: 0.1013168493906657		 Val MAE Angle: 0.09300931930541992
              Training MSE Angle: 0.03774637315008375		 Val MSE Angle: 0.03369923830032349

	      Training MAE Shift: 0.016986391610569425		 Val MAE Shift: 0.01749285578727722
              Training Euclidean Shift: 0.026764854788780212	 Val Euclidean Shift: 0.02750753402709961




Epoch 102/300: Training Loss: 0.040999154249827065		 Val Loss: 0.037859609127044676

	      Training MAE Angle: 0.09610921806759304		 Val MAE Angle: 0.08125234603881835
              Training MSE Angle: 0.03365929259194268		 Val MSE Angle: 0.029906280040740967

	      Training MAE Shift: 0.017687562439176772		 Val MAE Shift: 0.018348618745803832
              Training Euclidean Shift: 0.027895692321989272	 Val Euclidean Shift: 0.028838090896606446




Epoch 103/300: Training Loss: 0.040985309415393405		 Val Loss: 0.04134003639221191

	      Training MAE Angle: 0.09653033812840779		 Val MAE Angle: 0.09825017929077148
              Training MSE Angle: 0.03350865840911865		 Val MSE Angle: 0.033191330432891845

	      Training MAE Shift: 0.017684721284442477		 Val MAE Shift: 0.01943723678588867
              Training Euclidean Shift: 0.02781463662783305	 Val Euclidean Shift: 0.030482239723205566




Epoch 104/300: Training Loss: 0.03756102919578552		 Val Loss: 0.04007972240447998

	      Training MAE Angle: 0.09313323100407918		 Val MAE Angle: 0.10669301033020019
              Training MSE Angle: 0.03178133567174276		 Val MSE Angle: 0.033640925884246824

	      Training MAE Shift: 0.01649484203921424		 Val MAE Shift: 0.0167378306388855
              Training Euclidean Shift: 0.025953458415137395	 Val Euclidean Shift: 0.026307532787322997




Epoch 105/300: Training Loss: 0.039223429229524404		 Val Loss: 0.04203596115112305

	      Training MAE Angle: 0.0937458144293891		 Val MAE Angle: 0.09057099342346192
              Training MSE Angle: 0.03307683931456672		 Val MSE Angle: 0.03471009731292725

	      Training MAE Shift: 0.016675911015934415		 Val MAE Shift: 0.017842819690704347
              Training Euclidean Shift: 0.026236252652274236	 Val Euclidean Shift: 0.02794701814651489




Epoch 106/300: Training Loss: 0.0402951803472307		 Val Loss: 0.0417814302444458

	      Training MAE Angle: 0.09207418892118666		 Val MAE Angle: 0.08728561401367188
              Training MSE Angle: 0.03221077058050367		 Val MSE Angle: 0.03332108974456787

	      Training MAE Shift: 0.018168263965182833		 Val MAE Shift: 0.01714974284172058
              Training Euclidean Shift: 0.028565337260564167	 Val Euclidean Shift: 0.027102563381195068




Epoch 107/300: Training Loss: 0.0406351453728146		 Val Loss: 0.03497984647750854

	      Training MAE Angle: 0.09420591592788696		 Val MAE Angle: 0.08361106872558594
              Training MSE Angle: 0.032511923048231334		 Val MSE Angle: 0.026412136554718017

	      Training MAE Shift: 0.018631397022141352		 Val MAE Shift: 0.01779974818229675
              Training Euclidean Shift: 0.0292486482196384	 Val Euclidean Shift: 0.02803696393966675




Epoch 108/300: Training Loss: 0.04222663905885485		 Val Loss: 0.04561941146850586

	      Training MAE Angle: 0.09606282578574286		 Val MAE Angle: 0.09989948272705078
              Training MSE Angle: 0.035050796137915716		 Val MSE Angle: 0.034544215202331544

	      Training MAE Shift: 0.017483686407407124		 Val MAE Shift: 0.02093066930770874
              Training Euclidean Shift: 0.02755728695127699	 Val Euclidean Shift: 0.03300960779190063




Epoch 109/300: Training Loss: 0.037393414311938815		 Val Loss: 0.0464841890335083

	      Training MAE Angle: 0.08976637654834324		 Val MAE Angle: 0.09236340522766114
              Training MSE Angle: 0.0300020608637068		 Val MSE Angle: 0.03856925964355469

	      Training MAE Shift: 0.018270517388979595		 Val MAE Shift: 0.018655478954315186
              Training Euclidean Shift: 0.028699881500667997	 Val Euclidean Shift: 0.029317967891693116




Epoch 110/300: Training Loss: 0.03959614369604322		 Val Loss: 0.034284307956695556

	      Training MAE Angle: 0.09458650483025445		 Val MAE Angle: 0.0783959436416626
              Training MSE Angle: 0.032340029875437416		 Val MSE Angle: 0.02642881393432617

	      Training MAE Shift: 0.017095019419987995		 Val MAE Shift: 0.0171469509601593
              Training Euclidean Shift: 0.026837012834019132	 Val Euclidean Shift: 0.02696716070175171




Epoch 111/300: Training Loss: 0.03623937898212009		 Val Loss: 0.03252586603164673

	      Training MAE Angle: 0.08911432822545369		 Val MAE Angle: 0.08224807739257813
              Training MSE Angle: 0.029768294758266874		 Val MSE Angle: 0.026017537117004396

	      Training MAE Shift: 0.016923475596639845		 Val MAE Shift: 0.016776009798049926
              Training Euclidean Shift: 0.02660770879851447	 Val Euclidean Shift: 0.026402387619018555




Epoch 112/300: Training Loss: 0.03981821073426141		 Val Loss: 0.05601681709289551

	      Training MAE Angle: 0.09122253788842095		 Val MAE Angle: 0.10209721565246582
              Training MSE Angle: 0.03313021527396308		 Val MSE Angle: 0.04107743740081787

	      Training MAE Shift: 0.017027224103609722		 Val MAE Shift: 0.019747787714004518
              Training Euclidean Shift: 0.026779671510060627	 Val Euclidean Shift: 0.03127561569213867




Epoch 113/300: Training Loss: 0.04037593470679389		 Val Loss: 0.045540785789489745

	      Training MAE Angle: 0.09575944476657444		 Val MAE Angle: 0.09006685256958008
              Training MSE Angle: 0.03329335980945163		 Val MSE Angle: 0.034173169136047364

	      Training MAE Shift: 0.017517550124062434		 Val MAE Shift: 0.01871205687522888
              Training Euclidean Shift: 0.027580411897765264	 Val Euclidean Shift: 0.02945473909378052




Epoch 114/300: Training Loss: 0.041967421770095825		 Val Loss: 0.036260712146759036

	      Training MAE Angle: 0.095700204372406		 Val MAE Angle: 0.08267313957214356
              Training MSE Angle: 0.0345487826400333		 Val MSE Angle: 0.027596116065979004

	      Training MAE Shift: 0.018073997563785978		 Val MAE Shift: 0.018280348777770995
              Training Euclidean Shift: 0.028446687592400446	 Val Euclidean Shift: 0.028829545974731446




Epoch 115/300: Training Loss: 0.03692295485072666		 Val Loss: 0.03233499526977539

	      Training MAE Angle: 0.0889016522301568		 Val MAE Angle: 0.08366893768310547
              Training MSE Angle: 0.02950072619650099		 Val MSE Angle: 0.02517671585083008

	      Training MAE Shift: 0.017603301339679293		 Val MAE Shift: 0.017856268882751464
              Training Euclidean Shift: 0.027620236078898113	 Val Euclidean Shift: 0.02808889150619507




Epoch 116/300: Training Loss: 0.037431720230314464		 Val Loss: 0.034387562274932865

	      Training MAE Angle: 0.08995246224933201		 Val MAE Angle: 0.07733434677124024
              Training MSE Angle: 0.030837217966715496		 Val MSE Angle: 0.02656397581100464

	      Training MAE Shift: 0.016958983408080205		 Val MAE Shift: 0.0174138605594635
              Training Euclidean Shift: 0.026622795396380954	 Val Euclidean Shift: 0.02759872913360596




Epoch 117/300: Training Loss: 0.03899904423289829		 Val Loss: 0.0355838131904602

	      Training MAE Angle: 0.0919404493437873		 Val MAE Angle: 0.09150958061218262
              Training MSE Angle: 0.03154043356577555		 Val MSE Angle: 0.02702181339263916

	      Training MAE Shift: 0.017530866795116		 Val MAE Shift: 0.018634065389633178
              Training Euclidean Shift: 0.02757599949836731	 Val Euclidean Shift: 0.029225823879241945




Epoch 118/300: Training Loss: 0.04069078630871243		 Val Loss: 0.04216219902038574

	      Training MAE Angle: 0.09307805034849378		 Val MAE Angle: 0.08948464393615722
              Training MSE Angle: 0.032771915197372437		 Val MSE Angle: 0.03424561500549316

	      Training MAE Shift: 0.018485496441523235		 Val MAE Shift: 0.01696982741355896
              Training Euclidean Shift: 0.029106444782680936	 Val Euclidean Shift: 0.026595566272735596




Epoch 119/300: Training Loss: 0.037281334400177		 Val Loss: 0.035129542350769045

	      Training MAE Angle: 0.08855743540657891		 Val MAE Angle: 0.08598888397216797
              Training MSE Angle: 0.02958102027575175		 Val MSE Angle: 0.029379270076751708

	      Training MAE Shift: 0.017561518483691745		 Val MAE Shift: 0.015626268386840822
              Training Euclidean Shift: 0.027607649564743042	 Val Euclidean Shift: 0.024466245174407958




Epoch 120/300: Training Loss: 0.038809769683414035		 Val Loss: 0.04127134799957275

	      Training MAE Angle: 0.0892701612578498		 Val MAE Angle: 0.08724590301513672
              Training MSE Angle: 0.03150421380996704		 Val MSE Angle: 0.032051467895507814

	      Training MAE Shift: 0.017700766523679096		 Val MAE Shift: 0.01879905939102173
              Training Euclidean Shift: 0.02795229024357266	 Val Euclidean Shift: 0.029850878715515138




Epoch 121/300: Training Loss: 0.037032610840267606		 Val Loss: 0.03762676954269409

	      Training MAE Angle: 0.08780343665017022		 Val MAE Angle: 0.08403080940246582
              Training MSE Angle: 0.029210968150032893		 Val MSE Angle: 0.028548123836517333

	      Training MAE Shift: 0.017664520276917353		 Val MAE Shift: 0.019579375982284545
              Training Euclidean Shift: 0.027887370851304796	 Val Euclidean Shift: 0.030887789726257324




Epoch 122/300: Training Loss: 0.03251844975683424		 Val Loss: 0.03562718391418457

	      Training MAE Angle: 0.08193561103608873		 Val MAE Angle: 0.07789896488189697
              Training MSE Angle: 0.026389285922050476		 Val MSE Angle: 0.026492559909820558

	      Training MAE Shift: 0.016682603292995028		 Val MAE Shift: 0.02010315179824829
              Training Euclidean Shift: 0.026242749558554754	 Val Euclidean Shift: 0.031704554557800295




Epoch 123/300: Training Loss: 0.03580411275227865		 Val Loss: 0.040563735961914066

	      Training MAE Angle: 0.0854670802752177		 Val MAE Angle: 0.08902718544006348
              Training MSE Angle: 0.028554144832823012		 Val MSE Angle: 0.03138336658477783

	      Training MAE Shift: 0.017665652765168086		 Val MAE Shift: 0.01792022109031677
              Training Euclidean Shift: 0.027815391620000202	 Val Euclidean Shift: 0.028271937370300294




Epoch 124/300: Training Loss: 0.03814584347936842		 Val Loss: 0.03171790838241577

	      Training MAE Angle: 0.08875169356664021		 Val MAE Angle: 0.07806998252868652
              Training MSE Angle: 0.030393968025843304		 Val MSE Angle: 0.024435832500457763

	      Training MAE Shift: 0.01826985842651791		 Val MAE Shift: 0.017055498361587526
              Training Euclidean Shift: 0.028751618332333036	 Val Euclidean Shift: 0.026747024059295653




Epoch 125/300: Training Loss: 0.03650786148177253		 Val Loss: 0.03478902816772461

	      Training MAE Angle: 0.08646778265635173		 Val MAE Angle: 0.08376456260681152
              Training MSE Angle: 0.029424554771847196		 Val MSE Angle: 0.028875973224639893

	      Training MAE Shift: 0.017378608385721844		 Val MAE Shift: 0.0154226815700531
              Training Euclidean Shift: 0.027372525797949895	 Val Euclidean Shift: 0.024330613613128663




Epoch 126/300: Training Loss: 0.03768496380911933		 Val Loss: 0.03528525352478027

	      Training MAE Angle: 0.09031018945905897		 Val MAE Angle: 0.0949268913269043
              Training MSE Angle: 0.03067260980606079		 Val MSE Angle: 0.02847484588623047

	      Training MAE Shift: 0.01658864153756036		 Val MAE Shift: 0.01792202115058899
              Training Euclidean Shift: 0.02608655724260542	 Val Euclidean Shift: 0.028010151386260985




Epoch 127/300: Training Loss: 0.035746991634368896		 Val Loss: 0.03728648900985718

	      Training MAE Angle: 0.08444298638237847		 Val MAE Angle: 0.08061277389526367
              Training MSE Angle: 0.02882789240943061		 Val MSE Angle: 0.0277614688873291

	      Training MAE Shift: 0.01685526470343272		 Val MAE Shift: 0.0204703950881958
              Training Euclidean Shift: 0.026528106795416936	 Val Euclidean Shift: 0.032258460521698




Epoch 128/300: Training Loss: 0.0364672409163581		 Val Loss: 0.0443479585647583

	      Training MAE Angle: 0.08620776732762654		 Val MAE Angle: 0.08512728691101074
              Training MSE Angle: 0.028742598162757024		 Val MSE Angle: 0.03592472076416016

	      Training MAE Shift: 0.01804770032564799		 Val MAE Shift: 0.019125324487686158
              Training Euclidean Shift: 0.02837411893738641	 Val Euclidean Shift: 0.03009324789047241




Epoch 129/300: Training Loss: 0.03424499763382806		 Val Loss: 0.033004124164581296

	      Training MAE Angle: 0.08498280578189427		 Val MAE Angle: 0.07660881519317626
              Training MSE Angle: 0.02803045842382643		 Val MSE Angle: 0.02514809846878052

	      Training MAE Shift: 0.01630225943194495		 Val MAE Shift: 0.016872408390045165
              Training Euclidean Shift: 0.025660740004645452	 Val Euclidean Shift: 0.02666680335998535




Epoch 130/300: Training Loss: 0.038339717520607844		 Val Loss: 0.042033905982971194

	      Training MAE Angle: 0.09123147196239895		 Val MAE Angle: 0.08962862014770508
              Training MSE Angle: 0.0303683512740665		 Val MSE Angle: 0.03316207647323608

	      Training MAE Shift: 0.018465497427516513		 Val MAE Shift: 0.01846303343772888
              Training Euclidean Shift: 0.029073973496754963	 Val Euclidean Shift: 0.029058828353881835




Epoch 131/300: Training Loss: 0.035281469424565635		 Val Loss: 0.03525731086730957

	      Training MAE Angle: 0.08660057518217298		 Val MAE Angle: 0.07583035945892334
              Training MSE Angle: 0.028078118960062664		 Val MSE Angle: 0.02772998571395874

	      Training MAE Shift: 0.017499978343645733		 Val MAE Shift: 0.018987592458724976
              Training Euclidean Shift: 0.027522496051258512	 Val Euclidean Shift: 0.02960592269897461




Epoch 132/300: Training Loss: 0.03239947557449341		 Val Loss: 0.03119340181350708

	      Training MAE Angle: 0.07989812559551662		 Val MAE Angle: 0.08673065185546874
              Training MSE Angle: 0.02563979725042979		 Val MSE Angle: 0.022293353080749513

	      Training MAE Shift: 0.016840476128790114		 Val MAE Shift: 0.019479368925094605
              Training Euclidean Shift: 0.026475851734479267	 Val Euclidean Shift: 0.0307741379737854




Epoch 133/300: Training Loss: 0.033999337090386286		 Val Loss: 0.036303727626800536

	      Training MAE Angle: 0.08411088254716662		 Val MAE Angle: 0.08478593826293945
              Training MSE Angle: 0.026616328292422824		 Val MSE Angle: 0.02848977327346802

	      Training MAE Shift: 0.01729739871289995		 Val MAE Shift: 0.017329821586608885
              Training Euclidean Shift: 0.027223237686687045	 Val Euclidean Shift: 0.027275373935699464




Epoch 134/300: Training Loss: 0.03603231575753954		 Val Loss: 0.03786677122116089

	      Training MAE Angle: 0.08589675029118855		 Val MAE Angle: 0.08219418525695801
              Training MSE Angle: 0.028254393074247573		 Val MSE Angle: 0.028626654148101807

	      Training MAE Shift: 0.01826385325855679		 Val MAE Shift: 0.020564167499542235
              Training Euclidean Shift: 0.028835637701882258	 Val Euclidean Shift: 0.03229412317276001




Epoch 135/300: Training Loss: 0.034700009557935924		 Val Loss: 0.03308316946029663

	      Training MAE Angle: 0.08269113964504665		 Val MAE Angle: 0.08837522506713867
              Training MSE Angle: 0.02758357094393836		 Val MSE Angle: 0.0250827956199646

	      Training MAE Shift: 0.017123868068059284		 Val MAE Shift: 0.017467124462127684
              Training Euclidean Shift: 0.026897476779090032	 Val Euclidean Shift: 0.02763787031173706




Epoch 136/300: Training Loss: 0.03323256969451904		 Val Loss: 0.04295819759368896

	      Training MAE Angle: 0.08121941486994426		 Val MAE Angle: 0.12367236137390136
              Training MSE Angle: 0.024655489457978144		 Val MSE Angle: 0.03534191846847534

	      Training MAE Shift: 0.01829173829820421		 Val MAE Shift: 0.018091185092926024
              Training Euclidean Shift: 0.028741286860571966	 Val Euclidean Shift: 0.028432533740997315




Epoch 137/300: Training Loss: 0.031892991728252836		 Val Loss: 0.03508536338806152

	      Training MAE Angle: 0.08064260085423787		 Val MAE Angle: 0.07811288356781006
              Training MSE Angle: 0.026344388723373413		 Val MSE Angle: 0.02754805326461792

	      Training MAE Shift: 0.01597072846359677		 Val MAE Shift: 0.017634501457214357
              Training Euclidean Shift: 0.025083790222803753	 Val Euclidean Shift: 0.027767367362976074




Epoch 138/300: Training Loss: 0.03939680258433024		 Val Loss: 0.043851914405822756

	      Training MAE Angle: 0.08753502368927002		 Val MAE Angle: 0.07916754722595215
              Training MSE Angle: 0.029022170437706843		 Val MSE Angle: 0.032613470554351806

	      Training MAE Shift: 0.020484932594829135		 Val MAE Shift: 0.021374218463897705
              Training Euclidean Shift: 0.03218737244606018	 Val Euclidean Shift: 0.03356248617172241




Epoch 139/300: Training Loss: 0.0335606402821011		 Val Loss: 0.0368552303314209

	      Training MAE Angle: 0.08393315474192302		 Val MAE Angle: 0.07807082653045655
              Training MSE Angle: 0.026832270953390334		 Val MSE Angle: 0.027774832248687743

	      Training MAE Shift: 0.017466349734200373		 Val MAE Shift: 0.017745862007141112
              Training Euclidean Shift: 0.027470711204740737	 Val Euclidean Shift: 0.028020462989807128




Epoch 140/300: Training Loss: 0.031390133831236094		 Val Loss: 0.026752846240997316

	      Training MAE Angle: 0.08183649513456556		 Val MAE Angle: 0.06723422527313233
              Training MSE Angle: 0.025421669085820515		 Val MSE Angle: 0.019495972394943238

	      Training MAE Shift: 0.016431628002060786		 Val MAE Shift: 0.01673061728477478
              Training Euclidean Shift: 0.025781394706832036	 Val Euclidean Shift: 0.026197268962860107




Epoch 141/300: Training Loss: 0.030916223923365276		 Val Loss: 0.030579185485839842

	      Training MAE Angle: 0.07827519045935737		 Val MAE Angle: 0.08222312927246093
              Training MSE Angle: 0.023744579818513658		 Val MSE Angle: 0.02296821117401123

	      Training MAE Shift: 0.016933123270670574		 Val MAE Shift: 0.017420514822006225
              Training Euclidean Shift: 0.02659735745853848	 Val Euclidean Shift: 0.027476634979248047




Epoch 142/300: Training Loss: 0.028695219092898898		 Val Loss: 0.02585226535797119

	      Training MAE Angle: 0.0750133925014072		 Val MAE Angle: 0.06913666248321533
              Training MSE Angle: 0.02277589009867774		 Val MSE Angle: 0.01971231698989868

	      Training MAE Shift: 0.01604469120502472		 Val MAE Shift: 0.015786666870117188
              Training Euclidean Shift: 0.025313855873213872	 Val Euclidean Shift: 0.024709784984588624




Epoch 143/300: Training Loss: 0.0303085015879737		 Val Loss: 0.023356928825378417

	      Training MAE Angle: 0.07850139670901829		 Val MAE Angle: 0.06891897201538086
              Training MSE Angle: 0.024656615323490567		 Val MSE Angle: 0.01744340419769287

	      Training MAE Shift: 0.015609984596570333		 Val MAE Shift: 0.015280427932739258
              Training Euclidean Shift: 0.02452402975824144	 Val Euclidean Shift: 0.02407813549041748




Epoch 144/300: Training Loss: 0.03126769264539083		 Val Loss: 0.026664209365844727

	      Training MAE Angle: 0.0776455005009969		 Val MAE Angle: 0.0680038070678711
              Training MSE Angle: 0.02533519102467431		 Val MSE Angle: 0.019389286041259765

	      Training MAE Shift: 0.016143603457344904		 Val MAE Shift: 0.01734569787979126
              Training Euclidean Shift: 0.025365188717842102	 Val Euclidean Shift: 0.027245755195617675




Epoch 145/300: Training Loss: 0.029853237999810114		 Val Loss: 0.027089161872863768

	      Training MAE Angle: 0.07598898145887586		 Val MAE Angle: 0.06599756717681884
              Training MSE Angle: 0.023404671086205378		 Val MSE Angle: 0.020626468658447264

	      Training MAE Shift: 0.016568818026118808		 Val MAE Shift: 0.01658373236656189
              Training Euclidean Shift: 0.02606056961748335	 Val Euclidean Shift: 0.026018583774566652




Epoch 146/300: Training Loss: 0.031678232881757945		 Val Loss: 0.035535194873809815

	      Training MAE Angle: 0.08003147443135579		 Val MAE Angle: 0.07851174354553223
              Training MSE Angle: 0.02491547664006551		 Val MSE Angle: 0.028213415145874023

	      Training MAE Shift: 0.01704546312491099		 Val MAE Shift: 0.018064101934432985
              Training Euclidean Shift: 0.026820100016064115	 Val Euclidean Shift: 0.028346867561340333




Epoch 147/300: Training Loss: 0.03225697742568122		 Val Loss: 0.03223539113998413

	      Training MAE Angle: 0.07958578401141697		 Val MAE Angle: 0.0767362117767334
              Training MSE Angle: 0.02591550846894582		 Val MSE Angle: 0.024036660194396972

	      Training MAE Shift: 0.01679259373082055		 Val MAE Shift: 0.016644848585128783
              Training Euclidean Shift: 0.026392681731118098	 Val Euclidean Shift: 0.02609405517578125




Epoch 148/300: Training Loss: 0.029739270607630413		 Val Loss: 0.02810831308364868

	      Training MAE Angle: 0.07477026515536839		 Val MAE Angle: 0.06990556240081787
              Training MSE Angle: 0.0233207858271069		 Val MSE Angle: 0.02223026752471924

	      Training MAE Shift: 0.01592310931947496		 Val MAE Shift: 0.01578260064125061
              Training Euclidean Shift: 0.0250679353872935	 Val Euclidean Shift: 0.024819815158843996




Epoch 149/300: Training Loss: 0.03206866648462084		 Val Loss: 0.02502155065536499

	      Training MAE Angle: 0.07843652036454943		 Val MAE Angle: 0.06494871616363525
              Training MSE Angle: 0.025503431757291157		 Val MSE Angle: 0.01861313223838806

	      Training MAE Shift: 0.016776310073004827		 Val MAE Shift: 0.016612348556518556
              Training Euclidean Shift: 0.02641380164358351	 Val Euclidean Shift: 0.026255626678466797




Epoch 150/300: Training Loss: 0.030327240626017254		 Val Loss: 0.031111862659454346

	      Training MAE Angle: 0.07886989249123467		 Val MAE Angle: 0.06982807159423828
              Training MSE Angle: 0.023697114653057523		 Val MSE Angle: 0.02409649133682251

	      Training MAE Shift: 0.01662621233198378		 Val MAE Shift: 0.014937418699264526
              Training Euclidean Shift: 0.02616600857840644	 Val Euclidean Shift: 0.02359595775604248




Epoch 151/300: Training Loss: 0.03347544206513299		 Val Loss: 0.02955014944076538

	      Training MAE Angle: 0.07954718669255574		 Val MAE Angle: 0.07095370769500732
              Training MSE Angle: 0.026172705822520785		 Val MSE Angle: 0.022729721069335938

	      Training MAE Shift: 0.01647594736682044		 Val MAE Shift: 0.016177761554718017
              Training Euclidean Shift: 0.025889719525973003	 Val Euclidean Shift: 0.025432429313659667




Epoch 152/300: Training Loss: 0.027542953689893086		 Val Loss: 0.02438636779785156

	      Training MAE Angle: 0.07341717349158393		 Val MAE Angle: 0.060761790275573734
              Training MSE Angle: 0.021994984812206693		 Val MSE Angle: 0.0173172128200531

	      Training MAE Shift: 0.015454893310864767		 Val MAE Shift: 0.01600660800933838
              Training Euclidean Shift: 0.02431619167327881	 Val Euclidean Shift: 0.025201995372772217




Epoch 153/300: Training Loss: 0.028424061006969877		 Val Loss: 0.02945213794708252

	      Training MAE Angle: 0.07258856296539307		 Val MAE Angle: 0.07024995803833008
              Training MSE Angle: 0.022426224417156644		 Val MSE Angle: 0.02276542901992798

	      Training MAE Shift: 0.016086727380752563		 Val MAE Shift: 0.0159245765209198
              Training Euclidean Shift: 0.025333649582333036	 Val Euclidean Shift: 0.02497866630554199




Epoch 154/300: Training Loss: 0.029394692844814725		 Val Loss: 0.02862962007522583

	      Training MAE Angle: 0.07278764247894287		 Val MAE Angle: 0.07573806285858155
              Training MSE Angle: 0.022524032327863906		 Val MSE Angle: 0.021718318462371825

	      Training MAE Shift: 0.016708787944581773		 Val MAE Shift: 0.017013800144195557
              Training Euclidean Shift: 0.02629736728138394	 Val Euclidean Shift: 0.02672417402267456




Epoch 155/300: Training Loss: 0.028595348199208576		 Val Loss: 0.03102630615234375

	      Training MAE Angle: 0.0741574698024326		 Val MAE Angle: 0.08025010108947754
              Training MSE Angle: 0.02210474345419142		 Val MSE Angle: 0.023790478706359863

	      Training MAE Shift: 0.016626738839679293		 Val MAE Shift: 0.017067131996154786
              Training Euclidean Shift: 0.02614342172940572	 Val Euclidean Shift: 0.027003557682037355




Epoch 156/300: Training Loss: 0.028013385004467435		 Val Loss: 0.033302981853485104

	      Training MAE Angle: 0.07366739379035102		 Val MAE Angle: 0.07799365997314453
              Training MSE Angle: 0.02209409409099155		 Val MSE Angle: 0.026450250148773193

	      Training MAE Shift: 0.015858189927207098		 Val MAE Shift: 0.01755366325378418
              Training Euclidean Shift: 0.02494222753577762	 Val Euclidean Shift: 0.027589740753173827




Epoch 157/300: Training Loss: 0.02922847867012024		 Val Loss: 0.028623831272125245

	      Training MAE Angle: 0.07181698746151394		 Val MAE Angle: 0.07013372898101806
              Training MSE Angle: 0.021164425545268588		 Val MSE Angle: 0.01852074861526489

	      Training MAE Shift: 0.016554440061251324		 Val MAE Shift: 0.018639663457870482
              Training Euclidean Shift: 0.025999067558182612	 Val Euclidean Shift: 0.02924910545349121




Epoch 158/300: Training Loss: 0.02925918499628703		 Val Loss: 0.027107107639312743

	      Training MAE Angle: 0.07311026255289714		 Val MAE Angle: 0.06731503963470459
              Training MSE Angle: 0.02274410261048211		 Val MSE Angle: 0.020471863746643067

	      Training MAE Shift: 0.016825944185256958		 Val MAE Shift: 0.017259581089019774
              Training Euclidean Shift: 0.02646042572127448	 Val Euclidean Shift: 0.02721450328826904




Epoch 159/300: Training Loss: 0.029933181073930528		 Val Loss: 0.028081121444702147

	      Training MAE Angle: 0.07776058382458156		 Val MAE Angle: 0.06800373077392578
              Training MSE Angle: 0.023995897836155362		 Val MSE Angle: 0.020477821826934816

	      Training MAE Shift: 0.015454139974382188		 Val MAE Shift: 0.01609392523765564
              Training Euclidean Shift: 0.024347297019428678	 Val Euclidean Shift: 0.025153536796569825




Epoch 160/300: Training Loss: 0.027864403194851346		 Val Loss: 0.029071900844573974

	      Training MAE Angle: 0.07218067513571845		 Val MAE Angle: 0.07413445472717285
              Training MSE Angle: 0.022407447298367817		 Val MSE Angle: 0.021836206912994385

	      Training MAE Shift: 0.015621042913860746		 Val MAE Shift: 0.017197680473327637
              Training Euclidean Shift: 0.0246335549487008	 Val Euclidean Shift: 0.02706199645996094




Epoch 161/300: Training Loss: 0.027331489655706618		 Val Loss: 0.026242687702178955

	      Training MAE Angle: 0.07171307007471721		 Val MAE Angle: 0.06915185928344726
              Training MSE Angle: 0.02117149531841278		 Val MSE Angle: 0.016737674474716187

	      Training MAE Shift: 0.016156161824862163		 Val MAE Shift: 0.020449459552764893
              Training Euclidean Shift: 0.025471384326616924	 Val Euclidean Shift: 0.03214967012405395




Epoch 162/300: Training Loss: 0.02858715256055196		 Val Loss: 0.03117993354797363

	      Training MAE Angle: 0.07353702518675062		 Val MAE Angle: 0.07069622993469238
              Training MSE Angle: 0.0228273868560791		 Val MSE Angle: 0.024978022575378418

	      Training MAE Shift: 0.016148746013641357		 Val MAE Shift: 0.015859034061431885
              Training Euclidean Shift: 0.025325040022532146	 Val Euclidean Shift: 0.02493222236633301




Epoch 163/300: Training Loss: 0.025729142957263522		 Val Loss: 0.022515413761138917

	      Training MAE Angle: 0.06835794448852539		 Val MAE Angle: 0.06306270122528077
              Training MSE Angle: 0.019728153944015503		 Val MSE Angle: 0.016469120979309082

	      Training MAE Shift: 0.015886806779437594		 Val MAE Shift: 0.015452544689178466
              Training Euclidean Shift: 0.024971610969967313	 Val Euclidean Shift: 0.02433126211166382




Epoch 164/300: Training Loss: 0.03128916356298658		 Val Loss: 0.027626850605010987

	      Training MAE Angle: 0.07509286536110772		 Val MAE Angle: 0.06359717845916749
              Training MSE Angle: 0.02511066695054372		 Val MSE Angle: 0.01925178408622742

	      Training MAE Shift: 0.015621133976512484		 Val MAE Shift: 0.019303380250930785
              Training Euclidean Shift: 0.02461540036731296	 Val Euclidean Shift: 0.030340349674224852




Epoch 165/300: Training Loss: 0.027004521754052904		 Val Loss: 0.02543250799179077

	      Training MAE Angle: 0.07031246688630846		 Val MAE Angle: 0.06252087116241455
              Training MSE Angle: 0.020804787675539654		 Val MSE Angle: 0.01865553021430969

	      Training MAE Shift: 0.01647442082564036		 Val MAE Shift: 0.018295726776123046
              Training Euclidean Shift: 0.02599542836348216	 Val Euclidean Shift: 0.028576388359069824




Epoch 166/300: Training Loss: 0.03278481960296631		 Val Loss: 0.03274225473403931

	      Training MAE Angle: 0.0770538051923116		 Val MAE Angle: 0.07085557937622071
              Training MSE Angle: 0.024856279293696087		 Val MSE Angle: 0.02153515338897705

	      Training MAE Shift: 0.017122260398334928		 Val MAE Shift: 0.02221487045288086
              Training Euclidean Shift: 0.02696873082054986	 Val Euclidean Shift: 0.03495454788208008




Epoch 167/300: Training Loss: 0.028450108236736722		 Val Loss: 0.02190828800201416

	      Training MAE Angle: 0.07337170177035862		 Val MAE Angle: 0.06127447128295899
              Training MSE Angle: 0.022071609894434612		 Val MSE Angle: 0.015848201513290406

	      Training MAE Shift: 0.01651054620742798		 Val MAE Shift: 0.014911154508590698
              Training Euclidean Shift: 0.025999776191181607	 Val Euclidean Shift: 0.023380300998687743




Epoch 168/300: Training Loss: 0.02679121494293213		 Val Loss: 0.030088491439819336

	      Training MAE Angle: 0.07004272937774658		 Val MAE Angle: 0.06844739437103271
              Training MSE Angle: 0.0211195084783766		 Val MSE Angle: 0.02294516086578369

	      Training MAE Shift: 0.01560353570514255		 Val MAE Shift: 0.017648742198944092
              Training Euclidean Shift: 0.02450762689113617	 Val Euclidean Shift: 0.027872343063354493




Epoch 169/300: Training Loss: 0.02849868933359782		 Val Loss: 0.029408438205718992

	      Training MAE Angle: 0.07395637035369873		 Val MAE Angle: 0.06691167831420898
              Training MSE Angle: 0.022207478682200115		 Val MSE Angle: 0.021365208625793455

	      Training MAE Shift: 0.016673102974891663		 Val MAE Shift: 0.016154212951660155
              Training Euclidean Shift: 0.02622211641735501	 Val Euclidean Shift: 0.025278472900390626




Epoch 170/300: Training Loss: 0.023075130250718858		 Val Loss: 0.029128003120422363

	      Training MAE Angle: 0.06368451648288304		 Val MAE Angle: 0.06440614223480225
              Training MSE Angle: 0.017250503102938335		 Val MSE Angle: 0.02195930004119873

	      Training MAE Shift: 0.0159163408809238		 Val MAE Shift: 0.01574101448059082
              Training Euclidean Shift: 0.02503096726205614	 Val Euclidean Shift: 0.024784834384918214




Epoch 171/300: Training Loss: 0.028384221924675837		 Val Loss: 0.03333212852478027

	      Training MAE Angle: 0.06841319137149388		 Val MAE Angle: 0.06996461868286133
              Training MSE Angle: 0.02182221743795607		 Val MSE Angle: 0.027005844116210938

	      Training MAE Shift: 0.016070822874704998		 Val MAE Shift: 0.015846822261810303
              Training Euclidean Shift: 0.025297929843266804	 Val Euclidean Shift: 0.02499171018600464




Epoch 172/300: Training Loss: 0.031178050571017794		 Val Loss: 0.02745476961135864

	      Training MAE Angle: 0.07743977175818549		 Val MAE Angle: 0.06381730556488037
              Training MSE Angle: 0.02404929366376665		 Val MSE Angle: 0.019492785930633545

	      Training MAE Shift: 0.01734031405713823		 Val MAE Shift: 0.01634621262550354
              Training Euclidean Shift: 0.027279497848616704	 Val Euclidean Shift: 0.025714771747589113




Epoch 173/300: Training Loss: 0.026645181907547846		 Val Loss: 0.027010080814361574

	      Training MAE Angle: 0.06673915518654717		 Val MAE Angle: 0.0664738130569458
              Training MSE Angle: 0.020239998896916706		 Val MSE Angle: 0.020305581092834472

	      Training MAE Shift: 0.01596262388759189		 Val MAE Shift: 0.015547652244567872
              Training Euclidean Shift: 0.02515516347355313	 Val Euclidean Shift: 0.024414443969726564




Epoch 174/300: Training Loss: 0.025317783157030743		 Val Loss: 0.028947339057922364

	      Training MAE Angle: 0.06505618492762248		 Val MAE Angle: 0.061367158889770505
              Training MSE Angle: 0.018631267878744338		 Val MSE Angle: 0.02171761989593506

	      Training MAE Shift: 0.01591069499651591		 Val MAE Shift: 0.018567157983779906
              Training Euclidean Shift: 0.025055491262012057	 Val Euclidean Shift: 0.02919595718383789




Epoch 175/300: Training Loss: 0.029557794332504272		 Val Loss: 0.027916221618652343

	      Training MAE Angle: 0.07111181815465291		 Val MAE Angle: 0.06047119140625
              Training MSE Angle: 0.022264151109589472		 Val MSE Angle: 0.017910114526748656

	      Training MAE Shift: 0.017161836226781208		 Val MAE Shift: 0.018584322929382325
              Training Euclidean Shift: 0.026968545383877225	 Val Euclidean Shift: 0.02922140121459961




Epoch 176/300: Training Loss: 0.02675085100862715		 Val Loss: 0.022725553512573243

	      Training MAE Angle: 0.06781654887729222		 Val MAE Angle: 0.060219435691833495
              Training MSE Angle: 0.020791401465733845		 Val MSE Angle: 0.017282401323318482

	      Training MAE Shift: 0.015939010514153376		 Val MAE Shift: 0.014818319082260133
              Training Euclidean Shift: 0.02509326570563846	 Val Euclidean Shift: 0.023439087867736817




Epoch 177/300: Training Loss: 0.023880031373765733		 Val Loss: 0.020653707981109617

	      Training MAE Angle: 0.06297520796457927		 Val MAE Angle: 0.05616218090057373
              Training MSE Angle: 0.017796610792477924		 Val MSE Angle: 0.014962458610534668

	      Training MAE Shift: 0.015603477756182352		 Val MAE Shift: 0.01569954037666321
              Training Euclidean Shift: 0.02457503643300798	 Val Euclidean Shift: 0.024488348960876465




Epoch 178/300: Training Loss: 0.028976149029201932		 Val Loss: 0.0312831974029541

	      Training MAE Angle: 0.0690603256225586		 Val MAE Angle: 0.06539528369903565
              Training MSE Angle: 0.022938686940405104		 Val MSE Angle: 0.0241072154045105

	      Training MAE Shift: 0.01609710521168179		 Val MAE Shift: 0.016086965799331665
              Training Euclidean Shift: 0.02534505559338464	 Val Euclidean Shift: 0.02549699068069458




Epoch 179/300: Training Loss: 0.02857388390435113		 Val Loss: 0.0285341215133667

	      Training MAE Angle: 0.06750663783815172		 Val MAE Angle: 0.07076578617095947
              Training MSE Angle: 0.02175877160496182		 Val MSE Angle: 0.020559508800506592

	      Training MAE Shift: 0.01659352911843194		 Val MAE Shift: 0.01770460844039917
              Training Euclidean Shift: 0.02611737781100803	 Val Euclidean Shift: 0.027541697025299072




Epoch 180/300: Training Loss: 0.03155360950364007		 Val Loss: 0.02621394395828247

	      Training MAE Angle: 0.07449442810482448		 Val MAE Angle: 0.0716665506362915
              Training MSE Angle: 0.024763648708661396		 Val MSE Angle: 0.021109874248504638

	      Training MAE Shift: 0.017040883501370747		 Val MAE Shift: 0.014817752838134766
              Training Euclidean Shift: 0.026710351308186848	 Val Euclidean Shift: 0.023420991897583007




Epoch 181/300: Training Loss: 0.025006087289916143		 Val Loss: 0.02044532299041748

	      Training MAE Angle: 0.06539907058080037		 Val MAE Angle: 0.05876906394958496
              Training MSE Angle: 0.01916618976328108		 Val MSE Angle: 0.013023457527160644

	      Training MAE Shift: 0.01590303248829312		 Val MAE Shift: 0.015750569105148316
              Training Euclidean Shift: 0.02502525018321143	 Val Euclidean Shift: 0.024787638187408447




Epoch 182/300: Training Loss: 0.02230691909790039		 Val Loss: 0.023451139926910402

	      Training MAE Angle: 0.06008973386552599		 Val MAE Angle: 0.058436040878295896
              Training MSE Angle: 0.017077636387613084		 Val MSE Angle: 0.013384636640548706

	      Training MAE Shift: 0.01496900286939409		 Val MAE Shift: 0.020041816234588623
              Training Euclidean Shift: 0.02357269326845805	 Val Euclidean Shift: 0.03165343761444092




Epoch 183/300: Training Loss: 0.02852175964249505		 Val Loss: 0.03669259786605835

	      Training MAE Angle: 0.06743034389283922		 Val MAE Angle: 0.09453607559204101
              Training MSE Angle: 0.02104989190896352		 Val MSE Angle: 0.027781858444213867

	      Training MAE Shift: 0.01713185343477461		 Val MAE Shift: 0.01850043296813965
              Training Euclidean Shift: 0.026935087309943304	 Val Euclidean Shift: 0.029182398319244386




Epoch 184/300: Training Loss: 0.025834956102901034		 Val Loss: 0.024914941787719726

	      Training MAE Angle: 0.0637785726123386		 Val MAE Angle: 0.06609025001525878
              Training MSE Angle: 0.01812700264983707		 Val MSE Angle: 0.01777776837348938

	      Training MAE Shift: 0.017490689953168232		 Val MAE Shift: 0.017085283994674683
              Training Euclidean Shift: 0.027501803305413988	 Val Euclidean Shift: 0.02691051721572876




Epoch 185/300: Training Loss: 0.02745167248778873		 Val Loss: 0.03529946088790894

	      Training MAE Angle: 0.06797353426615398		 Val MAE Angle: 0.0693870735168457
              Training MSE Angle: 0.021357491612434387		 Val MSE Angle: 0.026899504661560058

	      Training MAE Shift: 0.015707352095180087		 Val MAE Shift: 0.019102426767349242
              Training Euclidean Shift: 0.02462719049718645	 Val Euclidean Shift: 0.030135715007781984




Epoch 186/300: Training Loss: 0.027584029568566218		 Val Loss: 0.024144842624664306

	      Training MAE Angle: 0.06858093871010675		 Val MAE Angle: 0.055520849227905275
              Training MSE Angle: 0.020996545751889546		 Val MSE Angle: 0.01595267653465271

	      Training MAE Shift: 0.015901411573092144		 Val MAE Shift: 0.01846359610557556
              Training Euclidean Shift: 0.025004670023918152	 Val Euclidean Shift: 0.029225273132324217




Epoch 187/300: Training Loss: 0.02437441051006317		 Val Loss: 0.022412283420562742

	      Training MAE Angle: 0.06306685341729058		 Val MAE Angle: 0.054710369110107425
              Training MSE Angle: 0.01918857627444797		 Val MSE Angle: 0.01680599331855774

	      Training MAE Shift: 0.015042467249764336		 Val MAE Shift: 0.014999494552612305
              Training Euclidean Shift: 0.023656942778163485	 Val Euclidean Shift: 0.023595492839813232




Epoch 188/300: Training Loss: 0.024223167035314772		 Val Loss: 0.023028535842895506

	      Training MAE Angle: 0.06200693051020304		 Val MAE Angle: 0.05515088081359863
              Training MSE Angle: 0.018526406751738653		 Val MSE Angle: 0.016021305322647096

	      Training MAE Shift: 0.015412453148100112		 Val MAE Shift: 0.015842846632003783
              Training Euclidean Shift: 0.024298859967125788	 Val Euclidean Shift: 0.024842031002044677




Epoch 189/300: Training Loss: 0.029270582728915744		 Val Loss: 0.027990965843200682

	      Training MAE Angle: 0.0685393147998386		 Val MAE Angle: 0.05864110946655274
              Training MSE Angle: 0.02292956080701616		 Val MSE Angle: 0.01951891541481018

	      Training MAE Shift: 0.016695961356163025		 Val MAE Shift: 0.017391841411590576
              Training Euclidean Shift: 0.026269517011112638	 Val Euclidean Shift: 0.027318618297576903




Epoch 190/300: Training Loss: 0.02529154552353753		 Val Loss: 0.024888782501220702

	      Training MAE Angle: 0.06595713562435573		 Val MAE Angle: 0.05496572017669678
              Training MSE Angle: 0.019802305433485243		 Val MSE Angle: 0.01464364767074585

	      Training MAE Shift: 0.015472968419392904		 Val MAE Shift: 0.021996161937713622
              Training Euclidean Shift: 0.024322286248207092	 Val Euclidean Shift: 0.03451656341552734




Epoch 191/300: Training Loss: 0.026055966814359028		 Val Loss: 0.02482278347015381

	      Training MAE Angle: 0.06599941518571642		 Val MAE Angle: 0.06397863864898681
              Training MSE Angle: 0.019970902138286166		 Val MSE Angle: 0.01590014696121216

	      Training MAE Shift: 0.016056168410513137		 Val MAE Shift: 0.01915016770362854
              Training Euclidean Shift: 0.025297148360146418	 Val Euclidean Shift: 0.030015110969543457




Epoch 192/300: Training Loss: 0.02600711915228102		 Val Loss: 0.01731399655342102

	      Training MAE Angle: 0.06431830591625637		 Val MAE Angle: 0.05625833034515381
              Training MSE Angle: 0.01937820017337799		 Val MSE Angle: 0.012349843978881836

	      Training MAE Shift: 0.016291565365261503		 Val MAE Shift: 0.01504645824432373
              Training Euclidean Shift: 0.02560493681165907	 Val Euclidean Shift: 0.023631033897399904




Epoch 193/300: Training Loss: 0.024272981617185805		 Val Loss: 0.02575428009033203

	      Training MAE Angle: 0.06159310870700412		 Val MAE Angle: 0.060393061637878415
              Training MSE Angle: 0.018940465317832098		 Val MSE Angle: 0.018976831436157228

	      Training MAE Shift: 0.015143793490197923		 Val MAE Shift: 0.015952138900756835
              Training Euclidean Shift: 0.023772279421488445	 Val Euclidean Shift: 0.02512519121170044




Epoch 194/300: Training Loss: 0.023519496122996014		 Val Loss: 0.02405092477798462

	      Training MAE Angle: 0.0613763001230028		 Val MAE Angle: 0.058134112358093265
              Training MSE Angle: 0.018267588482962713		 Val MSE Angle: 0.018353097438812256

	      Training MAE Shift: 0.015346604916784499		 Val MAE Shift: 0.01581373929977417
              Training Euclidean Shift: 0.024135841263665095	 Val Euclidean Shift: 0.02485677719116211




Epoch 195/300: Training Loss: 0.023566183116700914		 Val Loss: 0.022440516948699953

	      Training MAE Angle: 0.06084961361355252		 Val MAE Angle: 0.06560523509979248
              Training MSE Angle: 0.018007453944947984		 Val MSE Angle: 0.01721447229385376

	      Training MAE Shift: 0.01571836570898692		 Val MAE Shift: 0.014162694215774535
              Training Euclidean Shift: 0.024692672822210524	 Val Euclidean Shift: 0.022136728763580322




Epoch 196/300: Training Loss: 0.023077729675504897		 Val Loss: 0.024640400409698487

	      Training MAE Angle: 0.060116973188188344		 Val MAE Angle: 0.05191014766693115
              Training MSE Angle: 0.017388905088106792		 Val MSE Angle: 0.01830987334251404

	      Training MAE Shift: 0.015246133009592691		 Val MAE Shift: 0.015790283679962158
              Training Euclidean Shift: 0.02396963702307807	 Val Euclidean Shift: 0.024862542152404785




Epoch 197/300: Training Loss: 0.02319064239660899		 Val Loss: 0.02128918409347534

	      Training MAE Angle: 0.06022884448369344		 Val MAE Angle: 0.05669171810150146
              Training MSE Angle: 0.017299359043439228		 Val MSE Angle: 0.014290683269500733

	      Training MAE Shift: 0.015266062484847175		 Val MAE Shift: 0.015702767372131346
              Training Euclidean Shift: 0.023987480335765414	 Val Euclidean Shift: 0.024607834815979005




Traceback (most recent call last):
  File "/home/aviran/Alon/Thesis/Main.py", line 48, in <module>
    model.train_model(train_loader, val_loader, test_loader)
  File "/home/aviran/Alon/Thesis/AffineRegressor.py", line 191, in train_model
    output = self.dataloader_step(train_loader, epoch, epoch_stats, data_type="train")
  File "/home/aviran/Alon/Thesis/AffineRegressor.py", line 281, in dataloader_step
    loss.backward()
  File "/home/aviran/miniconda3/envs/alon_env/lib/python3.9/site-packages/torch/_tensor.py", line 521, in backward
    torch.autograd.backward(
  File "/home/aviran/miniconda3/envs/alon_env/lib/python3.9/site-packages/torch/autograd/__init__.py", line 289, in backward
    _engine_run_backward(
  File "/home/aviran/miniconda3/envs/alon_env/lib/python3.9/site-packages/torch/autograd/graph.py", line 769, in _engine_run_backward
    return Variable._execution_engine.run_backward(  # Calls into the C++ engine to run the backward pass
RuntimeError: CUDA error: unspecified launch failure
CUDA kernel errors might be asynchronously reported at some other API call, so the stacktrace below might be incorrect.
For debugging consider passing CUDA_LAUNCH_BLOCKING=1
Compile with `TORCH_USE_CUDA_DSA` to enable device-side assertions.

