nohup: ignoring input
/home/alonkay/conda/alon/lib/python3.9/site-packages/transformers/utils/generic.py:260: FutureWarning: `torch.utils._pytree._register_pytree_node` is deprecated. Please use `torch.utils._pytree.register_pytree_node` instead.
  torch.utils._pytree._register_pytree_node(
/home/alonkay/conda/alon/lib/python3.9/site-packages/huggingface_hub/file_download.py:1150: FutureWarning: `resume_download` is deprecated and will be removed in version 1.0.0. Downloads always resume when possible. If you want to force a new download, use `force_download=True`.
  warnings.warn(
/home/alonkay/Thesis/FMatrixRegressor.py:348: FutureWarning: You are using `torch.load` with `weights_only=False` (the current default value), which uses the default pickle module implicitly. It is possible to construct malicious pickle data which will execute arbitrary code during unpickling (See https://github.com/pytorch/pytorch/blob/main/SECURITY.md#untrusted-models for more details). In a future release, the default value for `weights_only` will be flipped to `True`. This limits the functions that could be executed during unpickling. Arbitrary objects will no longer be allowed to be loaded via this mode unless they are explicitly allowlisted by the user via `torch.serialization.add_safe_globals`. We recommend you start setting `weights_only=True` for any use case where you don't have full control of the loaded file. Please open an issue on GitHub for any issues related to this experimental feature.
  checkpoint = torch.load(model_path, map_location='cpu')
4830
Epoch trimmed seds: 1.6164333820343018
Epoch trimmed seds: 1.6909667253494263
Epoch trimmed seds: 1.668784499168396
Epoch trimmed seds: 1.6306447982788086
Epoch trimmed seds: 1.6295210123062134
Epoch trimmed seds: 1.6563851833343506
Epoch trimmed seds: 1.6579591035842896
Epoch trimmed seds: 1.634979248046875
Epoch trimmed seds: 1.6441748142242432
Epoch trimmed seds: 1.6557655334472656


## TEST RESULTS: ##
Test Loss: 1.4116444971654323		 Test MAE: 0.35102989673614504
Test Algebraic dist: 0.33532638549804694
Test SED dist: 1.8626622385792921
Test RE1 dist: 0.8695348863477831

Test Algebraic dist truth: 0.004626871316463916
Test SED dist truth: 0.00016957459753596938
Test RE1 dist truth: 2.119887632305746e-05

Mean Trimmed seds: 1.648561429977417

None

