/home/alonkay/conda/alon/lib/python3.9/site-packages/transformers/utils/generic.py:260: FutureWarning: `torch.utils._pytree._register_pytree_node` is deprecated. Please use `torch.utils._pytree.register_pytree_node` instead.
  torch.utils._pytree._register_pytree_node(
/home/alonkay/conda/alon/lib/python3.9/site-packages/huggingface_hub/file_download.py:1150: FutureWarning: `resume_download` is deprecated and will be removed in version 1.0.0. Downloads always resume when possible. If you want to force a new download, use `force_download=True`.
  warnings.warn(
/home/alonkay/Thesis/FMatrixRegressor.py:333: FutureWarning: You are using `torch.load` with `weights_only=False` (the current default value), which uses the default pickle module implicitly. It is possible to construct malicious pickle data which will execute arbitrary code during unpickling (See https://github.com/pytorch/pytorch/blob/main/SECURITY.md#untrusted-models for more details). In a future release, the default value for `weights_only` will be flipped to `True`. This limits the functions that could be executed during unpickling. Arbitrary objects will no longer be allowed to be loaded via this mode unless they are explicitly allowlisted by the user via `torch.serialization.add_safe_globals`. We recommend you start setting `weights_only=True` for any use case where you don't have full control of the loaded file. Please open an issue on GitHub for any issues related to this experimental feature.
  checkpoint = torch.load(model_path, map_location='cpu')
no model for plots/Stereo/Winners/SED_0.5__L2_1__huber_1__lr_0.0001__conv__Resnet__use_reconstruction_True/BS_8__ratio_0.2__head__frozen_0

###########################################################################################################################################################

 learning rate: 0.0001, mlp_hidden_sizes: [1024, 512], jump_frames: 6, use_reconstruction_layer: True
batch_size: 8, norm: True, train_seqeunces: [0, 2, 3, 5], val_sequences: [6, 7, 8], RL_TEST_NAMES: ['fe2fadf89a84e92a', 'f01e8b6f8e10fdd9', 'f1ee9dc6135e5307', 'a41df4fa06fd391b', 'bc0ebb7482f14795', '9bdd34e784c04e3a', '98ebee1c36ecec55'], dataset: Stereo,
average embeddings: False, model: microsoft/resnet-152, augmentation: True, random crop: True, part: head, get_old_path: False, computer: 1,
RE1 coeff: 0 SED coeff: 0.5, ALG_COEFF: 0, L2_coeff: 1, huber_coeff: 1, frozen layers: 0, trained vit: None,
crop: 224 resize: 256, use conv: True pretrained: None, train_size: 0.1, norm_mean: tensor([0.5000, 0.5000, 0.5000], device='cuda:0'), norm_std: tensor([0.5000, 0.5000, 0.5000], device='cuda:0'), sched: None seed: 42, 

train size: 1082, val size: 367, test size: 1064

##### CONTINUE TRAINING #####

Epoch 4761/7000: Training Loss: 0.3072410751791561		 Val Loss: 0.5793355444203252
             	Training MAE: 0.06421199440956116		 Val MAE: 0.0666973739862442
             	Algebraic dist: 0.5153933693380917		 Val Algebraic dist: 0.7479843471361243
             	RE1 dist: 0.2778795466703527		 Val RE1 dist: 0.554492245549741
             	SED dist: 0.580287821152631		 Val SED dist: 1.123640723850416

Epoch 4762/7000: Training Loss: 0.2447819990270278		 Val Loss: 0.41835498809814453
             	Training MAE: 0.0646863803267479		 Val MAE: 0.06099114939570427
             	Algebraic dist: 0.44341645521276135		 Val Algebraic dist: 0.5717315673828125
             	RE1 dist: 0.20240998268127441		 Val RE1 dist: 0.3425364701644234
             	SED dist: 0.45486755932078643		 Val SED dist: 0.8035804914391559

Epoch 4763/7000: Training Loss: 0.22074235186857336		 Val Loss: 0.3979835510253906
             	Training MAE: 0.0639459565281868		 Val MAE: 0.06666089594364166
             	Algebraic dist: 0.4071974193348604		 Val Algebraic dist: 0.5408580199531887
             	RE1 dist: 0.17035356689901912		 Val RE1 dist: 0.34772553651229193
             	SED dist: 0.4070342288297765		 Val SED dist: 0.7608453501825747

Epoch 4764/7000: Training Loss: 0.2236214245066923		 Val Loss: 0.36239644755487854
             	Training MAE: 0.06481809169054031		 Val MAE: 0.060267798602581024
             	Algebraic dist: 0.4054559539346134		 Val Algebraic dist: 0.5267987043961234
             	RE1 dist: 0.16701201831593232		 Val RE1 dist: 0.2848046758900518
             	SED dist: 0.41233188965741324		 Val SED dist: 0.6915519548499066

Epoch 4765/7000: Training Loss: 0.22172201381010168		 Val Loss: 0.3557548522949219
             	Training MAE: 0.06522312760353088		 Val MAE: 0.06300073862075806
             	Algebraic dist: 0.3969498802633846		 Val Algebraic dist: 0.5001503902932872
             	RE1 dist: 0.16131840032689712		 Val RE1 dist: 0.2957771964695143
             	SED dist: 0.40825754053452434		 Val SED dist: 0.6776026435520338

Epoch 4766/7000: Training Loss: 0.22632144479190602		 Val Loss: 0.5862641956495203
             	Training MAE: 0.06526481360197067		 Val MAE: 0.06121869757771492
             	Algebraic dist: 0.3952523399801815		 Val Algebraic dist: 0.6598899260811184
             	RE1 dist: 0.16199710789848776		 Val RE1 dist: 0.4739954989889394
             	SED dist: 0.417416488423067		 Val SED dist: 1.13855096568232

Epoch 4767/7000: Training Loss: 0.295927692862118		 Val Loss: 0.610634762307872
             	Training MAE: 0.06630641967058182		 Val MAE: 0.07641995698213577
             	Algebraic dist: 0.47090788448558135		 Val Algebraic dist: 0.658326066058615
             	RE1 dist: 0.22397752369151397		 Val RE1 dist: 0.6294519175653872
             	SED dist: 0.5559035469503963		 Val SED dist: 1.179716690726902

Epoch 4768/7000: Training Loss: 0.2721484969643986		 Val Loss: 0.510192580845045
             	Training MAE: 0.06803986430168152		 Val MAE: 0.08352284878492355
             	Algebraic dist: 0.45029760809505687		 Val Algebraic dist: 0.6555454005365786
             	RE1 dist: 0.20592986836152918		 Val RE1 dist: 0.389923676200535
             	SED dist: 0.5075016021728516		 Val SED dist: 0.9723569621210513

### Not decreasing ###

Epoch 4769/7000: Training Loss: 0.21148977560155532		 Val Loss: 0.3246594304623811
             	Training MAE: 0.06551005691289902		 Val MAE: 0.06126230210065842
             	Algebraic dist: 0.39343121472527		 Val Algebraic dist: 0.49830577684485394
             	RE1 dist: 0.15850006832795985		 Val RE1 dist: 0.25933763255243714
             	SED dist: 0.38762513329001036		 Val SED dist: 0.6157840231190557

### Not decreasing ###

Epoch 4770/7000: Training Loss: 0.2436982884126551		 Val Loss: 0.48028270058009936
             	Training MAE: 0.06476851552724838		 Val MAE: 0.06305885314941406
             	Algebraic dist: 0.4063878059387207		 Val Algebraic dist: 0.6414428793865702
             	RE1 dist: 0.17387844534481273		 Val RE1 dist: 0.47514542289402173
             	SED dist: 0.45220251644358916		 Val SED dist: 0.9267878325089164

Epoch 4771/7000: Training Loss: 0.24473333358764648		 Val Loss: 0.4422554347826087
             	Training MAE: 0.0658777579665184		 Val MAE: 0.06565897911787033
             	Algebraic dist: 0.42546667772180896		 Val Algebraic dist: 0.6036663055419922
             	RE1 dist: 0.18387090458589442		 Val RE1 dist: 0.42515236398448114
             	SED dist: 0.45409704657161937		 Val SED dist: 0.8495338274085004

Epoch 4772/7000: Training Loss: 0.25501279269947724		 Val Loss: 0.5926730943762738
             	Training MAE: 0.06522560864686966		 Val MAE: 0.06726475059986115
             	Algebraic dist: 0.44114312003640566		 Val Algebraic dist: 0.6207501369973888
             	RE1 dist: 0.19078296773573933		 Val RE1 dist: 0.4924045231031335
             	SED dist: 0.47478501936968637		 Val SED dist: 1.1498262156610903

### Not decreasing ###

Epoch 4773/7000: Training Loss: 0.1590884012334487		 Val Loss: 0.7305514294168224
             	Training MAE: 0.06434176862239838		 Val MAE: 0.06114862486720085
             	Algebraic dist: 0.32486747292911305		 Val Algebraic dist: 0.7902375096860139
             	RE1 dist: 0.10747948814840878		 Val RE1 dist: 0.7033050371252972
             	SED dist: 0.2833387150483973		 Val SED dist: 1.4275527622388757

### Not decreasing ###

Epoch 4774/7000: Training Loss: 0.21453454915214987		 Val Loss: 0.33878548248954443
             	Training MAE: 0.06567208468914032		 Val MAE: 0.06688243895769119
             	Algebraic dist: 0.3768783457138959		 Val Algebraic dist: 0.46767355048138165
             	RE1 dist: 0.14468097686767578		 Val RE1 dist: 0.26801356025364087
             	SED dist: 0.3933702076182646		 Val SED dist: 0.6422369998434315

### Not decreasing ###

Epoch 4775/7000: Training Loss: 0.49449488695930033		 Val Loss: 0.5002792607183042
             	Training MAE: 0.06579967588186264		 Val MAE: 0.06011011078953743
             	Algebraic dist: 0.5906459583955652		 Val Algebraic dist: 0.6500107723733654
             	RE1 dist: 0.4047562374788172		 Val RE1 dist: 0.43349709718123725
             	SED dist: 0.953700907090131		 Val SED dist: 0.9675804635752803

### Not decreasing ###

Epoch 4776/7000: Training Loss: 0.17277288436889648		 Val Loss: 0.6657565987628439
             	Training MAE: 0.06426338106393814		 Val MAE: 0.06096682325005531
             	Algebraic dist: 0.34892702102661133		 Val Algebraic dist: 0.6991236313529636
             	RE1 dist: 0.12629112075356877		 Val RE1 dist: 0.5046006078305452
             	SED dist: 0.3109305325676413		 Val SED dist: 1.298147201538086

Epoch 4777/7000: Training Loss: 0.22650881374583526		 Val Loss: 0.44354758055313775
             	Training MAE: 0.06542558968067169		 Val MAE: 0.06500910222530365
             	Algebraic dist: 0.4003988434286678		 Val Algebraic dist: 0.5639688243036685
             	RE1 dist: 0.16539417996126063		 Val RE1 dist: 0.3703036930250085
             	SED dist: 0.41761695637422447		 Val SED dist: 0.8524120164954144

Epoch 4778/7000: Training Loss: 0.2881857367122875		 Val Loss: 0.4804776647816534
             	Training MAE: 0.0667477399110794		 Val MAE: 0.06094487011432648
             	Algebraic dist: 0.46411766725427966		 Val Algebraic dist: 0.6582174715788468
             	RE1 dist: 0.22332211101756377		 Val RE1 dist: 0.4564711114634638
             	SED dist: 0.5401693792904124		 Val SED dist: 0.9274704974630604

Epoch 4779/7000: Training Loss: 0.19446978849523208		 Val Loss: 0.35558605194091797
             	Training MAE: 0.06486958265304565		 Val MAE: 0.06039335951209068
             	Algebraic dist: 0.37664466745713177		 Val Algebraic dist: 0.5044081314750339
             	RE1 dist: 0.1391136646270752		 Val RE1 dist: 0.2917210952095363
             	SED dist: 0.35382402644437905		 Val SED dist: 0.6779431882111923

Epoch 4780/7000: Training Loss: 0.2316591879900764		 Val Loss: 0.356422756029212
             	Training MAE: 0.06456542015075684		 Val MAE: 0.059935085475444794
             	Algebraic dist: 0.40814873751472025		 Val Algebraic dist: 0.5248311913531759
             	RE1 dist: 0.16620795867022345		 Val RE1 dist: 0.2991541572239088
             	SED dist: 0.42838405160342946		 Val SED dist: 0.6797664891118589

Epoch 4781/7000: Training Loss: 0.2510687884162454		 Val Loss: 1.8365599590799082
             	Training MAE: 0.06650815159082413		 Val MAE: 0.07822945713996887
             	Algebraic dist: 0.41503090016982136		 Val Algebraic dist: 1.4076553013013757
             	RE1 dist: 0.17649037697735956		 Val RE1 dist: 1.7094925590183423
             	SED dist: 0.46596437342026653		 Val SED dist: 3.6304045967433765

Epoch 4782/7000: Training Loss: 0.3574661647572237		 Val Loss: 0.4017288788505223
             	Training MAE: 0.06600688397884369		 Val MAE: 0.06160438433289528
             	Algebraic dist: 0.5375533384435317		 Val Algebraic dist: 0.564912630164105
             	RE1 dist: 0.2848203041974236		 Val RE1 dist: 0.38074580482814624
             	SED dist: 0.6794852649464327		 Val SED dist: 0.7699448958687161

Epoch 4783/7000: Training Loss: 0.30400783875409293		 Val Loss: 0.3866390974625297
             	Training MAE: 0.0650058314204216		 Val MAE: 0.06388881057500839
             	Algebraic dist: 0.482425240909352		 Val Algebraic dist: 0.5434854756230894
             	RE1 dist: 0.23468323314891143		 Val RE1 dist: 0.35093821649966034
             	SED dist: 0.5731093462775735		 Val SED dist: 0.7392189191735309

Epoch 4784/7000: Training Loss: 0.306609125698314		 Val Loss: 0.3928381878396739
             	Training MAE: 0.06585639715194702		 Val MAE: 0.06133902072906494
             	Algebraic dist: 0.49371713750502644		 Val Algebraic dist: 0.5620787247367527
             	RE1 dist: 0.24838057686300838		 Val RE1 dist: 0.3291083004163659
             	SED dist: 0.577968485215131		 Val SED dist: 0.7524418208910071

Epoch 4785/7000: Training Loss: 0.22591581064112046		 Val Loss: 0.3274824515632961
             	Training MAE: 0.0640646368265152		 Val MAE: 0.06008388102054596
             	Algebraic dist: 0.4049886254703297		 Val Algebraic dist: 0.5066238486248514
             	RE1 dist: 0.16848687564625459		 Val RE1 dist: 0.2597167180932086
             	SED dist: 0.4173721145181095		 Val SED dist: 0.6218002153479535

Epoch 4786/7000: Training Loss: 0.22281923013574936		 Val Loss: 0.3950288606726605
             	Training MAE: 0.06411220878362656		 Val MAE: 0.06012887880206108
             	Algebraic dist: 0.3977842891917509		 Val Algebraic dist: 0.5738408047219982
             	RE1 dist: 0.16797402325798483		 Val RE1 dist: 0.32391890235569165
             	SED dist: 0.410894001231474		 Val SED dist: 0.7567078963569973

Epoch 4787/7000: Training Loss: 0.18755228379193475		 Val Loss: 0.4926281804623811
             	Training MAE: 0.06435864418745041		 Val MAE: 0.06138058751821518
             	Algebraic dist: 0.3633284288294175		 Val Algebraic dist: 0.6555784888889479
             	RE1 dist: 0.13186200927285588		 Val RE1 dist: 0.3922489000403363
             	SED dist: 0.34029649285709157		 Val SED dist: 0.9516295557436736

Epoch 4788/7000: Training Loss: 0.22165989875793457		 Val Loss: 0.30774419204048487
             	Training MAE: 0.06418129801750183		 Val MAE: 0.06085110828280449
             	Algebraic dist: 0.39899974710801067		 Val Algebraic dist: 0.4636060465937075
             	RE1 dist: 0.1568608844981474		 Val RE1 dist: 0.25365781784057617
             	SED dist: 0.40846656350528493		 Val SED dist: 0.5818808597067128

Epoch 4789/7000: Training Loss: 0.24195556079640107		 Val Loss: 0.3514017851456352
             	Training MAE: 0.06410698592662811		 Val MAE: 0.06095217168331146
             	Algebraic dist: 0.4199070649988511		 Val Algebraic dist: 0.517829936483632
             	RE1 dist: 0.17363823161405675		 Val RE1 dist: 0.28589655005413556
             	SED dist: 0.4491536196540384		 Val SED dist: 0.6699722953464674

Epoch 4790/7000: Training Loss: 0.3509991589714499		 Val Loss: 0.3685633617898692
             	Training MAE: 0.06555025279521942		 Val MAE: 0.06023094430565834
             	Algebraic dist: 0.5184686885160559		 Val Algebraic dist: 0.5542167580646017
             	RE1 dist: 0.2741156465866986		 Val RE1 dist: 0.34220471589461615
             	SED dist: 0.6666679382324219		 Val SED dist: 0.7041328264319379

Epoch 4791/7000: Training Loss: 0.3169565200805664		 Val Loss: 0.42250376162321673
             	Training MAE: 0.06425973027944565		 Val MAE: 0.06026354432106018
             	Algebraic dist: 0.4813221763162052		 Val Algebraic dist: 0.5896484126215396
             	RE1 dist: 0.25675420200123505		 Val RE1 dist: 0.4125617068746816
             	SED dist: 0.5993919372558594		 Val SED dist: 0.8119674350904382

Epoch 4792/7000: Training Loss: 0.17352022844202378		 Val Loss: 0.40278957201086957
             	Training MAE: 0.06401066482067108		 Val MAE: 0.06506083160638809
             	Algebraic dist: 0.3547845728257123		 Val Algebraic dist: 0.5392018193783967
             	RE1 dist: 0.12547380783978632		 Val RE1 dist: 0.37442053919253143
             	SED dist: 0.31256790722117705		 Val SED dist: 0.7712801228398862

Epoch 4793/7000: Training Loss: 0.17369438620174632		 Val Loss: 0.3171639235123344
             	Training MAE: 0.06478290259838104		 Val MAE: 0.06731189787387848
             	Algebraic dist: 0.34552907943725586		 Val Algebraic dist: 0.4847337059352709
             	RE1 dist: 0.12021827697753906		 Val RE1 dist: 0.24015356146770975
             	SED dist: 0.3123294325435863		 Val SED dist: 0.5986228611158289

Epoch 4794/7000: Training Loss: 0.20056735768037684		 Val Loss: 0.5607498417729917
             	Training MAE: 0.06467261165380478		 Val MAE: 0.07549133896827698
             	Algebraic dist: 0.3651840266059427		 Val Algebraic dist: 0.6976319188657014
             	RE1 dist: 0.13697328287012436		 Val RE1 dist: 0.4529515556667162
             	SED dist: 0.3660125732421875		 Val SED dist: 1.080994979194973

Epoch 4795/7000: Training Loss: 0.24674059362972484		 Val Loss: 0.3647006490956182
             	Training MAE: 0.06623585522174835		 Val MAE: 0.0705597922205925
             	Algebraic dist: 0.4195774302763097		 Val Algebraic dist: 0.5144039651621943
             	RE1 dist: 0.17640310175278606		 Val RE1 dist: 0.2863610723744268
             	SED dist: 0.4576267635121065		 Val SED dist: 0.6923461996990702

Epoch 4796/7000: Training Loss: 0.17789286725661335		 Val Loss: 0.28805691262950067
             	Training MAE: 0.06422137469053268		 Val MAE: 0.060811761766672134
             	Algebraic dist: 0.3465872652390424		 Val Algebraic dist: 0.44233317997144617
             	RE1 dist: 0.12365566982942469		 Val RE1 dist: 0.22515469012053116
             	SED dist: 0.3210110103382784		 Val SED dist: 0.5426137758337933

Epoch 1/10: Test SED dist: 0.5637154256490836
Epoch 2/10: Test SED dist: 0.5815199084748003
Epoch 3/10: Test SED dist: 0.5868342119948309
Epoch 4/10: Test SED dist: 0.5825711013679218
Epoch 5/10: Test SED dist: 0.5654575089762982
Epoch 6/10: Test SED dist: 0.5573619756483494
Epoch 7/10: Test SED dist: 0.5712428272218633
Epoch 8/10: Test SED dist: 0.5781800119500411
Epoch 9/10: Test SED dist: 0.5724384623362606
Epoch 10/10: Test SED dist: 0.5539919630925458


## TEST RESULTS: ##
Test Loss: 0.30238481105718396		 Test MAE: 0.060479241982102395
Test Algebraic dist: 0.4293513936207707
Test SED dist: 0.5713313396711995
Test RE1 dist: 0.26736271793680977

Test Algebraic dist truth: 0.01770082093719253
Test SED dist truth: 0.0017217448107282021
Test RE1 dist truth: 0.0002152528613805771

no model for plots/Stereo/Winners/SED_0.5__L2_1__huber_1__lr_0.0001__conv__Resnet__use_reconstruction_True/BS_8__ratio_0.05__head__frozen_0
no model for plots/Stereo/Winners/SED_0.5__L2_1__huber_1__lr_0.0001__conv__Resnet__use_reconstruction_True/BS_8__ratio_0.0375__head__frozen_0
Model plots/Stereo/Winners/SED_0.5__L2_1__huber_1__lr_0.0001__conv__Resnet__use_reconstruction_True/BS_8__ratio_0.2__head__frozen_0__seed_300 already trained
no model for plots/Stereo/Winners/SED_0.5__L2_1__huber_1__lr_0.0001__conv__Resnet__use_reconstruction_True/BS_8__ratio_0.1__head__frozen_0__seed_300
no model for plots/Stereo/Winners/SED_0.5__L2_1__huber_1__lr_0.0001__conv__Resnet__use_reconstruction_True/BS_8__ratio_0.05__head__frozen_0__seed_300
no model for plots/Stereo/Winners/SED_0.5__L2_1__huber_1__lr_0.0001__conv__Resnet__use_reconstruction_True/BS_8__ratio_0.0375__head__frozen_0__seed_300

###########################################################################################################################################################

 learning rate: 0.0001, mlp_hidden_sizes: [1024, 512], jump_frames: 6, use_reconstruction_layer: True
batch_size: 8, norm: True, train_seqeunces: [0, 2, 3, 5], val_sequences: [6, 7, 8], RL_TEST_NAMES: ['fe2fadf89a84e92a', 'f01e8b6f8e10fdd9', 'f1ee9dc6135e5307', 'a41df4fa06fd391b', 'bc0ebb7482f14795', '9bdd34e784c04e3a', '98ebee1c36ecec55'], dataset: Stereo,
average embeddings: False, model: microsoft/resnet-152, augmentation: True, random crop: True, part: head, get_old_path: False, computer: 1,
RE1 coeff: 0 SED coeff: 0.5, ALG_COEFF: 0, L2_coeff: 1, huber_coeff: 1, frozen layers: 0, trained vit: None,
crop: 224 resize: 256, use conv: True pretrained: None, train_size: 0.2, norm_mean: tensor([0.5000, 0.5000, 0.5000], device='cuda:0'), norm_std: tensor([0.5000, 0.5000, 0.5000], device='cuda:0'), sched: None seed: 500, 

train size: 2166, val size: 736, test size: 1064

##### CONTINUE TRAINING #####

Epoch 2701/4500: Training Loss: 0.22286196212487028		 Val Loss: 0.7501049871030061
             	Training MAE: 0.06526889652013779		 Val MAE: 0.06701676547527313
             	Algebraic dist: 0.3544332074943064		 Val Algebraic dist: 0.8155204109523607
             	RE1 dist: 0.12844246164019257		 Val RE1 dist: 0.5833811137987219
             	SED dist: 0.40972852530954507		 Val SED dist: 1.464389469312585

Epoch 2702/4500: Training Loss: 0.17714406819361161		 Val Loss: 0.27661309034928033
             	Training MAE: 0.06451138854026794		 Val MAE: 0.06031716242432594
             	Algebraic dist: 0.3152339132949435		 Val Algebraic dist: 0.3780238110086192
             	RE1 dist: 0.10177121039246281		 Val RE1 dist: 0.19233235068943189
             	SED dist: 0.318874204290749		 Val SED dist: 0.5194972909015158

### Not decreasing ###

Epoch 2703/4500: Training Loss: 0.19518137857922768		 Val Loss: 0.25782825635827106
             	Training MAE: 0.06440965831279755		 Val MAE: 0.06079333648085594
             	Algebraic dist: 0.3406180631630535		 Val Algebraic dist: 0.37339276852815045
             	RE1 dist: 0.11351433363347915		 Val RE1 dist: 0.17913208837094513
             	SED dist: 0.35495504681914497		 Val SED dist: 0.4818127673605214

### Not decreasing ###

Epoch 2704/4500: Training Loss: 0.2978065462569909		 Val Loss: 0.871916563614555
             	Training MAE: 0.06608390063047409		 Val MAE: 0.06367992609739304
             	Algebraic dist: 0.42669038667010206		 Val Algebraic dist: 0.9033466007398523
             	RE1 dist: 0.19111219455395237		 Val RE1 dist: 0.69647042647652
             	SED dist: 0.5593901912224689		 Val SED dist: 1.709269150443699

### Not decreasing ###


################
Empty points at 02


Epoch 2705/4500: Training Loss: 0.23136186775686116		 Val Loss: 0.32747332946113916
             	Training MAE: 0.06460851430892944		 Val MAE: 0.06277842819690704
             	Algebraic dist: 0.377623864205561		 Val Algebraic dist: 0.4380760192871094
             	RE1 dist: 0.14671912668375953		 Val RE1 dist: 0.24230397265890372
             	SED dist: 0.42735780385147604		 Val SED dist: 0.6203114468118419

### Not decreasing ###

Epoch 2706/4500: Training Loss: 0.16797835008684558		 Val Loss: 0.24544000625610352
             	Training MAE: 0.06410433351993561		 Val MAE: 0.06950009614229202
             	Algebraic dist: 0.30903555106412883		 Val Algebraic dist: 0.3703415497489598
             	RE1 dist: 0.09642494736562356		 Val RE1 dist: 0.15345603486765985
             	SED dist: 0.30061762623241467		 Val SED dist: 0.45397211157757306

### Not decreasing ###

Epoch 2707/4500: Training Loss: 0.22202085656873413		 Val Loss: 0.3415914825771166
             	Training MAE: 0.06444865465164185		 Val MAE: 0.06088932603597641
             	Algebraic dist: 0.35758403482472323		 Val Algebraic dist: 0.44731782830279804
             	RE1 dist: 0.13527313457643853		 Val RE1 dist: 0.25804631606392237
             	SED dist: 0.4086715022576251		 Val SED dist: 0.6491866733716882

### Not decreasing ###

Epoch 2708/4500: Training Loss: 0.15920872705888925		 Val Loss: 0.3013301724972932
             	Training MAE: 0.06460901349782944		 Val MAE: 0.060860950499773026
             	Algebraic dist: 0.2952163527372578		 Val Algebraic dist: 0.39370238262674084
             	RE1 dist: 0.08878648764972757		 Val RE1 dist: 0.21458667257557745
             	SED dist: 0.2828374489646996		 Val SED dist: 0.56866803376571

### Not decreasing ###


################
Empty points at 02


Epoch 2709/4500: Training Loss: 0.22324769699265595		 Val Loss: 0.6999746405560038
             	Training MAE: 0.064849853515625		 Val MAE: 0.06367245316505432
             	Algebraic dist: 0.3607784426080345		 Val Algebraic dist: 0.7655155347741168
             	RE1 dist: 0.13140355352985902		 Val RE1 dist: 0.4759727146314538
             	SED dist: 0.4106647449225957		 Val SED dist: 1.364248690397843

### Not decreasing ###

Epoch 2710/4500: Training Loss: 0.1970268193206224		 Val Loss: 0.30987130040707794
             	Training MAE: 0.06379307061433792		 Val MAE: 0.061057962477207184
             	Algebraic dist: 0.3407699753877422		 Val Algebraic dist: 0.40719832544741424
             	RE1 dist: 0.11962700593955403		 Val RE1 dist: 0.2174654421599015
             	SED dist: 0.35906478487697474		 Val SED dist: 0.5855481935584027

### Not decreasing ###

Epoch 2711/4500: Training Loss: 0.22682021024922164		 Val Loss: 0.25541301395582117
             	Training MAE: 0.06456635892391205		 Val MAE: 0.060485903173685074
             	Algebraic dist: 0.3718027206364593		 Val Algebraic dist: 0.3832908298658288
             	RE1 dist: 0.13866052944281884		 Val RE1 dist: 0.1628819237584653
             	SED dist: 0.4181840903644632		 Val SED dist: 0.47711007491402

### Not decreasing ###

Epoch 2712/4500: Training Loss: 0.27262962876210795		 Val Loss: 0.3853675593500552
             	Training MAE: 0.06454123556613922		 Val MAE: 0.06240605562925339
             	Algebraic dist: 0.39515035706692514		 Val Algebraic dist: 0.4767225514287534
             	RE1 dist: 0.17147548436238758		 Val RE1 dist: 0.293403957201087
             	SED dist: 0.5099250821609779		 Val SED dist: 0.7365437383237092

### Not decreasing ###

Epoch 2713/4500: Training Loss: 0.18784588465391489		 Val Loss: 0.22157395404318106
             	Training MAE: 0.06449524313211441		 Val MAE: 0.06094435974955559
             	Algebraic dist: 0.3292444939982847		 Val Algebraic dist: 0.356439673382303
             	RE1 dist: 0.11172500131754858		 Val RE1 dist: 0.1353933914847996
             	SED dist: 0.34029571420592136		 Val SED dist: 0.40901225546131964

### Not decreasing ###

Epoch 1/10: Test SED dist: 0.33742531797939673
Epoch 2/10: Test SED dist: 0.34611864018260985
Epoch 3/10: Test SED dist: 0.3363998814633018
Epoch 4/10: Test SED dist: 0.3427963830474624
Epoch 5/10: Test SED dist: 0.3386934036599066
Epoch 6/10: Test SED dist: 0.347751301930363
Epoch 7/10: Test SED dist: 0.34879259955614134
Epoch 8/10: Test SED dist: 0.3417403715893738
Epoch 9/10: Test SED dist: 0.3549090220515889
Epoch 10/10: Test SED dist: 0.33863540878869536


## TEST RESULTS: ##
Test Loss: 0.18874899641911785		 Test MAE: 0.06117646172642708
Test Algebraic dist: 0.32045352333470395
Test SED dist: 0.34332623302488396
Test RE1 dist: 0.11617902741396335

Test Algebraic dist truth: 0.017681329770195753
Test SED dist truth: 0.00171913318616107
Test RE1 dist truth: 0.00021489201239625313

###
plots/Stereo/Winners/SED_0.5__L2_1__huber_1__lr_0.0001__conv__Resnet__use_reconstruction_True/BS_8__ratio_0.2__head__frozen_0__seed_500 no backup
###
no model for plots/Stereo/Winners/SED_0.5__L2_1__huber_1__lr_0.0001__conv__Resnet__use_reconstruction_True/BS_8__ratio_0.1__head__frozen_0__seed_500
Model plots/Stereo/Winners/SED_0.5__L2_1__huber_1__lr_0.0001__conv__Resnet__use_reconstruction_True/BS_8__ratio_0.05__head__frozen_0__seed_500 already trained
no model for plots/Stereo/Winners/SED_0.5__L2_1__huber_1__lr_0.0001__conv__Resnet__use_reconstruction_True/BS_8__ratio_0.0375__head__frozen_0__seed_500
