nohup: ignoring input
/home/aviran/miniconda3/envs/alon_env/lib/python3.9/site-packages/transformers/utils/generic.py:260: FutureWarning: `torch.utils._pytree._register_pytree_node` is deprecated. Please use `torch.utils._pytree.register_pytree_node` instead.
  torch.utils._pytree._register_pytree_node(
/home/aviran/miniconda3/envs/alon_env/lib/python3.9/site-packages/huggingface_hub/file_download.py:1150: FutureWarning: `resume_download` is deprecated and will be removed in version 1.0.0. Downloads always resume when possible. If you want to force a new download, use `force_download=True`.
  warnings.warn(
/home/aviran/Alon/Thesis/FMatrixRegressor.py:331: FutureWarning: You are using `torch.load` with `weights_only=False` (the current default value), which uses the default pickle module implicitly. It is possible to construct malicious pickle data which will execute arbitrary code during unpickling (See https://github.com/pytorch/pytorch/blob/main/SECURITY.md#untrusted-models for more details). In a future release, the default value for `weights_only` will be flipped to `True`. This limits the functions that could be executed during unpickling. Arbitrary objects will no longer be allowed to be loaded via this mode unless they are explicitly allowlisted by the user via `torch.serialization.add_safe_globals`. We recommend you start setting `weights_only=True` for any use case where you don't have full control of the loaded file. Please open an issue on GitHub for any issues related to this experimental feature.
  checkpoint = torch.load(model_path, map_location='cpu')
###########################################################################################################################################################

 learning rate: 0.0001, mlp_hidden_sizes: [1024, 512], jump_frames: 6, use_reconstruction_layer: True
batch_size: 8, norm: True, train_seqeunces: [0, 2, 3, 5], val_sequences: [6, 7, 8], RL_TEST_NAMES: ['fe2fadf89a84e92a', 'f01e8b6f8e10fdd9', 'f1ee9dc6135e5307', 'a41df4fa06fd391b', 'bc0ebb7482f14795', '9bdd34e784c04e3a', '98ebee1c36ecec55'], dataset: Stereo,
average embeddings: False, model: microsoft/resnet-152, augmentation: True, random crop: True, part: tail, get_old_path: False,
RE1 coeff: 0 SED coeff: 0.5, ALG_COEFF: 0, L2_coeff: 1, huber_coeff: 1, frozen layers: 0, trained vit: None,
crop: 224 resize: 256, use conv: True pretrained: None, train_size: 0.008, norm_mean: tensor([0.5000, 0.5000, 0.5000], device='cuda:0'), norm_std: tensor([0.5000, 0.5000, 0.5000], device='cuda:0'), sched: None seed: 300, 

train size: 88, val size: 34, test size: 1064

##### CONTINUE TRAINING #####

Epoch 40105/40000: Training Loss: 0.13506163250316272		 Val Loss: 0.8679786682128906
             	Training MAE: 0.06658337265253067		 Val MAE: 0.06850355863571167
             	Algebraic dist: 0.2999250455336137		 Val Algebraic dist: 0.6811734199523926
             	RE1 dist: 0.09262785044583408		 Val RE1 dist: 0.6078997135162354
             	SED dist: 0.233748891136863		 Val SED dist: 1.6990020751953125

Epoch 40106/40000: Training Loss: 0.253313346342607		 Val Loss: 0.5032618045806885
             	Training MAE: 0.06822074949741364		 Val MAE: 0.07377965748310089
             	Algebraic dist: 0.4433967850425027		 Val Algebraic dist: 0.5253260612487793
             	RE1 dist: 0.20697845112193713		 Val RE1 dist: 0.3626119136810303
             	SED dist: 0.46937487342140893		 Val SED dist: 0.9665403366088867

Epoch 40107/40000: Training Loss: 0.13025488636710428		 Val Loss: 0.8420778274536133
             	Training MAE: 0.06586360186338425		 Val MAE: 0.0676821768283844
             	Algebraic dist: 0.2901640805331143		 Val Algebraic dist: 0.6266838073730469
             	RE1 dist: 0.0866883938962763		 Val RE1 dist: 0.5844014644622803
             	SED dist: 0.22423854741183194		 Val SED dist: 1.6472309112548829

Epoch 40108/40000: Training Loss: 0.14238602464849298		 Val Loss: 0.48837127685546877
             	Training MAE: 0.0696486234664917		 Val MAE: 0.06415573507547379
             	Algebraic dist: 0.3015161861072887		 Val Algebraic dist: 0.49805412292480467
             	RE1 dist: 0.0939188003540039		 Val RE1 dist: 0.32697286605834963
             	SED dist: 0.24646899916908957		 Val SED dist: 0.9409174919128418

Epoch 40109/40000: Training Loss: 0.1424290266903964		 Val Loss: 0.5242889404296875
             	Training MAE: 0.06682668626308441		 Val MAE: 0.07529321312904358
             	Algebraic dist: 0.3109987865794789		 Val Algebraic dist: 0.5144587993621826
             	RE1 dist: 0.09353851188312877		 Val RE1 dist: 0.38405380249023435
             	SED dist: 0.24791104143316095		 Val SED dist: 1.0077033996582032

Epoch 40110/40000: Training Loss: 0.19140308553522284		 Val Loss: 0.5279160976409912
             	Training MAE: 0.06594778597354889		 Val MAE: 0.07113350927829742
             	Algebraic dist: 0.38414270227605646		 Val Algebraic dist: 0.6409536361694336
             	RE1 dist: 0.14443629438226874		 Val RE1 dist: 0.3392487049102783
             	SED dist: 0.3464678200808438		 Val SED dist: 1.0178255081176757

Epoch 40111/40000: Training Loss: 0.2136264064095237		 Val Loss: 0.5548887252807617
             	Training MAE: 0.06541651487350464		 Val MAE: 0.06353986263275146
             	Algebraic dist: 0.3960544846274636		 Val Algebraic dist: 0.5930985450744629
             	RE1 dist: 0.15735323862595993		 Val RE1 dist: 0.33029780387878416
             	SED dist: 0.3913552544333718		 Val SED dist: 1.0741623878479003

Epoch 40112/40000: Training Loss: 0.4264910871332342		 Val Loss: 0.5645619392395019
             	Training MAE: 0.06691432744264603		 Val MAE: 0.0764818862080574
             	Algebraic dist: 0.5881130478598855		 Val Algebraic dist: 0.5982606887817383
             	RE1 dist: 0.3311309814453125		 Val RE1 dist: 0.38236925601959226
             	SED dist: 0.8163081082430753		 Val SED dist: 1.0870738983154298

Epoch 40113/40000: Training Loss: 0.7053983428261497		 Val Loss: 1.0467575073242188
             	Training MAE: 0.07279837876558304		 Val MAE: 0.07535693794488907
             	Algebraic dist: 0.7870391498912465		 Val Algebraic dist: 0.9955761909484864
             	RE1 dist: 0.5276824777776544		 Val RE1 dist: 0.7108410358428955
             	SED dist: 1.3707792975685813		 Val SED dist: 2.053212356567383

Epoch 40114/40000: Training Loss: 0.8850967233831232		 Val Loss: 1.0306906700134277
             	Training MAE: 0.06919662654399872		 Val MAE: 0.06506284326314926
             	Algebraic dist: 0.902688286521218		 Val Algebraic dist: 0.7514264106750488
             	RE1 dist: 0.7673345912586559		 Val RE1 dist: 0.8388571739196777
             	SED dist: 1.7325467196377842		 Val SED dist: 2.0251529693603514

Epoch 40115/40000: Training Loss: 0.3321724804964932		 Val Loss: 0.887818431854248
             	Training MAE: 0.06934154033660889		 Val MAE: 0.06946637481451035
             	Algebraic dist: 0.5349428870461204		 Val Algebraic dist: 0.6490870475769043
             	RE1 dist: 0.29401341351595794		 Val RE1 dist: 0.5009119510650635
             	SED dist: 0.6260011846368964		 Val SED dist: 1.7383712768554687

Epoch 40116/40000: Training Loss: 0.1656268618323586		 Val Loss: 0.5923226356506348
             	Training MAE: 0.07851266115903854		 Val MAE: 0.09342595189809799
             	Algebraic dist: 0.3417277769608931		 Val Algebraic dist: 0.5634804725646972
             	RE1 dist: 0.11286257613788951		 Val RE1 dist: 0.3593212842941284
             	SED dist: 0.2854321002960205		 Val SED dist: 1.125341033935547

Epoch 40117/40000: Training Loss: 0.14433745904402298		 Val Loss: 0.7790247917175293
             	Training MAE: 0.07079897075891495		 Val MAE: 0.06753308326005936
             	Algebraic dist: 0.30750801346518775		 Val Algebraic dist: 0.6138725757598877
             	RE1 dist: 0.09828747402537953		 Val RE1 dist: 0.4702183723449707
             	SED dist: 0.2488856532356956		 Val SED dist: 1.5215070724487305

Epoch 40118/40000: Training Loss: 0.12716311758214777		 Val Loss: 0.573819351196289
             	Training MAE: 0.06586328893899918		 Val MAE: 0.07102964073419571
             	Algebraic dist: 0.2835694226351651		 Val Algebraic dist: 0.6296509265899658
             	RE1 dist: 0.08608110926368019		 Val RE1 dist: 0.3732597827911377
             	SED dist: 0.21806651895696466		 Val SED dist: 1.1094062805175782

Epoch 40119/40000: Training Loss: 0.18193960189819336		 Val Loss: 0.6139740943908691
             	Training MAE: 0.0660795047879219		 Val MAE: 0.06765913218259811
             	Algebraic dist: 0.3613174178383567		 Val Algebraic dist: 0.6527787685394287
             	RE1 dist: 0.1387371908534657		 Val RE1 dist: 0.40710949897766113
             	SED dist: 0.3275645212693648		 Val SED dist: 1.1911670684814453

Epoch 40120/40000: Training Loss: 0.20530451427806506		 Val Loss: 0.5440094470977783
             	Training MAE: 0.06601478159427643		 Val MAE: 0.06985927373170853
             	Algebraic dist: 0.40375843915072357		 Val Algebraic dist: 0.5426909446716308
             	RE1 dist: 0.1604069796475497		 Val RE1 dist: 0.3815600872039795
             	SED dist: 0.3745571049776944		 Val SED dist: 1.050369930267334

Epoch 40121/40000: Training Loss: 0.12557617100802335		 Val Loss: 0.8562103271484375
             	Training MAE: 0.06444263458251953		 Val MAE: 0.06549448519945145
             	Algebraic dist: 0.2876353697343306		 Val Algebraic dist: 0.6677070140838623
             	RE1 dist: 0.08328467065637762		 Val RE1 dist: 0.623204517364502
             	SED dist: 0.21566115726124158		 Val SED dist: 1.6765251159667969

Epoch 40122/40000: Training Loss: 0.17851213975386185		 Val Loss: 0.7057771205902099
             	Training MAE: 0.06526974588632584		 Val MAE: 0.06316301971673965
             	Algebraic dist: 0.36122807589444245		 Val Algebraic dist: 0.6137945175170898
             	RE1 dist: 0.12648417732932352		 Val RE1 dist: 0.47076072692871096
             	SED dist: 0.32104628736322577		 Val SED dist: 1.375953769683838

Epoch 40123/40000: Training Loss: 0.17821637066927823		 Val Loss: 0.6946507453918457
             	Training MAE: 0.06562037765979767		 Val MAE: 0.06616014987230301
             	Algebraic dist: 0.3632740540937944		 Val Algebraic dist: 0.6106511116027832
             	RE1 dist: 0.1281322349201549		 Val RE1 dist: 0.48358817100524903
             	SED dist: 0.32030968232588336		 Val SED dist: 1.3529630661010743

Epoch 40124/40000: Training Loss: 0.25262037190524017		 Val Loss: 0.6389823913574219
             	Training MAE: 0.06473015248775482		 Val MAE: 0.06756889075040817
             	Algebraic dist: 0.4463964809070934		 Val Algebraic dist: 0.7052169799804687
             	RE1 dist: 0.20115848021073776		 Val RE1 dist: 0.4051501274108887
             	SED dist: 0.4696843840859153		 Val SED dist: 1.24151668548584

Epoch 40125/40000: Training Loss: 0.31323680010708893		 Val Loss: 0.8062929153442383
             	Training MAE: 0.06490612030029297		 Val MAE: 0.07006411254405975
             	Algebraic dist: 0.5147608410228383		 Val Algebraic dist: 0.7467098236083984
             	RE1 dist: 0.24472199786793103		 Val RE1 dist: 0.5674580574035645
             	SED dist: 0.5907507376237349		 Val SED dist: 1.574503517150879

Epoch 40126/40000: Training Loss: 0.8912995945323597		 Val Loss: 1.0147703170776368
             	Training MAE: 0.07182107865810394		 Val MAE: 0.0623135045170784
             	Algebraic dist: 0.8979055231267755		 Val Algebraic dist: 0.9744045257568359
             	RE1 dist: 0.770817063071511		 Val RE1 dist: 0.773464298248291
             	SED dist: 1.7427966377951882		 Val SED dist: 1.994623565673828

Epoch 40127/40000: Training Loss: 0.30876595323736017		 Val Loss: 0.7296829223632812
             	Training MAE: 0.06697627902030945		 Val MAE: 0.06985901296138763
             	Algebraic dist: 0.4935548088767312		 Val Algebraic dist: 0.7243846416473388
             	RE1 dist: 0.23888867551630194		 Val RE1 dist: 0.466968297958374
             	SED dist: 0.5807798992503773		 Val SED dist: 1.4217779159545898

Epoch 40128/40000: Training Loss: 0.169356801293113		 Val Loss: 0.6154484272003173
             	Training MAE: 0.06805047392845154		 Val MAE: 0.07342661172151566
             	Algebraic dist: 0.3603970570997758		 Val Algebraic dist: 0.5920566082000732
             	RE1 dist: 0.12155147032304243		 Val RE1 dist: 0.40387964248657227
             	SED dist: 0.3017712506380948		 Val SED dist: 1.1915931701660156

Epoch 40129/40000: Training Loss: 0.13991464268077503		 Val Loss: 0.6106324672698975
             	Training MAE: 0.06595641374588013		 Val MAE: 0.0640665590763092
             	Algebraic dist: 0.3065040545030074		 Val Algebraic dist: 0.5626705646514892
             	RE1 dist: 0.09824487296017734		 Val RE1 dist: 0.37795486450195315
             	SED dist: 0.2438624988902699		 Val SED dist: 1.1854689598083497

Epoch 40130/40000: Training Loss: 0.1597585678100586		 Val Loss: 0.5739091873168946
             	Training MAE: 0.06467660516500473		 Val MAE: 0.07107455283403397
             	Algebraic dist: 0.3389213301918723		 Val Algebraic dist: 0.6082618713378907
             	RE1 dist: 0.11925120787187056		 Val RE1 dist: 0.3820318698883057
             	SED dist: 0.2841305732727051		 Val SED dist: 1.1096015930175782

Epoch 40131/40000: Training Loss: 0.15609483285383743		 Val Loss: 0.5492428779602051
             	Training MAE: 0.06648582220077515		 Val MAE: 0.06345944106578827
             	Algebraic dist: 0.3311906944621693		 Val Algebraic dist: 0.5625971794128418
             	RE1 dist: 0.10954907807436856		 Val RE1 dist: 0.3270804166793823
             	SED dist: 0.2759692235426469		 Val SED dist: 1.0629776000976563

Epoch 40132/40000: Training Loss: 0.2858789183876731		 Val Loss: 0.7859993934631347
             	Training MAE: 0.06502112746238708		 Val MAE: 0.06732113659381866
             	Algebraic dist: 0.49114279313520953		 Val Algebraic dist: 0.8004013061523437
             	RE1 dist: 0.244722149588845		 Val RE1 dist: 0.5292990207672119
             	SED dist: 0.5361729535189542		 Val SED dist: 1.5354368209838867

Epoch 40133/40000: Training Loss: 0.5066936666315253		 Val Loss: 0.5326372146606445
             	Training MAE: 0.066158227622509		 Val MAE: 0.0781450867652893
             	Algebraic dist: 0.7076360095630992		 Val Algebraic dist: 0.5516332626342774
             	RE1 dist: 0.43048069693825464		 Val RE1 dist: 0.372206711769104
             	SED dist: 0.9772421229969371		 Val SED dist: 1.0224172592163085

Epoch 40134/40000: Training Loss: 0.24777702851728958		 Val Loss: 0.5768447875976562
             	Training MAE: 0.06887366622686386		 Val MAE: 0.06192612648010254
             	Algebraic dist: 0.441341140053489		 Val Algebraic dist: 0.5543932914733887
             	RE1 dist: 0.181948336687955		 Val RE1 dist: 0.4041377067565918
             	SED dist: 0.45781421661376953		 Val SED dist: 1.1186365127563476

Epoch 40135/40000: Training Loss: 0.1657463637265292		 Val Loss: 0.745794677734375
             	Training MAE: 0.06541494280099869		 Val MAE: 0.07063908874988556
             	Algebraic dist: 0.35495131666010077		 Val Algebraic dist: 0.6433029174804688
             	RE1 dist: 0.12274154749783603		 Val RE1 dist: 0.4934626579284668
             	SED dist: 0.29579065062782983		 Val SED dist: 1.4539522171020507

Epoch 40136/40000: Training Loss: 0.13239982995119962		 Val Loss: 0.6374079704284668
             	Training MAE: 0.06643407791852951		 Val MAE: 0.0688156932592392
             	Algebraic dist: 0.29014104062860663		 Val Algebraic dist: 0.6197182655334472
             	RE1 dist: 0.0867990797216242		 Val RE1 dist: 0.47281851768493655
             	SED dist: 0.22873228246515448		 Val SED dist: 1.2378145217895509

Epoch 40137/40000: Training Loss: 0.13640369068492542		 Val Loss: 0.5130482673645019
             	Training MAE: 0.06486133486032486		 Val MAE: 0.06996500492095947
             	Algebraic dist: 0.30773880264975806		 Val Algebraic dist: 0.5305430889129639
             	RE1 dist: 0.1013742143457586		 Val RE1 dist: 0.3563897132873535
             	SED dist: 0.2371185909618031		 Val SED dist: 0.9884402275085449

Epoch 40138/40000: Training Loss: 0.1155496510592374		 Val Loss: 0.6832927703857422
             	Training MAE: 0.064566470682621		 Val MAE: 0.07008729875087738
             	Algebraic dist: 0.2672754634510387		 Val Algebraic dist: 0.5824827194213867
             	RE1 dist: 0.07919580286199396		 Val RE1 dist: 0.49484758377075194
             	SED dist: 0.19543571905656296		 Val SED dist: 1.328817081451416

Epoch 40139/40000: Training Loss: 0.12849851088090378		 Val Loss: 0.6690641403198242
             	Training MAE: 0.06537176668643951		 Val MAE: 0.06597311794757843
             	Algebraic dist: 0.29064434224909		 Val Algebraic dist: 0.5868280410766602
             	RE1 dist: 0.09029246460307729		 Val RE1 dist: 0.46280980110168457
             	SED dist: 0.22111996737393466		 Val SED dist: 1.3020074844360352

Epoch 40140/40000: Training Loss: 0.1298656788739291		 Val Loss: 0.7732320785522461
             	Training MAE: 0.06418579816818237		 Val MAE: 0.06549261510372162
             	Algebraic dist: 0.29478404738686304		 Val Algebraic dist: 0.5867164611816407
             	RE1 dist: 0.09024374051527544		 Val RE1 dist: 0.48243026733398436
             	SED dist: 0.22439185055819424		 Val SED dist: 1.510717010498047

Epoch 40141/40000: Training Loss: 0.11724875190041283		 Val Loss: 0.6811159133911133
             	Training MAE: 0.06524147838354111		 Val MAE: 0.06850869208574295
             	Algebraic dist: 0.2767510630867698		 Val Algebraic dist: 0.5765953063964844
             	RE1 dist: 0.07974889061667702		 Val RE1 dist: 0.46594085693359377
             	SED dist: 0.19873172586614435		 Val SED dist: 1.3253408432006837

Epoch 40142/40000: Training Loss: 0.11339133436029608		 Val Loss: 0.5308413982391358
             	Training MAE: 0.06452365964651108		 Val MAE: 0.0678144320845604
             	Algebraic dist: 0.271442023190585		 Val Algebraic dist: 0.5798400402069092
             	RE1 dist: 0.07714690945365212		 Val RE1 dist: 0.37185218334198
             	SED dist: 0.19141884283585983		 Val SED dist: 1.0250909805297852

Epoch 40143/40000: Training Loss: 0.11633809046311812		 Val Loss: 0.5197455883026123
             	Training MAE: 0.0638142079114914		 Val MAE: 0.07046591490507126
             	Algebraic dist: 0.27562821995128284		 Val Algebraic dist: 0.5551098823547364
             	RE1 dist: 0.07699400728399103		 Val RE1 dist: 0.33898205757141114
             	SED dist: 0.19759091463955966		 Val SED dist: 1.0017484664916991

Epoch 40144/40000: Training Loss: 0.14024271748282693		 Val Loss: 0.6320845127105713
             	Training MAE: 0.06594795733690262		 Val MAE: 0.06503195315599442
             	Algebraic dist: 0.3052669004960494		 Val Algebraic dist: 0.6555773258209229
             	RE1 dist: 0.0950558835809881		 Val RE1 dist: 0.40703511238098145
             	SED dist: 0.24450607733293014		 Val SED dist: 1.2285585403442383

Epoch 40145/40000: Training Loss: 0.16676033626903186		 Val Loss: 0.6575830936431885
             	Training MAE: 0.06481112539768219		 Val MAE: 0.06814130395650864
             	Algebraic dist: 0.35339879989624023		 Val Algebraic dist: 0.7011381626129151
             	RE1 dist: 0.12904813072898172		 Val RE1 dist: 0.4576545238494873
             	SED dist: 0.2978562658483332		 Val SED dist: 1.2783889770507812

Epoch 40146/40000: Training Loss: 0.13273190368305554		 Val Loss: 0.6049840450286865
             	Training MAE: 0.06343910098075867		 Val MAE: 0.07176925987005234
             	Algebraic dist: 0.3003812486475164		 Val Algebraic dist: 0.5502974987030029
             	RE1 dist: 0.0870779969475486		 Val RE1 dist: 0.38857872486114503
             	SED dist: 0.2302691719748757		 Val SED dist: 1.1711949348449706

Epoch 40147/40000: Training Loss: 0.1220971020785245		 Val Loss: 0.5755462169647216
             	Training MAE: 0.06540746986865997		 Val MAE: 0.06803534924983978
             	Algebraic dist: 0.2862916426225142		 Val Algebraic dist: 0.5485974311828613
             	RE1 dist: 0.08422257141633467		 Val RE1 dist: 0.36547701358795165
             	SED dist: 0.20822381973266602		 Val SED dist: 1.1142890930175782

Epoch 40148/40000: Training Loss: 0.137338172305714		 Val Loss: 0.6293734073638916
             	Training MAE: 0.06364460289478302		 Val MAE: 0.06729257106781006
             	Algebraic dist: 0.29783864454789594		 Val Algebraic dist: 0.6326406955718994
             	RE1 dist: 0.0913437930020419		 Val RE1 dist: 0.4112864017486572
             	SED dist: 0.23972862417047675		 Val SED dist: 1.2222667694091798

Epoch 40149/40000: Training Loss: 0.1405350078235973		 Val Loss: 0.5995744228363037
             	Training MAE: 0.06431858986616135		 Val MAE: 0.07289548963308334
             	Algebraic dist: 0.31025849689136853		 Val Algebraic dist: 0.5873337745666504
             	RE1 dist: 0.09529701146212491		 Val RE1 dist: 0.3869231939315796
             	SED dist: 0.24565742232582785		 Val SED dist: 1.1598252296447753

Epoch 40150/40000: Training Loss: 0.13991866328499533		 Val Loss: 0.8099087715148926
             	Training MAE: 0.06694043427705765		 Val MAE: 0.06369081884622574
             	Algebraic dist: 0.3041953607039018		 Val Algebraic dist: 0.6377115249633789
             	RE1 dist: 0.09825101765719327		 Val RE1 dist: 0.5229410648345947
             	SED dist: 0.2430647069757635		 Val SED dist: 1.5842487335205078

Epoch 40151/40000: Training Loss: 0.1522444269873879		 Val Loss: 0.8818324089050293
             	Training MAE: 0.06415600329637527		 Val MAE: 0.06277292966842651
             	Algebraic dist: 0.32763858274980023		 Val Algebraic dist: 0.6724672794342041
             	RE1 dist: 0.11290969631888649		 Val RE1 dist: 0.5698812007904053
             	SED dist: 0.269057035446167		 Val SED dist: 1.7283809661865235

Epoch 40152/40000: Training Loss: 0.18118518049066717		 Val Loss: 0.6188570022583008
             	Training MAE: 0.06605535745620728		 Val MAE: 0.07456204295158386
             	Algebraic dist: 0.35756379907781427		 Val Algebraic dist: 0.6250516891479492
             	RE1 dist: 0.1292899413542314		 Val RE1 dist: 0.3958534479141235
             	SED dist: 0.3261384963989258		 Val SED dist: 1.1973487854003906

Epoch 40153/40000: Training Loss: 0.23574020645835184		 Val Loss: 0.5550665855407715
             	Training MAE: 0.06445875763893127		 Val MAE: 0.06632255762815475
             	Algebraic dist: 0.4396662712097168		 Val Algebraic dist: 0.6267943382263184
             	RE1 dist: 0.18173523382707077		 Val RE1 dist: 0.36000449657440187
             	SED dist: 0.4359521432356401		 Val SED dist: 1.0740106582641602

Epoch 40154/40000: Training Loss: 0.26907127553766425		 Val Loss: 0.49921445846557616
             	Training MAE: 0.0653316006064415		 Val MAE: 0.07276089489459991
             	Algebraic dist: 0.462921142578125		 Val Algebraic dist: 0.5351733207702637
             	RE1 dist: 0.2024409987709739		 Val RE1 dist: 0.3322502613067627
             	SED dist: 0.5024225061590021		 Val SED dist: 0.9595440864562989

Epoch 40155/40000: Training Loss: 0.3074509013782848		 Val Loss: 0.5789097785949707
             	Training MAE: 0.06708840280771255		 Val MAE: 0.06716765463352203
             	Algebraic dist: 0.49722415750676935		 Val Algebraic dist: 0.6020203113555909
             	RE1 dist: 0.23547441309148615		 Val RE1 dist: 0.4152409553527832
             	SED dist: 0.5781989964571866		 Val SED dist: 1.1212860107421876

Epoch 40156/40000: Training Loss: 0.41886485706676135		 Val Loss: 0.7179509162902832
             	Training MAE: 0.06695288419723511		 Val MAE: 0.06303909420967102
             	Algebraic dist: 0.5905287916010077		 Val Algebraic dist: 0.6064306259155273
             	RE1 dist: 0.32504554228349164		 Val RE1 dist: 0.511380672454834
             	SED dist: 0.8010913675481622		 Val SED dist: 1.3999932289123536

Epoch 40157/40000: Training Loss: 0.24788308143615723		 Val Loss: 0.8409467697143554
             	Training MAE: 0.06495510786771774		 Val MAE: 0.06797340512275696
             	Algebraic dist: 0.44180770353837445		 Val Algebraic dist: 0.6356719017028809
             	RE1 dist: 0.18881071697581897		 Val RE1 dist: 0.4863698959350586
             	SED dist: 0.46003059907393024		 Val SED dist: 1.6453697204589843

Epoch 40158/40000: Training Loss: 0.23190788789228958		 Val Loss: 0.6674060821533203
             	Training MAE: 0.07178753614425659		 Val MAE: 0.0699048861861229
             	Algebraic dist: 0.4229329282587225		 Val Algebraic dist: 0.5958863258361816
             	RE1 dist: 0.15700977498834784		 Val RE1 dist: 0.4682924747467041
             	SED dist: 0.42436690763993695		 Val SED dist: 1.2972278594970703

Epoch 40159/40000: Training Loss: 0.12704628164117987		 Val Loss: 0.5684598445892334
             	Training MAE: 0.06532135605812073		 Val MAE: 0.07010172307491302
             	Algebraic dist: 0.286303693597967		 Val Algebraic dist: 0.5475294589996338
             	RE1 dist: 0.08368726752021095		 Val RE1 dist: 0.3797131538391113
             	SED dist: 0.21831885251131924		 Val SED dist: 1.0989582061767578

Epoch 40160/40000: Training Loss: 0.12068244543942538		 Val Loss: 0.8399076461791992
             	Training MAE: 0.06782575696706772		 Val MAE: 0.07127678394317627
             	Algebraic dist: 0.2793465094132857		 Val Algebraic dist: 0.6827548980712891
             	RE1 dist: 0.08090050653977827		 Val RE1 dist: 0.6713829040527344
             	SED dist: 0.2042246081612327		 Val SED dist: 1.6413700103759765

Epoch 40161/40000: Training Loss: 0.13460871306332675		 Val Loss: 0.6819501876831054
             	Training MAE: 0.06580499559640884		 Val MAE: 0.06205098330974579
             	Algebraic dist: 0.30057716369628906		 Val Algebraic dist: 0.5715893745422364
             	RE1 dist: 0.09492258592085405		 Val RE1 dist: 0.41091036796569824
             	SED dist: 0.23325532132929022		 Val SED dist: 1.3288450241088867

Epoch 40162/40000: Training Loss: 0.17193822427229447		 Val Loss: 0.8559177398681641
             	Training MAE: 0.06492739915847778		 Val MAE: 0.06313320249319077
             	Algebraic dist: 0.3495514609596946		 Val Algebraic dist: 0.6293885707855225
             	RE1 dist: 0.12846597758206454		 Val RE1 dist: 0.5384814739227295
             	SED dist: 0.30822095003995026		 Val SED dist: 1.6765522003173827

Epoch 40163/40000: Training Loss: 0.23879877003756436		 Val Loss: 0.6557860374450684
             	Training MAE: 0.06694556772708893		 Val MAE: 0.07652345299720764
             	Algebraic dist: 0.4371227351101962		 Val Algebraic dist: 0.7000255107879638
             	RE1 dist: 0.18510694937272507		 Val RE1 dist: 0.43218326568603516
             	SED dist: 0.4408086863431064		 Val SED dist: 1.2700370788574218

Epoch 40164/40000: Training Loss: 0.25090802799571643		 Val Loss: 0.48085384368896483
             	Training MAE: 0.06617278605699539		 Val MAE: 0.0626930370926857
             	Algebraic dist: 0.4476361708207564		 Val Algebraic dist: 0.5193480491638184
             	RE1 dist: 0.1990816376426003		 Val RE1 dist: 0.35860614776611327
             	SED dist: 0.4656623060053045		 Val SED dist: 0.9263033866882324

Epoch 40165/40000: Training Loss: 0.14958564801649613		 Val Loss: 0.5203913688659668
             	Training MAE: 0.06499291211366653		 Val MAE: 0.07465703040361404
             	Algebraic dist: 0.3267891190268777		 Val Algebraic dist: 0.5238739490509033
             	RE1 dist: 0.10372356934980913		 Val RE1 dist: 0.32112135887146
             	SED dist: 0.26347743381153454		 Val SED dist: 1.0002927780151367

Epoch 40166/40000: Training Loss: 0.16620381311936813		 Val Loss: 0.6300613880157471
             	Training MAE: 0.06958253681659698		 Val MAE: 0.06554125249385834
             	Algebraic dist: 0.33974456787109375		 Val Algebraic dist: 0.6360431671142578
             	RE1 dist: 0.11861953952095726		 Val RE1 dist: 0.37858445644378663
             	SED dist: 0.29419560865922406		 Val SED dist: 1.2241475105285644

Epoch 40167/40000: Training Loss: 0.16247614947232333		 Val Loss: 0.463053035736084
             	Training MAE: 0.06460202485322952		 Val MAE: 0.06894437223672867
             	Algebraic dist: 0.34157033400102094		 Val Algebraic dist: 0.5474667549133301
             	RE1 dist: 0.11852018399672075		 Val RE1 dist: 0.31559176445007325
             	SED dist: 0.2894116965207187		 Val SED dist: 0.889088249206543

Epoch 40168/40000: Training Loss: 0.1391281864859841		 Val Loss: 0.5334914684295654
             	Training MAE: 0.06433451175689697		 Val MAE: 0.0705808475613594
             	Algebraic dist: 0.305521314794367		 Val Algebraic dist: 0.5384896278381348
             	RE1 dist: 0.09339777989821		 Val RE1 dist: 0.35180737972259524
             	SED dist: 0.24283419955860486		 Val SED dist: 1.028745174407959

Epoch 40169/40000: Training Loss: 0.1887391914020885		 Val Loss: 0.7903501987457275
             	Training MAE: 0.06690666824579239		 Val MAE: 0.06299494206905365
             	Algebraic dist: 0.3714706680991433		 Val Algebraic dist: 0.6276556491851807
             	RE1 dist: 0.13455744223161178		 Val RE1 dist: 0.5094706535339355
             	SED dist: 0.34064568172801624		 Val SED dist: 1.5452391624450683

Epoch 40170/40000: Training Loss: 0.17637927965684372		 Val Loss: 0.595096492767334
             	Training MAE: 0.06577011942863464		 Val MAE: 0.06737124174833298
             	Algebraic dist: 0.36961200020530005		 Val Algebraic dist: 0.534944486618042
             	RE1 dist: 0.12796919996088202		 Val RE1 dist: 0.33333773612976075
             	SED dist: 0.3165819861672141		 Val SED dist: 1.1536154747009277

Epoch 40171/40000: Training Loss: 0.15841335600072687		 Val Loss: 0.7331816673278808
             	Training MAE: 0.0655156746506691		 Val MAE: 0.06055136397480965
             	Algebraic dist: 0.32761621475219727		 Val Algebraic dist: 0.6615169048309326
             	RE1 dist: 0.11451191251928156		 Val RE1 dist: 0.4298142910003662
             	SED dist: 0.2810095873746005		 Val SED dist: 1.4320517539978028

Epoch 40172/40000: Training Loss: 0.1408571871844205		 Val Loss: 0.4650082588195801
             	Training MAE: 0.0654204860329628		 Val MAE: 0.06921036541461945
             	Algebraic dist: 0.3054965842853893		 Val Algebraic dist: 0.5072485446929932
             	RE1 dist: 0.09132870760830966		 Val RE1 dist: 0.31731395721435546
             	SED dist: 0.24582349170338025		 Val SED dist: 0.8923001289367676

Epoch 40173/40000: Training Loss: 0.1258788759058172		 Val Loss: 0.5081698417663574
             	Training MAE: 0.06502766162157059		 Val MAE: 0.07253837585449219
             	Algebraic dist: 0.28706955909729004		 Val Algebraic dist: 0.5166046142578125
             	RE1 dist: 0.07741093635559082		 Val RE1 dist: 0.379805588722229
             	SED dist: 0.21581948887218128		 Val SED dist: 0.977232837677002

Epoch 40174/40000: Training Loss: 0.1439969756386497		 Val Loss: 0.5978769779205322
             	Training MAE: 0.06589701026678085		 Val MAE: 0.06234321743249893
             	Algebraic dist: 0.32183716513893823		 Val Algebraic dist: 0.6166830062866211
             	RE1 dist: 0.09845961223949086		 Val RE1 dist: 0.36233367919921877
             	SED dist: 0.2520329085263339		 Val SED dist: 1.1606340408325195

Epoch 40175/40000: Training Loss: 0.23863649368286133		 Val Loss: 0.5284127235412598
             	Training MAE: 0.06461216509342194		 Val MAE: 0.06634099781513214
             	Algebraic dist: 0.43086125633933325		 Val Algebraic dist: 0.6200062751770019
             	RE1 dist: 0.18128034201535312		 Val RE1 dist: 0.3382962942123413
             	SED dist: 0.44177922335537995		 Val SED dist: 1.0206130027770997

Epoch 40176/40000: Training Loss: 0.3170103376561945		 Val Loss: 0.6768811225891114
             	Training MAE: 0.06580369919538498		 Val MAE: 0.06193103641271591
             	Algebraic dist: 0.523496454412287		 Val Algebraic dist: 0.5703483104705811
             	RE1 dist: 0.2664352763782848		 Val RE1 dist: 0.43686742782592775
             	SED dist: 0.5977813980796121		 Val SED dist: 1.318466567993164

Epoch 40177/40000: Training Loss: 0.14498466795141046		 Val Loss: 0.6336548328399658
             	Training MAE: 0.06654796004295349		 Val MAE: 0.06571478396654129
             	Algebraic dist: 0.31008232723582874		 Val Algebraic dist: 0.5854270935058594
             	RE1 dist: 0.09566367756236684		 Val RE1 dist: 0.45669355392456057
             	SED dist: 0.25348375060341577		 Val SED dist: 1.231137466430664

Epoch 40178/40000: Training Loss: 0.12382178956812079		 Val Loss: 0.6180132865905762
             	Training MAE: 0.06579020619392395		 Val MAE: 0.07766550779342651
             	Algebraic dist: 0.28371295061978424		 Val Algebraic dist: 0.5797529697418213
             	RE1 dist: 0.0792920697819103		 Val RE1 dist: 0.4384063720703125
             	SED dist: 0.21163095127452503		 Val SED dist: 1.1933320045471192

Epoch 40179/40000: Training Loss: 0.12604131481864236		 Val Loss: 0.5455701351165771
             	Training MAE: 0.06934163719415665		 Val MAE: 0.06656115502119064
             	Algebraic dist: 0.28476424650712445		 Val Algebraic dist: 0.5587233543395996
             	RE1 dist: 0.08130577477541837		 Val RE1 dist: 0.36855196952819824
             	SED dist: 0.21415378830649637		 Val SED dist: 1.0548562049865722

Epoch 40180/40000: Training Loss: 0.12978347865017978		 Val Loss: 0.6517804145812989
             	Training MAE: 0.06495527178049088		 Val MAE: 0.06849327683448792
             	Algebraic dist: 0.2928552410819314		 Val Algebraic dist: 0.5795477867126465
             	RE1 dist: 0.08601344173604791		 Val RE1 dist: 0.4327848434448242
             	SED dist: 0.2239633256738836		 Val SED dist: 1.2664434432983398

Epoch 40181/40000: Training Loss: 0.11506231264634566		 Val Loss: 0.6849753856658936
             	Training MAE: 0.06565617769956589		 Val MAE: 0.06877351552248001
             	Algebraic dist: 0.2652953104539351		 Val Algebraic dist: 0.5807944774627686
             	RE1 dist: 0.07224424318833784		 Val RE1 dist: 0.46889281272888184
             	SED dist: 0.193743727423928		 Val SED dist: 1.3326687812805176

Epoch 40182/40000: Training Loss: 0.15020541711287064		 Val Loss: 0.9199962615966797
             	Training MAE: 0.06687373667955399		 Val MAE: 0.07022225856781006
             	Algebraic dist: 0.3189529072154652		 Val Algebraic dist: 0.6322589874267578
             	RE1 dist: 0.10287554697556929		 Val RE1 dist: 0.6421231269836426
             	SED dist: 0.2636379978873513		 Val SED dist: 1.8021381378173829

Epoch 40183/40000: Training Loss: 0.17015354199842972		 Val Loss: 0.4258317470550537
             	Training MAE: 0.06492666155099869		 Val MAE: 0.06381715834140778
             	Algebraic dist: 0.3446213115345348		 Val Algebraic dist: 0.4926923751831055
             	RE1 dist: 0.11249792575836182		 Val RE1 dist: 0.2829251527786255
             	SED dist: 0.3044044321233576		 Val SED dist: 0.8157910346984864

Epoch 1/10: Test SED dist: 0.6597467867055333
Epoch 2/10: Test SED dist: 0.6750839348126175
Epoch 3/10: Test SED dist: 0.6563508456810973
Epoch 4/10: Test SED dist: 0.6412128075621182
Epoch 5/10: Test SED dist: 0.6729524655449659
Epoch 6/10: Test SED dist: 0.6636460383135573
Epoch 7/10: Test SED dist: 0.6694251612613076
Epoch 8/10: Test SED dist: 0.6592862122040942
Epoch 9/10: Test SED dist: 0.6617829172234786
Epoch 10/10: Test SED dist: 0.6491182370293409


## TEST RESULTS: ##
Test Loss: 0.34828284987829683		 Test MAE: 0.06355148628354072
Test Algebraic dist: 0.48821676153885685
Test SED dist: 0.6608605406338109
Test RE1 dist: 0.2677341174362297

Test Algebraic dist truth: 0.017710526186720768
Test SED dist truth: 0.00172428652308041
Test RE1 dist truth: 0.00021555729882609574

