nohup: ignoring input
/home/aviran/miniconda3/envs/alon_env/lib/python3.9/site-packages/transformers/utils/generic.py:260: FutureWarning: `torch.utils._pytree._register_pytree_node` is deprecated. Please use `torch.utils._pytree.register_pytree_node` instead.
  torch.utils._pytree._register_pytree_node(
/home/aviran/miniconda3/envs/alon_env/lib/python3.9/site-packages/huggingface_hub/file_download.py:1150: FutureWarning: `resume_download` is deprecated and will be removed in version 1.0.0. Downloads always resume when possible. If you want to force a new download, use `force_download=True`.
  warnings.warn(
/home/aviran/Alon/Thesis/FMatrixRegressor.py:338: FutureWarning: You are using `torch.load` with `weights_only=False` (the current default value), which uses the default pickle module implicitly. It is possible to construct malicious pickle data which will execute arbitrary code during unpickling (See https://github.com/pytorch/pytorch/blob/main/SECURITY.md#untrusted-models for more details). In a future release, the default value for `weights_only` will be flipped to `True`. This limits the functions that could be executed during unpickling. Arbitrary objects will no longer be allowed to be loaded via this mode unless they are explicitly allowlisted by the user via `torch.serialization.add_safe_globals`. We recommend you start setting `weights_only=True` for any use case where you don't have full control of the loaded file. Please open an issue on GitHub for any issues related to this experimental feature.
  checkpoint = torch.load(model_path, map_location='cpu')
no model for plots/Stereo/Winners/SED_0.5__L2_1__huber_1__lr_0.0001__conv__Resnet__use_reconstruction_True/BS_8__ratio_0.015__mid__frozen_0
no model for plots/Stereo/Winners/SED_0.5__L2_1__huber_1__lr_0.0001__conv__Resnet__use_reconstruction_True/BS_8__ratio_0.015__tail__frozen_0
no model for plots/Stereo/Winners/SED_0.5__L2_1__huber_1__lr_0.0001__conv__Resnet__use_reconstruction_True/BS_8__ratio_0.025__mid__frozen_0
no model for plots/Stereo/Winners/SED_0.5__L2_1__huber_1__lr_0.0001__conv__Resnet__use_reconstruction_True/BS_8__ratio_0.025__tail__frozen_0
no model for plots/Stereo/Winners/SED_0.5__L2_1__huber_1__lr_0.0001__conv__Resnet__use_reconstruction_True/BS_8__ratio_0.0375__mid__frozen_0
no model for plots/Stereo/Winners/SED_0.5__L2_1__huber_1__lr_0.0001__conv__Resnet__use_reconstruction_True/BS_8__ratio_0.0375__tail__frozen_0
no model for plots/Stereo/Winners/SED_0.5__L2_1__huber_1__lr_0.0001__conv__Resnet__use_reconstruction_True/BS_8__ratio_0.05__mid__frozen_0
no model for plots/Stereo/Winners/SED_0.5__L2_1__huber_1__lr_0.0001__conv__Resnet__use_reconstruction_True/BS_8__ratio_0.05__tail__frozen_0
no model for plots/Stereo/Winners/SED_0.5__L2_1__huber_1__lr_0.0001__conv__Resnet__use_reconstruction_True/BS_8__ratio_0.015__mid__frozen_0__seed_300
no model for plots/Stereo/Winners/SED_0.5__L2_1__huber_1__lr_0.0001__conv__Resnet__use_reconstruction_True/BS_8__ratio_0.015__tail__frozen_0__seed_300
no model for plots/Stereo/Winners/SED_0.5__L2_1__huber_1__lr_0.0001__conv__Resnet__use_reconstruction_True/BS_8__ratio_0.025__mid__frozen_0__seed_300
no model for plots/Stereo/Winners/SED_0.5__L2_1__huber_1__lr_0.0001__conv__Resnet__use_reconstruction_True/BS_8__ratio_0.025__tail__frozen_0__seed_300

###########################################################################################################################################################

 learning rate: 0.0001, mlp_hidden_sizes: [1024, 512], jump_frames: 6, use_reconstruction_layer: True
batch_size: 8, norm: True, train_seqeunces: [0, 2, 3, 5], val_sequences: [6, 7, 8], RL_TEST_NAMES: ['fe2fadf89a84e92a', 'f01e8b6f8e10fdd9', 'f1ee9dc6135e5307', 'a41df4fa06fd391b', 'bc0ebb7482f14795', '9bdd34e784c04e3a', '98ebee1c36ecec55'], dataset: Stereo,
average embeddings: False, model: microsoft/resnet-152, augmentation: True, random crop: True, part: mid, get_old_path: False, computer: 0,
RE1 coeff: 0 SED coeff: 0.5, ALG_COEFF: 0, L2_coeff: 1, huber_coeff: 1, frozen layers: 0, trained vit: None,
crop: 224 resize: 256, use conv: True pretrained: None, train_size: 0.0375, norm_mean: tensor([0.5000, 0.5000, 0.5000], device='cuda:0'), norm_std: tensor([0.5000, 0.5000, 0.5000], device='cuda:0'), sched: None seed: 300

train size: 406, val size: 137, test size: 1064

##### CONTINUE TRAINING #####

Epoch 11881/18000: Training Loss: 0.1757793052523744		 Val Loss: 2.711096021864149
             	Training MAE: 0.05896581709384918		 Val MAE: 0.05799558758735657
             	Algebraic dist: 0.3840475269392425		 Val Algebraic dist: 0.8451048533121744
             	RE1 dist: 0.14401813581878065		 Val RE1 dist: 1.596578492058648
             	SED dist: 0.3216019798727596		 Val SED dist: 5.392779032389323

Epoch 11882/18000: Training Loss: 0.1798239689247281		 Val Loss: 24.46782938639323
             	Training MAE: 0.05899963900446892		 Val MAE: 0.060558710247278214
             	Algebraic dist: 0.3916122212129481		 Val Algebraic dist: 1.9213362799750433
             	RE1 dist: 0.14720452065561332		 Val RE1 dist: 12.724790785047743
             	SED dist: 0.32962814031862747		 Val SED dist: 48.90534464518229

Epoch 11883/18000: Training Loss: 0.17414581074434168		 Val Loss: 147.11709255642361
             	Training MAE: 0.05832675099372864		 Val MAE: 0.06619404256343842
             	Algebraic dist: 0.37896350785797717		 Val Algebraic dist: 4.629246181911892
             	RE1 dist: 0.1401228717729157		 Val RE1 dist: 58.505391438802086
             	SED dist: 0.31853601044299557		 Val SED dist: 294.19420030381946

Epoch 11884/18000: Training Loss: 0.23452390408983417		 Val Loss: 13.414432101779514
             	Training MAE: 0.05986373499035835		 Val MAE: 0.05783563479781151
             	Algebraic dist: 0.45989664863137636		 Val Algebraic dist: 1.4103278054131403
             	RE1 dist: 0.20181882147695504		 Val RE1 dist: 7.479773627387153
             	SED dist: 0.43868670744054455		 Val SED dist: 26.798380533854168

Epoch 11885/18000: Training Loss: 0.20750937742345474		 Val Loss: 43.24760945638021
             	Training MAE: 0.05891930311918259		 Val MAE: 0.060114193707704544
             	Algebraic dist: 0.4305383270862056		 Val Algebraic dist: 2.1122949388292103
             	RE1 dist: 0.1766219045601639		 Val RE1 dist: 21.72983127170139
             	SED dist: 0.38499633938658473		 Val SED dist: 86.46197509765625

Epoch 11886/18000: Training Loss: 0.2195289462220435		 Val Loss: 1.862902111477322
             	Training MAE: 0.058278970420360565		 Val MAE: 0.05663134157657623
             	Algebraic dist: 0.4367779750449985		 Val Algebraic dist: 1.0046670701768663
             	RE1 dist: 0.17885784074371935		 Val RE1 dist: 1.327088991800944
             	SED dist: 0.40927569071451825		 Val SED dist: 3.6962543063693576

Epoch 11887/18000: Training Loss: 0.3510509565764782		 Val Loss: 93.25980631510417
             	Training MAE: 0.0611419752240181		 Val MAE: 0.073863185942173
             	Algebraic dist: 0.5716686622769225		 Val Algebraic dist: 3.616755167643229
             	RE1 dist: 0.30490293689802583		 Val RE1 dist: 39.24485609266493
             	SED dist: 0.6711635215609681		 Val SED dist: 186.47772894965277

Epoch 11888/18000: Training Loss: 0.20886529660692402		 Val Loss: 18.013841417100693
             	Training MAE: 0.05903196334838867		 Val MAE: 0.06670289486646652
             	Algebraic dist: 0.42707308600930605		 Val Algebraic dist: 2.5470284356011286
             	RE1 dist: 0.17511904473398246		 Val RE1 dist: 11.276637607150608
             	SED dist: 0.3876832700243183		 Val SED dist: 35.988803439670136

Epoch 11889/18000: Training Loss: 0.22725415697284773		 Val Loss: 26.70191107855903
             	Training MAE: 0.05876431241631508		 Val MAE: 0.06808336824178696
             	Algebraic dist: 0.4489876616234873		 Val Algebraic dist: 2.435567855834961
             	RE1 dist: 0.18974792256074793		 Val RE1 dist: 13.90881093343099
             	SED dist: 0.42455190770766316		 Val SED dist: 53.365946451822914

Epoch 11890/18000: Training Loss: 0.24566108105229398		 Val Loss: 17.637020534939236
             	Training MAE: 0.05944407358765602		 Val MAE: 0.06296904385089874
             	Algebraic dist: 0.4724321552351409		 Val Algebraic dist: 2.189647250705295
             	RE1 dist: 0.2073398103900984		 Val RE1 dist: 10.55238257514106
             	SED dist: 0.46115688249176623		 Val SED dist: 35.239237467447914

Epoch 11891/18000: Training Loss: 0.6830524369782093		 Val Loss: 1.840516832139757
             	Training MAE: 0.06118680164217949		 Val MAE: 0.057135146111249924
             	Algebraic dist: 0.8365556305530024		 Val Algebraic dist: 0.941273053487142
             	RE1 dist: 0.6638449874578738		 Val RE1 dist: 1.4131961398654513
             	SED dist: 1.3350348379097732		 Val SED dist: 3.650915781656901

Epoch 11892/18000: Training Loss: 0.2074441722795075		 Val Loss: 4.23812018500434
             	Training MAE: 0.059657022356987		 Val MAE: 0.05913526192307472
             	Algebraic dist: 0.43151294483857994		 Val Algebraic dist: 1.21782472398546
             	RE1 dist: 0.1799456091488109		 Val RE1 dist: 2.8850551181369357
             	SED dist: 0.3846975588331036		 Val SED dist: 8.446302625868055

Epoch 11893/18000: Training Loss: 0.18967978159586588		 Val Loss: 2.41244019402398
             	Training MAE: 0.05817241221666336		 Val MAE: 0.058791764080524445
             	Algebraic dist: 0.4029379077986175		 Val Algebraic dist: 0.8469693395826552
             	RE1 dist: 0.15919146818273208		 Val RE1 dist: 1.7412560780843098
             	SED dist: 0.3497936398375268		 Val SED dist: 4.795036315917969

Epoch 11894/18000: Training Loss: 0.14399423786238127		 Val Loss: 0.8811201519436307
             	Training MAE: 0.05894329398870468		 Val MAE: 0.057926248759031296
             	Algebraic dist: 0.3329346600700827		 Val Algebraic dist: 0.6421797010633681
             	RE1 dist: 0.11184499777999579		 Val RE1 dist: 0.6125664710998535
             	SED dist: 0.2579803092806947		 Val SED dist: 1.7326955795288086

Epoch 11895/18000: Training Loss: 0.156341505985634		 Val Loss: 1.3562833997938368
             	Training MAE: 0.05899643525481224		 Val MAE: 0.061525341123342514
             	Algebraic dist: 0.3530527750651042		 Val Algebraic dist: 0.7509376737806532
             	RE1 dist: 0.12428127550611309		 Val RE1 dist: 0.9916705025566949
             	SED dist: 0.2825986076803768		 Val SED dist: 2.6819207933213978

Epoch 11896/18000: Training Loss: 0.150512461568795		 Val Loss: 1.9829082489013672
             	Training MAE: 0.059089966118335724		 Val MAE: 0.058419130742549896
             	Algebraic dist: 0.3448076809153837		 Val Algebraic dist: 0.7670928637186686
             	RE1 dist: 0.11449012569352693		 Val RE1 dist: 1.2599431143866644
             	SED dist: 0.2709191079233207		 Val SED dist: 3.9361699422200522

Epoch 11897/18000: Training Loss: 0.2274188247381472		 Val Loss: 0.6341987715827094
             	Training MAE: 0.058591511100530624		 Val MAE: 0.06581814587116241
             	Algebraic dist: 0.4301028158150467		 Val Algebraic dist: 0.6673834588792589
             	RE1 dist: 0.1889019012451172		 Val RE1 dist: 0.44100909762912327
             	SED dist: 0.42495177773868337		 Val SED dist: 1.235933091905382

Epoch 11898/18000: Training Loss: 0.20049265319225834		 Val Loss: 0.7832899623446994
             	Training MAE: 0.059676479548215866		 Val MAE: 0.057739101350307465
             	Algebraic dist: 0.4101366529277727		 Val Algebraic dist: 0.6355152130126953
             	RE1 dist: 0.15973236981560202		 Val RE1 dist: 0.600269635518392
             	SED dist: 0.370700387393727		 Val SED dist: 1.5369652642144098

Epoch 11899/18000: Training Loss: 0.2859521192662856		 Val Loss: 0.9659403695000542
             	Training MAE: 0.0585329569876194		 Val MAE: 0.0589151531457901
             	Algebraic dist: 0.509004555496515		 Val Algebraic dist: 0.7151769002278646
             	RE1 dist: 0.2478498571059283		 Val RE1 dist: 0.6040151913960775
             	SED dist: 0.5420435737161076		 Val SED dist: 1.9020470513237848

Epoch 11900/18000: Training Loss: 0.2518772424436083		 Val Loss: 3.7650358412000866
             	Training MAE: 0.059809084981679916		 Val MAE: 0.0647486075758934
             	Algebraic dist: 0.4729310577990962		 Val Algebraic dist: 0.9854015774197049
             	RE1 dist: 0.2124035779167624		 Val RE1 dist: 2.3187086317274304
             	SED dist: 0.4733708325554343		 Val SED dist: 7.497936672634548

Epoch 11901/18000: Training Loss: 0.3247278250899969		 Val Loss: 1.122733434041341
             	Training MAE: 0.06069314479827881		 Val MAE: 0.05969548225402832
             	Algebraic dist: 0.5295969645182291		 Val Algebraic dist: 0.7296584977043999
             	RE1 dist: 0.28929974051082835		 Val RE1 dist: 0.6946896976894803
             	SED dist: 0.6187436720904183		 Val SED dist: 2.2156075371636286

Epoch 11902/18000: Training Loss: 0.646515640557981		 Val Loss: 151.28727213541666
             	Training MAE: 0.06482229381799698		 Val MAE: 0.060502756386995316
             	Algebraic dist: 0.8308219909667969		 Val Algebraic dist: 5.494123246934679
             	RE1 dist: 0.6253095888624004		 Val RE1 dist: 69.21449788411458
             	SED dist: 1.2601270488664216		 Val SED dist: 302.54283311631946

Epoch 11903/18000: Training Loss: 0.267337069791906		 Val Loss: 247.28941514756946
             	Training MAE: 0.062194447964429855		 Val MAE: 0.06777975708246231
             	Algebraic dist: 0.4831649555879481		 Val Algebraic dist: 4.807626512315538
             	RE1 dist: 0.23685361824783624		 Val RE1 dist: 73.582763671875
             	SED dist: 0.5033343446020987		 Val SED dist: 494.53895399305554

### Not decreasing ###

Epoch 11904/18000: Training Loss: 0.16472666871313954		 Val Loss: 195.22238498263889
             	Training MAE: 0.05855428799986839		 Val MAE: 0.05957319587469101
             	Algebraic dist: 0.37002185746735217		 Val Algebraic dist: 4.747794257269965
             	RE1 dist: 0.13491492177925857		 Val RE1 dist: 69.54585096571181
             	SED dist: 0.29962648129930686		 Val SED dist: 390.4112955729167

### Not decreasing ###

Epoch 11905/18000: Training Loss: 0.16929596545649508		 Val Loss: 809.1093207465278
             	Training MAE: 0.05846757814288139		 Val MAE: 0.07095642387866974
             	Algebraic dist: 0.3743745392444087		 Val Algebraic dist: 6.453085157606337
             	RE1 dist: 0.13672837089089787		 Val RE1 dist: 108.18762885199652
             	SED dist: 0.3087659910613415		 Val SED dist: 1618.166015625

### Not decreasing ###

Epoch 11906/18000: Training Loss: 0.18067391713460287		 Val Loss: 154.35271538628473
             	Training MAE: 0.05958913266658783		 Val MAE: 0.06298844516277313
             	Algebraic dist: 0.3858717750100529		 Val Algebraic dist: 4.72981431749132
             	RE1 dist: 0.1461026434804879		 Val RE1 dist: 59.10491943359375
             	SED dist: 0.3310996410893459		 Val SED dist: 308.66986762152777

### Not decreasing ###

Epoch 11907/18000: Training Loss: 0.1534090790094114		 Val Loss: 534.2456597222222
             	Training MAE: 0.058975525200366974		 Val MAE: 0.06723684817552567
             	Algebraic dist: 0.35064996457567404		 Val Algebraic dist: 5.1762890285915795
             	RE1 dist: 0.1207735304738961		 Val RE1 dist: 83.45531548394098
             	SED dist: 0.2767754910038967		 Val SED dist: 1068.4439019097222

### Not decreasing ###

Epoch 11908/18000: Training Loss: 0.1583709155811983		 Val Loss: 651.5536566840278
             	Training MAE: 0.05923495441675186		 Val MAE: 0.07007511705160141
             	Algebraic dist: 0.3553586099662033		 Val Algebraic dist: 7.357063293457031
             	RE1 dist: 0.12180052551568724		 Val RE1 dist: 120.08039008246527
             	SED dist: 0.28662930282891963		 Val SED dist: 1303.0570746527778

### Not decreasing ###

Epoch 11909/18000: Training Loss: 0.14703566420312023		 Val Loss: 92.44268120659723
             	Training MAE: 0.058689627796411514		 Val MAE: 0.05914417281746864
             	Algebraic dist: 0.33462879704494103		 Val Algebraic dist: 4.4608874850802955
             	RE1 dist: 0.10777883903653014		 Val RE1 dist: 44.084862603081596
             	SED dist: 0.2640870225195791		 Val SED dist: 184.85548231336804

### Not decreasing ###

Epoch 11910/18000: Training Loss: 0.18866323957256242		 Val Loss: 115.32606336805556
             	Training MAE: 0.059075869619846344		 Val MAE: 0.061264146119356155
             	Algebraic dist: 0.3890279134114583		 Val Algebraic dist: 4.182497660319011
             	RE1 dist: 0.14831177393595377		 Val RE1 dist: 47.366729736328125
             	SED dist: 0.34717683231129365		 Val SED dist: 230.6201171875

### Not decreasing ###

Epoch 11911/18000: Training Loss: 0.24216751023834826		 Val Loss: 8.636791653103298
             	Training MAE: 0.05989870801568031		 Val MAE: 0.06103404238820076
             	Algebraic dist: 0.45619863622328816		 Val Algebraic dist: 1.3321286307440863
             	RE1 dist: 0.19394416435092104		 Val RE1 dist: 4.415476481119792
             	SED dist: 0.45389702740837545		 Val SED dist: 17.243248833550346

### Not decreasing ###

Epoch 11912/18000: Training Loss: 0.15554403791240617		 Val Loss: 107.05066596137152
             	Training MAE: 0.060020457953214645		 Val MAE: 0.06023529917001724
             	Algebraic dist: 0.34549320445341225		 Val Algebraic dist: 3.3577264149983725
             	RE1 dist: 0.1177057658924776		 Val RE1 dist: 40.66246202256944
             	SED dist: 0.28056395287607233		 Val SED dist: 214.06979709201389

### Not decreasing ###

Epoch 11913/18000: Training Loss: 0.1601871041690602		 Val Loss: 184.58816189236111
             	Training MAE: 0.0591539591550827		 Val MAE: 0.06304644793272018
             	Algebraic dist: 0.353366964003619		 Val Algebraic dist: 3.848401811387804
             	RE1 dist: 0.12088745715571385		 Val RE1 dist: 48.685445149739586
             	SED dist: 0.2901616750978956		 Val SED dist: 369.1402994791667

### Not decreasing ###

Epoch 11914/18000: Training Loss: 0.2268648895562864		 Val Loss: 98.51034206814236
             	Training MAE: 0.05927242711186409		 Val MAE: 0.05919549986720085
             	Algebraic dist: 0.43595362644569546		 Val Algebraic dist: 2.6931061214870877
             	RE1 dist: 0.18171263676063687		 Val RE1 dist: 35.11017184787326
             	SED dist: 0.4234597823199104		 Val SED dist: 196.98904079861111

### Not decreasing ###

Epoch 11915/18000: Training Loss: 0.20828961391074985		 Val Loss: 13.871800740559896
             	Training MAE: 0.05993475019931793		 Val MAE: 0.06521981954574585
             	Algebraic dist: 0.4150986390955308		 Val Algebraic dist: 1.3342096540662978
             	RE1 dist: 0.1606442694570504		 Val RE1 dist: 6.523502349853516
             	SED dist: 0.386173360487994		 Val SED dist: 27.711090087890625

### Not decreasing ###

Epoch 11916/18000: Training Loss: 0.1564047663819556		 Val Loss: 1.2841978073120117
             	Training MAE: 0.06046309694647789		 Val MAE: 0.05865083634853363
             	Algebraic dist: 0.3477039711148131		 Val Algebraic dist: 0.6116638713412814
             	RE1 dist: 0.1162267479242063		 Val RE1 dist: 0.7520300547281901
             	SED dist: 0.28203923094506356		 Val SED dist: 2.5383813646104603

### Not decreasing ###

Epoch 11917/18000: Training Loss: 0.1456614662619198		 Val Loss: 116.14115397135417
             	Training MAE: 0.05911632254719734		 Val MAE: 0.05894166976213455
             	Algebraic dist: 0.3274279201731962		 Val Algebraic dist: 2.7912089029947915
             	RE1 dist: 0.10453597237082089		 Val RE1 dist: 35.2440185546875
             	SED dist: 0.2611142139808804		 Val SED dist: 232.24896918402777

### Not decreasing ###

Epoch 11918/18000: Training Loss: 0.3271374795951095		 Val Loss: 5.6099294026692705
             	Training MAE: 0.06027137488126755		 Val MAE: 0.0604691356420517
             	Algebraic dist: 0.4919899585200291		 Val Algebraic dist: 1.0049944983588324
             	RE1 dist: 0.25861265145096124		 Val RE1 dist: 2.705025143093533
             	SED dist: 0.6235483580944585		 Val SED dist: 11.189910040961372

### Not decreasing ###

Epoch 11919/18000: Training Loss: 0.2279057222254136		 Val Loss: 22.756754557291668
             	Training MAE: 0.06048554927110672		 Val MAE: 0.059663187712430954
             	Algebraic dist: 0.44142577227424173		 Val Algebraic dist: 1.3703216976589627
             	RE1 dist: 0.183472521164838		 Val RE1 dist: 9.809076944986979
             	SED dist: 0.4252188439462699		 Val SED dist: 45.4830322265625

### Not decreasing ###

Epoch 11920/18000: Training Loss: 0.13892064375035904		 Val Loss: 49.01515367296007
             	Training MAE: 0.05861110985279083		 Val MAE: 0.06392695754766464
             	Algebraic dist: 0.3246625264485677		 Val Algebraic dist: 2.4257452223036022
             	RE1 dist: 0.10149377000098135		 Val RE1 dist: 24.057688395182293
             	SED dist: 0.24788880815692976		 Val SED dist: 97.99833848741319

### Not decreasing ###

Epoch 11921/18000: Training Loss: 0.206266347099753		 Val Loss: 3.6097895304361978
             	Training MAE: 0.06020466610789299		 Val MAE: 0.05821065604686737
             	Algebraic dist: 0.41702760434618186		 Val Algebraic dist: 0.8105505837334527
             	RE1 dist: 0.16133405648025811		 Val RE1 dist: 1.6732362111409504
             	SED dist: 0.38198456109738815		 Val SED dist: 7.189805772569445

### Not decreasing ###

Epoch 11922/18000: Training Loss: 0.2763803332459693		 Val Loss: 152.30866156684027
             	Training MAE: 0.05994721129536629		 Val MAE: 0.06368705630302429
             	Algebraic dist: 0.49749849356857		 Val Algebraic dist: 4.19587877061632
             	RE1 dist: 0.22832296408858954		 Val RE1 dist: 61.97217475043403
             	SED dist: 0.5223063674627566		 Val SED dist: 304.58355034722223

### Not decreasing ###

Epoch 11923/18000: Training Loss: 0.15622641993503944		 Val Loss: 100.41508653428819
             	Training MAE: 0.05912111699581146		 Val MAE: 0.06255699694156647
             	Algebraic dist: 0.3468787249396829		 Val Algebraic dist: 2.6485714382595487
             	RE1 dist: 0.11584848516127642		 Val RE1 dist: 36.73033311631944
             	SED dist: 0.28226613063438266		 Val SED dist: 200.79816351996527

### Not decreasing ###

Epoch 11924/18000: Training Loss: 0.12101030349731445		 Val Loss: 3.568495432535807
             	Training MAE: 0.05869896709918976		 Val MAE: 0.060891736298799515
             	Algebraic dist: 0.2896287020514993		 Val Algebraic dist: 0.7713948885599772
             	RE1 dist: 0.08301546059402765		 Val RE1 dist: 1.6650861104329426
             	SED dist: 0.21200898114372702		 Val SED dist: 7.106616550021702

### Not decreasing ###

Epoch 11925/18000: Training Loss: 0.1268597397149778		 Val Loss: 10.406304253472221
             	Training MAE: 0.05853094533085823		 Val MAE: 0.05710643529891968
             	Algebraic dist: 0.29840884489171643		 Val Algebraic dist: 1.0458529790242512
             	RE1 dist: 0.08665651433608111		 Val RE1 dist: 5.834715525309245
             	SED dist: 0.22371825049905217		 Val SED dist: 20.78265380859375

### Not decreasing ###

Epoch 11926/18000: Training Loss: 0.22166244656431908		 Val Loss: 10.659312778049046
             	Training MAE: 0.05918850749731064		 Val MAE: 0.059891846030950546
             	Algebraic dist: 0.4136853311576095		 Val Algebraic dist: 1.1069378323025174
             	RE1 dist: 0.17176347620346966		 Val RE1 dist: 4.624354468451606
             	SED dist: 0.4129725811528225		 Val SED dist: 21.288436889648438

### Not decreasing ###

Epoch 11927/18000: Training Loss: 0.17480111589618758		 Val Loss: 0.6464360025193956
             	Training MAE: 0.060132160782814026		 Val MAE: 0.05626935139298439
             	Algebraic dist: 0.372675615198472		 Val Algebraic dist: 0.626237604353163
             	RE1 dist: 0.13295973048490636		 Val RE1 dist: 0.4856206046210395
             	SED dist: 0.3190426545984605		 Val SED dist: 1.2628467347886827

### Not decreasing ###

Epoch 11928/18000: Training Loss: 0.18309688568115234		 Val Loss: 37.816569010416664
             	Training MAE: 0.06006273254752159		 Val MAE: 0.05977160856127739
             	Algebraic dist: 0.3773659724815219		 Val Algebraic dist: 1.968595716688368
             	RE1 dist: 0.1359106793123133		 Val RE1 dist: 13.521231757269966
             	SED dist: 0.3355446235806334		 Val SED dist: 75.60259331597223

### Not decreasing ###

Epoch 11929/18000: Training Loss: 0.21952084934010224		 Val Loss: 96.37013075086806
             	Training MAE: 0.059953998774290085		 Val MAE: 0.060427796095609665
             	Algebraic dist: 0.4188351350672105		 Val Algebraic dist: 3.1745838589138455
             	RE1 dist: 0.16747564427992878		 Val RE1 dist: 36.860758463541664
             	SED dist: 0.4085095723470052		 Val SED dist: 192.70863172743054

### Not decreasing ###

Epoch 11930/18000: Training Loss: 0.23137550727993833		 Val Loss: 1.7481210496690538
             	Training MAE: 0.05893655866384506		 Val MAE: 0.05928633362054825
             	Algebraic dist: 0.44497815300436583		 Val Algebraic dist: 0.6049175792270236
             	RE1 dist: 0.18542878768023321		 Val RE1 dist: 0.758404466840956
             	SED dist: 0.43259299035165827		 Val SED dist: 3.4662142859564886

### Not decreasing ###

Epoch 11931/18000: Training Loss: 0.13294392941044827		 Val Loss: 37.412150065104164
             	Training MAE: 0.05896267667412758		 Val MAE: 0.06225458160042763
             	Algebraic dist: 0.3127836526608935		 Val Algebraic dist: 1.8483462863498263
             	RE1 dist: 0.09308478411506205		 Val RE1 dist: 16.799911499023438
             	SED dist: 0.23572575812246285		 Val SED dist: 74.79302978515625

### Not decreasing ###

Epoch 11932/18000: Training Loss: 0.16347944970224418		 Val Loss: 0.9856369230482314
             	Training MAE: 0.05891546979546547		 Val MAE: 0.05697952210903168
             	Algebraic dist: 0.3461783914005055		 Val Algebraic dist: 0.6327917840745714
             	RE1 dist: 0.11748198901905733		 Val RE1 dist: 0.6128040419684516
             	SED dist: 0.2969213560515759		 Val SED dist: 1.9413880242241754

### Not decreasing ###

Epoch 11933/18000: Training Loss: 0.16784116333606197		 Val Loss: 1.4910241232977972
             	Training MAE: 0.061075545847415924		 Val MAE: 0.057521600276231766
             	Algebraic dist: 0.356875924503102		 Val Algebraic dist: 0.5753578080071343
             	RE1 dist: 0.12192981383379768		 Val RE1 dist: 0.9710968865288628
             	SED dist: 0.30459486269483377		 Val SED dist: 2.952318403455946

### Not decreasing ###

Epoch 11934/18000: Training Loss: 0.5602393056832108		 Val Loss: 9.736148410373264
             	Training MAE: 0.05922849103808403		 Val MAE: 0.06880185008049011
             	Algebraic dist: 0.7361479366526884		 Val Algebraic dist: 1.3902548684014215
             	RE1 dist: 0.5047372182210287		 Val RE1 dist: 5.087949964735243
             	SED dist: 1.0902684529622395		 Val SED dist: 19.438435872395832

### Not decreasing ###

Epoch 11935/18000: Training Loss: 0.16214611951042623		 Val Loss: 1.7405714458889432
             	Training MAE: 0.05886987969279289		 Val MAE: 0.057988595217466354
             	Algebraic dist: 0.35934021893669577		 Val Algebraic dist: 0.7277214262220595
             	RE1 dist: 0.12321879816990272		 Val RE1 dist: 0.9211143917507596
             	SED dist: 0.29435862746893193		 Val SED dist: 3.4514959123399525

### Not decreasing ###

Epoch 11936/18000: Training Loss: 0.1302920042299757		 Val Loss: 15.141610039605034
             	Training MAE: 0.05827288329601288		 Val MAE: 0.05747969448566437
             	Algebraic dist: 0.3064458884444891		 Val Algebraic dist: 1.4187627368503146
             	RE1 dist: 0.09218341229008693		 Val RE1 dist: 7.662881639268663
             	SED dist: 0.23075098149916706		 Val SED dist: 30.253587510850693

### Not decreasing ###

Epoch 11937/18000: Training Loss: 0.167449857674393		 Val Loss: 4.525875091552734
             	Training MAE: 0.058861348778009415		 Val MAE: 0.06497812271118164
             	Algebraic dist: 0.3649487962909773		 Val Algebraic dist: 1.112809075249566
             	RE1 dist: 0.12662823059979608		 Val RE1 dist: 2.732320785522461
             	SED dist: 0.3047939749325023		 Val SED dist: 9.01980929904514

### Not decreasing ###

Epoch 11938/18000: Training Loss: 0.16768724778119257		 Val Loss: 1.5134055879380968
             	Training MAE: 0.060001250356435776		 Val MAE: 0.0632656142115593
             	Algebraic dist: 0.366791332469267		 Val Algebraic dist: 0.6547797520955404
             	RE1 dist: 0.12595737681669347		 Val RE1 dist: 0.982596927218967
             	SED dist: 0.3047920862833659		 Val SED dist: 2.9952604505750866

### Not decreasing ###

Epoch 11939/18000: Training Loss: 0.16196198556937424		 Val Loss: 4.937312655978733
             	Training MAE: 0.059138357639312744		 Val MAE: 0.05962396413087845
             	Algebraic dist: 0.3472990148207721		 Val Algebraic dist: 0.9233180152045356
             	RE1 dist: 0.12031068988874846		 Val RE1 dist: 3.1892596350775824
             	SED dist: 0.293731034970751		 Val SED dist: 9.844749450683594

### Not decreasing ###

Epoch 11940/18000: Training Loss: 0.14557034361596202		 Val Loss: 10.39251963297526
             	Training MAE: 0.05914738029241562		 Val MAE: 0.06033260002732277
             	Algebraic dist: 0.3302389780680339		 Val Algebraic dist: 1.3233602311876085
             	RE1 dist: 0.10381973490995519		 Val RE1 dist: 6.18657726711697
             	SED dist: 0.26088791267544614		 Val SED dist: 20.754601372612846

### Not decreasing ###

Epoch 11941/18000: Training Loss: 0.133668955634622		 Val Loss: 0.9445440504286025
             	Training MAE: 0.06011208891868591		 Val MAE: 0.06347084045410156
             	Algebraic dist: 0.3086625267477596		 Val Algebraic dist: 0.5773746172587076
             	RE1 dist: 0.0916150971954944		 Val RE1 dist: 0.6438440746731229
             	SED dist: 0.23672221688663259		 Val SED dist: 1.8575608995225694

### Not decreasing ###

Epoch 11942/18000: Training Loss: 0.17984936284083947		 Val Loss: 1.009972996181912
             	Training MAE: 0.06050334498286247		 Val MAE: 0.055543623864650726
             	Algebraic dist: 0.3681318245682062		 Val Algebraic dist: 0.560945087009006
             	RE1 dist: 0.13076387667188458		 Val RE1 dist: 0.6915056970384386
             	SED dist: 0.32883688982795267		 Val SED dist: 1.990573247273763

### Not decreasing ###

Epoch 11943/18000: Training Loss: 0.15675059486837947		 Val Loss: 0.5682224167717828
             	Training MAE: 0.05871676281094551		 Val MAE: 0.06292498856782913
             	Algebraic dist: 0.33828159407073377		 Val Algebraic dist: 0.5375492837693956
             	RE1 dist: 0.11078641928878485		 Val RE1 dist: 0.3960515128241645
             	SED dist: 0.28338146209716797		 Val SED dist: 1.1052452723185222

### Not decreasing ###

Epoch 11944/18000: Training Loss: 0.20797796810374541		 Val Loss: 0.9734350840250651
             	Training MAE: 0.05956147983670235		 Val MAE: 0.058889105916023254
             	Algebraic dist: 0.410832498587814		 Val Algebraic dist: 0.6265656683180068
             	RE1 dist: 0.15707982755174824		 Val RE1 dist: 0.695875326792399
             	SED dist: 0.38558316698261336		 Val SED dist: 1.9163277943929036

### Not decreasing ###

Epoch 11945/18000: Training Loss: 0.5283530366187003		 Val Loss: 4.489732530381945
             	Training MAE: 0.06351911276578903		 Val MAE: 0.07230890542268753
             	Algebraic dist: 0.7110110264198453		 Val Algebraic dist: 1.0185977088080511
             	RE1 dist: 0.4458507089053883		 Val RE1 dist: 2.6054520077175565
             	SED dist: 1.0245700162999771		 Val SED dist: 8.94265407986111

### Not decreasing ###

Epoch 11946/18000: Training Loss: 0.20386022679946003		 Val Loss: 25.39727274576823
             	Training MAE: 0.06255904585123062		 Val MAE: 0.056722793728113174
             	Algebraic dist: 0.40630022684733075		 Val Algebraic dist: 1.8367483350965712
             	RE1 dist: 0.15927974850523705		 Val RE1 dist: 14.278545803493923
             	SED dist: 0.37591197443943397		 Val SED dist: 50.764990912543404

### Not decreasing ###

Epoch 11947/18000: Training Loss: 0.15318958432066673		 Val Loss: 5.320376502143012
             	Training MAE: 0.05858965963125229		 Val MAE: 0.05798723176121712
             	Algebraic dist: 0.34586360407810585		 Val Algebraic dist: 0.9830678304036459
             	RE1 dist: 0.11383203431671741		 Val RE1 dist: 3.4694281684027777
             	SED dist: 0.27644091961430567		 Val SED dist: 10.611204359266493

### Not decreasing ###

Epoch 11948/18000: Training Loss: 0.1267363604377298		 Val Loss: 64.84795464409723
             	Training MAE: 0.058289915323257446		 Val MAE: 0.058127086609601974
             	Algebraic dist: 0.3025249032413258		 Val Algebraic dist: 2.073279698689779
             	RE1 dist: 0.08942847158394608		 Val RE1 dist: 28.624040391710068
             	SED dist: 0.2235705992754768		 Val SED dist: 129.66550021701389

### Not decreasing ###

Epoch 11949/18000: Training Loss: 0.14484658895754346		 Val Loss: 1.8414342668321397
             	Training MAE: 0.05828636512160301		 Val MAE: 0.056618187576532364
             	Algebraic dist: 0.3303796356799556		 Val Algebraic dist: 0.837490028805203
             	RE1 dist: 0.10500391791848575		 Val RE1 dist: 1.1661920547485352
             	SED dist: 0.25976334366143916		 Val SED dist: 3.653111775716146

### Not decreasing ###

Epoch 11950/18000: Training Loss: 0.13417671241012274		 Val Loss: 2.092867957221137
             	Training MAE: 0.059223197400569916		 Val MAE: 0.058347973972558975
             	Algebraic dist: 0.31653422935336245		 Val Algebraic dist: 0.7839288181728787
             	RE1 dist: 0.09468178655586991		 Val RE1 dist: 1.5173448986477323
             	SED dist: 0.23813958261527268		 Val SED dist: 4.155737135145399

### Not decreasing ###

Epoch 11951/18000: Training Loss: 0.14172076243980258		 Val Loss: 9.216074625651041
             	Training MAE: 0.05848311260342598		 Val MAE: 0.056152936071157455
             	Algebraic dist: 0.31763589148427923		 Val Algebraic dist: 1.0714534123738606
             	RE1 dist: 0.09907370922612209		 Val RE1 dist: 5.13726086086697
             	SED dist: 0.25346997204948873		 Val SED dist: 18.40243191189236

### Not decreasing ###

Epoch 11952/18000: Training Loss: 0.4561592550838695		 Val Loss: 0.8175187110900879
             	Training MAE: 0.060861069709062576		 Val MAE: 0.05904379114508629
             	Algebraic dist: 0.6177718592625038		 Val Algebraic dist: 0.6275555822584364
             	RE1 dist: 0.3799566381117877		 Val RE1 dist: 0.5995409223768446
             	SED dist: 0.8812214720482919		 Val SED dist: 1.605063756306966

### Not decreasing ###

Epoch 11953/18000: Training Loss: 0.3891190173579197		 Val Loss: 2.097703297932943
             	Training MAE: 0.06198137626051903		 Val MAE: 0.055885907262563705
             	Algebraic dist: 0.5702836653765511		 Val Algebraic dist: 0.8955516815185547
             	RE1 dist: 0.33436038447361366		 Val RE1 dist: 1.306425518459744
             	SED dist: 0.7466969957538679		 Val SED dist: 4.16632080078125

### Not decreasing ###

Epoch 11954/18000: Training Loss: 0.19680210188323377		 Val Loss: 97.38463677300348
             	Training MAE: 0.060081154108047485		 Val MAE: 0.05778837949037552
             	Algebraic dist: 0.4158117256912531		 Val Algebraic dist: 2.7769067552354603
             	RE1 dist: 0.1641552495021446		 Val RE1 dist: 43.713707817925346
             	SED dist: 0.3631073820824717		 Val SED dist: 194.73841688368054

### Not decreasing ###

Epoch 11955/18000: Training Loss: 0.15993252922506893		 Val Loss: 1.192964129977756
             	Training MAE: 0.05906013026833534		 Val MAE: 0.05997931584715843
             	Algebraic dist: 0.35754143957998236		 Val Algebraic dist: 0.7192938062879775
             	RE1 dist: 0.11970943563124713		 Val RE1 dist: 0.7642354965209961
             	SED dist: 0.28975342769248813		 Val SED dist: 2.355757395426432

### Not decreasing ###

Epoch 11956/18000: Training Loss: 0.154386744779699		 Val Loss: 4.568486955430773
             	Training MAE: 0.058453816920518875		 Val MAE: 0.059959106147289276
             	Algebraic dist: 0.3478557736265893		 Val Algebraic dist: 1.0852006276448567
             	RE1 dist: 0.11704594481225107		 Val RE1 dist: 2.98249880472819
             	SED dist: 0.2789330201990464		 Val SED dist: 9.106900533040365

### Not decreasing ###

Epoch 11957/18000: Training Loss: 0.21762655295577704		 Val Loss: 4.181148529052734
             	Training MAE: 0.06031021103262901		 Val MAE: 0.056734997779130936
             	Algebraic dist: 0.40702154122146905		 Val Algebraic dist: 0.9651762644449869
             	RE1 dist: 0.1658353057562136		 Val RE1 dist: 2.9050670199924045
             	SED dist: 0.4046006670185164		 Val SED dist: 8.332689073350695

### Not decreasing ###

Epoch 11958/18000: Training Loss: 0.16677100985657936		 Val Loss: 2.503971947564019
             	Training MAE: 0.0586460679769516		 Val MAE: 0.05630653724074364
             	Algebraic dist: 0.36527573828603704		 Val Algebraic dist: 0.8692708545260959
             	RE1 dist: 0.12429044760909735		 Val RE1 dist: 1.5652697881062825
             	SED dist: 0.3035980673397289		 Val SED dist: 4.978100246853298

### Not decreasing ###

Epoch 11959/18000: Training Loss: 0.14455675611308977		 Val Loss: 0.688436296251085
             	Training MAE: 0.058789994567632675		 Val MAE: 0.06032487377524376
             	Algebraic dist: 0.3268437853046492		 Val Algebraic dist: 0.6027570830451118
             	RE1 dist: 0.10409013897764917		 Val RE1 dist: 0.47245629628499347
             	SED dist: 0.25898342506558286		 Val SED dist: 1.346480581495497

### Not decreasing ###

Epoch 11960/18000: Training Loss: 0.14432285346236884		 Val Loss: 5.484477149115668
             	Training MAE: 0.05874134227633476		 Val MAE: 0.06354640424251556
             	Algebraic dist: 0.3322482015572342		 Val Algebraic dist: 0.7218630578782823
             	RE1 dist: 0.1052247776704676		 Val RE1 dist: 3.114882575141059
             	SED dist: 0.2585924559948491		 Val SED dist: 10.937213473849827

### Not decreasing ###

Epoch 11961/18000: Training Loss: 0.28653612323835786		 Val Loss: 0.9638947380913628
             	Training MAE: 0.05892695486545563		 Val MAE: 0.055750228464603424
             	Algebraic dist: 0.4594045900831036		 Val Algebraic dist: 0.7668840620252821
             	RE1 dist: 0.22526862574558632		 Val RE1 dist: 0.6384430991278754
             	SED dist: 0.5429620929792816		 Val SED dist: 1.8986841837565105

### Not decreasing ###

Epoch 11962/18000: Training Loss: 0.2186140172621783		 Val Loss: 0.829118463728163
             	Training MAE: 0.061127353459596634		 Val MAE: 0.06213360279798508
             	Algebraic dist: 0.43454207626043584		 Val Algebraic dist: 0.6120555665757921
             	RE1 dist: 0.17578665415445963		 Val RE1 dist: 0.5842010709974501
             	SED dist: 0.4061572504978554		 Val SED dist: 1.6272381676567926

### Not decreasing ###

Epoch 11963/18000: Training Loss: 0.13445080962835573		 Val Loss: 4.509633382161458
             	Training MAE: 0.05849512293934822		 Val MAE: 0.05782890319824219
             	Algebraic dist: 0.3156750996907552		 Val Algebraic dist: 1.0493153466118708
             	RE1 dist: 0.09500808341830384		 Val RE1 dist: 2.752571317884657
             	SED dist: 0.23894238939472273		 Val SED dist: 8.989666408962673

### Not decreasing ###

Epoch 11964/18000: Training Loss: 0.20510320102467255		 Val Loss: 1.1442059410942926
             	Training MAE: 0.06023450195789337		 Val MAE: 0.05782762169837952
             	Algebraic dist: 0.398071663052428		 Val Algebraic dist: 0.8447733985053169
             	RE1 dist: 0.15737847720875459		 Val RE1 dist: 0.8949613571166992
             	SED dist: 0.3794146519081265		 Val SED dist: 2.2581689622667103

### Not decreasing ###

Epoch 11965/18000: Training Loss: 0.17109493180817248		 Val Loss: 5.4550425211588545
             	Training MAE: 0.058804951608181		 Val MAE: 0.05762035399675369
             	Algebraic dist: 0.36011460248161764		 Val Algebraic dist: 1.0460327996148004
             	RE1 dist: 0.12758887047861137		 Val RE1 dist: 3.2283719380696616
             	SED dist: 0.31211288302552465		 Val SED dist: 10.880599975585938

### Not decreasing ###

Epoch 11966/18000: Training Loss: 0.2991815267824659		 Val Loss: 0.7096817758348253
             	Training MAE: 0.05816052109003067		 Val MAE: 0.06760185211896896
             	Algebraic dist: 0.5067427766089346		 Val Algebraic dist: 0.6891711552937826
             	RE1 dist: 0.24651080486821195		 Val RE1 dist: 0.5274934238857694
             	SED dist: 0.5685902389825559		 Val SED dist: 1.3854254616631403

### Not decreasing ###

Epoch 11967/18000: Training Loss: 0.31727027893066406		 Val Loss: 1.145181867811415
             	Training MAE: 0.05992073565721512		 Val MAE: 0.05651683360338211
             	Algebraic dist: 0.5444898792341644		 Val Algebraic dist: 0.8522229194641113
             	RE1 dist: 0.26932624742096545		 Val RE1 dist: 0.7722051408555772
             	SED dist: 0.6040570502187691		 Val SED dist: 2.26082271999783

### Not decreasing ###

Epoch 11968/18000: Training Loss: 0.2666577170876896		 Val Loss: 0.5969234572516547
             	Training MAE: 0.06176966801285744		 Val MAE: 0.06367307156324387
             	Algebraic dist: 0.4939594642788756		 Val Algebraic dist: 0.6832335789998373
             	RE1 dist: 0.22428011426738664		 Val RE1 dist: 0.43352023760477704
             	SED dist: 0.5021108365526387		 Val SED dist: 1.1625000635782878

### Not decreasing ###

Epoch 11969/18000: Training Loss: 0.16421050651400698		 Val Loss: 0.7895988888210721
             	Training MAE: 0.058593183755874634		 Val MAE: 0.05802939459681511
             	Algebraic dist: 0.36647239385866653		 Val Algebraic dist: 0.6481983926561143
             	RE1 dist: 0.12896233913945218		 Val RE1 dist: 0.5939168400234647
             	SED dist: 0.29846032460530597		 Val SED dist: 1.54986572265625

### Not decreasing ###

Epoch 11970/18000: Training Loss: 0.35409800211588544		 Val Loss: 1.2863908343844943
             	Training MAE: 0.06100677698850632		 Val MAE: 0.06143281236290932
             	Algebraic dist: 0.5791845508650237		 Val Algebraic dist: 0.8129565980699327
             	RE1 dist: 0.31204992182114544		 Val RE1 dist: 0.972656144036187
             	SED dist: 0.6773102704216453		 Val SED dist: 2.5425571865505643

### Not decreasing ###

Epoch 11971/18000: Training Loss: 0.1715964710011202		 Val Loss: 1.098878648546007
             	Training MAE: 0.05821352079510689		 Val MAE: 0.05950353294610977
             	Algebraic dist: 0.37448449228324143		 Val Algebraic dist: 0.6836448775397407
             	RE1 dist: 0.13706539191451728		 Val RE1 dist: 0.745973269144694
             	SED dist: 0.31336230857699526		 Val SED dist: 2.1677684783935547

### Not decreasing ###

Epoch 11972/18000: Training Loss: 0.13067902770696901		 Val Loss: 0.5741484959920248
             	Training MAE: 0.05873863771557808		 Val MAE: 0.060815319418907166
             	Algebraic dist: 0.3139076980890012		 Val Algebraic dist: 0.5911461512247721
             	RE1 dist: 0.09526812796499215		 Val RE1 dist: 0.41289069917466903
             	SED dist: 0.2313243080587948		 Val SED dist: 1.1179434458414714

### Not decreasing ###

Epoch 11973/18000: Training Loss: 0.14123927845674403		 Val Loss: 2.04488648308648
             	Training MAE: 0.05946635082364082		 Val MAE: 0.05773340165615082
             	Algebraic dist: 0.3248623118681066		 Val Algebraic dist: 0.7411760754055448
             	RE1 dist: 0.10233923033172009		 Val RE1 dist: 1.4328407711452908
             	SED dist: 0.25222383760938455		 Val SED dist: 4.060162014431423

### Not decreasing ###

Epoch 11974/18000: Training Loss: 0.17728768142999388		 Val Loss: 0.7655789587232802
             	Training MAE: 0.0598992221057415		 Val MAE: 0.06657504290342331
             	Algebraic dist: 0.3668651580810547		 Val Algebraic dist: 0.5919912656148275
             	RE1 dist: 0.12999477573469573		 Val RE1 dist: 0.5688806109958224
             	SED dist: 0.3240097644282322		 Val SED dist: 1.4979989793565538

### Not decreasing ###

Epoch 11975/18000: Training Loss: 0.150207332536286		 Val Loss: 0.5067248874240451
             	Training MAE: 0.05944027006626129		 Val MAE: 0.05638769641518593
             	Algebraic dist: 0.34038790534524355		 Val Algebraic dist: 0.5183622572157118
             	RE1 dist: 0.10805817211375517		 Val RE1 dist: 0.3597327603234185
             	SED dist: 0.27002673055611404		 Val SED dist: 0.9836013582017686

### Not decreasing ###

Epoch 1/10: Test SED dist: 0.7480285185620301
Epoch 2/10: Test SED dist: 0.7342839635404429
Epoch 3/10: Test SED dist: 0.7574560409201715
Epoch 4/10: Test SED dist: 0.7162158363743832
Epoch 5/10: Test SED dist: 0.7297159639516271
Epoch 6/10: Test SED dist: 0.7071202213602855
Epoch 7/10: Test SED dist: 0.8129819138605792
Epoch 8/10: Test SED dist: 0.7740150967934974
Epoch 9/10: Test SED dist: 0.6576808843397557
Epoch 10/10: Test SED dist: 0.7549373081752232


## TEST RESULTS: ##
Test Loss: 0.3845429183845233		 Test MAE: 0.05638607367873192
Test Algebraic dist: 0.487740515228501
Test SED dist: 0.7392435747877996
Test RE1 dist: 0.2966957149649025

Test Algebraic dist truth: 0.017688787073121034
Test SED dist truth: 0.0017209720790834354
Test RE1 dist truth: 0.0002151218319969966

Traceback (most recent call last):
  File "/home/aviran/miniconda3/envs/alon_env/lib/python3.9/shutil.py", line 825, in move
    os.rename(src, real_dst)
OSError: [Errno 18] Invalid cross-device link: 'plots/Stereo/Winners/SED_0.5__L2_1__huber_1__lr_0.0001__conv__Resnet__use_reconstruction_True/BS_8__ratio_0.0375__mid__frozen_0__seed_300/model.pth' -> '/mnt/sda2/Alon/plots/Stereo/Winners/SED_0.5__L2_1__huber_1__lr_0.0001__conv__Resnet__use_reconstruction_True/BS_8__ratio_0.0375__mid__frozen_0__seed_300/model.pth'

During handling of the above exception, another exception occurred:

Traceback (most recent call last):
  File "/home/aviran/Alon/Thesis/Main.py", line 120, in <module>
    shutil.move(source_model_path, dest_model_path)
  File "/home/aviran/miniconda3/envs/alon_env/lib/python3.9/shutil.py", line 845, in move
    copy_function(src, real_dst)
  File "/home/aviran/miniconda3/envs/alon_env/lib/python3.9/shutil.py", line 444, in copy2
    copyfile(src, dst, follow_symlinks=follow_symlinks)
  File "/home/aviran/miniconda3/envs/alon_env/lib/python3.9/shutil.py", line 264, in copyfile
    with open(src, 'rb') as fsrc:
FileNotFoundError: [Errno 2] No such file or directory: 'plots/Stereo/Winners/SED_0.5__L2_1__huber_1__lr_0.0001__conv__Resnet__use_reconstruction_True/BS_8__ratio_0.0375__mid__frozen_0__seed_300/model.pth'
