nohup: ignoring input
/home/alonkay/conda/alon/lib/python3.9/site-packages/transformers/utils/generic.py:260: FutureWarning: `torch.utils._pytree._register_pytree_node` is deprecated. Please use `torch.utils._pytree.register_pytree_node` instead.
  torch.utils._pytree._register_pytree_node(
/home/alonkay/conda/alon/lib/python3.9/site-packages/huggingface_hub/file_download.py:1150: FutureWarning: `resume_download` is deprecated and will be removed in version 1.0.0. Downloads always resume when possible. If you want to force a new download, use `force_download=True`.
  warnings.warn(

###########################################################################################################################################################

 learning rate: 0.0001, mlp_hidden_sizes: [1024, 512], jump_frames: 6, use_reconstruction_layer: True
batch_size: 8, norm: True, train_seqeunces: [0, 2, 3, 5], val_sequences: [6, 7, 8], RL_TEST_NAMES: ['fe2fadf89a84e92a', 'f01e8b6f8e10fdd9', 'f1ee9dc6135e5307', 'a41df4fa06fd391b', 'bc0ebb7482f14795', '9bdd34e784c04e3a', '98ebee1c36ecec55'], dataset: Stereo,
average embeddings: False, model: microsoft/resnet-152, augmentation: True, random crop: True, part: head, get_old_path: False, computer: 1,
RE1 coeff: 0 SED coeff: 0.5, ALG_COEFF: 0, L2_coeff: 1, huber_coeff: 1, frozen layers: 0, trained vit: None,
crop: 224 resize: 256, use conv: True pretrained: None, train_size: 0.004, norm_mean: tensor([0.5000, 0.5000, 0.5000], device='cuda:0'), norm_std: tensor([0.5000, 0.5000, 0.5000], device='cuda:0'), sched: None seed: 42

train size: 47, val size: 25, test size: 1064

algebraic_truth: 0.017194514473279316		 val_algebraic_truth: 0.017123732715845108
RE1_truth: 0.00019564813313384852		 val_RE1_truth: 0.00019726429309230298
SED_truth: 0.00156519856924812		 val_SED_truth: 0.0015781221445649862

Epoch 1/100000: Training Loss: 14871.1953125		 Val Loss: 7820.974609375
             	Training MAE: 0.26372915506362915		 Val MAE: 0.22247901558876038
             	Algebraic dist: 8556.0546875		 Val Algebraic dist: 4110.09130859375
             	RE1 dist: 74739877.33333333		 Val RE1 dist: 15231114.0
             	SED dist: 29741.953125		 Val SED dist: 15641.6435546875

Epoch 2/100000: Training Loss: 5123.407552083333		 Val Loss: 3564.039794921875
             	Training MAE: 0.2052614539861679		 Val MAE: 0.205836221575737
             	Algebraic dist: 1789.1056315104167		 Val Algebraic dist: 1286.4344482421875
             	RE1 dist: 3342084.0		 Val RE1 dist: 1568590.75
             	SED dist: 10246.538411458334		 Val SED dist: 7127.8076171875

Epoch 3/100000: Training Loss: 4670.993489583333		 Val Loss: 3699.32421875
             	Training MAE: 0.19663338363170624		 Val MAE: 0.198847696185112
             	Algebraic dist: 1215.7913411458333		 Val Algebraic dist: 1091.482421875
             	RE1 dist: 1349597.3333333333		 Val RE1 dist: 1168284.875
             	SED dist: 9341.7265625		 Val SED dist: 7398.388671875

Epoch 4/100000: Training Loss: 4364.052734375		 Val Loss: 3854.56689453125
             	Training MAE: 0.19180633127689362		 Val MAE: 0.1913270652294159
             	Algebraic dist: 1078.5670572916667		 Val Algebraic dist: 1033.7210693359375
             	RE1 dist: 1058755.0		 Val RE1 dist: 994727.1875
             	SED dist: 8727.8515625		 Val SED dist: 7708.88330078125

Epoch 5/100000: Training Loss: 4665.060872395833		 Val Loss: 4046.7734375
             	Training MAE: 0.18569892644882202		 Val MAE: 0.1831563413143158
             	Algebraic dist: 1108.6378580729167		 Val Algebraic dist: 1052.183837890625
             	RE1 dist: 990847.1666666666		 Val RE1 dist: 962049.5
             	SED dist: 9329.876302083334		 Val SED dist: 8093.306640625

Epoch 6/100000: Training Loss: 3854.240234375		 Val Loss: 3564.466064453125
             	Training MAE: 0.1785617470741272		 Val MAE: 0.1747564971446991
             	Algebraic dist: 867.5369466145834		 Val Algebraic dist: 765.510009765625
             	RE1 dist: 649656.625		 Val RE1 dist: 546153.875
             	SED dist: 7708.247395833333		 Val SED dist: 7128.705078125

Epoch 7/100000: Training Loss: 3996.24609375		 Val Loss: 3575.54638671875
             	Training MAE: 0.17075976729393005		 Val MAE: 0.16691848635673523
             	Algebraic dist: 797.26806640625		 Val Algebraic dist: 650.1944580078125
             	RE1 dist: 550432.5416666666		 Val RE1 dist: 385496.9375
             	SED dist: 7992.26953125		 Val SED dist: 7150.87548828125

Epoch 8/100000: Training Loss: 3848.1393229166665		 Val Loss: 3306.8310546875
             	Training MAE: 0.1632729321718216		 Val MAE: 0.15991656482219696
             	Algebraic dist: 637.7639567057291		 Val Algebraic dist: 532.5317993164062
             	RE1 dist: 358859.625		 Val RE1 dist: 278634.1875
             	SED dist: 7696.065104166667		 Val SED dist: 6613.451171875

Epoch 9/100000: Training Loss: 4350.573893229167		 Val Loss: 3307.21435546875
             	Training MAE: 0.15688621997833252		 Val MAE: 0.1537412852048874
             	Algebraic dist: 606.4696451822916		 Val Algebraic dist: 460.4191589355469
             	RE1 dist: 300252.3958333333		 Val RE1 dist: 204094.546875
             	SED dist: 8700.939453125		 Val SED dist: 6614.2216796875

Epoch 10/100000: Training Loss: 3850.3440755208335		 Val Loss: 3421.038330078125
             	Training MAE: 0.15071719884872437		 Val MAE: 0.1475594937801361
             	Algebraic dist: 487.8449300130208		 Val Algebraic dist: 387.4345703125
             	RE1 dist: 203909.125		 Val RE1 dist: 137729.5
             	SED dist: 7700.483072916667		 Val SED dist: 6841.87255859375

Epoch 11/100000: Training Loss: 3974.5927734375		 Val Loss: 3466.167236328125
             	Training MAE: 0.14487968385219574		 Val MAE: 0.14165465533733368
             	Algebraic dist: 431.3860677083333		 Val Algebraic dist: 341.4998779296875
             	RE1 dist: 159415.16666666666		 Val RE1 dist: 115146.0078125
             	SED dist: 7948.981770833333		 Val SED dist: 6932.1328125

Epoch 12/100000: Training Loss: 3942.5348307291665		 Val Loss: 3644.681884765625
             	Training MAE: 0.13911542296409607		 Val MAE: 0.13644495606422424
             	Algebraic dist: 375.6364339192708		 Val Algebraic dist: 324.44598388671875
             	RE1 dist: 118287.5		 Val RE1 dist: 95501.921875
             	SED dist: 7884.868489583333		 Val SED dist: 7289.1630859375

Epoch 13/100000: Training Loss: 4052.0628255208335		 Val Loss: 3407.15771484375
             	Training MAE: 0.13455167412757874		 Val MAE: 0.13551121950149536
             	Algebraic dist: 335.7652180989583		 Val Algebraic dist: 266.5787658691406
             	RE1 dist: 94023.54166666667		 Val RE1 dist: 65442.390625
             	SED dist: 8103.924479166667		 Val SED dist: 6814.1142578125

Epoch 14/100000: Training Loss: 4162.809244791667		 Val Loss: 3495.60498046875
             	Training MAE: 0.1373865008354187		 Val MAE: 0.1412678360939026
             	Algebraic dist: 293.04994710286456		 Val Algebraic dist: 232.08181762695312
             	RE1 dist: 70456.546875		 Val RE1 dist: 50158.90625
             	SED dist: 8325.417317708334		 Val SED dist: 6991.0078125

Epoch 15/100000: Training Loss: 3837.1956380208335		 Val Loss: 3286.480712890625
             	Training MAE: 0.14311206340789795		 Val MAE: 0.14504317939281464
             	Algebraic dist: 243.71337890625		 Val Algebraic dist: 194.08938598632812
             	RE1 dist: 52250.807291666664		 Val RE1 dist: 36960.015625
             	SED dist: 7674.188151041667		 Val SED dist: 6572.7568359375

Epoch 16/100000: Training Loss: 3661.8050130208335		 Val Loss: 3385.34716796875
             	Training MAE: 0.1456388682126999		 Val MAE: 0.14751218259334564
             	Algebraic dist: 203.1953125		 Val Algebraic dist: 182.4412384033203
             	RE1 dist: 37949.213541666664		 Val RE1 dist: 31571.001953125
             	SED dist: 7323.404947916667		 Val SED dist: 6770.4873046875

Epoch 17/100000: Training Loss: 3534.2288411458335		 Val Loss: 3515.411865234375
             	Training MAE: 0.14954373240470886		 Val MAE: 0.15147115290164948
             	Algebraic dist: 173.31123860677084		 Val Algebraic dist: 160.26116943359375
             	RE1 dist: 27161.046875		 Val RE1 dist: 24818.16015625
             	SED dist: 7068.248697916667		 Val SED dist: 7030.6123046875

Epoch 18/100000: Training Loss: 3695.5556640625		 Val Loss: 3165.19482421875
             	Training MAE: 0.1529977172613144		 Val MAE: 0.15524446964263916
             	Algebraic dist: 157.91473388671875		 Val Algebraic dist: 117.48566436767578
             	RE1 dist: 22426.8359375		 Val RE1 dist: 14320.8974609375
             	SED dist: 7390.897786458333		 Val SED dist: 6330.171875

Epoch 19/100000: Training Loss: 3530.9251302083335		 Val Loss: 3298.97705078125
             	Training MAE: 0.1573561429977417		 Val MAE: 0.15951195359230042
             	Algebraic dist: 128.1628214518229		 Val Algebraic dist: 98.95164489746094
             	RE1 dist: 15188.3828125		 Val RE1 dist: 9955.078125
             	SED dist: 7061.62890625		 Val SED dist: 6597.7275390625

Epoch 20/100000: Training Loss: 3454.7327473958335		 Val Loss: 3077.314208984375
             	Training MAE: 0.160827174782753		 Val MAE: 0.1619127094745636
             	Algebraic dist: 104.38913981119792		 Val Algebraic dist: 77.7128677368164
             	RE1 dist: 10120.348958333334		 Val RE1 dist: 7929.005859375
             	SED dist: 6909.235677083333		 Val SED dist: 6154.3935546875

Epoch 21/100000: Training Loss: 3147.7311197916665		 Val Loss: 3023.126953125
             	Training MAE: 0.1639266312122345		 Val MAE: 0.16633403301239014
             	Algebraic dist: 78.52850850423177		 Val Algebraic dist: 50.24313735961914
             	RE1 dist: 6300.311197916667		 Val RE1 dist: 3180.154052734375
             	SED dist: 6295.21875		 Val SED dist: 6046.00244140625

Epoch 22/100000: Training Loss: 3021.0016276041665		 Val Loss: 2701.60302734375
             	Training MAE: 0.16688783466815948		 Val MAE: 0.16711664199829102
             	Algebraic dist: 56.41114298502604		 Val Algebraic dist: 44.23598098754883
             	RE1 dist: 3772.6731770833335		 Val RE1 dist: 2444.5673828125
             	SED dist: 6041.746744791667		 Val SED dist: 5402.9462890625

Epoch 23/100000: Training Loss: 2716.4148763020835		 Val Loss: 2093.257080078125
             	Training MAE: 0.16856145858764648		 Val MAE: 0.169687882065773
             	Algebraic dist: 42.5164540608724		 Val Algebraic dist: 29.932485580444336
             	RE1 dist: 2174.6578776041665		 Val RE1 dist: 1584.7733154296875
             	SED dist: 5432.5615234375		 Val SED dist: 4186.240234375

Epoch 24/100000: Training Loss: 2650.6731770833335		 Val Loss: 2432.200439453125
             	Training MAE: 0.1691388487815857		 Val MAE: 0.16856299340724945
             	Algebraic dist: 33.50121561686198		 Val Algebraic dist: 27.363601684570312
             	RE1 dist: 1511.0226236979167		 Val RE1 dist: 1090.27392578125
             	SED dist: 5301.074869791667		 Val SED dist: 4864.130859375

Epoch 25/100000: Training Loss: 2547.9939778645835		 Val Loss: 2277.802490234375
             	Training MAE: 0.16794176399707794		 Val MAE: 0.16768091917037964
             	Algebraic dist: 33.12543487548828		 Val Algebraic dist: 33.675533294677734
             	RE1 dist: 1422.1375325520833		 Val RE1 dist: 1643.643798828125
             	SED dist: 5095.718098958333		 Val SED dist: 4555.3330078125

Epoch 26/100000: Training Loss: 2806.8932291666665		 Val Loss: 2691.82568359375
             	Training MAE: 0.16803941130638123		 Val MAE: 0.16836589574813843
             	Algebraic dist: 34.976715087890625		 Val Algebraic dist: 40.99909591674805
             	RE1 dist: 1604.9352213541667		 Val RE1 dist: 2161.18310546875
             	SED dist: 5613.509114583333		 Val SED dist: 5383.369140625

Epoch 27/100000: Training Loss: 2955.8059895833335		 Val Loss: 2682.630126953125
             	Training MAE: 0.168040931224823		 Val MAE: 0.16606193780899048
             	Algebraic dist: 36.0065663655599		 Val Algebraic dist: 32.22599792480469
             	RE1 dist: 1557.45703125		 Val RE1 dist: 1332.0057373046875
             	SED dist: 5911.328776041667		 Val SED dist: 5364.9873046875

Epoch 28/100000: Training Loss: 2773.8014322916665		 Val Loss: 2602.346435546875
             	Training MAE: 0.16345389187335968		 Val MAE: 0.1605425775051117
             	Algebraic dist: 41.385485331217446		 Val Algebraic dist: 41.63490295410156
             	RE1 dist: 2113.5369466145835		 Val RE1 dist: 2453.109619140625
             	SED dist: 5547.33984375		 Val SED dist: 5204.44091796875

Epoch 29/100000: Training Loss: 2757.4072265625		 Val Loss: 2624.387451171875
             	Training MAE: 0.16066499054431915		 Val MAE: 0.16231660544872284
             	Algebraic dist: 45.59825642903646		 Val Algebraic dist: 38.5406379699707
             	RE1 dist: 2425.1966145833335		 Val RE1 dist: 2029.2257080078125
             	SED dist: 5514.559895833333		 Val SED dist: 5248.513671875

Epoch 30/100000: Training Loss: 2726.44189453125		 Val Loss: 2378.779296875
             	Training MAE: 0.1638304442167282		 Val MAE: 0.16479724645614624
             	Algebraic dist: 38.59203084309896		 Val Algebraic dist: 29.099821090698242
             	RE1 dist: 1807.4137369791667		 Val RE1 dist: 1339.6419677734375
             	SED dist: 5452.613932291667		 Val SED dist: 4757.283203125

Epoch 31/100000: Training Loss: 2456.7467447916665		 Val Loss: 2186.908447265625
             	Training MAE: 0.16369473934173584		 Val MAE: 0.1610763520002365
             	Algebraic dist: 35.07636515299479		 Val Algebraic dist: 28.745466232299805
             	RE1 dist: 1474.3616536458333		 Val RE1 dist: 1448.3807373046875
             	SED dist: 4913.222981770833		 Val SED dist: 4373.55859375

Epoch 32/100000: Training Loss: 2547.3518880208335		 Val Loss: 3176.06787109375
             	Training MAE: 0.16040675342082977		 Val MAE: 0.1596406102180481
             	Algebraic dist: 35.31385294596354		 Val Algebraic dist: 30.819307327270508
             	RE1 dist: 1552.7351888020833		 Val RE1 dist: 1405.4039306640625
             	SED dist: 5094.447265625		 Val SED dist: 6351.88232421875

Epoch 33/100000: Training Loss: 2784.2649739583335		 Val Loss: 2622.72314453125
             	Training MAE: 0.15956397354602814		 Val MAE: 0.15916980803012848
             	Algebraic dist: 34.58277384440104		 Val Algebraic dist: 33.8511962890625
             	RE1 dist: 1501.7233072916667		 Val RE1 dist: 1512.7802734375
             	SED dist: 5568.274088541667		 Val SED dist: 5245.18994140625

Epoch 34/100000: Training Loss: 2506.4140625		 Val Loss: 2354.120361328125
             	Training MAE: 0.15916016697883606		 Val MAE: 0.15982039272785187
             	Algebraic dist: 31.90123748779297		 Val Algebraic dist: 28.298995971679688
             	RE1 dist: 1278.0391438802083		 Val RE1 dist: 1419.84375
             	SED dist: 5012.569986979167		 Val SED dist: 4707.97705078125

Epoch 35/100000: Training Loss: 2392.91796875		 Val Loss: 2267.650634765625
             	Training MAE: 0.16093409061431885		 Val MAE: 0.16209453344345093
             	Algebraic dist: 28.00800069173177		 Val Algebraic dist: 25.573686599731445
             	RE1 dist: 1052.087890625		 Val RE1 dist: 987.3272705078125
             	SED dist: 4785.563151041667		 Val SED dist: 4535.017578125

Epoch 36/100000: Training Loss: 2521.2757161458335		 Val Loss: 2565.622314453125
             	Training MAE: 0.16266655921936035		 Val MAE: 0.1640235036611557
             	Algebraic dist: 26.959259033203125		 Val Algebraic dist: 17.72834014892578
             	RE1 dist: 953.3567708333334		 Val RE1 dist: 413.4127502441406
             	SED dist: 5042.257486979167		 Val SED dist: 5130.9375

Epoch 37/100000: Training Loss: 2934.2154947916665		 Val Loss: 1885.4453125
             	Training MAE: 0.16353075206279755		 Val MAE: 0.16168728470802307
             	Algebraic dist: 21.52257537841797		 Val Algebraic dist: 20.87601661682129
             	RE1 dist: 565.1324869791666		 Val RE1 dist: 628.9610595703125
             	SED dist: 5868.12109375		 Val SED dist: 3770.591064453125

Epoch 38/100000: Training Loss: 2372.0335286458335		 Val Loss: 1869.1622314453125
             	Training MAE: 0.16095587611198425		 Val MAE: 0.16031114757061005
             	Algebraic dist: 21.715560913085938		 Val Algebraic dist: 18.489112854003906
             	RE1 dist: 638.9995930989584		 Val RE1 dist: 561.1337280273438
             	SED dist: 4743.767578125		 Val SED dist: 3738.02587890625

Epoch 39/100000: Training Loss: 4812.509114583333		 Val Loss: 6564.2568359375
             	Training MAE: 0.16251803934574127		 Val MAE: 0.16696971654891968
             	Algebraic dist: 20.45544687906901		 Val Algebraic dist: 23.470434188842773
             	RE1 dist: 472.1988932291667		 Val RE1 dist: 626.3377075195312
             	SED dist: 9624.728515625		 Val SED dist: 13128.23828125

Epoch 40/100000: Training Loss: 5448.445963541667		 Val Loss: 5401.10400390625
             	Training MAE: 0.16876646876335144		 Val MAE: 0.17174245417118073
             	Algebraic dist: 17.418346405029297		 Val Algebraic dist: 19.383468627929688
             	RE1 dist: 241.0496826171875		 Val RE1 dist: 288.8642272949219
             	SED dist: 10896.619791666666		 Val SED dist: 10801.939453125

Epoch 41/100000: Training Loss: 4641.520833333333		 Val Loss: 4049.9306640625
             	Training MAE: 0.17245422303676605		 Val MAE: 0.17367304861545563
             	Algebraic dist: 18.496622721354168		 Val Algebraic dist: 18.02880096435547
             	RE1 dist: 233.82621256510416		 Val RE1 dist: 225.5189208984375
             	SED dist: 9282.774739583334		 Val SED dist: 8099.59619140625

Epoch 42/100000: Training Loss: 4871.478190104167		 Val Loss: 3861.447265625
             	Training MAE: 0.17359736561775208		 Val MAE: 0.17360752820968628
             	Algebraic dist: 20.5392328898112		 Val Algebraic dist: 18.28366470336914
             	RE1 dist: 283.29457600911456		 Val RE1 dist: 227.21957397460938
             	SED dist: 9742.693359375		 Val SED dist: 7722.6328125

Epoch 43/100000: Training Loss: 4781.025390625		 Val Loss: 4287.01611328125
             	Training MAE: 0.1731085479259491		 Val MAE: 0.17243355512619019
             	Algebraic dist: 22.781089782714844		 Val Algebraic dist: 19.860111236572266
             	RE1 dist: 331.98708089192706		 Val RE1 dist: 276.46905517578125
             	SED dist: 9561.791015625		 Val SED dist: 8573.775390625

Epoch 44/100000: Training Loss: 4204.283854166667		 Val Loss: 3674.42138671875
             	Training MAE: 0.17158664762973785		 Val MAE: 0.17048004269599915
             	Algebraic dist: 21.363413492838543		 Val Algebraic dist: 20.236804962158203
             	RE1 dist: 302.4988606770833		 Val RE1 dist: 278.947021484375
             	SED dist: 8408.313802083334		 Val SED dist: 7348.59326171875

Epoch 45/100000: Training Loss: 3794.166015625		 Val Loss: 3785.715576171875
             	Training MAE: 0.16954030096530914		 Val MAE: 0.16836638748645782
             	Algebraic dist: 21.656138102213543		 Val Algebraic dist: 21.906856536865234
             	RE1 dist: 308.3485107421875		 Val RE1 dist: 333.65667724609375
             	SED dist: 7588.0859375		 Val SED dist: 7571.18798828125

Epoch 46/100000: Training Loss: 3585.1207682291665		 Val Loss: 3433.724609375
             	Training MAE: 0.16743750870227814		 Val MAE: 0.16654856503009796
             	Algebraic dist: 21.636947631835938		 Val Algebraic dist: 21.626220703125
             	RE1 dist: 304.14837646484375		 Val RE1 dist: 325.7232666015625
             	SED dist: 7170.000651041667		 Val SED dist: 6867.2119140625

Epoch 47/100000: Training Loss: 3296.8186848958335		 Val Loss: 3248.641357421875
             	Training MAE: 0.165974423289299		 Val MAE: 0.16556234657764435
             	Algebraic dist: 21.75982920328776		 Val Algebraic dist: 22.57296371459961
             	RE1 dist: 304.8331298828125		 Val RE1 dist: 347.421142578125
             	SED dist: 6593.401692708333		 Val SED dist: 6497.048828125

Epoch 48/100000: Training Loss: 2997.0598958333335		 Val Loss: 2789.892578125
             	Training MAE: 0.16563931107521057		 Val MAE: 0.16593880951404572
             	Algebraic dist: 20.90744908650716		 Val Algebraic dist: 21.707069396972656
             	RE1 dist: 283.7438557942708		 Val RE1 dist: 317.65771484375
             	SED dist: 5993.885416666667		 Val SED dist: 5579.5517578125

