/opt/miniconda3/envs/alon_env/lib/python3.9/site-packages/transformers/utils/generic.py:260: UserWarning: torch.utils._pytree._register_pytree_node is deprecated. Please use torch.utils._pytree.register_pytree_node instead.
  torch.utils._pytree._register_pytree_node(
##### CONTINUE TRAINING #####


Epoch 2001/2500: Training Loss: 0.09558330757030542		 Val Loss: 0.708395799001058
             Training MAE: 0.038793690502643585		 Val MAE: 0.04853397235274315
             Algebraic dist: 0.7318635470625283		 Val Algebraic dist: 2.3594020207722983
             RE1 dist: 0.5929048510565273		 Val RE1 dist: 5.588879267374675
             SED dist: 0.8941015160602072		 Val SED dist: 6.99905268351237


Epoch 2002/2500: Training Loss: 0.11305354989093283		 Val Loss: 0.6555951038996378
             Training MAE: 0.036141566932201385		 Val MAE: 0.03472724184393883
             Algebraic dist: 0.8427921792735225		 Val Algebraic dist: 2.226060231526693
             RE1 dist: 0.7824626867321954		 Val RE1 dist: 5.590944290161133
             SED dist: 1.0746785039487092		 Val SED dist: 6.501009623209636


Epoch 2003/2500: Training Loss: 0.09276895937712296		 Val Loss: 0.46894538402557373
             Training MAE: 0.03599966689944267		 Val MAE: 0.03634500503540039
             Algebraic dist: 0.7299491771753284		 Val Algebraic dist: 1.7515762646993
             RE1 dist: 0.5891124338343523		 Val RE1 dist: 3.6608365376790366
             SED dist: 0.8711253732874773		 Val SED dist: 4.631638526916504


Epoch 2004/2500: Training Loss: 0.10659472838692043		 Val Loss: 0.47215620676676434
             Training MAE: 0.03609228879213333		 Val MAE: 0.034432679414749146
             Algebraic dist: 0.7841483406398607		 Val Algebraic dist: 1.759679953257243
             RE1 dist: 0.6765686809152797		 Val RE1 dist: 3.9390363693237305
             SED dist: 1.0085670360620471		 Val SED dist: 4.664594650268555


Epoch 2005/2500: Training Loss: 0.11460339504739513		 Val Loss: 0.3852108319600423
             Training MAE: 0.03723141923546791		 Val MAE: 0.037110693752765656
             Algebraic dist: 0.836791273476421		 Val Algebraic dist: 1.8336904843648274
             RE1 dist: 0.7636396988578464		 Val RE1 dist: 2.853269894917806
             SED dist: 1.0880697499150815		 Val SED dist: 3.7958482106526694


Epoch 2006/2500: Training Loss: 0.1162532861681952		 Val Loss: 0.4693116744359334
             Training MAE: 0.03640829771757126		 Val MAE: 0.038983043283224106
             Algebraic dist: 0.8529818438101506		 Val Algebraic dist: 1.7827272415161133
             RE1 dist: 0.800546950188236		 Val RE1 dist: 4.1506147384643555
             SED dist: 1.1061979653178782		 Val SED dist: 4.633578300476074


Epoch 2007/2500: Training Loss: 0.09908208294191222		 Val Loss: 0.3116266330083211
             Training MAE: 0.036618512123823166		 Val MAE: 0.03477019816637039
             Algebraic dist: 0.762685471686764		 Val Algebraic dist: 1.4778594970703125
             RE1 dist: 0.6484939464624377		 Val RE1 dist: 2.2558670043945312
             SED dist: 0.9332411392875339		 Val SED dist: 3.060646375020345


Epoch 2008/2500: Training Loss: 0.09314005616782368		 Val Loss: 0.4371296167373657
             Training MAE: 0.036156851798295975		 Val MAE: 0.03774266317486763
             Algebraic dist: 0.7110177192135133		 Val Algebraic dist: 1.6351523399353027
             RE1 dist: 0.5741734159165535		 Val RE1 dist: 3.103121757507324
             SED dist: 0.8737397677656533		 Val SED dist: 4.311119079589844


Epoch 2009/2500: Training Loss: 0.14946858779243802		 Val Loss: 0.3475348949432373
             Training MAE: 0.03765295818448067		 Val MAE: 0.0332467257976532
             Algebraic dist: 0.979660255321558		 Val Algebraic dist: 1.5414802233378093
             RE1 dist: 1.0671423207158628		 Val RE1 dist: 3.0784355799357095
             SED dist: 1.4364588640738225		 Val SED dist: 3.4230734507242837


Epoch 2010/2500: Training Loss: 0.08497535318568133		 Val Loss: 0.29823797941207886
             Training MAE: 0.035000331699848175		 Val MAE: 0.033796120434999466
             Algebraic dist: 0.6942070117895154		 Val Algebraic dist: 1.3695920308430989
             RE1 dist: 0.5624247011931046		 Val RE1 dist: 2.0921498934427896
             SED dist: 0.7952983137490093		 Val SED dist: 2.927323659261068


Epoch 2011/2500: Training Loss: 0.11075098618217137		 Val Loss: 0.35106003284454346
             Training MAE: 0.03743160888552666		 Val MAE: 0.035646021366119385
             Algebraic dist: 0.8121202441229336		 Val Algebraic dist: 1.700826644897461
             RE1 dist: 0.7271749524102695		 Val RE1 dist: 2.6431728998819985
             SED dist: 1.0486749842546987		 Val SED dist: 3.4561951955159507


Epoch 2012/2500: Training Loss: 0.09725275592527528		 Val Loss: 0.37400197982788086
             Training MAE: 0.03604775294661522		 Val MAE: 0.0378793440759182
             Algebraic dist: 0.7493009705474412		 Val Algebraic dist: 1.471893310546875
             RE1 dist: 0.6320294366366621		 Val RE1 dist: 2.787631352742513
             SED dist: 0.9160414433133774		 Val SED dist: 3.6808573404947915


Epoch 2013/2500: Training Loss: 0.09852258018825365		 Val Loss: 0.34657716751098633
             Training MAE: 0.03655694052577019		 Val MAE: 0.033443912863731384
             Algebraic dist: 0.7389804453089617		 Val Algebraic dist: 1.662153720855713
             RE1 dist: 0.6053629336149796		 Val RE1 dist: 2.4649790128072104
             SED dist: 0.9270548613175101		 Val SED dist: 3.411346753438314


Epoch 2014/2500: Training Loss: 0.10833386407382246		 Val Loss: 0.3390156428019206
             Training MAE: 0.036146607249975204		 Val MAE: 0.038807082921266556
             Algebraic dist: 0.8024188055508379		 Val Algebraic dist: 1.4493225415547688
             RE1 dist: 0.7275751086248867		 Val RE1 dist: 2.716101964314779
             SED dist: 1.0270753943401834		 Val SED dist: 3.330127398173014


Epoch 2015/2500: Training Loss: 0.1034852801889613		 Val Loss: 0.3200623591740926
             Training MAE: 0.03629451245069504		 Val MAE: 0.03628166764974594
             Algebraic dist: 0.7689558388530344		 Val Algebraic dist: 1.4239999453226726
             RE1 dist: 0.6607181162073992		 Val RE1 dist: 2.476776123046875
             SED dist: 0.9773382656816123		 Val SED dist: 3.14560604095459


Epoch 2016/2500: Training Loss: 0.10276413654935533		 Val Loss: 0.3342173894246419
             Training MAE: 0.036679670214653015		 Val MAE: 0.03392111510038376
             Algebraic dist: 0.7688130364901777		 Val Algebraic dist: 1.4074414571126301
             RE1 dist: 0.6571093020231827		 Val RE1 dist: 2.6121726036071777
             SED dist: 0.9700672315514606		 Val SED dist: 3.2865883509318032


Epoch 2017/2500: Training Loss: 0.0946415334508039		 Val Loss: 0.34632845719655353
             Training MAE: 0.03602088242769241		 Val MAE: 0.036073606461286545
             Algebraic dist: 0.710098045459692		 Val Algebraic dist: 1.6754379272460938
             RE1 dist: 0.5760655610457711		 Val RE1 dist: 2.465520222981771
             SED dist: 0.8885288514952728		 Val SED dist: 3.4059263865152993


Epoch 2018/2500: Training Loss: 0.13086519379546677		 Val Loss: 0.48262834548950195
             Training MAE: 0.036849237978458405		 Val MAE: 0.033960118889808655
             Algebraic dist: 0.9183345739392267		 Val Algebraic dist: 1.85143248240153
             RE1 dist: 0.9021043639252151		 Val RE1 dist: 4.2247053782145185
             SED dist: 1.2511753690415535		 Val SED dist: 4.77442741394043


Epoch 2019/2500: Training Loss: 0.09756043337393498		 Val Loss: 0.3344184954961141
             Training MAE: 0.036127012223005295		 Val MAE: 0.0336439348757267
             Algebraic dist: 0.7677519977956578		 Val Algebraic dist: 1.4589341481526692
             RE1 dist: 0.6741770868716033		 Val RE1 dist: 2.7099777857462564
             SED dist: 0.919846520907637		 Val SED dist: 3.2895565032958984


Epoch 2020/2500: Training Loss: 0.10244154584580574		 Val Loss: 0.3224438230196635
             Training MAE: 0.03605177253484726		 Val MAE: 0.035652391612529755
             Algebraic dist: 0.759049401767012		 Val Algebraic dist: 1.447885513305664
             RE1 dist: 0.6528374492258265		 Val RE1 dist: 2.4709110260009766
             SED dist: 0.9674173990885416		 Val SED dist: 3.1686315536499023


Epoch 2021/2500: Training Loss: 0.11188362646793974		 Val Loss: 0.3414529164632161
             Training MAE: 0.03821665048599243		 Val MAE: 0.03388999029994011
             Algebraic dist: 0.8296970422717108		 Val Algebraic dist: 1.4725100199381511
             RE1 dist: 0.7673312753870867		 Val RE1 dist: 2.673124631245931
             SED dist: 1.0594076626542686		 Val SED dist: 3.360801378885905


Epoch 2022/2500: Training Loss: 0.08850590387980144		 Val Loss: 0.31546300649642944
             Training MAE: 0.035704948008060455		 Val MAE: 0.03894563764333725
             Algebraic dist: 0.7000746243241904		 Val Algebraic dist: 1.3492616017659504
             RE1 dist: 0.544843480206918		 Val RE1 dist: 2.3975292841593423
             SED dist: 0.8278429888296819		 Val SED dist: 3.094079335530599


Epoch 2023/2500: Training Loss: 0.09065096620200337		 Val Loss: 0.4079585075378418
             Training MAE: 0.03755822405219078		 Val MAE: 0.038683485239744186
             Algebraic dist: 0.7050657410552537		 Val Algebraic dist: 1.5557368596394856
             RE1 dist: 0.552768375562585		 Val RE1 dist: 3.1762078603108725
             SED dist: 0.8471022343290024		 Val SED dist: 4.019239743550618


Epoch 2024/2500: Training Loss: 0.11087730656499448		 Val Loss: 0.2892494996388753
             Training MAE: 0.03777503967285156		 Val MAE: 0.03557557240128517
             Algebraic dist: 0.8095035829405853		 Val Algebraic dist: 1.484443187713623
             RE1 dist: 0.7070827760558197		 Val RE1 dist: 2.2381269137064614
             SED dist: 1.0489869048629983		 Val SED dist: 2.838423728942871


Epoch 2025/2500: Training Loss: 0.08326769566190416		 Val Loss: 0.27845333019892377
             Training MAE: 0.03619467467069626		 Val MAE: 0.03512587025761604
             Algebraic dist: 0.6774749203004699		 Val Algebraic dist: 1.2649957338968914
             RE1 dist: 0.5406653915626415		 Val RE1 dist: 1.8914939562479656
             SED dist: 0.7761781112007473		 Val SED dist: 2.7273276646931968


Epoch 2026/2500: Training Loss: 0.12424431676449983		 Val Loss: 0.6860309441884359
             Training MAE: 0.037746042013168335		 Val MAE: 0.03533727675676346
             Algebraic dist: 0.8462662074876868		 Val Algebraic dist: 2.4314378102620444
             RE1 dist: 0.8091956981714221		 Val RE1 dist: 6.598232269287109
             SED dist: 1.1815632253453352		 Val SED dist: 6.805881500244141


Epoch 2027/2500: Training Loss: 0.10039104240528052		 Val Loss: 0.28817659616470337
             Training MAE: 0.034978125244379044		 Val MAE: 0.03563522920012474
             Algebraic dist: 0.7881759422412817		 Val Algebraic dist: 1.4334702491760254
             RE1 dist: 0.7318962207738904		 Val RE1 dist: 2.211402734120687
             SED dist: 0.9500099956125453		 Val SED dist: 2.826080640157064


Epoch 2028/2500: Training Loss: 0.10511444617008818		 Val Loss: 0.4836347500483195
             Training MAE: 0.03684217855334282		 Val MAE: 0.03418164700269699
             Algebraic dist: 0.7972608372785043		 Val Algebraic dist: 2.1306567192077637
             RE1 dist: 0.6979190992272418		 Val RE1 dist: 3.8215649922688804
             SED dist: 0.9933442931244338		 Val SED dist: 4.781487464904785


Epoch 2029/2500: Training Loss: 0.08723968008290166		 Val Loss: 0.4339350461959839
             Training MAE: 0.03611261397600174		 Val MAE: 0.036175649613142014
             Algebraic dist: 0.6988213580587636		 Val Algebraic dist: 1.5755502382914226
             RE1 dist: 0.5628087693366451		 Val RE1 dist: 3.1534592310587564
             SED dist: 0.8156564132027004		 Val SED dist: 4.2816769282023115


Epoch 2030/2500: Training Loss: 0.08637498772662619		 Val Loss: 0.3773500124613444
             Training MAE: 0.03648922219872475		 Val MAE: 0.03433873876929283
             Algebraic dist: 0.6729120448015738		 Val Algebraic dist: 1.4600923856099446
             RE1 dist: 0.49392550924549933		 Val RE1 dist: 2.7505105336507163
             SED dist: 0.8050156745357789		 Val SED dist: 3.7165425618489585


Epoch 2031/2500: Training Loss: 0.087674037269924		 Val Loss: 0.31055378913879395
             Training MAE: 0.03672567382454872		 Val MAE: 0.03852256387472153
             Algebraic dist: 0.6729946412901947		 Val Algebraic dist: 1.3117711544036865
             RE1 dist: 0.4986096257748811		 Val RE1 dist: 2.17655356725057
             SED dist: 0.8174243871716486		 Val SED dist: 3.0442527135213218


Epoch 2032/2500: Training Loss: 0.12560333030811255		 Val Loss: 0.3223490317662557
             Training MAE: 0.03603551909327507		 Val MAE: 0.03291107341647148
             Algebraic dist: 0.8637242524520211		 Val Algebraic dist: 1.5600798924763997
             RE1 dist: 0.8166286081507586		 Val RE1 dist: 2.6869494120279946
             SED dist: 1.1982972518257473		 Val SED dist: 3.1709718704223633


Epoch 2033/2500: Training Loss: 0.08393672583759695		 Val Loss: 0.3005415201187134
             Training MAE: 0.0353369414806366		 Val MAE: 0.0359746515750885
             Algebraic dist: 0.7006513623223789		 Val Algebraic dist: 1.4776485761006672
             RE1 dist: 0.5750828065733978		 Val RE1 dist: 2.243681271870931
             SED dist: 0.7845251663871433		 Val SED dist: 2.9494880040486655


Epoch 2034/2500: Training Loss: 0.0918788080630095		 Val Loss: 0.27391640345255536
             Training MAE: 0.03605181723833084		 Val MAE: 0.0391421802341938
             Algebraic dist: 0.716396663499915		 Val Algebraic dist: 1.343954086303711
             RE1 dist: 0.5795952617258265		 Val RE1 dist: 1.9994750022888184
             SED dist: 0.8611701744190161		 Val SED dist: 2.6785192489624023


Epoch 2035/2500: Training Loss: 0.12295978656713513		 Val Loss: 0.3568102518717448
             Training MAE: 0.036236610263586044		 Val MAE: 0.03282955288887024
             Algebraic dist: 0.8563825634942539		 Val Algebraic dist: 1.6148206392923992
             RE1 dist: 0.8072927170905514		 Val RE1 dist: 2.956335703531901
             SED dist: 1.1721389328224072		 Val SED dist: 3.5174903869628906


Epoch 2036/2500: Training Loss: 0.11939242266226506		 Val Loss: 0.3038681348164876
             Training MAE: 0.03517141565680504		 Val MAE: 0.034266941249370575
             Algebraic dist: 0.8969661878502887		 Val Algebraic dist: 1.5216978391011555
             RE1 dist: 0.8708630437436311		 Val RE1 dist: 2.3380513191223145
             SED dist: 1.1401110662930254		 Val SED dist: 2.9855658213297525


Epoch 2037/2500: Training Loss: 0.09045334829800371		 Val Loss: 0.31755868593851727
             Training MAE: 0.036709584295749664		 Val MAE: 0.0339067243039608
             Algebraic dist: 0.7230901856353318		 Val Algebraic dist: 1.4309037526448567
             RE1 dist: 0.6003158679906873		 Val RE1 dist: 2.3132170041402182
             SED dist: 0.847885352977808		 Val SED dist: 3.1208022435506186


Epoch 2038/2500: Training Loss: 0.08378010210783585		 Val Loss: 0.2665480573972066
             Training MAE: 0.03630799427628517		 Val MAE: 0.0341511145234108
             Algebraic dist: 0.6690250894297725		 Val Algebraic dist: 1.2489906946818035
             RE1 dist: 0.5144725191420403		 Val RE1 dist: 1.7938885688781738
             SED dist: 0.7799810879472373		 Val SED dist: 2.6083528200785318


Epoch 2039/2500: Training Loss: 0.09227764433708743		 Val Loss: 0.596731940905253
             Training MAE: 0.03722960501909256		 Val MAE: 0.036594949662685394
             Algebraic dist: 0.6879956342171931		 Val Algebraic dist: 2.0406386057535806
             RE1 dist: 0.5342389535212863		 Val RE1 dist: 4.91410477956136
             SED dist: 0.8620059801184613		 Val SED dist: 5.908968607584636


Epoch 2040/2500: Training Loss: 0.11789259703262993		 Val Loss: 0.2945626179377238
             Training MAE: 0.037627290934324265		 Val MAE: 0.03586794435977936
             Algebraic dist: 0.8507533418959465		 Val Algebraic dist: 1.414887269337972
             RE1 dist: 0.7962644825810972		 Val RE1 dist: 2.2650952339172363
             SED dist: 1.1202410269474639		 Val SED dist: 2.8906037012736


Epoch 2041/2500: Training Loss: 0.09936534494593524		 Val Loss: 0.3163393537203471
             Training MAE: 0.03706939518451691		 Val MAE: 0.03350110352039337
             Algebraic dist: 0.7564374951348789		 Val Algebraic dist: 1.4027972221374512
             RE1 dist: 0.6435139421103657		 Val RE1 dist: 2.520378271738688
             SED dist: 0.9357250047766644		 Val SED dist: 3.108957608540853


Epoch 2042/2500: Training Loss: 0.11585174090620401		 Val Loss: 0.34142597516377765
             Training MAE: 0.03667876496911049		 Val MAE: 0.033893465995788574
             Algebraic dist: 0.8272130662116451		 Val Algebraic dist: 1.6619079907735188
             RE1 dist: 0.7736972864123358		 Val RE1 dist: 2.604913075764974
             SED dist: 1.1011970630590466		 Val SED dist: 3.361962000528971


Epoch 2043/2500: Training Loss: 0.10655113579570383		 Val Loss: 0.31024742126464844
             Training MAE: 0.03727090731263161		 Val MAE: 0.03473426029086113
             Algebraic dist: 0.8183207857436028		 Val Algebraic dist: 1.4264497756958008
             RE1 dist: 0.7453248397163723		 Val RE1 dist: 2.3468144734700522
             SED dist: 1.0078941013502039		 Val SED dist: 3.0477819442749023


Epoch 2044/2500: Training Loss: 0.08413749501325082		 Val Loss: 1.0263151327768962
             Training MAE: 0.036296188831329346		 Val MAE: 0.040630485862493515
             Algebraic dist: 0.6708791428718014		 Val Algebraic dist: 3.230597813924154
             RE1 dist: 0.5091346519580786		 Val RE1 dist: 7.8619842529296875
             SED dist: 0.7836558576943218		 Val SED dist: 10.199945449829102


Epoch 2045/2500: Training Loss: 0.16152325229368347		 Val Loss: 0.35028258959452313
             Training MAE: 0.039508458226919174		 Val MAE: 0.0331001952290535
             Algebraic dist: 1.011720629705899		 Val Algebraic dist: 1.530013084411621
             RE1 dist: 1.189586473547894		 Val RE1 dist: 3.047968546549479
             SED dist: 1.5537265280018682		 Val SED dist: 3.4510253270467124


Epoch 2046/2500: Training Loss: 0.08359715558480525		 Val Loss: 0.29767980178197223
             Training MAE: 0.03482191264629364		 Val MAE: 0.033817108720541
             Algebraic dist: 0.6920843262603318		 Val Algebraic dist: 1.4253768920898438
             RE1 dist: 0.5705092056937839		 Val RE1 dist: 2.2098976771036782
             SED dist: 0.7819033636563066		 Val SED dist: 2.922215461730957


Epoch 2047/2500: Training Loss: 0.1160679969234743		 Val Loss: 0.3812021811803182
             Training MAE: 0.03563445806503296		 Val MAE: 0.0334385447204113
             Algebraic dist: 0.8548921225727468		 Val Algebraic dist: 1.5826733907063801
             RE1 dist: 0.7998380799224412		 Val RE1 dist: 3.3095760345458984
             SED dist: 1.105211009149966		 Val SED dist: 3.7593151728312173


Epoch 2048/2500: Training Loss: 0.08957307235054347		 Val Loss: 0.4890998601913452
             Training MAE: 0.03499733284115791		 Val MAE: 0.03405940160155296
             Algebraic dist: 0.7199961344401041		 Val Algebraic dist: 1.8302704493204753
             RE1 dist: 0.600930587105129		 Val RE1 dist: 4.069759368896484
             SED dist: 0.8408843330715013		 Val SED dist: 4.834933916727702


Epoch 2049/2500: Training Loss: 0.08887687627820001		 Val Loss: 0.3131445050239563
             Training MAE: 0.03558617830276489		 Val MAE: 0.034300655126571655
             Algebraic dist: 0.6992502074310745		 Val Algebraic dist: 1.3428656260172527
             RE1 dist: 0.5578887497169384		 Val RE1 dist: 2.269679387410482
             SED dist: 0.8324233898218127		 Val SED dist: 3.0757996241251626


Epoch 2050/2500: Training Loss: 0.09332138559092647		 Val Loss: 0.27859429518381756
             Training MAE: 0.03708353638648987		 Val MAE: 0.03415490686893463
             Algebraic dist: 0.7130332615064539		 Val Algebraic dist: 1.2859919865926106
             RE1 dist: 0.5885271265886832		 Val RE1 dist: 2.022876580556234
             SED dist: 0.8749056829922441		 Val SED dist: 2.7292044957478843


Epoch 2051/2500: Training Loss: 0.10902969387994296		 Val Loss: 0.2942389249801636
             Training MAE: 0.03714131936430931		 Val MAE: 0.03462683781981468
             Algebraic dist: 0.781587573065274		 Val Algebraic dist: 1.4079872767130535
             RE1 dist: 0.66871996893399		 Val RE1 dist: 2.0874005953470864
             SED dist: 1.0304742343183877		 Val SED dist: 2.8896201451619468


Epoch 2052/2500: Training Loss: 0.08103051392928413		 Val Loss: 0.3580276568730672
             Training MAE: 0.03684154152870178		 Val MAE: 0.03809887543320656
             Algebraic dist: 0.6594041464985281		 Val Algebraic dist: 1.6429228782653809
             RE1 dist: 0.4983040077098902		 Val RE1 dist: 2.330900033315023
             SED dist: 0.7522937387659929		 Val SED dist: 3.5206514994303384


Epoch 2053/2500: Training Loss: 0.10379222510517508		 Val Loss: 0.27731508016586304
             Training MAE: 0.03708965703845024		 Val MAE: 0.036773134022951126
             Algebraic dist: 0.7564895740453748		 Val Algebraic dist: 1.398584206899007
             RE1 dist: 0.6263406725897305		 Val RE1 dist: 1.9532063802083333
             SED dist: 0.9789562501769135		 Val SED dist: 2.7154518763224282


Epoch 2054/2500: Training Loss: 0.13326973845993262		 Val Loss: 0.34971165657043457
             Training MAE: 0.03749626502394676		 Val MAE: 0.038009874522686005
             Algebraic dist: 0.8308970686318218		 Val Algebraic dist: 1.7246623039245605
             RE1 dist: 0.8497416178385416		 Val RE1 dist: 3.006592114766439
             SED dist: 1.272357221962749		 Val SED dist: 3.4404738744099936


Epoch 2055/2500: Training Loss: 0.10185658413430919		 Val Loss: 0.4349286953608195
             Training MAE: 0.03677569329738617		 Val MAE: 0.0371304489672184
             Algebraic dist: 0.7973144641820935		 Val Algebraic dist: 1.6500833829243977
             RE1 dist: 0.7320399629896965		 Val RE1 dist: 3.5148560206095376
             SED dist: 0.9627619204313859		 Val SED dist: 4.29152234395345


Epoch 2056/2500: Training Loss: 0.09499856700067935		 Val Loss: 0.617123524347941
             Training MAE: 0.03499126061797142		 Val MAE: 0.03812034800648689
             Algebraic dist: 0.7406236952629642		 Val Algebraic dist: 2.168615976969401
             RE1 dist: 0.6426855446635813		 Val RE1 dist: 5.0755510330200195
             SED dist: 0.8948841371398041		 Val SED dist: 6.111640930175781


Epoch 2057/2500: Training Loss: 0.1475390558657439		 Val Loss: 0.5536789099375407
             Training MAE: 0.03694883733987808		 Val MAE: 0.03693541884422302
             Algebraic dist: 1.0043392457823823		 Val Algebraic dist: 1.9671403566996257
             RE1 dist: 1.0731648984162703		 Val RE1 dist: 4.925844510396321
             SED dist: 1.4180061229761096		 Val SED dist: 5.482064565022786


Epoch 2058/2500: Training Loss: 0.08503389358520508		 Val Loss: 0.3094650109608968
             Training MAE: 0.03567446768283844		 Val MAE: 0.03539905324578285
             Algebraic dist: 0.7004542696303215		 Val Algebraic dist: 1.340731938680013
             RE1 dist: 0.5865426547285439		 Val RE1 dist: 2.2383920351664224
             SED dist: 0.7954316622969033		 Val SED dist: 3.03787899017334


Epoch 2059/2500: Training Loss: 0.11595466171485791		 Val Loss: 0.5699129501978556
             Training MAE: 0.03579121083021164		 Val MAE: 0.037314072251319885
             Algebraic dist: 0.8259891012440557		 Val Algebraic dist: 2.0915605227152505
             RE1 dist: 0.749489880990291		 Val RE1 dist: 5.391557693481445
             SED dist: 1.1024237370145493		 Val SED dist: 5.641668955485026


Epoch 2060/2500: Training Loss: 0.0791473526885544		 Val Loss: 0.292016605536143
             Training MAE: 0.036263711750507355		 Val MAE: 0.03785896673798561
             Algebraic dist: 0.6471095983532892		 Val Algebraic dist: 1.3103741804758708
             RE1 dist: 0.5140382517939028		 Val RE1 dist: 1.9858779907226562
             SED dist: 0.7341582809669384		 Val SED dist: 2.860716183980306


