nohup: ignoring input
/home/alonkay/conda/alon/lib/python3.9/site-packages/transformers/utils/generic.py:260: FutureWarning: `torch.utils._pytree._register_pytree_node` is deprecated. Please use `torch.utils._pytree.register_pytree_node` instead.
  torch.utils._pytree._register_pytree_node(
/home/alonkay/conda/alon/lib/python3.9/site-packages/huggingface_hub/file_download.py:1150: FutureWarning: `resume_download` is deprecated and will be removed in version 1.0.0. Downloads always resume when possible. If you want to force a new download, use `force_download=True`.
  warnings.warn(
/home/alonkay/Thesis/FMatrixRegressor.py:348: FutureWarning: You are using `torch.load` with `weights_only=False` (the current default value), which uses the default pickle module implicitly. It is possible to construct malicious pickle data which will execute arbitrary code during unpickling (See https://github.com/pytorch/pytorch/blob/main/SECURITY.md#untrusted-models for more details). In a future release, the default value for `weights_only` will be flipped to `True`. This limits the functions that could be executed during unpickling. Arbitrary objects will no longer be allowed to be loaded via this mode unless they are explicitly allowlisted by the user via `torch.serialization.add_safe_globals`. We recommend you start setting `weights_only=True` for any use case where you don't have full control of the loaded file. Please open an issue on GitHub for any issues related to this experimental feature.
  checkpoint = torch.load(model_path, map_location='cpu')
45055
Epoch trimmed seds: 2.351405620574951
Epoch trimmed seds: 2.241156578063965
Epoch trimmed seds: 2.290187358856201
Epoch trimmed seds: 2.3122715950012207
Epoch trimmed seds: 2.3268380165100098
Epoch trimmed seds: 2.253109931945801
Epoch trimmed seds: 2.3088390827178955
Epoch trimmed seds: 2.2143666744232178
Epoch trimmed seds: 2.232553482055664
Epoch trimmed seds: 2.2475953102111816


## TEST RESULTS: ##
Test Loss: 1.3207054237266642		 Test MAE: 0.09292585775256157
Test Algebraic dist: 0.7885643203537184
Test SED dist: 2.5778050212116983
Test RE1 dist: 0.7327123220864828

Test Algebraic dist truth: 0.004651019712547203
Test SED dist truth: 0.00017119156704707578
Test RE1 dist truth: 2.140048649403956e-05

Mean Trimmed seds: 2.277832365036011

None

