nohup: ignoring input
/home/alonkay/conda/alon/lib/python3.9/site-packages/transformers/utils/generic.py:260: FutureWarning: `torch.utils._pytree._register_pytree_node` is deprecated. Please use `torch.utils._pytree.register_pytree_node` instead.
  torch.utils._pytree._register_pytree_node(
/home/alonkay/conda/alon/lib/python3.9/site-packages/huggingface_hub/file_download.py:1150: FutureWarning: `resume_download` is deprecated and will be removed in version 1.0.0. Downloads always resume when possible. If you want to force a new download, use `force_download=True`.
  warnings.warn(
/home/alonkay/Thesis/FMatrixRegressor.py:343: FutureWarning: You are using `torch.load` with `weights_only=False` (the current default value), which uses the default pickle module implicitly. It is possible to construct malicious pickle data which will execute arbitrary code during unpickling (See https://github.com/pytorch/pytorch/blob/main/SECURITY.md#untrusted-models for more details). In a future release, the default value for `weights_only` will be flipped to `True`. This limits the functions that could be executed during unpickling. Arbitrary objects will no longer be allowed to be loaded via this mode unless they are explicitly allowlisted by the user via `torch.serialization.add_safe_globals`. We recommend you start setting `weights_only=True` for any use case where you don't have full control of the loaded file. Please open an issue on GitHub for any issues related to this experimental feature.
  checkpoint = torch.load(model_path, map_location='cpu')
no model for plots/Stereo/Winners/SED_0.5__L2_1__huber_1__lr_0.0001__conv__Resnet__use_reconstruction_True/BS_8__ratio_0.004__head__frozen_0/model.pth
no model for plots/Stereo/Winners/SED_0.5__L2_1__huber_1__lr_0.0001__conv__Resnet__use_reconstruction_True/BS_8__ratio_0.004__mid__frozen_0/model.pth
no model for plots/Stereo/Winners/SED_0.5__L2_1__huber_1__lr_0.0001__conv__Resnet__use_reconstruction_True/BS_8__ratio_0.004__tail__frozen_0/model.pth
no model for plots/Stereo/Winners/SED_0.5__L2_1__huber_1__lr_0.0001__conv__Resnet__use_reconstruction_True/BS_8__ratio_0.008__head__frozen_0/model.pth
no model for plots/Stereo/Winners/SED_0.5__L2_1__huber_1__lr_0.0001__conv__Resnet__use_reconstruction_True/BS_8__ratio_0.008__mid__frozen_0/model.pth
no model for plots/Stereo/Winners/SED_0.5__L2_1__huber_1__lr_0.0001__conv__Resnet__use_reconstruction_True/BS_8__ratio_0.008__tail__frozen_0/model.pth

###########################################################################################################################################################

 learning rate: 0.0001, mlp_hidden_sizes: [1024, 512], jump_frames: 6, use_reconstruction_layer: True
batch_size: 8, norm: True, train_seqeunces: [0, 2, 3, 5], val_sequences: [6, 7, 8], RL_TEST_NAMES: ['fe2fadf89a84e92a', 'f01e8b6f8e10fdd9', 'f1ee9dc6135e5307', 'a41df4fa06fd391b', 'bc0ebb7482f14795', '9bdd34e784c04e3a', '98ebee1c36ecec55'], dataset: Stereo,
average embeddings: False, model: microsoft/resnet-152, augmentation: True, random crop: True, part: head, get_old_path: False, computer: 1,
RE1 coeff: 0 SED coeff: 0.5, ALG_COEFF: 0, L2_coeff: 1, huber_coeff: 1, frozen layers: 0, trained vit: None,
crop: 224 resize: 256, use conv: True pretrained: None, train_size: 0.1, norm_mean: tensor([0.5000, 0.5000, 0.5000], device='cuda:0'), norm_std: tensor([0.5000, 0.5000, 0.5000], device='cuda:0'), sched: None seed: 42

train size: 1082, val size: 367, test size: 1064

##### CONTINUE TRAINING #####

Epoch 4761/7000: Training Loss: 0.3213644588694853		 Val Loss: 0.45026115749193274
             	Training MAE: 0.06416468322277069		 Val MAE: 0.06511512398719788
             	Algebraic dist: 0.5266856586231905		 Val Algebraic dist: 0.6438737952190897
             	RE1 dist: 0.28783147475298715		 Val RE1 dist: 0.4662429146144701
             	SED dist: 0.6084784900440889		 Val SED dist: 0.8661571170972742

Epoch 4762/7000: Training Loss: 0.2041471986209645		 Val Loss: 0.4771395973537279
             	Training MAE: 0.06448537111282349		 Val MAE: 0.06211047247052193
             	Algebraic dist: 0.3935144929324879		 Val Algebraic dist: 0.681053120156993
             	RE1 dist: 0.16226639467127182		 Val RE1 dist: 0.4378259907598081
             	SED dist: 0.3737822139964384		 Val SED dist: 0.920876876167629

Epoch 4763/7000: Training Loss: 0.20079486510332892		 Val Loss: 0.6377785724142323
             	Training MAE: 0.06402741372585297		 Val MAE: 0.062117088586091995
             	Algebraic dist: 0.38014984130859375		 Val Algebraic dist: 0.7928572944972826
             	RE1 dist: 0.1492012528812184		 Val RE1 dist: 0.5621640578560207
             	SED dist: 0.3670641394222484		 Val SED dist: 1.2419673256252124

Epoch 4764/7000: Training Loss: 0.1642165184020996		 Val Loss: 0.3533288292262865
             	Training MAE: 0.0644010454416275		 Val MAE: 0.06504084169864655
             	Algebraic dist: 0.33367207471062155		 Val Algebraic dist: 0.5074131177819293
             	RE1 dist: 0.11330004299388212		 Val RE1 dist: 0.29308343970257306
             	SED dist: 0.2936377805822036		 Val SED dist: 0.6719470231429391

Epoch 4765/7000: Training Loss: 0.2112879472620347		 Val Loss: 1.0070483166238535
             	Training MAE: 0.06438697874546051		 Val MAE: 0.060975052416324615
             	Algebraic dist: 0.38963867636287913		 Val Algebraic dist: 0.975969646288001
             	RE1 dist: 0.15026267837075627		 Val RE1 dist: 0.9224416484003481
             	SED dist: 0.38764297260957603		 Val SED dist: 1.980569424836532

Epoch 4766/7000: Training Loss: 0.2647869166205911		 Val Loss: 0.531643701636273
             	Training MAE: 0.06483867019414902		 Val MAE: 0.061050981283187866
             	Algebraic dist: 0.44017735649557677		 Val Algebraic dist: 0.6343504449595576
             	RE1 dist: 0.19324832804062786		 Val RE1 dist: 0.5231633808301843
             	SED dist: 0.49447166218477134		 Val SED dist: 1.0296216218367866

### Not decreasing ###

Epoch 4767/7000: Training Loss: 0.3944699624005486		 Val Loss: 0.4792733399764351
             	Training MAE: 0.06675627827644348		 Val MAE: 0.0696042850613594
             	Algebraic dist: 0.5334588219137752		 Val Algebraic dist: 0.6182231073794158
             	RE1 dist: 0.3167388298932244		 Val RE1 dist: 0.42761906333591626
             	SED dist: 0.7527148302863625		 Val SED dist: 0.9220552029817001

### Not decreasing ###

Epoch 4768/7000: Training Loss: 0.1689297451692469		 Val Loss: 0.5819149017333984
             	Training MAE: 0.06471553444862366		 Val MAE: 0.06271817535161972
             	Algebraic dist: 0.3457426183363971		 Val Algebraic dist: 0.7328921608302904
             	RE1 dist: 0.12261166292078354		 Val RE1 dist: 0.4638591849285623
             	SED dist: 0.3029916146222283		 Val SED dist: 1.130078937696374

### Not decreasing ###

Epoch 4769/7000: Training Loss: 0.26984287710750804		 Val Loss: 0.5121991530708645
             	Training MAE: 0.06402405351400375		 Val MAE: 0.060552455484867096
             	Algebraic dist: 0.4449513659757726		 Val Algebraic dist: 0.6780259920203168
             	RE1 dist: 0.201219123952529		 Val RE1 dist: 0.43007751133130945
             	SED dist: 0.5050883573644301		 Val SED dist: 0.991417179936948

### Not decreasing ###

Epoch 4770/7000: Training Loss: 0.1859015717225916		 Val Loss: 0.3806491105452828
             	Training MAE: 0.06408753991127014		 Val MAE: 0.06406189501285553
             	Algebraic dist: 0.3570355527541217		 Val Algebraic dist: 0.5313459479290507
             	RE1 dist: 0.1309222053079044		 Val RE1 dist: 0.3057561335356339
             	SED dist: 0.3371169987846823		 Val SED dist: 0.7270573325779127

### Not decreasing ###

Epoch 4771/7000: Training Loss: 0.19685881278094122		 Val Loss: 0.7152029949685802
             	Training MAE: 0.06495247781276703		 Val MAE: 0.06697762757539749
             	Algebraic dist: 0.36693399092730355		 Val Algebraic dist: 0.7810197083846383
             	RE1 dist: 0.13567644007065716		 Val RE1 dist: 0.7085608606753142
             	SED dist: 0.3585811502793256		 Val SED dist: 1.3947224824324898

### Not decreasing ###

Epoch 4772/7000: Training Loss: 0.16678678288179286		 Val Loss: 0.7280674809994905
             	Training MAE: 0.06484551727771759		 Val MAE: 0.06421318650245667
             	Algebraic dist: 0.32681790520163145		 Val Algebraic dist: 0.8384321461553159
             	RE1 dist: 0.11108691552106072		 Val RE1 dist: 0.5746224030204441
             	SED dist: 0.2984589969410616		 Val SED dist: 1.4216170932935632

### Not decreasing ###

Epoch 4773/7000: Training Loss: 0.1624751932480756		 Val Loss: 0.6426401552946671
             	Training MAE: 0.0640670582652092		 Val MAE: 0.06219499930739403
             	Algebraic dist: 0.32345275317921357		 Val Algebraic dist: 0.785787997038468
             	RE1 dist: 0.10468029975891113		 Val RE1 dist: 0.48465164847995923
             	SED dist: 0.2900696081273696		 Val SED dist: 1.2516945548679517

### Not decreasing ###

Epoch 4774/7000: Training Loss: 0.18606219572179458		 Val Loss: 0.4762403239374575
             	Training MAE: 0.06510121375322342		 Val MAE: 0.06283421814441681
             	Algebraic dist: 0.3471299339743221		 Val Algebraic dist: 0.6164284996364428
             	RE1 dist: 0.11897513445685892		 Val RE1 dist: 0.3349734596584154
             	SED dist: 0.3366585619309369		 Val SED dist: 0.9180638686470364

### Not decreasing ###

Epoch 4775/7000: Training Loss: 0.26257458855124083		 Val Loss: 0.37392172606095025
             	Training MAE: 0.06446389108896255		 Val MAE: 0.06105317175388336
             	Algebraic dist: 0.43307144501629996		 Val Algebraic dist: 0.5345475155374279
             	RE1 dist: 0.18279656241921818		 Val RE1 dist: 0.27729451138040295
             	SED dist: 0.4900846481323242		 Val SED dist: 0.7144385628078295

### Not decreasing ###

Epoch 4776/7000: Training Loss: 0.17128721405478084		 Val Loss: 0.4523626825083857
             	Training MAE: 0.06420706957578659		 Val MAE: 0.059833548963069916
             	Algebraic dist: 0.3363685607910156		 Val Algebraic dist: 0.6108812663866126
             	RE1 dist: 0.11322668019463034		 Val RE1 dist: 0.32784256727799127
             	SED dist: 0.3077678960912368		 Val SED dist: 0.8713545591934867

Epoch 4777/7000: Training Loss: 0.25370202345006604		 Val Loss: 0.3674288210661515
             	Training MAE: 0.06512781977653503		 Val MAE: 0.06208629906177521
             	Algebraic dist: 0.4148150051341337		 Val Algebraic dist: 0.516166065050208
             	RE1 dist: 0.17587881929734173		 Val RE1 dist: 0.3128433434859566
             	SED dist: 0.47208410150864544		 Val SED dist: 0.7011750262716542

Epoch 4778/7000: Training Loss: 0.20198750495910645		 Val Loss: 0.4171393435934316
             	Training MAE: 0.06482860445976257		 Val MAE: 0.06527567654848099
             	Algebraic dist: 0.369695971993839		 Val Algebraic dist: 0.5879794411037279
             	RE1 dist: 0.13840655719532685		 Val RE1 dist: 0.3069591522216797
             	SED dist: 0.36893513623405905		 Val SED dist: 0.7996519337529722

Epoch 4779/7000: Training Loss: 0.15639651522916906		 Val Loss: 0.433545154073964
             	Training MAE: 0.06410720199346542		 Val MAE: 0.061482351273298264
             	Algebraic dist: 0.31841788572423596		 Val Algebraic dist: 0.5910872169162916
             	RE1 dist: 0.0998472115572761		 Val RE1 dist: 0.3250767666360606
             	SED dist: 0.2778612585628734		 Val SED dist: 0.8333003002664318

Epoch 4780/7000: Training Loss: 0.27159929275512695		 Val Loss: 0.3193981129190196
             	Training MAE: 0.0649532675743103		 Val MAE: 0.06068017706274986
             	Algebraic dist: 0.41782533421235923		 Val Algebraic dist: 0.4818467679231063
             	RE1 dist: 0.18994554351357854		 Val RE1 dist: 0.2520151138305664
             	SED dist: 0.5080768360811121		 Val SED dist: 0.6053113108095916

Epoch 4781/7000: Training Loss: 0.16071511717403636		 Val Loss: 0.9288840915845789
             	Training MAE: 0.06422144174575806		 Val MAE: 0.06256407499313354
             	Algebraic dist: 0.32163241330315084		 Val Algebraic dist: 0.9450484566066576
             	RE1 dist: 0.1024171885322122		 Val RE1 dist: 0.8016907235850459
             	SED dist: 0.28653419719022866		 Val SED dist: 1.8237150441045347

Epoch 4782/7000: Training Loss: 0.23205004018895767		 Val Loss: 0.31469320214313007
             	Training MAE: 0.06635281443595886		 Val MAE: 0.0641111508011818
             	Algebraic dist: 0.3989228080300724		 Val Algebraic dist: 0.43321360712466034
             	RE1 dist: 0.15681890880360322		 Val RE1 dist: 0.25106374077174975
             	SED dist: 0.428191717933206		 Val SED dist: 0.595084687937861

Epoch 4783/7000: Training Loss: 0.30931859857895794		 Val Loss: 1.9880671293839165
             	Training MAE: 0.06596529483795166		 Val MAE: 0.07116594910621643
             	Algebraic dist: 0.45281090455896716		 Val Algebraic dist: 1.5235842829165251
             	RE1 dist: 0.21987213807947495		 Val RE1 dist: 1.8823983565620754
             	SED dist: 0.5828810860128963		 Val SED dist: 3.9383631167204483

Epoch 4784/7000: Training Loss: 0.23123793041004853		 Val Loss: 0.5510370420373004
             	Training MAE: 0.06408905237913132		 Val MAE: 0.06048443540930748
             	Algebraic dist: 0.4005853148067699		 Val Algebraic dist: 0.5653451836627462
             	RE1 dist: 0.17145615465500774		 Val RE1 dist: 0.495695279992145
             	SED dist: 0.42797596314374137		 Val SED dist: 1.068805279939071

Epoch 4785/7000: Training Loss: 0.20734872537500718		 Val Loss: 0.4349052180414614
             	Training MAE: 0.06401319801807404		 Val MAE: 0.06698515266180038
             	Algebraic dist: 0.3737146994646858		 Val Algebraic dist: 0.5679104846456776
             	RE1 dist: 0.14591092221877155		 Val RE1 dist: 0.3351956865061884
             	SED dist: 0.37998241536757527		 Val SED dist: 0.8344544949738876

Epoch 4786/7000: Training Loss: 0.25489111507640166		 Val Loss: 0.7902920764425526
             	Training MAE: 0.06551699340343475		 Val MAE: 0.06115466728806496
             	Algebraic dist: 0.4222565258250517		 Val Algebraic dist: 0.6077235263326893
             	RE1 dist: 0.1837038292604334		 Val RE1 dist: 0.8601835499639097
             	SED dist: 0.47440315695369945		 Val SED dist: 1.54712610659392

Epoch 4787/7000: Training Loss: 0.23638669182272518		 Val Loss: 2.601282036822775
             	Training MAE: 0.06425689905881882		 Val MAE: 0.061757612973451614
             	Algebraic dist: 0.4089818000793457		 Val Algebraic dist: 0.915461249973463
             	RE1 dist: 0.1680588161244112		 Val RE1 dist: 2.1580944890561313
             	SED dist: 0.43804460413315716		 Val SED dist: 5.1685791015625

### Not decreasing ###

Epoch 4788/7000: Training Loss: 0.529931573306813		 Val Loss: 0.5221478006114131
             	Training MAE: 0.0652366653084755		 Val MAE: 0.06252393126487732
             	Algebraic dist: 0.658165875603171		 Val Algebraic dist: 0.6766249200572139
             	RE1 dist: 0.4291685048271628		 Val RE1 dist: 0.4965629992277726
             	SED dist: 1.0249822279986214		 Val SED dist: 1.0102917215098506

### Not decreasing ###

Epoch 4789/7000: Training Loss: 0.22142599610721364		 Val Loss: 0.4064854746279509
             	Training MAE: 0.06488600373268127		 Val MAE: 0.06217294558882713
             	Algebraic dist: 0.40577153598561005		 Val Algebraic dist: 0.5813374726668649
             	RE1 dist: 0.17008419597850127		 Val RE1 dist: 0.3441569079523501
             	SED dist: 0.40804683460908775		 Val SED dist: 0.7793407440185547

Epoch 4790/7000: Training Loss: 0.23018477944766774		 Val Loss: 1.0915232119352922
             	Training MAE: 0.06538312137126923		 Val MAE: 0.06677302718162537
             	Algebraic dist: 0.40997805314905506		 Val Algebraic dist: 1.08996872279955
             	RE1 dist: 0.16813191245583928		 Val RE1 dist: 0.9077818497367527
             	SED dist: 0.4251837730407715		 Val SED dist: 2.1476221499235733

Epoch 4791/7000: Training Loss: 0.213684783262365		 Val Loss: 0.47536746315334155
             	Training MAE: 0.06445414572954178		 Val MAE: 0.06171395257115364
             	Algebraic dist: 0.39014089808744545		 Val Algebraic dist: 0.5764434648596722
             	RE1 dist: 0.15280480945811553		 Val RE1 dist: 0.4162267602008322
             	SED dist: 0.3925618283888873		 Val SED dist: 0.9168649756390116

Epoch 4792/7000: Training Loss: 0.2920052864972283		 Val Loss: 0.7785587310791016
             	Training MAE: 0.06712330877780914		 Val MAE: 0.06150214374065399
             	Algebraic dist: 0.4560679547926959		 Val Algebraic dist: 0.7776895605999491
             	RE1 dist: 0.22320405174704158		 Val RE1 dist: 0.7425847260848336
             	SED dist: 0.5475437500897575		 Val SED dist: 1.5234146118164062

Epoch 4793/7000: Training Loss: 0.17462654674754424		 Val Loss: 0.3806002658346425
             	Training MAE: 0.06493719667196274		 Val MAE: 0.06684231758117676
             	Algebraic dist: 0.3439423056209789		 Val Algebraic dist: 0.5516743038011633
             	RE1 dist: 0.12119488155140597		 Val RE1 dist: 0.29908045478489087
             	SED dist: 0.31420284159043255		 Val SED dist: 0.7258277561353601

Epoch 4794/7000: Training Loss: 0.18429753359626322		 Val Loss: 0.8482779627260955
             	Training MAE: 0.06531473994255066		 Val MAE: 0.06866544485092163
             	Algebraic dist: 0.35347526213702035		 Val Algebraic dist: 0.8674066792363706
             	RE1 dist: 0.12296469071332146		 Val RE1 dist: 0.6400168460348378
             	SED dist: 0.33317066641414866		 Val SED dist: 1.6602390123450237

Epoch 4795/7000: Training Loss: 0.30976076687083526		 Val Loss: 0.3888516218765922
             	Training MAE: 0.06544479727745056		 Val MAE: 0.061441827565431595
             	Algebraic dist: 0.47771184584673715		 Val Algebraic dist: 0.5527928808461064
             	RE1 dist: 0.2342501387876623		 Val RE1 dist: 0.336137170376985
             	SED dist: 0.5843482298009536		 Val SED dist: 0.7440171449080758

Epoch 4796/7000: Training Loss: 0.17962869475869572		 Val Loss: 0.31553270505822223
             	Training MAE: 0.06417502462863922		 Val MAE: 0.06064707413315773
             	Algebraic dist: 0.3447810902315028		 Val Algebraic dist: 0.45848784239395807
             	RE1 dist: 0.12186211698195513		 Val RE1 dist: 0.26595416276351264
             	SED dist: 0.3244716419893153		 Val SED dist: 0.5975585605787195

Epoch 4797/7000: Training Loss: 0.2301955223083496		 Val Loss: 0.5357477768607761
             	Training MAE: 0.06519781798124313		 Val MAE: 0.06388374418020248
             	Algebraic dist: 0.40152047662174		 Val Algebraic dist: 0.6830220844434656
             	RE1 dist: 0.15994837704826803		 Val RE1 dist: 0.41782934769340185
             	SED dist: 0.4250032481025247		 Val SED dist: 1.0371431267779807

Epoch 4798/7000: Training Loss: 0.33040644140804515		 Val Loss: 1.4379244265349016
             	Training MAE: 0.0656953752040863		 Val MAE: 0.061116691678762436
             	Algebraic dist: 0.4971501967486213		 Val Algebraic dist: 1.3293051512345024
             	RE1 dist: 0.2441710864796358		 Val RE1 dist: 1.2909830342168394
             	SED dist: 0.625264560475069		 Val SED dist: 2.8426580014436142

### Not decreasing ###

Epoch 4799/7000: Training Loss: 0.27437518624698415		 Val Loss: 0.4968704140704611
             	Training MAE: 0.06494428962469101		 Val MAE: 0.06495702266693115
             	Algebraic dist: 0.45673075844259825		 Val Algebraic dist: 0.6502730328103771
             	RE1 dist: 0.21416574365952434		 Val RE1 dist: 0.3857711294422979
             	SED dist: 0.513796469744514		 Val SED dist: 0.9587937230649202

### Not decreasing ###

Epoch 4800/7000: Training Loss: 0.18236892363604376		 Val Loss: 0.3946059683094854
             	Training MAE: 0.0644690990447998		 Val MAE: 0.06056898087263107
             	Algebraic dist: 0.3591451364405015		 Val Algebraic dist: 0.5526485857756241
             	RE1 dist: 0.12938520487617045		 Val RE1 dist: 0.303216436634893
             	SED dist: 0.3298981329974006		 Val SED dist: 0.7557537244713824

### Not decreasing ###

Epoch 4801/7000: Training Loss: 0.2589082156910616		 Val Loss: 0.36727071845013165
             	Training MAE: 0.06475672125816345		 Val MAE: 0.06293091177940369
             	Algebraic dist: 0.43183217329137463		 Val Algebraic dist: 0.5171707816745924
             	RE1 dist: 0.18880706674912395		 Val RE1 dist: 0.3084183983180834
             	SED dist: 0.48281052533318014		 Val SED dist: 0.7006426272184952

### Not decreasing ###

Epoch 4802/7000: Training Loss: 0.21723278831033146		 Val Loss: 0.9514379086701766
             	Training MAE: 0.06452251970767975		 Val MAE: 0.07325442135334015
             	Algebraic dist: 0.39243117500753966		 Val Algebraic dist: 0.9817030533500339
             	RE1 dist: 0.15685491000904755		 Val RE1 dist: 0.7496783215066661
             	SED dist: 0.39958875319536996		 Val SED dist: 1.8639272606891135

### Not decreasing ###

Epoch 4803/7000: Training Loss: 0.2044527811162612		 Val Loss: 0.37021885747494904
             	Training MAE: 0.06487449258565903		 Val MAE: 0.06465540081262589
             	Algebraic dist: 0.3689095833722283		 Val Algebraic dist: 0.5163784441740616
             	RE1 dist: 0.14358074524823358		 Val RE1 dist: 0.31336465089217475
             	SED dist: 0.3737951166489545		 Val SED dist: 0.7058497719142748

### Not decreasing ###

Epoch 4804/7000: Training Loss: 0.26091356838450713		 Val Loss: 0.45065278592317
             	Training MAE: 0.06473144143819809		 Val MAE: 0.06138434633612633
             	Algebraic dist: 0.43869638442993164		 Val Algebraic dist: 0.5724149372266687
             	RE1 dist: 0.1860363623675178		 Val RE1 dist: 0.36558731742527173
             	SED dist: 0.4867306316600126		 Val SED dist: 0.8679758154827616

### Not decreasing ###

Epoch 4805/7000: Training Loss: 0.15291275697595932		 Val Loss: 0.30103378710539447
             	Training MAE: 0.06496718525886536		 Val MAE: 0.06322678178548813
             	Algebraic dist: 0.31819021000581627		 Val Algebraic dist: 0.45821820134701935
             	RE1 dist: 0.10201721331652473		 Val RE1 dist: 0.2334317331728728
             	SED dist: 0.2706967241623822		 Val SED dist: 0.567835517551588

### Not decreasing ###

Epoch 4806/7000: Training Loss: 0.17112148509306066		 Val Loss: 0.38133567312489386
             	Training MAE: 0.06408039480447769		 Val MAE: 0.062080126255750656
             	Algebraic dist: 0.32880247340482827		 Val Algebraic dist: 0.47937156843102496
             	RE1 dist: 0.11192840688368853		 Val RE1 dist: 0.3102256111476732
             	SED dist: 0.3073430622325224		 Val SED dist: 0.7289216414741848

### Not decreasing ###

Epoch 4807/7000: Training Loss: 0.20245807311114142		 Val Loss: 0.40644007143766986
             	Training MAE: 0.06470214575529099		 Val MAE: 0.06779882311820984
             	Algebraic dist: 0.35714096181532917		 Val Algebraic dist: 0.5202590278957201
             	RE1 dist: 0.13318949587204876		 Val RE1 dist: 0.34262895584106445
             	SED dist: 0.3697025635663201		 Val SED dist: 0.7769491776176121

### Not decreasing ###

Epoch 4808/7000: Training Loss: 0.6816834281472599		 Val Loss: 0.7083445009977921
             	Training MAE: 0.06648978590965271		 Val MAE: 0.06294605135917664
             	Algebraic dist: 0.703207296483657		 Val Algebraic dist: 0.8546302629553754
             	RE1 dist: 0.5617571438060087		 Val RE1 dist: 0.686786527219026
             	SED dist: 1.3267971487606274		 Val SED dist: 1.383093792459239

### Not decreasing ###

Epoch 4809/7000: Training Loss: 0.18971488055060892		 Val Loss: 0.3649355432261591
             	Training MAE: 0.06311792880296707		 Val MAE: 0.06415723264217377
             	Algebraic dist: 0.3680898722480325		 Val Algebraic dist: 0.5216545851334281
             	RE1 dist: 0.14248344477485209		 Val RE1 dist: 0.303722153539243
             	SED dist: 0.34546922234927907		 Val SED dist: 0.6955706969551418

### Not decreasing ###

Epoch 4810/7000: Training Loss: 0.18494893522823558		 Val Loss: 0.3898101474927819
             	Training MAE: 0.06379444897174835		 Val MAE: 0.060914989560842514
             	Algebraic dist: 0.34911784003762636		 Val Algebraic dist: 0.5544846576193104
             	RE1 dist: 0.12600545322193818		 Val RE1 dist: 0.30953278748885443
             	SED dist: 0.33531494701609893		 Val SED dist: 0.7462030493694803

### Not decreasing ###

Epoch 4811/7000: Training Loss: 0.19676034590777228		 Val Loss: 0.2937282479327658
             	Training MAE: 0.06300529092550278		 Val MAE: 0.059799645096063614
             	Algebraic dist: 0.3540192772360409		 Val Algebraic dist: 0.44326085629670514
             	RE1 dist: 0.13072573437410243		 Val RE1 dist: 0.20855468252430792
             	SED dist: 0.3592640932868509		 Val SED dist: 0.5543382064155911

### Not decreasing ###

Epoch 1/10: Test SED dist: 0.5332257837281191
Epoch 2/10: Test SED dist: 0.555820149586613
Epoch 3/10: Test SED dist: 0.5558391943910068
Epoch 4/10: Test SED dist: 0.5275975851188028
Epoch 5/10: Test SED dist: 0.5229088345864662
Epoch 6/10: Test SED dist: 0.5267847390999472
Epoch 7/10: Test SED dist: 0.5317553183189908
Epoch 8/10: Test SED dist: 0.5134579651337817
Epoch 9/10: Test SED dist: 0.5648184754794702
Epoch 10/10: Test SED dist: 0.5444669795215578


## TEST RESULTS: ##
Test Loss: 0.28538769886905985		 Test MAE: 0.06000295951962471
Test Algebraic dist: 0.42248507334773694
Test SED dist: 0.5376675024964757
Test RE1 dist: 0.2215114407073286

Test Algebraic dist truth: 0.017700261639473133
Test SED dist truth: 0.001721806095955067
Test RE1 dist truth: 0.00021522894109550275

no model for plots/Stereo/Winners/SED_0.5__L2_1__huber_1__lr_0.0001__conv__Resnet__use_reconstruction_True/BS_8__ratio_0.1__mid__frozen_0/model.pth
no model for plots/Stereo/Winners/SED_0.5__L2_1__huber_1__lr_0.0001__conv__Resnet__use_reconstruction_True/BS_8__ratio_0.1__tail__frozen_0/model.pth
no model for plots/Stereo/Winners/SED_0.5__L2_1__huber_1__lr_0.0001__conv__Resnet__use_reconstruction_True/BS_8__ratio_0.2__head__frozen_0/model.pth
no model for plots/Stereo/Winners/SED_0.5__L2_1__huber_1__lr_0.0001__conv__Resnet__use_reconstruction_True/BS_8__ratio_0.2__mid__frozen_0/model.pth
no model for plots/Stereo/Winners/SED_0.5__L2_1__huber_1__lr_0.0001__conv__Resnet__use_reconstruction_True/BS_8__ratio_0.2__tail__frozen_0/model.pth

###########################################################################################################################################################

 learning rate: 0.0001, mlp_hidden_sizes: [1024, 512], jump_frames: 6, use_reconstruction_layer: True
batch_size: 8, norm: True, train_seqeunces: [0, 2, 3, 5], val_sequences: [6, 7, 8], RL_TEST_NAMES: ['fe2fadf89a84e92a', 'f01e8b6f8e10fdd9', 'f1ee9dc6135e5307', 'a41df4fa06fd391b', 'bc0ebb7482f14795', '9bdd34e784c04e3a', '98ebee1c36ecec55'], dataset: Stereo,
average embeddings: False, model: microsoft/resnet-152, augmentation: True, random crop: True, part: head, get_old_path: False, computer: 1,
RE1 coeff: 0 SED coeff: 0.5, ALG_COEFF: 0, L2_coeff: 1, huber_coeff: 1, frozen layers: 0, trained vit: None,
crop: 224 resize: 256, use conv: True pretrained: None, train_size: 0.004, norm_mean: tensor([0.5000, 0.5000, 0.5000], device='cuda:0'), norm_std: tensor([0.5000, 0.5000, 0.5000], device='cuda:0'), sched: None seed: 300

train size: 47, val size: 25, test size: 1064

##### CONTINUE TRAINING #####

Epoch 80001/100000: Training Loss: 0.16516266266504923		 Val Loss: 0.6419881582260132
             	Training MAE: 0.06626595556735992		 Val MAE: 0.0625183954834938
             	Algebraic dist: 0.3961194356282552		 Val Algebraic dist: 0.8324334025382996
             	RE1 dist: 0.17867779731750488		 Val RE1 dist: 0.7303380370140076
             	SED dist: 0.29388145605723065		 Val SED dist: 1.2490592002868652

Epoch 80002/100000: Training Loss: 0.1755040685335795		 Val Loss: 0.7664276957511902
             	Training MAE: 0.06513592600822449		 Val MAE: 0.06297826766967773
             	Algebraic dist: 0.4277344544728597		 Val Algebraic dist: 0.8816834092140198
             	RE1 dist: 0.18547332286834717		 Val RE1 dist: 1.1366565227508545
             	SED dist: 0.3150877157847087		 Val SED dist: 1.4978193044662476

Epoch 80003/100000: Training Loss: 0.2392202615737915		 Val Loss: 0.4399264454841614
             	Training MAE: 0.06930100172758102		 Val MAE: 0.06706798821687698
             	Algebraic dist: 0.5028132597605387		 Val Algebraic dist: 0.6318349838256836
             	RE1 dist: 0.2503216465314229		 Val RE1 dist: 0.5852754712104797
             	SED dist: 0.4331449270248413		 Val SED dist: 0.8438205718994141

Epoch 80004/100000: Training Loss: 0.15951583782831827		 Val Loss: 0.5664745569229126
             	Training MAE: 0.06738058477640152		 Val MAE: 0.061575423926115036
             	Algebraic dist: 0.41241733233133954		 Val Algebraic dist: 0.728904664516449
             	RE1 dist: 0.18138263622919717		 Val RE1 dist: 0.7951257824897766
             	SED dist: 0.2825932304064433		 Val SED dist: 1.098065733909607

Epoch 80005/100000: Training Loss: 0.1712497671445211		 Val Loss: 0.45714983344078064
             	Training MAE: 0.06482282280921936		 Val MAE: 0.06420561671257019
             	Algebraic dist: 0.4233458836873372		 Val Algebraic dist: 0.6473742723464966
             	RE1 dist: 0.1947118043899536		 Val RE1 dist: 0.5668054223060608
             	SED dist: 0.3070251742998759		 Val SED dist: 0.879114031791687

Epoch 80006/100000: Training Loss: 0.18747476736704508		 Val Loss: 0.7237210273742676
             	Training MAE: 0.06629545986652374		 Val MAE: 0.061069417744874954
             	Algebraic dist: 0.4652976989746094		 Val Algebraic dist: 0.8487661480903625
             	RE1 dist: 0.21435976028442383		 Val RE1 dist: 1.0328373908996582
             	SED dist: 0.3386698563893636		 Val SED dist: 1.4125288724899292

Epoch 80007/100000: Training Loss: 0.21172157923380533		 Val Loss: 0.7187899947166443
             	Training MAE: 0.06411834806203842		 Val MAE: 0.062296558171510696
             	Algebraic dist: 0.503854513168335		 Val Algebraic dist: 0.8560649156570435
             	RE1 dist: 0.25978368520736694		 Val RE1 dist: 0.6875623464584351
             	SED dist: 0.38794533411661786		 Val SED dist: 1.4027042388916016

Epoch 80008/100000: Training Loss: 0.3271077672640483		 Val Loss: 0.7143917083740234
             	Training MAE: 0.06841640919446945		 Val MAE: 0.06070496514439583
             	Algebraic dist: 0.6241294542948405		 Val Algebraic dist: 0.8132504224777222
             	RE1 dist: 0.402934471766154		 Val RE1 dist: 1.0486866235733032
             	SED dist: 0.6090527375539144		 Val SED dist: 1.394293189048767

Epoch 80009/100000: Training Loss: 0.30209245284398395		 Val Loss: 0.5674214363098145
             	Training MAE: 0.07136306911706924		 Val MAE: 0.06807681918144226
             	Algebraic dist: 0.5765024026234945		 Val Algebraic dist: 0.7292979955673218
             	RE1 dist: 0.34267886479695636		 Val RE1 dist: 0.5776461958885193
             	SED dist: 0.5589651266733805		 Val SED dist: 1.0981965065002441

Epoch 80010/100000: Training Loss: 0.2501339912414551		 Val Loss: 0.486808717250824
             	Training MAE: 0.06818699091672897		 Val MAE: 0.06438182294368744
             	Algebraic dist: 0.46894192695617676		 Val Algebraic dist: 0.6545283198356628
             	RE1 dist: 0.3454633951187134		 Val RE1 dist: 0.5886269807815552
             	SED dist: 0.4627930323282878		 Val SED dist: 0.9382284283638

Epoch 80011/100000: Training Loss: 0.17430418729782104		 Val Loss: 0.5306369066238403
             	Training MAE: 0.06496217101812363		 Val MAE: 0.0680527538061142
             	Algebraic dist: 0.43821223576863605		 Val Algebraic dist: 0.7276270389556885
             	RE1 dist: 0.18812419970830283		 Val RE1 dist: 0.5492808222770691
             	SED dist: 0.3130848209063212		 Val SED dist: 1.0251350402832031

Epoch 80012/100000: Training Loss: 0.28678369522094727		 Val Loss: 0.5634993314743042
             	Training MAE: 0.07009672373533249		 Val MAE: 0.06116762384772301
             	Algebraic dist: 0.5514111518859863		 Val Algebraic dist: 0.7663489580154419
             	RE1 dist: 0.3014080723126729		 Val RE1 dist: 0.6987828016281128
             	SED dist: 0.5285996596018473		 Val SED dist: 1.091750979423523

Epoch 80013/100000: Training Loss: 0.31762510538101196		 Val Loss: 0.5810123682022095
             	Training MAE: 0.06476250290870667		 Val MAE: 0.06211996451020241
             	Algebraic dist: 0.635267972946167		 Val Algebraic dist: 0.8145662546157837
             	RE1 dist: 0.3885217110315959		 Val RE1 dist: 0.661323070526123
             	SED dist: 0.5993298689524332		 Val SED dist: 1.127581000328064

Epoch 80014/100000: Training Loss: 0.47315363089243573		 Val Loss: 0.6942195892333984
             	Training MAE: 0.07096409052610397		 Val MAE: 0.06686291098594666
             	Algebraic dist: 0.7971355120340983		 Val Algebraic dist: 0.8248693346977234
             	RE1 dist: 0.603134552637736		 Val RE1 dist: 0.9881072044372559
             	SED dist: 0.9004468123118082		 Val SED dist: 1.3525186777114868

Epoch 80015/100000: Training Loss: 0.5019392967224121		 Val Loss: 0.8774133324623108
             	Training MAE: 0.06947289407253265		 Val MAE: 0.06478068977594376
             	Algebraic dist: 0.812910795211792		 Val Algebraic dist: 1.0538885593414307
             	RE1 dist: 0.6251981258392334		 Val RE1 dist: 1.0411229133605957
             	SED dist: 0.9603774547576904		 Val SED dist: 1.7192171812057495

Epoch 80016/100000: Training Loss: 0.6141245365142822		 Val Loss: 1.6140141487121582
             	Training MAE: 0.06938620656728745		 Val MAE: 0.06137130409479141
             	Algebraic dist: 0.8987829685211182		 Val Algebraic dist: 1.4303972721099854
             	RE1 dist: 0.7823491096496582		 Val RE1 dist: 2.428163528442383
             	SED dist: 1.1853024164835613		 Val SED dist: 3.193303108215332

Epoch 80017/100000: Training Loss: 0.7007964452107748		 Val Loss: 1.1783984899520874
             	Training MAE: 0.0641264021396637		 Val MAE: 0.06374412029981613
             	Algebraic dist: 1.0522162914276123		 Val Algebraic dist: 1.196645975112915
             	RE1 dist: 1.0143629709879558		 Val RE1 dist: 1.2282285690307617
             	SED dist: 1.3667208353678386		 Val SED dist: 2.3220791816711426

Epoch 80018/100000: Training Loss: 0.4915398756663005		 Val Loss: 0.8651801347732544
             	Training MAE: 0.06672453135251999		 Val MAE: 0.06318321079015732
             	Algebraic dist: 0.7907086213429769		 Val Algebraic dist: 0.9072283506393433
             	RE1 dist: 0.6184115409851074		 Val RE1 dist: 1.3604419231414795
             	SED dist: 0.9465112686157227		 Val SED dist: 1.6952300071716309

Epoch 80019/100000: Training Loss: 0.33566780885060626		 Val Loss: 0.4543057382106781
             	Training MAE: 0.06506292521953583		 Val MAE: 0.06340659409761429
             	Algebraic dist: 0.6601547400156657		 Val Algebraic dist: 0.6653904914855957
             	RE1 dist: 0.43377212683359784		 Val RE1 dist: 0.5018852949142456
             	SED dist: 0.6355714003245035		 Val SED dist: 0.8735120296478271

Epoch 80020/100000: Training Loss: 0.31030166149139404		 Val Loss: 0.5753638744354248
             	Training MAE: 0.06837702542543411		 Val MAE: 0.06253580749034882
             	Algebraic dist: 0.6356587409973145		 Val Algebraic dist: 0.7326070666313171
             	RE1 dist: 0.3834596474965413		 Val RE1 dist: 0.8089211583137512
             	SED dist: 0.5834985574086508		 Val SED dist: 1.1165106296539307

Epoch 80021/100000: Training Loss: 0.2474819819132487		 Val Loss: 0.637475311756134
             	Training MAE: 0.06417247653007507		 Val MAE: 0.061223726719617844
             	Algebraic dist: 0.549636721611023		 Val Algebraic dist: 0.8203518986701965
             	RE1 dist: 0.30374767382939655		 Val RE1 dist: 0.9106131792068481
             	SED dist: 0.46013514200846356		 Val SED dist: 1.2398358583450317

Epoch 80022/100000: Training Loss: 0.21903703610102335		 Val Loss: 0.5769276022911072
             	Training MAE: 0.06646505743265152		 Val MAE: 0.06099650636315346
             	Algebraic dist: 0.5200552940368652		 Val Algebraic dist: 0.8122924566268921
             	RE1 dist: 0.2789319157600403		 Val RE1 dist: 0.7336523532867432
             	SED dist: 0.4018039306004842		 Val SED dist: 1.119410514831543

Epoch 80023/100000: Training Loss: 0.17411470413208008		 Val Loss: 0.5295428037643433
             	Training MAE: 0.0645257979631424		 Val MAE: 0.06195677071809769
             	Algebraic dist: 0.44142186641693115		 Val Algebraic dist: 0.7430886626243591
             	RE1 dist: 0.20032799243927002		 Val RE1 dist: 0.675201952457428
             	SED dist: 0.3129217227300008		 Val SED dist: 1.024339199066162

Epoch 80024/100000: Training Loss: 0.1747456192970276		 Val Loss: 0.6591857671737671
             	Training MAE: 0.06418900191783905		 Val MAE: 0.06091509386897087
             	Algebraic dist: 0.4405922094980876		 Val Algebraic dist: 0.8205263018608093
             	RE1 dist: 0.20861669381459555		 Val RE1 dist: 0.9705591797828674
             	SED dist: 0.3143056233723958		 Val SED dist: 1.2836581468582153

Epoch 80025/100000: Training Loss: 0.21417991320292154		 Val Loss: 0.782683253288269
             	Training MAE: 0.06532995402812958		 Val MAE: 0.06558577716350555
             	Algebraic dist: 0.5226476192474365		 Val Algebraic dist: 0.9372664093971252
             	RE1 dist: 0.27172603209813434		 Val RE1 dist: 0.7942506074905396
             	SED dist: 0.3926770289738973		 Val SED dist: 1.5298066139221191

Epoch 80026/100000: Training Loss: 0.29831475019454956		 Val Loss: 0.5925140380859375
             	Training MAE: 0.07115189731121063		 Val MAE: 0.06267128884792328
             	Algebraic dist: 0.6015269756317139		 Val Algebraic dist: 0.7761662602424622
             	RE1 dist: 0.3604230483373006		 Val RE1 dist: 0.8369077444076538
             	SED dist: 0.5507440169652303		 Val SED dist: 1.1503574848175049

Epoch 80027/100000: Training Loss: 0.2657746473948161		 Val Loss: 0.5448737144470215
             	Training MAE: 0.06468591094017029		 Val MAE: 0.06250222027301788
             	Algebraic dist: 0.5762149890263876		 Val Algebraic dist: 0.7260496616363525
             	RE1 dist: 0.34732627868652344		 Val RE1 dist: 0.7870291471481323
             	SED dist: 0.4963217576344808		 Val SED dist: 1.0548077821731567

Epoch 80028/100000: Training Loss: 0.21423669656117758		 Val Loss: 0.47935715317726135
             	Training MAE: 0.0681602731347084		 Val MAE: 0.07382646203041077
             	Algebraic dist: 0.49091053009033203		 Val Algebraic dist: 0.6810857057571411
             	RE1 dist: 0.24607157707214355		 Val RE1 dist: 0.5329175591468811
             	SED dist: 0.3914821545283		 Val SED dist: 0.9195195436477661

Epoch 80029/100000: Training Loss: 0.1714475949605306		 Val Loss: 0.5554310083389282
             	Training MAE: 0.07423058897256851		 Val MAE: 0.06744138896465302
             	Algebraic dist: 0.41391746203104657		 Val Algebraic dist: 0.726524293422699
             	RE1 dist: 0.19454928239186606		 Val RE1 dist: 0.8396877646446228
             	SED dist: 0.3024899164835612		 Val SED dist: 1.0746099948883057

Epoch 80030/100000: Training Loss: 0.18629205226898193		 Val Loss: 0.5365898013114929
             	Training MAE: 0.06993981450796127		 Val MAE: 0.06326385587453842
             	Algebraic dist: 0.41261788209279376		 Val Algebraic dist: 0.7366774082183838
             	RE1 dist: 0.1974204182624817		 Val RE1 dist: 0.6861991882324219
             	SED dist: 0.32679696877797443		 Val SED dist: 1.0379046201705933

Epoch 80031/100000: Training Loss: 0.14554263154665628		 Val Loss: 0.6148407459259033
             	Training MAE: 0.06491824984550476		 Val MAE: 0.06098419427871704
             	Algebraic dist: 0.39800576368967694		 Val Algebraic dist: 0.7822723984718323
             	RE1 dist: 0.1607547402381897		 Val RE1 dist: 0.7213804721832275
             	SED dist: 0.2553778886795044		 Val SED dist: 1.1949617862701416

Epoch 80032/100000: Training Loss: 0.17993158102035522		 Val Loss: 0.48414841294288635
             	Training MAE: 0.06916821748018265		 Val MAE: 0.06449545919895172
             	Algebraic dist: 0.41257643699645996		 Val Algebraic dist: 0.6842690706253052
             	RE1 dist: 0.18693484862645468		 Val RE1 dist: 0.5542527437210083
             	SED dist: 0.3148963252703349		 Val SED dist: 0.9330898523330688

Epoch 80033/100000: Training Loss: 0.18538828690846762		 Val Loss: 0.6165405511856079
             	Training MAE: 0.0676342025399208		 Val MAE: 0.06101107597351074
             	Algebraic dist: 0.4572935899098714		 Val Algebraic dist: 0.8025081753730774
             	RE1 dist: 0.22526979446411133		 Val RE1 dist: 0.8765903115272522
             	SED dist: 0.32779461145401		 Val SED dist: 1.1983680725097656

Epoch 80034/100000: Training Loss: 0.22706290086110434		 Val Loss: 0.6492581367492676
             	Training MAE: 0.06592899560928345		 Val MAE: 0.06730728596448898
             	Algebraic dist: 0.502079963684082		 Val Algebraic dist: 0.8861099481582642
             	RE1 dist: 0.26448102792104083		 Val RE1 dist: 0.7059302926063538
             	SED dist: 0.41822508970896405		 Val SED dist: 1.262678861618042

Epoch 80035/100000: Training Loss: 0.37052889664967853		 Val Loss: 0.596388578414917
             	Training MAE: 0.06765061616897583		 Val MAE: 0.061028581112623215
             	Algebraic dist: 0.6962742805480957		 Val Algebraic dist: 0.7417070269584656
             	RE1 dist: 0.4900413354237874		 Val RE1 dist: 0.8319101333618164
             	SED dist: 0.7040486335754395		 Val SED dist: 1.1581289768218994

Epoch 80036/100000: Training Loss: 0.2175976832707723		 Val Loss: 0.5880459547042847
             	Training MAE: 0.06468208134174347		 Val MAE: 0.06076439842581749
             	Algebraic dist: 0.4998236497243245		 Val Algebraic dist: 0.7915928959846497
             	RE1 dist: 0.26064244906107586		 Val RE1 dist: 0.6423543095588684
             	SED dist: 0.3994474411010742		 Val SED dist: 1.141249179840088

Epoch 80037/100000: Training Loss: 0.27767103910446167		 Val Loss: 0.8958718180656433
             	Training MAE: 0.06502296775579453		 Val MAE: 0.06059159338474274
             	Algebraic dist: 0.5558480421702067		 Val Algebraic dist: 0.908021867275238
             	RE1 dist: 0.3238786458969116		 Val RE1 dist: 1.426784873008728
             	SED dist: 0.5196892420450846		 Val SED dist: 1.757298231124878

Epoch 80038/100000: Training Loss: 0.2521614233652751		 Val Loss: 0.5164223313331604
             	Training MAE: 0.06563319265842438		 Val MAE: 0.06329595297574997
             	Algebraic dist: 0.5340590874354044		 Val Algebraic dist: 0.7379583120346069
             	RE1 dist: 0.33284950256347656		 Val RE1 dist: 0.5403721332550049
             	SED dist: 0.4682045777638753		 Val SED dist: 0.9977685213088989

Epoch 80039/100000: Training Loss: 0.26738593975702923		 Val Loss: 0.6974756717681885
             	Training MAE: 0.06404459476470947		 Val MAE: 0.061627212911844254
             	Algebraic dist: 0.5744013786315918		 Val Algebraic dist: 0.8370059728622437
             	RE1 dist: 0.3197050094604492		 Val RE1 dist: 1.0047519207000732
             	SED dist: 0.4995104869206746		 Val SED dist: 1.3599172830581665

Epoch 80040/100000: Training Loss: 0.201714555422465		 Val Loss: 0.5587596893310547
             	Training MAE: 0.06486739963293076		 Val MAE: 0.06195172667503357
             	Algebraic dist: 0.47564462820688885		 Val Algebraic dist: 0.7589284777641296
             	RE1 dist: 0.2415133317311605		 Val RE1 dist: 0.6084251403808594
             	SED dist: 0.3674955765406291		 Val SED dist: 1.0824930667877197

Epoch 80041/100000: Training Loss: 0.18616588910420737		 Val Loss: 0.5886502861976624
             	Training MAE: 0.06915876269340515		 Val MAE: 0.061941370368003845
             	Algebraic dist: 0.44295239448547363		 Val Algebraic dist: 0.7908361554145813
             	RE1 dist: 0.2025975783665975		 Val RE1 dist: 0.7178057432174683
             	SED dist: 0.3268326719601949		 Val SED dist: 1.1425986289978027

Epoch 80042/100000: Training Loss: 0.1703182260195414		 Val Loss: 0.6477881073951721
             	Training MAE: 0.06894967705011368		 Val MAE: 0.061775192618370056
             	Algebraic dist: 0.41882777214050293		 Val Algebraic dist: 0.799251139163971
             	RE1 dist: 0.18138158321380615		 Val RE1 dist: 0.8870763778686523
             	SED dist: 0.2961014111836751		 Val SED dist: 1.2607160806655884

Epoch 80043/100000: Training Loss: 0.23641592264175415		 Val Loss: 0.4877687096595764
             	Training MAE: 0.06497296690940857		 Val MAE: 0.06311022490262985
             	Algebraic dist: 0.5358536640803019		 Val Algebraic dist: 0.6762822270393372
             	RE1 dist: 0.3122534354527791		 Val RE1 dist: 0.6083953380584717
             	SED dist: 0.4370963176091512		 Val SED dist: 0.9406384229660034

Epoch 80044/100000: Training Loss: 0.24250423908233643		 Val Loss: 0.44850021600723267
             	Training MAE: 0.06906088441610336		 Val MAE: 0.06265193969011307
             	Algebraic dist: 0.5134890874226888		 Val Algebraic dist: 0.6412257552146912
             	RE1 dist: 0.2720089356104533		 Val RE1 dist: 0.5848591923713684
             	SED dist: 0.43971991539001465		 Val SED dist: 0.8615924119949341

Epoch 80045/100000: Training Loss: 0.2062713106473287		 Val Loss: 0.4082258939743042
             	Training MAE: 0.06885049492120743		 Val MAE: 0.06348998844623566
             	Algebraic dist: 0.46754856904347736		 Val Algebraic dist: 0.604036271572113
             	RE1 dist: 0.21023313204447427		 Val RE1 dist: 0.49721336364746094
             	SED dist: 0.3685246706008911		 Val SED dist: 0.7814737558364868

Epoch 80046/100000: Training Loss: 0.19830743471781412		 Val Loss: 0.6046947240829468
             	Training MAE: 0.06768074631690979		 Val MAE: 0.06264055520296097
             	Algebraic dist: 0.44524049758911133		 Val Algebraic dist: 0.7881497740745544
             	RE1 dist: 0.22030405203501383		 Val RE1 dist: 0.6479407548904419
             	SED dist: 0.3592450221379598		 Val SED dist: 1.174262523651123

Epoch 80047/100000: Training Loss: 0.22434463103612265		 Val Loss: 0.8751887679100037
             	Training MAE: 0.0649661272764206		 Val MAE: 0.06429532170295715
             	Algebraic dist: 0.5128913720448812		 Val Algebraic dist: 0.9719486236572266
             	RE1 dist: 0.26118433475494385		 Val RE1 dist: 1.2472280263900757
             	SED dist: 0.41288169225056964		 Val SED dist: 1.7147537469863892

Epoch 80048/100000: Training Loss: 0.2714383602142334		 Val Loss: 0.6549335718154907
             	Training MAE: 0.06632182002067566		 Val MAE: 0.06812523305416107
             	Algebraic dist: 0.5339773893356323		 Val Algebraic dist: 0.8248479962348938
             	RE1 dist: 0.3246251742045085		 Val RE1 dist: 0.6918467283248901
             	SED dist: 0.506487250328064		 Val SED dist: 1.2734358310699463

Epoch 80049/100000: Training Loss: 0.2333212693532308		 Val Loss: 0.49924370646476746
             	Training MAE: 0.07021976262331009		 Val MAE: 0.061277441680431366
             	Algebraic dist: 0.507485548655192		 Val Algebraic dist: 0.6729240417480469
             	RE1 dist: 0.2801049550374349		 Val RE1 dist: 0.687430739402771
             	SED dist: 0.42224427064259845		 Val SED dist: 0.9636325240135193

Epoch 80050/100000: Training Loss: 0.20102314154307047		 Val Loss: 0.5116289854049683
             	Training MAE: 0.06400970369577408		 Val MAE: 0.06138187274336815
             	Algebraic dist: 0.47337019443511963		 Val Algebraic dist: 0.6994451880455017
             	RE1 dist: 0.24062625567118326		 Val RE1 dist: 0.6586552858352661
             	SED dist: 0.36694546540578205		 Val SED dist: 0.9885517358779907

Epoch 80051/100000: Training Loss: 0.19484078884124756		 Val Loss: 0.49243947863578796
             	Training MAE: 0.06502190977334976		 Val MAE: 0.061937324702739716
             	Algebraic dist: 0.46276668707529706		 Val Algebraic dist: 0.6772922873497009
             	RE1 dist: 0.23204747835795084		 Val RE1 dist: 0.6610034108161926
             	SED dist: 0.3538336753845215		 Val SED dist: 0.9498669505119324

Epoch 80052/100000: Training Loss: 0.21653308471043906		 Val Loss: 0.4878755807876587
             	Training MAE: 0.06485108286142349		 Val MAE: 0.06389055401086807
             	Algebraic dist: 0.4944041172663371		 Val Algebraic dist: 0.683449923992157
             	RE1 dist: 0.26107166210810345		 Val RE1 dist: 0.60215163230896
             	SED dist: 0.3971083164215088		 Val SED dist: 0.9403731822967529

Epoch 80053/100000: Training Loss: 0.19011757771174112		 Val Loss: 0.574916422367096
             	Training MAE: 0.065459705889225		 Val MAE: 0.06307456642389297
             	Algebraic dist: 0.4586981534957886		 Val Algebraic dist: 0.7608208656311035
             	RE1 dist: 0.2064357797304789		 Val RE1 dist: 0.7790491580963135
             	SED dist: 0.3443684180577596		 Val SED dist: 1.1149734258651733

Epoch 80054/100000: Training Loss: 0.21799017985661825		 Val Loss: 0.7545408606529236
             	Training MAE: 0.06684498488903046		 Val MAE: 0.06222376599907875
             	Algebraic dist: 0.4978249867757161		 Val Algebraic dist: 0.8503925800323486
             	RE1 dist: 0.2633928855260213		 Val RE1 dist: 1.1736000776290894
             	SED dist: 0.3995350201924642		 Val SED dist: 1.4741915464401245

Epoch 80055/100000: Training Loss: 0.35908857981363934		 Val Loss: 0.7897860407829285
             	Training MAE: 0.06979891657829285		 Val MAE: 0.06139533966779709
             	Algebraic dist: 0.6615039507548014		 Val Algebraic dist: 0.9623990654945374
             	RE1 dist: 0.40565558274586994		 Val RE1 dist: 0.8660470843315125
             	SED dist: 0.6732138792673746		 Val SED dist: 1.544620394706726

Epoch 80056/100000: Training Loss: 0.3565993706385295		 Val Loss: 0.6036919951438904
             	Training MAE: 0.06511817872524261		 Val MAE: 0.061588406562805176
             	Algebraic dist: 0.6873740355173746		 Val Algebraic dist: 0.7599742412567139
             	RE1 dist: 0.4584248860677083		 Val RE1 dist: 0.8458142876625061
             	SED dist: 0.6773111820220947		 Val SED dist: 1.1724646091461182

Epoch 80057/100000: Training Loss: 0.23369765281677246		 Val Loss: 0.7075228691101074
             	Training MAE: 0.06605362147092819		 Val MAE: 0.06625578552484512
             	Algebraic dist: 0.5165485938390096		 Val Algebraic dist: 0.8208974599838257
             	RE1 dist: 0.26905574401219684		 Val RE1 dist: 0.9102656841278076
             	SED dist: 0.4310299555460612		 Val SED dist: 1.379414677619934

Epoch 80058/100000: Training Loss: 0.1521023909250895		 Val Loss: 0.43672531843185425
             	Training MAE: 0.06596836447715759		 Val MAE: 0.06480150669813156
             	Algebraic dist: 0.3921043872833252		 Val Algebraic dist: 0.6294991970062256
             	RE1 dist: 0.15879138310750326		 Val RE1 dist: 0.5265852212905884
             	SED dist: 0.2679787874221802		 Val SED dist: 0.8379156589508057

Epoch 80059/100000: Training Loss: 0.17828182379404703		 Val Loss: 0.6598271727561951
             	Training MAE: 0.07230691611766815		 Val MAE: 0.0703294575214386
             	Algebraic dist: 0.42770500977834064		 Val Algebraic dist: 0.8033990859985352
             	RE1 dist: 0.19342041015625		 Val RE1 dist: 0.9135552048683167
             	SED dist: 0.3102306127548218		 Val SED dist: 1.2821283340454102

Epoch 80060/100000: Training Loss: 0.18792039155960083		 Val Loss: 0.6346678137779236
             	Training MAE: 0.06640565395355225		 Val MAE: 0.06168214976787567
             	Algebraic dist: 0.454513947168986		 Val Algebraic dist: 0.810239851474762
             	RE1 dist: 0.22624103228251138		 Val RE1 dist: 0.6289474964141846
             	SED dist: 0.33891669909159344		 Val SED dist: 1.2342000007629395

Epoch 80061/100000: Training Loss: 0.2158874273300171		 Val Loss: 0.6512022614479065
             	Training MAE: 0.06812479346990585		 Val MAE: 0.06234055384993553
             	Algebraic dist: 0.4833773771921794		 Val Algebraic dist: 0.7901729345321655
             	RE1 dist: 0.25183725357055664		 Val RE1 dist: 0.9259999394416809
             	SED dist: 0.3869860569636027		 Val SED dist: 1.267409086227417

Epoch 80062/100000: Training Loss: 0.15626866618792215		 Val Loss: 0.6014228463172913
             	Training MAE: 0.06455563753843307		 Val MAE: 0.06201871111989021
             	Algebraic dist: 0.39393405119578045		 Val Algebraic dist: 0.8030439615249634
             	RE1 dist: 0.16371190547943115		 Val RE1 dist: 0.6931025981903076
             	SED dist: 0.27694271008173627		 Val SED dist: 1.1680123805999756

Epoch 80063/100000: Training Loss: 0.24035044511159262		 Val Loss: 0.6873368620872498
             	Training MAE: 0.06416096538305283		 Val MAE: 0.06093500927090645
             	Algebraic dist: 0.5338151454925537		 Val Algebraic dist: 0.8338251113891602
             	RE1 dist: 0.3007101813952128		 Val RE1 dist: 0.9794437289237976
             	SED dist: 0.4452100992202759		 Val SED dist: 1.3400319814682007

Epoch 80064/100000: Training Loss: 0.349154790242513		 Val Loss: 0.684836208820343
             	Training MAE: 0.0704699456691742		 Val MAE: 0.06857458502054214
             	Algebraic dist: 0.6549856662750244		 Val Algebraic dist: 0.8779804706573486
             	RE1 dist: 0.45478665828704834		 Val RE1 dist: 0.6956368684768677
             	SED dist: 0.6534837484359741		 Val SED dist: 1.3332570791244507

Epoch 80065/100000: Training Loss: 0.4239822228749593		 Val Loss: 1.0362507104873657
             	Training MAE: 0.07002334296703339		 Val MAE: 0.06605742871761322
             	Algebraic dist: 0.7323883374532064		 Val Algebraic dist: 1.1014808416366577
             	RE1 dist: 0.5331341425577799		 Val RE1 dist: 1.4381755590438843
             	SED dist: 0.802448034286499		 Val SED dist: 2.0364744663238525

Epoch 80066/100000: Training Loss: 0.6405877272288004		 Val Loss: 1.1068534851074219
             	Training MAE: 0.06960107386112213		 Val MAE: 0.07909781485795975
             	Algebraic dist: 0.9330186049143473		 Val Algebraic dist: 1.1266285181045532
             	RE1 dist: 0.879437526067098		 Val RE1 dist: 1.022424578666687
             	SED dist: 1.2424792448679607		 Val SED dist: 2.1706297397613525

Epoch 80067/100000: Training Loss: 0.3811328013737996		 Val Loss: 1.1879379749298096
             	Training MAE: 0.0752556249499321		 Val MAE: 0.07529302686452866
             	Algebraic dist: 0.6997536818186442		 Val Algebraic dist: 1.1536809206008911
             	RE1 dist: 0.47295379638671875		 Val RE1 dist: 1.6887691020965576
             	SED dist: 0.7156293392181396		 Val SED dist: 2.3350956439971924

Epoch 80068/100000: Training Loss: 0.3721206982930501		 Val Loss: 0.5723565220832825
             	Training MAE: 0.06951835751533508		 Val MAE: 0.061494115740060806
             	Algebraic dist: 0.6982001463572184		 Val Algebraic dist: 0.7575582265853882
             	RE1 dist: 0.5062637726465861		 Val RE1 dist: 0.7757790088653564
             	SED dist: 0.7060617605845133		 Val SED dist: 1.1101081371307373

Epoch 80069/100000: Training Loss: 0.3219328125317891		 Val Loss: 0.6067972779273987
             	Training MAE: 0.06773702055215836		 Val MAE: 0.06698266416788101
             	Algebraic dist: 0.6319413185119629		 Val Algebraic dist: 0.7502939105033875
             	RE1 dist: 0.42114293575286865		 Val RE1 dist: 0.8076062798500061
             	SED dist: 0.6074408292770386		 Val SED dist: 1.1775890588760376

Epoch 80070/100000: Training Loss: 0.32113603750864667		 Val Loss: 0.6329551339149475
             	Training MAE: 0.07078462839126587		 Val MAE: 0.06650232523679733
             	Algebraic dist: 0.6127785841623942		 Val Algebraic dist: 0.8188449144363403
             	RE1 dist: 0.36043477058410645		 Val RE1 dist: 0.711074709892273
             	SED dist: 0.5976634820302328		 Val SED dist: 1.229960322380066

Epoch 80071/100000: Training Loss: 0.28382203976313275		 Val Loss: 0.5704455971717834
             	Training MAE: 0.06992500275373459		 Val MAE: 0.07309551537036896
             	Algebraic dist: 0.5730732679367065		 Val Algebraic dist: 0.7188989520072937
             	RE1 dist: 0.33418556054433185		 Val RE1 dist: 0.8404349684715271
             	SED dist: 0.5230368773142496		 Val SED dist: 1.1020679473876953

Epoch 80072/100000: Training Loss: 0.29068320989608765		 Val Loss: 0.6239455938339233
             	Training MAE: 0.07352562993764877		 Val MAE: 0.06738398224115372
             	Algebraic dist: 0.5790815353393555		 Val Algebraic dist: 0.8392687439918518
             	RE1 dist: 0.3475462595621745		 Val RE1 dist: 0.7493828535079956
             	SED dist: 0.5414005120595297		 Val SED dist: 1.2119958400726318

Epoch 80073/100000: Training Loss: 0.19983001550038657		 Val Loss: 0.6694216132164001
             	Training MAE: 0.06465897709131241		 Val MAE: 0.06337223947048187
             	Algebraic dist: 0.47006766001383465		 Val Algebraic dist: 0.8290618658065796
             	RE1 dist: 0.22385374704996744		 Val RE1 dist: 1.0071719884872437
             	SED dist: 0.364099661509196		 Val SED dist: 1.3033809661865234

Epoch 80074/100000: Training Loss: 0.19924153884251913		 Val Loss: 0.5507458448410034
             	Training MAE: 0.0655427798628807		 Val MAE: 0.062084946781396866
             	Algebraic dist: 0.48522448539733887		 Val Algebraic dist: 0.6880947351455688
             	RE1 dist: 0.22649733225504556		 Val RE1 dist: 0.7709909677505493
             	SED dist: 0.3627487023671468		 Val SED dist: 1.0668482780456543

Epoch 80075/100000: Training Loss: 0.25017885367075604		 Val Loss: 0.5131046175956726
             	Training MAE: 0.0662754625082016		 Val MAE: 0.062426235526800156
             	Algebraic dist: 0.5478556950887045		 Val Algebraic dist: 0.7476706504821777
             	RE1 dist: 0.32232898473739624		 Val RE1 dist: 0.5718345642089844
             	SED dist: 0.46424078941345215		 Val SED dist: 0.9915236830711365

Epoch 80076/100000: Training Loss: 0.29742856820424396		 Val Loss: 1.1698617935180664
             	Training MAE: 0.06511847674846649		 Val MAE: 0.0614633746445179
             	Algebraic dist: 0.6016244490941366		 Val Algebraic dist: 1.1671385765075684
             	RE1 dist: 0.35985692342122394		 Val RE1 dist: 1.821068525314331
             	SED dist: 0.5589733918507894		 Val SED dist: 2.3047409057617188

Epoch 80077/100000: Training Loss: 0.2983710765838623		 Val Loss: 0.707088828086853
             	Training MAE: 0.06492696702480316		 Val MAE: 0.06452195346355438
             	Algebraic dist: 0.611458420753479		 Val Algebraic dist: 0.9028993844985962
             	RE1 dist: 0.4015623728434245		 Val RE1 dist: 0.8071190714836121
             	SED dist: 0.5610977411270142		 Val SED dist: 1.379321813583374

Epoch 80078/100000: Training Loss: 0.27186556657155353		 Val Loss: 0.8398156762123108
             	Training MAE: 0.07003612816333771		 Val MAE: 0.06948290020227432
             	Algebraic dist: 0.5674132903416952		 Val Algebraic dist: 0.9249677658081055
             	RE1 dist: 0.33072243134180707		 Val RE1 dist: 1.256492257118225
             	SED dist: 0.49813656012217206		 Val SED dist: 1.6423968076705933

Epoch 80079/100000: Training Loss: 0.3369096914927165		 Val Loss: 0.6702029705047607
             	Training MAE: 0.07181894779205322		 Val MAE: 0.06651082634925842
             	Algebraic dist: 0.6278466780980428		 Val Algebraic dist: 0.9128838181495667
             	RE1 dist: 0.39113064606984455		 Val RE1 dist: 0.7773397564888
             	SED dist: 0.629259467124939		 Val SED dist: 1.304937481880188

Epoch 80080/100000: Training Loss: 0.6884944438934326		 Val Loss: 1.555773377418518
             	Training MAE: 0.0696902871131897		 Val MAE: 0.0781191885471344
             	Algebraic dist: 1.010077714920044		 Val Algebraic dist: 1.291916847229004
             	RE1 dist: 0.8803932666778564		 Val RE1 dist: 2.655643939971924
             	SED dist: 1.33877166112264		 Val SED dist: 3.068809747695923

Epoch 80081/100000: Training Loss: 0.7600674629211426		 Val Loss: 0.835597574710846
             	Training MAE: 0.07796333730220795		 Val MAE: 0.06984680891036987
             	Algebraic dist: 1.0701076189676921		 Val Algebraic dist: 0.9836519956588745
             	RE1 dist: 1.0822423299153645		 Val RE1 dist: 0.8764069676399231
             	SED dist: 1.4766933123270671		 Val SED dist: 1.6337711811065674

Epoch 80082/100000: Training Loss: 0.4427824417750041		 Val Loss: 0.48161259293556213
             	Training MAE: 0.06810424476861954		 Val MAE: 0.06608514487743378
             	Algebraic dist: 0.7979388236999512		 Val Algebraic dist: 0.6978253126144409
             	RE1 dist: 0.5788929462432861		 Val RE1 dist: 0.5894201993942261
             	SED dist: 0.8479681809743246		 Val SED dist: 0.9270619750022888

Epoch 80083/100000: Training Loss: 0.2644130786259969		 Val Loss: 0.6489943861961365
             	Training MAE: 0.06906097382307053		 Val MAE: 0.06087254732847214
             	Algebraic dist: 0.564333438873291		 Val Algebraic dist: 0.8311630487442017
             	RE1 dist: 0.32477174202601117		 Val RE1 dist: 0.9124825596809387
             	SED dist: 0.4845488866170247		 Val SED dist: 1.2634910345077515

Epoch 80084/100000: Training Loss: 0.2741822799046834		 Val Loss: 0.6456186771392822
             	Training MAE: 0.07037943601608276		 Val MAE: 0.0674956738948822
             	Algebraic dist: 0.5837558110555013		 Val Algebraic dist: 0.8673299551010132
             	RE1 dist: 0.34707558155059814		 Val RE1 dist: 0.7981966137886047
             	SED dist: 0.5031832853953043		 Val SED dist: 1.2555879354476929

Epoch 80085/100000: Training Loss: 0.21382459004720053		 Val Loss: 0.5627410411834717
             	Training MAE: 0.06798947602510452		 Val MAE: 0.06362734735012054
             	Algebraic dist: 0.48896793524424237		 Val Algebraic dist: 0.7597460150718689
             	RE1 dist: 0.23370110988616943		 Val RE1 dist: 0.7660423517227173
             	SED dist: 0.3904503583908081		 Val SED dist: 1.090168833732605

Epoch 80086/100000: Training Loss: 0.17225128412246704		 Val Loss: 0.48315560817718506
             	Training MAE: 0.07010113447904587		 Val MAE: 0.061970435082912445
             	Algebraic dist: 0.43264373143513996		 Val Algebraic dist: 0.6873244047164917
             	RE1 dist: 0.18880041440327963		 Val RE1 dist: 0.7394272685050964
             	SED dist: 0.29912517468134564		 Val SED dist: 0.9312717914581299

Epoch 80087/100000: Training Loss: 0.18096208572387695		 Val Loss: 0.48347824811935425
             	Training MAE: 0.0654056966304779		 Val MAE: 0.061836522072553635
             	Algebraic dist: 0.460120956103007		 Val Algebraic dist: 0.6970146298408508
             	RE1 dist: 0.2216101884841919		 Val RE1 dist: 0.648318886756897
             	SED dist: 0.3260116179784139		 Val SED dist: 0.9322717189788818

Epoch 80088/100000: Training Loss: 0.20811512072881064		 Val Loss: 0.7723941802978516
             	Training MAE: 0.06467629969120026		 Val MAE: 0.06295216828584671
             	Algebraic dist: 0.4783495267232259		 Val Algebraic dist: 0.9027573466300964
             	RE1 dist: 0.24305985371271768		 Val RE1 dist: 1.1553858518600464
             	SED dist: 0.38084590435028076		 Val SED dist: 1.5100336074829102

Epoch 80089/100000: Training Loss: 0.24174424012502035		 Val Loss: 0.5363043546676636
             	Training MAE: 0.0681120902299881		 Val MAE: 0.060890082269907
             	Algebraic dist: 0.5169142882029215		 Val Algebraic dist: 0.7463927268981934
             	RE1 dist: 0.2691758672396342		 Val RE1 dist: 0.722818911075592
             	SED dist: 0.4392281373341878		 Val SED dist: 1.0380570888519287

Epoch 80090/100000: Training Loss: 0.17683911323547363		 Val Loss: 0.595822274684906
             	Training MAE: 0.06523460894823074		 Val MAE: 0.065121591091156
             	Algebraic dist: 0.44556208451588947		 Val Algebraic dist: 0.7777435779571533
             	RE1 dist: 0.19831417004267374		 Val RE1 dist: 0.8449426293373108
             	SED dist: 0.31817569335301715		 Val SED dist: 1.1560512781143188

Epoch 80091/100000: Training Loss: 0.17904593547185263		 Val Loss: 0.47041502594947815
             	Training MAE: 0.06615331768989563		 Val MAE: 0.06253516674041748
             	Algebraic dist: 0.43801085154215497		 Val Algebraic dist: 0.6596648693084717
             	RE1 dist: 0.21335659424463907		 Val RE1 dist: 0.6372932195663452
             	SED dist: 0.32209211587905884		 Val SED dist: 0.9060004353523254

Epoch 80092/100000: Training Loss: 0.26732967297236127		 Val Loss: 0.9785655736923218
             	Training MAE: 0.06856853514909744		 Val MAE: 0.06091209501028061
             	Algebraic dist: 0.5541919072469076		 Val Algebraic dist: 0.9970463514328003
             	RE1 dist: 0.31708059708277386		 Val RE1 dist: 1.570965051651001
             	SED dist: 0.48983581860860187		 Val SED dist: 1.922484278678894

Epoch 80093/100000: Training Loss: 0.5416117111841837		 Val Loss: 1.6076788902282715
             	Training MAE: 0.0663309097290039		 Val MAE: 0.060693856328725815
             	Algebraic dist: 0.8954861958821615		 Val Algebraic dist: 1.54756498336792
             	RE1 dist: 0.6999912261962891		 Val RE1 dist: 2.2251014709472656
             	SED dist: 1.0471030076344807		 Val SED dist: 3.18145489692688

Epoch 80094/100000: Training Loss: 1.0008933544158936		 Val Loss: 0.6980727314949036
             	Training MAE: 0.06669124215841293		 Val MAE: 0.061052460223436356
             	Algebraic dist: 1.228242556254069		 Val Algebraic dist: 0.891681432723999
             	RE1 dist: 1.5110737482706706		 Val RE1 dist: 0.9674921035766602
             	SED dist: 1.9654151598612468		 Val SED dist: 1.3617345094680786

Epoch 80095/100000: Training Loss: 0.6129599809646606		 Val Loss: 0.8036057949066162
             	Training MAE: 0.07323945313692093		 Val MAE: 0.07799152284860611
             	Algebraic dist: 0.9093652566274008		 Val Algebraic dist: 0.8623219728469849
             	RE1 dist: 0.7644627888997396		 Val RE1 dist: 1.2647589445114136
             	SED dist: 1.1858117580413818		 Val SED dist: 1.565361499786377

Epoch 80096/100000: Training Loss: 0.3630739450454712		 Val Loss: 1.0789759159088135
             	Training MAE: 0.07670661807060242		 Val MAE: 0.0654752179980278
             	Algebraic dist: 0.6845348676045736		 Val Algebraic dist: 1.1330264806747437
             	RE1 dist: 0.5023700396219889		 Val RE1 dist: 1.1303496360778809
             	SED dist: 0.6838978131612142		 Val SED dist: 2.122138738632202

Epoch 80097/100000: Training Loss: 0.4044082562128703		 Val Loss: 0.5362150073051453
             	Training MAE: 0.07083942741155624		 Val MAE: 0.06521174311637878
             	Algebraic dist: 0.7304211457570394		 Val Algebraic dist: 0.7483235597610474
             	RE1 dist: 0.5176682074864706		 Val RE1 dist: 0.7155815958976746
             	SED dist: 0.7629843552907308		 Val SED dist: 1.0372782945632935

Epoch 80098/100000: Training Loss: 0.26212743918100995		 Val Loss: 1.1793456077575684
             	Training MAE: 0.06677640229463577		 Val MAE: 0.06996121257543564
             	Algebraic dist: 0.5770849784215292		 Val Algebraic dist: 1.1392627954483032
             	RE1 dist: 0.32595916589101154		 Val RE1 dist: 1.989928126335144
             	SED dist: 0.48791225751241046		 Val SED dist: 2.3218908309936523

Epoch 80099/100000: Training Loss: 0.3067288001378377		 Val Loss: 0.7724980711936951
             	Training MAE: 0.06964044272899628		 Val MAE: 0.06237005442380905
             	Algebraic dist: 0.6325604518254598		 Val Algebraic dist: 1.014015793800354
             	RE1 dist: 0.418914000193278		 Val RE1 dist: 0.940699577331543
             	SED dist: 0.5759165287017822		 Val SED dist: 1.5102739334106445

Epoch 80100/100000: Training Loss: 0.40407804648081463		 Val Loss: 0.5148031115531921
             	Training MAE: 0.06604600697755814		 Val MAE: 0.06349124759435654
             	Algebraic dist: 0.7690335909525553		 Val Algebraic dist: 0.7620062232017517
             	RE1 dist: 0.5920990308125814		 Val RE1 dist: 0.627708375453949
             	SED dist: 0.7719395955403646		 Val SED dist: 0.9942256808280945

Epoch 80101/100000: Training Loss: 0.4133007923762004		 Val Loss: 1.057471513748169
             	Training MAE: 0.06791073828935623		 Val MAE: 0.064597487449646
             	Algebraic dist: 0.7762308915456136		 Val Algebraic dist: 1.1214919090270996
             	RE1 dist: 0.5715057055155436		 Val RE1 dist: 1.8490492105484009
             	SED dist: 0.7890156904856364		 Val SED dist: 2.0795631408691406

Epoch 80102/100000: Training Loss: 0.43074941635131836		 Val Loss: 0.8129271268844604
             	Training MAE: 0.06634202599525452		 Val MAE: 0.07191350311040878
             	Algebraic dist: 0.7918147246042887		 Val Algebraic dist: 1.0041548013687134
             	RE1 dist: 0.6626689434051514		 Val RE1 dist: 0.9173636436462402
             	SED dist: 0.8255322774251302		 Val SED dist: 1.5876984596252441

Epoch 80103/100000: Training Loss: 0.33110729853312176		 Val Loss: 0.5178957581520081
             	Training MAE: 0.075210340321064		 Val MAE: 0.06498585641384125
             	Algebraic dist: 0.6722796758015951		 Val Algebraic dist: 0.7403762936592102
             	RE1 dist: 0.4371299346288045		 Val RE1 dist: 0.6945430040359497
             	SED dist: 0.6159302393595377		 Val SED dist: 1.000503420829773

Epoch 80104/100000: Training Loss: 0.2392401099205017		 Val Loss: 0.8186041712760925
             	Training MAE: 0.066059909760952		 Val MAE: 0.06194359064102173
             	Algebraic dist: 0.5549983978271484		 Val Algebraic dist: 0.9596953988075256
             	RE1 dist: 0.3058049480120341		 Val RE1 dist: 1.2583162784576416
             	SED dist: 0.4425947268803914		 Val SED dist: 1.6024993658065796

Epoch 80105/100000: Training Loss: 0.2258350650469462		 Val Loss: 0.7035115957260132
             	Training MAE: 0.0670432448387146		 Val MAE: 0.06460876762866974
             	Algebraic dist: 0.5327759981155396		 Val Algebraic dist: 0.8531584739685059
             	RE1 dist: 0.3030311663945516		 Val RE1 dist: 1.0734795331954956
             	SED dist: 0.41581233342488605		 Val SED dist: 1.3722655773162842

Epoch 80106/100000: Training Loss: 0.20090246200561523		 Val Loss: 0.6142287254333496
             	Training MAE: 0.06661128997802734		 Val MAE: 0.061255112290382385
             	Algebraic dist: 0.4951753218968709		 Val Algebraic dist: 0.8539761900901794
             	RE1 dist: 0.24977227052052817		 Val RE1 dist: 0.7288877367973328
             	SED dist: 0.3659387032190959		 Val SED dist: 1.1937270164489746

Epoch 80107/100000: Training Loss: 0.25428561369578045		 Val Loss: 0.5535733699798584
             	Training MAE: 0.06465455889701843		 Val MAE: 0.06323014199733734
             	Algebraic dist: 0.574713945388794		 Val Algebraic dist: 0.7584268450737
             	RE1 dist: 0.3480763832728068		 Val RE1 dist: 0.8357629776000977
             	SED dist: 0.4731020927429199		 Val SED dist: 1.072087287902832

Epoch 80108/100000: Training Loss: 0.21091111501057944		 Val Loss: 0.8457239866256714
             	Training MAE: 0.06599719077348709		 Val MAE: 0.06151089817285538
             	Algebraic dist: 0.5188573201497396		 Val Algebraic dist: 0.9428228139877319
             	RE1 dist: 0.266979455947876		 Val RE1 dist: 1.3945057392120361
             	SED dist: 0.3857791026433309		 Val SED dist: 1.6566944122314453

Epoch 80109/100000: Training Loss: 0.21965664625167847		 Val Loss: 0.5795149207115173
             	Training MAE: 0.06515572220087051		 Val MAE: 0.06115475296974182
             	Algebraic dist: 0.5301503340403239		 Val Algebraic dist: 0.8033815622329712
             	RE1 dist: 0.2851962248484294		 Val RE1 dist: 0.8248517513275146
             	SED dist: 0.4037320613861084		 Val SED dist: 1.1246494054794312

Epoch 80110/100000: Training Loss: 0.18917471170425415		 Val Loss: 0.5283055305480957
             	Training MAE: 0.06574348360300064		 Val MAE: 0.06067020818591118
             	Algebraic dist: 0.49624164899190265		 Val Algebraic dist: 0.7527732849121094
             	RE1 dist: 0.2534123460451762		 Val RE1 dist: 0.7287006974220276
             	SED dist: 0.3426121473312378		 Val SED dist: 1.0223675966262817

Epoch 80111/100000: Training Loss: 0.16348880529403687		 Val Loss: 0.608786940574646
             	Training MAE: 0.06563162058591843		 Val MAE: 0.06362137198448181
             	Algebraic dist: 0.421342929204305		 Val Algebraic dist: 0.7949841618537903
             	RE1 dist: 0.18037696679433188		 Val RE1 dist: 0.881106972694397
             	SED dist: 0.2913742462793986		 Val SED dist: 1.182845115661621

Epoch 80112/100000: Training Loss: 0.18728272120157877		 Val Loss: 0.6046432852745056
             	Training MAE: 0.06980033963918686		 Val MAE: 0.061689700931310654
             	Algebraic dist: 0.46039319038391113		 Val Algebraic dist: 0.7952010631561279
             	RE1 dist: 0.22130994002024332		 Val RE1 dist: 0.8219375014305115
             	SED dist: 0.3304256796836853		 Val SED dist: 1.1745326519012451

Epoch 80113/100000: Training Loss: 0.2295056382815043		 Val Loss: 0.49324777722358704
             	Training MAE: 0.06895960867404938		 Val MAE: 0.06124873831868172
             	Algebraic dist: 0.5334144433339437		 Val Algebraic dist: 0.7212576270103455
             	RE1 dist: 0.27545930941899616		 Val RE1 dist: 0.6494044661521912
             	SED dist: 0.41520361105600995		 Val SED dist: 0.9517956972122192

Epoch 80114/100000: Training Loss: 0.1860955556233724		 Val Loss: 0.6417319774627686
             	Training MAE: 0.06548112630844116		 Val MAE: 0.06234884262084961
             	Algebraic dist: 0.47546911239624023		 Val Algebraic dist: 0.8459727168083191
             	RE1 dist: 0.228358527024587		 Val RE1 dist: 0.8454625010490417
             	SED dist: 0.3364399274190267		 Val SED dist: 1.2488962411880493

Epoch 80115/100000: Training Loss: 0.1893467903137207		 Val Loss: 0.699379026889801
             	Training MAE: 0.06575426459312439		 Val MAE: 0.06319818645715714
             	Algebraic dist: 0.46275901794433594		 Val Algebraic dist: 0.8862515091896057
             	RE1 dist: 0.23471367359161377		 Val RE1 dist: 1.0375720262527466
             	SED dist: 0.34279664357503253		 Val SED dist: 1.3636099100112915

Epoch 80116/100000: Training Loss: 0.2254581848780314		 Val Loss: 0.6696932911872864
             	Training MAE: 0.06898928433656693		 Val MAE: 0.06116022914648056
             	Algebraic dist: 0.5126393636067709		 Val Algebraic dist: 0.8408430814743042
             	RE1 dist: 0.26376811663309735		 Val RE1 dist: 0.8908703923225403
             	SED dist: 0.40610361099243164		 Val SED dist: 1.30489981174469

Epoch 80117/100000: Training Loss: 0.1879410743713379		 Val Loss: 0.5662459135055542
             	Training MAE: 0.06849031150341034		 Val MAE: 0.062077563256025314
             	Algebraic dist: 0.4469451109568278		 Val Algebraic dist: 0.7832225561141968
             	RE1 dist: 0.21477230389912924		 Val RE1 dist: 0.6940497159957886
             	SED dist: 0.3320864836374919		 Val SED dist: 1.0977486371994019

Epoch 80118/100000: Training Loss: 0.2854921023050944		 Val Loss: 0.8101459741592407
             	Training MAE: 0.06554156541824341		 Val MAE: 0.06269911676645279
             	Algebraic dist: 0.6231728394826254		 Val Algebraic dist: 0.9206916093826294
             	RE1 dist: 0.3967760403951009		 Val RE1 dist: 1.2137805223464966
             	SED dist: 0.5357553561528524		 Val SED dist: 1.5855357646942139

Epoch 80119/100000: Training Loss: 0.2181660532951355		 Val Loss: 0.5294623374938965
             	Training MAE: 0.06635495275259018		 Val MAE: 0.061586592346429825
             	Algebraic dist: 0.5099737644195557		 Val Algebraic dist: 0.7423372268676758
             	RE1 dist: 0.2864153981208801		 Val RE1 dist: 0.6336395144462585
             	SED dist: 0.40009693304697674		 Val SED dist: 1.0241212844848633

Epoch 80120/100000: Training Loss: 0.2565828760464986		 Val Loss: 0.5165718793869019
             	Training MAE: 0.06529133021831512		 Val MAE: 0.06361038237810135
             	Algebraic dist: 0.5797853469848633		 Val Algebraic dist: 0.7583303451538086
             	RE1 dist: 0.35831117630004883		 Val RE1 dist: 0.6158280968666077
             	SED dist: 0.477420171101888		 Val SED dist: 0.998039186000824

Epoch 80121/100000: Training Loss: 0.21303721268971762		 Val Loss: 0.7683997750282288
             	Training MAE: 0.06415096670389175		 Val MAE: 0.06219841167330742
             	Algebraic dist: 0.49227607250213623		 Val Algebraic dist: 0.954194962978363
             	RE1 dist: 0.2460875908533732		 Val RE1 dist: 1.2358285188674927
             	SED dist: 0.3905869722366333		 Val SED dist: 1.5021300315856934

Epoch 80122/100000: Training Loss: 0.21494442224502563		 Val Loss: 0.6323865056037903
             	Training MAE: 0.07107145339250565		 Val MAE: 0.0632721334695816
             	Algebraic dist: 0.48491354783376056		 Val Algebraic dist: 0.8137373924255371
             	RE1 dist: 0.25255900621414185		 Val RE1 dist: 0.826438307762146
             	SED dist: 0.38409125804901123		 Val SED dist: 1.2296024560928345

Epoch 80123/100000: Training Loss: 0.17685685555140176		 Val Loss: 0.5024515986442566
             	Training MAE: 0.06627068668603897		 Val MAE: 0.06226993352174759
             	Algebraic dist: 0.42976494630177814		 Val Algebraic dist: 0.7223948240280151
             	RE1 dist: 0.1973578135172526		 Val RE1 dist: 0.6837576031684875
             	SED dist: 0.3170774777730306		 Val SED dist: 0.969872772693634

Epoch 80124/100000: Training Loss: 0.20349969466527304		 Val Loss: 0.5460543632507324
             	Training MAE: 0.06474470347166061		 Val MAE: 0.06137092784047127
             	Algebraic dist: 0.4787838061650594		 Val Algebraic dist: 0.7343482971191406
             	RE1 dist: 0.236259659131368		 Val RE1 dist: 0.7617270350456238
             	SED dist: 0.3714142640431722		 Val SED dist: 1.057740569114685

Epoch 80125/100000: Training Loss: 0.20439513524373373		 Val Loss: 0.5747432112693787
             	Training MAE: 0.06550746411085129		 Val MAE: 0.06350281089544296
             	Algebraic dist: 0.5170449018478394		 Val Algebraic dist: 0.7546713352203369
             	RE1 dist: 0.27668563524882		 Val RE1 dist: 0.6888870596885681
             	SED dist: 0.37294963995615643		 Val SED dist: 1.114650011062622

Epoch 80126/100000: Training Loss: 0.28383733828862506		 Val Loss: 0.5145701766014099
             	Training MAE: 0.06731316447257996		 Val MAE: 0.0613117590546608
             	Algebraic dist: 0.5723307530085245		 Val Algebraic dist: 0.7383036613464355
             	RE1 dist: 0.3267354369163513		 Val RE1 dist: 0.7051694393157959
             	SED dist: 0.530687133471171		 Val SED dist: 0.9945318102836609

Epoch 80127/100000: Training Loss: 0.23622095584869385		 Val Loss: 0.521674394607544
             	Training MAE: 0.06508348882198334		 Val MAE: 0.061952825635671616
             	Algebraic dist: 0.5309445858001709		 Val Algebraic dist: 0.7344746589660645
             	RE1 dist: 0.2999597986539205		 Val RE1 dist: 0.7097979187965393
             	SED dist: 0.4367692867914836		 Val SED dist: 1.0086044073104858

Epoch 80128/100000: Training Loss: 0.2575743794441223		 Val Loss: 0.48926693201065063
             	Training MAE: 0.06958014518022537		 Val MAE: 0.0645269826054573
             	Algebraic dist: 0.5455194314320883		 Val Algebraic dist: 0.6944223046302795
             	RE1 dist: 0.29842106501261395		 Val RE1 dist: 0.5998243689537048
             	SED dist: 0.4709489345550537		 Val SED dist: 0.9435083866119385

Epoch 80129/100000: Training Loss: 0.21581963698069254		 Val Loss: 0.8964911699295044
             	Training MAE: 0.06586592644453049		 Val MAE: 0.061936262995004654
             	Algebraic dist: 0.5042583545049032		 Val Algebraic dist: 1.0091694593429565
             	RE1 dist: 0.2756187717119853		 Val RE1 dist: 1.465324878692627
             	SED dist: 0.39539146423339844		 Val SED dist: 1.758331537246704

Epoch 80130/100000: Training Loss: 0.2740201950073242		 Val Loss: 0.5970253944396973
             	Training MAE: 0.06531938910484314		 Val MAE: 0.062654510140419
             	Algebraic dist: 0.5832180182139078		 Val Algebraic dist: 0.8049477338790894
             	RE1 dist: 0.37049349149068195		 Val RE1 dist: 0.6871846914291382
             	SED dist: 0.5123144388198853		 Val SED dist: 1.1592860221862793

Epoch 80131/100000: Training Loss: 0.27335760990778607		 Val Loss: 0.49408209323883057
             	Training MAE: 0.06588581204414368		 Val MAE: 0.06501609832048416
             	Algebraic dist: 0.5750349760055542		 Val Algebraic dist: 0.6862426400184631
             	RE1 dist: 0.34079281489054364		 Val RE1 dist: 0.5765450596809387
             	SED dist: 0.5108217398325602		 Val SED dist: 0.952854573726654

Epoch 80132/100000: Training Loss: 0.3149540623029073		 Val Loss: 0.744634211063385
             	Training MAE: 0.06805754452943802		 Val MAE: 0.06647554039955139
             	Algebraic dist: 0.633508563041687		 Val Algebraic dist: 0.876036524772644
             	RE1 dist: 0.40746323267618817		 Val RE1 dist: 1.1205037832260132
             	SED dist: 0.5867182811101278		 Val SED dist: 1.4531875848770142

Epoch 80133/100000: Training Loss: 0.22675061225891113		 Val Loss: 0.6045735478401184
             	Training MAE: 0.06879176944494247		 Val MAE: 0.06904716789722443
             	Algebraic dist: 0.5091476440429688		 Val Algebraic dist: 0.8244835734367371
             	RE1 dist: 0.2583022912343343		 Val RE1 dist: 0.7743334770202637
             	SED dist: 0.40772418181101483		 Val SED dist: 1.1728761196136475

Epoch 80134/100000: Training Loss: 0.34593844413757324		 Val Loss: 0.6150014400482178
             	Training MAE: 0.07335694134235382		 Val MAE: 0.07116680592298508
             	Algebraic dist: 0.654426376024882		 Val Algebraic dist: 0.7586466073989868
             	RE1 dist: 0.43641984462738037		 Val RE1 dist: 0.9255189299583435
             	SED dist: 0.6518410046895345		 Val SED dist: 1.1926801204681396

Epoch 80135/100000: Training Loss: 0.37611186504364014		 Val Loss: 1.4266250133514404
             	Training MAE: 0.07287151366472244		 Val MAE: 0.06378151476383209
             	Algebraic dist: 0.7165625890096029		 Val Algebraic dist: 1.3167091608047485
             	RE1 dist: 0.5147701899210612		 Val RE1 dist: 2.2450103759765625
             	SED dist: 0.705761988957723		 Val SED dist: 2.8180391788482666

Epoch 80136/100000: Training Loss: 0.5472492376963297		 Val Loss: 0.726496696472168
             	Training MAE: 0.06590716540813446		 Val MAE: 0.06446384638547897
             	Algebraic dist: 0.8917656739552816		 Val Algebraic dist: 0.9594963788986206
             	RE1 dist: 0.7778534094492594		 Val RE1 dist: 0.9162258505821228
             	SED dist: 1.0588380495707195		 Val SED dist: 1.4176582098007202

Epoch 80137/100000: Training Loss: 0.5047005812327067		 Val Loss: 1.185391902923584
             	Training MAE: 0.07134562730789185		 Val MAE: 0.06771078705787659
             	Algebraic dist: 0.8312560717264811		 Val Algebraic dist: 1.1506032943725586
             	RE1 dist: 0.6606561342875162		 Val RE1 dist: 1.8752387762069702
             	SED dist: 0.9628893534342448		 Val SED dist: 2.334576368331909

Epoch 80138/100000: Training Loss: 0.4781315326690674		 Val Loss: 0.5548318028450012
             	Training MAE: 0.070572130382061		 Val MAE: 0.06091989949345589
             	Algebraic dist: 0.7774899005889893		 Val Algebraic dist: 0.7923421859741211
             	RE1 dist: 0.6179133653640747		 Val RE1 dist: 0.6985572576522827
             	SED dist: 0.909883975982666		 Val SED dist: 1.0755549669265747

