nohup: ignoring input
/home/alonkay/conda/alon/lib/python3.9/site-packages/transformers/utils/generic.py:260: FutureWarning: `torch.utils._pytree._register_pytree_node` is deprecated. Please use `torch.utils._pytree.register_pytree_node` instead.
  torch.utils._pytree._register_pytree_node(
/home/alonkay/conda/alon/lib/python3.9/site-packages/huggingface_hub/file_download.py:1150: FutureWarning: `resume_download` is deprecated and will be removed in version 1.0.0. Downloads always resume when possible. If you want to force a new download, use `force_download=True`.
  warnings.warn(
/home/alonkay/conda/alon/lib/python3.9/site-packages/transformers/modeling_utils.py:479: FutureWarning: You are using `torch.load` with `weights_only=False` (the current default value), which uses the default pickle module implicitly. It is possible to construct malicious pickle data which will execute arbitrary code during unpickling (See https://github.com/pytorch/pytorch/blob/main/SECURITY.md#untrusted-models for more details). In a future release, the default value for `weights_only` will be flipped to `True`. This limits the functions that could be executed during unpickling. Arbitrary objects will no longer be allowed to be loaded via this mode unless they are explicitly allowlisted by the user via `torch.serialization.add_safe_globals`. We recommend you start setting `weights_only=True` for any use case where you don't have full control of the loaded file. Please open an issue on GitHub for any issues related to this experimental feature.
  return torch.load(checkpoint_file, map_location=map_location)
/home/alonkay/Thesis/FMatrixRegressor.py:348: FutureWarning: You are using `torch.load` with `weights_only=False` (the current default value), which uses the default pickle module implicitly. It is possible to construct malicious pickle data which will execute arbitrary code during unpickling (See https://github.com/pytorch/pytorch/blob/main/SECURITY.md#untrusted-models for more details). In a future release, the default value for `weights_only` will be flipped to `True`. This limits the functions that could be executed during unpickling. Arbitrary objects will no longer be allowed to be loaded via this mode unless they are explicitly allowlisted by the user via `torch.serialization.add_safe_globals`. We recommend you start setting `weights_only=True` for any use case where you don't have full control of the loaded file. Please open an issue on GitHub for any issues related to this experimental feature.
  checkpoint = torch.load(model_path, map_location='cpu')


## TEST RESULTS: ##
Test Loss: 0.7021807633437118		 Test MAE: 0.05709197074174881
Test Algebraic dist: 0.5363911814503856
Test SED dist: 1.3753897927024146
Test RE1 dist: 0.31888940489137335

Test Algebraic dist truth: 0.00465384435344052
Test SED dist truth: 0.00017212221229618245
Test RE1 dist truth: 2.1519092540559056e-05

Mean Trimmed seds: 1.2239978194236756

None

plots/Stereo/Winners/SED_0.5__L2_1__huber_1__lr_0.0001__conv__CLIP__use_reconstruction_True/BS_8__ratio_0.2__mid__frozen_0


## TEST RESULTS: ##
Test Loss: 0.6651103230265829		 Test MAE: 0.0542068362236023
Test Algebraic dist: 0.49448232774610634
Test SED dist: 1.3025565011160711
Test RE1 dist: 0.3002223795110529

Test Algebraic dist truth: 0.0046273102233936264
Test SED dist truth: 0.00016988238150423223
Test RE1 dist truth: 2.1237294891147644e-05

Mean Trimmed seds: 1.1671513795852662

None

plots/Stereo/Winners/SED_0.5__L2_1__huber_1__lr_0.0001__conv__CLIP__use_reconstruction_True/BS_8__ratio_0.2__mid__frozen_4


## TEST RESULTS: ##
Test Loss: 0.7204299679050198		 Test MAE: 0.054675116389989856
Test Algebraic dist: 0.5159575920600394
Test SED dist: 1.413624503395774
Test RE1 dist: 0.32901975458318533

Test Algebraic dist truth: 0.004627586572201221
Test SED dist truth: 0.00017007124646530524
Test RE1 dist truth: 2.1261287030655068e-05

Mean Trimmed seds: 1.2410863876342773

None

plots/Stereo/Winners/SED_0.5__L2_1__huber_1__lr_0.0001__conv__CLIP__use_reconstruction_True/BS_8__ratio_0.2__mid__frozen_8


## TEST RESULTS: ##
Test Loss: 0.9741040514661121		 Test MAE: 0.055883656814694406
Test Algebraic dist: 0.5916311338350371
Test SED dist: 1.9193622539569808
Test RE1 dist: 0.4549911449481915

Test Algebraic dist truth: 0.004625393198682116
Test SED dist truth: 0.00016959034535404924
Test RE1 dist truth: 2.120242774631683e-05

Mean Trimmed seds: 1.6941638946533204

None

plots/Stereo/Winners/SED_0.5__L2_1__huber_1__lr_0.0001__conv__CLIP__use_reconstruction_True/BS_8__ratio_0.2__tail__frozen_0


## TEST RESULTS: ##
Test Loss: 0.6970851600944222		 Test MAE: 0.06984754204750061
Test Algebraic dist: 0.4840341543222403
Test SED dist: 1.357750265938895
Test RE1 dist: 0.29837025233677456

Test Algebraic dist truth: 0.004600398726277538
Test SED dist truth: 0.00016816921967577624
Test RE1 dist truth: 2.102174511929224e-05

Mean Trimmed seds: 1.2051475763320922

None

plots/Stereo/Winners/SED_0.5__L2_1__huber_1__lr_0.0001__conv__CLIP__use_reconstruction_True/BS_8__ratio_0.2__tail__frozen_8
