Traceback (most recent call last):
  File "/home/alonkay/Thesis/Main.py", line 9, in <module>
    from Dataset import get_data_loaders
  File "/home/alonkay/Thesis/Dataset.py", line 2, in <module>
    from FunMatrix import *
  File "/home/alonkay/Thesis/FunMatrix.py", line 1, in <module>
    from params import *
  File "/home/alonkay/Thesis/params.py", line 1, in <module>
    import torch
  File "/home/alonkay/conda/alon/lib/python3.9/site-packages/torch/__init__.py", line 1755, in <module>
    from .functional import *  # noqa: F403
  File "/home/alonkay/conda/alon/lib/python3.9/site-packages/torch/functional.py", line 10, in <module>
    import torch.nn.functional as F
  File "/home/alonkay/conda/alon/lib/python3.9/site-packages/torch/nn/__init__.py", line 2, in <module>
    from .modules import *  # noqa: F403
  File "/home/alonkay/conda/alon/lib/python3.9/site-packages/torch/nn/modules/__init__.py", line 1, in <module>
    from .module import Module
  File "/home/alonkay/conda/alon/lib/python3.9/site-packages/torch/nn/modules/module.py", line 17, in <module>
    from torch.utils._python_dispatch import is_traceable_wrapper_subclass
  File "/home/alonkay/conda/alon/lib/python3.9/site-packages/torch/utils/_python_dispatch.py", line 10, in <module>
    import torchgen.model
  File "/home/alonkay/conda/alon/lib/python3.9/site-packages/torchgen/model.py", line 1201, in <module>
    class BackendMetadata:
  File "/home/alonkay/conda/alon/lib/python3.9/dataclasses.py", line 1013, in wrap
    return _process_class(cls, init, repr, eq, order, unsafe_hash, frozen)
  File "/home/alonkay/conda/alon/lib/python3.9/dataclasses.py", line 975, in _process_class
    for fn in _frozen_get_del_attr(cls, field_list, globals):
  File "/home/alonkay/conda/alon/lib/python3.9/dataclasses.py", line 558, in _frozen_get_del_attr
    return (_create_fn('__setattr__',
  File "/home/alonkay/conda/alon/lib/python3.9/dataclasses.py", line 401, in _create_fn
    return ns['__create_fn__'](**locals)
KeyboardInterrupt
