nohup: ignoring input
/home/aviran/miniconda3/envs/alon_env/lib/python3.9/site-packages/transformers/utils/generic.py:260: UserWarning: torch.utils._pytree._register_pytree_node is deprecated. Please use torch.utils._pytree.register_pytree_node instead.
  torch.utils._pytree._register_pytree_node(
##### CONTINUE TRAINING #####


Epoch 6001/8500: Training Loss: 0.4733458126292509		 Val Loss: 3.156778335571289
             Training MAE: 0.06878066807985306		 Val MAE: 0.05488356575369835
             Algebraic dist: 1.5502655926872702		 Val Algebraic dist: 3.35146427154541
             RE1 dist: 2.6008329952464386		 Val RE1 dist: 13.651559193929037
             SED dist: 0.8910659341251149		 Val SED dist: 6.290994644165039


Epoch 6002/8500: Training Loss: 0.4488477145924288		 Val Loss: 3.4272759755452475
             Training MAE: 0.0693572610616684		 Val MAE: 0.0571170300245285
             Algebraic dist: 1.4724655151367188		 Val Algebraic dist: 3.609013239542643
             RE1 dist: 2.3708523021024814		 Val RE1 dist: 15.311506907145182
             SED dist: 0.838508269366096		 Val SED dist: 6.831605911254883


Epoch 6003/8500: Training Loss: 0.4722310234518612		 Val Loss: 2.7970924377441406
             Training MAE: 0.06930509954690933		 Val MAE: 0.056983716785907745
             Algebraic dist: 1.5403479407815373		 Val Algebraic dist: 3.153252919514974
             RE1 dist: 2.5137133878820084		 Val RE1 dist: 11.917892456054688
             SED dist: 0.8865417031680837		 Val SED dist: 5.572140375773112


Epoch 6004/8500: Training Loss: 0.4716188767377068		 Val Loss: 2.7610295613606772
             Training MAE: 0.06740414351224899		 Val MAE: 0.05122232809662819
             Algebraic dist: 1.5346473245059742		 Val Algebraic dist: 3.231574376424154
             RE1 dist: 2.4768602707806755		 Val RE1 dist: 12.901008605957031
             SED dist: 0.8899434033562156		 Val SED dist: 5.5044205983479815


Epoch 6005/8500: Training Loss: 0.47623297747443705		 Val Loss: 2.9587844212849936
             Training MAE: 0.06903447955846786		 Val MAE: 0.051645174622535706
             Algebraic dist: 1.5212705275591683		 Val Algebraic dist: 3.282590866088867
             RE1 dist: 2.4934719310087314		 Val RE1 dist: 13.633061726888021
             SED dist: 0.8956054799696979		 Val SED dist: 5.899341583251953


Epoch 6006/8500: Training Loss: 0.4457703478196088		 Val Loss: 3.347215016682943
             Training MAE: 0.06905825436115265		 Val MAE: 0.05266938731074333
             Algebraic dist: 1.4720768648035385		 Val Algebraic dist: 3.381561279296875
             RE1 dist: 2.3163221022661995		 Val RE1 dist: 15.44784164428711
             SED dist: 0.8337200950173771		 Val SED dist: 6.674569447835286


Epoch 6007/8500: Training Loss: 0.4643235206604004		 Val Loss: 3.176335652669271
             Training MAE: 0.07286272943019867		 Val MAE: 0.054416999220848083
             Algebraic dist: 1.4836981156293083		 Val Algebraic dist: 3.3669843673706055
             RE1 dist: 2.3483913646024814		 Val RE1 dist: 15.517258961995443
             SED dist: 0.8622054492726046		 Val SED dist: 6.332083384195964


Epoch 6008/8500: Training Loss: 0.46176573809455423		 Val Loss: 3.103444735209147
             Training MAE: 0.06922006607055664		 Val MAE: 0.055887311697006226
             Algebraic dist: 1.5156732447007124		 Val Algebraic dist: 3.280338923136393
             RE1 dist: 2.4630400713752296		 Val RE1 dist: 14.269968668619791
             SED dist: 0.8659737530876609		 Val SED dist: 6.18563715616862


Epoch 6009/8500: Training Loss: 0.477143736446605		 Val Loss: 3.4733686447143555
             Training MAE: 0.06956920772790909		 Val MAE: 0.05219149589538574
             Algebraic dist: 1.5583696926341337		 Val Algebraic dist: 3.467222531636556
             RE1 dist: 2.5088263118968293		 Val RE1 dist: 15.147523244222006
             SED dist: 0.8942264108096852		 Val SED dist: 6.92867914835612


Epoch 6010/8500: Training Loss: 0.4473108684315401		 Val Loss: 3.2808701197306314
             Training MAE: 0.06809883564710617		 Val MAE: 0.05354982614517212
             Algebraic dist: 1.468929178574506		 Val Algebraic dist: 3.442124366760254
             RE1 dist: 2.3814587312586166		 Val RE1 dist: 14.45641835530599
             SED dist: 0.8410374697516946		 Val SED dist: 6.542510986328125


Epoch 6011/8500: Training Loss: 0.4962632235358743		 Val Loss: 3.3302860260009766
             Training MAE: 0.0664798840880394		 Val MAE: 0.05261436477303505
             Algebraic dist: 1.626662759219899		 Val Algebraic dist: 3.3447659810384116
             RE1 dist: 2.7625359927906707		 Val RE1 dist: 14.114346822102865
             SED dist: 0.9415098078110639		 Val SED dist: 6.642022450764974


Epoch 6012/8500: Training Loss: 0.48309999353745403		 Val Loss: 3.168391545613607
             Training MAE: 0.07028178125619888		 Val MAE: 0.05022730678319931
             Algebraic dist: 1.575160307042739		 Val Algebraic dist: 3.3624207178751626
             RE1 dist: 2.620401045855354		 Val RE1 dist: 14.397221883138021
             SED dist: 0.9075395359712488		 Val SED dist: 6.319363911946614


Epoch 6013/8500: Training Loss: 0.4436761631685145		 Val Loss: 3.0945917765299478
             Training MAE: 0.06525668501853943		 Val MAE: 0.04957453906536102
             Algebraic dist: 1.5167321597828585		 Val Algebraic dist: 3.330047289530436
             RE1 dist: 2.478501936968635		 Val RE1 dist: 13.893508911132812
             SED dist: 0.839957125046674		 Val SED dist: 6.172142664591472


Epoch 6014/8500: Training Loss: 0.43045669443467083		 Val Loss: 3.2814289728800454
             Training MAE: 0.0648793876171112		 Val MAE: 0.05402691289782524
             Algebraic dist: 1.4892017140107996		 Val Algebraic dist: 3.4682223002115884
             RE1 dist: 2.379786996280446		 Val RE1 dist: 15.115787506103516
             SED dist: 0.8131783429314109		 Val SED dist: 6.543154398600261


Epoch 6015/8500: Training Loss: 0.4747766606947955		 Val Loss: 3.029785474141439
             Training MAE: 0.06725962460041046		 Val MAE: 0.05842971429228783
             Algebraic dist: 1.5495265511905445		 Val Algebraic dist: 3.3723837534586587
             RE1 dist: 2.5341224670410156		 Val RE1 dist: 13.488380432128906
             SED dist: 0.8981404024011949		 Val SED dist: 6.03581174214681


Epoch 6016/8500: Training Loss: 0.4406089221729952		 Val Loss: 3.0595130920410156
             Training MAE: 0.06747497618198395		 Val MAE: 0.05202528461813927
             Algebraic dist: 1.4897152395809399		 Val Algebraic dist: 3.3235321044921875
             RE1 dist: 2.36613935582778		 Val RE1 dist: 13.873116811116537
             SED dist: 0.8287071901209214		 Val SED dist: 6.1002763112386065


Epoch 6017/8500: Training Loss: 0.46911130231969494		 Val Loss: 3.0884971618652344
             Training MAE: 0.06477517634630203		 Val MAE: 0.05326232686638832
             Algebraic dist: 1.5690340154311235		 Val Algebraic dist: 3.328678766886393
             RE1 dist: 2.656775306252872		 Val RE1 dist: 13.607237497965494
             SED dist: 0.8904286552877987		 Val SED dist: 6.15866216023763


Epoch 6018/8500: Training Loss: 0.4610754181356991		 Val Loss: 3.0084193547566733
             Training MAE: 0.07025712728500366		 Val MAE: 0.05005725100636482
             Algebraic dist: 1.4940702774945427		 Val Algebraic dist: 3.261184056599935
             RE1 dist: 2.396820068359375		 Val RE1 dist: 12.38998794555664
             SED dist: 0.8617945278392118		 Val SED dist: 5.999841054280599


Epoch 6019/8500: Training Loss: 0.49758372587316174		 Val Loss: 3.5663572947184243
             Training MAE: 0.07161594927310944		 Val MAE: 0.054921235889196396
             Algebraic dist: 1.5730732188505285		 Val Algebraic dist: 3.49580987294515
             RE1 dist: 2.5942719403435204		 Val RE1 dist: 14.7044308980306
             SED dist: 0.9301940132589901		 Val SED dist: 7.110553741455078


Epoch 6020/8500: Training Loss: 0.5008234697229722		 Val Loss: 3.1765171686808267
             Training MAE: 0.06924964487552643		 Val MAE: 0.05551445856690407
             Algebraic dist: 1.5743191662956686		 Val Algebraic dist: 3.390292167663574
             RE1 dist: 2.5898170471191406		 Val RE1 dist: 13.667135874430338
             SED dist: 0.9424669602338005		 Val SED dist: 6.3328062693278


Epoch 6021/8500: Training Loss: 0.5096576354082893		 Val Loss: 3.66190242767334
             Training MAE: 0.07105572521686554		 Val MAE: 0.05234817788004875
             Algebraic dist: 1.573891471414005		 Val Algebraic dist: 3.485809326171875
             RE1 dist: 2.6474149367388558		 Val RE1 dist: 15.225972493489584
             SED dist: 0.9575609319350299		 Val SED dist: 7.305739084879558


Epoch 6022/8500: Training Loss: 0.4937573040232939		 Val Loss: 3.2819496790568032
             Training MAE: 0.07083507627248764		 Val MAE: 0.05546656623482704
             Algebraic dist: 1.5941401088938993		 Val Algebraic dist: 3.39302921295166
             RE1 dist: 2.6456011603860294		 Val RE1 dist: 13.648446400960287
             SED dist: 0.9260244930491728		 Val SED dist: 6.54396120707194


Epoch 6023/8500: Training Loss: 0.46555763132431927		 Val Loss: 3.325113614400228
             Training MAE: 0.06904341280460358		 Val MAE: 0.05058717727661133
             Algebraic dist: 1.510979596306296		 Val Algebraic dist: 3.281031608581543
             RE1 dist: 2.4641685485839844		 Val RE1 dist: 13.42541758219401
             SED dist: 0.8738827424890855		 Val SED dist: 6.63292121887207


Epoch 6024/8500: Training Loss: 0.43318403468412514		 Val Loss: 3.3660593032836914
             Training MAE: 0.06913819909095764		 Val MAE: 0.05199889838695526
             Algebraic dist: 1.4603222117704504		 Val Algebraic dist: 3.426041920979818
             RE1 dist: 2.2301496617934284		 Val RE1 dist: 15.620245615641275
             SED dist: 0.8090866874246037		 Val SED dist: 6.713680903116862


Epoch 6025/8500: Training Loss: 0.46054966309491324		 Val Loss: 3.1448163986206055
             Training MAE: 0.06764429062604904		 Val MAE: 0.05124535784125328
             Algebraic dist: 1.5112182392793543		 Val Algebraic dist: 3.3290939331054688
             RE1 dist: 2.511202195111443		 Val RE1 dist: 14.166104634602865
             SED dist: 0.8673984864178825		 Val SED dist: 6.2716522216796875


Epoch 6026/8500: Training Loss: 0.4573315732619342		 Val Loss: 3.490044911702474
             Training MAE: 0.06796442717313766		 Val MAE: 0.053367823362350464
             Algebraic dist: 1.4856579724480123		 Val Algebraic dist: 3.475097338358561
             RE1 dist: 2.330670749439913		 Val RE1 dist: 15.916817982991537
             SED dist: 0.8601538714240579		 Val SED dist: 6.96128781636556


Epoch 6027/8500: Training Loss: 0.48450885099523205		 Val Loss: 3.2310237884521484
             Training MAE: 0.06669894605875015		 Val MAE: 0.0523577518761158
             Algebraic dist: 1.5803597394157858		 Val Algebraic dist: 3.397827466328939
             RE1 dist: 2.7046908210305607		 Val RE1 dist: 12.767720540364584
             SED dist: 0.9156693290261662		 Val SED dist: 6.443663279215495


Epoch 6028/8500: Training Loss: 0.4394693935618681		 Val Loss: 3.2489983240763345
             Training MAE: 0.06941436976194382		 Val MAE: 0.0535881482064724
             Algebraic dist: 1.4682824751910042		 Val Algebraic dist: 3.39363956451416
             RE1 dist: 2.286258473115809		 Val RE1 dist: 12.950775146484375
             SED dist: 0.8203790889066809		 Val SED dist: 6.478693008422852


Epoch 6029/8500: Training Loss: 0.559625457314884		 Val Loss: 3.0920279820760093
             Training MAE: 0.0704699456691742		 Val MAE: 0.06187475472688675
             Algebraic dist: 1.737427318797392		 Val Algebraic dist: 3.2323411305745444
             RE1 dist: 3.1089165631462548		 Val RE1 dist: 13.15793482462565
             SED dist: 1.0590922411750345		 Val SED dist: 6.15797487894694


Epoch 6030/8500: Training Loss: 0.4326483221615062		 Val Loss: 2.922611872355143
             Training MAE: 0.07020564377307892		 Val MAE: 0.05104255676269531
             Algebraic dist: 1.4468844918643726		 Val Algebraic dist: 3.2888107299804688
             RE1 dist: 2.204785290886374		 Val RE1 dist: 12.981361389160156
             SED dist: 0.8063627130845014		 Val SED dist: 5.827558517456055


Epoch 6031/8500: Training Loss: 0.4948115629308364		 Val Loss: 3.0501734415690103
             Training MAE: 0.06834124773740768		 Val MAE: 0.052344560623168945
             Algebraic dist: 1.6107555838192211		 Val Algebraic dist: 3.3126856486002603
             RE1 dist: 2.7159574172076058		 Val RE1 dist: 11.636480967203775
             SED dist: 0.9361543094410616		 Val SED dist: 6.082345326741536


Epoch 6032/8500: Training Loss: 0.5116917666266946		 Val Loss: 2.9951887130737305
             Training MAE: 0.06745753437280655		 Val MAE: 0.05940435454249382
             Algebraic dist: 1.631237591014189		 Val Algebraic dist: 3.22209898630778
             RE1 dist: 2.7805144366096046		 Val RE1 dist: 12.00281016031901
             SED dist: 0.969028585097369		 Val SED dist: 5.95817756652832


Epoch 6033/8500: Training Loss: 0.4652574763578527		 Val Loss: 3.0475546518961587
             Training MAE: 0.07046656310558319		 Val MAE: 0.056279491633176804
             Algebraic dist: 1.4735808652990006		 Val Algebraic dist: 3.1725234985351562
             RE1 dist: 2.3536139095530793		 Val RE1 dist: 12.149723052978516
             SED dist: 0.8678377375883215		 Val SED dist: 6.070385615030925


Epoch 6034/8500: Training Loss: 0.438479507670683		 Val Loss: 3.329742113749186
             Training MAE: 0.06526394933462143		 Val MAE: 0.055214740335941315
             Algebraic dist: 1.5128867205451517		 Val Algebraic dist: 3.40974489847819
             RE1 dist: 2.4013508067411533		 Val RE1 dist: 13.786146799723307
             SED dist: 0.8309906791238224		 Val SED dist: 6.636604944864909


Epoch 6035/8500: Training Loss: 0.44810861699721394		 Val Loss: 3.569129308064779
             Training MAE: 0.06964199990034103		 Val MAE: 0.05685398355126381
             Algebraic dist: 1.4617176055908203		 Val Algebraic dist: 3.4954875310262046
             RE1 dist: 2.30058759801528		 Val RE1 dist: 15.81406021118164
             SED dist: 0.8382755728328929		 Val SED dist: 7.113637924194336


Epoch 6036/8500: Training Loss: 0.4821278067196117		 Val Loss: 3.545826276143392
             Training MAE: 0.06950058043003082		 Val MAE: 0.05939754843711853
             Algebraic dist: 1.549458335427677		 Val Algebraic dist: 3.3012301127115884
             RE1 dist: 2.4707383548512176		 Val RE1 dist: 13.130939483642578
             SED dist: 0.9071240705602309		 Val SED dist: 7.0593109130859375


Epoch 6037/8500: Training Loss: 0.4509112414191751		 Val Loss: 3.3189805348714194
             Training MAE: 0.06952787935733795		 Val MAE: 0.05344816669821739
             Algebraic dist: 1.4588724024155562		 Val Algebraic dist: 3.3664064407348633
             RE1 dist: 2.3186506383559284		 Val RE1 dist: 13.553967793782553
             SED dist: 0.8417127272661995		 Val SED dist: 6.618955612182617


Epoch 6038/8500: Training Loss: 0.43338806488934684		 Val Loss: 3.1979188919067383
             Training MAE: 0.06914964318275452		 Val MAE: 0.053452685475349426
             Algebraic dist: 1.43719762914321		 Val Algebraic dist: 3.347813924153646
             RE1 dist: 2.248688866110409		 Val RE1 dist: 13.743802388509115
             SED dist: 0.8085564445046818		 Val SED dist: 6.3768870035807295


Epoch 6039/8500: Training Loss: 0.4459649534786449		 Val Loss: 3.443302790323893
             Training MAE: 0.07224807888269424		 Val MAE: 0.05725502222776413
             Algebraic dist: 1.4074907863841337		 Val Algebraic dist: 3.4165738423665366
             RE1 dist: 2.1362944210276886		 Val RE1 dist: 14.87766138712565
             SED dist: 0.8266350241268382		 Val SED dist: 6.863967259724935


Epoch 6040/8500: Training Loss: 0.47955989837646484		 Val Loss: 3.3340733846028647
             Training MAE: 0.06758333742618561		 Val MAE: 0.0529981404542923
             Algebraic dist: 1.585102866677677		 Val Algebraic dist: 3.4802042643229165
             RE1 dist: 2.6437543981215534		 Val RE1 dist: 13.7176882425944
             SED dist: 0.9049492443309111		 Val SED dist: 6.6466522216796875


Epoch 6041/8500: Training Loss: 0.4412769149331486		 Val Loss: 3.137441317240397
             Training MAE: 0.06946688145399094		 Val MAE: 0.0558684878051281
             Algebraic dist: 1.4594657000373392		 Val Algebraic dist: 3.4679438273111978
             RE1 dist: 2.2503715963924633		 Val RE1 dist: 13.688730875651041
             SED dist: 0.8229570949778837		 Val SED dist: 6.251414616902669


Epoch 6042/8500: Training Loss: 0.4296849194694968		 Val Loss: 3.0271209081014
             Training MAE: 0.06828531622886658		 Val MAE: 0.05960151180624962
             Algebraic dist: 1.391420925364775		 Val Algebraic dist: 3.228113810221354
             RE1 dist: 2.1405982971191406		 Val RE1 dist: 12.413433074951172
             SED dist: 0.8023336634916418		 Val SED dist: 6.021970748901367


Epoch 6043/8500: Training Loss: 0.4624626215766458		 Val Loss: 3.0525290171305337
             Training MAE: 0.07197827100753784		 Val MAE: 0.058702632784843445
             Algebraic dist: 1.4404475268195658		 Val Algebraic dist: 3.23011843363444
             RE1 dist: 2.249777176800896		 Val RE1 dist: 11.71826171875
             SED dist: 0.8604470982271082		 Val SED dist: 6.075982411702474


Epoch 6044/8500: Training Loss: 0.5340131871840533		 Val Loss: 3.120962142944336
             Training MAE: 0.07094013690948486		 Val MAE: 0.055847588926553726
             Algebraic dist: 1.6796776266659008		 Val Algebraic dist: 3.1833203633626304
             RE1 dist: 2.9427734823787914		 Val RE1 dist: 12.627171834309896
             SED dist: 1.0058267256792854		 Val SED dist: 6.219164530436198


Epoch 6045/8500: Training Loss: 0.5060894349042107		 Val Loss: 3.171907107035319
             Training MAE: 0.06793365627527237		 Val MAE: 0.057976145297288895
             Algebraic dist: 1.5830790575812845		 Val Algebraic dist: 3.3446791966756186
             RE1 dist: 2.738717696245979		 Val RE1 dist: 12.424931844075521
             SED dist: 0.9578134873334099		 Val SED dist: 6.3136749267578125


Epoch 6046/8500: Training Loss: 0.5334485558902516		 Val Loss: 3.85883363087972
             Training MAE: 0.06895386427640915		 Val MAE: 0.05498978868126869
             Algebraic dist: 1.651853785795324		 Val Algebraic dist: 3.5646190643310547
             RE1 dist: 2.89829860014074		 Val RE1 dist: 16.32349141438802
             SED dist: 1.0083520552691292		 Val SED dist: 7.692817687988281


Epoch 6047/8500: Training Loss: 0.4812171599444221		 Val Loss: 3.6029494603474936
             Training MAE: 0.06812230497598648		 Val MAE: 0.05701277032494545
             Algebraic dist: 1.5156077216653263		 Val Algebraic dist: 3.5309680302937827
             RE1 dist: 2.478619519401999		 Val RE1 dist: 15.044316609700521
             SED dist: 0.905852990991929		 Val SED dist: 7.180023193359375


Epoch 6048/8500: Training Loss: 0.48340685227338004		 Val Loss: 3.0978902180989585
             Training MAE: 0.06678357720375061		 Val MAE: 0.052822552621364594
             Algebraic dist: 1.545484655043658		 Val Algebraic dist: 3.2871052424112954
             RE1 dist: 2.545129888197955		 Val RE1 dist: 12.774627685546875
             SED dist: 0.9158474978278665		 Val SED dist: 6.1732635498046875


Epoch 6049/8500: Training Loss: 0.48497261720545154		 Val Loss: 3.520920435587565
             Training MAE: 0.07246219366788864		 Val MAE: 0.05117131024599075
             Algebraic dist: 1.5123650045955883		 Val Algebraic dist: 3.4348068237304688
             RE1 dist: 2.432541342342601		 Val RE1 dist: 15.491339365641275
             SED dist: 0.9104923921472886		 Val SED dist: 7.024485270182292


Epoch 6050/8500: Training Loss: 0.4493821929482853		 Val Loss: 3.2409744262695312
             Training MAE: 0.07123211026191711		 Val MAE: 0.05125283822417259
             Algebraic dist: 1.4515422372257007		 Val Algebraic dist: 3.373690923055013
             RE1 dist: 2.268849989947151		 Val RE1 dist: 14.00540288289388
             SED dist: 0.8384243460262523		 Val SED dist: 6.464164733886719


Epoch 6051/8500: Training Loss: 0.43661897322710824		 Val Loss: 3.2603476842244468
             Training MAE: 0.06968569755554199		 Val MAE: 0.05336778610944748
             Algebraic dist: 1.4256201351390165		 Val Algebraic dist: 3.2816988627115884
             RE1 dist: 2.1701855378992416		 Val RE1 dist: 13.225442250569662
             SED dist: 0.8143717821906594		 Val SED dist: 6.500603357950847


Epoch 6052/8500: Training Loss: 0.45309557634241443		 Val Loss: 3.025646209716797
             Training MAE: 0.07085984200239182		 Val MAE: 0.05319706350564957
             Algebraic dist: 1.431574316585765		 Val Algebraic dist: 3.2357425689697266
             RE1 dist: 2.2685371847713696		 Val RE1 dist: 12.440327962239584
             SED dist: 0.8424653445973116		 Val SED dist: 6.032683690388997


Epoch 6053/8500: Training Loss: 0.45717772315530214		 Val Loss: 2.7910420099894204
             Training MAE: 0.06916987150907516		 Val MAE: 0.04992048069834709
             Algebraic dist: 1.4866021100212545		 Val Algebraic dist: 3.268000920613607
             RE1 dist: 2.4010290258071003		 Val RE1 dist: 12.705520629882812
             SED dist: 0.8549020991605871		 Val SED dist: 5.563452402750651


Epoch 6054/8500: Training Loss: 0.5242769577923942		 Val Loss: 2.7719809214274087
             Training MAE: 0.06949693709611893		 Val MAE: 0.0536685436964035
             Algebraic dist: 1.6209054834702437		 Val Algebraic dist: 3.194740613301595
             RE1 dist: 2.785652385038488		 Val RE1 dist: 12.045649210611979
             SED dist: 0.9882248149198645		 Val SED dist: 5.524546305338542


Epoch 6055/8500: Training Loss: 0.4772960999432732		 Val Loss: 3.2884915669759116
             Training MAE: 0.06867648661136627		 Val MAE: 0.05251298472285271
             Algebraic dist: 1.5327265122357536		 Val Algebraic dist: 3.313044230143229
             RE1 dist: 2.502799763399012		 Val RE1 dist: 13.089176177978516
             SED dist: 0.8978549732881433		 Val SED dist: 6.558329900105794


Epoch 6056/8500: Training Loss: 0.48158993440515857		 Val Loss: 3.1708739598592124
             Training MAE: 0.0692712739109993		 Val MAE: 0.05528222769498825
             Algebraic dist: 1.524392745074104		 Val Algebraic dist: 3.291201591491699
             RE1 dist: 2.4582829194910385		 Val RE1 dist: 12.508678436279297
             SED dist: 0.9067014245425954		 Val SED dist: 6.316663106282552


Epoch 6057/8500: Training Loss: 0.48644183663760915		 Val Loss: 3.2723817825317383
             Training MAE: 0.07117212563753128		 Val MAE: 0.05381571874022484
             Algebraic dist: 1.4931095347684973		 Val Algebraic dist: 3.2801291147867837
             RE1 dist: 2.4334153568043426		 Val RE1 dist: 13.941633860270182
             SED dist: 0.9118901421042049		 Val SED dist: 6.524944305419922


Epoch 6058/8500: Training Loss: 0.4606333900900448		 Val Loss: 3.137308120727539
             Training MAE: 0.07213988155126572		 Val MAE: 0.04953666403889656
             Algebraic dist: 1.4495314429788029		 Val Algebraic dist: 3.3280280431111655
             RE1 dist: 2.3006066715016082		 Val RE1 dist: 14.194464365641275
             SED dist: 0.8595381905050838		 Val SED dist: 6.257806777954102


Epoch 6059/8500: Training Loss: 0.45138005649342255		 Val Loss: 3.137117385864258
             Training MAE: 0.06979507207870483		 Val MAE: 0.05594388768076897
             Algebraic dist: 1.4361525142894072		 Val Algebraic dist: 3.2089869181315103
             RE1 dist: 2.3091428420122933		 Val RE1 dist: 12.019610087076822
             SED dist: 0.8435662774478688		 Val SED dist: 6.249867757161458


Epoch 6060/8500: Training Loss: 0.4481242684757008		 Val Loss: 2.9608949025472007
             Training MAE: 0.0701838880777359		 Val MAE: 0.05690509453415871
             Algebraic dist: 1.436993206248564		 Val Algebraic dist: 3.193218549092611
             RE1 dist: 2.236970116110409		 Val RE1 dist: 12.025735219319662
             SED dist: 0.8354874218211454		 Val SED dist: 5.900455474853516


Epoch 6061/8500: Training Loss: 0.45543819315293255		 Val Loss: 3.3107808430989585
             Training MAE: 0.06816334277391434		 Val MAE: 0.05683553218841553
             Algebraic dist: 1.4763761408188765		 Val Algebraic dist: 3.2324393590291343
             RE1 dist: 2.339844871969784		 Val RE1 dist: 13.54360834757487
             SED dist: 0.854521863600787		 Val SED dist: 6.598594665527344


Epoch 6062/8500: Training Loss: 0.47872161865234375		 Val Loss: 3.1602048873901367
             Training MAE: 0.0697336345911026		 Val MAE: 0.053890734910964966
             Algebraic dist: 1.5111517064711626		 Val Algebraic dist: 3.2233874003092446
             RE1 dist: 2.3628715066348804		 Val RE1 dist: 13.288043975830078
             SED dist: 0.8991509605856502		 Val SED dist: 6.30050532023112


Epoch 6063/8500: Training Loss: 0.45908263150383444		 Val Loss: 3.1031389236450195
             Training MAE: 0.06684974581003189		 Val MAE: 0.052406735718250275
             Algebraic dist: 1.5023340337416704		 Val Algebraic dist: 3.305100758870443
             RE1 dist: 2.3396873474121094		 Val RE1 dist: 12.675855000813803
             SED dist: 0.8680188796099495		 Val SED dist: 6.187644322713216


Epoch 6064/8500: Training Loss: 0.44582170598647175		 Val Loss: 3.424027760823568
             Training MAE: 0.06980957090854645		 Val MAE: 0.054765939712524414
             Algebraic dist: 1.439450881060432		 Val Algebraic dist: 3.3811477025349936
             RE1 dist: 2.2534431008731617		 Val RE1 dist: 14.76775868733724
             SED dist: 0.8310685999253217		 Val SED dist: 6.825231552124023


Epoch 6065/8500: Training Loss: 0.43073592466466565		 Val Loss: 3.067248980204264
             Training MAE: 0.06724675744771957		 Val MAE: 0.05221143364906311
             Algebraic dist: 1.4137106502757353		 Val Algebraic dist: 3.302938143412272
             RE1 dist: 2.17271266264074		 Val RE1 dist: 12.895819346110025
             SED dist: 0.8059602625229779		 Val SED dist: 6.115797678629558


Epoch 6066/8500: Training Loss: 0.44097760144402		 Val Loss: 3.3828932444254556
             Training MAE: 0.06862636655569077		 Val MAE: 0.05529879778623581
             Algebraic dist: 1.4301911522360409		 Val Algebraic dist: 3.2964674631754556
             RE1 dist: 2.1319425246294808		 Val RE1 dist: 12.957773844401041
             SED dist: 0.826747782090131		 Val SED dist: 6.742959976196289


Epoch 6067/8500: Training Loss: 0.461645434884464		 Val Loss: 3.3738228480021157
             Training MAE: 0.06799262762069702		 Val MAE: 0.05288958549499512
             Algebraic dist: 1.4848200854133158		 Val Algebraic dist: 3.351271311442057
             RE1 dist: 2.390809003044577		 Val RE1 dist: 13.69180425008138
             SED dist: 0.8694238101734835		 Val SED dist: 6.72833251953125


Epoch 6068/8500: Training Loss: 0.42745455573586855		 Val Loss: 3.4156691233317056
             Training MAE: 0.06794846802949905		 Val MAE: 0.05164982005953789
             Algebraic dist: 1.3976009593290442		 Val Algebraic dist: 3.4959433873494468
             RE1 dist: 2.125367332907284		 Val RE1 dist: 15.106580098470053
             SED dist: 0.7985345055075252		 Val SED dist: 6.81329345703125


Epoch 6069/8500: Training Loss: 0.43190470863791075		 Val Loss: 3.099090576171875
             Training MAE: 0.06704774498939514		 Val MAE: 0.051790449768304825
             Algebraic dist: 1.4119056252872242		 Val Algebraic dist: 3.2627684275309243
             RE1 dist: 2.1579574136173023		 Val RE1 dist: 12.93722152709961
             SED dist: 0.8088253245634192		 Val SED dist: 6.179548899332683


Epoch 6070/8500: Training Loss: 0.4297058442059685		 Val Loss: 2.710805575052897
             Training MAE: 0.07232433557510376		 Val MAE: 0.05151551961898804
             Algebraic dist: 1.403216418098001		 Val Algebraic dist: 3.185670534769694
             RE1 dist: 2.0851054472081803		 Val RE1 dist: 11.755976359049479
             SED dist: 0.7948973038617302		 Val SED dist: 5.403264999389648


Epoch 6071/8500: Training Loss: 0.42559340420891256		 Val Loss: 3.0437984466552734
             Training MAE: 0.06586451828479767		 Val MAE: 0.0578913651406765
             Algebraic dist: 1.4274748633889591		 Val Algebraic dist: 3.0780388514200845
             RE1 dist: 2.1776928621179916		 Val RE1 dist: 12.399182637532553
             SED dist: 0.8015586067648495		 Val SED dist: 6.064628601074219


Epoch 6072/8500: Training Loss: 0.47935306324678306		 Val Loss: 3.628899574279785
             Training MAE: 0.0691119134426117		 Val MAE: 0.05136169120669365
             Algebraic dist: 1.4987806432387407		 Val Algebraic dist: 3.4232333501180015
             RE1 dist: 2.3757705688476562		 Val RE1 dist: 14.956467946370443
             SED dist: 0.9025424508487477		 Val SED dist: 7.2397505442301435


Epoch 6073/8500: Training Loss: 0.4583629159366383		 Val Loss: 3.503106117248535
             Training MAE: 0.06693064421415329		 Val MAE: 0.0545768216252327
             Algebraic dist: 1.4833149629480697		 Val Algebraic dist: 3.4140761693318686
             RE1 dist: 2.380222993738511		 Val RE1 dist: 15.451529184977213
             SED dist: 0.8641615474925322		 Val SED dist: 6.984116236368815


Epoch 6074/8500: Training Loss: 0.48105885000789866		 Val Loss: 3.104811350504557
             Training MAE: 0.06890352070331573		 Val MAE: 0.05821141600608826
             Algebraic dist: 1.554744047277114		 Val Algebraic dist: 3.3147862752278647
             RE1 dist: 2.5412095013786766		 Val RE1 dist: 12.724043528238932
             SED dist: 0.9065118677475873		 Val SED dist: 6.186005274454753


Epoch 6075/8500: Training Loss: 0.45383374831255746		 Val Loss: 3.153275807698568
             Training MAE: 0.06815063208341599		 Val MAE: 0.04978737607598305
             Algebraic dist: 1.4420264748965992		 Val Algebraic dist: 3.3564942677815757
             RE1 dist: 2.2285259471220127		 Val RE1 dist: 12.741226196289062
             SED dist: 0.8521889518289005		 Val SED dist: 6.2890974680582685


Epoch 6076/8500: Training Loss: 0.44157788332770853		 Val Loss: 3.1620171864827475
             Training MAE: 0.06980473548173904		 Val MAE: 0.051738910377025604
             Algebraic dist: 1.4008635352639591		 Val Algebraic dist: 3.3593660990397134
             RE1 dist: 2.0996367510627296		 Val RE1 dist: 12.6486447652181
             SED dist: 0.8212019415462718		 Val SED dist: 6.30520502726237


Epoch 6077/8500: Training Loss: 0.4602923112757066		 Val Loss: 3.1115153630574546
             Training MAE: 0.07073552161455154		 Val MAE: 0.05049377679824829
             Algebraic dist: 1.463286792530733		 Val Algebraic dist: 3.282334645589193
             RE1 dist: 2.3141766716452206		 Val RE1 dist: 12.547379811604818
             SED dist: 0.858635285321404		 Val SED dist: 6.205716451009114


Epoch 6078/8500: Training Loss: 0.5371029797722312		 Val Loss: 3.120173454284668
             Training MAE: 0.06643171608448029		 Val MAE: 0.05343547463417053
             Algebraic dist: 1.6849490894990808		 Val Algebraic dist: 3.1935431162516275
             RE1 dist: 2.884752834544462		 Val RE1 dist: 11.867087046305338
             SED dist: 1.0216548022101908		 Val SED dist: 6.221286137898763


Epoch 6079/8500: Training Loss: 0.42537591036628275		 Val Loss: 3.044269561767578
             Training MAE: 0.06720169633626938		 Val MAE: 0.051261674612760544
             Algebraic dist: 1.414347480325138		 Val Algebraic dist: 3.2877982457478843
             RE1 dist: 2.184260648839614		 Val RE1 dist: 12.036231994628906
             SED dist: 0.7983315972720876		 Val SED dist: 6.070001602172852


Epoch 6080/8500: Training Loss: 0.4314766491160673		 Val Loss: 3.533510208129883
             Training MAE: 0.06860833615064621		 Val MAE: 0.052178725600242615
             Algebraic dist: 1.3994141746969784		 Val Algebraic dist: 3.360325495402018
             RE1 dist: 2.1015687830307903		 Val RE1 dist: 13.912715911865234
             SED dist: 0.8059102787691004		 Val SED dist: 7.048482894897461


