/opt/miniconda3/envs/alon_env/lib/python3.9/site-packages/transformers/utils/generic.py:260: UserWarning: torch.utils._pytree._register_pytree_node is deprecated. Please use torch.utils._pytree.register_pytree_node instead.
  torch.utils._pytree._register_pytree_node(
Fatal Python error: Illegal instruction

Thread 0x00007f0435ffb700 (most recent call first):
<no Python frame>

Current thread 0x00007f070529a200 (most recent call first):
  File "/opt/miniconda3/envs/alon_env/lib/python3.9/site-packages/transformers/models/clip/modeling_clip.py", line 285 in forward
  File "/opt/miniconda3/envs/alon_env/lib/python3.9/site-packages/torch/nn/modules/module.py", line 1520 in _call_impl
  File "/opt/miniconda3/envs/alon_env/lib/python3.9/site-packages/torch/nn/modules/module.py", line 1511 in _wrapped_call_impl
  File "/opt/miniconda3/envs/alon_env/lib/python3.9/site-packages/transformers/models/clip/modeling_clip.py", line 386 in forward
  File "/opt/miniconda3/envs/alon_env/lib/python3.9/site-packages/torch/nn/modules/module.py", line 1520 in _call_impl
  File "/opt/miniconda3/envs/alon_env/lib/python3.9/site-packages/torch/nn/modules/module.py", line 1511 in _wrapped_call_impl
  File "/opt/miniconda3/envs/alon_env/lib/python3.9/site-packages/transformers/models/clip/modeling_clip.py", line 656 in forward
  File "/opt/miniconda3/envs/alon_env/lib/python3.9/site-packages/torch/nn/modules/module.py", line 1520 in _call_impl
  File "/opt/miniconda3/envs/alon_env/lib/python3.9/site-packages/torch/nn/modules/module.py", line 1511 in _wrapped_call_impl
  File "/opt/miniconda3/envs/alon_env/lib/python3.9/site-packages/transformers/models/clip/modeling_clip.py", line 886 in forward
  File "/opt/miniconda3/envs/alon_env/lib/python3.9/site-packages/torch/nn/modules/module.py", line 1520 in _call_impl
  File "/opt/miniconda3/envs/alon_env/lib/python3.9/site-packages/torch/nn/modules/module.py", line 1511 in _wrapped_call_impl
  File "/opt/miniconda3/envs/alon_env/lib/python3.9/site-packages/transformers/models/clip/modeling_clip.py", line 958 in forward
  File "/opt/miniconda3/envs/alon_env/lib/python3.9/site-packages/torch/nn/modules/module.py", line 1520 in _call_impl
  File "/opt/miniconda3/envs/alon_env/lib/python3.9/site-packages/torch/nn/modules/module.py", line 1511 in _wrapped_call_impl
  File "/home/alonkay/Thesis/FMatrixRegressor.py", line 105 in forward
  File "/home/alonkay/Thesis/FMatrixRegressor.py", line 152 in train_model
  File "/home/alonkay/Thesis/Main.py", line 46 in <module>
