nohup: ignoring input
/home/aviran/miniconda3/envs/alon_env/lib/python3.9/site-packages/transformers/utils/generic.py:260: FutureWarning: `torch.utils._pytree._register_pytree_node` is deprecated. Please use `torch.utils._pytree.register_pytree_node` instead.
  torch.utils._pytree._register_pytree_node(
/home/aviran/miniconda3/envs/alon_env/lib/python3.9/site-packages/huggingface_hub/file_download.py:1150: FutureWarning: `resume_download` is deprecated and will be removed in version 1.0.0. Downloads always resume when possible. If you want to force a new download, use `force_download=True`.
  warnings.warn(
/home/aviran/miniconda3/envs/alon_env/lib/python3.9/site-packages/transformers/modeling_utils.py:479: FutureWarning: You are using `torch.load` with `weights_only=False` (the current default value), which uses the default pickle module implicitly. It is possible to construct malicious pickle data which will execute arbitrary code during unpickling (See https://github.com/pytorch/pytorch/blob/main/SECURITY.md#untrusted-models for more details). In a future release, the default value for `weights_only` will be flipped to `True`. This limits the functions that could be executed during unpickling. Arbitrary objects will no longer be allowed to be loaded via this mode unless they are explicitly allowlisted by the user via `torch.serialization.add_safe_globals`. We recommend you start setting `weights_only=True` for any use case where you don't have full control of the loaded file. Please open an issue on GitHub for any issues related to this experimental feature.
  return torch.load(checkpoint_file, map_location=map_location)
###########################################################################################################################################################

                         learning rate: 4e-05,  mlp_hidden_sizes: [1024, 512], batch_size: 16, norm: True, alpha: 1, avg embeddings: True, 
                        crop: 224 resize: 256, use conv: False pretrained: None, seed: 42, angle range: 90, shift range: 0, 
                        train length: 4096, val length: 640, test length: 640, get old path: False



Epoch 1/50: Training Loss: 0.19325439631938934		 Val Loss: 0.0600128173828125
            Training MAE Shift: 0.0		 Val MAE Shift: 0.0
            Training Euclidean Shift: 0.0		 Val Euclidean Shift: 0.0
            Training MAE Angle: 0.355266809463501		 Val MAE Angle: 0.18147403001785278
            Training MSE Angle: 0.19325439631938934		 Val MSE Angle: 0.0600128173828125


Epoch 2/50: Training Loss: 0.05453523248434067		 Val Loss: 0.03531505763530731
            Training MAE Shift: 0.0		 Val MAE Shift: 0.0
            Training Euclidean Shift: 0.0		 Val Euclidean Shift: 0.0
            Training MAE Angle: 0.1739375740289688		 Val MAE Angle: 0.14424140453338624
            Training MSE Angle: 0.05453523248434067		 Val MSE Angle: 0.03531505763530731


Epoch 3/50: Training Loss: 0.03492266312241554		 Val Loss: 0.025601428747177125
            Training MAE Shift: 0.0		 Val MAE Shift: 0.0
            Training Euclidean Shift: 0.0		 Val Euclidean Shift: 0.0
            Training MAE Angle: 0.1353018879890442		 Val MAE Angle: 0.11919811964035035
            Training MSE Angle: 0.03492266312241554		 Val MSE Angle: 0.025601428747177125


Epoch 4/50: Training Loss: 0.0231463685631752		 Val Loss: 0.018153813481330872
            Training MAE Shift: 0.0		 Val MAE Shift: 0.0
            Training Euclidean Shift: 0.0		 Val Euclidean Shift: 0.0
            Training MAE Angle: 0.11073397099971771		 Val MAE Angle: 0.0978832185268402
            Training MSE Angle: 0.0231463685631752		 Val MSE Angle: 0.018153813481330872


Epoch 5/50: Training Loss: 0.018497198820114136		 Val Loss: 0.014796578884124756
            Training MAE Shift: 0.0		 Val MAE Shift: 0.0
            Training Euclidean Shift: 0.0		 Val Euclidean Shift: 0.0
            Training MAE Angle: 0.09726317226886749		 Val MAE Angle: 0.08519263863563538
            Training MSE Angle: 0.018497198820114136		 Val MSE Angle: 0.014796578884124756


Epoch 6/50: Training Loss: 0.017119992524385452		 Val Loss: 0.01763439178466797
            Training MAE Shift: 0.0		 Val MAE Shift: 0.0
            Training Euclidean Shift: 0.0		 Val Euclidean Shift: 0.0
            Training MAE Angle: 0.09201782941818237		 Val MAE Angle: 0.09060359597206116
            Training MSE Angle: 0.017119992524385452		 Val MSE Angle: 0.01763439178466797


Epoch 7/50: Training Loss: 0.014187345281243324		 Val Loss: 0.016179442405700684
            Training MAE Shift: 0.0		 Val MAE Shift: 0.0
            Training Euclidean Shift: 0.0		 Val Euclidean Shift: 0.0
            Training MAE Angle: 0.08528406172990799		 Val MAE Angle: 0.08682597279548646
            Training MSE Angle: 0.014187345281243324		 Val MSE Angle: 0.016179442405700684


Epoch 8/50: Training Loss: 0.013206000439822674		 Val Loss: 0.012961582839488983
            Training MAE Shift: 0.0		 Val MAE Shift: 0.0
            Training Euclidean Shift: 0.0		 Val Euclidean Shift: 0.0
            Training MAE Angle: 0.08073987066745758		 Val MAE Angle: 0.082437664270401
            Training MSE Angle: 0.013206000439822674		 Val MSE Angle: 0.012961582839488983


Epoch 9/50: Training Loss: 0.011041882447898388		 Val Loss: 0.010645096004009248
            Training MAE Shift: 0.0		 Val MAE Shift: 0.0
            Training Euclidean Shift: 0.0		 Val Euclidean Shift: 0.0
            Training MAE Angle: 0.07271533459424973		 Val MAE Angle: 0.06999234557151794
            Training MSE Angle: 0.011041882447898388		 Val MSE Angle: 0.010645096004009248


Epoch 10/50: Training Loss: 0.010375415906310081		 Val Loss: 0.006971268355846405
            Training MAE Shift: 0.0		 Val MAE Shift: 0.0
            Training Euclidean Shift: 0.0		 Val Euclidean Shift: 0.0
            Training MAE Angle: 0.07022320479154587		 Val MAE Angle: 0.05857146382331848
            Training MSE Angle: 0.010375415906310081		 Val MSE Angle: 0.006971268355846405


Epoch 11/50: Training Loss: 0.008906522765755653		 Val Loss: 0.008583028614521027
            Training MAE Shift: 0.0		 Val MAE Shift: 0.0
            Training Euclidean Shift: 0.0		 Val Euclidean Shift: 0.0
            Training MAE Angle: 0.06638482958078384		 Val MAE Angle: 0.06770865917205811
            Training MSE Angle: 0.008906522765755653		 Val MSE Angle: 0.008583028614521027


Epoch 12/50: Training Loss: 0.007832431234419346		 Val Loss: 0.0054750021547079085
            Training MAE Shift: 0.0		 Val MAE Shift: 0.0
            Training Euclidean Shift: 0.0		 Val Euclidean Shift: 0.0
            Training MAE Angle: 0.06244742497801781		 Val MAE Angle: 0.05462564826011658
            Training MSE Angle: 0.007832431234419346		 Val MSE Angle: 0.0054750021547079085


Epoch 13/50: Training Loss: 0.008139542303979397		 Val Loss: 0.008626046031713486
            Training MAE Shift: 0.0		 Val MAE Shift: 0.0
            Training Euclidean Shift: 0.0		 Val Euclidean Shift: 0.0
            Training MAE Angle: 0.06178015097975731		 Val MAE Angle: 0.07034729123115539
            Training MSE Angle: 0.008139542303979397		 Val MSE Angle: 0.008626046031713486


Epoch 14/50: Training Loss: 0.008209723979234695		 Val Loss: 0.007839446514844894
            Training MAE Shift: 0.0		 Val MAE Shift: 0.0
            Training Euclidean Shift: 0.0		 Val Euclidean Shift: 0.0
            Training MAE Angle: 0.06293971091508865		 Val MAE Angle: 0.06616698503494263
            Training MSE Angle: 0.008209723979234695		 Val MSE Angle: 0.007839446514844894


Epoch 15/50: Training Loss: 0.007777135353535414		 Val Loss: 0.007095129042863846
            Training MAE Shift: 0.0		 Val MAE Shift: 0.0
            Training Euclidean Shift: 0.0		 Val Euclidean Shift: 0.0
            Training MAE Angle: 0.06138098984956741		 Val MAE Angle: 0.05669353604316711
            Training MSE Angle: 0.007777135353535414		 Val MSE Angle: 0.007095129042863846


Epoch 16/50: Training Loss: 0.007052419241517782		 Val Loss: 0.0066551297903060915
            Training MAE Shift: 0.0		 Val MAE Shift: 0.0
            Training Euclidean Shift: 0.0		 Val Euclidean Shift: 0.0
            Training MAE Angle: 0.05900956690311432		 Val MAE Angle: 0.0529669463634491
            Training MSE Angle: 0.007052419241517782		 Val MSE Angle: 0.0066551297903060915


Epoch 17/50: Training Loss: 0.00566813675686717		 Val Loss: 0.0067431658506393434
            Training MAE Shift: 0.0		 Val MAE Shift: 0.0
            Training Euclidean Shift: 0.0		 Val Euclidean Shift: 0.0
            Training MAE Angle: 0.053032439202070236		 Val MAE Angle: 0.0575121283531189
            Training MSE Angle: 0.00566813675686717		 Val MSE Angle: 0.0067431658506393434


Traceback (most recent call last):
  File "/home/aviran/Alon/Thesis/Main.py", line 45, in <module>
    model.train_model(train_loader, val_loader, test_loader)
  File "/home/aviran/Alon/Thesis/AffineRegressor.py", line 155, in train_model
    self.dataloader_step(train_loader, epoch, epoch_stats, data_type="train")
  File "/home/aviran/Alon/Thesis/AffineRegressor.py", line 286, in dataloader_step
    output = self.forward(img1, img2)
  File "/home/aviran/Alon/Thesis/AffineRegressor.py", line 137, in forward
    print_and_write("3. Nan in output")
TypeError: print_and_write() missing 1 required positional argument: 'plots_path'
