nohup: ignoring input
/opt/miniconda3/envs/alon_env/lib/python3.9/site-packages/transformers/utils/generic.py:260: UserWarning: torch.utils._pytree._register_pytree_node is deprecated. Please use torch.utils._pytree.register_pytree_node instead.
  torch.utils._pytree._register_pytree_node(
Epoch 190/1300: Training Loss: 4.145731213023361		 Val Loss: 5.272158377511161
             Training MAE: 0.28886112570762634		 Val MAE: 0.28909868001937866
             Algebraic dist: 1.1701810521986877		 Val Algebraic dist: 1.3766651698521206
             Algebraic sqr dist: 2.617961698365443	  Val Algebraic sqr dist: 3.4542029244559154
             RE1 dist: 1.3089818861878033		 Val RE1 dist: 1.727102770124163
             SED dist: 379.2968370752427		 Val SED dist: 491.9267299107143


Epoch 191/1300: Training Loss: 4.061454698877427		 Val Loss: 5.2502890450613835
             Training MAE: 0.2891768515110016		 Val MAE: 0.289322167634964
             Algebraic dist: 1.168179484247004		 Val Algebraic dist: 1.4308440072195872
             Algebraic sqr dist: 2.6289812106530643	  Val Algebraic sqr dist: 3.4934354509626115
             RE1 dist: 1.314491642331614		 Val RE1 dist: 1.7467189243861607
             SED dist: 370.833510315534		 Val SED dist: 489.7495535714286


Epoch 192/1300: Training Loss: 4.073547066994084		 Val Loss: 5.368408639090402
             Training MAE: 0.28916487097740173		 Val MAE: 0.2889801859855652
             Algebraic dist: 1.1799679358028672		 Val Algebraic dist: 1.3642752511160714
             Algebraic sqr dist: 2.6607387505688713	  Val Algebraic sqr dist: 3.123305184500558
             RE1 dist: 1.3303701160023513		 Val RE1 dist: 1.5616534641810826
             SED dist: 372.0446374393204		 Val SED dist: 501.5961495535714


Epoch 193/1300: Training Loss: 4.112868521977397		 Val Loss: 5.508489990234375
             Training MAE: 0.28905144333839417		 Val MAE: 0.2885727882385254
             Algebraic dist: 1.1882618283762516		 Val Algebraic dist: 1.5092310224260603
             Algebraic sqr dist: 2.657527293973756	  Val Algebraic sqr dist: 4.020417567661831
             RE1 dist: 1.32876468399196		 Val RE1 dist: 2.0102100917271204
             SED dist: 375.98486802184465		 Val SED dist: 515.6447544642857


Epoch 194/1300: Training Loss: 4.098126161445692		 Val Loss: 5.18336661202567
             Training MAE: 0.2891322374343872		 Val MAE: 0.2889610826969147
             Algebraic dist: 1.1834107926748332		 Val Algebraic dist: 1.3874420166015624
             Algebraic sqr dist: 2.6709354733957826	  Val Algebraic sqr dist: 3.325440107073103
             RE1 dist: 1.3354687737029733		 Val RE1 dist: 1.6627214704241071
             SED dist: 374.5027305825243		 Val SED dist: 483.0905691964286


Epoch 195/1300: Training Loss: 4.076398238395024		 Val Loss: 5.449095371791294
             Training MAE: 0.2892973721027374		 Val MAE: 0.2893381118774414
             Algebraic dist: 1.1911812939690154		 Val Algebraic dist: 1.4558836800711497
             Algebraic sqr dist: 2.7018077072587987	  Val Algebraic sqr dist: 3.9756282261439733
             RE1 dist: 1.3509044462037318		 Val RE1 dist: 1.987815202985491
             SED dist: 372.311020934466		 Val SED dist: 509.5864955357143


Epoch 196/1300: Training Loss: 4.112064694895328		 Val Loss: 5.631794520786831
             Training MAE: 0.2895413637161255		 Val MAE: 0.2890404462814331
             Algebraic dist: 1.2159192724135315		 Val Algebraic dist: 1.4972711835588728
             Algebraic sqr dist: 2.804842458187955	  Val Algebraic sqr dist: 4.25695321219308
             RE1 dist: 1.4024221179554763		 Val RE1 dist: 2.1284781319754464
             SED dist: 375.8554308252427		 Val SED dist: 527.8665178571429


Epoch 197/1300: Training Loss: 4.095591721025485		 Val Loss: 5.437018258231027
             Training MAE: 0.2897084653377533		 Val MAE: 0.2892877459526062
             Algebraic dist: 1.2272729966246967		 Val Algebraic dist: 1.4633516584123885
             Algebraic sqr dist: 2.8586624293651397	  Val Algebraic sqr dist: 4.012171282087054
             RE1 dist: 1.4293323998312348		 Val RE1 dist: 2.006086948939732
             SED dist: 374.1885618932039		 Val SED dist: 508.3779575892857


Epoch 198/1300: Training Loss: 4.040187502370297		 Val Loss: 5.929901559012277
             Training MAE: 0.2896136939525604		 Val MAE: 0.28947126865386963
             Algebraic dist: 1.2013756464985967		 Val Algebraic dist: 1.7183182852608816
             Algebraic sqr dist: 2.7683612119804306	  Val Algebraic sqr dist: 5.412734549386161
             RE1 dist: 1.3841817911388805		 Val RE1 dist: 2.706368146623884
             SED dist: 368.6550743325243		 Val SED dist: 557.7045758928572


Epoch 199/1300: Training Loss: 3.9695001991049756		 Val Loss: 5.395342145647321
             Training MAE: 0.29011285305023193		 Val MAE: 0.2899835407733917
             Algebraic dist: 1.2227432843550896		 Val Algebraic dist: 1.600849805559431
             Algebraic sqr dist: 2.8820667452025184	  Val Algebraic sqr dist: 4.218002755301339
             RE1 dist: 1.4410341133191749		 Val RE1 dist: 2.1090024675641743
             SED dist: 361.53830400485435		 Val SED dist: 504.2116629464286


Epoch 200/1300: Training Loss: 4.074415484678398		 Val Loss: 5.309106009347098
             Training MAE: 0.2905244827270508		 Val MAE: 0.2904205620288849
             Algebraic dist: 1.2705574406003488		 Val Algebraic dist: 1.5464308602469308
             Algebraic sqr dist: 3.0775516843332826	  Val Algebraic sqr dist: 4.369073922293527
             RE1 dist: 1.538776582884557		 Val RE1 dist: 2.184537833077567
             SED dist: 371.98592991504853		 Val SED dist: 495.48604910714283


Epoch 201/1300: Training Loss: 4.079158449635922		 Val Loss: 5.419001988002232
             Training MAE: 0.29057133197784424		 Val MAE: 0.29030340909957886
             Algebraic dist: 1.2757045412526546		 Val Algebraic dist: 1.6775633675711497
             Algebraic sqr dist: 3.0690526869690533	  Val Algebraic sqr dist: 4.525150844029018
             RE1 dist: 1.5345273804896087		 Val RE1 dist: 2.262577601841518
             SED dist: 372.4530491504854		 Val SED dist: 506.56138392857144


Epoch 202/1300: Training Loss: 4.023831858218295		 Val Loss: 5.501423863002232
             Training MAE: 0.29051727056503296		 Val MAE: 0.2911913990974426
             Algebraic dist: 1.2732785419353003		 Val Algebraic dist: 1.6248153686523437
             Algebraic sqr dist: 3.078080853212227	  Val Algebraic sqr dist: 4.143219430106027
             RE1 dist: 1.5390411673240292		 Val RE1 dist: 2.0716112409319196
             SED dist: 366.9247193567961		 Val SED dist: 514.7047991071429


Epoch 203/1300: Training Loss: 4.078768832012288		 Val Loss: 5.240787615094866
             Training MAE: 0.29080113768577576		 Val MAE: 0.2908983528614044
             Algebraic dist: 1.2957929592688107		 Val Algebraic dist: 1.6027186802455358
             Algebraic sqr dist: 3.158670962435528	  Val Algebraic sqr dist: 4.1983193533761165
             RE1 dist: 1.5793363700792626		 Val RE1 dist: 2.0991609845842634
             SED dist: 372.3864912014563		 Val SED dist: 488.6560825892857


Epoch 204/1300: Training Loss: 3.9523985038683254		 Val Loss: 5.352931431361607
             Training MAE: 0.29072004556655884		 Val MAE: 0.29080572724342346
             Algebraic dist: 1.2637558724116353		 Val Algebraic dist: 1.6218727111816407
             Algebraic sqr dist: 3.0436318406780947	  Val Algebraic sqr dist: 4.552341570172991
             RE1 dist: 1.521816661056963		 Val RE1 dist: 2.276171875
             SED dist: 359.7576608009709		 Val SED dist: 499.86417410714284


Epoch 205/1300: Training Loss: 4.001449436817355		 Val Loss: 5.382037353515625
             Training MAE: 0.29053425788879395		 Val MAE: 0.2903304994106293
             Algebraic dist: 1.2656808501308403		 Val Algebraic dist: 1.4513502938406808
             Algebraic sqr dist: 3.0335438552412013	  Val Algebraic sqr dist: 3.9541133335658483
             RE1 dist: 1.516772223907767		 Val RE1 dist: 1.9770581926618302
             SED dist: 364.6819629854369		 Val SED dist: 502.74810267857146


Epoch 206/1300: Training Loss: 3.89754893478838		 Val Loss: 5.3856733049665175
             Training MAE: 0.29034703969955444		 Val MAE: 0.2903042137622833
             Algebraic dist: 1.2221519692430218		 Val Algebraic dist: 1.5657542637416295
             Algebraic sqr dist: 2.8720869045813107	  Val Algebraic sqr dist: 4.477817208426339
             RE1 dist: 1.4360443411521542		 Val RE1 dist: 2.2389103480747767
             SED dist: 354.3114760315534		 Val SED dist: 503.15758928571427


Epoch 207/1300: Training Loss: 3.9751545433859223		 Val Loss: 5.059642246791294
             Training MAE: 0.29085102677345276		 Val MAE: 0.29159286618232727
             Algebraic dist: 1.285290764373483		 Val Algebraic dist: 1.4580195835658483
             Algebraic sqr dist: 3.1210854539593447	  Val Algebraic sqr dist: 3.7493055071149555
             RE1 dist: 1.5605437639847541		 Val RE1 dist: 1.8746536254882813
             SED dist: 362.02010012135923		 Val SED dist: 470.4311383928571


Epoch 208/1300: Training Loss: 3.926106869595722		 Val Loss: 5.410722133091518
             Training MAE: 0.2907751500606537		 Val MAE: 0.2905564308166504
             Algebraic dist: 1.2697050224230126		 Val Algebraic dist: 1.703800310407366
             Algebraic sqr dist: 3.054235365784284	  Val Algebraic sqr dist: 4.854275512695312
             RE1 dist: 1.5271187198972238		 Val RE1 dist: 2.4271388462611605
             SED dist: 357.12545509708735		 Val SED dist: 505.69592633928573


Epoch 209/1300: Training Loss: 3.9497061423885014		 Val Loss: 5.3983843122209825
             Training MAE: 0.29083773493766785		 Val MAE: 0.2904338538646698
             Algebraic dist: 1.2739577802639563		 Val Algebraic dist: 1.548988778250558
             Algebraic sqr dist: 3.082160134917324	  Val Algebraic sqr dist: 4.63551025390625
             RE1 dist: 1.5410806600329945		 Val RE1 dist: 2.3177562168666292
             SED dist: 359.4767141990291		 Val SED dist: 504.37561383928573


Epoch 210/1300: Training Loss: 3.9033748293385924		 Val Loss: 5.461846923828125
             Training MAE: 0.29095742106437683		 Val MAE: 0.2907301187515259
             Algebraic dist: 1.2724359012344508		 Val Algebraic dist: 1.6460621425083706
             Algebraic sqr dist: 3.07858157852321	  Val Algebraic sqr dist: 5.0414045061383925
             RE1 dist: 1.5392916781231039		 Val RE1 dist: 2.520703342982701
             SED dist: 354.8303625606796		 Val SED dist: 510.72845982142854


Epoch 211/1300: Training Loss: 3.9548265771958433		 Val Loss: 5.096812656947544
             Training MAE: 0.2915530502796173		 Val MAE: 0.2913748621940613
             Algebraic dist: 1.3096331253792475		 Val Algebraic dist: 1.4660537719726563
             Algebraic sqr dist: 3.2945604046571604	  Val Algebraic sqr dist: 3.8961962018694196
             RE1 dist: 1.6472806467593295		 Val RE1 dist: 1.9480989728655134
             SED dist: 359.91349362864077		 Val SED dist: 474.1439732142857


Epoch 212/1300: Training Loss: 3.81680416366429		 Val Loss: 5.133986990792411
             Training MAE: 0.2915073335170746		 Val MAE: 0.29163217544555664
             Algebraic dist: 1.2910108844053398		 Val Algebraic dist: 1.489738028390067
             Algebraic sqr dist: 3.193029311096784	  Val Algebraic sqr dist: 4.091348266601562
             RE1 dist: 1.5965152481227245		 Val RE1 dist: 2.0456750052315846
             SED dist: 346.11544296116506		 Val SED dist: 477.8430245535714


Epoch 213/1300: Training Loss: 3.86245371994463		 Val Loss: 5.137679617745536
             Training MAE: 0.29114362597465515		 Val MAE: 0.29123228788375854
             Algebraic dist: 1.2752091491106645		 Val Algebraic dist: 1.5944353376116072
             Algebraic sqr dist: 3.1154002958131066	  Val Algebraic sqr dist: 4.502879115513393
             RE1 dist: 1.557700888624469		 Val RE1 dist: 2.2514404296875
             SED dist: 350.7174984830097		 Val SED dist: 478.2724330357143


Epoch 214/1300: Training Loss: 3.903572452878489		 Val Loss: 5.4680254255022325
             Training MAE: 0.291613906621933		 Val MAE: 0.2910453975200653
             Algebraic dist: 1.3130626493287318		 Val Algebraic dist: 1.6842797415597097
             Algebraic sqr dist: 3.287270851505613	  Val Algebraic sqr dist: 5.326358468191964
             RE1 dist: 1.6436364627578883		 Val RE1 dist: 2.6631805419921877
             SED dist: 354.78064320388347		 Val SED dist: 511.31450892857146


Epoch 215/1300: Training Loss: 3.875967673885012		 Val Loss: 5.094976806640625
             Training MAE: 0.29156121611595154		 Val MAE: 0.2911228835582733
             Algebraic dist: 1.299526621994463		 Val Algebraic dist: 1.640465327671596
             Algebraic sqr dist: 3.23720957931963	  Val Algebraic sqr dist: 4.5657492501395085
             RE1 dist: 1.6186053822341475		 Val RE1 dist: 2.2828754970005583
             SED dist: 352.02704035194176		 Val SED dist: 474.03973214285713


Epoch 216/1300: Training Loss: 3.919085456329642		 Val Loss: 5.231679425920759
             Training MAE: 0.29141324758529663		 Val MAE: 0.29139143228530884
             Algebraic dist: 1.3103193264563107		 Val Algebraic dist: 1.4650895254952567
             Algebraic sqr dist: 3.2798719683897146	  Val Algebraic sqr dist: 4.045298113141741
             RE1 dist: 1.639936724912773		 Val RE1 dist: 2.022649928501674
             SED dist: 356.35364836165047		 Val SED dist: 487.60608258928573


Epoch 217/1300: Training Loss: 3.7123827887970267		 Val Loss: 5.133682686941964
             Training MAE: 0.29125943779945374		 Val MAE: 0.29103732109069824
             Algebraic dist: 1.2571371134045055		 Val Algebraic dist: 1.5470456804547992
             Algebraic sqr dist: 3.018058406496511	  Val Algebraic sqr dist: 4.467090715680803
             RE1 dist: 1.509029795822588		 Val RE1 dist: 2.233546883719308
             SED dist: 335.70012894417476		 Val SED dist: 477.87862723214283


Epoch 218/1300: Training Loss: 3.9504187130233617		 Val Loss: 5.008742850167411
             Training MAE: 0.29145348072052		 Val MAE: 0.29141801595687866
             Algebraic dist: 1.322789016279202		 Val Algebraic dist: 1.5634817940848214
             Algebraic sqr dist: 3.313875365025789	  Val Algebraic sqr dist: 4.340733991350446
             RE1 dist: 1.6569391639487256		 Val RE1 dist: 2.1703685215541295
             SED dist: 359.4857402912621		 Val SED dist: 465.35535714285714


Epoch 219/1300: Training Loss: 3.8742817999089807		 Val Loss: 4.959878976004465
             Training MAE: 0.291867196559906		 Val MAE: 0.29214316606521606
             Algebraic dist: 1.3251597580400485		 Val Algebraic dist: 1.519915989467076
             Algebraic sqr dist: 3.3626445288797027	  Val Algebraic sqr dist: 4.146443394252232
             RE1 dist: 1.681323005157767		 Val RE1 dist: 2.0732232230050225
             SED dist: 351.8264563106796		 Val SED dist: 460.3810546875


Epoch 220/1300: Training Loss: 3.9016957699673847		 Val Loss: 5.006991577148438
             Training MAE: 0.29252445697784424		 Val MAE: 0.2928803563117981
             Algebraic dist: 1.3743626863053702		 Val Algebraic dist: 1.70303955078125
             Algebraic sqr dist: 3.5849600486385014	  Val Algebraic sqr dist: 5.098969813755581
             RE1 dist: 1.7924807650371664		 Val RE1 dist: 2.5494859967912946
             SED dist: 354.49946905339806		 Val SED dist: 465.05142299107143


Epoch 221/1300: Training Loss: 3.7912905794902914		 Val Loss: 5.161316353934152
             Training MAE: 0.2927226722240448		 Val MAE: 0.2920345962047577
             Algebraic dist: 1.3612676824180825		 Val Algebraic dist: 1.6275101797921316
             Algebraic sqr dist: 3.529881153291869	  Val Algebraic sqr dist: 4.9128265380859375
             RE1 dist: 1.7649414655074334		 Val RE1 dist: 2.4564145769391743
             SED dist: 343.43841019417476		 Val SED dist: 480.540234375


Epoch 222/1300: Training Loss: 3.868563161312955		 Val Loss: 5.336803763253348
             Training MAE: 0.29234760999679565		 Val MAE: 0.29246416687965393
             Algebraic dist: 1.3660959780794903		 Val Algebraic dist: 1.8383961268833706
             Algebraic sqr dist: 3.530353731322057	  Val Algebraic sqr dist: 5.4872820172991075
             RE1 dist: 1.7651779026661105		 Val RE1 dist: 2.743642098563058
             SED dist: 351.2031629247573		 Val SED dist: 498.1209263392857


Epoch 223/1300: Training Loss: 3.7923038815989076		 Val Loss: 5.6310577392578125
             Training MAE: 0.2925306558609009		 Val MAE: 0.2926057279109955
             Algebraic dist: 1.359129674226335		 Val Algebraic dist: 1.6903059823172433
             Algebraic sqr dist: 3.4972468996510924	  Val Algebraic sqr dist: 5.523655046735491
             RE1 dist: 1.748624486830628		 Val RE1 dist: 2.76182861328125
             SED dist: 343.55791110436894		 Val SED dist: 527.3891741071428


Epoch 224/1300: Training Loss: 3.769730058688562		 Val Loss: 5.270445469447544
             Training MAE: 0.2927834987640381		 Val MAE: 0.2925049066543579
             Algebraic dist: 1.3587225756598909		 Val Algebraic dist: 1.6421989440917968
             Algebraic sqr dist: 3.530631648684011	  Val Algebraic sqr dist: 5.1952436174665175
             RE1 dist: 1.7653167132035041		 Val RE1 dist: 2.5976231166294643
             SED dist: 341.2754854368932		 Val SED dist: 491.36808035714284


Epoch 225/1300: Training Loss: 3.8296342868249393		 Val Loss: 5.095778982979911
             Training MAE: 0.29256555438041687		 Val MAE: 0.29197412729263306
             Algebraic dist: 1.3655005890188865		 Val Algebraic dist: 1.5990807669503349
             Algebraic sqr dist: 3.5381306768621057	  Val Algebraic sqr dist: 4.95227791922433
             RE1 dist: 1.7690662272925515		 Val RE1 dist: 2.47614004952567
             SED dist: 347.28940382281553		 Val SED dist: 473.95597098214284


Epoch 226/1300: Training Loss: 3.810751609431887		 Val Loss: 5.131495884486607
             Training MAE: 0.2924650311470032		 Val MAE: 0.29207709431648254
             Algebraic dist: 1.3603794134936287		 Val Algebraic dist: 1.7138954162597657
             Algebraic sqr dist: 3.5036582576418387	  Val Algebraic sqr dist: 4.740223911830357
             RE1 dist: 1.7518297213952518		 Val RE1 dist: 2.370113045828683
             SED dist: 345.410421723301		 Val SED dist: 477.61590401785713


Epoch 227/1300: Training Loss: 3.7032873653671117		 Val Loss: 5.163865879603795
             Training MAE: 0.291963130235672		 Val MAE: 0.2915409505367279
             Algebraic dist: 1.306751436400182		 Val Algebraic dist: 1.7029426574707032
             Algebraic sqr dist: 3.247316527135164	  Val Algebraic sqr dist: 5.030575561523437
             RE1 dist: 1.6236588561419145		 Val RE1 dist: 2.515288870675223
             SED dist: 334.7167020631068		 Val SED dist: 480.89129464285713


Fatal Python error: Illegal instruction

Thread 0x00007f01b7fff700 (most recent call first):
  File "/opt/miniconda3/envs/alon_env/lib/python3.9/threading.py", line 312 in wait
  File "/opt/miniconda3/envs/alon_env/lib/python3.9/multiprocessing/queues.py", line 231 in _feed
  File "/opt/miniconda3/envs/alon_env/lib/python3.9/threading.py", line 917 in run
  File "/opt/miniconda3/envs/alon_env/lib/python3.9/threading.py", line 980 in _bootstrap_inner
  File "/opt/miniconda3/envs/alon_env/lib/python3.9/threading.py", line 937 in _bootstrap

Thread 0x00007f01c5fff700 (most recent call first):
  File "/opt/miniconda3/envs/alon_env/lib/python3.9/threading.py", line 312 in wait
  File "/opt/miniconda3/envs/alon_env/lib/python3.9/multiprocessing/queues.py", line 231 in _feed
  File "/opt/miniconda3/envs/alon_env/lib/python3.9/threading.py", line 917 in run
  File "/opt/miniconda3/envs/alon_env/lib/python3.9/threading.py", line 980 in _bootstrap_inner
  File "/opt/miniconda3/envs/alon_env/lib/python3.9/threading.py", line 937 in _bootstrap

Thread 0x00007f01b592e700 (most recent call first):
  File "/opt/miniconda3/envs/alon_env/lib/python3.9/threading.py", line 312 in wait
  File "/opt/miniconda3/envs/alon_env/lib/python3.9/multiprocessing/queues.py", line 231 in _feed
  File "/opt/miniconda3/envs/alon_env/lib/python3.9/threading.py", line 917 in run
  File "/opt/miniconda3/envs/alon_env/lib/python3.9/threading.py", line 980 in _bootstrap_inner
  File "/opt/miniconda3/envs/alon_env/lib/python3.9/threading.py", line 937 in _bootstrap

Thread 0x00007f01c2a87700 (most recent call first):
  File "/opt/miniconda3/envs/alon_env/lib/python3.9/threading.py", line 312 in wait
  File "/opt/miniconda3/envs/alon_env/lib/python3.9/multiprocessing/queues.py", line 231 in _feed
  File "/opt/miniconda3/envs/alon_env/lib/python3.9/threading.py", line 917 in run
  File "/opt/miniconda3/envs/alon_env/lib/python3.9/threading.py", line 980 in _bootstrap_inner
  File "/opt/miniconda3/envs/alon_env/lib/python3.9/threading.py", line 937 in _bootstrap

Thread 0x00007f01b77fe700 (most recent call first):
  File "/opt/miniconda3/envs/alon_env/lib/python3.9/selectors.py", line 416 in select
  File "/opt/miniconda3/envs/alon_env/lib/python3.9/multiprocessing/connection.py", line 931 in wait
  File "/opt/miniconda3/envs/alon_env/lib/python3.9/multiprocessing/connection.py", line 424 in _poll
  File "/opt/miniconda3/envs/alon_env/lib/python3.9/multiprocessing/connection.py", line 257 in poll
  File "/opt/miniconda3/envs/alon_env/lib/python3.9/multiprocessing/queues.py", line 113 in get
  File "/opt/miniconda3/envs/alon_env/lib/python3.9/site-packages/torch/utils/data/_utils/pin_memory.py", line 30 in do_one_step
  File "/opt/miniconda3/envs/alon_env/lib/python3.9/site-packages/torch/utils/data/_utils/pin_memory.py", line 53 in _pin_memory_loop
  File "/opt/miniconda3/envs/alon_env/lib/python3.9/threading.py", line 917 in run
  File "/opt/miniconda3/envs/alon_env/lib/python3.9/threading.py", line 980 in _bootstrap_inner
  File "/opt/miniconda3/envs/alon_env/lib/python3.9/threading.py", line 937 in _bootstrap

Thread 0x00007f01c3288700 (most recent call first):
<no Python frame>

Thread 0x00007f01c4539700 (most recent call first):
<no Python frame>

Thread 0x00007f01c3a89700 (most recent call first):
<no Python frame>

Current thread 0x00007f02d2c4f200 (most recent call first):
  File "/opt/miniconda3/envs/alon_env/lib/python3.9/threading.py", line 316 in wait
  File "/opt/miniconda3/envs/alon_env/lib/python3.9/queue.py", line 180 in get
  File "/opt/miniconda3/envs/alon_env/lib/python3.9/site-packages/torch/utils/data/dataloader.py", line 1133 in _try_get_data
  File "/opt/miniconda3/envs/alon_env/lib/python3.9/site-packages/torch/utils/data/dataloader.py", line 1285 in _get_data
  File "/opt/miniconda3/envs/alon_env/lib/python3.9/site-packages/torch/utils/data/dataloader.py", line 1329 in _next_data
  File "/opt/miniconda3/envs/alon_env/lib/python3.9/site-packages/torch/utils/data/dataloader.py", line 631 in __next__
  File "/home/alonkay/Thesis/FMatrixRegressor.py", line 290 in dataloader_step
  File "/home/alonkay/Thesis/FMatrixRegressor.py", line 164 in train_model
  File "/home/alonkay/Thesis/Main.py", line 49 in <module>
