/opt/miniconda3/envs/alon_env/lib/python3.9/site-packages/transformers/utils/generic.py:260: UserWarning: torch.utils._pytree._register_pytree_node is deprecated. Please use torch.utils._pytree.register_pytree_node instead.
  torch.utils._pytree._register_pytree_node(
Epoch 190/1300: Training Loss: 0.23838861706187425		 Val Loss: 0.4194476808820452
             Training MAE: 0.06453752517700195		 Val MAE: 0.05986117199063301
             Algebraic dist: 12.791967299378033		 Val Algebraic dist: 17.23819754464286
             Algebraic sqr dist: 339.8424605582524	  Val Algebraic sqr dist: 529.8063616071429
             RE1 dist: 169.92124924150485		 Val RE1 dist: 264.90318080357144
             SED dist: 2.2624369500910193		 Val SED dist: 4.101335797991071


Epoch 191/1300: Training Loss: 0.22402481893891268		 Val Loss: 0.4558194841657366
             Training MAE: 0.06396977603435516		 Val MAE: 0.05841405317187309
             Algebraic dist: 12.083658459117112		 Val Algebraic dist: 17.378489467075894
             Algebraic sqr dist: 312.2786711165049	  Val Algebraic sqr dist: 713.4471540178571
             RE1 dist: 156.13933555825244		 Val RE1 dist: 356.72357700892854
             SED dist: 2.121618326427867		 Val SED dist: 4.471295166015625


Epoch 192/1300: Training Loss: 0.24509863251621283		 Val Loss: 0.4491990225655692
             Training MAE: 0.06467996537685394		 Val MAE: 0.05790097638964653
             Algebraic dist: 12.916969669675364		 Val Algebraic dist: 18.344456263950892
             Algebraic sqr dist: 351.9232402912621	  Val Algebraic sqr dist: 692.6089285714286
             RE1 dist: 175.96162014563106		 Val RE1 dist: 346.3044642857143
             SED dist: 2.3312474223016535		 Val SED dist: 4.407091413225446


Epoch 193/1300: Training Loss: 0.24365738063182646		 Val Loss: 0.4373622894287109
             Training MAE: 0.06429089605808258		 Val MAE: 0.059705138206481934
             Algebraic dist: 12.803751232554612		 Val Algebraic dist: 15.639944893973214
             Algebraic sqr dist: 345.58931280339806	  Val Algebraic sqr dist: 497.503515625
             RE1 dist: 172.79467536407768		 Val RE1 dist: 248.7517578125
             SED dist: 2.3197196293803093		 Val SED dist: 4.282136753627232


Epoch 194/1300: Training Loss: 0.23704115858355773		 Val Loss: 0.4496251242501395
             Training MAE: 0.06390758603811264		 Val MAE: 0.061129964888095856
             Algebraic dist: 12.351395394038228		 Val Algebraic dist: 16.460318429129465
             Algebraic sqr dist: 326.0936741504854	  Val Algebraic sqr dist: 604.0468191964286
             RE1 dist: 163.0468370752427		 Val RE1 dist: 302.0234095982143
             SED dist: 2.2531548657463594		 Val SED dist: 4.404147774832589


Epoch 195/1300: Training Loss: 0.23359128340934088		 Val Loss: 0.47015718732561385
             Training MAE: 0.06363306194543839		 Val MAE: 0.06704024970531464
             Algebraic dist: 12.269309627199636		 Val Algebraic dist: 18.48868582589286
             Algebraic sqr dist: 325.34685983009706	  Val Algebraic sqr dist: 811.0255580357143
             RE1 dist: 162.67342991504853		 Val RE1 dist: 405.51277901785716
             SED dist: 2.220333803047254		 Val SED dist: 4.5966940743582585


Epoch 196/1300: Training Loss: 0.25814337869292325		 Val Loss: 0.4286945343017578
             Training MAE: 0.06465504318475723		 Val MAE: 0.05587475374341011
             Algebraic dist: 13.199420225273059		 Val Algebraic dist: 18.10152413504464
             Algebraic sqr dist: 357.8768583131068	  Val Algebraic sqr dist: 730.8259486607143
             RE1 dist: 178.9384291565534		 Val RE1 dist: 365.41300223214284
             SED dist: 2.462916846414214		 Val SED dist: 4.20946524483817


Epoch 197/1300: Training Loss: 0.23712721148740898		 Val Loss: 0.42857210976736887
             Training MAE: 0.06428461521863937		 Val MAE: 0.05836499109864235
             Algebraic dist: 12.35366376858313		 Val Algebraic dist: 17.41056431361607
             Algebraic sqr dist: 320.9765625	  Val Algebraic sqr dist: 605.9045758928571
             RE1 dist: 160.48828125		 Val RE1 dist: 302.9523158482143
             SED dist: 2.252486441899272		 Val SED dist: 4.2007516043526785


Epoch 198/1300: Training Loss: 0.24327420725405796		 Val Loss: 0.4598813193184989
             Training MAE: 0.0641036182641983		 Val MAE: 0.05336010083556175
             Algebraic dist: 12.709898124620752		 Val Algebraic dist: 18.78602294921875
             Algebraic sqr dist: 335.5676577669903	  Val Algebraic sqr dist: 780.627734375
             RE1 dist: 167.78382888349515		 Val RE1 dist: 390.3138671875
             SED dist: 2.3146671924776245		 Val SED dist: 4.528172084263393


Epoch 199/1300: Training Loss: 0.2421548528578675		 Val Loss: 0.3934847967965262
             Training MAE: 0.06402488797903061		 Val MAE: 0.060772646218538284
             Algebraic dist: 12.594861669447816		 Val Algebraic dist: 16.443179757254466
             Algebraic sqr dist: 336.56686134708735	  Val Algebraic sqr dist: 592.5707589285714
             RE1 dist: 168.28341171116506		 Val RE1 dist: 296.2853794642857
             SED dist: 2.303629310385695		 Val SED dist: 3.8469164167131695


Epoch 200/1300: Training Loss: 0.22923889900874167		 Val Loss: 0.46941168648856024
             Training MAE: 0.06360761821269989		 Val MAE: 0.06264327466487885
             Algebraic dist: 12.012408506523059		 Val Algebraic dist: 15.810442243303571
             Algebraic sqr dist: 303.0521844660194	  Val Algebraic sqr dist: 540.7550223214286
             RE1 dist: 151.52611119538835		 Val RE1 dist: 270.3775390625
             SED dist: 2.175106604122421		 Val SED dist: 4.593749128069196


Epoch 201/1300: Training Loss: 0.2468990029640568		 Val Loss: 0.4259581702096122
             Training MAE: 0.06381057947874069		 Val MAE: 0.05842231959104538
             Algebraic dist: 12.680090450546116		 Val Algebraic dist: 16.37097865513393
             Algebraic sqr dist: 340.8114760315534	  Val Algebraic sqr dist: 519.8306361607143
             RE1 dist: 170.40575697815535		 Val RE1 dist: 259.91531808035717
             SED dist: 2.3520546329831613		 Val SED dist: 4.16986563546317


Epoch 202/1300: Training Loss: 0.22936285815192659		 Val Loss: 0.43464726039341517
             Training MAE: 0.06321186572313309		 Val MAE: 0.056961555033922195
             Algebraic dist: 11.969955296192355		 Val Algebraic dist: 16.82070138113839
             Algebraic sqr dist: 302.1280719053398	  Val Algebraic sqr dist: 634.0633370535714
             RE1 dist: 151.0640359526699		 Val RE1 dist: 317.0316685267857
             SED dist: 2.178485018535725		 Val SED dist: 4.261808122907366


Epoch 203/1300: Training Loss: 0.22791669901134898		 Val Loss: 0.3865918023245675
             Training MAE: 0.06286308169364929		 Val MAE: 0.05999051779508591
             Algebraic dist: 11.903255129323423		 Val Algebraic dist: 14.651913016183036
             Algebraic sqr dist: 302.97366125606794	  Val Algebraic sqr dist: 417.70343191964287
             RE1 dist: 151.48683062803397		 Val RE1 dist: 208.85171595982143
             SED dist: 2.1654984557512895		 Val SED dist: 3.7694471086774555


Epoch 204/1300: Training Loss: 0.23353072971973604		 Val Loss: 0.4417326245989118
             Training MAE: 0.06271684169769287		 Val MAE: 0.05864723026752472
             Algebraic dist: 11.841213781856796		 Val Algebraic dist: 16.253243582589285
             Algebraic sqr dist: 307.71044447815535	  Val Algebraic sqr dist: 617.5143973214285
             RE1 dist: 153.85522223907768		 Val RE1 dist: 308.75719866071427
             SED dist: 2.221915087653595		 Val SED dist: 4.3311004638671875


Epoch 205/1300: Training Loss: 0.24279842561888462		 Val Loss: 0.41480276925223214
             Training MAE: 0.06215305253863335		 Val MAE: 0.056999269872903824
             Algebraic dist: 12.312298524726941		 Val Algebraic dist: 15.563319614955358
             Algebraic sqr dist: 320.0691368325243	  Val Algebraic sqr dist: 493.1021205357143
             RE1 dist: 160.03456841626215		 Val RE1 dist: 246.55106026785714
             SED dist: 2.3171146726145326		 Val SED dist: 4.064359392438616


Epoch 206/1300: Training Loss: 0.23581823330481075		 Val Loss: 0.47834745134626117
             Training MAE: 0.0632234662771225		 Val MAE: 0.05585593730211258
             Algebraic dist: 12.069632224666263		 Val Algebraic dist: 17.556626674107143
             Algebraic sqr dist: 307.3939813410194	  Val Algebraic sqr dist: 579.6402901785714
             RE1 dist: 153.6969906705097		 Val RE1 dist: 289.8201450892857
             SED dist: 2.242903181650106		 Val SED dist: 4.703053501674107


Epoch 207/1300: Training Loss: 0.22520633808617452		 Val Loss: 0.4451128005981445
             Training MAE: 0.06226218864321709		 Val MAE: 0.06033361703157425
             Algebraic dist: 11.515600111878033		 Val Algebraic dist: 16.71530238560268
             Algebraic sqr dist: 284.96950849514565	  Val Algebraic sqr dist: 558.5313616071429
             RE1 dist: 142.48475424757282		 Val RE1 dist: 279.26568080357146
             SED dist: 2.1393549650618175		 Val SED dist: 4.363404192243304


Epoch 208/1300: Training Loss: 0.23678557386676086		 Val Loss: 0.4225655147007534
             Training MAE: 0.06244951859116554		 Val MAE: 0.06098455563187599
             Algebraic dist: 11.962971215109222		 Val Algebraic dist: 13.646969168526786
             Algebraic sqr dist: 306.41430901092235	  Val Algebraic sqr dist: 405.77234933035714
             RE1 dist: 153.2071734678398		 Val RE1 dist: 202.88617466517857
             SED dist: 2.2547435575318566		 Val SED dist: 4.123044259207589


Epoch 209/1300: Training Loss: 0.21794095085662546		 Val Loss: 0.42552389417375835
             Training MAE: 0.061709366738796234		 Val MAE: 0.05633228272199631
             Algebraic dist: 11.19299790465716		 Val Algebraic dist: 15.586385672433035
             Algebraic sqr dist: 263.9617908070388	  Val Algebraic sqr dist: 483.13270089285714
             RE1 dist: 131.98090488470874		 Val RE1 dist: 241.56635044642857
             SED dist: 2.067386071658829		 Val SED dist: 4.175802176339285


Epoch 210/1300: Training Loss: 0.23092849509229937		 Val Loss: 0.38625542776925226
             Training MAE: 0.06293071061372757		 Val MAE: 0.05549553409218788
             Algebraic dist: 11.770349002578884		 Val Algebraic dist: 15.547586495535715
             Algebraic sqr dist: 291.2138766686893	  Val Algebraic sqr dist: 486.31841517857146
             RE1 dist: 145.6069572967233		 Val RE1 dist: 243.15920758928573
             SED dist: 2.1954517549681434		 Val SED dist: 3.7853707449776786


Epoch 211/1300: Training Loss: 0.2321620681910839		 Val Loss: 0.45531112125941686
             Training MAE: 0.06173991411924362		 Val MAE: 0.067001111805439
             Algebraic dist: 11.662040636377426		 Val Algebraic dist: 15.679842703683036
             Algebraic sqr dist: 285.5308897148058	  Val Algebraic sqr dist: 575.0159598214286
             RE1 dist: 142.7654448574029		 Val RE1 dist: 287.5079799107143
             SED dist: 2.2119756902305827		 Val SED dist: 4.447882080078125


Epoch 212/1300: Training Loss: 0.23389477405733275		 Val Loss: 0.4325458526611328
             Training MAE: 0.06294778734445572		 Val MAE: 0.05364736542105675
             Algebraic dist: 11.610873027912621		 Val Algebraic dist: 16.841978236607144
             Algebraic sqr dist: 284.70141838592235	  Val Algebraic sqr dist: 664.2997209821428
             RE1 dist: 142.3507186741505		 Val RE1 dist: 332.1498604910714
             SED dist: 2.224387604056053		 Val SED dist: 4.2522125244140625


Epoch 213/1300: Training Loss: 0.2441945307463118		 Val Loss: 0.42241009303501675
             Training MAE: 0.06173264980316162		 Val MAE: 0.05724839121103287
             Algebraic dist: 12.03587207979369		 Val Algebraic dist: 15.390373883928572
             Algebraic sqr dist: 312.4147261832524	  Val Algebraic sqr dist: 461.9941127232143
             RE1 dist: 156.2073630916262		 Val RE1 dist: 230.9970703125
             SED dist: 2.3311671284795965		 Val SED dist: 4.142479160853795


Epoch 214/1300: Training Loss: 0.22829422441501063		 Val Loss: 0.43633741651262553
             Training MAE: 0.062094058841466904		 Val MAE: 0.05477530509233475
             Algebraic dist: 11.390640406932645		 Val Algebraic dist: 16.8931640625
             Algebraic sqr dist: 276.90649651092235	  Val Algebraic sqr dist: 602.9774553571428
             RE1 dist: 138.45324825546118		 Val RE1 dist: 301.4887276785714
             SED dist: 2.173420137572057		 Val SED dist: 4.289750453404018


Epoch 215/1300: Training Loss: 0.23320205466261187		 Val Loss: 0.4326723643711635
             Training MAE: 0.060878053307533264		 Val MAE: 0.05630338937044144
             Algebraic dist: 11.55127901243932		 Val Algebraic dist: 15.547108677455357
             Algebraic sqr dist: 288.8756257584951	  Val Algebraic sqr dist: 475.88677455357146
             RE1 dist: 144.4378318416262		 Val RE1 dist: 237.94338727678573
             SED dist: 2.226933303388577		 Val SED dist: 4.245730154854911


Epoch 216/1300: Training Loss: 0.23392645826617492		 Val Loss: 0.4277679443359375
             Training MAE: 0.0612168088555336		 Val MAE: 0.05544821545481682
             Algebraic dist: 11.480894218370752		 Val Algebraic dist: 15.274626813616072
             Algebraic sqr dist: 275.82977472694176	  Val Algebraic sqr dist: 504.05859375
             RE1 dist: 137.91488736347088		 Val RE1 dist: 252.029296875
             SED dist: 2.231453164109906		 Val SED dist: 4.19848153250558


Epoch 217/1300: Training Loss: 0.22181946097068417		 Val Loss: 0.4489634105137416
             Training MAE: 0.06069503352046013		 Val MAE: 0.05947672203183174
             Algebraic dist: 11.01733161407767		 Val Algebraic dist: 15.82987583705357
             Algebraic sqr dist: 262.35681507888347	  Val Algebraic sqr dist: 453.98130580357144
             RE1 dist: 131.17840753944174		 Val RE1 dist: 226.99066685267857
             SED dist: 2.112107804678019		 Val SED dist: 4.402287074497768


Epoch 218/1300: Training Loss: 0.2473570629230981		 Val Loss: 0.4669216156005859
             Training MAE: 0.06241192668676376		 Val MAE: 0.056053921580314636
             Algebraic dist: 11.97912360626517		 Val Algebraic dist: 16.761668178013394
             Algebraic sqr dist: 296.6846556432039	  Val Algebraic sqr dist: 542.4223214285714
             RE1 dist: 148.34232782160194		 Val RE1 dist: 271.2111607142857
             SED dist: 2.3638164927658525		 Val SED dist: 4.592715454101563


Epoch 219/1300: Training Loss: 0.22878822771090906		 Val Loss: 0.42907167162214005
             Training MAE: 0.061067916452884674		 Val MAE: 0.05452752858400345
             Algebraic dist: 11.337725889335559		 Val Algebraic dist: 16.01113978794643
             Algebraic sqr dist: 273.0457751820388	  Val Algebraic sqr dist: 608.131640625
             RE1 dist: 136.5228875910194		 Val RE1 dist: 304.0658203125
             SED dist: 2.181607885268128		 Val SED dist: 4.215447562081473


Epoch 220/1300: Training Loss: 0.22914680925387781		 Val Loss: 0.43079493386404855
             Training MAE: 0.0604594387114048		 Val MAE: 0.06088027358055115
             Algebraic dist: 11.248801814699636		 Val Algebraic dist: 15.710051618303572
             Algebraic sqr dist: 281.48955172936894	  Val Algebraic sqr dist: 527.5517857142858
             RE1 dist: 140.7447853458738		 Val RE1 dist: 263.7758928571429
             SED dist: 2.1868668343256976		 Val SED dist: 4.218469674246652


Epoch 221/1300: Training Loss: 0.22811619286398285		 Val Loss: 0.4142074040004185
             Training MAE: 0.062252216041088104		 Val MAE: 0.058437738567590714
             Algebraic dist: 11.203940382281553		 Val Algebraic dist: 14.035047258649554
             Algebraic sqr dist: 263.5287469660194	  Val Algebraic sqr dist: 385.6478794642857
             RE1 dist: 131.7643734830097		 Val RE1 dist: 192.82393973214286
             SED dist: 2.1712923512875455		 Val SED dist: 4.050312151227678


Epoch 222/1300: Training Loss: 0.2389255634789328		 Val Loss: 0.43677888597760883
             Training MAE: 0.05969024449586868		 Val MAE: 0.05448246747255325
             Algebraic dist: 11.502888207296722		 Val Algebraic dist: 15.174323381696428
             Algebraic sqr dist: 284.337151092233	  Val Algebraic sqr dist: 509.325
             RE1 dist: 142.1685755461165		 Val RE1 dist: 254.6625
             SED dist: 2.2871970760012137		 Val SED dist: 4.2916190011160715


Epoch 223/1300: Training Loss: 0.2325914253308935		 Val Loss: 0.42481961931501117
             Training MAE: 0.060003265738487244		 Val MAE: 0.05460438132286072
             Algebraic dist: 11.366802326683858		 Val Algebraic dist: 15.266364397321428
             Algebraic sqr dist: 268.2619083737864	  Val Algebraic sqr dist: 461.8876674107143
             RE1 dist: 134.1309541868932		 Val RE1 dist: 230.94383370535715
             SED dist: 2.2215217664403824		 Val SED dist: 4.170718383789063


Epoch 224/1300: Training Loss: 0.22420892437684883		 Val Loss: 0.45623435974121096
             Training MAE: 0.06087644025683403		 Val MAE: 0.05841551348567009
             Algebraic dist: 10.999310243476941		 Val Algebraic dist: 15.768673270089286
             Algebraic sqr dist: 252.4584723907767	  Val Algebraic sqr dist: 429.55580357142856
             RE1 dist: 126.22923619538835		 Val RE1 dist: 214.77790178571428
             SED dist: 2.1344755598642293		 Val SED dist: 4.47235586983817


Epoch 225/1300: Training Loss: 0.23903746743804044		 Val Loss: 0.44691693442208424
             Training MAE: 0.06053650751709938		 Val MAE: 0.05347495526075363
             Algebraic dist: 11.62271147792779		 Val Algebraic dist: 16.04442661830357
             Algebraic sqr dist: 277.59866125606794	  Val Algebraic sqr dist: 515.4138392857143
             RE1 dist: 138.79933062803397		 Val RE1 dist: 257.70691964285714
             SED dist: 2.2837791072512137		 Val SED dist: 4.39781494140625


Epoch 226/1300: Training Loss: 0.23202036885381902		 Val Loss: 0.6271642957414899
             Training MAE: 0.060285717248916626		 Val MAE: 0.05064862221479416
             Algebraic dist: 11.278600007584952		 Val Algebraic dist: 21.016605050223216
             Algebraic sqr dist: 267.4395668992718	  Val Algebraic sqr dist: 960.6113839285714
             RE1 dist: 133.7197834496359		 Val RE1 dist: 480.30574776785716
             SED dist: 2.214624349353383		 Val SED dist: 6.208421107700893


Epoch 227/1300: Training Loss: 0.22745354661663758		 Val Loss: 0.4689881461007254
             Training MAE: 0.06055699661374092		 Val MAE: 0.05321967974305153
             Algebraic dist: 11.125760865442961		 Val Algebraic dist: 16.600673130580358
             Algebraic sqr dist: 258.56697512135923	  Val Algebraic sqr dist: 702.0422991071429
             RE1 dist: 129.28348756067962		 Val RE1 dist: 351.02117745535713
             SED dist: 2.169053012884936		 Val SED dist: 4.616492135184152


Epoch 228/1300: Training Loss: 0.2198410774897603		 Val Loss: 0.41932010650634766
             Training MAE: 0.0605807825922966		 Val MAE: 0.05320652201771736
             Algebraic dist: 10.807738072663835		 Val Algebraic dist: 15.184270368303572
             Algebraic sqr dist: 247.78597163228156	  Val Algebraic sqr dist: 473.7060825892857
             RE1 dist: 123.89298581614078		 Val RE1 dist: 236.85306919642858
             SED dist: 2.0933174207372574		 Val SED dist: 4.122198486328125


Epoch 229/1300: Training Loss: 0.21768177365793764		 Val Loss: 0.4123819078717913
             Training MAE: 0.06117502972483635		 Val MAE: 0.05698508024215698
             Algebraic dist: 10.691753498558858		 Val Algebraic dist: 15.2031494140625
             Algebraic sqr dist: 238.97159435679612	  Val Algebraic sqr dist: 430.41802455357146
             RE1 dist: 119.48579717839806		 Val RE1 dist: 215.20901227678573
             SED dist: 2.0703933863963897		 Val SED dist: 4.0418474469866075


Epoch 230/1300: Training Loss: 0.2295541300356967		 Val Loss: 0.42151453835623603
             Training MAE: 0.060041643679142		 Val MAE: 0.05209270864725113
             Algebraic dist: 10.947395991353156		 Val Algebraic dist: 15.100823102678572
             Algebraic sqr dist: 254.13175060679612	  Val Algebraic sqr dist: 449.83780691964284
             RE1 dist: 127.06587530339806		 Val RE1 dist: 224.91890345982142
             SED dist: 2.1919721584875607		 Val SED dist: 4.146828787667411


Epoch 231/1300: Training Loss: 0.2260194056242415		 Val Loss: 0.4523394993373326
             Training MAE: 0.06019613519310951		 Val MAE: 0.05458797514438629
             Algebraic dist: 10.895122639183858		 Val Algebraic dist: 15.17915736607143
             Algebraic sqr dist: 245.9086202973301	  Val Algebraic sqr dist: 520.1858258928571
             RE1 dist: 122.95431014866504		 Val RE1 dist: 260.09291294642856
             SED dist: 2.156939460235892		 Val SED dist: 4.452662440708705


Epoch 232/1300: Training Loss: 0.21787860092607517		 Val Loss: 0.39372803824288505
             Training MAE: 0.059647079557180405		 Val MAE: 0.0522872619330883
             Algebraic dist: 10.446072180294296		 Val Algebraic dist: 14.810792759486608
             Algebraic sqr dist: 233.6990291262136	  Val Algebraic sqr dist: 460.74578683035713
             RE1 dist: 116.8495145631068		 Val RE1 dist: 230.37287946428572
             SED dist: 2.077134067572436		 Val SED dist: 3.868904331752232


Epoch 233/1300: Training Loss: 0.22265036129257054		 Val Loss: 0.458929933820452
             Training MAE: 0.0591919869184494		 Val MAE: 0.055055923759937286
             Algebraic dist: 10.54381376099818		 Val Algebraic dist: 16.171939522879466
             Algebraic sqr dist: 235.2256333434466	  Val Algebraic sqr dist: 542.9982142857143
             RE1 dist: 117.6128166717233		 Val RE1 dist: 271.49910714285716
             SED dist: 2.126385586933025		 Val SED dist: 4.520050048828125


Epoch 234/1300: Training Loss: 0.22591794578774463		 Val Loss: 0.507354245867048
             Training MAE: 0.05913275107741356		 Val MAE: 0.05167918652296066
             Algebraic dist: 10.668443994614684		 Val Algebraic dist: 18.71202915736607
             Algebraic sqr dist: 240.2863129550971	  Val Algebraic sqr dist: 609.3035714285714
             RE1 dist: 120.14316595873787		 Val RE1 dist: 304.6518136160714
             SED dist: 2.1611806628773516		 Val SED dist: 5.008863612583705


Epoch 235/1300: Training Loss: 0.23555968571635125		 Val Loss: 0.40499771663120815
             Training MAE: 0.05929169803857803		 Val MAE: 0.05274409428238869
             Algebraic dist: 11.03737010770631		 Val Algebraic dist: 14.7179443359375
             Algebraic sqr dist: 253.9244728458738	  Val Algebraic sqr dist: 467.5722377232143
             RE1 dist: 126.9622364229369		 Val RE1 dist: 233.78614676339285
             SED dist: 2.256606611233313		 Val SED dist: 3.9813690185546875


Epoch 236/1300: Training Loss: 0.22168846500730052		 Val Loss: 0.42844720567975725
             Training MAE: 0.05995868146419525		 Val MAE: 0.05559682101011276
             Algebraic dist: 10.485434522906553		 Val Algebraic dist: 15.992088099888393
             Algebraic sqr dist: 228.22580400485438	  Val Algebraic sqr dist: 520.779296875
             RE1 dist: 114.11290200242719		 Val RE1 dist: 260.3896484375
             SED dist: 2.116178345911711		 Val SED dist: 4.209581211635045


Epoch 237/1300: Training Loss: 0.22894144521176235		 Val Loss: 0.4686389378138951
             Training MAE: 0.05929659679532051		 Val MAE: 0.05153541639447212
             Algebraic dist: 10.552338535345873		 Val Algebraic dist: 16.11245640345982
             Algebraic sqr dist: 236.70640549150485	  Val Algebraic sqr dist: 495.7515625
             RE1 dist: 118.35320274575243		 Val RE1 dist: 247.87578125
             SED dist: 2.190047625199105		 Val SED dist: 4.619297136579241


Epoch 238/1300: Training Loss: 0.23801181385818038		 Val Loss: 0.4488051278250558
             Training MAE: 0.059237007051706314		 Val MAE: 0.05458129197359085
             Algebraic dist: 10.984673657463592		 Val Algebraic dist: 15.9196533203125
             Algebraic sqr dist: 256.3036256067961	  Val Algebraic sqr dist: 550.2447544642857
             RE1 dist: 128.15181280339806		 Val RE1 dist: 275.12237723214287
             SED dist: 2.280032556033829		 Val SED dist: 4.415150233677456


Epoch 239/1300: Training Loss: 0.22745019486806925		 Val Loss: 0.4225118637084961
             Training MAE: 0.05935071036219597		 Val MAE: 0.05269474908709526
             Algebraic dist: 10.625312879247574		 Val Algebraic dist: 14.508800397600446
             Algebraic sqr dist: 238.35512742718447	  Val Algebraic sqr dist: 474.74135044642856
             RE1 dist: 119.17756371359224		 Val RE1 dist: 237.370703125
             SED dist: 2.1761682010391383		 Val SED dist: 4.1543212890625


Epoch 240/1300: Training Loss: 0.21540710301075167		 Val Loss: 0.4218299320765904
             Training MAE: 0.0588509738445282		 Val MAE: 0.0521986223757267
             Algebraic dist: 10.103109119007888		 Val Algebraic dist: 14.970075334821429
             Algebraic sqr dist: 220.52755233616506	  Val Algebraic sqr dist: 468.2396763392857
             RE1 dist: 110.26378564927184		 Val RE1 dist: 234.11983816964286
             SED dist: 2.0560716054971935		 Val SED dist: 4.151568603515625


Epoch 241/1300: Training Loss: 0.21785760157316633		 Val Loss: 0.450904301234654
             Training MAE: 0.058775074779987335		 Val MAE: 0.05312629044055939
             Algebraic dist: 10.128235455855583		 Val Algebraic dist: 15.692593819754464
             Algebraic sqr dist: 217.70970494538835	  Val Algebraic sqr dist: 447.69567522321427
             RE1 dist: 108.85485247269418		 Val RE1 dist: 223.8478515625
             SED dist: 2.079513846091854		 Val SED dist: 4.437513950892857


Epoch 242/1300: Training Loss: 0.2386001846165333		 Val Loss: 0.4537770680018834
             Training MAE: 0.058785293251276016		 Val MAE: 0.05386621877551079
             Algebraic dist: 10.868069250606796		 Val Algebraic dist: 14.380513218470982
             Algebraic sqr dist: 250.20380764563106	  Val Algebraic sqr dist: 474.0959263392857
             RE1 dist: 125.10190382281553		 Val RE1 dist: 237.04799107142858
             SED dist: 2.2889161341398667		 Val SED dist: 4.463466971261161


Epoch 243/1300: Training Loss: 0.22763852239812463		 Val Loss: 0.4548975535801479
             Training MAE: 0.058196671307086945		 Val MAE: 0.05095300078392029
             Algebraic dist: 10.482993116656553		 Val Algebraic dist: 14.981058175223215
             Algebraic sqr dist: 233.86589805825244	  Val Algebraic sqr dist: 548.6088727678572
             RE1 dist: 116.93294902912622		 Val RE1 dist: 274.3044642857143
             SED dist: 2.1807868735304154		 Val SED dist: 4.483235386439732


Epoch 244/1300: Training Loss: 0.21756588834003338		 Val Loss: 0.43919271741594584
             Training MAE: 0.059523530304431915		 Val MAE: 0.04963378608226776
             Algebraic dist: 10.15672642976335		 Val Algebraic dist: 15.805641392299107
             Algebraic sqr dist: 216.65674302184465	  Val Algebraic sqr dist: 546.8107700892857
             RE1 dist: 108.32837151092232		 Val RE1 dist: 273.40541294642856
             SED dist: 2.07647942107858		 Val SED dist: 4.332843453543527


Fatal Python error: Illegal instruction

Thread 0x00007fddfd91e700 (most recent call first):
  File "/opt/miniconda3/envs/alon_env/lib/python3.9/threading.py", line 312 in wait
  File "/opt/miniconda3/envs/alon_env/lib/python3.9/multiprocessing/queues.py", line 231 in _feed
  File "/opt/miniconda3/envs/alon_env/lib/python3.9/threading.py", line 917 in run
  File "/opt/miniconda3/envs/alon_env/lib/python3.9/threading.py", line 980 in _bootstrap_inner
  File "/opt/miniconda3/envs/alon_env/lib/python3.9/threading.py", line 937 in _bootstrap

Thread 0x00007fddf1fff700 (most recent call first):
  File "/opt/miniconda3/envs/alon_env/lib/python3.9/threading.py", line 312 in wait
  File "/opt/miniconda3/envs/alon_env/lib/python3.9/multiprocessing/queues.py", line 231 in _feed
  File "/opt/miniconda3/envs/alon_env/lib/python3.9/threading.py", line 917 in run
  File "/opt/miniconda3/envs/alon_env/lib/python3.9/threading.py", line 980 in _bootstrap_inner
  File "/opt/miniconda3/envs/alon_env/lib/python3.9/threading.py", line 937 in _bootstrap

Thread 0x00007fddfd11d700 (most recent call first):
  File "/opt/miniconda3/envs/alon_env/lib/python3.9/threading.py", line 312 in wait
  File "/opt/miniconda3/envs/alon_env/lib/python3.9/multiprocessing/queues.py", line 231 in _feed
  File "/opt/miniconda3/envs/alon_env/lib/python3.9/threading.py", line 917 in run
  File "/opt/miniconda3/envs/alon_env/lib/python3.9/threading.py", line 980 in _bootstrap_inner
  File "/opt/miniconda3/envs/alon_env/lib/python3.9/threading.py", line 937 in _bootstrap

Thread 0x00007fddfc91c700 (most recent call first):
  File "/opt/miniconda3/envs/alon_env/lib/python3.9/threading.py", line 312 in wait
  File "/opt/miniconda3/envs/alon_env/lib/python3.9/multiprocessing/queues.py", line 231 in _feed
  File "/opt/miniconda3/envs/alon_env/lib/python3.9/threading.py", line 917 in run
  File "/opt/miniconda3/envs/alon_env/lib/python3.9/threading.py", line 980 in _bootstrap_inner
  File "/opt/miniconda3/envs/alon_env/lib/python3.9/threading.py", line 937 in _bootstrap

Thread 0x00007fddfffff700 (most recent call first):
  File "/opt/miniconda3/envs/alon_env/lib/python3.9/selectors.py", line 416 in select
  File "/opt/miniconda3/envs/alon_env/lib/python3.9/multiprocessing/connection.py", line 931 in wait
  File "/opt/miniconda3/envs/alon_env/lib/python3.9/multiprocessing/connection.py", line 424 in _poll
  File "/opt/miniconda3/envs/alon_env/lib/python3.9/multiprocessing/connection.py", line 257 in poll
  File "/opt/miniconda3/envs/alon_env/lib/python3.9/multiprocessing/queues.py", line 113 in get
  File "/opt/miniconda3/envs/alon_env/lib/python3.9/site-packages/torch/utils/data/_utils/pin_memory.py", line 30 in do_one_step
  File "/opt/miniconda3/envs/alon_env/lib/python3.9/site-packages/torch/utils/data/_utils/pin_memory.py", line 53 in _pin_memory_loop
  File "/opt/miniconda3/envs/alon_env/lib/python3.9/threading.py", line 917 in run
  File "/opt/miniconda3/envs/alon_env/lib/python3.9/threading.py", line 980 in _bootstrap_inner
  File "/opt/miniconda3/envs/alon_env/lib/python3.9/threading.py", line 937 in _bootstrap

Thread 0x00007fddfe539700 (most recent call first):
<no Python frame>

Current thread 0x00007fdf0aaa5200 (most recent call first):
  File "/opt/miniconda3/envs/alon_env/lib/python3.9/threading.py", line 316 in wait
  File "/opt/miniconda3/envs/alon_env/lib/python3.9/queue.py", line 180 in get
  File "/opt/miniconda3/envs/alon_env/lib/python3.9/site-packages/torch/utils/data/dataloader.py", line 1133 in _try_get_data
  File "/opt/miniconda3/envs/alon_env/lib/python3.9/site-packages/torch/utils/data/dataloader.py", line 1285 in _get_data
  File "/opt/miniconda3/envs/alon_env/lib/python3.9/site-packages/torch/utils/data/dataloader.py", line 1329 in _next_data
  File "/opt/miniconda3/envs/alon_env/lib/python3.9/site-packages/torch/utils/data/dataloader.py", line 631 in __next__
  File "/home/alonkay/Thesis/FMatrixRegressor.py", line 290 in dataloader_step
  File "/home/alonkay/Thesis/FMatrixRegressor.py", line 159 in train_model
  File "/home/alonkay/Thesis/Main.py", line 49 in <module>
