/home/alonkay/conda/alon/lib/python3.9/site-packages/transformers/utils/generic.py:260: FutureWarning: `torch.utils._pytree._register_pytree_node` is deprecated. Please use `torch.utils._pytree.register_pytree_node` instead.
  torch.utils._pytree._register_pytree_node(
/home/alonkay/conda/alon/lib/python3.9/site-packages/huggingface_hub/file_download.py:1150: FutureWarning: `resume_download` is deprecated and will be removed in version 1.0.0. Downloads always resume when possible. If you want to force a new download, use `force_download=True`.
  warnings.warn(

plots/Stereo/Winners/SED_0.5__L2_1__huber_1__lr_0.0001__conv__Resnet__use_reconstruction_True/BS_8__ratio_0.1__head__frozen_0
Already trained and got bad results
/home/alonkay/Thesis/FMatrixRegressor.py:317: FutureWarning: You are using `torch.load` with `weights_only=False` (the current default value), which uses the default pickle module implicitly. It is possible to construct malicious pickle data which will execute arbitrary code during unpickling (See https://github.com/pytorch/pytorch/blob/main/SECURITY.md#untrusted-models for more details). In a future release, the default value for `weights_only` will be flipped to `True`. This limits the functions that could be executed during unpickling. Arbitrary objects will no longer be allowed to be loaded via this mode unless they are explicitly allowlisted by the user via `torch.serialization.add_safe_globals`. We recommend you start setting `weights_only=True` for any use case where you don't have full control of the loaded file. Please open an issue on GitHub for any issues related to this experimental feature.
  checkpoint = torch.load(model_path, map_location='cpu')
###########################################################################################################################################################

                         learning rate: 0.0001, lr_decay: 0.8, mlp_hidden_sizes: [1024, 512], jump_frames: 2, use_reconstruction_layer: True
                        batch_size: 8, norm: True, train_seqeunces: [0, 2, 3, 5], val_sequences: [6, 7, 8], dataset: Stereo,
                        average embeddings: False, model: microsoft/resnet-152, augmentation: True, random crop: True, deepF_nocorrs: False, part: mid, get_old_path: False,
                        SVD coeff: 0, RE1 coeff: 0 SED coeff: 0.5, ALG_COEFF: 0, L2_coeff: 1, huber_coeff: 1, frozen layers: 0, trained vit: None,
                        crop: 224 resize: 256, use conv: False pretrained: None, data_ratio: 0.1, norm_mean: tensor([0.5000, 0.5000, 0.5000], device='cuda:0'), norm_std: tensor([0.5000, 0.5000, 0.5000], device='cuda:0'), sched: None seed: 42, 


##### CONTINUE TRAINING #####


Epoch 1109/4001: 	Training Loss: 0.5289169199326459		 Val Loss: 3.086007491402004
             	Training MAE: 0.05905262380838394		 Val MAE: 0.03672796115279198
             	Algebraic dist: 1.853884304271025		 Val Algebraic dist: 4.364313871964164
             	RE1 dist: 4.211472006405101		 Val RE1 dist: 23.719973356827445
             	SED dist: 1.0092674704159008		 Val SED dist: 6.1625804071841035


Epoch 1110/4001: 	Training Loss: 0.552281099207261		 Val Loss: 3.188657014266304
             	Training MAE: 0.059519119560718536		 Val MAE: 0.03956826031208038
             	Algebraic dist: 1.8885412777171415		 Val Algebraic dist: 4.391915031101393
             	RE1 dist: 4.337651421042049		 Val RE1 dist: 26.789943529211957
             	SED dist: 1.0539457657757927		 Val SED dist: 6.365716685419497


Epoch 1111/4001: 	Training Loss: 0.5601603564094094		 Val Loss: 2.9755242389181387
             	Training MAE: 0.060163434594869614		 Val MAE: 0.04422938451170921
             	Algebraic dist: 1.8987837398753447		 Val Algebraic dist: 4.24852122431216
             	RE1 dist: 4.33457228716682		 Val RE1 dist: 22.01319288170856
             	SED dist: 1.0689091401941635		 Val SED dist: 5.9328785771908965


Epoch 1112/4001: 	Training Loss: 0.5395537544699276		 Val Loss: 2.968796439792799
             	Training MAE: 0.058559317141771317		 Val MAE: 0.040953703224658966
             	Algebraic dist: 1.8816836862003101		 Val Algebraic dist: 4.350913669752038
             	RE1 dist: 4.273882248822381		 Val RE1 dist: 21.30637392790421
             	SED dist: 1.0301081713508158		 Val SED dist: 5.92419897991678


Epoch 1113/4001: 	Training Loss: 0.5335845386280733		 Val Loss: 3.034174048382303
             	Training MAE: 0.05680781230330467		 Val MAE: 0.036843277513980865
             	Algebraic dist: 1.8622138079474955		 Val Algebraic dist: 4.325027134107507
             	RE1 dist: 4.2173901726217835		 Val RE1 dist: 23.934867527173914
             	SED dist: 1.0218315124511719		 Val SED dist: 6.058015906292459


Epoch 1114/4001: 	Training Loss: 0.5427684783935547		 Val Loss: 2.88885962444803
             	Training MAE: 0.059069935232400894		 Val MAE: 0.04724595695734024
             	Algebraic dist: 1.879877539242015		 Val Algebraic dist: 4.20174905528193
             	RE1 dist: 4.2100659538717835		 Val RE1 dist: 21.085917597231656
             	SED dist: 1.036468505859375		 Val SED dist: 5.759309188179348


Epoch 1115/4001: 	Training Loss: 0.5582243975471047		 Val Loss: 3.2662698496942935
             	Training MAE: 0.05889509618282318		 Val MAE: 0.036965180188417435
             	Algebraic dist: 1.8865946601418888		 Val Algebraic dist: 4.4168243408203125
             	RE1 dist: 4.371017007266774		 Val RE1 dist: 25.276974885360055
             	SED dist: 1.0674006518195658		 Val SED dist: 6.522937940514606


Epoch 1116/4001: 	Training Loss: 0.5476112926707548		 Val Loss: 2.9616218235181724
             	Training MAE: 0.05664391815662384		 Val MAE: 0.037433020770549774
             	Algebraic dist: 1.9395704830394072		 Val Algebraic dist: 4.248780292013417
             	RE1 dist: 4.409334968118107		 Val RE1 dist: 23.258186672044836
             	SED dist: 1.0538160660687614		 Val SED dist: 5.913383152173913


Epoch 1117/4001: 	Training Loss: 0.5306820027968463		 Val Loss: 3.3364068736200747
             	Training MAE: 0.05854251980781555		 Val MAE: 0.03750209882855415
             	Algebraic dist: 1.8410637799431295		 Val Algebraic dist: 4.42461693805197
             	RE1 dist: 4.103000865263097		 Val RE1 dist: 26.569882600203805
             	SED dist: 1.0131495980655445		 Val SED dist: 6.661820784859035


Epoch 1118/4001: 	Training Loss: 0.549141996047076		 Val Loss: 3.1608289635699727
             	Training MAE: 0.05904194340109825		 Val MAE: 0.03638060763478279
             	Algebraic dist: 1.8679209316478056		 Val Algebraic dist: 4.31537561831267
             	RE1 dist: 4.222684074850643		 Val RE1 dist: 24.75944983440897
             	SED dist: 1.0493900074678308		 Val SED dist: 6.312373949133831


Epoch 1119/4001: 	Training Loss: 0.5155672746546128		 Val Loss: 3.0410481328549595
             	Training MAE: 0.05738666281104088		 Val MAE: 0.03722677379846573
             	Algebraic dist: 1.803068385404699		 Val Algebraic dist: 4.245964050292969
             	RE1 dist: 3.9446675917681526		 Val RE1 dist: 21.232026473335598
             	SED dist: 0.9854422176585478		 Val SED dist: 6.071860935377038


Epoch 1120/4001: 	Training Loss: 0.5105209911570829		 Val Loss: 2.9277257504670517
             	Training MAE: 0.059093084186315536		 Val MAE: 0.03832476958632469
             	Algebraic dist: 1.7463458566104664		 Val Algebraic dist: 4.252427806024966
             	RE1 dist: 3.749859978170956		 Val RE1 dist: 21.73709902556046
             	SED dist: 0.9718304802389706		 Val SED dist: 5.844587906547215


Epoch 1121/4001: 	Training Loss: 0.5230318518245921		 Val Loss: 3.0237761787746265
             	Training MAE: 0.05820264667272568		 Val MAE: 0.038685690611600876
             	Algebraic dist: 1.8020445879767923		 Val Algebraic dist: 4.300426980723506
             	RE1 dist: 3.967366835650276		 Val RE1 dist: 20.36004638671875
             	SED dist: 0.9991174585678998		 Val SED dist: 6.035497914189878


Epoch 1122/4001: 	Training Loss: 0.5401646109188304		 Val Loss: 3.0995589546535327
             	Training MAE: 0.0564965195953846		 Val MAE: 0.03908366709947586
             	Algebraic dist: 1.8655470679788029		 Val Algebraic dist: 4.193395863408628
             	RE1 dist: 4.141347997328815		 Val RE1 dist: 22.98591149371603
             	SED dist: 1.037047778858858		 Val SED dist: 6.18712450110394


Epoch 1123/4001: 	Training Loss: 0.535890635322122		 Val Loss: 3.2455779365871265
             	Training MAE: 0.05879191309213638		 Val MAE: 0.04093720018863678
             	Algebraic dist: 1.8215596816119026		 Val Algebraic dist: 4.257666878078295
             	RE1 dist: 3.953866397633272		 Val RE1 dist: 25.70023777173913
             	SED dist: 1.0237487344180836		 Val SED dist: 6.476386028787364


Epoch 1124/4001: 	Training Loss: 0.5383347342996037		 Val Loss: 2.926026385763417
             	Training MAE: 0.05921151116490364		 Val MAE: 0.03894296661019325
             	Algebraic dist: 1.8200615153593176		 Val Algebraic dist: 4.162597987962806
             	RE1 dist: 3.97522466322955		 Val RE1 dist: 22.48716404127038
             	SED dist: 1.026102066040039		 Val SED dist: 5.840788468070652


Epoch 1125/4001: 	Training Loss: 0.5258394690120921		 Val Loss: 3.0283730548361074
             	Training MAE: 0.05732019245624542		 Val MAE: 0.040586646646261215
             	Algebraic dist: 1.8147084853228401		 Val Algebraic dist: 4.122529071310292
             	RE1 dist: 3.947078031652114		 Val RE1 dist: 23.14918053668478
             	SED dist: 1.0068587134866154		 Val SED dist: 6.04458883534307


Epoch 1126/4001: 	Training Loss: 0.5608563142664292		 Val Loss: 2.920082423997962
             	Training MAE: 0.057521067559719086		 Val MAE: 0.03696662187576294
             	Algebraic dist: 1.8901914708754595		 Val Algebraic dist: 4.163109489109205
             	RE1 dist: 4.206341462976792		 Val RE1 dist: 20.31752743928329
             	SED dist: 1.0757596633013558		 Val SED dist: 5.830295065174932


Epoch 1127/4001: 	Training Loss: 0.5263339210959042		 Val Loss: 3.0883696182914404
             	Training MAE: 0.057760320603847504		 Val MAE: 0.04118814319372177
             	Algebraic dist: 1.7948391858269186		 Val Algebraic dist: 4.151645826256794
             	RE1 dist: 3.9211259729721966		 Val RE1 dist: 22.67249596637228
             	SED dist: 1.0054614123176127		 Val SED dist: 6.163824993631114


Epoch 1128/4001: 	Training Loss: 0.6547375286326689		 Val Loss: 2.8460149350373642
             	Training MAE: 0.05935278534889221		 Val MAE: 0.037089619785547256
             	Algebraic dist: 2.0894019182990577		 Val Algebraic dist: 4.135914014733356
             	RE1 dist: 5.002522636862362		 Val RE1 dist: 20.14035299549932
             	SED dist: 1.2606407614315258		 Val SED dist: 5.682335895040761


Epoch 1129/4001: 	Training Loss: 0.5206819422104779		 Val Loss: 3.09656458315642
             	Training MAE: 0.057251330465078354		 Val MAE: 0.03935124725103378
             	Algebraic dist: 1.8036269019631779		 Val Algebraic dist: 4.142822265625
             	RE1 dist: 3.9981608671300553		 Val RE1 dist: 22.355558975883152
             	SED dist: 0.9965416403377757		 Val SED dist: 6.1818695068359375


Epoch 1130/4001: 	Training Loss: 0.541933676775764		 Val Loss: 2.918478592582371
             	Training MAE: 0.05869464948773384		 Val MAE: 0.03888103365898132
             	Algebraic dist: 1.820138931274414		 Val Algebraic dist: 4.154501541801121
             	RE1 dist: 3.9953142053940716		 Val RE1 dist: 19.461385975713316
             	SED dist: 1.0368666929357193		 Val SED dist: 5.8262501592221465


Epoch 1131/4001: 	Training Loss: 0.5453213523415958		 Val Loss: 2.8677135965098506
             	Training MAE: 0.05759653076529503		 Val MAE: 0.037911415100097656
             	Algebraic dist: 1.8357791900634766		 Val Algebraic dist: 4.204079006029212
             	RE1 dist: 4.030855964211857		 Val RE1 dist: 19.835718569548234
             	SED dist: 1.0448408687815947		 Val SED dist: 5.72522437054178


Epoch 1132/4001: 	Training Loss: 0.5168763889985926		 Val Loss: 3.065425375233526
             	Training MAE: 0.05900895595550537		 Val MAE: 0.04040125012397766
             	Algebraic dist: 1.744742000804228		 Val Algebraic dist: 4.1298980712890625
             	RE1 dist: 3.752595340504366		 Val RE1 dist: 20.551379659901496
             	SED dist: 0.9838877285228056		 Val SED dist: 6.117951766304348


Epoch 1133/4001: 	Training Loss: 0.5105117349063649		 Val Loss: 3.0675914598547895
             	Training MAE: 0.059446901082992554		 Val MAE: 0.03814288228750229
             	Algebraic dist: 1.7076219670912798		 Val Algebraic dist: 4.179339864979619
             	RE1 dist: 3.554394665886374		 Val RE1 dist: 20.766890816066574
             	SED dist: 0.9698168810676125		 Val SED dist: 6.124310700789742


Epoch 1134/4001: 	Training Loss: 0.5088711906881893		 Val Loss: 3.1210340416949727
             	Training MAE: 0.05753614008426666		 Val MAE: 0.04108379781246185
             	Algebraic dist: 1.7244203230913948		 Val Algebraic dist: 4.16245468803074
             	RE1 dist: 3.666955162497128		 Val RE1 dist: 21.82346775220788
             	SED dist: 0.9718285728903377		 Val SED dist: 6.229772153108017


Epoch 1135/4001: 	Training Loss: 0.5341507967780618		 Val Loss: 2.885088049847147
             	Training MAE: 0.0588725283741951		 Val MAE: 0.036490797996520996
             	Algebraic dist: 1.7857528013341568		 Val Algebraic dist: 4.020755270253057
             	RE1 dist: 3.802659876206342		 Val RE1 dist: 19.748142408288043
             	SED dist: 1.0196208953857422		 Val SED dist: 5.760683142620584


Epoch 1136/4001: 	Training Loss: 0.5334935468785903		 Val Loss: 2.988820283309273
             	Training MAE: 0.058605968952178955		 Val MAE: 0.03745726868510246
             	Algebraic dist: 1.7644203410429113		 Val Algebraic dist: 4.047352003014606
             	RE1 dist: 3.7730178833007812		 Val RE1 dist: 21.33634617017663
             	SED dist: 1.018748451681698		 Val SED dist: 5.966851275900136


Epoch 1137/4001: 	Training Loss: 0.5179518531350529		 Val Loss: 3.295178288998811
             	Training MAE: 0.057947736233472824		 Val MAE: 0.04041353240609169
             	Algebraic dist: 1.7170745625215418		 Val Algebraic dist: 4.299927752950917
             	RE1 dist: 3.6027060116038605		 Val RE1 dist: 25.51439368206522
             	SED dist: 0.9895245047176585		 Val SED dist: 6.578540967858356


Epoch 1138/4001: 	Training Loss: 0.5220817678114947		 Val Loss: 3.1729208904763926
             	Training MAE: 0.05850836634635925		 Val MAE: 0.039393454790115356
             	Algebraic dist: 1.7311831081614775		 Val Algebraic dist: 4.083079794178838
             	RE1 dist: 3.6840454550350414		 Val RE1 dist: 20.797227942425273
             	SED dist: 0.9958805757410386		 Val SED dist: 6.333725639011549


Epoch 1139/4001: 	Training Loss: 0.5367656595566693		 Val Loss: 2.931995557702106
             	Training MAE: 0.05822697654366493		 Val MAE: 0.037569522857666016
             	Algebraic dist: 1.7348123438218062		 Val Algebraic dist: 4.017027481742527
             	RE1 dist: 3.6625687094295727		 Val RE1 dist: 19.220892864724863
             	SED dist: 1.0251379574046415		 Val SED dist: 5.853272147800611


Epoch 1140/4001: 	Training Loss: 0.5233226663926068		 Val Loss: 2.894750512164572
             	Training MAE: 0.05855470523238182		 Val MAE: 0.04145582392811775
             	Algebraic dist: 1.7177443784825943		 Val Algebraic dist: 4.020973205566406
             	RE1 dist: 3.5568152034983918		 Val RE1 dist: 19.98466956097147
             	SED dist: 0.9978367300594554		 Val SED dist: 5.774659529976223


Epoch 1141/4001: 	Training Loss: 0.5073535021613625		 Val Loss: 3.2749401590098506
             	Training MAE: 0.05817743018269539		 Val MAE: 0.044945329427719116
             	Algebraic dist: 1.695222069235409		 Val Algebraic dist: 4.112042966096298
             	RE1 dist: 3.4769926632151886		 Val RE1 dist: 24.234457264775816
             	SED dist: 0.9672777512494255		 Val SED dist: 6.534190965735394


Epoch 1142/4001: 	Training Loss: 0.5217194276697495		 Val Loss: 3.096778206203295
             	Training MAE: 0.057521380484104156		 Val MAE: 0.03816647827625275
             	Algebraic dist: 1.7287446190329159		 Val Algebraic dist: 4.099462426227072
             	RE1 dist: 3.5950490166159237		 Val RE1 dist: 21.926146134086277
             	SED dist: 0.995965508853688		 Val SED dist: 6.182293435801631


Epoch 1143/4001: 	Training Loss: 0.518426726846134		 Val Loss: 2.9154152248216714
             	Training MAE: 0.05814911425113678		 Val MAE: 0.037249039858579636
             	Algebraic dist: 1.6852880365708296		 Val Algebraic dist: 3.88580554464589
             	RE1 dist: 3.443899491254021		 Val RE1 dist: 19.42966494352921
             	SED dist: 0.9882335662841797		 Val SED dist: 5.8212757939877715


Epoch 1144/4001: 	Training Loss: 0.5292076223036822		 Val Loss: 2.84760914678159
             	Training MAE: 0.057510461658239365		 Val MAE: 0.03807239234447479
             	Algebraic dist: 1.7221528221579159		 Val Algebraic dist: 3.9186772885529892
             	RE1 dist: 3.552554635440602		 Val RE1 dist: 18.181028946586277
             	SED dist: 1.0120511896470015		 Val SED dist: 5.683917501698369


Epoch 1145/4001: 	Training Loss: 0.5157619364121381		 Val Loss: 2.9588470458984375
             	Training MAE: 0.056635111570358276		 Val MAE: 0.037611935287714005
             	Algebraic dist: 1.7288441377527572		 Val Algebraic dist: 3.9336780050526494
             	RE1 dist: 3.5393705929026886		 Val RE1 dist: 18.96292777683424
             	SED dist: 0.9880690855138442		 Val SED dist: 5.907008295473845


Epoch 1146/4001: 	Training Loss: 0.5047159194946289		 Val Loss: 3.1219983308211616
             	Training MAE: 0.05691506713628769		 Val MAE: 0.0391974113881588
             	Algebraic dist: 1.6712599361644072		 Val Algebraic dist: 3.9565738180409307
             	RE1 dist: 3.360292771283318		 Val RE1 dist: 20.764527694038723
             	SED dist: 0.9637230143827551		 Val SED dist: 6.231629744819973


Epoch 1147/4001: 	Training Loss: 0.5957494623520795		 Val Loss: 2.9672009011973506
             	Training MAE: 0.0584007166326046		 Val MAE: 0.035476572811603546
             	Algebraic dist: 1.8621119330911076		 Val Algebraic dist: 4.008451378863791
             	RE1 dist: 4.110085880055147		 Val RE1 dist: 20.563423488451086
             	SED dist: 1.1447807760799633		 Val SED dist: 5.926064532736073


Epoch 1148/4001: 	Training Loss: 0.5244255626902861		 Val Loss: 2.8134317812712295
             	Training MAE: 0.05721096321940422		 Val MAE: 0.03737598657608032
             	Algebraic dist: 1.720890718347886		 Val Algebraic dist: 3.899735160495924
             	RE1 dist: 3.514910305247587		 Val RE1 dist: 17.768185822860055
             	SED dist: 1.0032173605526196		 Val SED dist: 5.61610279912534


Epoch 1149/4001: 	Training Loss: 0.521724588730756		 Val Loss: 3.0118132881496265
             	Training MAE: 0.05748741701245308		 Val MAE: 0.03673779219388962
             	Algebraic dist: 1.6908611970789291		 Val Algebraic dist: 3.937307938285496
             	RE1 dist: 3.3997434728285847		 Val RE1 dist: 20.12838081691576
             	SED dist: 0.9977224013384651		 Val SED dist: 6.013866922129756


Epoch 1150/4001: 	Training Loss: 0.5338987462660846		 Val Loss: 3.1293749601944634
             	Training MAE: 0.05736876651644707		 Val MAE: 0.03561615198850632
             	Algebraic dist: 1.7173854603486902		 Val Algebraic dist: 4.019356105638587
             	RE1 dist: 3.466848710004021		 Val RE1 dist: 22.535740064538043
             	SED dist: 1.0210097817813648		 Val SED dist: 6.2494984502377715


Epoch 1151/4001: 	Training Loss: 0.5369533651015338		 Val Loss: 3.0804619167162026
             	Training MAE: 0.05725519731640816		 Val MAE: 0.04003973677754402
             	Algebraic dist: 1.7505986830767464		 Val Algebraic dist: 3.9692197053328804
             	RE1 dist: 3.6204037385828354		 Val RE1 dist: 21.646219004755434
             	SED dist: 1.0278159870820887		 Val SED dist: 6.148468017578125


Epoch 1152/4001: 	Training Loss: 0.5315584855921128		 Val Loss: 2.7488773180090864
             	Training MAE: 0.057810042053461075		 Val MAE: 0.04158632084727287
             	Algebraic dist: 1.7241276011747473		 Val Algebraic dist: 3.7149495663850205
             	RE1 dist: 3.5294160281910614		 Val RE1 dist: 17.468615988026496
             	SED dist: 1.0165066438562729		 Val SED dist: 5.485393358313519


Epoch 1153/4001: 	Training Loss: 0.5417501225191004		 Val Loss: 3.0665687892747964
             	Training MAE: 0.05683215707540512		 Val MAE: 0.036866769194602966
             	Algebraic dist: 1.7408671659581803		 Val Algebraic dist: 3.9058910867442256
             	RE1 dist: 3.5723569533404183		 Val RE1 dist: 20.1759033203125
             	SED dist: 1.0364154366885914		 Val SED dist: 6.123231970745584


Epoch 1154/4001: 	Training Loss: 0.530781577615177		 Val Loss: 2.841899705969769
             	Training MAE: 0.05783155933022499		 Val MAE: 0.03790571913123131
             	Algebraic dist: 1.7197897293988396		 Val Algebraic dist: 3.9836717688519023
             	RE1 dist: 3.5026498682358684		 Val RE1 dist: 18.335591191830844
             	SED dist: 1.014441546271829		 Val SED dist: 5.673359083092731


Epoch 1155/4001: 	Training Loss: 0.5402701882755055		 Val Loss: 3.063685541567595
             	Training MAE: 0.055954474955797195		 Val MAE: 0.045813869684934616
             	Algebraic dist: 1.7397588842055376		 Val Algebraic dist: 3.9179680865743887
             	RE1 dist: 3.654561659869026		 Val RE1 dist: 20.649684740149457
             	SED dist: 1.0381581923540901		 Val SED dist: 6.1103953485903535


Epoch 1156/4001: 	Training Loss: 0.5430154239430147		 Val Loss: 2.820963652237602
             	Training MAE: 0.058271102607250214		 Val MAE: 0.04231589287519455
             	Algebraic dist: 1.7335123174330767		 Val Algebraic dist: 3.8763222072435464
             	RE1 dist: 3.5720246258903954		 Val RE1 dist: 17.17179671577785
             	SED dist: 1.0384327383602368		 Val SED dist: 5.627508412236753


Epoch 1157/4001: 	Training Loss: 0.521636401905733		 Val Loss: 3.0206587418265967
             	Training MAE: 0.057510122656822205		 Val MAE: 0.0385473370552063
             	Algebraic dist: 1.6682775160845589		 Val Algebraic dist: 3.847345766813859
             	RE1 dist: 3.314186320585363		 Val RE1 dist: 19.19819176715353
             	SED dist: 0.9959394791546989		 Val SED dist: 6.029892631199049


Epoch 1158/4001: 	Training Loss: 0.5100911645328298		 Val Loss: 2.958598924719769
             	Training MAE: 0.05623655766248703		 Val MAE: 0.03564697876572609
             	Algebraic dist: 1.6565911910113167		 Val Algebraic dist: 3.8407679018766983
             	RE1 dist: 3.290171230540556		 Val RE1 dist: 19.156770125679348
             	SED dist: 0.9747672361486098		 Val SED dist: 5.908195163892663


Epoch 1159/4001: 	Training Loss: 0.5124481425565832		 Val Loss: 2.7552651115085767
             	Training MAE: 0.05854317173361778		 Val MAE: 0.035826899111270905
             	Algebraic dist: 1.6019859313964844		 Val Algebraic dist: 3.6830673217773438
             	RE1 dist: 3.1383806116440716		 Val RE1 dist: 17.346460757048234
             	SED dist: 0.9754097882439109		 Val SED dist: 5.501608143682065


Epoch 1160/4001: 	Training Loss: 0.5312095529892865		 Val Loss: 3.103836391283118
             	Training MAE: 0.057592280209064484		 Val MAE: 0.037674855440855026
             	Algebraic dist: 1.6882149191463696		 Val Algebraic dist: 3.893136397652004
             	RE1 dist: 3.3539421979118798		 Val RE1 dist: 19.704414699388586
             	SED dist: 1.016225814819336		 Val SED dist: 6.196998264478601


Epoch 1161/4001: 	Training Loss: 0.5342095879947438		 Val Loss: 2.9258104407269023
             	Training MAE: 0.05772336572408676		 Val MAE: 0.03817768767476082
             	Algebraic dist: 1.6869262246524586		 Val Algebraic dist: 3.883759540060292
             	RE1 dist: 3.396283093620749		 Val RE1 dist: 18.310065228006113
             	SED dist: 1.022095287547392		 Val SED dist: 5.839732294497282


Epoch 1162/4001: 	Training Loss: 0.5166266385246726		 Val Loss: 2.7762839275857676
             	Training MAE: 0.05709414184093475		 Val MAE: 0.03574170917272568
             	Algebraic dist: 1.6316564223345589		 Val Algebraic dist: 3.812786931576936
             	RE1 dist: 3.2502466089585247		 Val RE1 dist: 16.728962773862094
             	SED dist: 0.9866665110868567		 Val SED dist: 5.543636156165081


Epoch 1163/4001: 	Training Loss: 0.4966934428495519		 Val Loss: 2.918983791185462
             	Training MAE: 0.05541156232357025		 Val MAE: 0.03705880418419838
             	Algebraic dist: 1.602207296034869		 Val Algebraic dist: 3.8105949733568276
             	RE1 dist: 3.086017608642578		 Val RE1 dist: 17.4396800165591
             	SED dist: 0.9507301554960363		 Val SED dist: 5.828541631283968


Epoch 1164/4001: 	Training Loss: 0.49983636070700255		 Val Loss: 3.2154026860776157
             	Training MAE: 0.05628834292292595		 Val MAE: 0.03647563233971596
             	Algebraic dist: 1.6002800885368795		 Val Algebraic dist: 3.8242419698963994
             	RE1 dist: 3.0649061763987824		 Val RE1 dist: 19.969511612601902
             	SED dist: 0.9551552043241613		 Val SED dist: 6.420881851859715


Epoch 1165/4001: 	Training Loss: 0.5118641011855182		 Val Loss: 2.901215594747792
             	Training MAE: 0.05548969656229019		 Val MAE: 0.0367206335067749
             	Algebraic dist: 1.6189007478601791		 Val Algebraic dist: 3.696511641792629
             	RE1 dist: 3.1999177371754364		 Val RE1 dist: 16.488095490828805
             	SED dist: 0.9811851277070887		 Val SED dist: 5.792504352072011


Epoch 1166/4001: 	Training Loss: 0.5005747851203469		 Val Loss: 3.0502800319505776
             	Training MAE: 0.05775243416428566		 Val MAE: 0.03818978741765022
             	Algebraic dist: 1.5393259385052849		 Val Algebraic dist: 3.764632846998132
             	RE1 dist: 2.8977847379796646		 Val RE1 dist: 18.564478335173234
             	SED dist: 0.9533130421357996		 Val SED dist: 6.089240696119226


Epoch 1167/4001: 	Training Loss: 0.5348138809204102		 Val Loss: 3.1987288101859717
             	Training MAE: 0.056834399700164795		 Val MAE: 0.03831107169389725
             	Algebraic dist: 1.6454290502211626		 Val Algebraic dist: 3.905755747919497
             	RE1 dist: 3.218608856201172		 Val RE1 dist: 18.281251326851223
             	SED dist: 1.0231502757352942		 Val SED dist: 6.386641792629076


Epoch 1168/4001: 	Training Loss: 0.5464733348173254		 Val Loss: 3.1491002621858017
             	Training MAE: 0.05692349001765251		 Val MAE: 0.036390505731105804
             	Algebraic dist: 1.6807587567497702		 Val Algebraic dist: 4.0472859921662705
             	RE1 dist: 3.3777654311236214		 Val RE1 dist: 17.00907168181046
             	SED dist: 1.0477187212775736		 Val SED dist: 6.288664444633152


Epoch 1169/4001: 	Training Loss: 0.5294305576997644		 Val Loss: 3.196130835491678
             	Training MAE: 0.05705371871590614		 Val MAE: 0.0373854860663414
             	Algebraic dist: 1.6366953008315142		 Val Algebraic dist: 3.8401552283245586
             	RE1 dist: 3.194623386158663		 Val RE1 dist: 17.14865377674932
             	SED dist: 1.014194600722369		 Val SED dist: 6.3824635381283965


Epoch 1170/4001: 	Training Loss: 0.5207008474013385		 Val Loss: 3.0102960337763247
             	Training MAE: 0.057220932096242905		 Val MAE: 0.03729570657014847
             	Algebraic dist: 1.5873398500330307		 Val Algebraic dist: 3.659508414890455
             	RE1 dist: 3.0271588493795956		 Val RE1 dist: 16.78603860606318
             	SED dist: 0.9953317081227022		 Val SED dist: 6.010251252547555


Epoch 1171/4001: 	Training Loss: 0.5132896198945887		 Val Loss: 3.104321355405061
             	Training MAE: 0.05640134960412979		 Val MAE: 0.037807803601026535
             	Algebraic dist: 1.6151928621179916		 Val Algebraic dist: 3.7200635827105977
             	RE1 dist: 3.0647304759306064		 Val RE1 dist: 17.687234629755434
             	SED dist: 0.9837155061609605		 Val SED dist: 6.197643777598506


Epoch 1172/4001: 	Training Loss: 0.5199721841251149		 Val Loss: 2.974054751188859
             	Training MAE: 0.05706106498837471		 Val MAE: 0.038029745221138
             	Algebraic dist: 1.5974284901338465		 Val Algebraic dist: 3.667117574940557
             	RE1 dist: 3.013967177447151		 Val RE1 dist: 17.166139022163723
             	SED dist: 0.9934626186595243		 Val SED dist: 5.937281732973845


Epoch 1173/4001: 	Training Loss: 0.4990024005665499		 Val Loss: 2.84630883258322
             	Training MAE: 0.05757021903991699		 Val MAE: 0.04076249152421951
             	Algebraic dist: 1.5382930531221277		 Val Algebraic dist: 3.6760340151579483
             	RE1 dist: 2.876456989961512		 Val RE1 dist: 14.98192828634511
             	SED dist: 0.9504347408519072		 Val SED dist: 5.679398246433424


Epoch 1174/4001: 	Training Loss: 0.5104379653930664		 Val Loss: 2.9180782152258833
             	Training MAE: 0.05670275166630745		 Val MAE: 0.047127921134233475
             	Algebraic dist: 1.570204678703757		 Val Algebraic dist: 3.600023352581522
             	RE1 dist: 2.932502970975988		 Val RE1 dist: 15.504163659137228
             	SED dist: 0.9760856628417969		 Val SED dist: 5.819095777428669


Epoch 1175/4001: 	Training Loss: 0.5019388759837431		 Val Loss: 2.808974888013757
             	Training MAE: 0.05811408907175064		 Val MAE: 0.03647391498088837
             	Algebraic dist: 1.5260363186106962		 Val Algebraic dist: 3.588922251825747
             	RE1 dist: 2.8168601989746094		 Val RE1 dist: 14.41854593028193
             	SED dist: 0.9540165171903723		 Val SED dist: 5.608302904211956


Epoch 1176/4001: 	Training Loss: 0.5275991664213293		 Val Loss: 2.857655732528023
             	Training MAE: 0.057487912476062775		 Val MAE: 0.0368838757276535
             	Algebraic dist: 1.598891538732192		 Val Algebraic dist: 3.5694065923276157
             	RE1 dist: 3.009320427389706		 Val RE1 dist: 16.9942626953125
             	SED dist: 1.0083415087531595		 Val SED dist: 5.704753709876019


Epoch 1177/4001: 	Training Loss: 0.5053138732910156		 Val Loss: 2.8020921790081523
             	Training MAE: 0.056674759835004807		 Val MAE: 0.038801178336143494
             	Algebraic dist: 1.526818219353171		 Val Algebraic dist: 3.593218927798064
             	RE1 dist: 2.8102930854348576		 Val RE1 dist: 15.55211473547894
             	SED dist: 0.9651341157801011		 Val SED dist: 5.591528187627378


Epoch 1178/4001: 	Training Loss: 0.49451149211210366		 Val Loss: 2.739530148713485
             	Training MAE: 0.0561751164495945		 Val MAE: 0.036381155252456665
             	Algebraic dist: 1.504419999964097		 Val Algebraic dist: 3.533502993376359
             	RE1 dist: 2.7891650480382584		 Val RE1 dist: 15.137309198794158
             	SED dist: 0.9456484177533317		 Val SED dist: 5.469143411387568


Epoch 1179/4001: 	Training Loss: 0.5279597675099093		 Val Loss: 3.1065478117569634
             	Training MAE: 0.05601745843887329		 Val MAE: 0.03830009326338768
             	Algebraic dist: 1.5955469468060661		 Val Algebraic dist: 3.6109745191491167
             	RE1 dist: 3.0126845415900734		 Val RE1 dist: 16.586644711701766
             	SED dist: 1.0118948992560892		 Val SED dist: 6.201574574346128


Epoch 1180/4001: 	Training Loss: 0.6043780831729665		 Val Loss: 2.9296609629755435
             	Training MAE: 0.058087997138500214		 Val MAE: 0.03683159500360489
             	Algebraic dist: 1.7682776731603287		 Val Algebraic dist: 3.545453942340353
             	RE1 dist: 3.5725903230554916		 Val RE1 dist: 15.229567818019701
             	SED dist: 1.1619717093075024		 Val SED dist: 5.849121757175611


Epoch 1181/4001: 	Training Loss: 0.5111169254078585		 Val Loss: 2.8224414327870244
             	Training MAE: 0.05745682120323181		 Val MAE: 0.03638427332043648
             	Algebraic dist: 1.5591165879193474		 Val Algebraic dist: 3.5187779302182407
             	RE1 dist: 2.8479376400218293		 Val RE1 dist: 15.357766856317935
             	SED dist: 0.9756093866684857		 Val SED dist: 5.635355410368546


Epoch 1182/4001: 	Training Loss: 0.5285269232357249		 Val Loss: 2.7846301534901494
             	Training MAE: 0.05758175253868103		 Val MAE: 0.03624537214636803
             	Algebraic dist: 1.5657770493451286		 Val Algebraic dist: 3.523727748704993
             	RE1 dist: 2.9496038100298714		 Val RE1 dist: 14.776051396908967
             	SED dist: 1.009247387156767		 Val SED dist: 5.559787916100544


Epoch 1183/4001: 	Training Loss: 0.5209032507503734		 Val Loss: 2.8117264457370923
             	Training MAE: 0.05774573236703873		 Val MAE: 0.03679737076163292
             	Algebraic dist: 1.5486023846794577		 Val Algebraic dist: 3.5091695370881455
             	RE1 dist: 2.8459548950195312		 Val RE1 dist: 14.26657369862432
             	SED dist: 0.9944550009334788		 Val SED dist: 5.613239454186481


Epoch 1184/4001: 	Training Loss: 0.5149588304407456		 Val Loss: 2.6761713442595108
             	Training MAE: 0.056548647582530975		 Val MAE: 0.03703809157013893
             	Algebraic dist: 1.574370215920841		 Val Algebraic dist: 3.469497348951257
             	RE1 dist: 2.8867743997012867		 Val RE1 dist: 13.951891028362772
             	SED dist: 0.9856147766113281		 Val SED dist: 5.3421163144318955


Epoch 1185/4001: 	Training Loss: 0.5319065767176011		 Val Loss: 2.8267241768215015
             	Training MAE: 0.05673253536224365		 Val MAE: 0.037674590945243835
             	Algebraic dist: 1.5910962048698873		 Val Algebraic dist: 3.4545082423997964
             	RE1 dist: 2.9404007406795727		 Val RE1 dist: 14.730525804602582
             	SED dist: 1.0184135437011719		 Val SED dist: 5.6422596807065215


Epoch 1186/4001: 	Training Loss: 0.5325563094195198		 Val Loss: 2.8920543504797895
             	Training MAE: 0.05727415531873703		 Val MAE: 0.037546779960393906
             	Algebraic dist: 1.5858937431784237		 Val Algebraic dist: 3.5382624087126358
             	RE1 dist: 2.9628668392405793		 Val RE1 dist: 15.374485181725543
             	SED dist: 1.0177525913014132		 Val SED dist: 5.772991677989131


Epoch 1187/4001: 	Training Loss: 0.5186973459580365		 Val Loss: 3.079974298891814
             	Training MAE: 0.05518072843551636		 Val MAE: 0.036893993616104126
             	Algebraic dist: 1.5890947229721968		 Val Algebraic dist: 3.595667300016984
             	RE1 dist: 2.9057635139016544		 Val RE1 dist: 16.07736869480299
             	SED dist: 0.9957186755012063		 Val SED dist: 6.1497059697690215


Epoch 1188/4001: 	Training Loss: 0.49516666636747475		 Val Loss: 2.856412141219429
             	Training MAE: 0.055983010679483414		 Val MAE: 0.03954688832163811
             	Algebraic dist: 1.489503636079676		 Val Algebraic dist: 3.502841451893682
             	RE1 dist: 2.6889170478372013		 Val RE1 dist: 13.708939262058424
             	SED dist: 0.9461226743810317		 Val SED dist: 5.69935010827106


Epoch 1189/4001: 	Training Loss: 0.5423002243041992		 Val Loss: 3.6238771521526836
             	Training MAE: 0.05619119107723236		 Val MAE: 0.040720392018556595
             	Algebraic dist: 1.6072910533231848		 Val Algebraic dist: 3.8914595894191577
             	RE1 dist: 3.0120910195743336		 Val RE1 dist: 19.892302139945652
             	SED dist: 1.0410414303050322		 Val SED dist: 7.233941783075747


Epoch 1190/4001: 	Training Loss: 0.5573913349824793		 Val Loss: 2.8950314729110054
             	Training MAE: 0.057812631130218506		 Val MAE: 0.03746628016233444
             	Algebraic dist: 1.6202180525835823		 Val Algebraic dist: 3.6429519653320312
             	RE1 dist: 3.060333251953125		 Val RE1 dist: 14.212355903957201
             	SED dist: 1.0677691066966337		 Val SED dist: 5.779271664826767


Epoch 1191/4001: 	Training Loss: 0.5610257878023035		 Val Loss: 3.061876379925272
             	Training MAE: 0.057882312685251236		 Val MAE: 0.03752615675330162
             	Algebraic dist: 1.653039259069106		 Val Algebraic dist: 3.6235301805579145
             	RE1 dist: 3.139952715705423		 Val RE1 dist: 15.917384935461957
             	SED dist: 1.0752866408404183		 Val SED dist: 6.113584435504416


Epoch 1192/4001: 	Training Loss: 0.5377586589140051		 Val Loss: 2.756679700768512
             	Training MAE: 0.0566532239317894		 Val MAE: 0.03958398848772049
             	Algebraic dist: 1.5946159362792969		 Val Algebraic dist: 3.50250476339589
             	RE1 dist: 3.009884329403148		 Val RE1 dist: 13.863033128821332
             	SED dist: 1.0298659380744486		 Val SED dist: 5.501963408096977


Epoch 1193/4001: 	Training Loss: 0.5049685309914982		 Val Loss: 3.059206755264946
             	Training MAE: 0.05781339481472969		 Val MAE: 0.038828227669000626
             	Algebraic dist: 1.4731280382941752		 Val Algebraic dist: 3.6035176152768345
             	RE1 dist: 2.6686067020191864		 Val RE1 dist: 15.59047267747962
             	SED dist: 0.9618531395407284		 Val SED dist: 6.106860616932744


Epoch 1194/4001: 	Training Loss: 0.538148094626034		 Val Loss: 2.8470044343367866
             	Training MAE: 0.057078879326581955		 Val MAE: 0.03735857829451561
             	Algebraic dist: 1.5804193160113167		 Val Algebraic dist: 3.627030082370924
             	RE1 dist: 2.941105337703929		 Val RE1 dist: 14.688971478006113
             	SED dist: 1.0302432565128101		 Val SED dist: 5.682942929475204


Epoch 1195/4001: 	Training Loss: 0.48758787267348347		 Val Loss: 2.925532797108526
             	Training MAE: 0.056716203689575195		 Val MAE: 0.036270011216402054
             	Algebraic dist: 1.4564377279842602		 Val Algebraic dist: 3.534989730171535
             	RE1 dist: 2.5840730106129364		 Val RE1 dist: 15.153001868206522
             	SED dist: 0.9293354819802677		 Val SED dist: 5.841387541397758


Epoch 1196/4001: 	Training Loss: 0.5287484561695772		 Val Loss: 2.8807857347571333
             	Training MAE: 0.056591812521219254		 Val MAE: 0.043514981865882874
             	Algebraic dist: 1.574766944436466		 Val Algebraic dist: 3.3979372770889946
             	RE1 dist: 2.928142323213465		 Val RE1 dist: 16.03752733313519
             	SED dist: 1.0123261844410616		 Val SED dist: 5.747364873471468


Epoch 1197/4001: 	Training Loss: 0.5163439582375919		 Val Loss: 3.009967969811481
             	Training MAE: 0.057600341737270355		 Val MAE: 0.03922479227185249
             	Algebraic dist: 1.5429409251493567		 Val Algebraic dist: 3.4857569155485733
             	RE1 dist: 2.8078462937298942		 Val RE1 dist: 16.189337688943613
             	SED dist: 0.9856374404009651		 Val SED dist: 6.008449388586956


Epoch 1198/4001: 	Training Loss: 0.5463979384478401		 Val Loss: 3.091230309527853
             	Training MAE: 0.05622167885303497		 Val MAE: 0.039324402809143066
             	Algebraic dist: 1.6102636000689339		 Val Algebraic dist: 3.7726974487304688
             	RE1 dist: 3.0025479933794808		 Val RE1 dist: 15.77898639181386
             	SED dist: 1.0465546776266659		 Val SED dist: 6.16948069696841


Epoch 1199/4001: 	Training Loss: 0.5193528568043428		 Val Loss: 2.7671298151430874
             	Training MAE: 0.055596210062503815		 Val MAE: 0.036689721047878265
             	Algebraic dist: 1.556337693158318		 Val Algebraic dist: 3.4190634022588315
             	RE1 dist: 2.821145450367647		 Val RE1 dist: 14.365109650985055
             	SED dist: 0.9959068298339844		 Val SED dist: 5.524219678795856


Epoch 1200/4001: 	Training Loss: 0.4939083211562213		 Val Loss: 2.7269802922787876
             	Training MAE: 0.05639822036027908		 Val MAE: 0.041036125272512436
             	Algebraic dist: 1.4640968547147863		 Val Algebraic dist: 3.3460112861965015
             	RE1 dist: 2.605893976548139		 Val RE1 dist: 13.465673032014266
             	SED dist: 0.9423274993896484		 Val SED dist: 5.43894394584324


Epoch 1201/4001: 	Training Loss: 0.48271863600786996		 Val Loss: 2.8668524700662363
             	Training MAE: 0.05642232298851013		 Val MAE: 0.03716389462351799
             	Algebraic dist: 1.4380069059484146		 Val Algebraic dist: 3.44536889117697
             	RE1 dist: 2.494938569910386		 Val RE1 dist: 13.552538001019022
             	SED dist: 0.9209501042085535		 Val SED dist: 5.723602294921875


Epoch 1202/4001: 	Training Loss: 0.5324865789974437		 Val Loss: 3.2924784784731655
             	Training MAE: 0.05705362558364868		 Val MAE: 0.03761155530810356
             	Algebraic dist: 1.5387487972483915		 Val Algebraic dist: 3.595147837763247
             	RE1 dist: 2.7864382126752067		 Val RE1 dist: 16.634618344514266
             	SED dist: 1.0188695122213924		 Val SED dist: 6.574062181555706


Epoch 1203/4001: 	Training Loss: 0.49817371368408203		 Val Loss: 2.9633689548658286
             	Training MAE: 0.05679427459836006		 Val MAE: 0.03679853677749634
             	Algebraic dist: 1.4599653131821577		 Val Algebraic dist: 3.3736794513204824
             	RE1 dist: 2.5596430161420036		 Val RE1 dist: 15.156157120414402
             	SED dist: 0.9515478470746208		 Val SED dist: 5.916391787321671


Epoch 1204/4001: 	Training Loss: 0.5064970465267405		 Val Loss: 2.910921843155571
             	Training MAE: 0.05573337897658348		 Val MAE: 0.03986677899956703
             	Algebraic dist: 1.4871050890754252		 Val Algebraic dist: 3.335018323815387
             	RE1 dist: 2.6446941600126377		 Val RE1 dist: 15.357009224269701
             	SED dist: 0.9699285170611214		 Val SED dist: 5.809820423955503


Epoch 1205/4001: 	Training Loss: 0.4737069186042337		 Val Loss: 2.8578252377717392
             	Training MAE: 0.05534568801522255		 Val MAE: 0.03731023892760277
             	Algebraic dist: 1.4182132272159351		 Val Algebraic dist: 3.2958864958389946
             	RE1 dist: 2.4130332049201515		 Val RE1 dist: 14.771501624065897
             	SED dist: 0.9052341124590706		 Val SED dist: 5.705475516941236


Epoch 1206/4001: 	Training Loss: 0.49522893569048715		 Val Loss: 2.585038890009341
             	Training MAE: 0.05634281411767006		 Val MAE: 0.0387091301381588
             	Algebraic dist: 1.4465342128978056		 Val Algebraic dist: 3.214091093643852
             	RE1 dist: 2.4790959077722885		 Val RE1 dist: 12.284969163977582
             	SED dist: 0.9455790800206801		 Val SED dist: 5.159216175908628


Epoch 1207/4001: 	Training Loss: 0.4950570499195772		 Val Loss: 2.718409994374151
             	Training MAE: 0.05545377731323242		 Val MAE: 0.03765012323856354
             	Algebraic dist: 1.4653837540570427		 Val Algebraic dist: 3.3930037125297217
             	RE1 dist: 2.538564345415901		 Val RE1 dist: 12.371006177819293
             	SED dist: 0.9480154374066521		 Val SED dist: 5.426064201023268


Epoch 1208/4001: 	Training Loss: 0.5487642288208008		 Val Loss: 2.8745339435079824
             	Training MAE: 0.057106662541627884		 Val MAE: 0.03598397225141525
             	Algebraic dist: 1.5582389831542969		 Val Algebraic dist: 3.66681140402089
             	RE1 dist: 2.8188481050379135		 Val RE1 dist: 13.10864788552989
             	SED dist: 1.0521096622242647		 Val SED dist: 5.739917920983356


Epoch 1209/4001: 	Training Loss: 0.5204070596133962		 Val Loss: 3.0772781372070312
             	Training MAE: 0.05631165951490402		 Val MAE: 0.03734125196933746
             	Algebraic dist: 1.5046524721033432		 Val Algebraic dist: 3.45018834653108
             	RE1 dist: 2.6551511427935433		 Val RE1 dist: 16.251188858695652
             	SED dist: 0.9972814672133502		 Val SED dist: 6.144795293393343


Epoch 1210/4001: 	Training Loss: 0.511075356427361		 Val Loss: 2.9721868763799253
             	Training MAE: 0.056644927710294724		 Val MAE: 0.038620516657829285
             	Algebraic dist: 1.4600732466753792		 Val Algebraic dist: 3.3225114241890283
             	RE1 dist: 2.5256477804744946		 Val RE1 dist: 14.63829637610394
             	SED dist: 0.9775731703814339		 Val SED dist: 5.933733732804008


Epoch 1211/4001: 	Training Loss: 0.5239939970128676		 Val Loss: 2.781347357708475
             	Training MAE: 0.05635439231991768		 Val MAE: 0.03725021332502365
             	Algebraic dist: 1.5216403287999771		 Val Algebraic dist: 3.266200521717901
             	RE1 dist: 2.683714473948759		 Val RE1 dist: 12.753918191661006
             	SED dist: 1.0042456458596623		 Val SED dist: 5.552387735118037


Epoch 1212/4001: 	Training Loss: 0.510904873118681		 Val Loss: 2.7580878216287363
             	Training MAE: 0.05715113505721092		 Val MAE: 0.03586742654442787
             	Algebraic dist: 1.4187836366541244		 Val Algebraic dist: 3.422856869904891
             	RE1 dist: 2.4405053082634423		 Val RE1 dist: 12.344702679177988
             	SED dist: 0.9743737613453585		 Val SED dist: 5.506795136824898


Epoch 1213/4001: 	Training Loss: 0.520238483653349		 Val Loss: 2.8462710173233696
             	Training MAE: 0.057741064578294754		 Val MAE: 0.041574347764253616
             	Algebraic dist: 1.4599483714384192		 Val Algebraic dist: 3.182426120923913
             	RE1 dist: 2.496606041403378		 Val RE1 dist: 13.480805770210598
             	SED dist: 0.9919557010426241		 Val SED dist: 5.679817531419837


Epoch 1214/4001: 	Training Loss: 0.5096569061279297		 Val Loss: 2.668869350267493
             	Training MAE: 0.05757413059473038		 Val MAE: 0.038483910262584686
             	Algebraic dist: 1.4452930899227368		 Val Algebraic dist: 3.2379256538722827
             	RE1 dist: 2.4742368810317097		 Val RE1 dist: 11.768581224524457
             	SED dist: 0.9721062604118796		 Val SED dist: 5.32572373099949


Epoch 1215/4001: 	Training Loss: 0.5160632413976333		 Val Loss: 3.0771995212720786
             	Training MAE: 0.055297885090112686		 Val MAE: 0.03794097527861595
             	Algebraic dist: 1.4826800402473002		 Val Algebraic dist: 3.30518971318784
             	RE1 dist: 2.563212450812845		 Val RE1 dist: 14.94270656419837
             	SED dist: 0.9898728763355928		 Val SED dist: 6.143226291822351


Epoch 1216/4001: 	Training Loss: 0.48986468595616955		 Val Loss: 2.7496377696161685
             	Training MAE: 0.05588927119970322		 Val MAE: 0.04030996933579445
             	Algebraic dist: 1.3916779686422909		 Val Algebraic dist: 3.126498678456182
             	RE1 dist: 2.32750903858858		 Val RE1 dist: 12.63974264393682
             	SED dist: 0.9359129176420324		 Val SED dist: 5.4870423026706865


Epoch 1217/4001: 	Training Loss: 0.5006455814137178		 Val Loss: 2.6230279673700747
             	Training MAE: 0.0559026338160038		 Val MAE: 0.03931678459048271
             	Algebraic dist: 1.439862195183249		 Val Algebraic dist: 3.210616733716882
             	RE1 dist: 2.429353826186236		 Val RE1 dist: 11.8699951171875
             	SED dist: 0.9574421153349035		 Val SED dist: 5.233583201532778


Epoch 1218/4001: 	Training Loss: 0.511240566478056		 Val Loss: 2.8551280809485395
             	Training MAE: 0.055931877344846725		 Val MAE: 0.03995818644762039
             	Algebraic dist: 1.4537106682272518		 Val Algebraic dist: 3.1499819548233696
             	RE1 dist: 2.468275182387408		 Val RE1 dist: 12.84512063731318
             	SED dist: 0.9797823288861442		 Val SED dist: 5.696745499320652


Epoch 1219/4001: 	Training Loss: 0.6098166634054745		 Val Loss: 2.670266358748726
             	Training MAE: 0.05680887773633003		 Val MAE: 0.03768603503704071
             	Algebraic dist: 1.672835630529067		 Val Algebraic dist: 3.160618657651155
             	RE1 dist: 3.1092605590820312		 Val RE1 dist: 12.819661016049592
             	SED dist: 1.1741366666906021		 Val SED dist: 5.32950791068699


Epoch 1220/4001: 	Training Loss: 0.5271661421831917		 Val Loss: 2.9121909763502036
             	Training MAE: 0.056100647896528244		 Val MAE: 0.03708579018712044
             	Algebraic dist: 1.486883612240062		 Val Algebraic dist: 3.276119729746943
             	RE1 dist: 2.6079969967112824		 Val RE1 dist: 13.735026483950408
             	SED dist: 1.0106743083280676		 Val SED dist: 5.814097528872282


Epoch 1221/4001: 	Training Loss: 0.5116442512063419		 Val Loss: 3.1792529562245244
             	Training MAE: 0.05658726766705513		 Val MAE: 0.03810278698801994
             	Algebraic dist: 1.4449428109561695		 Val Algebraic dist: 3.3917999267578125
             	RE1 dist: 2.4540317759794346		 Val RE1 dist: 14.83795166015625
             	SED dist: 0.9777722078211167		 Val SED dist: 6.347493710725204


Epoch 1222/4001: 	Training Loss: 0.4880538267247817		 Val Loss: 2.9651877361795176
             	Training MAE: 0.056596990674734116		 Val MAE: 0.04090508818626404
             	Algebraic dist: 1.3825850767247818		 Val Algebraic dist: 3.1747476328974185
             	RE1 dist: 2.314518648035386		 Val RE1 dist: 13.394849694293478
             	SED dist: 0.930121477912454		 Val SED dist: 5.9181956415591035


Epoch 1223/4001: 	Training Loss: 0.5139721141142004		 Val Loss: 2.8696521261463994
             	Training MAE: 0.05572338029742241		 Val MAE: 0.03724458068609238
             	Algebraic dist: 1.4601669311523438		 Val Algebraic dist: 3.2698593139648438
             	RE1 dist: 2.4888166539809284		 Val RE1 dist: 12.619076936141305
             	SED dist: 0.9846814099480125		 Val SED dist: 5.7290476923403535


Epoch 1224/4001: 	Training Loss: 0.48920334086698647		 Val Loss: 2.782397228738536
             	Training MAE: 0.05559855327010155		 Val MAE: 0.03788646310567856
             	Algebraic dist: 1.3988489263197954		 Val Algebraic dist: 3.221698926842731
             	RE1 dist: 2.328372506534352		 Val RE1 dist: 12.307727316151494
             	SED dist: 0.9347729402429917		 Val SED dist: 5.553841300632643


Epoch 1225/4001: 	Training Loss: 0.4901832692763385		 Val Loss: 2.633844126825747
             	Training MAE: 0.05648186430335045		 Val MAE: 0.03896510228514671
             	Algebraic dist: 1.3848360847024357		 Val Algebraic dist: 3.1438094429347827
             	RE1 dist: 2.2762850593118107		 Val RE1 dist: 11.254966404127037
             	SED dist: 0.9351013407987707		 Val SED dist: 5.25499559485394


Epoch 1226/4001: 	Training Loss: 0.5032892788157743		 Val Loss: 2.785796124002208
             	Training MAE: 0.05642228573560715		 Val MAE: 0.04226461425423622
             	Algebraic dist: 1.411334430470186		 Val Algebraic dist: 3.0900149138077446
             	RE1 dist: 2.3344336117015168		 Val RE1 dist: 12.626740828804348
             	SED dist: 0.9618847790886375		 Val SED dist: 5.557041334069294


Epoch 1227/4001: 	Training Loss: 0.47826744528377757		 Val Loss: 2.6731570699940557
             	Training MAE: 0.05592987686395645		 Val MAE: 0.03963195160031319
             	Algebraic dist: 1.366075403550092		 Val Algebraic dist: 3.0478834069293477
             	RE1 dist: 2.235295015222886		 Val RE1 dist: 11.79657911217731
             	SED dist: 0.9127493465647978		 Val SED dist: 5.333823162576427


Epoch 1228/4001: 	Training Loss: 0.49787341847139244		 Val Loss: 2.90717945928159
             	Training MAE: 0.05681030824780464		 Val MAE: 0.03773249685764313
             	Algebraic dist: 1.3631319158217485		 Val Algebraic dist: 3.1825966213060464
             	RE1 dist: 2.221654779770795		 Val RE1 dist: 13.749766474184783
             	SED dist: 0.9488477145924288		 Val SED dist: 5.804148798403532


Epoch 1229/4001: 	Training Loss: 0.4805881836835076		 Val Loss: 2.5944547238557236
             	Training MAE: 0.05510740354657173		 Val MAE: 0.03803103417158127
             	Algebraic dist: 1.3591917823342716		 Val Algebraic dist: 3.1821070132048233
             	RE1 dist: 2.1838383394129135		 Val RE1 dist: 10.761148203974185
             	SED dist: 0.9187453774844899		 Val SED dist: 5.1784784068232


Epoch 1230/4001: 	Training Loss: 0.5068129371194279		 Val Loss: 2.6584806027619736
             	Training MAE: 0.0558382049202919		 Val MAE: 0.038635917007923126
             	Algebraic dist: 1.4033016878015854		 Val Algebraic dist: 3.183066990064538
             	RE1 dist: 2.3007276198443245		 Val RE1 dist: 11.256484321925951
             	SED dist: 0.9698833016788259		 Val SED dist: 5.3051930303158965


Epoch 1231/4001: 	Training Loss: 0.4875851799460018		 Val Loss: 2.7140451514202617
             	Training MAE: 0.05572529882192612		 Val MAE: 0.03779490292072296
             	Algebraic dist: 1.345240312464097		 Val Algebraic dist: 3.074479476265285
             	RE1 dist: 2.139070847455193		 Val RE1 dist: 11.37484475840693
             	SED dist: 0.9319160685819738		 Val SED dist: 5.416913571565048


Epoch 1232/4001: 	Training Loss: 0.49889514025519877		 Val Loss: 2.6455987018087637
             	Training MAE: 0.056707918643951416		 Val MAE: 0.036884717643260956
             	Algebraic dist: 1.3708882051355697		 Val Algebraic dist: 3.019022734268852
             	RE1 dist: 2.20905102000517		 Val RE1 dist: 11.568071448284647
             	SED dist: 0.9526647679946002		 Val SED dist: 5.280869193699049


Epoch 1233/4001: 	Training Loss: 0.48136649412267346		 Val Loss: 2.604974497919497
             	Training MAE: 0.055665794759988785		 Val MAE: 0.036235272884368896
             	Algebraic dist: 1.3247977986055262		 Val Algebraic dist: 3.0254410453464673
             	RE1 dist: 2.1056693581973804		 Val RE1 dist: 10.604780114215353
             	SED dist: 0.9191923141479492		 Val SED dist: 5.200185029403023


Epoch 1234/4001: 	Training Loss: 0.5083875095143038		 Val Loss: 2.5774577596913213
             	Training MAE: 0.05515735596418381		 Val MAE: 0.03696092590689659
             	Algebraic dist: 1.3904533386230469		 Val Algebraic dist: 2.982429836107337
             	RE1 dist: 2.2095559064079735		 Val RE1 dist: 10.741088203761889
             	SED dist: 0.9751630670884076		 Val SED dist: 5.144923002823539


Epoch 1235/4001: 	Training Loss: 0.5289297664866728		 Val Loss: 2.64824046259341
             	Training MAE: 0.056877654045820236		 Val MAE: 0.03608090803027153
             	Algebraic dist: 1.4196020014145796		 Val Algebraic dist: 2.9555713819420855
             	RE1 dist: 2.3296277663286995		 Val RE1 dist: 11.445611041525137
             	SED dist: 1.0124819138470817		 Val SED dist: 5.28660019584324


Epoch 1236/4001: 	Training Loss: 0.5183251885806813		 Val Loss: 2.647857666015625
             	Training MAE: 0.055508241057395935		 Val MAE: 0.037287451326847076
             	Algebraic dist: 1.4041217355167164		 Val Algebraic dist: 2.9829940795898438
             	RE1 dist: 2.2886303172392		 Val RE1 dist: 11.285900613536006
             	SED dist: 0.9946461845846737		 Val SED dist: 5.285635906717052


Epoch 1237/4001: 	Training Loss: 0.49428698595832377		 Val Loss: 3.089380678923234
             	Training MAE: 0.05538647994399071		 Val MAE: 0.037981048226356506
             	Algebraic dist: 1.3548178953282974		 Val Algebraic dist: 3.1989059448242188
             	RE1 dist: 2.1209970362046184		 Val RE1 dist: 15.159583050271738
             	SED dist: 0.944886375876034		 Val SED dist: 6.16814256751019


Epoch 1238/4001: 	Training Loss: 0.6467664943021887		 Val Loss: 2.611580060875934
             	Training MAE: 0.05588043853640556		 Val MAE: 0.03598050773143768
             	Algebraic dist: 1.6611120560589958		 Val Algebraic dist: 3.0955591616423233
             	RE1 dist: 3.0473394954905793		 Val RE1 dist: 10.979964546535326
             	SED dist: 1.252262227675494		 Val SED dist: 5.213805820630944


Epoch 1239/4001: 	Training Loss: 0.5276849410113167		 Val Loss: 2.7352596780528193
             	Training MAE: 0.056448835879564285		 Val MAE: 0.03862224891781807
             	Algebraic dist: 1.4096160215490006		 Val Algebraic dist: 3.0070104184358017
             	RE1 dist: 2.309019649730009		 Val RE1 dist: 11.535980224609375
             	SED dist: 1.0120719460880054		 Val SED dist: 5.459745987601902


Epoch 1240/4001: 	Training Loss: 0.4714829500983743		 Val Loss: 2.8484692780867866
             	Training MAE: 0.05506262555718422		 Val MAE: 0.03731739521026611
             	Algebraic dist: 1.3243054782643038		 Val Algebraic dist: 3.0363457721212637
             	RE1 dist: 2.0852515276740577		 Val RE1 dist: 11.852931810461957
             	SED dist: 0.9015432245591107		 Val SED dist: 5.68675829016644


Epoch 1241/4001: 	Training Loss: 0.4995273702284869		 Val Loss: 3.262611720872962
             	Training MAE: 0.05621318519115448		 Val MAE: 0.04070759564638138
             	Algebraic dist: 1.3732133753159468		 Val Algebraic dist: 3.259778893512228
             	RE1 dist: 2.2040046243106617		 Val RE1 dist: 13.630414879840353
             	SED dist: 0.954902873319738		 Val SED dist: 6.513320259425951


Epoch 1242/4001: 	Training Loss: 0.5195262572344612		 Val Loss: 2.959377454674762
             	Training MAE: 0.05553067475557327		 Val MAE: 0.03596274182200432
             	Algebraic dist: 1.429333630730124		 Val Algebraic dist: 3.126016036323879
             	RE1 dist: 2.299975002513212		 Val RE1 dist: 13.878083602241848
             	SED dist: 0.9967002868652344		 Val SED dist: 5.908855935801631


Epoch 1243/4001: 	Training Loss: 0.4960331636316636		 Val Loss: 3.509435902471128
             	Training MAE: 0.05596984177827835		 Val MAE: 0.04191458970308304
             	Algebraic dist: 1.3712143617517807		 Val Algebraic dist: 3.3598095437754756
             	RE1 dist: 2.210985071518842		 Val RE1 dist: 17.34264075237772
             	SED dist: 0.9483512429630055		 Val SED dist: 7.006279323412024


Epoch 1244/4001: 	Training Loss: 0.5631954529706169		 Val Loss: 2.5574806876804517
             	Training MAE: 0.05609869211912155		 Val MAE: 0.03707696497440338
             	Algebraic dist: 1.4904747009277344		 Val Algebraic dist: 2.897806913956352
             	RE1 dist: 2.5774282567641316		 Val RE1 dist: 10.843494581139606
             	SED dist: 1.0846083023968864		 Val SED dist: 5.1046570487644365


Epoch 1245/4001: 	Training Loss: 0.4894452375524184		 Val Loss: 2.670437190843665
             	Training MAE: 0.056522831320762634		 Val MAE: 0.04243142530322075
             	Algebraic dist: 1.344648136812098		 Val Algebraic dist: 2.9417618461277173
             	RE1 dist: 2.142162322998047		 Val RE1 dist: 11.109089726987092
             	SED dist: 0.9342924566829905		 Val SED dist: 5.326119132663893


Epoch 1246/4001: 	Training Loss: 0.5063748640172622		 Val Loss: 2.5487657629925273
             	Training MAE: 0.05548355355858803		 Val MAE: 0.04063991457223892
             	Algebraic dist: 1.3839977488798254		 Val Algebraic dist: 2.9861148336659307
             	RE1 dist: 2.220568264231962		 Val RE1 dist: 10.093207317849863
             	SED dist: 0.9705057705149931		 Val SED dist: 5.085159965183424


Epoch 1247/4001: 	Training Loss: 0.4825317719403435		 Val Loss: 2.673202017079229
             	Training MAE: 0.05542345717549324		 Val MAE: 0.038203202188014984
             	Algebraic dist: 1.3158962025361902		 Val Algebraic dist: 2.931409752887228
             	RE1 dist: 2.047549752628102		 Val RE1 dist: 11.43618509043818
             	SED dist: 0.9224063648897058		 Val SED dist: 5.3346690302309785


Epoch 1248/4001: 	Training Loss: 0.4789291269638959		 Val Loss: 2.6372831593389097
             	Training MAE: 0.056733451783657074		 Val MAE: 0.03912155330181122
             	Algebraic dist: 1.298688664155848		 Val Algebraic dist: 2.9422952403192935
             	RE1 dist: 2.000247730928309		 Val RE1 dist: 10.383567478345787
             	SED dist: 0.9120356054867015		 Val SED dist: 5.2617005057956865


Epoch 1249/4001: 	Training Loss: 0.4994818182552562		 Val Loss: 2.893033234969429
             	Training MAE: 0.055214688181877136		 Val MAE: 0.03790586441755295
             	Algebraic dist: 1.3570638544419233		 Val Algebraic dist: 3.208071501358696
             	RE1 dist: 2.1274501576143154		 Val RE1 dist: 10.767149552055027
             	SED dist: 0.9563294579001034		 Val SED dist: 5.775139186693274


Epoch 1250/4001: 	Training Loss: 0.5462441724889419		 Val Loss: 3.679373367972996
             	Training MAE: 0.05542156472802162		 Val MAE: 0.041001759469509125
             	Algebraic dist: 1.4582443237304688		 Val Algebraic dist: 3.572850766389266
             	RE1 dist: 2.379709804759306		 Val RE1 dist: 16.66129734205163
             	SED dist: 1.0511877396527458		 Val SED dist: 7.346755318019701


Epoch 1251/4001: 	Training Loss: 0.5006444033454446		 Val Loss: 2.67040899525518
             	Training MAE: 0.055669818073511124		 Val MAE: 0.03759570047259331
             	Algebraic dist: 1.3425996443804573		 Val Algebraic dist: 2.929001517917799
             	RE1 dist: 2.1506771760828354		 Val RE1 dist: 10.583236694335938
             	SED dist: 0.9575853908763212		 Val SED dist: 5.330105325450068


Epoch 1252/4001: 	Training Loss: 0.46268101299510284		 Val Loss: 2.870547750721807
             	Training MAE: 0.05513981357216835		 Val MAE: 0.037024710327386856
             	Algebraic dist: 1.2634796815759994		 Val Algebraic dist: 3.00220190960428
             	RE1 dist: 1.9084943883559282		 Val RE1 dist: 11.79556539784307
             	SED dist: 0.8830683091107536		 Val SED dist: 5.7304534912109375


Epoch 1253/4001: 	Training Loss: 0.4736160951502183		 Val Loss: 2.6928024291992188
             	Training MAE: 0.055069513618946075		 Val MAE: 0.03725815564393997
             	Algebraic dist: 1.304810131297392		 Val Algebraic dist: 2.905001101286515
             	RE1 dist: 1.9573723288143383		 Val RE1 dist: 10.288312829059103
             	SED dist: 0.9060271768008962		 Val SED dist: 5.374583700428838


Epoch 1254/4001: 	Training Loss: 0.4972076977000517		 Val Loss: 2.5936980869459068
             	Training MAE: 0.055512599647045135		 Val MAE: 0.0365975983440876
             	Algebraic dist: 1.3341015086454504		 Val Algebraic dist: 2.9316140879755435
             	RE1 dist: 2.0982504451976105		 Val RE1 dist: 9.957576585852582
             	SED dist: 0.9526833926930147		 Val SED dist: 5.176818184230639


