Epoch 55/4001: Training Loss: 1.7118243049172794		 Val Loss: 5.742404440174932
             Training MAE: 0.1637292504310608		 Val MAE: 0.17388439178466797
             Algebraic dist: 43.24498075597427		 Val Algebraic dist: 65.69383173403533
             RE1 dist: 2196.2047334558824		 Val RE1 dist: 5863.733016304348
             SED dist: 3.2757310306324676		 Val SED dist: 11.327681831691576

Epoch 57/4001: Training Loss: 1.366742863374598		 Val Loss: 4.233238220214844
             Training MAE: 0.15616922080516815		 Val MAE: 0.18468676507472992
             Algebraic dist: 33.97304759306066		 Val Algebraic dist: 57.417055876358695
             RE1 dist: 1395.7594209558824		 Val RE1 dist: 4140.098505434783
             SED dist: 2.5978658339556526		 Val SED dist: 8.28714719025985

Epoch 53/4001: Training Loss: 1.437826493207146		 Val Loss: 5.50966445259426
             Training MAE: 0.15207958221435547		 Val MAE: 0.1717941015958786
             Algebraic dist: 36.19975370519302		 Val Algebraic dist: 67.83737580672555
             RE1 dist: 1577.0284926470588		 Val RE1 dist: 7284.758152173913
             SED dist: 2.7476220972397747		 Val SED dist: 10.864559671153193

Epoch 56/4001: Training Loss: 1.3730997197768267		 Val Loss: 5.594355044157608
             Training MAE: 0.15439268946647644		 Val MAE: 0.16013675928115845
             Algebraic dist: 33.674815458409924		 Val Algebraic dist: 64.30287236752717
             RE1 dist: 1375.551815257353		 Val RE1 dist: 6315.800951086957
             SED dist: 2.616698096780216		 Val SED dist: 11.05614769977072

Epoch 54/4001: Training Loss: 1.5733887167537914		 Val Loss: 4.348544576893682
             Training MAE: 0.15501312911510468		 Val MAE: 0.1481793224811554
             Algebraic dist: 37.907477883731616		 Val Algebraic dist: 53.8265380859375
             RE1 dist: 1727.0719209558824		 Val RE1 dist: 3775.0591032608695
             SED dist: 3.0133458305807674		 Val SED dist: 8.579909614894701

Epoch 55/4001: Training Loss: 1.417105282054228		 Val Loss: 4.747760275135869
             Training MAE: 0.15350912511348724		 Val MAE: 0.17164453864097595
             Algebraic dist: 34.774891572840076		 Val Algebraic dist: 61.36586064877717
             RE1 dist: 1463.783203125		 Val RE1 dist: 5784.915081521739
             SED dist: 2.7034023509306064		 Val SED dist: 9.344525544539742

Epoch 56/4001: Training Loss: 1.8373677870806526		 Val Loss: 4.536598537279212
             Training MAE: 0.15853312611579895		 Val MAE: 0.15722888708114624
             Algebraic dist: 44.278858857996326		 Val Algebraic dist: 62.76843792459239
             RE1 dist: 2471.3727022058824		 Val RE1 dist: 5371.786345108696
             SED dist: 3.5366024690515854		 Val SED dist: 8.939906908118207

Epoch 57/4001: Training Loss: 1.6053089815027572		 Val Loss: 4.381153272545856
             Training MAE: 0.1522442251443863		 Val MAE: 0.20429407060146332
             Algebraic dist: 37.4438907398897		 Val Algebraic dist: 56.72094195822011
             RE1 dist: 1690.4021139705883		 Val RE1 dist: 3327.1514945652175
             SED dist: 3.0845749798943016		 Val SED dist: 8.548120913298234

Epoch 58/4001: Training Loss: 1.4475499321432674		 Val Loss: 6.454866492229959
             Training MAE: 0.15797710418701172		 Val MAE: 0.16977638006210327
             Algebraic dist: 35.231772030101105		 Val Algebraic dist: 62.54194972826087
             RE1 dist: 1502.4373851102941		 Val RE1 dist: 6217.262907608696
             SED dist: 2.7562103271484375		 Val SED dist: 12.752769138502037

Epoch 58/4001: Training Loss: 1.465750077191521		 Val Loss: 4.506551327912704
             Training MAE: 0.15243972837924957		 Val MAE: 0.18706199526786804
             Algebraic dist: 35.546347225413605		 Val Algebraic dist: 54.17509128736413
             RE1 dist: 1469.8138786764705		 Val RE1 dist: 3650.5023777173915
             SED dist: 2.8053947897518383		 Val SED dist: 8.836951214334238

Epoch 57/4001: Training Loss: 1.555397819070255		 Val Loss: 4.440254211425781
             Training MAE: 0.155242919921875		 Val MAE: 0.15169337391853333
             Algebraic dist: 40.38916374655331		 Val Algebraic dist: 64.58896802819294
             RE1 dist: 1957.9574908088234		 Val RE1 dist: 5172.186480978261
             SED dist: 2.9769834630629597		 Val SED dist: 8.752824866253397

Epoch 55/4001: Training Loss: 1.4261731540455538		 Val Loss: 4.821724601413893
             Training MAE: 0.15152056515216827		 Val MAE: 0.1456780731678009
             Algebraic dist: 35.02694522633272		 Val Algebraic dist: 50.87131135360055
             RE1 dist: 1533.2066865808824		 Val RE1 dist: 3796.2479619565215
             SED dist: 2.7240077748018154		 Val SED dist: 9.530148713485055

Epoch 59/4001: Training Loss: 1.2851378496955423		 Val Loss: 4.462639186693274
             Training MAE: 0.15234015882015228		 Val MAE: 0.17522032558918
             Algebraic dist: 32.29995188993566		 Val Algebraic dist: 58.16903553838315
             RE1 dist: 1257.2072610294117		 Val RE1 dist: 3673.390625
             SED dist: 2.443860222311581		 Val SED dist: 8.767791084621264

Epoch 56/4001: Training Loss: 1.331507402307847		 Val Loss: 4.823020935058594
             Training MAE: 0.153334379196167		 Val MAE: 0.1571441888809204
             Algebraic dist: 33.544300752527576		 Val Algebraic dist: 61.70499851392663
             RE1 dist: 1366.4574908088234		 Val RE1 dist: 5444.662364130435
             SED dist: 2.532398223876953		 Val SED dist: 9.517952297044838

Epoch 59/4001: Training Loss: 1.4388061972225414		 Val Loss: 4.313586691151494
             Training MAE: 0.15794295072555542		 Val MAE: 0.20465302467346191
             Algebraic dist: 34.682261747472424		 Val Algebraic dist: 49.1041259765625
             RE1 dist: 1410.560546875		 Val RE1 dist: 3193.8963994565215
             SED dist: 2.736624325022978		 Val SED dist: 8.404782502547555

Epoch 56/4001: Training Loss: 1.5561642366297104		 Val Loss: 5.335540108058764
             Training MAE: 0.15537694096565247		 Val MAE: 0.1587483137845993
             Algebraic dist: 36.29441923253677		 Val Algebraic dist: 54.18569548233695
             RE1 dist: 1653.5189568014705		 Val RE1 dist: 4480.612432065217
             SED dist: 2.978460424086627		 Val SED dist: 10.538399074388588

Epoch 60/4001: Training Loss: 1.7405127357034123		 Val Loss: 5.150478528893513
             Training MAE: 0.1531568467617035		 Val MAE: 0.17653721570968628
             Algebraic dist: 39.70637422449448		 Val Algebraic dist: 52.71060844089674
             RE1 dist: 1853.008846507353		 Val RE1 dist: 3873.876358695652
             SED dist: 3.3521418851964615		 Val SED dist: 10.14152195142663

Epoch 58/4001: Training Loss: 1.5472995533662683		 Val Loss: 5.59042093028193
             Training MAE: 0.15898333489894867		 Val MAE: 0.17475625872612
             Algebraic dist: 39.08889950022978		 Val Algebraic dist: 66.5460205078125
             RE1 dist: 1790.0500919117646		 Val RE1 dist: 6750.993206521739
             SED dist: 2.953264797435087		 Val SED dist: 11.018684718919838

Epoch 60/4001: Training Loss: 1.3721670262953813		 Val Loss: 5.113603011421535
             Training MAE: 0.1599106788635254		 Val MAE: 0.1777033656835556
             Algebraic dist: 32.693596335018384		 Val Algebraic dist: 48.94166100543478
             RE1 dist: 1320.92578125		 Val RE1 dist: 3335.8648097826085
             SED dist: 2.6010520037482765		 Val SED dist: 10.059779954993207

Epoch 57/4001: Training Loss: 1.4641775243422563		 Val Loss: 4.1976135917331865
             Training MAE: 0.14807909727096558		 Val MAE: 0.1502123773097992
             Algebraic dist: 34.5127383961397		 Val Algebraic dist: 51.77885105298913
             RE1 dist: 1459.2965303308824		 Val RE1 dist: 3369.4096467391305
             SED dist: 2.806638381060432		 Val SED dist: 8.276424242102582

Epoch 57/4001: Training Loss: 1.4184045230641085		 Val Loss: 4.138471188752548
             Training MAE: 0.14890502393245697		 Val MAE: 0.1607704758644104
             Algebraic dist: 34.34615909352022		 Val Algebraic dist: 61.01206373131794
             RE1 dist: 1446.4371553308824		 Val RE1 dist: 4563.137907608696
             SED dist: 2.713608236873851		 Val SED dist: 8.140039858610734

Epoch 61/4001: Training Loss: 1.3598107730641085		 Val Loss: 4.862533901048743
             Training MAE: 0.15222182869911194		 Val MAE: 0.1564445197582245
             Algebraic dist: 32.90948845358456		 Val Algebraic dist: 56.13926099694294
             RE1 dist: 1291.2182904411766		 Val RE1 dist: 4551.291100543478
             SED dist: 2.591748181511374		 Val SED dist: 9.597657576851223

Epoch 59/4001: Training Loss: 1.6550590290742762		 Val Loss: 5.061785490616508
             Training MAE: 0.1572069525718689		 Val MAE: 0.1675218790769577
             Algebraic dist: 41.51710420496323		 Val Algebraic dist: 66.81385338824728
             RE1 dist: 2073.09375		 Val RE1 dist: 5186.051630434783
             SED dist: 3.1711580613080192		 Val SED dist: 9.972471154254416

Epoch 61/4001: Training Loss: 1.390485539155848		 Val Loss: 4.649287016495414
             Training MAE: 0.15730680525302887		 Val MAE: 0.15748369693756104
             Algebraic dist: 32.6512020335478		 Val Algebraic dist: 62.93673042629076
             RE1 dist: 1271.3494944852941		 Val RE1 dist: 3923.7167119565215
             SED dist: 2.6423095254337086		 Val SED dist: 9.167421423870584

Epoch 58/4001: Training Loss: 1.5266186209285961		 Val Loss: 6.501452902088994
             Training MAE: 0.15039345622062683		 Val MAE: 0.18664605915546417
             Algebraic dist: 36.277458639705884		 Val Algebraic dist: 59.38438879925272
             RE1 dist: 1536.6253446691176		 Val RE1 dist: 5759.792119565217
             SED dist: 2.927178551169003		 Val SED dist: 12.819657035495924

Epoch 62/4001: Training Loss: 1.3009772581212662		 Val Loss: 4.249860017195992
             Training MAE: 0.1501787304878235		 Val MAE: 0.13964144885540009
             Algebraic dist: 32.07835477941177		 Val Algebraic dist: 55.99150284476902
             RE1 dist: 1265.442325367647		 Val RE1 dist: 3676.5268342391305
             SED dist: 2.4776160296271827		 Val SED dist: 8.396491009256113

