
###########################################################################################################################################################

 learning rate: 0.0001, mlp_hidden_sizes: [1024, 512], jump_frames: 6, use_reconstruction_layer: True
batch_size: 8, norm: True, train_seqeunces: [0, 2, 3, 5], val_sequences: [6, 7, 8], RL_TEST_NAMES: ['fe2fadf89a84e92a', 'f01e8b6f8e10fdd9', 'f1ee9dc6135e5307', 'a41df4fa06fd391b', 'bc0ebb7482f14795', '9bdd34e784c04e3a', '98ebee1c36ecec55'], dataset: Sceneflow2Kitti,
average embeddings: False, model: microsoft/resnet-152, augmentation: True, random crop: True, part: head, get_old_path: False, computer: 1,
RE1 coeff: 0 SED coeff: 0.5, ALG_COEFF: 0, L2_coeff: 1, huber_coeff: 1, frozen layers: 0, trained vit: None, MAX_POOL_SIZE: 3
crop: 224 resize: 256, use conv: True pretrained: None, train_size: 0.002, norm_mean: tensor([0.5000, 0.5000, 0.5000], device='cuda:0'), norm_std: tensor([0.5000, 0.5000, 0.5000], device='cuda:0'), sched: None seed: 500

train size: 32, val size: 24, test size: 1064

algebraic_truth: 0.01733270101249218		 val_algebraic_truth: 0.017813128729661305
RE1_truth: 0.0001978045329451561		 val_RE1_truth: 0.0002090795896947384
SED_truth: 0.0015824397560209036		 val_SED_truth: 0.0016726239894827206

Epoch 1/100: Training Loss: 0.13303925096988678		 Val Loss: 0.27973562479019165
             	Training MAE: 0.04415284842252731		 Val MAE: 0.04745373874902725
             	Algebraic dist: 0.22810684144496918		 Val Algebraic dist: 0.3473409016927083
             	RE1 dist: 0.0562005341053009		 Val RE1 dist: 0.1471439997355143
             	SED dist: 0.24958835542201996		 Val SED dist: 0.5351555744806925

Epoch 2/100: Training Loss: 0.20907090604305267		 Val Loss: 0.3753060499827067
             	Training MAE: 0.05318109691143036		 Val MAE: 0.04148227348923683
             	Algebraic dist: 0.26361730694770813		 Val Algebraic dist: 0.44107874234517414
             	RE1 dist: 0.0895540788769722		 Val RE1 dist: 0.1860247254371643
             	SED dist: 0.39594632387161255		 Val SED dist: 0.7352437973022461

Epoch 3/100: Training Loss: 0.18509623408317566		 Val Loss: 0.36106133460998535
             	Training MAE: 0.04924794286489487		 Val MAE: 0.046381451189517975
             	Algebraic dist: 0.2833816111087799		 Val Algebraic dist: 0.4275351365407308
             	RE1 dist: 0.07440298795700073		 Val RE1 dist: 0.1716680328051249
             	SED dist: 0.35119396448135376		 Val SED dist: 0.7005329926808676

Epoch 4/100: Training Loss: 0.24184924364089966		 Val Loss: 0.4160263140996297
             	Training MAE: 0.0493764653801918		 Val MAE: 0.040994755923748016
             	Algebraic dist: 0.35594719648361206		 Val Algebraic dist: 0.4426082770029704
             	RE1 dist: 0.0940321534872055		 Val RE1 dist: 0.21815218528111777
             	SED dist: 0.4641375243663788		 Val SED dist: 0.816956361134847

Epoch 5/100: Training Loss: 0.3306806683540344		 Val Loss: 0.49985607465108234
             	Training MAE: 0.04966941848397255		 Val MAE: 0.04306173324584961
             	Algebraic dist: 0.4114689230918884		 Val Algebraic dist: 0.5065098603566488
             	RE1 dist: 0.1359589546918869		 Val RE1 dist: 0.25513845682144165
             	SED dist: 0.6417228579521179		 Val SED dist: 0.9835793972015381

Epoch 6/100: Training Loss: 0.3573229908943176		 Val Loss: 0.40291090806325275
             	Training MAE: 0.042085688561201096		 Val MAE: 0.05213972553610802
             	Algebraic dist: 0.3714168667793274		 Val Algebraic dist: 0.47973060607910156
             	RE1 dist: 0.18313510715961456		 Val RE1 dist: 0.17582422494888306
             	SED dist: 0.6989007592201233		 Val SED dist: 0.7847407658894857

Epoch 7/100: Training Loss: 0.23425574600696564		 Val Loss: 0.32226723432540894
             	Training MAE: 0.047325797379016876		 Val MAE: 0.04691155627369881
             	Algebraic dist: 0.30780094861984253		 Val Algebraic dist: 0.37985603014628094
             	RE1 dist: 0.09547635912895203		 Val RE1 dist: 0.16517614324887595
             	SED dist: 0.45014825463294983		 Val SED dist: 0.6269883314768473

Epoch 8/100: Training Loss: 0.16572372615337372		 Val Loss: 0.37694334983825684
             	Training MAE: 0.06349591165781021		 Val MAE: 0.05804264917969704
             	Algebraic dist: 0.26928699016571045		 Val Algebraic dist: 0.37543654441833496
             	RE1 dist: 0.0579722560942173		 Val RE1 dist: 0.18452757596969604
             	SED dist: 0.2997978925704956		 Val SED dist: 0.7285973230997721

Epoch 9/100: Training Loss: 0.11486325412988663		 Val Loss: 0.13284812370936075
             	Training MAE: 0.053504277020692825		 Val MAE: 0.050082385540008545
             	Algebraic dist: 0.17551252245903015		 Val Algebraic dist: 0.22356053193410239
             	RE1 dist: 0.05068285018205643		 Val RE1 dist: 0.05513157447179159
             	SED dist: 0.20658469200134277		 Val SED dist: 0.23818115393320718

