###########################################################################################################################################################

                         learning rate: 4e-05,  mlp_hidden_sizes: [1024, 512], batch_size: 2, norm: True, alpha: 1, avg embeddings: True, 
                        crop: 224 resize: 256, use conv: False pretrained: None, seed: 42, angle range: 90, shift range: 100, 
                        train length: 1024, val length: 160, test length: 160, get old path: False


###########################################################################################################################################################

                         learning rate: 4e-05,  mlp_hidden_sizes: [1024, 512], batch_size: 2, norm: True, alpha: 1, avg embeddings: True, 
                        crop: 224 resize: 256, use conv: False pretrained: None, seed: 42, angle range: 90, shift range: 100, 
                        train length: 1024, val length: 160, test length: 160, get old path: False


###########################################################################################################################################################

                         learning rate: 4e-05,  mlp_hidden_sizes: [1024, 512], batch_size: 2, norm: True, alpha: 1, avg embeddings: True, 
                        crop: 224 resize: 256, use conv: False pretrained: None, seed: 42, angle range: 90, shift range: 100, 
                        train length: 1024, val length: 160, test length: 160, get old path: False


###########################################################################################################################################################

                         learning rate: 4e-05,  mlp_hidden_sizes: [1024, 512], batch_size: 2, norm: True, alpha: 1, avg embeddings: True, 
                        crop: 224 resize: 256, use conv: False pretrained: None, seed: 42, angle range: 90, shift range: 100, 
                        train length: 1024, val length: 160, test length: 160, get old path: False


Epoch 1/50: Training Loss: 0.4525388777256012		 Val Loss: 0.41678223609924314
            Training MAE Shift: 0.24376362562179565		 Val MAE Shift: 0.1327886700630188
            Training Euclidean Shift: 0.3739372193813324		 Val Euclidean Shift: 0.2076667308807373
            Training MAE Angle: 0.4925464391708374		 Val MAE Angle: 0.5426015377044677
            Training MSE Angle: 0.3340902030467987		 Val MSE Angle: 0.3819993495941162

Epoch 2/50: Training Loss: 0.3825126588344574		 Val Loss: 0.3249415636062622
            Training MAE Shift: 0.14641381800174713		 Val MAE Shift: 0.07646719813346863
            Training Euclidean Shift: 0.22656530141830444		 Val Euclidean Shift: 0.11884713172912598
            Training MAE Angle: 0.5016902089118958		 Val MAE Angle: 0.4919139862060547
            Training MSE Angle: 0.3344387412071228		 Val MSE Angle: 0.31500284671783446

Epoch 3/50: Training Loss: 0.34401005506515503		 Val Loss: 0.3652260541915894
            Training MAE Shift: 0.0806344747543335		 Val MAE Shift: 0.09828069806098938
            Training Euclidean Shift: 0.12659266591072083		 Val Euclidean Shift: 0.1547218680381775
            Training MAE Angle: 0.502363383769989		 Val MAE Angle: 0.5304842472076416
            Training MSE Angle: 0.33113107085227966		 Val MSE Angle: 0.347389817237854

Epoch 4/50: Training Loss: 0.3462545871734619		 Val Loss: 0.3279606103897095
            Training MAE Shift: 0.09938959777355194		 Val MAE Shift: 0.10959876775741577
            Training Euclidean Shift: 0.15570887923240662		 Val Euclidean Shift: 0.1701248526573181
            Training MAE Angle: 0.4950396418571472		 Val MAE Angle: 0.48270392417907715
            Training MSE Angle: 0.3241197168827057		 Val MSE Angle: 0.3068342447280884

Epoch 5/50: Training Loss: 0.3409091830253601		 Val Loss: 0.31895837783813474
            Training MAE Shift: 0.08882621675729752		 Val MAE Shift: 0.0759157419204712
            Training Euclidean Shift: 0.13981464505195618		 Val Euclidean Shift: 0.12025126218795776
            Training MAE Angle: 0.5023406147956848		 Val MAE Angle: 0.4777069568634033
            Training MSE Angle: 0.3247218430042267		 Val MSE Angle: 0.3076702833175659

Epoch 6/50: Training Loss: 0.31952258944511414		 Val Loss: 0.4248382091522217
            Training MAE Shift: 0.08306872099637985		 Val MAE Shift: 0.08122089505195618
            Training Euclidean Shift: 0.13113130629062653		 Val Euclidean Shift: 0.13036563396453857
            Training MAE Angle: 0.4841996133327484		 Val MAE Angle: 0.5751452922821045
            Training MSE Angle: 0.3061433732509613		 Val MSE Angle: 0.41222338676452636

Epoch 7/50: Training Loss: 0.338903546333313		 Val Loss: 0.3304723262786865
            Training MAE Shift: 0.09528958797454834		 Val MAE Shift: 0.07686355113983154
            Training Euclidean Shift: 0.149498850107193		 Val Euclidean Shift: 0.12365387678146363
            Training MAE Angle: 0.4965692162513733		 Val MAE Angle: 0.5046503067016601
            Training MSE Angle: 0.32045403122901917		 Val MSE Angle: 0.3193408250808716

Epoch 8/50: Training Loss: 0.32002243399620056		 Val Loss: 0.2883908271789551
            Training MAE Shift: 0.07914616912603378		 Val MAE Shift: 0.07930980920791626
            Training Euclidean Shift: 0.12401182949542999		 Val Euclidean Shift: 0.12375203371047974
            Training MAE Angle: 0.48932865262031555		 Val MAE Angle: 0.4646796226501465
            Training MSE Angle: 0.30843958258628845		 Val MSE Angle: 0.27752251625061036

Epoch 9/50: Training Loss: 0.32811835408210754		 Val Loss: 0.3020541429519653
            Training MAE Shift: 0.0826464295387268		 Val MAE Shift: 0.08460870981216431
            Training Euclidean Shift: 0.1303931325674057		 Val Euclidean Shift: 0.1354619264602661
            Training MAE Angle: 0.501034140586853		 Val MAE Angle: 0.4783012390136719
            Training MSE Angle: 0.31467440724372864		 Val MSE Angle: 0.2899806976318359

Epoch 10/50: Training Loss: 0.3249227702617645		 Val Loss: 0.2940791845321655
            Training MAE Shift: 0.08335977047681808		 Val MAE Shift: 0.07171186804771423
            Training Euclidean Shift: 0.1311182826757431		 Val Euclidean Shift: 0.11524680852890015
            Training MAE Angle: 0.4957331418991089		 Val MAE Angle: 0.4901260852813721
            Training MSE Angle: 0.3122950494289398		 Val MSE Angle: 0.2853698253631592

Epoch 11/50: Training Loss: 0.3073129653930664		 Val Loss: 0.33755784034729003
            Training MAE Shift: 0.09614758938550949		 Val MAE Shift: 0.09490470290184021
            Training Euclidean Shift: 0.15027624368667603		 Val Euclidean Shift: 0.14585198163986207
            Training MAE Angle: 0.4739292860031128		 Val MAE Angle: 0.5041548252105713
            Training MSE Angle: 0.2910253703594208		 Val MSE Angle: 0.3230627775192261

Epoch 12/50: Training Loss: 0.3180065453052521		 Val Loss: 0.27107939720153806
            Training MAE Shift: 0.11510252207517624		 Val MAE Shift: 0.0925511360168457
            Training Euclidean Shift: 0.1799134463071823		 Val Euclidean Shift: 0.1465298056602478
            Training MAE Angle: 0.47076553106307983		 Val MAE Angle: 0.4379405975341797
            Training MSE Angle: 0.2907356321811676		 Val MSE Angle: 0.25466485023498536

Epoch 13/50: Training Loss: 0.273454874753952		 Val Loss: 0.30080087184906007
            Training MAE Shift: 0.09205509722232819		 Val MAE Shift: 0.09232388734817505
            Training Euclidean Shift: 0.14513394236564636		 Val Euclidean Shift: 0.1460609555244446
            Training MAE Angle: 0.4401976466178894		 Val MAE Angle: 0.46535091400146483
            Training MSE Angle: 0.2563418745994568		 Val MSE Angle: 0.2849565505981445

Epoch 14/50: Training Loss: 0.2853134274482727		 Val Loss: 0.22553369998931885
            Training MAE Shift: 0.08544904738664627		 Val MAE Shift: 0.0821150302886963
            Training Euclidean Shift: 0.1336144357919693		 Val Euclidean Shift: 0.1297600030899048
            Training MAE Angle: 0.4496281147003174		 Val MAE Angle: 0.39889087677001955
            Training MSE Angle: 0.2721252143383026		 Val MSE Angle: 0.21415655612945556

Epoch 15/50: Training Loss: 0.24590127170085907		 Val Loss: 0.2223428726196289
            Training MAE Shift: 0.07631634175777435		 Val MAE Shift: 0.09728116393089295
            Training Euclidean Shift: 0.12038630247116089		 Val Euclidean Shift: 0.15228817462921143
            Training MAE Angle: 0.41088172793388367		 Val MAE Angle: 0.3874847650527954
            Training MSE Angle: 0.2357022613286972		 Val MSE Angle: 0.20498270988464357

Epoch 16/50: Training Loss: 0.2542305588722229		 Val Loss: 0.22626254558563233
            Training MAE Shift: 0.08198757469654083		 Val MAE Shift: 0.07490438222885132
            Training Euclidean Shift: 0.12947410345077515		 Val Euclidean Shift: 0.11926302909851075
            Training MAE Angle: 0.41065171360969543		 Val MAE Angle: 0.3918678045272827
            Training MSE Angle: 0.23946337401866913		 Val MSE Angle: 0.2155895471572876

Epoch 17/50: Training Loss: 0.23673328757286072		 Val Loss: 0.25441994667053225
            Training MAE Shift: 0.07864870876073837		 Val MAE Shift: 0.07707197070121766
            Training Euclidean Shift: 0.12283745408058167		 Val Euclidean Shift: 0.12113250494003296
            Training MAE Angle: 0.39311128854751587		 Val MAE Angle: 0.39796016216278074
            Training MSE Angle: 0.22641590237617493		 Val MSE Angle: 0.2443230390548706

Epoch 18/50: Training Loss: 0.24341970682144165		 Val Loss: 0.2430342435836792
            Training MAE Shift: 0.07781578600406647		 Val MAE Shift: 0.07444591522216797
            Training Euclidean Shift: 0.12204678356647491		 Val Euclidean Shift: 0.11772633790969848
            Training MAE Angle: 0.40287816524505615		 Val MAE Angle: 0.3998124599456787
            Training MSE Angle: 0.23205433785915375		 Val MSE Angle: 0.23276772499084472

Epoch 19/50: Training Loss: 0.22816072404384613		 Val Loss: 0.24322969913482667
            Training MAE Shift: 0.06969045847654343		 Val MAE Shift: 0.06953349709510803
            Training Euclidean Shift: 0.1095007136464119		 Val Euclidean Shift: 0.11010648012161255
            Training MAE Angle: 0.3904144763946533		 Val MAE Angle: 0.3894692659378052
            Training MSE Angle: 0.21958141028881073		 Val MSE Angle: 0.2341761827468872

Epoch 20/50: Training Loss: 0.2137124091386795		 Val Loss: 0.21687350273132325
            Training MAE Shift: 0.0732768103480339		 Val MAE Shift: 0.08281323909759522
            Training Euclidean Shift: 0.11500859260559082		 Val Euclidean Shift: 0.1302768111228943
            Training MAE Angle: 0.3775613009929657		 Val MAE Angle: 0.38894836902618407
            Training MSE Angle: 0.20426610112190247		 Val MSE Angle: 0.20577590465545653

Epoch 21/50: Training Loss: 0.21587836742401123		 Val Loss: 0.22446389198303224
            Training MAE Shift: 0.07924176752567291		 Val MAE Shift: 0.08394035100936889
            Training Euclidean Shift: 0.12462989240884781		 Val Euclidean Shift: 0.1306024193763733
            Training MAE Angle: 0.3692222833633423		 Val MAE Angle: 0.3825862407684326
            Training MSE Angle: 0.2026110738515854		 Val MSE Angle: 0.21177442073822023

Epoch 22/50: Training Loss: 0.20301955938339233		 Val Loss: 0.188579261302948
            Training MAE Shift: 0.07780134677886963		 Val MAE Shift: 0.07311699390411378
            Training Euclidean Shift: 0.12228600680828094		 Val Euclidean Shift: 0.11374216079711914
            Training MAE Angle: 0.3604506552219391		 Val MAE Angle: 0.350398325920105
            Training MSE Angle: 0.19212353229522705		 Val MSE Angle: 0.17854095697402955

Epoch 23/50: Training Loss: 0.1944328099489212		 Val Loss: 0.22538294792175292
            Training MAE Shift: 0.07082405686378479		 Val MAE Shift: 0.06570884585380554
            Training Euclidean Shift: 0.11193530261516571		 Val Euclidean Shift: 0.10392731428146362
            Training MAE Angle: 0.34895795583724976		 Val MAE Angle: 0.3851465225219727
            Training MSE Angle: 0.1852756142616272		 Val MSE Angle: 0.21775336265563966

Epoch 24/50: Training Loss: 0.17835374176502228		 Val Loss: 0.15729011297225953
            Training MAE Shift: 0.0695524588227272		 Val MAE Shift: 0.06390566825866699
            Training Euclidean Shift: 0.10894635319709778		 Val Euclidean Shift: 0.10079525709152222
            Training MAE Angle: 0.3350353240966797		 Val MAE Angle: 0.3043788433074951
            Training MSE Angle: 0.16979211568832397		 Val MSE Angle: 0.14930694103240966

Epoch 25/50: Training Loss: 0.1855248361825943		 Val Loss: 0.17665517330169678
            Training MAE Shift: 0.07999421656131744		 Val MAE Shift: 0.07829943299293518
            Training Euclidean Shift: 0.12513969838619232		 Val Euclidean Shift: 0.12061700820922852
            Training MAE Angle: 0.3315662741661072		 Val MAE Angle: 0.3297497987747192
            Training MSE Angle: 0.17293527722358704		 Val MSE Angle: 0.16679368019104004

Epoch 26/50: Training Loss: 0.17577868700027466		 Val Loss: 0.19747722148895264
            Training MAE Shift: 0.08080054074525833		 Val MAE Shift: 0.08225978016853333
            Training Euclidean Shift: 0.12627077102661133		 Val Euclidean Shift: 0.12818875312805175
            Training MAE Angle: 0.31707844138145447		 Val MAE Angle: 0.35108242034912107
            Training MSE Angle: 0.16341881453990936		 Val MSE Angle: 0.18463258743286132

Epoch 27/50: Training Loss: 0.17636209726333618		 Val Loss: 0.18425630331039428
            Training MAE Shift: 0.07339335232973099		 Val MAE Shift: 0.07112950682640076
            Training Euclidean Shift: 0.11539991945028305		 Val Euclidean Shift: 0.11242526769638062
            Training MAE Angle: 0.32806727290153503		 Val MAE Angle: 0.3388861656188965
            Training MSE Angle: 0.16638058423995972		 Val MSE Angle: 0.17505950927734376

Epoch 28/50: Training Loss: 0.17453110218048096		 Val Loss: 0.16220821142196656
            Training MAE Shift: 0.07261766493320465		 Val MAE Shift: 0.06733071804046631
            Training Euclidean Shift: 0.11381986737251282		 Val Euclidean Shift: 0.10717967748641968
            Training MAE Angle: 0.3253582715988159		 Val MAE Angle: 0.3186589479446411
            Training MSE Angle: 0.16470101475715637		 Val MSE Angle: 0.15368708372116088

Epoch 29/50: Training Loss: 0.15941384434700012		 Val Loss: 0.16275781393051147
            Training MAE Shift: 0.0681106448173523		 Val MAE Shift: 0.07146956920623779
            Training Euclidean Shift: 0.10749827325344086		 Val Euclidean Shift: 0.11348180770874024
            Training MAE Angle: 0.3070001006126404		 Val MAE Angle: 0.3055941104888916
            Training MSE Angle: 0.15136279165744781		 Val MSE Angle: 0.1526766300201416

Epoch 30/50: Training Loss: 0.1499885618686676		 Val Loss: 0.15579187870025635
            Training MAE Shift: 0.06851833313703537		 Val MAE Shift: 0.07058824896812439
            Training Euclidean Shift: 0.1078801155090332		 Val Euclidean Shift: 0.10998998880386353
            Training MAE Angle: 0.2986888289451599		 Val MAE Angle: 0.30628337860107424
            Training MSE Angle: 0.1418425440788269		 Val MSE Angle: 0.1470992922782898

Epoch 31/50: Training Loss: 0.17061437666416168		 Val Loss: 0.1802604913711548
            Training MAE Shift: 0.07622668892145157		 Val MAE Shift: 0.0796948492527008
            Training Euclidean Shift: 0.11995718628168106		 Val Euclidean Shift: 0.12452305555343628
            Training MAE Angle: 0.31278783082962036		 Val MAE Angle: 0.3190112590789795
            Training MSE Angle: 0.15946263074874878		 Val MSE Angle: 0.16658904552459716

Epoch 32/50: Training Loss: 0.1718837171792984		 Val Loss: 0.224471116065979
            Training MAE Shift: 0.07427017390727997		 Val MAE Shift: 0.15945183038711547
            Training Euclidean Shift: 0.11679110676050186		 Val Euclidean Shift: 0.2495429754257202
            Training MAE Angle: 0.31637027859687805		 Val MAE Angle: 0.3439284086227417
            Training MSE Angle: 0.1611143797636032		 Val MSE Angle: 0.17756273746490478

Epoch 33/50: Training Loss: 0.16654616594314575		 Val Loss: 0.18861048221588134
            Training MAE Shift: 0.09107526391744614		 Val MAE Shift: 0.07206001281738281
            Training Euclidean Shift: 0.1416357457637787		 Val Euclidean Shift: 0.11420115232467651
            Training MAE Angle: 0.3067411184310913		 Val MAE Angle: 0.33503360748291017
            Training MSE Angle: 0.14842356741428375		 Val MSE Angle: 0.1789567470550537

Epoch 34/50: Training Loss: 0.16817393898963928		 Val Loss: 0.17037178277969361
            Training MAE Shift: 0.09513094276189804		 Val MAE Shift: 0.06936322450637818
            Training Euclidean Shift: 0.1471654623746872		 Val Euclidean Shift: 0.11232520341873169
            Training MAE Angle: 0.3049117624759674		 Val MAE Angle: 0.32160415649414065
            Training MSE Angle: 0.1475551724433899		 Val MSE Angle: 0.16159582138061523

Epoch 35/50: Training Loss: 0.1651705503463745		 Val Loss: 0.15787019729614257
            Training MAE Shift: 0.07152920216321945		 Val MAE Shift: 0.06797863841056824
            Training Euclidean Shift: 0.11235807836055756		 Val Euclidean Shift: 0.1070515751838684
            Training MAE Angle: 0.3091789782047272		 Val MAE Angle: 0.29158008098602295
            Training MSE Angle: 0.15607015788555145		 Val MSE Angle: 0.1486400842666626

Epoch 36/50: Training Loss: 0.13960380852222443		 Val Loss: 0.15633056163787842
            Training MAE Shift: 0.0658237487077713		 Val MAE Shift: 0.07122064232826233
            Training Euclidean Shift: 0.1031111627817154		 Val Euclidean Shift: 0.11465239524841309
            Training MAE Angle: 0.2827966809272766		 Val MAE Angle: 0.3191995143890381
            Training MSE Angle: 0.13202214241027832		 Val MSE Angle: 0.1461231827735901

Epoch 37/50: Training Loss: 0.13549555838108063		 Val Loss: 0.15134376287460327
            Training MAE Shift: 0.06679963320493698		 Val MAE Shift: 0.07115615606307983
            Training Euclidean Shift: 0.10552538931369781		 Val Euclidean Shift: 0.11212775707244874
            Training MAE Angle: 0.2802831828594208		 Val MAE Angle: 0.307131028175354
            Training MSE Angle: 0.12757599353790283		 Val MSE Angle: 0.1418737769126892

Epoch 38/50: Training Loss: 0.14419135451316833		 Val Loss: 0.13548232316970826
            Training MAE Shift: 0.06440898776054382		 Val MAE Shift: 0.06000568270683289
            Training Euclidean Shift: 0.10123632848262787		 Val Euclidean Shift: 0.09404821395874023
            Training MAE Angle: 0.29421743750572205		 Val MAE Angle: 0.2888403177261353
            Training MSE Angle: 0.13707740604877472		 Val MSE Angle: 0.1292433261871338

Epoch 39/50: Training Loss: 0.21188077330589294		 Val Loss: 0.15732687711715698
            Training MAE Shift: 0.11210349202156067		 Val MAE Shift: 0.06976310610771179
            Training Euclidean Shift: 0.17440581321716309		 Val Euclidean Shift: 0.10914738178253174
            Training MAE Angle: 0.3405798673629761		 Val MAE Angle: 0.30481386184692383
            Training MSE Angle: 0.18179087340831757		 Val MSE Angle: 0.14793602228164673

Epoch 40/50: Training Loss: 0.1537073403596878		 Val Loss: 0.18447587490081788
            Training MAE Shift: 0.07615198940038681		 Val MAE Shift: 0.06954509019851685
            Training Euclidean Shift: 0.11942955106496811		 Val Euclidean Shift: 0.1080132007598877
            Training MAE Angle: 0.2996484339237213		 Val MAE Angle: 0.3301829814910889
            Training MSE Angle: 0.1430547833442688		 Val MSE Angle: 0.17283045053482055

Epoch 41/50: Training Loss: 0.1447918713092804		 Val Loss: 0.16159094572067262
            Training MAE Shift: 0.06590424478054047		 Val MAE Shift: 0.07008085250854493
            Training Euclidean Shift: 0.10380265861749649		 Val Euclidean Shift: 0.11013824939727783
            Training MAE Angle: 0.2912396788597107		 Val MAE Angle: 0.29685282707214355
            Training MSE Angle: 0.1359444111585617		 Val MSE Angle: 0.15270521640777587

Epoch 42/50: Training Loss: 0.1444930136203766		 Val Loss: 0.13834329843521118
            Training MAE Shift: 0.06729312241077423		 Val MAE Shift: 0.07420290112495423
            Training Euclidean Shift: 0.10568971931934357		 Val Euclidean Shift: 0.11484836339950562
            Training MAE Angle: 0.2837006747722626		 Val MAE Angle: 0.2719773530960083
            Training MSE Angle: 0.13629542291164398		 Val MSE Angle: 0.12915939092636108

Epoch 43/50: Training Loss: 0.1554269939661026		 Val Loss: 0.1320129156112671
            Training MAE Shift: 0.07476883381605148		 Val MAE Shift: 0.0737109899520874
            Training Euclidean Shift: 0.1170726791024208		 Val Euclidean Shift: 0.11590033769607544
            Training MAE Angle: 0.2988080680370331		 Val MAE Angle: 0.27868773937225344
            Training MSE Angle: 0.14432522654533386		 Val MSE Angle: 0.12314718961715698

Epoch 44/50: Training Loss: 0.14453919231891632		 Val Loss: 0.15910989046096802
            Training MAE Shift: 0.07494492828845978		 Val MAE Shift: 0.07191511392593383
            Training Euclidean Shift: 0.11719047278165817		 Val Euclidean Shift: 0.11267585754394531
            Training MAE Angle: 0.2805405855178833		 Val MAE Angle: 0.303887939453125
            Training MSE Angle: 0.13320313394069672		 Val MSE Angle: 0.14929842948913574

Epoch 45/50: Training Loss: 0.1369507759809494		 Val Loss: 0.1709618091583252
            Training MAE Shift: 0.07639092952013016		 Val MAE Shift: 0.07118180394172668
            Training Euclidean Shift: 0.12038784474134445		 Val Euclidean Shift: 0.11183767318725586
            Training MAE Angle: 0.2793186902999878		 Val MAE Angle: 0.32107713222503664
            Training MSE Angle: 0.12639032304286957		 Val MSE Angle: 0.16061352491378783

Epoch 46/50: Training Loss: 0.1304798722267151		 Val Loss: 0.12223501205444336
            Training MAE Shift: 0.0667513981461525		 Val MAE Shift: 0.06944791674613952
            Training Euclidean Shift: 0.10447263717651367		 Val Euclidean Shift: 0.10734937191009522
            Training MAE Angle: 0.27021679282188416		 Val MAE Angle: 0.26277866363525393
            Training MSE Angle: 0.12216373533010483		 Val MSE Angle: 0.11456478834152221

Epoch 47/50: Training Loss: 0.13500279188156128		 Val Loss: 0.12814226150512695
            Training MAE Shift: 0.06418505311012268		 Val MAE Shift: 0.0630430519580841
            Training Euclidean Shift: 0.10036441683769226		 Val Euclidean Shift: 0.09877643585205079
            Training MAE Angle: 0.277913361787796		 Val MAE Angle: 0.27244250774383544
            Training MSE Angle: 0.12795189023017883		 Val MSE Angle: 0.12120875120162963

Epoch 48/50: Training Loss: 0.1314905285835266		 Val Loss: 0.15436052083969115
            Training MAE Shift: 0.06568548083305359		 Val MAE Shift: 0.06748771667480469
            Training Euclidean Shift: 0.10287827253341675		 Val Euclidean Shift: 0.10724014043807983
            Training MAE Angle: 0.26786014437675476		 Val MAE Angle: 0.28630452156066893
            Training MSE Angle: 0.12407518923282623		 Val MSE Angle: 0.1459113597869873

Epoch 49/50: Training Loss: 0.12192406505346298		 Val Loss: 0.14551724195480348
            Training MAE Shift: 0.06549090892076492		 Val MAE Shift: 0.06406196355819702
            Training Euclidean Shift: 0.10294736921787262		 Val Euclidean Shift: 0.10011917352676392
            Training MAE Angle: 0.26107680797576904		 Val MAE Angle: 0.29232444763183596
            Training MSE Angle: 0.11423301696777344		 Val MSE Angle: 0.138453471660614

Epoch 50/50: Training Loss: 0.13106121122837067		 Val Loss: 0.1397250175476074
            Training MAE Shift: 0.06597384810447693		 Val MAE Shift: 0.0805367112159729
            Training Euclidean Shift: 0.10347016900777817		 Val Euclidean Shift: 0.12414722442626953
            Training MAE Angle: 0.26740649342536926		 Val MAE Angle: 0.27903103828430176
            Training MSE Angle: 0.12311282008886337		 Val MSE Angle: 0.12718701362609863

###########################################################################################################################################################

                         learning rate: 4e-05,  mlp_hidden_sizes: [1024, 512], batch_size: 2, norm: True, alpha: 1, avg embeddings: True, 
                        crop: 224 resize: 256, use conv: False pretrained: None, seed: 42, angle range: 90, shift range: 100, 
                        train length: 1024, val length: 160, test length: 160, get old path: False


##### CONTINUE TRAINING #####

Epoch 51/51: Training Loss: 0.1336311250925064		 Val Loss: 0.15807850360870362
            Training MAE Shift: 0.06991991400718689		 Val MAE Shift: 0.06681346893310547
            Training Euclidean Shift: 0.10976539552211761		 Val Euclidean Shift: 0.10660107135772705
            Training MAE Angle: 0.27137258648872375		 Val MAE Angle: 0.2933119535446167
            Training MSE Angle: 0.12427934259176254		 Val MSE Angle: 0.14908660650253297

## TEST RESULTS: ##
Test Loss: 0.14498580992221832 
Test MAE Shift: 0.07220061123371124		 Test Euclidean Shift: 0.11342328786849976
Test MAE Angle: 0.2844063639640808		 Test MSE Angle: 0.13518817722797394

###########################################################################################################################################################

                         learning rate: 4e-05,  mlp_hidden_sizes: [1024, 512], batch_size: 2, norm: True, alpha: 1, avg embeddings: True, 
                        crop: 224 resize: 256, use conv: False pretrained: None, seed: 42, angle range: 90, shift range: 100, 
                        train length: 1024, val length: 160, test length: 160, get old path: False


##### CONTINUE TRAINING #####

Epoch 52/52: Training Loss: 0.0723043903708458		 Val Loss: 0.16895360946655275
            Training MAE Shift: 0.05882482975721359		 Val MAE Shift: 0.06709648370742798
            Training Euclidean Shift: 0.09321141988039017		 Val Euclidean Shift: 0.10597336292266846
            Training MAE Angle: 0.19801545143127441		 Val MAE Angle: 0.30066423416137694
            Training MSE Angle: 0.06628606468439102		 Val MSE Angle: 0.16060266494750977

## TEST RESULTS: ##
Test Loss: 0.15122005343437195 
Test MAE Shift: 0.06985148042440414		 Test Euclidean Shift: 0.1102757602930069
Test MAE Angle: 0.29100173711776733		 Test MSE Angle: 0.14255143702030182

###########################################################################################################################################################

                         learning rate: 4e-05,  mlp_hidden_sizes: [1024, 512], batch_size: 2, norm: True, alpha: 1, avg embeddings: True, 
                        crop: 224 resize: 256, use conv: False pretrained: None, seed: 42, angle range: 90, shift range: 100, 
                        train length: 1024, val length: 160, test length: 160, get old path: False


##### CONTINUE TRAINING #####

Epoch 53/53: Training Loss: 0.06100238487124443		 Val Loss: 0.17306594848632811
            Training MAE Shift: 0.07062797993421555		 Val MAE Shift: 0.08511322140693664
            Training Euclidean Shift: 0.11112454533576965		 Val Euclidean Shift: 0.13424668312072754
            Training MAE Angle: 0.1724018156528473		 Val MAE Angle: 0.3075061082839966
            Training MSE Angle: 0.05073350667953491		 Val MSE Angle: 0.1586601972579956

## TEST RESULTS: ##
Test Loss: 0.17602404952049255 
Test MAE Shift: 0.0887678787112236		 Test Euclidean Shift: 0.13919657468795776
Test MAE Angle: 0.3157464861869812		 Test MSE Angle: 0.1618843525648117

