###########################################################################################################################################################

                         learning rate: 6e-05,  mlp_hidden_sizes: [1024, 512], batch_size: 32, norm: True, alpha: 10, avg embeddings: True, 
                        crop: 224 resize: 256, use conv: False pretrained: None, seed: 42, angle range: 90, shift range: 110, 
                        train length: 6144, val length: 780, test length: 780, get old path: False


Epoch 1/200: Training Loss: 1.118072509765625		 Val Loss: 0.5410216522216796
	      Training MAE Angle: 0.504220207532247		 Val MAE Angle: 0.5045135498046875
              Training MSE Angle: 0.33874817689259845		 Val MSE Angle: 0.3454103851318359
	      Training MAE Shift: 0.18466504414876303		 Val MAE Shift: 0.0992591667175293
              Training Euclidean Shift: 0.284958283106486	 Val Euclidean Shift: 0.1556972312927246


Epoch 2/200: Training Loss: 0.4477291901906331		 Val Loss: 0.47488716125488284
	      Training MAE Angle: 0.49678146839141846		 Val MAE Angle: 0.5088035583496093
              Training MSE Angle: 0.33172184228897095		 Val MSE Angle: 0.3390395355224609
	      Training MAE Shift: 0.07675707340240479		 Val MAE Shift: 0.08440804481506348
              Training Euclidean Shift: 0.12073170145352681	 Val Euclidean Shift: 0.1325023078918457


Epoch 3/200: Training Loss: 0.3957243363062541		 Val Loss: 0.38604351043701174
	      Training MAE Angle: 0.5055267016092936		 Val MAE Angle: 0.502142333984375
              Training MSE Angle: 0.338778018951416		 Val MSE Angle: 0.33287513732910157
	      Training MAE Shift: 0.05542785425980886		 Val MAE Shift: 0.05494050979614258
              Training Euclidean Shift: 0.08773257335027058	 Val Euclidean Shift: 0.08673329353332519


Epoch 4/200: Training Loss: 0.3705613613128662		 Val Loss: 0.39021453857421873
	      Training MAE Angle: 0.4961659113566081		 Val MAE Angle: 0.5038158416748046
              Training MSE Angle: 0.32551411787668866		 Val MSE Angle: 0.33156230926513675
	      Training MAE Shift: 0.049623395005861916		 Val MAE Shift: 0.05511717796325684
              Training Euclidean Shift: 0.07837619880835216	 Val Euclidean Shift: 0.08751939773559571


Epoch 5/200: Training Loss: 0.3684779405593872		 Val Loss: 0.38961124420166016
	      Training MAE Angle: 0.500117023785909		 Val MAE Angle: 0.5131473922729493
              Training MSE Angle: 0.3251323699951172		 Val MSE Angle: 0.33670875549316404
	      Training MAE Shift: 0.04821385939915975		 Val MAE Shift: 0.0523169469833374
              Training Euclidean Shift: 0.07614049315452576	 Val Euclidean Shift: 0.08281562805175781


Epoch 6/200: Training Loss: 0.35431428750356037		 Val Loss: 0.3427433013916016
	      Training MAE Angle: 0.5011284748713175		 Val MAE Angle: 0.5039543914794922
              Training MSE Angle: 0.3235543171564738		 Val MSE Angle: 0.3193060493469238
	      Training MAE Shift: 0.03981451690196991		 Val MAE Shift: 0.035468661785125734
              Training Euclidean Shift: 0.06271010637283325	 Val Euclidean Shift: 0.05595351219177246


Epoch 7/200: Training Loss: 0.4906322161356608		 Val Loss: 1.4271408081054688
	      Training MAE Angle: 0.4938727617263794		 Val MAE Angle: 0.49353050231933593
              Training MSE Angle: 0.3124617338180542		 Val MSE Angle: 0.3222838592529297
	      Training MAE Shift: 0.07302682598431905		 Val MAE Shift: 0.25404701232910154
              Training Euclidean Shift: 0.11434104045232137	 Val Euclidean Shift: 0.394427604675293


Epoch 8/200: Training Loss: 0.8109410603841146		 Val Loss: 0.4498471832275391
	      Training MAE Angle: 0.4914114872614543		 Val MAE Angle: 0.5058022308349609
              Training MSE Angle: 0.3184157609939575		 Val MSE Angle: 0.3237190246582031
	      Training MAE Shift: 0.15267198284467062		 Val MAE Shift: 0.08392078399658204
              Training Euclidean Shift: 0.23871167500813803	 Val Euclidean Shift: 0.13126890182495118


Epoch 9/200: Training Loss: 0.39939939975738525		 Val Loss: 0.36767169952392575
	      Training MAE Angle: 0.49328839778900146		 Val MAE Angle: 0.49493698120117186
              Training MSE Angle: 0.31539003054300946		 Val MSE Angle: 0.3108051681518555
	      Training MAE Shift: 0.0655519167582194		 Val MAE Shift: 0.053656268119812014
              Training Euclidean Shift: 0.10278059045473735	 Val Euclidean Shift: 0.08419512748718262


Epoch 10/200: Training Loss: 0.3571295738220215		 Val Loss: 0.35104862213134763
	      Training MAE Angle: 0.49384498596191406		 Val MAE Angle: 0.48145015716552736
              Training MSE Angle: 0.30647273858388263		 Val MSE Angle: 0.29161470413208007
	      Training MAE Shift: 0.051548585295677185		 Val MAE Shift: 0.05968828678131104
              Training Euclidean Shift: 0.08117958903312683	 Val Euclidean Shift: 0.0939564037322998


Epoch 11/200: Training Loss: 0.34321757157643634		 Val Loss: 0.33976417541503906
	      Training MAE Angle: 0.4964936176935832		 Val MAE Angle: 0.4831967544555664
              Training MSE Angle: 0.3059806227684021		 Val MSE Angle: 0.28985843658447263
	      Training MAE Shift: 0.04473385214805603		 Val MAE Shift: 0.050431222915649415
              Training Euclidean Shift: 0.0704638014237086	 Val Euclidean Shift: 0.07994942188262939


Epoch 12/200: Training Loss: 0.3163512547810872		 Val Loss: 0.28679714202880857
	      Training MAE Angle: 0.47306962807973224		 Val MAE Angle: 0.44503875732421877
              Training MSE Angle: 0.2830415566762288		 Val MSE Angle: 0.25651174545288086
	      Training MAE Shift: 0.04309217135111491		 Val MAE Shift: 0.041411609649658204
              Training Euclidean Shift: 0.06772518157958984	 Val Euclidean Shift: 0.06559185028076171


Epoch 13/200: Training Loss: 0.3007103403409322		 Val Loss: 0.2834930419921875
	      Training MAE Angle: 0.45269322395324707		 Val MAE Angle: 0.4295382308959961
              Training MSE Angle: 0.26644188165664673		 Val MSE Angle: 0.24389625549316407
	      Training MAE Shift: 0.043571641047795616		 Val MAE Shift: 0.04680474758148193
              Training Euclidean Shift: 0.06879001359144847	 Val Euclidean Shift: 0.07416364192962646


Epoch 14/200: Training Loss: 0.2747897704442342		 Val Loss: 0.27618099212646485
	      Training MAE Angle: 0.4240744113922119		 Val MAE Angle: 0.421734619140625
              Training MSE Angle: 0.23966320355733237		 Val MSE Angle: 0.23530715942382813
	      Training MAE Shift: 0.043915400902430214		 Val MAE Shift: 0.047250709533691405
              Training Euclidean Shift: 0.06920089324315389	 Val Euclidean Shift: 0.07460707187652588


Epoch 15/200: Training Loss: 0.2536330421765645		 Val Loss: 0.2574652862548828
	      Training MAE Angle: 0.3984294335047404		 Val MAE Angle: 0.3899295425415039
              Training MSE Angle: 0.2182445526123047		 Val MSE Angle: 0.2146138381958008
	      Training MAE Shift: 0.043990954756736755		 Val MAE Shift: 0.04779937744140625
              Training Euclidean Shift: 0.06916527946790059	 Val Euclidean Shift: 0.07501762390136718


Epoch 16/200: Training Loss: 0.22817182540893555		 Val Loss: 0.2191525650024414
	      Training MAE Angle: 0.369892954826355		 Val MAE Angle: 0.35324779510498044
              Training MSE Angle: 0.1943968931833903		 Val MSE Angle: 0.18042091369628907
	      Training MAE Shift: 0.0434472511212031		 Val MAE Shift: 0.0446746015548706
              Training Euclidean Shift: 0.06844429671764374	 Val Euclidean Shift: 0.07002089023590088


Epoch 17/200: Training Loss: 0.3006080190340678		 Val Loss: 0.2255915641784668
	      Training MAE Angle: 0.38321904341379803		 Val MAE Angle: 0.352441291809082
              Training MSE Angle: 0.20862934986750284		 Val MSE Angle: 0.18501708984375
	      Training MAE Shift: 0.06630268692970276		 Val MAE Shift: 0.04567614555358887
              Training Euclidean Shift: 0.10390605529149373	 Val Euclidean Shift: 0.07248721599578857


Epoch 18/200: Training Loss: 0.20528761545817056		 Val Loss: 0.19637821197509767
	      Training MAE Angle: 0.33778433005015057		 Val MAE Angle: 0.31803152084350583
              Training MSE Angle: 0.16876602172851562		 Val MSE Angle: 0.1553870391845703
	      Training MAE Shift: 0.044207716981569924		 Val MAE Shift: 0.04550189018249512
              Training Euclidean Shift: 0.06971071660518646	 Val Euclidean Shift: 0.07233331680297851


Epoch 19/200: Training Loss: 0.19424607356389365		 Val Loss: 0.18811182022094727
	      Training MAE Angle: 0.3242575526237488		 Val MAE Angle: 0.3118759536743164
              Training MSE Angle: 0.16155573725700378		 Val MSE Angle: 0.1518189811706543
	      Training MAE Shift: 0.042489026983579		 Val MAE Shift: 0.04376840591430664
              Training Euclidean Shift: 0.06695738931496938	 Val Euclidean Shift: 0.0689784336090088


Epoch 20/200: Training Loss: 0.17945390939712524		 Val Loss: 0.17431507110595704
	      Training MAE Angle: 0.3104722499847412		 Val MAE Angle: 0.29949121475219725
              Training MSE Angle: 0.14882831772168478		 Val MSE Angle: 0.14279844284057616
	      Training MAE Shift: 0.041337743401527405		 Val MAE Shift: 0.041919379234313964
              Training Euclidean Shift: 0.06514786183834076	 Val Euclidean Shift: 0.06566953182220459


Epoch 21/200: Training Loss: 0.16997029383977255		 Val Loss: 0.18200389862060548
	      Training MAE Angle: 0.2965758641560872		 Val MAE Angle: 0.2968285942077637
              Training MSE Angle: 0.13781375686327615		 Val MSE Angle: 0.14116446495056154
	      Training MAE Shift: 0.04172449310620626		 Val MAE Shift: 0.04542898178100586
              Training Euclidean Shift: 0.06569942831993103	 Val Euclidean Shift: 0.07179969787597656


Epoch 22/200: Training Loss: 0.16969088713328043		 Val Loss: 0.18163032531738282
	      Training MAE Angle: 0.29373621940612793		 Val MAE Angle: 0.2976112365722656
              Training MSE Angle: 0.13688966631889343		 Val MSE Angle: 0.14433180809020996
	      Training MAE Shift: 0.04170958697795868		 Val MAE Shift: 0.044011712074279785
              Training Euclidean Shift: 0.06565813720226288	 Val Euclidean Shift: 0.0692209243774414


Epoch 23/200: Training Loss: 0.1672509709993998		 Val Loss: 0.1621808624267578
	      Training MAE Angle: 0.2874105175336202		 Val MAE Angle: 0.2729463005065918
              Training MSE Angle: 0.1341361105442047		 Val MSE Angle: 0.12088651657104492
	      Training MAE Shift: 0.04224351545174917		 Val MAE Shift: 0.046973137855529784
              Training Euclidean Shift: 0.06656825542449951	 Val Euclidean Shift: 0.07437832832336426


Epoch 24/200: Training Loss: 0.1506349245707194		 Val Loss: 0.1591944980621338
	      Training MAE Angle: 0.2732877731323242		 Val MAE Angle: 0.27992734909057615
              Training MSE Angle: 0.12202606598536174		 Val MSE Angle: 0.12543724060058595
	      Training MAE Shift: 0.039629352589448295		 Val MAE Shift: 0.04155552864074707
              Training Euclidean Shift: 0.06224754452705383	 Val Euclidean Shift: 0.06619678497314453


Epoch 25/200: Training Loss: 0.14941178758939108		 Val Loss: 0.16110584259033203
	      Training MAE Angle: 0.2727163831392924		 Val MAE Angle: 0.2852445411682129
              Training MSE Angle: 0.12152105569839478		 Val MSE Angle: 0.1296315860748291
	      Training MAE Shift: 0.039657242596149445		 Val MAE Shift: 0.03950351238250732
              Training Euclidean Shift: 0.06244382758935293	 Val Euclidean Shift: 0.06228048801422119


Epoch 26/200: Training Loss: 0.14186752835909525		 Val Loss: 0.14345648765563965
	      Training MAE Angle: 0.26404587427775067		 Val MAE Angle: 0.26100074768066406
              Training MSE Angle: 0.11496547857920329		 Val MSE Angle: 0.1116855812072754
	      Training MAE Shift: 0.03866139054298401		 Val MAE Shift: 0.04060896873474121
              Training Euclidean Shift: 0.060852756102879844	 Val Euclidean Shift: 0.06371941089630127


Epoch 27/200: Training Loss: 0.14279539386431375		 Val Loss: 0.15376575469970702
	      Training MAE Angle: 0.26481060187021893		 Val MAE Angle: 0.262693920135498
              Training MSE Angle: 0.11628566185633342		 Val MSE Angle: 0.11815869331359863
	      Training MAE Shift: 0.038440475861231484		 Val MAE Shift: 0.04378520965576172
              Training Euclidean Shift: 0.06055981914202372	 Val Euclidean Shift: 0.06928048133850098


Epoch 28/200: Training Loss: 0.13764726122220358		 Val Loss: 0.1565378475189209
	      Training MAE Angle: 0.25251124302546185		 Val MAE Angle: 0.252066593170166
              Training MSE Angle: 0.10867194334665935		 Val MSE Angle: 0.10629433631896973
	      Training MAE Shift: 0.039397132893403373		 Val MAE Shift: 0.045930643081665036
              Training Euclidean Shift: 0.062027166287104286	 Val Euclidean Shift: 0.07167113780975341


Epoch 29/200: Training Loss: 0.13894624511400858		 Val Loss: 0.13961353302001953
	      Training MAE Angle: 0.2527689536412557		 Val MAE Angle: 0.2504001808166504
              Training MSE Angle: 0.10900131861368816		 Val MSE Angle: 0.10753442764282227
	      Training MAE Shift: 0.03961362193028132		 Val MAE Shift: 0.040601954460144044
              Training Euclidean Shift: 0.06243198116620382	 Val Euclidean Shift: 0.06416192054748535


Epoch 30/200: Training Loss: 0.1396703819433848		 Val Loss: 0.13080621719360352
	      Training MAE Angle: 0.2543841004371643		 Val MAE Angle: 0.24187002182006836
              Training MSE Angle: 0.11017261942227681		 Val MSE Angle: 0.10029315948486328
	      Training MAE Shift: 0.03974879036347071		 Val MAE Shift: 0.040047593116760254
              Training Euclidean Shift: 0.06256659825642903	 Val Euclidean Shift: 0.06316609859466553


Epoch 31/200: Training Loss: 0.12585806846618652		 Val Loss: 0.13208433151245116
	      Training MAE Angle: 0.2406124472618103		 Val MAE Angle: 0.25098894119262694
              Training MSE Angle: 0.09988922874132793		 Val MSE Angle: 0.10604799270629883
	      Training MAE Shift: 0.037119701504707336		 Val MAE Shift: 0.03851132154464722
              Training Euclidean Shift: 0.058352227012316384	 Val Euclidean Shift: 0.060719842910766604


Epoch 32/200: Training Loss: 0.13004115223884583		 Val Loss: 0.1324683952331543
	      Training MAE Angle: 0.2434493899345398		 Val MAE Angle: 0.23833335876464845
              Training MSE Angle: 0.10408596197764079		 Val MSE Angle: 0.10230674743652343
	      Training MAE Shift: 0.03796138862768809		 Val MAE Shift: 0.04249481201171875
              Training Euclidean Shift: 0.05950911343097687	 Val Euclidean Shift: 0.06697938919067382


Epoch 33/200: Training Loss: 0.11768984794616699		 Val Loss: 0.1252448081970215
	      Training MAE Angle: 0.23212885856628418		 Val MAE Angle: 0.238343505859375
              Training MSE Angle: 0.09487386544545491		 Val MSE Angle: 0.09867904663085937
	      Training MAE Shift: 0.035790095726648964		 Val MAE Shift: 0.038370754718780514
              Training Euclidean Shift: 0.05620032548904419	 Val Euclidean Shift: 0.06008227825164795


Epoch 34/200: Training Loss: 0.12930192550023398		 Val Loss: 0.1235543155670166
	      Training MAE Angle: 0.23737661043802896		 Val MAE Angle: 0.2300408935546875
              Training MSE Angle: 0.09802173574765523		 Val MSE Angle: 0.09177427291870117
	      Training MAE Shift: 0.039807841181755066		 Val MAE Shift: 0.04181097507476807
              Training Euclidean Shift: 0.06275111436843872	 Val Euclidean Shift: 0.0655379343032837


Epoch 35/200: Training Loss: 0.12271960576375325		 Val Loss: 0.1137324333190918
	      Training MAE Angle: 0.2351926565170288		 Val MAE Angle: 0.22508180618286133
              Training MSE Angle: 0.09577484925587972		 Val MSE Angle: 0.08856664657592773
	      Training MAE Shift: 0.037505947053432465		 Val MAE Shift: 0.03740652322769165
              Training Euclidean Shift: 0.05891364812850952	 Val Euclidean Shift: 0.058940033912658694


Epoch 36/200: Training Loss: 0.11255234479904175		 Val Loss: 0.13420651435852052
	      Training MAE Angle: 0.21887542804082236		 Val MAE Angle: 0.23299318313598633
              Training MSE Angle: 0.08600873748461406		 Val MSE Angle: 0.09941580772399902
	      Training MAE Shift: 0.03773998220761617		 Val MAE Shift: 0.04057159423828125
              Training Euclidean Shift: 0.059171050786972046	 Val Euclidean Shift: 0.06351790428161622


Epoch 37/200: Training Loss: 0.1098040242989858		 Val Loss: 0.10245245933532715
	      Training MAE Angle: 0.21643229325612387		 Val MAE Angle: 0.20320001602172852
              Training MSE Angle: 0.08492857217788696		 Val MSE Angle: 0.0782527732849121
	      Training MAE Shift: 0.03631367782751719		 Val MAE Shift: 0.03508634567260742
              Training Euclidean Shift: 0.05700237055619558	 Val Euclidean Shift: 0.055282511711120606


Epoch 38/200: Training Loss: 0.11566060781478882		 Val Loss: 0.20827444076538085
	      Training MAE Angle: 0.21670663356781006		 Val MAE Angle: 0.27545358657836916
              Training MSE Angle: 0.08575230836868286		 Val MSE Angle: 0.12886763572692872
	      Training MAE Shift: 0.036808391412099205		 Val MAE Shift: 0.06473499298095703
              Training Euclidean Shift: 0.05798851946989695	 Val Euclidean Shift: 0.10259404182434081


Epoch 39/200: Training Loss: 0.1669604778289795		 Val Loss: 0.11965283393859863
	      Training MAE Angle: 0.2572380503018697		 Val MAE Angle: 0.22666261672973634
              Training MSE Angle: 0.11438217759132385		 Val MSE Angle: 0.08815278053283691
	      Training MAE Shift: 0.04872146745522817		 Val MAE Shift: 0.04130383014678955
              Training Euclidean Shift: 0.07665297885735829	 Val Euclidean Shift: 0.06537273406982422


Epoch 40/200: Training Loss: 0.12051052848498027		 Val Loss: 0.12942553520202638
	      Training MAE Angle: 0.2286947766939799		 Val MAE Angle: 0.22360063552856446
              Training MSE Angle: 0.09284451603889465		 Val MSE Angle: 0.092950439453125
	      Training MAE Shift: 0.038875324030717216		 Val MAE Shift: 0.042331485748291015
              Training Euclidean Shift: 0.06111798187096914	 Val Euclidean Shift: 0.06681252002716065


Epoch 41/200: Training Loss: 0.11539211869239807		 Val Loss: 0.1022414779663086
	      Training MAE Angle: 0.22102266550064087		 Val MAE Angle: 0.21049789428710938
              Training MSE Angle: 0.08842430512110393		 Val MSE Angle: 0.07740700721740723
	      Training MAE Shift: 0.038509391248226166		 Val MAE Shift: 0.03717261075973511
              Training Euclidean Shift: 0.060768658916155495	 Val Euclidean Shift: 0.058488931655883786


Epoch 42/200: Training Loss: 0.10740312933921814		 Val Loss: 0.11779667854309082
	      Training MAE Angle: 0.21312143405278525		 Val MAE Angle: 0.2211900520324707
              Training MSE Angle: 0.0829577495654424		 Val MSE Angle: 0.08652589797973632
	      Training MAE Shift: 0.03631131102641424		 Val MAE Shift: 0.0394703197479248
              Training Euclidean Shift: 0.05731249352296194	 Val Euclidean Shift: 0.06194040298461914


Epoch 43/200: Training Loss: 0.10653529564539592		 Val Loss: 0.1028176212310791
	      Training MAE Angle: 0.21434901158014932		 Val MAE Angle: 0.20261594772338867
              Training MSE Angle: 0.08338324228922527		 Val MSE Angle: 0.07804632186889648
	      Training MAE Shift: 0.03558636705080668		 Val MAE Shift: 0.036291584968566895
              Training Euclidean Shift: 0.056165208419164024	 Val Euclidean Shift: 0.05725203037261963


Epoch 44/200: Training Loss: 0.10307872295379639		 Val Loss: 0.10485427856445312
	      Training MAE Angle: 0.20920699834823608		 Val MAE Angle: 0.21626604080200196
              Training MSE Angle: 0.08135926723480225		 Val MSE Angle: 0.08363713264465332
	      Training MAE Shift: 0.034738572935263314		 Val MAE Shift: 0.03438847541809082
              Training Euclidean Shift: 0.05461176733175913	 Val Euclidean Shift: 0.05420665740966797


Epoch 45/200: Training Loss: 0.10138922929763794		 Val Loss: 0.1014635181427002
	      Training MAE Angle: 0.20473591486612955		 Val MAE Angle: 0.20756338119506837
              Training MSE Angle: 0.07651169101397197		 Val MSE Angle: 0.07858474254608154
	      Training MAE Shift: 0.03564258168141047		 Val MAE Shift: 0.03484167575836181
              Training Euclidean Shift: 0.05605709056059519	 Val Euclidean Shift: 0.05488621711730957


Epoch 46/200: Training Loss: 0.10284299651781718		 Val Loss: 0.1043161964416504
	      Training MAE Angle: 0.20826375484466553		 Val MAE Angle: 0.2117007255554199
              Training MSE Angle: 0.08054906129837036		 Val MSE Angle: 0.08287501335144043
	      Training MAE Shift: 0.03370990604162216		 Val MAE Shift: 0.0342104697227478
              Training Euclidean Shift: 0.05307584504286448	 Val Euclidean Shift: 0.05374409198760986


Epoch 47/200: Training Loss: 0.09767251213391621		 Val Loss: 0.09420910835266114
	      Training MAE Angle: 0.20351113875706991		 Val MAE Angle: 0.1953268051147461
              Training MSE Angle: 0.07735288143157959		 Val MSE Angle: 0.07053747653961182
	      Training MAE Shift: 0.03242488702138265		 Val MAE Shift: 0.036310784816741944
              Training Euclidean Shift: 0.05098066727320353	 Val Euclidean Shift: 0.0570547342300415


Epoch 48/200: Training Loss: 0.09648749232292175		 Val Loss: 0.11717196464538575
	      Training MAE Angle: 0.20200419425964355		 Val MAE Angle: 0.21004148483276366
              Training MSE Angle: 0.07645643750826518		 Val MSE Angle: 0.08410238265991211
	      Training MAE Shift: 0.03287950158119202		 Val MAE Shift: 0.03950395345687866
              Training Euclidean Shift: 0.05166813234488169	 Val Euclidean Shift: 0.06256232738494873


Epoch 49/200: Training Loss: 0.08977918823560078		 Val Loss: 0.0765241289138794
	      Training MAE Angle: 0.19523038466771445		 Val MAE Angle: 0.17699670791625977
              Training MSE Angle: 0.07098319133122762		 Val MSE Angle: 0.05902838706970215
	      Training MAE Shift: 0.03154219686985016		 Val MAE Shift: 0.030237462520599365
              Training Euclidean Shift: 0.049581751227378845	 Val Euclidean Shift: 0.04807698726654053


Epoch 50/200: Training Loss: 0.09078134099642436		 Val Loss: 0.09431257247924804
	      Training MAE Angle: 0.1982941230138143		 Val MAE Angle: 0.19642311096191406
              Training MSE Angle: 0.07497819761435191		 Val MSE Angle: 0.07386449337005616
	      Training MAE Shift: 0.029077087839444477		 Val MAE Shift: 0.03110207796096802
              Training Euclidean Shift: 0.04569771885871887	 Val Euclidean Shift: 0.04873495101928711


Epoch 51/200: Training Loss: 0.08576478560765584		 Val Loss: 0.083716459274292
	      Training MAE Angle: 0.1908151110013326		 Val MAE Angle: 0.18655160903930665
              Training MSE Angle: 0.07020879785219829		 Val MSE Angle: 0.06360349178314209
	      Training MAE Shift: 0.02866385628779729		 Val MAE Shift: 0.030288996696472167
              Training Euclidean Shift: 0.04510474701722463	 Val Euclidean Shift: 0.047937450408935545


Epoch 52/200: Training Loss: 0.08104470868905385		 Val Loss: 0.08183914184570312
	      Training MAE Angle: 0.18639320135116577		 Val MAE Angle: 0.1868402862548828
              Training MSE Angle: 0.0660012016693751		 Val MSE Angle: 0.06581681728363037
	      Training MAE Shift: 0.028417582313219707		 Val MAE Shift: 0.027855162620544435
              Training Euclidean Shift: 0.04475186765193939	 Val Euclidean Shift: 0.04388765335083008


Epoch 53/200: Training Loss: 0.08464272816975911		 Val Loss: 0.10350530624389648
	      Training MAE Angle: 0.19053266445795694		 Val MAE Angle: 0.19936063766479492
              Training MSE Angle: 0.07036179304122925		 Val MSE Angle: 0.08042546272277833
	      Training MAE Shift: 0.02739443878332774		 Val MAE Shift: 0.032229053974151614
              Training Euclidean Shift: 0.043128798405329384	 Val Euclidean Shift: 0.05053943157196045


Epoch 54/200: Training Loss: 0.08072242637475331		 Val Loss: 0.0730437421798706
	      Training MAE Angle: 0.18641128142674765		 Val MAE Angle: 0.17421733856201171
              Training MSE Angle: 0.06629317005475362		 Val MSE Angle: 0.05800607681274414
	      Training MAE Shift: 0.027600439886252087		 Val MAE Shift: 0.028418078422546386
              Training Euclidean Shift: 0.04343913495540619	 Val Euclidean Shift: 0.04470929145812988


Epoch 55/200: Training Loss: 0.08146265645821889		 Val Loss: 0.07649035930633545
	      Training MAE Angle: 0.1867825984954834		 Val MAE Angle: 0.1835029411315918
              Training MSE Angle: 0.06592164933681488		 Val MSE Angle: 0.06287193298339844
	      Training MAE Shift: 0.0281851664185524		 Val MAE Shift: 0.027045979499816894
              Training Euclidean Shift: 0.04438952604929606	 Val Euclidean Shift: 0.042486348152160645


Epoch 56/200: Training Loss: 0.08319837848345439		 Val Loss: 0.09391687393188476
	      Training MAE Angle: 0.18812519311904907		 Val MAE Angle: 0.1963825035095215
              Training MSE Angle: 0.06805791954199474		 Val MSE Angle: 0.07655468463897705
	      Training MAE Shift: 0.02837074299653371		 Val MAE Shift: 0.029058744907379152
              Training Euclidean Shift: 0.044630239407221474	 Val Euclidean Shift: 0.04569631099700928


Epoch 57/200: Training Loss: 0.08272076149781545		 Val Loss: 0.08200957298278809
	      Training MAE Angle: 0.18658401568730673		 Val MAE Angle: 0.1856207275390625
              Training MSE Angle: 0.06699264546235402		 Val MSE Angle: 0.06537800788879394
	      Training MAE Shift: 0.027497559785842896		 Val MAE Shift: 0.0274493145942688
              Training Euclidean Shift: 0.04332588613033295	 Val Euclidean Shift: 0.04327669620513916


Epoch 58/200: Training Loss: 0.07753642896811168		 Val Loss: 0.07561574935913086
	      Training MAE Angle: 0.17868689695994058		 Val MAE Angle: 0.17563804626464843
              Training MSE Angle: 0.06264176468054454		 Val MSE Angle: 0.059589657783508304
	      Training MAE Shift: 0.027808445195357006		 Val MAE Shift: 0.02849684953689575
              Training Euclidean Shift: 0.04372712473074595	 Val Euclidean Shift: 0.04460740089416504


Epoch 59/200: Training Loss: 0.08096385498841603		 Val Loss: 0.07767287731170654
	      Training MAE Angle: 0.18559757868448892		 Val MAE Angle: 0.17615266799926757
              Training MSE Angle: 0.0667817493279775		 Val MSE Angle: 0.058571147918701175
	      Training MAE Shift: 0.027449289957682293		 Val MAE Shift: 0.03022267818450928
              Training Euclidean Shift: 0.04308046897252401	 Val Euclidean Shift: 0.04787553787231445


Epoch 60/200: Training Loss: 0.07522366940975189		 Val Loss: 0.07881569385528564
	      Training MAE Angle: 0.1782964070638021		 Val MAE Angle: 0.17255414962768556
              Training MSE Angle: 0.06159574290116628		 Val MSE Angle: 0.06209649562835693
	      Training MAE Shift: 0.02678074687719345		 Val MAE Shift: 0.02621246337890625
              Training Euclidean Shift: 0.04205175240834554	 Val Euclidean Shift: 0.04145813465118408


Epoch 61/200: Training Loss: 0.0756812294324239		 Val Loss: 0.07747347831726074
	      Training MAE Angle: 0.17938854297002158		 Val MAE Angle: 0.17612436294555664
              Training MSE Angle: 0.0619665135939916		 Val MSE Angle: 0.06296885013580322
	      Training MAE Shift: 0.026026283701260883		 Val MAE Shift: 0.027172648906707765
              Training Euclidean Shift: 0.04080136865377426	 Val Euclidean Shift: 0.04295356273651123


Epoch 62/200: Training Loss: 0.08265380064646403		 Val Loss: 0.09381497383117676
	      Training MAE Angle: 0.18411630392074585		 Val MAE Angle: 0.1775563621520996
              Training MSE Angle: 0.06730495393276215		 Val MSE Angle: 0.06059787750244141
	      Training MAE Shift: 0.027647944788138073		 Val MAE Shift: 0.043736629486083985
              Training Euclidean Shift: 0.043443371852238975	 Val Euclidean Shift: 0.06816980361938477


Epoch 63/200: Training Loss: 0.08742240071296692		 Val Loss: 0.08551257133483886
	      Training MAE Angle: 0.18620953957239786		 Val MAE Angle: 0.19076021194458007
              Training MSE Angle: 0.066627303759257		 Val MSE Angle: 0.06921891212463378
	      Training MAE Shift: 0.031607747077941895		 Val MAE Shift: 0.029394118785858153
              Training Euclidean Shift: 0.0495889683564504	 Val Euclidean Shift: 0.046143083572387694


Epoch 64/200: Training Loss: 0.0744789292414983		 Val Loss: 0.07828002452850341
	      Training MAE Angle: 0.17574085791905722		 Val MAE Angle: 0.17352392196655272
              Training MSE Angle: 0.06080820163091024		 Val MSE Angle: 0.058405885696411135
	      Training MAE Shift: 0.02626737703879674		 Val MAE Shift: 0.029755313396453858
              Training Euclidean Shift: 0.041347953180472054	 Val Euclidean Shift: 0.047254209518432615


Epoch 65/200: Training Loss: 0.07697053253650665		 Val Loss: 0.07059371948242188
	      Training MAE Angle: 0.17937028408050537		 Val MAE Angle: 0.1681403923034668
              Training MSE Angle: 0.0624567319949468		 Val MSE Angle: 0.05645889282226563
	      Training MAE Shift: 0.02702594796816508		 Val MAE Shift: 0.0278732967376709
              Training Euclidean Shift: 0.042538935939470925	 Val Euclidean Shift: 0.04407339096069336


Epoch 66/200: Training Loss: 0.08149499197800954		 Val Loss: 0.08304636001586914
	      Training MAE Angle: 0.1791196862856547		 Val MAE Angle: 0.18032989501953126
              Training MSE Angle: 0.0632994423309962		 Val MSE Angle: 0.0651780128479004
	      Training MAE Shift: 0.029500725368658703		 Val MAE Shift: 0.03146287679672241
              Training Euclidean Shift: 0.046452720959981285	 Val Euclidean Shift: 0.04963823318481445


Epoch 67/200: Training Loss: 0.07393127183119456		 Val Loss: 0.06496017456054687
	      Training MAE Angle: 0.17398285865783691		 Val MAE Angle: 0.16085174560546875
              Training MSE Angle: 0.05987426141897837		 Val MSE Angle: 0.05235871315002441
	      Training MAE Shift: 0.027101099491119385		 Val MAE Shift: 0.025006439685821533
              Training Euclidean Shift: 0.042660728096961975	 Val Euclidean Shift: 0.03944990873336792


Epoch 68/200: Training Loss: 0.07309412956237793		 Val Loss: 0.0698044729232788
	      Training MAE Angle: 0.17300005753835043		 Val MAE Angle: 0.17242538452148437
              Training MSE Angle: 0.059436301390329994		 Val MSE Angle: 0.05597127437591553
	      Training MAE Shift: 0.02607475717862447		 Val MAE Shift: 0.026038916110992433
              Training Euclidean Shift: 0.04087435950835546	 Val Euclidean Shift: 0.04080789566040039


Epoch 69/200: Training Loss: 0.07338928679625194		 Val Loss: 0.07668763637542725
	      Training MAE Angle: 0.17396360635757446		 Val MAE Angle: 0.17842399597167968
              Training MSE Angle: 0.06016272803147634		 Val MSE Angle: 0.06217211723327637
	      Training MAE Shift: 0.02579460044701894		 Val MAE Shift: 0.02594916582107544
              Training Euclidean Shift: 0.04060003161430359	 Val Euclidean Shift: 0.041157798767089845


Epoch 70/200: Training Loss: 0.06778855125109355		 Val Loss: 0.07871548652648926
	      Training MAE Angle: 0.16730213165283203		 Val MAE Angle: 0.17285989761352538
              Training MSE Angle: 0.05630635221799215		 Val MSE Angle: 0.06315027236938477
	      Training MAE Shift: 0.024630047380924225		 Val MAE Shift: 0.026459147930145265
              Training Euclidean Shift: 0.038698166608810425	 Val Euclidean Shift: 0.04177999496459961


Epoch 71/200: Training Loss: 0.0699903666973114		 Val Loss: 0.0748469066619873
	      Training MAE Angle: 0.17157500982284546		 Val MAE Angle: 0.1700910758972168
              Training MSE Angle: 0.05800421039263407		 Val MSE Angle: 0.059796624183654785
	      Training MAE Shift: 0.024859453241030376		 Val MAE Shift: 0.02811563968658447
              Training Euclidean Shift: 0.0391113335887591	 Val Euclidean Shift: 0.04408278942108154


Epoch 72/200: Training Loss: 0.06704631447792053		 Val Loss: 0.0563841438293457
	      Training MAE Angle: 0.1665239135424296		 Val MAE Angle: 0.1519011116027832
              Training MSE Angle: 0.05569976568222046		 Val MSE Angle: 0.04435837745666504
	      Training MAE Shift: 0.02412176877260208		 Val MAE Shift: 0.0240549898147583
              Training Euclidean Shift: 0.03792158762613932	 Val Euclidean Shift: 0.03791929960250855


Epoch 73/200: Training Loss: 0.06713645656903584		 Val Loss: 0.06441709518432617
	      Training MAE Angle: 0.16750242312749228		 Val MAE Angle: 0.16201045989990234
              Training MSE Angle: 0.05569818119208018		 Val MSE Angle: 0.04989611148834228
	      Training MAE Shift: 0.02442612002293269		 Val MAE Shift: 0.02611748456954956
              Training Euclidean Shift: 0.03837865094343821	 Val Euclidean Shift: 0.041270689964294435


Epoch 74/200: Training Loss: 0.06700264414151509		 Val Loss: 0.07306977748870849
	      Training MAE Angle: 0.16445969541867575		 Val MAE Angle: 0.16899309158325196
              Training MSE Angle: 0.05525151391824087		 Val MSE Angle: 0.058596105575561525
	      Training MAE Shift: 0.024543680250644684		 Val MAE Shift: 0.025571603775024414
              Training Euclidean Shift: 0.03860460966825485	 Val Euclidean Shift: 0.04019664764404297


Epoch 75/200: Training Loss: 0.06780578196048737		 Val Loss: 0.0766458511352539
	      Training MAE Angle: 0.16743538777033487		 Val MAE Angle: 0.1727449607849121
              Training MSE Angle: 0.05587967733542124		 Val MSE Angle: 0.059957051277160646
	      Training MAE Shift: 0.02465696632862091		 Val MAE Shift: 0.02880131244659424
              Training Euclidean Shift: 0.038763321936130524	 Val Euclidean Shift: 0.044994473457336426


Epoch 76/200: Training Loss: 0.08765418330828349		 Val Loss: 0.0823367691040039
	      Training MAE Angle: 0.18367467323939005		 Val MAE Angle: 0.1792893600463867
              Training MSE Angle: 0.06726543605327606		 Val MSE Angle: 0.061295661926269535
	      Training MAE Shift: 0.03048405299584071		 Val MAE Shift: 0.031587471961975096
              Training Euclidean Shift: 0.0479928453763326	 Val Euclidean Shift: 0.04954631805419922


Epoch 77/200: Training Loss: 0.0702253133058548		 Val Loss: 0.07859084129333496
	      Training MAE Angle: 0.16607972979545593		 Val MAE Angle: 0.17450725555419921
              Training MSE Angle: 0.05437221129735311		 Val MSE Angle: 0.0625177001953125
	      Training MAE Shift: 0.027641008297602337		 Val MAE Shift: 0.028877134323120116
              Training Euclidean Shift: 0.04340629776318868	 Val Euclidean Shift: 0.04539739608764649


Epoch 78/200: Training Loss: 0.06859453519185384		 Val Loss: 0.07648889541625976
	      Training MAE Angle: 0.1658418575922648		 Val MAE Angle: 0.17768447875976562
              Training MSE Angle: 0.055999586979548134		 Val MSE Angle: 0.06304677486419678
	      Training MAE Shift: 0.025400549173355103		 Val MAE Shift: 0.02478963851928711
              Training Euclidean Shift: 0.039902374148368835	 Val Euclidean Shift: 0.03893950223922729


Epoch 79/200: Training Loss: 0.06713433563709259		 Val Loss: 0.07138525009155273
	      Training MAE Angle: 0.1659337878227234		 Val MAE Angle: 0.16738225936889647
              Training MSE Angle: 0.05554334819316864		 Val MSE Angle: 0.05849288940429687
	      Training MAE Shift: 0.024576827883720398		 Val MAE Shift: 0.025336744785308837
              Training Euclidean Shift: 0.038624691466490425	 Val Euclidean Shift: 0.0399539303779602


Epoch 80/200: Training Loss: 0.06625376641750336		 Val Loss: 0.06206385612487793
	      Training MAE Angle: 0.16316894690195718		 Val MAE Angle: 0.1588476276397705
              Training MSE Angle: 0.05400928854942322		 Val MSE Angle: 0.04938036918640137
	      Training MAE Shift: 0.024832315742969513		 Val MAE Shift: 0.026157660484313963
              Training Euclidean Shift: 0.0390298863252004	 Val Euclidean Shift: 0.041007766723632814


Epoch 81/200: Training Loss: 0.06628236671288808		 Val Loss: 0.07926888465881347
	      Training MAE Angle: 0.16274979710578918		 Val MAE Angle: 0.17861337661743165
              Training MSE Angle: 0.05345205465952555		 Val MSE Angle: 0.062036352157592775
	      Training MAE Shift: 0.02489149570465088		 Val MAE Shift: 0.030473151206970216
              Training Euclidean Shift: 0.039229209224383034	 Val Euclidean Shift: 0.048053865432739255


Epoch 82/200: Training Loss: 0.07118893166383107		 Val Loss: 0.05964115619659424
	      Training MAE Angle: 0.16237319509188333		 Val MAE Angle: 0.14563746452331544
              Training MSE Angle: 0.05253774424393972		 Val MSE Angle: 0.04476527214050293
	      Training MAE Shift: 0.029421237607796986		 Val MAE Shift: 0.02678729295730591
              Training Euclidean Shift: 0.04627642035484314	 Val Euclidean Shift: 0.04257478237152099


Epoch 83/200: Training Loss: 0.06392563382784526		 Val Loss: 0.07142229080200195
	      Training MAE Angle: 0.1607177952925364		 Val MAE Angle: 0.16963823318481444
              Training MSE Angle: 0.051841934521993004		 Val MSE Angle: 0.05795915126800537
	      Training MAE Shift: 0.024640825887521107		 Val MAE Shift: 0.026734888553619385
              Training Euclidean Shift: 0.0387651671965917	 Val Euclidean Shift: 0.04198920726776123


Epoch 84/200: Training Loss: 0.06696288287639618		 Val Loss: 0.0645365571975708
	      Training MAE Angle: 0.16333808501561484		 Val MAE Angle: 0.15746709823608399
              Training MSE Angle: 0.05418598651885986		 Val MSE Angle: 0.052070326805114746
	      Training MAE Shift: 0.025175352891286213		 Val MAE Shift: 0.02323023319244385
              Training Euclidean Shift: 0.039647042751312256	 Val Euclidean Shift: 0.03717510461807251


Epoch 85/200: Training Loss: 0.06135240197181702		 Val Loss: 0.0611914587020874
	      Training MAE Angle: 0.15827039877573648		 Val MAE Angle: 0.1544129180908203
              Training MSE Angle: 0.05068697532018026		 Val MSE Angle: 0.04874180793762207
	      Training MAE Shift: 0.0234102929631869		 Val MAE Shift: 0.02516493320465088
              Training Euclidean Shift: 0.03677032391230265	 Val Euclidean Shift: 0.03966603040695191


Epoch 86/200: Training Loss: 0.06004937986532847		 Val Loss: 0.07144456386566161
	      Training MAE Angle: 0.15679543217023215		 Val MAE Angle: 0.15480430603027343
              Training MSE Angle: 0.049921080470085144		 Val MSE Angle: 0.05397331714630127
	      Training MAE Shift: 0.02298318346341451		 Val MAE Shift: 0.024457685947418213
              Training Euclidean Shift: 0.036046805481115975	 Val Euclidean Shift: 0.038191423416137696


Epoch 87/200: Training Loss: 0.06293521821498871		 Val Loss: 0.06707375049591065
	      Training MAE Angle: 0.15835719307263693		 Val MAE Angle: 0.15702709197998047
              Training MSE Angle: 0.05199341972668966		 Val MSE Angle: 0.052534384727478026
	      Training MAE Shift: 0.02341608206431071		 Val MAE Shift: 0.025501325130462646
              Training Euclidean Shift: 0.03685183823108673	 Val Euclidean Shift: 0.04017581939697266


Epoch 88/200: Training Loss: 0.061417063077290855		 Val Loss: 0.06921709537506103
	      Training MAE Angle: 0.15749898552894592		 Val MAE Angle: 0.16034326553344727
              Training MSE Angle: 0.049902414282162987		 Val MSE Angle: 0.058678908348083494
	      Training MAE Shift: 0.023775440951188404		 Val MAE Shift: 0.022855584621429444
              Training Euclidean Shift: 0.03731286029020945	 Val Euclidean Shift: 0.035957870483398435


Epoch 89/200: Training Loss: 0.06448855996131897		 Val Loss: 0.05737335205078125
	      Training MAE Angle: 0.15941143035888672		 Val MAE Angle: 0.14995559692382812
              Training MSE Angle: 0.05171064039071401		 Val MSE Angle: 0.04645084857940674
	      Training MAE Shift: 0.024973362684249878		 Val MAE Shift: 0.02271603584289551
              Training Euclidean Shift: 0.03930500646432241	 Val Euclidean Shift: 0.0356061863899231


Epoch 90/200: Training Loss: 0.058205217123031616		 Val Loss: 0.05946264266967773
	      Training MAE Angle: 0.1532023549079895		 Val MAE Angle: 0.14764026641845704
              Training MSE Angle: 0.04798285663127899		 Val MSE Angle: 0.04590324401855469
	      Training MAE Shift: 0.022921447952588398		 Val MAE Shift: 0.02653721809387207
              Training Euclidean Shift: 0.035970414678255715	 Val Euclidean Shift: 0.04177141666412353


Epoch 91/200: Training Loss: 0.05955244104067484		 Val Loss: 0.05861670970916748
	      Training MAE Angle: 0.15494969487190247		 Val MAE Angle: 0.15392066955566405
              Training MSE Angle: 0.048914000391960144		 Val MSE Angle: 0.047322959899902345
	      Training MAE Shift: 0.02329416076342265		 Val MAE Shift: 0.024130005836486817
              Training Euclidean Shift: 0.03658932199080785	 Val Euclidean Shift: 0.03784158706665039


Epoch 92/200: Training Loss: 0.05741004149119059		 Val Loss: 0.05935579776763916
	      Training MAE Angle: 0.1545527974764506		 Val MAE Angle: 0.15239979743957519
              Training MSE Angle: 0.04857509831587473		 Val MSE Angle: 0.048150010108947754
	      Training MAE Shift: 0.021177001297473907		 Val MAE Shift: 0.023872959613800048
              Training Euclidean Shift: 0.03331896166006724	 Val Euclidean Shift: 0.03757407903671264


Epoch 93/200: Training Loss: 0.05629798273245493		 Val Loss: 0.058084325790405275
	      Training MAE Angle: 0.1506852706273397		 Val MAE Angle: 0.15081655502319335
              Training MSE Angle: 0.046337783336639404		 Val MSE Angle: 0.04713258743286133
	      Training MAE Shift: 0.02229565630356471		 Val MAE Shift: 0.02343996524810791
              Training Euclidean Shift: 0.03501351674397787	 Val Euclidean Shift: 0.036849920749664304


Epoch 94/200: Training Loss: 0.05828894178072611		 Val Loss: 0.07121155738830566
	      Training MAE Angle: 0.15160385767618814		 Val MAE Angle: 0.16234495162963866
              Training MSE Angle: 0.04764243463675181		 Val MSE Angle: 0.059495253562927244
	      Training MAE Shift: 0.022914807001749676		 Val MAE Shift: 0.024176208972930907
              Training Euclidean Shift: 0.03597360849380493	 Val Euclidean Shift: 0.03801934480667114


Epoch 95/200: Training Loss: 0.05453695853551229		 Val Loss: 0.05430520534515381
	      Training MAE Angle: 0.14822863539059958		 Val MAE Angle: 0.13698467254638672
              Training MSE Angle: 0.044924343625704445		 Val MSE Angle: 0.041996092796325685
	      Training MAE Shift: 0.022143393754959106		 Val MAE Shift: 0.023803577423095704
              Training Euclidean Shift: 0.034786760807037354	 Val Euclidean Shift: 0.03781007528305054


Epoch 96/200: Training Loss: 0.0587954173485438		 Val Loss: 0.05515359878540039
	      Training MAE Angle: 0.15265818436940512		 Val MAE Angle: 0.14388626098632812
              Training MSE Angle: 0.04864754776159922		 Val MSE Angle: 0.04307335376739502
	      Training MAE Shift: 0.022442365686098736		 Val MAE Shift: 0.02316854476928711
              Training Euclidean Shift: 0.03532544275124868	 Val Euclidean Shift: 0.036592457294464115


Epoch 97/200: Training Loss: 0.05756885310014089		 Val Loss: 0.06408233165740967
	      Training MAE Angle: 0.15016943216323853		 Val MAE Angle: 0.15737223625183105
              Training MSE Angle: 0.04642872512340546		 Val MSE Angle: 0.055219388008117674
	      Training MAE Shift: 0.02339160939057668		 Val MAE Shift: 0.02101222276687622
              Training Euclidean Shift: 0.03676580637693405	 Val Euclidean Shift: 0.0331200647354126


Epoch 98/200: Training Loss: 0.05371550222237905		 Val Loss: 0.07607991218566895
	      Training MAE Angle: 0.14567736784617105		 Val MAE Angle: 0.16551197052001954
              Training MSE Angle: 0.0448358952999115		 Val MSE Angle: 0.05905888080596924
	      Training MAE Shift: 0.0213670680920283		 Val MAE Shift: 0.029463121891021727
              Training Euclidean Shift: 0.03352490564187368	 Val Euclidean Shift: 0.046522665023803714


Epoch 99/200: Training Loss: 0.05573301017284393		 Val Loss: 0.0528651762008667
	      Training MAE Angle: 0.14770609140396118		 Val MAE Angle: 0.14377781867980957
              Training MSE Angle: 0.04625274737675985		 Val MSE Angle: 0.043581886291503905
	      Training MAE Shift: 0.021961160004138947		 Val MAE Shift: 0.021949567794799806
              Training Euclidean Shift: 0.03445160388946533	 Val Euclidean Shift: 0.034368739128112794


Epoch 100/200: Training Loss: 0.056776841481526695		 Val Loss: 0.05405860900878906
	      Training MAE Angle: 0.14763962229092917		 Val MAE Angle: 0.14421470642089843
              Training MSE Angle: 0.046115756034851074		 Val MSE Angle: 0.04430440902709961
	      Training MAE Shift: 0.022529150048891704		 Val MAE Shift: 0.021764507293701173
              Training Euclidean Shift: 0.03541381657123566	 Val Euclidean Shift: 0.03430293083190918


Epoch 101/200: Training Loss: 0.05250178277492523		 Val Loss: 0.05342384815216064
	      Training MAE Angle: 0.14380506674448648		 Val MAE Angle: 0.14635234832763672
              Training MSE Angle: 0.04314740002155304		 Val MSE Angle: 0.04263784885406494
	      Training MAE Shift: 0.021573851505915325		 Val MAE Shift: 0.02278165102005005
              Training Euclidean Shift: 0.03385427345832189	 Val Euclidean Shift: 0.03570688247680664


Epoch 102/200: Training Loss: 0.09984665115674336		 Val Loss: 0.0871045970916748
	      Training MAE Angle: 0.16399099429448447		 Val MAE Angle: 0.17469194412231445
              Training MSE Angle: 0.0573833684126536		 Val MSE Angle: 0.054617080688476566
	      Training MAE Shift: 0.03390969087680181		 Val MAE Shift: 0.042420458793640134
              Training Euclidean Shift: 0.05341623226801554	 Val Euclidean Shift: 0.0664274787902832


Epoch 103/200: Training Loss: 0.07216115295886993		 Val Loss: 0.07204201698303223
	      Training MAE Angle: 0.16614622871081033		 Val MAE Angle: 0.16458669662475586
              Training MSE Angle: 0.05562523504098257		 Val MSE Angle: 0.05671356678009033
	      Training MAE Shift: 0.02924719701210658		 Val MAE Shift: 0.028027095794677735
              Training Euclidean Shift: 0.04598976671695709	 Val Euclidean Shift: 0.04415702342987061


Epoch 104/200: Training Loss: 0.05575299263000488		 Val Loss: 0.06284488677978516
	      Training MAE Angle: 0.14751538634300232		 Val MAE Angle: 0.1497553253173828
              Training MSE Angle: 0.04475185771783193		 Val MSE Angle: 0.05054732322692871
	      Training MAE Shift: 0.02341090391079585		 Val MAE Shift: 0.024906251430511474
              Training Euclidean Shift: 0.03687449296315511	 Val Euclidean Shift: 0.039391810894012454


Epoch 105/200: Training Loss: 0.05869606137275696		 Val Loss: 0.05312769412994385
	      Training MAE Angle: 0.1484194795290629		 Val MAE Angle: 0.14200971603393556
              Training MSE Angle: 0.04570730527242025		 Val MSE Angle: 0.041305861473083495
	      Training MAE Shift: 0.024781979620456696		 Val MAE Shift: 0.02397081136703491
              Training Euclidean Shift: 0.038825079798698425	 Val Euclidean Shift: 0.03749834299087525


Epoch 106/200: Training Loss: 0.06769011914730072		 Val Loss: 0.081547212600708
	      Training MAE Angle: 0.15697835882504782		 Val MAE Angle: 0.18145727157592773
              Training MSE Angle: 0.050936718781789146		 Val MSE Angle: 0.06119120121002197
	      Training MAE Shift: 0.026385632654031117		 Val MAE Shift: 0.032644054889678954
              Training Euclidean Shift: 0.04144321382045746	 Val Euclidean Shift: 0.051407690048217776


Epoch 107/200: Training Loss: 0.06308996677398682		 Val Loss: 0.05721010208129883
	      Training MAE Angle: 0.15522866447766623		 Val MAE Angle: 0.14927999496459962
              Training MSE Angle: 0.04963670174280802		 Val MSE Angle: 0.04618762969970703
	      Training MAE Shift: 0.026205832759539287		 Val MAE Shift: 0.02463972806930542
              Training Euclidean Shift: 0.04123137891292572	 Val Euclidean Shift: 0.03883180141448975


Epoch 108/200: Training Loss: 0.059416125218073525		 Val Loss: 0.055452699661254885
	      Training MAE Angle: 0.15205765763918558		 Val MAE Angle: 0.1473049068450928
              Training MSE Angle: 0.04788496593634287		 Val MSE Angle: 0.04280400276184082
	      Training MAE Shift: 0.02420830726623535		 Val MAE Shift: 0.023657681941986083
              Training Euclidean Shift: 0.03807114561398824	 Val Euclidean Shift: 0.037564144134521485


Epoch 109/200: Training Loss: 0.05607305467128754		 Val Loss: 0.05846813201904297
	      Training MAE Angle: 0.14758125940958658		 Val MAE Angle: 0.15221205711364746
              Training MSE Angle: 0.04585537314414978		 Val MSE Angle: 0.04801864147186279
	      Training MAE Shift: 0.022793916364510853		 Val MAE Shift: 0.022868027687072755
              Training Euclidean Shift: 0.035937768717606865	 Val Euclidean Shift: 0.03614707469940186


Epoch 110/200: Training Loss: 0.054488872488339744		 Val Loss: 0.05003536701202393
	      Training MAE Angle: 0.14542368054389954		 Val MAE Angle: 0.13489365577697754
              Training MSE Angle: 0.04365137219429016		 Val MSE Angle: 0.03759148120880127
	      Training MAE Shift: 0.023290276527404785		 Val MAE Shift: 0.023697361946105958
              Training Euclidean Shift: 0.03662508726119995	 Val Euclidean Shift: 0.03693825244903565


Epoch 111/200: Training Loss: 0.05466259022553762		 Val Loss: 0.052714366912841794
	      Training MAE Angle: 0.1425097088019053		 Val MAE Angle: 0.14210928916931154
              Training MSE Angle: 0.04259409507115682		 Val MSE Angle: 0.04077577590942383
	      Training MAE Shift: 0.023330201705296833		 Val MAE Shift: 0.023117213249206542
              Training Euclidean Shift: 0.03681312998135885	 Val Euclidean Shift: 0.036111793518066405


Epoch 112/200: Training Loss: 0.05375691751639048		 Val Loss: 0.05862462043762207
	      Training MAE Angle: 0.1452499727408091		 Val MAE Angle: 0.14547795295715332
              Training MSE Angle: 0.04423584540685018		 Val MSE Angle: 0.048191471099853514
	      Training MAE Shift: 0.021660861869653065		 Val MAE Shift: 0.021449263095855712
              Training Euclidean Shift: 0.03414738674958547	 Val Euclidean Shift: 0.033760621547698974


Epoch 113/200: Training Loss: 0.05297286808490753		 Val Loss: 0.04878972053527832
	      Training MAE Angle: 0.14420764644940695		 Val MAE Angle: 0.13988835334777833
              Training MSE Angle: 0.04419503609339396		 Val MSE Angle: 0.03975317716598511
	      Training MAE Shift: 0.02122454096873601		 Val MAE Shift: 0.02129728317260742
              Training Euclidean Shift: 0.03335766245921453	 Val Euclidean Shift: 0.033675708770751954


Epoch 114/200: Training Loss: 0.05121423304080963		 Val Loss: 0.04425350666046143
	      Training MAE Angle: 0.14099860191345215		 Val MAE Angle: 0.1339879512786865
              Training MSE Angle: 0.042193462451299034		 Val MSE Angle: 0.03673637866973877
	      Training MAE Shift: 0.02092296878496806		 Val MAE Shift: 0.019720643758773804
              Training Euclidean Shift: 0.03290289888779322	 Val Euclidean Shift: 0.03109587907791138


Epoch 115/200: Training Loss: 0.05171200136343638		 Val Loss: 0.05675503730773926
	      Training MAE Angle: 0.1428397794564565		 Val MAE Angle: 0.1458703327178955
              Training MSE Angle: 0.04338439802328745		 Val MSE Angle: 0.04563660144805908
	      Training MAE Shift: 0.020935900509357452		 Val MAE Shift: 0.02351898193359375
              Training Euclidean Shift: 0.03291171292463938	 Val Euclidean Shift: 0.03680188655853271


Epoch 116/200: Training Loss: 0.052019163966178894		 Val Loss: 0.0525991678237915
	      Training MAE Angle: 0.14202390114466348		 Val MAE Angle: 0.13800820350646972
              Training MSE Angle: 0.04180818796157837		 Val MSE Angle: 0.04410503387451172
	      Training MAE Shift: 0.02177316943804423		 Val MAE Shift: 0.020520501136779785
              Training Euclidean Shift: 0.034285192688306175	 Val Euclidean Shift: 0.032475461959838865


Epoch 117/200: Training Loss: 0.05398404598236084		 Val Loss: 0.055005154609680175
	      Training MAE Angle: 0.14467394351959229		 Val MAE Angle: 0.1385055160522461
              Training MSE Angle: 0.04549850026766459		 Val MSE Angle: 0.042481727600097656
	      Training MAE Shift: 0.020892781515916187		 Val MAE Shift: 0.022681703567504884
              Training Euclidean Shift: 0.032870193322499595	 Val Euclidean Shift: 0.03548573255538941


Epoch 118/200: Training Loss: 0.052178919315338135		 Val Loss: 0.0449634838104248
	      Training MAE Angle: 0.14171494046847025		 Val MAE Angle: 0.12555665969848634
              Training MSE Angle: 0.043020794788996376		 Val MSE Angle: 0.03519909143447876
	      Training MAE Shift: 0.021297020216782887		 Val MAE Shift: 0.021384303569793702
              Training Euclidean Shift: 0.03350509703159332	 Val Euclidean Shift: 0.033886458873748776


Epoch 119/200: Training Loss: 0.0500719944636027		 Val Loss: 0.0478389310836792
	      Training MAE Angle: 0.14056280255317688		 Val MAE Angle: 0.13492921829223634
              Training MSE Angle: 0.04173314571380615		 Val MSE Angle: 0.037958507537841794
	      Training MAE Shift: 0.020400325457255047		 Val MAE Shift: 0.020998201370239257
              Training Euclidean Shift: 0.032011717557907104	 Val Euclidean Shift: 0.03305981397628784


Epoch 120/200: Training Loss: 0.04757715264956156		 Val Loss: 0.0552442741394043
	      Training MAE Angle: 0.13676636417706808		 Val MAE Angle: 0.14204107284545897
              Training MSE Angle: 0.04008319973945618		 Val MSE Angle: 0.044045610427856444
	      Training MAE Shift: 0.019943879296382267		 Val MAE Shift: 0.021642253398895264
              Training Euclidean Shift: 0.03132698188225428	 Val Euclidean Shift: 0.034017910957336424


Epoch 121/200: Training Loss: 0.04706856111685435		 Val Loss: 0.04878161430358887
	      Training MAE Angle: 0.13489964604377747		 Val MAE Angle: 0.13444634437561034
              Training MSE Angle: 0.038667102654774986		 Val MSE Angle: 0.04002769947052002
	      Training MAE Shift: 0.02050669863820076		 Val MAE Shift: 0.02081385612487793
              Training Euclidean Shift: 0.032261001567045845	 Val Euclidean Shift: 0.03279600858688354


Epoch 122/200: Training Loss: 0.047079299887021385		 Val Loss: 0.04233643054962158
	      Training MAE Angle: 0.13635573784510294		 Val MAE Angle: 0.12797420501708984
              Training MSE Angle: 0.03868956367174784		 Val MSE Angle: 0.03227725267410278
	      Training MAE Shift: 0.020738395551840465		 Val MAE Shift: 0.022121288776397706
              Training Euclidean Shift: 0.03257342676321665	 Val Euclidean Shift: 0.034724187850952146


Epoch 123/200: Training Loss: 0.050119722882906594		 Val Loss: 0.042774629592895505
	      Training MAE Angle: 0.14210009574890137		 Val MAE Angle: 0.12304895401000976
              Training MSE Angle: 0.042153572042783104		 Val MSE Angle: 0.03156578779220581
	      Training MAE Shift: 0.020110584795475006		 Val MAE Shift: 0.022172582149505616
              Training Euclidean Shift: 0.031644634902477264	 Val Euclidean Shift: 0.035336201190948484


Epoch 124/200: Training Loss: 0.04909810423851013		 Val Loss: 0.04948932647705078
	      Training MAE Angle: 0.1373191773891449		 Val MAE Angle: 0.13978164672851562
              Training MSE Angle: 0.04035944491624832		 Val MSE Angle: 0.040802745819091796
	      Training MAE Shift: 0.02093259741862615		 Val MAE Shift: 0.0210608172416687
              Training Euclidean Shift: 0.032936510940392814	 Val Euclidean Shift: 0.033231971263885496


Epoch 125/200: Training Loss: 0.04847811162471771		 Val Loss: 0.061619048118591306
	      Training MAE Angle: 0.1371264855066935		 Val MAE Angle: 0.1477408504486084
              Training MSE Angle: 0.039993820091088615		 Val MSE Angle: 0.047807750701904295
	      Training MAE Shift: 0.021166307230790455		 Val MAE Shift: 0.02340522050857544
              Training Euclidean Shift: 0.033285342156887054	 Val Euclidean Shift: 0.03673150300979614


Epoch 126/200: Training Loss: 0.045934632420539856		 Val Loss: 0.05009012699127197
	      Training MAE Angle: 0.13191221157709757		 Val MAE Angle: 0.14193880081176757
              Training MSE Angle: 0.03680420915285746		 Val MSE Angle: 0.039894073009490966
	      Training MAE Shift: 0.021111612518628437		 Val MAE Shift: 0.020938758850097657
              Training Euclidean Shift: 0.03320458779732386	 Val Euclidean Shift: 0.03265615940093994


Epoch 127/200: Training Loss: 0.04989878833293915		 Val Loss: 0.05386322498321533
	      Training MAE Angle: 0.1374585231145223		 Val MAE Angle: 0.1416000270843506
              Training MSE Angle: 0.04049810270468394		 Val MSE Angle: 0.04368439197540283
	      Training MAE Shift: 0.020805880427360535		 Val MAE Shift: 0.020903832912445068
              Training Euclidean Shift: 0.032605153818925224	 Val Euclidean Shift: 0.032655653953552244


Epoch 128/200: Training Loss: 0.04747431973616282		 Val Loss: 0.05285103797912598
	      Training MAE Angle: 0.13498938083648682		 Val MAE Angle: 0.1389914894104004
              Training MSE Angle: 0.03948799024025599		 Val MSE Angle: 0.04066834926605225
	      Training MAE Shift: 0.0199898158510526		 Val MAE Shift: 0.02310023546218872
              Training Euclidean Shift: 0.031422555446624756	 Val Euclidean Shift: 0.03639377355575561


Epoch 129/200: Training Loss: 0.04903880755106608		 Val Loss: 0.05108549118041992
	      Training MAE Angle: 0.1369204819202423		 Val MAE Angle: 0.14130990982055663
              Training MSE Angle: 0.03908330947160721		 Val MSE Angle: 0.040990161895751956
	      Training MAE Shift: 0.022144128878911335		 Val MAE Shift: 0.021616098880767824
              Training Euclidean Shift: 0.03485936919848124	 Val Euclidean Shift: 0.03426079034805298


Epoch 130/200: Training Loss: 0.04562468330065409		 Val Loss: 0.047661046981811526
	      Training MAE Angle: 0.1344883143901825		 Val MAE Angle: 0.1287214756011963
              Training MSE Angle: 0.03752449154853821		 Val MSE Angle: 0.03523898124694824
	      Training MAE Shift: 0.020609392474095028		 Val MAE Shift: 0.02317811727523804
              Training Euclidean Shift: 0.032428170243899025	 Val Euclidean Shift: 0.03665636301040649


Epoch 131/200: Training Loss: 0.04907011489073435		 Val Loss: 0.043909034729003905
	      Training MAE Angle: 0.1372169554233551		 Val MAE Angle: 0.1279904842376709
              Training MSE Angle: 0.040822515885035195		 Val MSE Angle: 0.03488082408905029
	      Training MAE Shift: 0.020486295223236084		 Val MAE Shift: 0.02005896806716919
              Training Euclidean Shift: 0.03226378560066223	 Val Euclidean Shift: 0.031782798767089844


Epoch 132/200: Training Loss: 0.04383811354637146		 Val Loss: 0.04020305156707764
	      Training MAE Angle: 0.13115029533704123		 Val MAE Angle: 0.1249896240234375
              Training MSE Angle: 0.0361013188958168		 Val MSE Angle: 0.03274005651473999
	      Training MAE Shift: 0.019952109704415005		 Val MAE Shift: 0.02032812833786011
              Training Euclidean Shift: 0.03137889256079992	 Val Euclidean Shift: 0.031907296180725096


Epoch 133/200: Training Loss: 0.04821763435999552		 Val Loss: 0.0570787525177002
	      Training MAE Angle: 0.13359461228052774		 Val MAE Angle: 0.13900590896606446
              Training MSE Angle: 0.03891822199026743		 Val MSE Angle: 0.04053764820098877
	      Training MAE Shift: 0.021077399452527363		 Val MAE Shift: 0.027521862983703613
              Training Euclidean Shift: 0.033204821248849235	 Val Euclidean Shift: 0.043540234565734866


Epoch 134/200: Training Loss: 0.04835352301597595		 Val Loss: 0.044747385978698734
	      Training MAE Angle: 0.13478396336237589		 Val MAE Angle: 0.12497735977172851
              Training MSE Angle: 0.0383401686946551		 Val MSE Angle: 0.035321006774902346
	      Training MAE Shift: 0.02167031168937683		 Val MAE Shift: 0.020915763378143312
              Training Euclidean Shift: 0.034164704382419586	 Val Euclidean Shift: 0.03302574157714844


Epoch 135/200: Training Loss: 0.045956691106160484		 Val Loss: 0.04461472988128662
	      Training MAE Angle: 0.13255016009012857		 Val MAE Angle: 0.12912500381469727
              Training MSE Angle: 0.03763429323832194		 Val MSE Angle: 0.034205639362335206
	      Training MAE Shift: 0.020355751117070515		 Val MAE Shift: 0.02203514814376831
              Training Euclidean Shift: 0.03199042876561483	 Val Euclidean Shift: 0.03430330038070679


Epoch 136/200: Training Loss: 0.0451924204826355		 Val Loss: 0.050365719795227054
	      Training MAE Angle: 0.13280482093493143		 Val MAE Angle: 0.13309893608093262
              Training MSE Angle: 0.03677812218666077		 Val MSE Angle: 0.040051636695861814
	      Training MAE Shift: 0.020183807859818142		 Val MAE Shift: 0.0209659743309021
              Training Euclidean Shift: 0.03172840426365534	 Val Euclidean Shift: 0.03306169986724854


Epoch 137/200: Training Loss: 0.04592490196228027		 Val Loss: 0.0550506591796875
	      Training MAE Angle: 0.1318905750910441		 Val MAE Angle: 0.1366580581665039
              Training MSE Angle: 0.03615976373354594		 Val MSE Angle: 0.04009027481079101
	      Training MAE Shift: 0.02069731925924619		 Val MAE Shift: 0.029385471343994142
              Training Euclidean Shift: 0.032515861093997955	 Val Euclidean Shift: 0.046528000831604


Epoch 138/200: Training Loss: 0.05237575868765513		 Val Loss: 0.04500564575195312
	      Training MAE Angle: 0.14047081271807352		 Val MAE Angle: 0.1276245594024658
              Training MSE Angle: 0.041854456067085266		 Val MSE Angle: 0.03400057077407837
	      Training MAE Shift: 0.022078998386859894		 Val MAE Shift: 0.021443710327148438
              Training Euclidean Shift: 0.03476549685001373	 Val Euclidean Shift: 0.03368940353393555


Epoch 139/200: Training Loss: 0.04852558175722758		 Val Loss: 0.0538102912902832
	      Training MAE Angle: 0.13507071137428284		 Val MAE Angle: 0.1369166374206543
              Training MSE Angle: 0.039147225519021354		 Val MSE Angle: 0.0439342737197876
	      Training MAE Shift: 0.02116268624862035		 Val MAE Shift: 0.02129671096801758
              Training Euclidean Shift: 0.03338969498872757	 Val Euclidean Shift: 0.03342536211013794


Epoch 140/200: Training Loss: 0.04474120338757833		 Val Loss: 0.04988736629486084
	      Training MAE Angle: 0.13112090031305948		 Val MAE Angle: 0.13082356452941896
              Training MSE Angle: 0.03629076977570852		 Val MSE Angle: 0.038430755138397214
	      Training MAE Shift: 0.020270584772030514		 Val MAE Shift: 0.02355222463607788
              Training Euclidean Shift: 0.031894500056902565	 Val Euclidean Shift: 0.03689927101135254


Epoch 141/200: Training Loss: 0.045201306541760765		 Val Loss: 0.04536094665527344
	      Training MAE Angle: 0.1302454968293508		 Val MAE Angle: 0.12573180198669434
              Training MSE Angle: 0.03638009230295817		 Val MSE Angle: 0.03501781225204468
	      Training MAE Shift: 0.020687681933244068		 Val MAE Shift: 0.021647565364837647
              Training Euclidean Shift: 0.03251806398232778	 Val Euclidean Shift: 0.033815882205963134


Epoch 142/200: Training Loss: 0.048948695262273155		 Val Loss: 0.04530040264129639
	      Training MAE Angle: 0.13424187898635864		 Val MAE Angle: 0.13198353767395019
              Training MSE Angle: 0.04033632824818293		 Val MSE Angle: 0.037687199115753175
	      Training MAE Shift: 0.020300359775622685		 Val MAE Shift: 0.019394702911376953
              Training Euclidean Shift: 0.03187722464402517	 Val Euclidean Shift: 0.03060427188873291


Epoch 143/200: Training Loss: 0.04953890045483907		 Val Loss: 0.0430950403213501
	      Training MAE Angle: 0.13527152935663858		 Val MAE Angle: 0.12739138603210448
              Training MSE Angle: 0.04044558107852936		 Val MSE Angle: 0.03476163864135742
	      Training MAE Shift: 0.020186645289262135		 Val MAE Shift: 0.019393821954727174
              Training Euclidean Shift: 0.031751794119675956	 Val Euclidean Shift: 0.030500478744506836


Epoch 144/200: Training Loss: 0.04751669863859812		 Val Loss: 0.04272214412689209
	      Training MAE Angle: 0.13453282912572226		 Val MAE Angle: 0.12337325096130371
              Training MSE Angle: 0.039430749913056694		 Val MSE Angle: 0.032215921878814696
	      Training MAE Shift: 0.01977485294143359		 Val MAE Shift: 0.022236547470092773
              Training Euclidean Shift: 0.031088297565778095	 Val Euclidean Shift: 0.034813377857208255


Epoch 145/200: Training Loss: 0.04565222064654032		 Val Loss: 0.05317745685577393
	      Training MAE Angle: 0.13236423333485922		 Val MAE Angle: 0.1342107105255127
              Training MSE Angle: 0.03731673210859299		 Val MSE Angle: 0.03986302852630615
	      Training MAE Shift: 0.02047373726963997		 Val MAE Shift: 0.025834999084472655
              Training Euclidean Shift: 0.03218809515237808	 Val Euclidean Shift: 0.040338869094848635


Epoch 146/200: Training Loss: 0.048485785722732544		 Val Loss: 0.04927719116210937
	      Training MAE Angle: 0.13492265343666077		 Val MAE Angle: 0.13455785751342775
              Training MSE Angle: 0.039232114950815834		 Val MSE Angle: 0.03948806047439575
	      Training MAE Shift: 0.021004463235537212		 Val MAE Shift: 0.02124943256378174
              Training Euclidean Shift: 0.032978842655817665	 Val Euclidean Shift: 0.03342325687408447


Epoch 147/200: Training Loss: 0.043840120236078896		 Val Loss: 0.042462639808654785
	      Training MAE Angle: 0.1297910511493683		 Val MAE Angle: 0.12261983871459961
              Training MSE Angle: 0.03696835537751516		 Val MSE Angle: 0.03431482791900635
	      Training MAE Shift: 0.018783836315075558		 Val MAE Shift: 0.018293631076812745
              Training Euclidean Shift: 0.02946134905020396	 Val Euclidean Shift: 0.028795480728149414


Epoch 148/200: Training Loss: 0.049032057325045265		 Val Loss: 0.05331655502319336
	      Training MAE Angle: 0.13070076704025269		 Val MAE Angle: 0.14109501838684083
              Training MSE Angle: 0.03733977178732554		 Val MSE Angle: 0.04236447334289551
	      Training MAE Shift: 0.02142406503359477		 Val MAE Shift: 0.024095513820648194
              Training Euclidean Shift: 0.0336469958225886	 Val Euclidean Shift: 0.03766998291015625


Epoch 149/200: Training Loss: 0.058097427090009056		 Val Loss: 0.051766667366027835
	      Training MAE Angle: 0.1419412096341451		 Val MAE Angle: 0.13874937057495118
              Training MSE Angle: 0.04237316052118937		 Val MSE Angle: 0.04010976314544678
	      Training MAE Shift: 0.028176022072633106		 Val MAE Shift: 0.024024057388305663
              Training Euclidean Shift: 0.04431718091169993	 Val Euclidean Shift: 0.03813811540603638


Epoch 150/200: Training Loss: 0.048383668065071106		 Val Loss: 0.05087958812713623
	      Training MAE Angle: 0.13545734683672586		 Val MAE Angle: 0.13259588241577147
              Training MSE Angle: 0.03836494187513987		 Val MSE Angle: 0.04064828872680664
	      Training MAE Shift: 0.022144094109535217		 Val MAE Shift: 0.022795798778533934
              Training Euclidean Shift: 0.034813567996025085	 Val Euclidean Shift: 0.035465512275695804


Epoch 151/200: Training Loss: 0.048075964053471885		 Val Loss: 0.04431766033172607
	      Training MAE Angle: 0.13228039940198263		 Val MAE Angle: 0.11903219223022461
              Training MSE Angle: 0.03833733995755514		 Val MSE Angle: 0.03406734943389893
	      Training MAE Shift: 0.021546247104803722		 Val MAE Shift: 0.020337295532226563
              Training Euclidean Shift: 0.03394966572523117	 Val Euclidean Shift: 0.031850337982177734


Epoch 152/200: Training Loss: 0.0440699557463328		 Val Loss: 0.04185119152069092
	      Training MAE Angle: 0.1287769873936971		 Val MAE Angle: 0.12497609138488769
              Training MSE Angle: 0.03571587800979614		 Val MSE Angle: 0.03125482559204101
	      Training MAE Shift: 0.020327741901079815		 Val MAE Shift: 0.021464080810546876
              Training Euclidean Shift: 0.03198597331841787	 Val Euclidean Shift: 0.03379372835159302


Epoch 153/200: Training Loss: 0.045259048541386925		 Val Loss: 0.03986763715744018
	      Training MAE Angle: 0.1306139131387075		 Val MAE Angle: 0.1201601791381836
              Training MSE Angle: 0.03656997283299764		 Val MSE Angle: 0.02974583864212036
	      Training MAE Shift: 0.02042733629544576		 Val MAE Shift: 0.022009532451629638
              Training Euclidean Shift: 0.03208306928475698	 Val Euclidean Shift: 0.03455784320831299


Epoch 154/200: Training Loss: 0.04669197897116343		 Val Loss: 0.0490695858001709
	      Training MAE Angle: 0.13169936339060465		 Val MAE Angle: 0.12816181182861328
              Training MSE Angle: 0.037097478906313576		 Val MSE Angle: 0.03738455295562744
	      Training MAE Shift: 0.02108603964249293		 Val MAE Shift: 0.021887152194976806
              Training Euclidean Shift: 0.03315607210000356	 Val Euclidean Shift: 0.034929757118225095


Epoch 155/200: Training Loss: 0.052306875586509705		 Val Loss: 0.05474170684814453
	      Training MAE Angle: 0.13580591479937235		 Val MAE Angle: 0.13929608345031738
              Training MSE Angle: 0.04090268909931183		 Val MSE Angle: 0.04220928192138672
	      Training MAE Shift: 0.02294230709473292		 Val MAE Shift: 0.02293882369995117
              Training Euclidean Shift: 0.03618086129426956	 Val Euclidean Shift: 0.03597020149230957


Epoch 156/200: Training Loss: 0.0420696884393692		 Val Loss: 0.04217151165008545
	      Training MAE Angle: 0.12465218702952068		 Val MAE Angle: 0.11987504005432129
              Training MSE Angle: 0.03426821778217951		 Val MSE Angle: 0.0334815263748169
	      Training MAE Shift: 0.019789410134156544		 Val MAE Shift: 0.019165489673614502
              Training Euclidean Shift: 0.031212426722049713	 Val Euclidean Shift: 0.030269076824188234


Epoch 157/200: Training Loss: 0.045591856042544045		 Val Loss: 0.04014480590820312
	      Training MAE Angle: 0.12675751248995462		 Val MAE Angle: 0.1219088077545166
              Training MSE Angle: 0.03614933788776398		 Val MSE Angle: 0.03072587966918945
	      Training MAE Shift: 0.02087228496869405		 Val MAE Shift: 0.01964014530181885
              Training Euclidean Shift: 0.03282248477141062	 Val Euclidean Shift: 0.03067829132080078


Epoch 158/200: Training Loss: 0.042866140604019165		 Val Loss: 0.04275166511535645
	      Training MAE Angle: 0.1255428890387217		 Val MAE Angle: 0.12605116844177247
              Training MSE Angle: 0.03461643308401108		 Val MSE Angle: 0.03504094123840332
	      Training MAE Shift: 0.019602374484141667		 Val MAE Shift: 0.019395067691802978
              Training Euclidean Shift: 0.030791938304901123	 Val Euclidean Shift: 0.0304742169380188


Epoch 159/200: Training Loss: 0.04256638387838999		 Val Loss: 0.03759487390518188
	      Training MAE Angle: 0.12664837638537088		 Val MAE Angle: 0.11334453582763672
              Training MSE Angle: 0.0346643328666687		 Val MSE Angle: 0.02818274974822998
	      Training MAE Shift: 0.019436058898766834		 Val MAE Shift: 0.02028632640838623
              Training Euclidean Shift: 0.03052123139301936	 Val Euclidean Shift: 0.03199618816375732


Epoch 160/200: Training Loss: 0.04268539448579153		 Val Loss: 0.04455828666687012
	      Training MAE Angle: 0.12473983565966289		 Val MAE Angle: 0.12935945510864258
              Training MSE Angle: 0.0344354510307312		 Val MSE Angle: 0.03602652311325073
	      Training MAE Shift: 0.019384837398926418		 Val MAE Shift: 0.019535229206085206
              Training Euclidean Shift: 0.030472492178281147	 Val Euclidean Shift: 0.030731873512268068


Epoch 161/200: Training Loss: 0.041131908694903054		 Val Loss: 0.03944345235824585
	      Training MAE Angle: 0.12557260195414224		 Val MAE Angle: 0.11624054908752442
              Training MSE Angle: 0.034644804894924164		 Val MSE Angle: 0.03160439014434815
	      Training MAE Shift: 0.018655899912118912		 Val MAE Shift: 0.018885544538497924
              Training Euclidean Shift: 0.029281380275885265	 Val Euclidean Shift: 0.02972522974014282


Epoch 162/200: Training Loss: 0.044793590903282166		 Val Loss: 0.04421066284179687
	      Training MAE Angle: 0.12740886211395264		 Val MAE Angle: 0.12610726356506347
              Training MSE Angle: 0.03666666398445765		 Val MSE Angle: 0.033612937927246095
	      Training MAE Shift: 0.019220810383558273		 Val MAE Shift: 0.020047230720520018
              Training Euclidean Shift: 0.030216827988624573	 Val Euclidean Shift: 0.03187556028366089


Epoch 163/200: Training Loss: 0.04121688256661097		 Val Loss: 0.04427978515625
	      Training MAE Angle: 0.12485700845718384		 Val MAE Angle: 0.12594456672668458
              Training MSE Angle: 0.033908069133758545		 Val MSE Angle: 0.03320846319198609
	      Training MAE Shift: 0.019280172884464264		 Val MAE Shift: 0.021665167808532716
              Training Euclidean Shift: 0.030351003011067707	 Val Euclidean Shift: 0.03429589509963989


Epoch 164/200: Training Loss: 0.04311567544937134		 Val Loss: 0.047673759460449217
	      Training MAE Angle: 0.1276652216911316		 Val MAE Angle: 0.1302475166320801
              Training MSE Angle: 0.03484132140874863		 Val MSE Angle: 0.036801159381866455
	      Training MAE Shift: 0.019496894131104153		 Val MAE Shift: 0.022918174266815184
              Training Euclidean Shift: 0.030583582818508148	 Val Euclidean Shift: 0.03599771738052368


Epoch 165/200: Training Loss: 0.042879690726598106		 Val Loss: 0.04445840835571289
	      Training MAE Angle: 0.12747245033582053		 Val MAE Angle: 0.1289379119873047
              Training MSE Angle: 0.03580519805351893		 Val MSE Angle: 0.03591563701629639
	      Training MAE Shift: 0.019053286562363308		 Val MAE Shift: 0.01934267282485962
              Training Euclidean Shift: 0.029966428875923157	 Val Euclidean Shift: 0.030353147983551026


Epoch 166/200: Training Loss: 0.03863689800103506		 Val Loss: 0.04237593173980713
	      Training MAE Angle: 0.12024931112925212		 Val MAE Angle: 0.12974923133850097
              Training MSE Angle: 0.03124320258696874		 Val MSE Angle: 0.034321012496948244
	      Training MAE Shift: 0.018950243790944416		 Val MAE Shift: 0.01938625693321228
              Training Euclidean Shift: 0.029763842622439068	 Val Euclidean Shift: 0.03079376697540283


Epoch 167/200: Training Loss: 0.04356295863787333		 Val Loss: 0.04877174377441406
	      Training MAE Angle: 0.12611977259318033		 Val MAE Angle: 0.1171574878692627
              Training MSE Angle: 0.03502580523490906		 Val MSE Angle: 0.029475224018096925
	      Training MAE Shift: 0.01997196674346924		 Val MAE Shift: 0.021835145950317384
              Training Euclidean Shift: 0.03140403081973394	 Val Euclidean Shift: 0.034468204975128175


Epoch 168/200: Training Loss: 0.0436130166053772		 Val Loss: 0.04315572261810303
	      Training MAE Angle: 0.12762883305549622		 Val MAE Angle: 0.12666874885559082
              Training MSE Angle: 0.03550092875957489		 Val MSE Angle: 0.03441109180450439
	      Training MAE Shift: 0.019397641221682232		 Val MAE Shift: 0.020722794532775878
              Training Euclidean Shift: 0.030453599989414215	 Val Euclidean Shift: 0.03254747152328491


Epoch 169/200: Training Loss: 0.04734033842881521		 Val Loss: 0.0455753755569458
	      Training MAE Angle: 0.12931643923123678		 Val MAE Angle: 0.1257952880859375
              Training MSE Angle: 0.03652880837519964		 Val MSE Angle: 0.032477889060974124
	      Training MAE Shift: 0.021934183935324352		 Val MAE Shift: 0.023562445640563964
              Training Euclidean Shift: 0.03442990779876709	 Val Euclidean Shift: 0.037150371074676516


Epoch 170/200: Training Loss: 0.04092539846897125		 Val Loss: 0.043801469802856444
	      Training MAE Angle: 0.1252033213774363		 Val MAE Angle: 0.1246357250213623
              Training MSE Angle: 0.03319316109021505		 Val MSE Angle: 0.033262286186218265
	      Training MAE Shift: 0.019940850635369618		 Val MAE Shift: 0.0211738920211792
              Training Euclidean Shift: 0.03138068566719691	 Val Euclidean Shift: 0.033443467617034914


Epoch 171/200: Training Loss: 0.04295204083124796		 Val Loss: 0.042134175300598146
	      Training MAE Angle: 0.12627365191777548		 Val MAE Angle: 0.12414361953735352
              Training MSE Angle: 0.03446130454540253		 Val MSE Angle: 0.033148043155670166
	      Training MAE Shift: 0.019436019162336986		 Val MAE Shift: 0.019946341514587403
              Training Euclidean Shift: 0.03057599316040675	 Val Euclidean Shift: 0.031513023376464847


Epoch 172/200: Training Loss: 0.039722174406051636		 Val Loss: 0.04435626983642578
	      Training MAE Angle: 0.12268116076787312		 Val MAE Angle: 0.12549086570739745
              Training MSE Angle: 0.03280306110779444		 Val MSE Angle: 0.03286715269088745
	      Training MAE Shift: 0.01790103440483411		 Val MAE Shift: 0.021615355014801024
              Training Euclidean Shift: 0.02822915216286977	 Val Euclidean Shift: 0.034062397480010984


Epoch 173/200: Training Loss: 0.038090462485949196		 Val Loss: 0.04380424499511719
	      Training MAE Angle: 0.1194985310236613		 Val MAE Angle: 0.12501212120056152
              Training MSE Angle: 0.03051028897364934		 Val MSE Angle: 0.0336226224899292
	      Training MAE Shift: 0.0189732884367307		 Val MAE Shift: 0.01986527681350708
              Training Euclidean Shift: 0.02984255055586497	 Val Euclidean Shift: 0.031367983818054196


Epoch 174/200: Training Loss: 0.04148301730553309		 Val Loss: 0.04604418277740478
	      Training MAE Angle: 0.12335217992464702		 Val MAE Angle: 0.1217050838470459
              Training MSE Angle: 0.0333391527334849		 Val MSE Angle: 0.03682013511657715
	      Training MAE Shift: 0.018950841079155605		 Val MAE Shift: 0.02201504945755005
              Training Euclidean Shift: 0.029760231574376423	 Val Euclidean Shift: 0.03452712774276733


Epoch 175/200: Training Loss: 0.04121867070595423		 Val Loss: 0.03532716989517212
	      Training MAE Angle: 0.12380899985631307		 Val MAE Angle: 0.11273283004760742
              Training MSE Angle: 0.033822951217492424		 Val MSE Angle: 0.025781083106994628
	      Training MAE Shift: 0.018887055416901905		 Val MAE Shift: 0.019889671802520752
              Training Euclidean Shift: 0.029695041477680206	 Val Euclidean Shift: 0.0313603401184082


Epoch 176/200: Training Loss: 0.03701159109671911		 Val Loss: 0.04211853981018066
	      Training MAE Angle: 0.12028008699417114		 Val MAE Angle: 0.12379508972167969
              Training MSE Angle: 0.030701992412408192		 Val MSE Angle: 0.034351859092712406
	      Training MAE Shift: 0.017803893735011418		 Val MAE Shift: 0.019508954286575318
              Training Euclidean Shift: 0.027962935467561085	 Val Euclidean Shift: 0.030780177116394043


Epoch 177/200: Training Loss: 0.04005116720994314		 Val Loss: 0.04001826763153076
	      Training MAE Angle: 0.12383471926053365		 Val MAE Angle: 0.11819581031799316
              Training MSE Angle: 0.03361163288354874		 Val MSE Angle: 0.03144798994064331
	      Training MAE Shift: 0.017956004788478214		 Val MAE Shift: 0.018841105699539184
              Training Euclidean Shift: 0.028198940058549244	 Val Euclidean Shift: 0.029512462615966798


Epoch 178/200: Training Loss: 0.03910124053557714		 Val Loss: 0.03785256385803223
	      Training MAE Angle: 0.11871482928593953		 Val MAE Angle: 0.12024558067321778
              Training MSE Angle: 0.031194840868314106		 Val MSE Angle: 0.030484106540679932
	      Training MAE Shift: 0.018992769221464794		 Val MAE Shift: 0.0179173743724823
              Training Euclidean Shift: 0.02983025958140691	 Val Euclidean Shift: 0.028107442855834962


Epoch 179/200: Training Loss: 0.0391236220796903		 Val Loss: 0.0380216121673584
	      Training MAE Angle: 0.1212242841720581		 Val MAE Angle: 0.11784625053405762
              Training MSE Angle: 0.03166217108567556		 Val MSE Angle: 0.03186977863311768
	      Training MAE Shift: 0.018259839465220768		 Val MAE Shift: 0.018299580812454225
              Training Euclidean Shift: 0.028684799869855244	 Val Euclidean Shift: 0.028877997398376466


Epoch 180/200: Training Loss: 0.03929618497689565		 Val Loss: 0.04166406154632568
	      Training MAE Angle: 0.12096851070721944		 Val MAE Angle: 0.1248024845123291
              Training MSE Angle: 0.03197465588649114		 Val MSE Angle: 0.034036858081817625
	      Training MAE Shift: 0.01854351411263148		 Val MAE Shift: 0.018021289110183716
              Training Euclidean Shift: 0.029136357208093006	 Val Euclidean Shift: 0.02823131322860718


Epoch 181/200: Training Loss: 0.04018219063679377		 Val Loss: 0.04577578544616699
	      Training MAE Angle: 0.12284716963768005		 Val MAE Angle: 0.12405102729797363
              Training MSE Angle: 0.033181771636009216		 Val MSE Angle: 0.03621370315551758
	      Training MAE Shift: 0.018359047671159107		 Val MAE Shift: 0.020267722606658937
              Training Euclidean Shift: 0.028950969378153484	 Val Euclidean Shift: 0.03177051782608032


Epoch 182/200: Training Loss: 0.03834021836519241		 Val Loss: 0.040966644287109374
	      Training MAE Angle: 0.12090237935384114		 Val MAE Angle: 0.11940581321716309
              Training MSE Angle: 0.031652805705865227		 Val MSE Angle: 0.030006554126739502
	      Training MAE Shift: 0.01814565435051918		 Val MAE Shift: 0.020808417797088623
              Training Euclidean Shift: 0.028571692605813343	 Val Euclidean Shift: 0.032505872249603274


Epoch 183/200: Training Loss: 0.04034493863582611		 Val Loss: 0.03766495943069458
	      Training MAE Angle: 0.12300118803977966		 Val MAE Angle: 0.1162504005432129
              Training MSE Angle: 0.032523768643538155		 Val MSE Angle: 0.028019468784332275
	      Training MAE Shift: 0.01921663184960683		 Val MAE Shift: 0.01983903408050537
              Training Euclidean Shift: 0.030217697223027546	 Val Euclidean Shift: 0.031079907417297364


Epoch 184/200: Training Loss: 0.04025134195884069		 Val Loss: 0.03434221267700195
	      Training MAE Angle: 0.12025762597719829		 Val MAE Angle: 0.11547375679016113
              Training MSE Angle: 0.032388935486475624		 Val MSE Angle: 0.026870992183685303
	      Training MAE Shift: 0.018865103522936504		 Val MAE Shift: 0.019451544284820557
              Training Euclidean Shift: 0.02966201553742091	 Val Euclidean Shift: 0.030569159984588624


Epoch 185/200: Training Loss: 0.03814021497964859		 Val Loss: 0.041698484420776366
	      Training MAE Angle: 0.12058212359746297		 Val MAE Angle: 0.12060775756835937
              Training MSE Angle: 0.03179291139046351		 Val MSE Angle: 0.029857718944549562
	      Training MAE Shift: 0.01777922237912814		 Val MAE Shift: 0.021796929836273193
              Training Euclidean Shift: 0.027910172939300537	 Val Euclidean Shift: 0.03424359560012817


Epoch 186/200: Training Loss: 0.044592857360839844		 Val Loss: 0.04222640037536621
	      Training MAE Angle: 0.12643886605898538		 Val MAE Angle: 0.125127592086792
              Training MSE Angle: 0.034837434689203896		 Val MSE Angle: 0.031774768829345705
	      Training MAE Shift: 0.02087809145450592		 Val MAE Shift: 0.02181633234024048
              Training Euclidean Shift: 0.032741318146387734	 Val Euclidean Shift: 0.03438005447387695


Epoch 187/200: Training Loss: 0.04132179170846939		 Val Loss: 0.034002625942230226
	      Training MAE Angle: 0.1231858233610789		 Val MAE Angle: 0.11410299301147461
              Training MSE Angle: 0.03373650709788004		 Val MSE Angle: 0.026316018104553224
	      Training MAE Shift: 0.019318342208862305		 Val MAE Shift: 0.019359456300735475
              Training Euclidean Shift: 0.03036636859178543	 Val Euclidean Shift: 0.030466136932373048


Epoch 188/200: Training Loss: 0.03934600452582041		 Val Loss: 0.04624772548675537
	      Training MAE Angle: 0.12106362978617351		 Val MAE Angle: 0.13026536941528322
              Training MSE Angle: 0.03221824516852697		 Val MSE Angle: 0.037862548828125
	      Training MAE Shift: 0.018351464221874874		 Val MAE Shift: 0.019967437982559205
              Training Euclidean Shift: 0.02880913019180298	 Val Euclidean Shift: 0.03128269910812378


Epoch 189/200: Training Loss: 0.037743126352628074		 Val Loss: 0.03859201669692993
	      Training MAE Angle: 0.11878892779350281		 Val MAE Angle: 0.11317744255065917
              Training MSE Angle: 0.031134131054083507		 Val MSE Angle: 0.030556490421295168
	      Training MAE Shift: 0.01781843602657318		 Val MAE Shift: 0.018951983451843263
              Training Euclidean Shift: 0.028017006814479828	 Val Euclidean Shift: 0.029981293678283692


Epoch 190/200: Training Loss: 0.03844549755255381		 Val Loss: 0.02894441843032837
	      Training MAE Angle: 0.11921786268552144		 Val MAE Angle: 0.1027700138092041
              Training MSE Angle: 0.0313897505402565		 Val MSE Angle: 0.02196903705596924
	      Training MAE Shift: 0.018157428751389187		 Val MAE Shift: 0.018909789323806762
              Training Euclidean Shift: 0.028581790626049042	 Val Euclidean Shift: 0.02983804225921631


Epoch 191/200: Training Loss: 0.0379309356212616		 Val Loss: 0.041324405670166015
	      Training MAE Angle: 0.11903444925944011		 Val MAE Angle: 0.12398731231689453
              Training MSE Angle: 0.03075649340947469		 Val MSE Angle: 0.035387706756591794
	      Training MAE Shift: 0.018163522084554035		 Val MAE Shift: 0.017739845514297484
              Training Euclidean Shift: 0.02861203004916509	 Val Euclidean Shift: 0.02787893295288086


Epoch 192/200: Training Loss: 0.03816647082567215		 Val Loss: 0.037663331031799314
	      Training MAE Angle: 0.11821962396303813		 Val MAE Angle: 0.11376616477966309
              Training MSE Angle: 0.03139397005240122		 Val MSE Angle: 0.030667974948883056
	      Training MAE Shift: 0.018161093195279438		 Val MAE Shift: 0.018390727043151856
              Training Euclidean Shift: 0.028541346391042072	 Val Euclidean Shift: 0.028877320289611815


Epoch 193/200: Training Loss: 0.03826668361822764		 Val Loss: 0.039352385997772216
	      Training MAE Angle: 0.12046135465304057		 Val MAE Angle: 0.11906858444213868
              Training MSE Angle: 0.03136610984802246		 Val MSE Angle: 0.031531493663787845
	      Training MAE Shift: 0.017857181529204052		 Val MAE Shift: 0.019560803174972535
              Training Euclidean Shift: 0.028103291988372803	 Val Euclidean Shift: 0.03069685459136963


Epoch 194/200: Training Loss: 0.038837110002835594		 Val Loss: 0.03462580442428589
	      Training MAE Angle: 0.12058955430984497		 Val MAE Angle: 0.1107700538635254
              Training MSE Angle: 0.03172954668601354		 Val MSE Angle: 0.02694247484207153
	      Training MAE Shift: 0.01832464709877968		 Val MAE Shift: 0.01846906542778015
              Training Euclidean Shift: 0.02883995572725932	 Val Euclidean Shift: 0.029359011650085448


Epoch 195/200: Training Loss: 0.03795795142650604		 Val Loss: 0.03859384298324585
	      Training MAE Angle: 0.1201327641805013		 Val MAE Angle: 0.11533681869506836
              Training MSE Angle: 0.031282104551792145		 Val MSE Angle: 0.030893325805664062
	      Training MAE Shift: 0.01809249942501386		 Val MAE Shift: 0.017650926113128663
              Training Euclidean Shift: 0.028491901854674023	 Val Euclidean Shift: 0.02785026788711548


Epoch 196/200: Training Loss: 0.038925339778264366		 Val Loss: 0.035074410438537595
	      Training MAE Angle: 0.12083752950032552		 Val MAE Angle: 0.1144618797302246
              Training MSE Angle: 0.03305113812287649		 Val MSE Angle: 0.028407998085021972
	      Training MAE Shift: 0.017247958729664486		 Val MAE Shift: 0.01801574945449829
              Training Euclidean Shift: 0.02710491915543874	 Val Euclidean Shift: 0.02825206995010376


Epoch 197/200: Training Loss: 0.03748275339603424		 Val Loss: 0.04086733341217041
	      Training MAE Angle: 0.11863970756530762		 Val MAE Angle: 0.12260939598083496
              Training MSE Angle: 0.03019733230272929		 Val MSE Angle: 0.03251347541809082
	      Training MAE Shift: 0.01823095108071963		 Val MAE Shift: 0.02095264196395874
              Training Euclidean Shift: 0.028760381042957306	 Val Euclidean Shift: 0.03313989162445068


Epoch 198/200: Training Loss: 0.03946241736412048		 Val Loss: 0.03349101066589356
	      Training MAE Angle: 0.11965927481651306		 Val MAE Angle: 0.11055707931518555
              Training MSE Angle: 0.03133724629878998		 Val MSE Angle: 0.027472963333129884
	      Training MAE Shift: 0.018973971406618755		 Val MAE Shift: 0.01694273829460144
              Training Euclidean Shift: 0.029931627213954926	 Val Euclidean Shift: 0.02666060447692871


Epoch 199/200: Training Loss: 0.03545401245355606		 Val Loss: 0.041793136596679686
	      Training MAE Angle: 0.11652886867523193		 Val MAE Angle: 0.12339768409729004
              Training MSE Angle: 0.029589325189590454		 Val MSE Angle: 0.03265058994293213
	      Training MAE Shift: 0.017151699711879093		 Val MAE Shift: 0.018984016180038452
              Training Euclidean Shift: 0.026979143420855205	 Val Euclidean Shift: 0.029851627349853516


Epoch 200/200: Training Loss: 0.03778414179881414		 Val Loss: 0.03891345262527466
	      Training MAE Angle: 0.11746337016423543		 Val MAE Angle: 0.11682340621948242
              Training MSE Angle: 0.030114345252513885		 Val MSE Angle: 0.031041638851165773
	      Training MAE Shift: 0.018999406447013218		 Val MAE Shift: 0.018635661602020265
              Training Euclidean Shift: 0.02983477960030238	 Val Euclidean Shift: 0.02925844192504883


## TEST RESULTS: ##
Test Loss: 0.03637173771858215 
Test MAE Shift: 0.019470971077680588		 Test Euclidean Shift: 0.030659768730401993
Test MAE Angle: 0.11351235955953598		 Test MSE Angle: 0.027851244434714317

