
###########################################################################################################################################################

 learning rate: 0.0001, mlp_hidden_sizes: [1024, 512], jump_frames: 6, use_reconstruction_layer: True
batch_size: 8, norm: True, train_seqeunces: [0, 2, 3, 5], val_sequences: [6, 7, 8], RL_TEST_NAMES: ['fe2fadf89a84e92a', 'f01e8b6f8e10fdd9', 'f1ee9dc6135e5307', 'a41df4fa06fd391b', 'bc0ebb7482f14795', '9bdd34e784c04e3a', '98ebee1c36ecec55'], dataset: Stereo,
average embeddings: False, model: microsoft/resnet-152, augmentation: True, random crop: True, part: mid, get_old_path: False, computer: 2,
RE1 coeff: 0 SED coeff: 0.5, ALG_COEFF: 0, L2_coeff: 1, huber_coeff: 1, frozen layers: 0, trained vit: None, MAX_POOL_SIZE: 3
crop: 224 resize: 256, use conv: True pretrained: None, train_size: 0.002, norm_mean: tensor([0.5000, 0.5000, 0.5000], device='cuda:0'), norm_std: tensor([0.5000, 0.5000, 0.5000], device='cuda:0'), sched: None seed: 300

train size: 32, val size: 24, test size: 1064

algebraic_truth: 0.016370616853237152		 val_algebraic_truth: 0.016809600094954174
RE1_truth: 0.0001778329024091363		 val_RE1_truth: 0.00019344547763466835
SED_truth: 0.0014226525090634823		 val_SED_truth: 0.0015475709612170856

Epoch 1/150000: Training Loss: 8624.5380859375		 Val Loss: 1541.8382161458333
             	Training MAE: 0.3111703395843506		 Val MAE: 0.34945157170295715
             	Algebraic dist: 7722.0791015625		 Val Algebraic dist: 3159.7952473958335
             	RE1 dist: 66132136.0		 Val RE1 dist: 10340080.0
             	SED dist: 17248.541015625		 Val SED dist: 3083.01953125

Epoch 2/150000: Training Loss: 489.2679443359375		 Val Loss: 314.20843505859375
             	Training MAE: 0.37352755665779114		 Val MAE: 0.4046458601951599
             	Algebraic dist: 1767.8446044921875		 Val Algebraic dist: 1425.5006510416667
             	RE1 dist: 3784597.5		 Val RE1 dist: 1873566.6666666667
             	SED dist: 977.8197021484375		 Val SED dist: 627.6092122395834

Epoch 3/150000: Training Loss: 665.1644287109375		 Val Loss: 134.46683756510416
             	Training MAE: 0.4143628180027008		 Val MAE: 0.4072986841201782
             	Algebraic dist: 2232.14453125		 Val Algebraic dist: 877.1984049479166
             	RE1 dist: 4328449.0		 Val RE1 dist: 697773.25
             	SED dist: 1329.4990234375		 Val SED dist: 268.12550862630206

Epoch 4/150000: Training Loss: 122.27218627929688		 Val Loss: 36.58206685384115
             	Training MAE: 0.40083563327789307		 Val MAE: 0.38255804777145386
             	Algebraic dist: 711.16015625		 Val Algebraic dist: 391.3072916666667
             	RE1 dist: 596152.3125		 Val RE1 dist: 206929.95833333334
             	SED dist: 243.76150512695312		 Val SED dist: 72.4379170735677

Epoch 5/150000: Training Loss: 58.109737396240234		 Val Loss: 145.9085489908854
             	Training MAE: 0.37457743287086487		 Val MAE: 0.3699197769165039
             	Algebraic dist: 511.58123779296875		 Val Algebraic dist: 838.2830403645834
             	RE1 dist: 362246.9375		 Val RE1 dist: 761066.0833333334
             	SED dist: 115.52001953125		 Val SED dist: 291.1314697265625

Epoch 6/150000: Training Loss: 102.2005615234375		 Val Loss: 59.694671630859375
             	Training MAE: 0.37021443247795105		 Val MAE: 0.38013651967048645
             	Algebraic dist: 710.9998779296875		 Val Algebraic dist: 480.1796061197917
             	RE1 dist: 579877.6875		 Val RE1 dist: 281571.4166666667
             	SED dist: 203.71099853515625		 Val SED dist: 118.66231282552083

Epoch 7/150000: Training Loss: 25.40056610107422		 Val Loss: 6.033931732177734
             	Training MAE: 0.3843071758747101		 Val MAE: 0.393541544675827
             	Algebraic dist: 293.9647521972656		 Val Algebraic dist: 125.2364501953125
             	RE1 dist: 148803.25		 Val RE1 dist: 16130.111979166666
             	SED dist: 50.05073165893555		 Val SED dist: 11.277292887369791

Epoch 8/150000: Training Loss: 13.290603637695312		 Val Loss: 14.791744232177734
             	Training MAE: 0.3945951759815216		 Val MAE: 0.39861008524894714
             	Algebraic dist: 200.19842529296875		 Val Algebraic dist: 195.35321044921875
             	RE1 dist: 29491.82421875		 Val RE1 dist: 32793.489583333336
             	SED dist: 25.774005889892578		 Val SED dist: 28.7577641805013

Epoch 9/150000: Training Loss: 24.364383697509766		 Val Loss: 9.065839131673178
             	Training MAE: 0.39782705903053284		 Val MAE: 0.3969316780567169
             	Algebraic dist: 291.341796875		 Val Algebraic dist: 144.13135782877603
             	RE1 dist: 60403.44921875		 Val RE1 dist: 17507.505208333332
             	SED dist: 47.899749755859375		 Val SED dist: 17.31811269124349

Epoch 10/150000: Training Loss: 7.140414237976074		 Val Loss: 8.98587417602539
             	Training MAE: 0.3936287462711334		 Val MAE: 0.38917386531829834
             	Algebraic dist: 146.84521484375		 Val Algebraic dist: 155.73116048177084
             	RE1 dist: 19699.486328125		 Val RE1 dist: 32940.0703125
             	SED dist: 13.4834623336792		 Val SED dist: 17.207867940266926

Epoch 11/150000: Training Loss: 6.425871849060059		 Val Loss: 13.693761189778646
             	Training MAE: 0.3852945864200592		 Val MAE: 0.3816293776035309
             	Algebraic dist: 143.1558837890625		 Val Algebraic dist: 209.45218912760416
             	RE1 dist: 41286.40625		 Val RE1 dist: 62539.104166666664
             	SED dist: 12.103899002075195		 Val SED dist: 26.660552978515625

Epoch 12/150000: Training Loss: 7.517862796783447		 Val Loss: 7.232601801554362
             	Training MAE: 0.3794238269329071		 Val MAE: 0.3773752748966217
             	Algebraic dist: 162.7869110107422		 Val Algebraic dist: 139.6402384440104
             	RE1 dist: 53670.03515625		 Val RE1 dist: 27521.846354166668
             	SED dist: 14.315157890319824		 Val SED dist: 13.752259572347006

Epoch 13/150000: Training Loss: 3.6749942302703857		 Val Loss: 4.938118616739909
             	Training MAE: 0.37662896513938904		 Val MAE: 0.37618890404701233
             	Algebraic dist: 112.89122772216797		 Val Algebraic dist: 123.22121175130208
             	RE1 dist: 20231.439453125		 Val RE1 dist: 14134.134114583334
             	SED dist: 6.638486862182617		 Val SED dist: 9.167243321736654

Epoch 14/150000: Training Loss: 3.8127212524414062		 Val Loss: 4.872269630432129
             	Training MAE: 0.37544557452201843		 Val MAE: 0.37318548560142517
             	Algebraic dist: 118.95259094238281		 Val Algebraic dist: 129.2842000325521
             	RE1 dist: 12763.5810546875		 Val RE1 dist: 18859.813802083332
             	SED dist: 6.919393539428711		 Val SED dist: 9.047065099080404

Epoch 15/150000: Training Loss: 3.3294456005096436		 Val Loss: 6.184057871500651
             	Training MAE: 0.3726927936077118		 Val MAE: 0.3705117702484131
             	Algebraic dist: 112.10614776611328		 Val Algebraic dist: 142.7559814453125
             	RE1 dist: 18874.5859375		 Val RE1 dist: 27711.161458333332
             	SED dist: 5.963258266448975		 Val SED dist: 11.679790496826172

Epoch 16/150000: Training Loss: 3.2557003498077393		 Val Loss: 5.365764617919922
             	Training MAE: 0.3678513765335083		 Val MAE: 0.36495158076286316
             	Algebraic dist: 120.9755859375		 Val Algebraic dist: 132.7570597330729
             	RE1 dist: 22592.447265625		 Val RE1 dist: 19929.2890625
             	SED dist: 5.832066059112549		 Val SED dist: 10.06081517537435

Epoch 17/150000: Training Loss: 3.204308032989502		 Val Loss: 4.9985456466674805
             	Training MAE: 0.36162272095680237		 Val MAE: 0.35533058643341064
             	Algebraic dist: 118.48191833496094		 Val Algebraic dist: 132.90023803710938
             	RE1 dist: 18373.521484375		 Val RE1 dist: 20993.932291666668
             	SED dist: 5.748153209686279		 Val SED dist: 9.35513432820638

Epoch 18/150000: Training Loss: 2.6332452297210693		 Val Loss: 5.712912241617839
             	Training MAE: 0.351666122674942		 Val MAE: 0.3424989879131317
             	Algebraic dist: 106.28040313720703		 Val Algebraic dist: 139.86686197916666
             	RE1 dist: 16077.162109375		 Val RE1 dist: 25233.713541666668
             	SED dist: 4.634471893310547		 Val SED dist: 10.817728678385416

Epoch 19/150000: Training Loss: 2.6093785762786865		 Val Loss: 5.7727095286051435
             	Training MAE: 0.33671677112579346		 Val MAE: 0.3278155028820038
             	Algebraic dist: 108.00732421875		 Val Algebraic dist: 135.36194864908853
             	RE1 dist: 20283.10546875		 Val RE1 dist: 25506.635416666668
             	SED dist: 4.624946117401123		 Val SED dist: 10.973201751708984

Epoch 20/150000: Training Loss: 2.357217311859131		 Val Loss: 4.762921651204427
             	Training MAE: 0.32241201400756836		 Val MAE: 0.313193142414093
             	Algebraic dist: 104.16352844238281		 Val Algebraic dist: 125.38501993815105
             	RE1 dist: 15891.44140625		 Val RE1 dist: 17994.14453125
             	SED dist: 4.153611183166504		 Val SED dist: 8.985059102376303

Epoch 21/150000: Training Loss: 2.3491902351379395		 Val Loss: 5.066600799560547
             	Training MAE: 0.30495715141296387		 Val MAE: 0.2944031059741974
             	Algebraic dist: 99.71916198730469		 Val Algebraic dist: 121.4346923828125
             	RE1 dist: 14268.923828125		 Val RE1 dist: 18822.684895833332
             	SED dist: 4.175101280212402		 Val SED dist: 9.632249196370443

Epoch 22/150000: Training Loss: 2.285205602645874		 Val Loss: 4.8273665110270185
             	Training MAE: 0.28693753480911255		 Val MAE: 0.27906855940818787
             	Algebraic dist: 96.80677795410156		 Val Algebraic dist: 119.35622151692708
             	RE1 dist: 15826.064453125		 Val RE1 dist: 16789.359375
             	SED dist: 4.08360481262207		 Val SED dist: 9.183542887369791

Epoch 23/150000: Training Loss: 1.9514837265014648		 Val Loss: 4.972501436869304
             	Training MAE: 0.2707708179950714		 Val MAE: 0.2614772915840149
             	Algebraic dist: 85.36703491210938		 Val Algebraic dist: 114.43993123372395
             	RE1 dist: 9602.76953125		 Val RE1 dist: 14095.0546875
             	SED dist: 3.446457862854004		 Val SED dist: 9.504966100056967

Epoch 24/150000: Training Loss: 2.114645481109619		 Val Loss: 5.137848536173503
             	Training MAE: 0.2544426918029785		 Val MAE: 0.24623937904834747
             	Algebraic dist: 87.47097778320312		 Val Algebraic dist: 110.93667602539062
             	RE1 dist: 12002.435546875		 Val RE1 dist: 14367.49609375
             	SED dist: 3.8016350269317627		 Val SED dist: 9.862260182698568

Epoch 25/150000: Training Loss: 2.1008658409118652		 Val Loss: 6.258745193481445
             	Training MAE: 0.23761595785617828		 Val MAE: 0.22880525887012482
             	Algebraic dist: 82.58485412597656		 Val Algebraic dist: 114.58915201822917
             	RE1 dist: 9630.029296875		 Val RE1 dist: 16469.065104166668
             	SED dist: 3.8022751808166504		 Val SED dist: 12.133893330891928

Epoch 26/150000: Training Loss: 2.1766765117645264		 Val Loss: 5.301648139953613
             	Training MAE: 0.22303396463394165		 Val MAE: 0.22063827514648438
             	Algebraic dist: 78.58377838134766		 Val Algebraic dist: 106.35235595703125
             	RE1 dist: 10901.328125		 Val RE1 dist: 10994.4140625
             	SED dist: 3.981558322906494		 Val SED dist: 10.237290700276693

Epoch 27/150000: Training Loss: 1.988552212715149		 Val Loss: 5.164911270141602
             	Training MAE: 0.21770180761814117		 Val MAE: 0.21506500244140625
             	Algebraic dist: 73.99491119384766		 Val Algebraic dist: 101.18324788411458
             	RE1 dist: 7211.744140625		 Val RE1 dist: 10763.577473958334
             	SED dist: 3.6211133003234863		 Val SED dist: 9.977017720540365

Epoch 28/150000: Training Loss: 2.021170139312744		 Val Loss: 5.475697835286458
             	Training MAE: 0.21156008541584015		 Val MAE: 0.21056373417377472
             	Algebraic dist: 69.87411499023438		 Val Algebraic dist: 99.12610880533855
             	RE1 dist: 7822.71826171875		 Val RE1 dist: 9306.366536458334
             	SED dist: 3.7019381523132324		 Val SED dist: 10.612120310465494

Epoch 29/150000: Training Loss: 1.7787803411483765		 Val Loss: 5.294212977091472
             	Training MAE: 0.20931179821491241		 Val MAE: 0.20839397609233856
             	Algebraic dist: 63.739112854003906		 Val Algebraic dist: 91.3422342936198
             	RE1 dist: 5050.21142578125		 Val RE1 dist: 9256.09765625
             	SED dist: 3.2240872383117676		 Val SED dist: 10.255245208740234

Epoch 30/150000: Training Loss: 1.7993956804275513		 Val Loss: 5.600409825642903
             	Training MAE: 0.20850476622581482		 Val MAE: 0.20906399190425873
             	Algebraic dist: 59.81526565551758		 Val Algebraic dist: 93.82584635416667
             	RE1 dist: 6032.16162109375		 Val RE1 dist: 8499.553385416666
             	SED dist: 3.275177001953125		 Val SED dist: 10.874334971110025

Epoch 31/150000: Training Loss: 1.9561569690704346		 Val Loss: 5.801731109619141
             	Training MAE: 0.20996731519699097		 Val MAE: 0.2110898494720459
             	Algebraic dist: 62.978389739990234		 Val Algebraic dist: 91.57339477539062
             	RE1 dist: 4774.6181640625		 Val RE1 dist: 8272.175130208334
             	SED dist: 3.592580795288086		 Val SED dist: 11.282803853352865

Epoch 32/150000: Training Loss: 1.895993947982788		 Val Loss: 5.886054356892903
             	Training MAE: 0.21053963899612427		 Val MAE: 0.2096496820449829
             	Algebraic dist: 59.39868927001953		 Val Algebraic dist: 89.21419270833333
             	RE1 dist: 5991.6357421875		 Val RE1 dist: 8158.895833333333
             	SED dist: 3.479671001434326		 Val SED dist: 11.458460489908854

Epoch 33/150000: Training Loss: 1.7580634355545044		 Val Loss: 4.566505750020345
             	Training MAE: 0.20955891907215118		 Val MAE: 0.2097381353378296
             	Algebraic dist: 56.80351257324219		 Val Algebraic dist: 85.90848795572917
             	RE1 dist: 4108.0849609375		 Val RE1 dist: 6420.319661458333
             	SED dist: 3.2052416801452637		 Val SED dist: 8.818436940511068

Epoch 34/150000: Training Loss: 1.705334186553955		 Val Loss: 6.861104965209961
             	Training MAE: 0.2118452936410904		 Val MAE: 0.2129604071378708
             	Algebraic dist: 53.87192153930664		 Val Algebraic dist: 88.17437744140625
             	RE1 dist: 3433.029296875		 Val RE1 dist: 9277.108723958334
             	SED dist: 3.10103178024292		 Val SED dist: 13.412211100260416

Epoch 35/150000: Training Loss: 1.8417067527770996		 Val Loss: 5.406247456868489
             	Training MAE: 0.21284444630146027		 Val MAE: 0.21260420978069305
             	Algebraic dist: 55.76081466674805		 Val Algebraic dist: 87.0840352376302
             	RE1 dist: 4814.40185546875		 Val RE1 dist: 7047.408854166667
             	SED dist: 3.3772764205932617		 Val SED dist: 10.501373926798502

Epoch 36/150000: Training Loss: 1.8465709686279297		 Val Loss: 5.360331217447917
             	Training MAE: 0.21289940178394318		 Val MAE: 0.21206524968147278
             	Algebraic dist: 57.44579315185547		 Val Algebraic dist: 89.2335205078125
             	RE1 dist: 3690.2255859375		 Val RE1 dist: 6852.65625
             	SED dist: 3.384612560272217		 Val SED dist: 10.411146799723307

Epoch 37/150000: Training Loss: 1.8494287729263306		 Val Loss: 7.483954747517903
             	Training MAE: 0.21370689570903778		 Val MAE: 0.21257644891738892
             	Algebraic dist: 58.48091506958008		 Val Algebraic dist: 90.58158365885417
             	RE1 dist: 4022.830078125		 Val RE1 dist: 9716.107421875
             	SED dist: 3.393554449081421		 Val SED dist: 14.661626180013021

Epoch 38/150000: Training Loss: 1.8177273273468018		 Val Loss: 5.508270899454753
             	Training MAE: 0.21451182663440704		 Val MAE: 0.2133125513792038
             	Algebraic dist: 56.59146499633789		 Val Algebraic dist: 86.3057352701823
             	RE1 dist: 4157.3291015625		 Val RE1 dist: 7171.190755208333
             	SED dist: 3.3287501335144043		 Val SED dist: 10.70660146077474

Epoch 39/150000: Training Loss: 1.7633241415023804		 Val Loss: 5.475579579671224
             	Training MAE: 0.21375615894794464		 Val MAE: 0.2132067233324051
             	Algebraic dist: 53.4343376159668		 Val Algebraic dist: 84.10584513346355
             	RE1 dist: 4414.55615234375		 Val RE1 dist: 7086.985677083333
             	SED dist: 3.2206382751464844		 Val SED dist: 10.640904108683268

Epoch 40/150000: Training Loss: 1.543241262435913		 Val Loss: 6.077014923095703
             	Training MAE: 0.21449217200279236		 Val MAE: 0.2149655520915985
             	Algebraic dist: 51.42597579956055		 Val Algebraic dist: 84.68700154622395
             	RE1 dist: 3314.948486328125		 Val RE1 dist: 7255.363932291667
             	SED dist: 2.778973340988159		 Val SED dist: 11.845077514648438

Epoch 41/150000: Training Loss: 1.543397068977356		 Val Loss: 6.278826395670573
             	Training MAE: 0.21407681703567505		 Val MAE: 0.2119232416152954
             	Algebraic dist: 50.60550308227539		 Val Algebraic dist: 80.4344991048177
             	RE1 dist: 3449.810302734375		 Val RE1 dist: 6408.451822916667
             	SED dist: 2.7841639518737793		 Val SED dist: 12.258122762044271

Epoch 42/150000: Training Loss: 1.7104105949401855		 Val Loss: 5.9455108642578125
             	Training MAE: 0.21130597591400146		 Val MAE: 0.21128474175930023
             	Algebraic dist: 50.649715423583984		 Val Algebraic dist: 82.2277119954427
             	RE1 dist: 3012.14306640625		 Val RE1 dist: 6477.733072916667
             	SED dist: 3.1278135776519775		 Val SED dist: 11.596898396809896

Epoch 43/150000: Training Loss: 1.8656269311904907		 Val Loss: 6.196170806884766
             	Training MAE: 0.21363823115825653		 Val MAE: 0.21616919338703156
             	Algebraic dist: 50.979454040527344		 Val Algebraic dist: 79.31747436523438
             	RE1 dist: 3561.40771484375		 Val RE1 dist: 5974.656901041667
             	SED dist: 3.4374189376831055		 Val SED dist: 12.092155456542969

Epoch 44/150000: Training Loss: 1.347579002380371		 Val Loss: 5.713553110758464
             	Training MAE: 0.21584205329418182		 Val MAE: 0.21500442922115326
             	Algebraic dist: 42.4853401184082		 Val Algebraic dist: 77.06444295247395
             	RE1 dist: 2113.2060546875		 Val RE1 dist: 5512.884114583333
             	SED dist: 2.3996007442474365		 Val SED dist: 11.130504608154297

Epoch 45/150000: Training Loss: 1.7402076721191406		 Val Loss: 6.077007293701172
             	Training MAE: 0.21416990458965302		 Val MAE: 0.21360500156879425
             	Algebraic dist: 48.20271301269531		 Val Algebraic dist: 76.20831298828125
             	RE1 dist: 2741.97119140625		 Val RE1 dist: 5342.7060546875
             	SED dist: 3.18782377243042		 Val SED dist: 11.860748291015625

Epoch 46/150000: Training Loss: 1.8436553478240967		 Val Loss: 5.484462738037109
             	Training MAE: 0.21395336091518402		 Val MAE: 0.21390441060066223
             	Algebraic dist: 47.82414627075195		 Val Algebraic dist: 75.07726033528645
             	RE1 dist: 3622.402587890625		 Val RE1 dist: 4994.317057291667
             	SED dist: 3.3961334228515625		 Val SED dist: 10.67374038696289

Epoch 47/150000: Training Loss: 1.5911880731582642		 Val Loss: 6.3046112060546875
             	Training MAE: 0.21429938077926636		 Val MAE: 0.21503455936908722
             	Algebraic dist: 46.90625		 Val Algebraic dist: 82.68311055501302
             	RE1 dist: 2503.17626953125		 Val RE1 dist: 6170.059244791667
             	SED dist: 2.8892769813537598		 Val SED dist: 12.313031514485678

Epoch 48/150000: Training Loss: 1.8899422883987427		 Val Loss: 5.945854822794597
             	Training MAE: 0.2146690934896469		 Val MAE: 0.2148185521364212
             	Algebraic dist: 50.81340026855469		 Val Algebraic dist: 85.95701090494792
             	RE1 dist: 3496.521240234375		 Val RE1 dist: 5717.412109375
             	SED dist: 3.4869272708892822		 Val SED dist: 11.594109853108725

Epoch 49/150000: Training Loss: 1.5362292528152466		 Val Loss: 6.444735209147136
             	Training MAE: 0.21417856216430664		 Val MAE: 0.2143414169549942
             	Algebraic dist: 44.39689254760742		 Val Algebraic dist: 75.78330485026042
             	RE1 dist: 2033.1578369140625		 Val RE1 dist: 6272.117838541667
             	SED dist: 2.778724431991577		 Val SED dist: 12.59438451131185

Epoch 50/150000: Training Loss: 1.990767478942871		 Val Loss: 5.039024670918782
             	Training MAE: 0.214499369263649		 Val MAE: 0.21392899751663208
             	Algebraic dist: 52.44552230834961		 Val Algebraic dist: 81.2713623046875
             	RE1 dist: 3958.45458984375		 Val RE1 dist: 5347.0234375
             	SED dist: 3.687831401824951		 Val SED dist: 9.78115971883138

Epoch 51/150000: Training Loss: 1.6059255599975586		 Val Loss: 6.456711451212565
             	Training MAE: 0.21411970257759094		 Val MAE: 0.21479299664497375
             	Algebraic dist: 48.764991760253906		 Val Algebraic dist: 79.00857543945312
             	RE1 dist: 2292.68359375		 Val RE1 dist: 6410.697916666667
             	SED dist: 2.9176292419433594		 Val SED dist: 12.616261800130209

Epoch 52/150000: Training Loss: 1.7421954870224		 Val Loss: 5.844387054443359
             	Training MAE: 0.215736985206604		 Val MAE: 0.21496187150478363
             	Algebraic dist: 50.96605682373047		 Val Algebraic dist: 83.07177734375
             	RE1 dist: 3650.61083984375		 Val RE1 dist: 6059.779947916667
             	SED dist: 3.1877617835998535		 Val SED dist: 11.389324188232422

Epoch 53/150000: Training Loss: 1.6384611129760742		 Val Loss: 5.8302796681722
             	Training MAE: 0.21497869491577148		 Val MAE: 0.2139376848936081
             	Algebraic dist: 49.93550491333008		 Val Algebraic dist: 80.56093343098958
             	RE1 dist: 2883.935546875		 Val RE1 dist: 6690.520833333333
             	SED dist: 2.9798226356506348		 Val SED dist: 11.362826029459635

Epoch 54/150000: Training Loss: 1.608475923538208		 Val Loss: 6.334035873413086
             	Training MAE: 0.2134454846382141		 Val MAE: 0.2123909741640091
             	Algebraic dist: 47.91982650756836		 Val Algebraic dist: 86.27127075195312
             	RE1 dist: 3295.3984375		 Val RE1 dist: 6479.744791666667
             	SED dist: 2.9227614402770996		 Val SED dist: 12.371089935302734

Epoch 55/150000: Training Loss: 1.49534010887146		 Val Loss: 6.385112762451172
             	Training MAE: 0.2131369709968567		 Val MAE: 0.21471337974071503
             	Algebraic dist: 46.00376510620117		 Val Algebraic dist: 80.02757771809895
             	RE1 dist: 2460.095458984375		 Val RE1 dist: 6254.014973958333
             	SED dist: 2.6966607570648193		 Val SED dist: 12.471363067626953

Epoch 56/150000: Training Loss: 1.592235803604126		 Val Loss: 5.630175272623698
             	Training MAE: 0.21560828387737274		 Val MAE: 0.216060608625412
             	Algebraic dist: 48.49433898925781		 Val Algebraic dist: 81.63619486490886
             	RE1 dist: 2973.54296875		 Val RE1 dist: 6325.938151041667
             	SED dist: 2.887162685394287		 Val SED dist: 10.959233601888021

Epoch 57/150000: Training Loss: 1.3980200290679932		 Val Loss: 5.465073267618815
             	Training MAE: 0.216413214802742		 Val MAE: 0.21516315639019012
             	Algebraic dist: 45.5450553894043		 Val Algebraic dist: 80.87744140625
             	RE1 dist: 2424.1796875		 Val RE1 dist: 6075.5625
             	SED dist: 2.4974613189697266		 Val SED dist: 10.630280176798502

Epoch 58/150000: Training Loss: 1.4084992408752441		 Val Loss: 5.748523712158203
             	Training MAE: 0.21578127145767212		 Val MAE: 0.2137022614479065
             	Algebraic dist: 44.45082092285156		 Val Algebraic dist: 77.2490743001302
             	RE1 dist: 2689.051513671875		 Val RE1 dist: 5863.134114583333
             	SED dist: 2.5203306674957275		 Val SED dist: 11.200759887695312

Epoch 59/150000: Training Loss: 1.3888154029846191		 Val Loss: 5.867190678914388
             	Training MAE: 0.21441155672073364		 Val MAE: 0.2137681096792221
             	Algebraic dist: 45.00309371948242		 Val Algebraic dist: 81.31006368001302
             	RE1 dist: 2410.175048828125		 Val RE1 dist: 5773.688802083333
             	SED dist: 2.482876777648926		 Val SED dist: 11.437702178955078

Epoch 60/150000: Training Loss: 1.5013235807418823		 Val Loss: 5.5531361897786455
             	Training MAE: 0.21439063549041748		 Val MAE: 0.215520977973938
             	Algebraic dist: 45.903167724609375		 Val Algebraic dist: 80.58510335286458
             	RE1 dist: 2520.13232421875		 Val RE1 dist: 6494.697265625
             	SED dist: 2.7075018882751465		 Val SED dist: 10.80739720662435

Epoch 61/150000: Training Loss: 1.4198172092437744		 Val Loss: 5.775758107503255
             	Training MAE: 0.21569101512432098		 Val MAE: 0.21482427418231964
             	Algebraic dist: 43.2808837890625		 Val Algebraic dist: 83.50555419921875
             	RE1 dist: 2450.031005859375		 Val RE1 dist: 6327.87890625
             	SED dist: 2.5439810752868652		 Val SED dist: 11.253657023111979

Epoch 62/150000: Training Loss: 1.419722080230713		 Val Loss: 5.776452382405599
             	Training MAE: 0.21602962911128998		 Val MAE: 0.21616236865520477
             	Algebraic dist: 43.96916198730469		 Val Algebraic dist: 77.80741373697917
             	RE1 dist: 2264.137939453125		 Val RE1 dist: 5965.4296875
             	SED dist: 2.5427541732788086		 Val SED dist: 11.252998352050781

Epoch 63/150000: Training Loss: 1.5552089214324951		 Val Loss: 6.177970250447591
             	Training MAE: 0.21580080687999725		 Val MAE: 0.2155977189540863
             	Algebraic dist: 45.862979888916016		 Val Algebraic dist: 79.61186218261719
             	RE1 dist: 2736.99560546875		 Val RE1 dist: 6217.40625
             	SED dist: 2.8144516944885254		 Val SED dist: 12.0567626953125

Epoch 64/150000: Training Loss: 1.2891912460327148		 Val Loss: 6.252815882364909
             	Training MAE: 0.21526280045509338		 Val MAE: 0.21423594653606415
             	Algebraic dist: 40.99563980102539		 Val Algebraic dist: 82.49415588378906
             	RE1 dist: 2166.813720703125		 Val RE1 dist: 6570.378255208333
             	SED dist: 2.2836031913757324		 Val SED dist: 12.209241231282553

Epoch 65/150000: Training Loss: 1.576233983039856		 Val Loss: 5.820051193237305
             	Training MAE: 0.21451795101165771		 Val MAE: 0.21546335518360138
             	Algebraic dist: 48.58142852783203		 Val Algebraic dist: 83.99676513671875
             	RE1 dist: 2736.62158203125		 Val RE1 dist: 5991.938802083333
             	SED dist: 2.8590803146362305		 Val SED dist: 11.341042836507162

Epoch 66/150000: Training Loss: 1.6320769786834717		 Val Loss: 6.593029022216797
             	Training MAE: 0.21601638197898865		 Val MAE: 0.21655894815921783
             	Algebraic dist: 47.308475494384766		 Val Algebraic dist: 83.77232869466145
             	RE1 dist: 2618.294677734375		 Val RE1 dist: 6544.483723958333
             	SED dist: 2.967911720275879		 Val SED dist: 12.886856079101562

Epoch 67/150000: Training Loss: 1.5381064414978027		 Val Loss: 5.72842534383138
             	Training MAE: 0.21649129688739777		 Val MAE: 0.2159128189086914
             	Algebraic dist: 46.99081039428711		 Val Algebraic dist: 81.72196451822917
             	RE1 dist: 3039.345458984375		 Val RE1 dist: 6030.479166666667
             	SED dist: 2.7802834510803223		 Val SED dist: 11.158490498860678

Epoch 68/150000: Training Loss: 1.454859733581543		 Val Loss: 6.260711669921875
             	Training MAE: 0.2154437154531479		 Val MAE: 0.21415020525455475
             	Algebraic dist: 45.910484313964844		 Val Algebraic dist: 77.39925130208333
             	RE1 dist: 2419.37890625		 Val RE1 dist: 5808.175130208333
             	SED dist: 2.6151833534240723		 Val SED dist: 12.227129618326822

Epoch 69/150000: Training Loss: 1.4489213228225708		 Val Loss: 6.141820907592773
             	Training MAE: 0.21423949301242828		 Val MAE: 0.21423234045505524
             	Algebraic dist: 45.253238677978516		 Val Algebraic dist: 76.48065694173177
             	RE1 dist: 2695.77978515625		 Val RE1 dist: 5453.50390625
             	SED dist: 2.6063408851623535		 Val SED dist: 11.990178426106771

Epoch 70/150000: Training Loss: 1.3970098495483398		 Val Loss: 5.72561518351237
             	Training MAE: 0.2159138172864914		 Val MAE: 0.21626681089401245
             	Algebraic dist: 43.63876724243164		 Val Algebraic dist: 79.0159200032552
             	RE1 dist: 2360.78173828125		 Val RE1 dist: 5458.05078125
             	SED dist: 2.4999167919158936		 Val SED dist: 11.153844197591146

Epoch 71/150000: Training Loss: 1.4236204624176025		 Val Loss: 5.682008743286133
             	Training MAE: 0.21688945591449738		 Val MAE: 0.2167869210243225
             	Algebraic dist: 43.421905517578125		 Val Algebraic dist: 73.83704630533855
             	RE1 dist: 2341.9287109375		 Val RE1 dist: 4988.913736979167
             	SED dist: 2.5525810718536377		 Val SED dist: 11.06765874226888

Epoch 72/150000: Training Loss: 1.3248863220214844		 Val Loss: 5.684731165568034
             	Training MAE: 0.21636620163917542		 Val MAE: 0.21604375541210175
             	Algebraic dist: 42.22997283935547		 Val Algebraic dist: 76.16800944010417
             	RE1 dist: 2015.925048828125		 Val RE1 dist: 5595.3984375
             	SED dist: 2.3565926551818848		 Val SED dist: 11.074490865071615

Epoch 73/150000: Training Loss: 1.415447473526001		 Val Loss: 5.880431493123372
             	Training MAE: 0.21618543565273285		 Val MAE: 0.2159791886806488
             	Algebraic dist: 43.522090911865234		 Val Algebraic dist: 77.1049296061198
             	RE1 dist: 2326.622314453125		 Val RE1 dist: 5741.535807291667
             	SED dist: 2.5376880168914795		 Val SED dist: 11.465624491373697

Epoch 74/150000: Training Loss: 1.4497580528259277		 Val Loss: 5.801307678222656
             	Training MAE: 0.21604733169078827		 Val MAE: 0.21547304093837738
             	Algebraic dist: 43.92280578613281		 Val Algebraic dist: 79.10020955403645
             	RE1 dist: 2409.596923828125		 Val RE1 dist: 5570.986979166667
             	SED dist: 2.606480360031128		 Val SED dist: 11.308030446370443

Epoch 75/150000: Training Loss: 1.3510468006134033		 Val Loss: 5.089603741963704
             	Training MAE: 0.21679885685443878		 Val MAE: 0.2176745980978012
             	Algebraic dist: 40.8165283203125		 Val Algebraic dist: 75.5369364420573
             	RE1 dist: 1933.1494140625		 Val RE1 dist: 5119.701822916667
             	SED dist: 2.4081759452819824		 Val SED dist: 9.881542205810547

Epoch 76/150000: Training Loss: 1.6530418395996094		 Val Loss: 5.350292205810547
             	Training MAE: 0.2179834395647049		 Val MAE: 0.21781547367572784
             	Algebraic dist: 47.379032135009766		 Val Algebraic dist: 70.53722127278645
             	RE1 dist: 2651.10302734375		 Val RE1 dist: 5307.205729166667
             	SED dist: 3.0102405548095703		 Val SED dist: 10.403592427571615

Epoch 77/150000: Training Loss: 1.4769943952560425		 Val Loss: 6.1203053792317705
             	Training MAE: 0.217697873711586		 Val MAE: 0.2160932421684265
             	Algebraic dist: 44.108821868896484		 Val Algebraic dist: 82.02834065755208
             	RE1 dist: 2188.423583984375		 Val RE1 dist: 5728.473958333333
             	SED dist: 2.658473014831543		 Val SED dist: 11.945247650146484

Epoch 78/150000: Training Loss: 1.4260188341140747		 Val Loss: 5.606048583984375
             	Training MAE: 0.21661639213562012		 Val MAE: 0.2165021449327469
             	Algebraic dist: 43.275718688964844		 Val Algebraic dist: 75.63092041015625
             	RE1 dist: 2283.197509765625		 Val RE1 dist: 5643.56640625
             	SED dist: 2.5585367679595947		 Val SED dist: 10.915782928466797

Epoch 79/150000: Training Loss: 1.4776259660720825		 Val Loss: 5.570878346761067
             	Training MAE: 0.21670670807361603		 Val MAE: 0.21633858978748322
             	Algebraic dist: 44.094852447509766		 Val Algebraic dist: 81.78153483072917
             	RE1 dist: 2423.497802734375		 Val RE1 dist: 5608.623697916667
             	SED dist: 2.660842180252075		 Val SED dist: 10.845575968424479

Epoch 80/150000: Training Loss: 1.533029317855835		 Val Loss: 6.052671432495117
             	Training MAE: 0.2171138972043991		 Val MAE: 0.21719741821289062
             	Algebraic dist: 46.403526306152344		 Val Algebraic dist: 75.64196268717448
             	RE1 dist: 2677.4853515625		 Val RE1 dist: 5719.026041666667
             	SED dist: 2.7711832523345947		 Val SED dist: 11.8088747660319

Epoch 81/150000: Training Loss: 1.3185995817184448		 Val Loss: 4.97611935933431
             	Training MAE: 0.21783822774887085		 Val MAE: 0.21852973103523254
             	Algebraic dist: 41.18158721923828		 Val Algebraic dist: 76.86321512858073
             	RE1 dist: 1959.70556640625		 Val RE1 dist: 5108.149088541667
             	SED dist: 2.3408865928649902		 Val SED dist: 9.651571909586588

Epoch 82/150000: Training Loss: 1.6808319091796875		 Val Loss: 6.024374008178711
             	Training MAE: 0.21835725009441376		 Val MAE: 0.21803121268749237
             	Algebraic dist: 48.96223831176758		 Val Algebraic dist: 78.42820231119792
             	RE1 dist: 3135.152587890625		 Val RE1 dist: 5995.086588541667
             	SED dist: 3.064178943634033		 Val SED dist: 11.750010172526041

Epoch 83/150000: Training Loss: 1.4124786853790283		 Val Loss: 6.436248779296875
             	Training MAE: 0.21704092621803284		 Val MAE: 0.21629665791988373
             	Algebraic dist: 43.021949768066406		 Val Algebraic dist: 86.884033203125
             	RE1 dist: 2411.509033203125		 Val RE1 dist: 6678.0625
             	SED dist: 2.5304925441741943		 Val SED dist: 12.576180775960287

Epoch 84/150000: Training Loss: 1.5085206031799316		 Val Loss: 5.5419057210286455
             	Training MAE: 0.21610277891159058		 Val MAE: 0.21654191613197327
             	Algebraic dist: 45.96044158935547		 Val Algebraic dist: 76.47323608398438
             	RE1 dist: 2254.20654296875		 Val RE1 dist: 5776.759114583333
             	SED dist: 2.7234532833099365		 Val SED dist: 10.788312276204428

Epoch 85/150000: Training Loss: 1.3551452159881592		 Val Loss: 5.999205271402995
             	Training MAE: 0.21898017823696136		 Val MAE: 0.22025078535079956
             	Algebraic dist: 41.9427604675293		 Val Algebraic dist: 81.95335896809895
             	RE1 dist: 2233.27880859375		 Val RE1 dist: 5926.852864583333
             	SED dist: 2.412813663482666		 Val SED dist: 11.69680658976237

Epoch 86/150000: Training Loss: 1.2870656251907349		 Val Loss: 5.592934290568034
             	Training MAE: 0.22083455324172974		 Val MAE: 0.22084130346775055
             	Algebraic dist: 41.05955505371094		 Val Algebraic dist: 75.5193379720052
             	RE1 dist: 2078.5634765625		 Val RE1 dist: 5330.295572916667
             	SED dist: 2.2731075286865234		 Val SED dist: 10.882621765136719

Epoch 87/150000: Training Loss: 1.502082109451294		 Val Loss: 5.666604359944661
             	Training MAE: 0.22142484784126282		 Val MAE: 0.22120462357997894
             	Algebraic dist: 43.79548263549805		 Val Algebraic dist: 75.26114908854167
             	RE1 dist: 2542.41748046875		 Val RE1 dist: 5033.717447916667
             	SED dist: 2.701129913330078		 Val SED dist: 11.029553731282553

Epoch 88/150000: Training Loss: 1.6901811361312866		 Val Loss: 6.615236282348633
             	Training MAE: 0.22000691294670105		 Val MAE: 0.21908605098724365
             	Algebraic dist: 46.11387634277344		 Val Algebraic dist: 82.7459208170573
             	RE1 dist: 3141.05908203125		 Val RE1 dist: 6303.057942708333
             	SED dist: 3.0805723667144775		 Val SED dist: 12.930061340332031

Epoch 89/150000: Training Loss: 1.7347235679626465		 Val Loss: 5.72093391418457
             	Training MAE: 0.21849055588245392		 Val MAE: 0.2188529223203659
             	Algebraic dist: 50.80030059814453		 Val Algebraic dist: 73.67823791503906
             	RE1 dist: 2589.3212890625		 Val RE1 dist: 5646.815755208333
             	SED dist: 3.172581195831299		 Val SED dist: 11.141573588053385

Epoch 90/150000: Training Loss: 1.952193260192871		 Val Loss: 6.425320307413737
             	Training MAE: 0.21920718252658844		 Val MAE: 0.21951664984226227
             	Algebraic dist: 51.59375762939453		 Val Algebraic dist: 82.35094706217448
             	RE1 dist: 4144.44921875		 Val RE1 dist: 6189.0
             	SED dist: 3.606394052505493		 Val SED dist: 12.548116048177084

Epoch 91/150000: Training Loss: 2.246112823486328		 Val Loss: 6.377167383829753
             	Training MAE: 0.2204389125108719		 Val MAE: 0.21882334351539612
             	Algebraic dist: 60.268096923828125		 Val Algebraic dist: 81.88488260904948
             	RE1 dist: 3875.576171875		 Val RE1 dist: 6388.70703125
             	SED dist: 4.190432548522949		 Val SED dist: 12.452870686848959

Epoch 92/150000: Training Loss: 1.852939248085022		 Val Loss: 6.111505508422852
             	Training MAE: 0.21795770525932312		 Val MAE: 0.21664351224899292
             	Algebraic dist: 49.535213470458984		 Val Algebraic dist: 79.44566853841145
             	RE1 dist: 3964.628173828125		 Val RE1 dist: 6313.071614583333
             	SED dist: 3.409926414489746		 Val SED dist: 11.926199595133463

Epoch 93/150000: Training Loss: 1.7083863019943237		 Val Loss: 6.091454823811849
             	Training MAE: 0.21694305539131165		 Val MAE: 0.21658527851104736
             	Algebraic dist: 49.862876892089844		 Val Algebraic dist: 81.6977030436198
             	RE1 dist: 2698.75341796875		 Val RE1 dist: 6146.993489583333
             	SED dist: 3.121797561645508		 Val SED dist: 11.884835561116537

Epoch 94/150000: Training Loss: 1.5439518690109253		 Val Loss: 5.85206667582194
             	Training MAE: 0.21728546917438507		 Val MAE: 0.21869540214538574
             	Algebraic dist: 44.490150451660156		 Val Algebraic dist: 78.1689961751302
             	RE1 dist: 2870.000244140625		 Val RE1 dist: 5994.143229166667
             	SED dist: 2.792567491531372		 Val SED dist: 11.403279622395834

Epoch 95/150000: Training Loss: 1.7195608615875244		 Val Loss: 5.282646497090657
             	Training MAE: 0.21949560940265656		 Val MAE: 0.22049519419670105
             	Algebraic dist: 49.446475982666016		 Val Algebraic dist: 82.7770284016927
             	RE1 dist: 2986.23583984375		 Val RE1 dist: 5815.765625
             	SED dist: 3.13862943649292		 Val SED dist: 10.25875981648763

Epoch 96/150000: Training Loss: 1.534792184829712		 Val Loss: 5.791200637817383
             	Training MAE: 0.2194090187549591		 Val MAE: 0.21919384598731995
             	Algebraic dist: 45.41796112060547		 Val Algebraic dist: 79.5513407389323
             	RE1 dist: 2858.61328125		 Val RE1 dist: 6004.133463541667
             	SED dist: 2.7692313194274902		 Val SED dist: 11.279253641764322

Epoch 97/150000: Training Loss: 1.5200417041778564		 Val Loss: 6.099602381388347
             	Training MAE: 0.2187100052833557		 Val MAE: 0.21752691268920898
             	Algebraic dist: 46.666622161865234		 Val Algebraic dist: 80.75095621744792
             	RE1 dist: 2433.052978515625		 Val RE1 dist: 6381.604817708333
             	SED dist: 2.740903377532959		 Val SED dist: 11.90030288696289

Epoch 98/150000: Training Loss: 1.3346518278121948		 Val Loss: 5.754473368326823
             	Training MAE: 0.21888060867786407		 Val MAE: 0.21852655708789825
             	Algebraic dist: 43.188758850097656		 Val Algebraic dist: 77.6434326171875
             	RE1 dist: 2415.1533203125		 Val RE1 dist: 5926.357421875
             	SED dist: 2.3705408573150635		 Val SED dist: 11.207594553629557

Epoch 99/150000: Training Loss: 1.3366049528121948		 Val Loss: 5.470676422119141
             	Training MAE: 0.21915705502033234		 Val MAE: 0.219582200050354
             	Algebraic dist: 43.67841339111328		 Val Algebraic dist: 84.83235677083333
             	RE1 dist: 2300.1865234375		 Val RE1 dist: 5751.432291666667
             	SED dist: 2.374065399169922		 Val SED dist: 10.638249715169271

Epoch 100/150000: Training Loss: 1.5153294801712036		 Val Loss: 6.323261260986328
             	Training MAE: 0.21929331123828888		 Val MAE: 0.21917125582695007
             	Algebraic dist: 47.51640319824219		 Val Algebraic dist: 83.38966878255208
             	RE1 dist: 2570.136962890625		 Val RE1 dist: 6580.911458333333
             	SED dist: 2.731300115585327		 Val SED dist: 12.344996134440104

Epoch 101/150000: Training Loss: 1.4389674663543701		 Val Loss: 4.936544736226399
             	Training MAE: 0.21895776689052582		 Val MAE: 0.21916377544403076
             	Algebraic dist: 43.65215301513672		 Val Algebraic dist: 76.68980407714844
             	RE1 dist: 2418.20947265625		 Val RE1 dist: 5027.640625
             	SED dist: 2.5804176330566406		 Val SED dist: 9.570883433024088

Epoch 102/150000: Training Loss: 1.4190422296524048		 Val Loss: 6.598000208536784
             	Training MAE: 0.21901977062225342		 Val MAE: 0.21890047192573547
             	Algebraic dist: 44.44293212890625		 Val Algebraic dist: 84.34672037760417
             	RE1 dist: 2083.927001953125		 Val RE1 dist: 6733.873697916667
             	SED dist: 2.5404298305511475		 Val SED dist: 12.89617919921875

Epoch 103/150000: Training Loss: 1.4799847602844238		 Val Loss: 5.704425811767578
             	Training MAE: 0.2188405990600586		 Val MAE: 0.2188010811805725
             	Algebraic dist: 44.78740692138672		 Val Algebraic dist: 79.69522094726562
             	RE1 dist: 2634.371337890625		 Val RE1 dist: 5656.163411458333
             	SED dist: 2.6628901958465576		 Val SED dist: 11.10876210530599

Epoch 104/150000: Training Loss: 1.4830477237701416		 Val Loss: 5.8552296956380205
             	Training MAE: 0.21911713480949402		 Val MAE: 0.21935665607452393
             	Algebraic dist: 44.49527359008789		 Val Algebraic dist: 76.28770955403645
             	RE1 dist: 2098.214111328125		 Val RE1 dist: 5353.689453125
             	SED dist: 2.6684823036193848		 Val SED dist: 11.41058603922526

Epoch 105/150000: Training Loss: 1.373939871788025		 Val Loss: 5.618932723999023
             	Training MAE: 0.21966904401779175		 Val MAE: 0.219106987118721
             	Algebraic dist: 42.22469711303711		 Val Algebraic dist: 82.50551350911458
             	RE1 dist: 2355.573974609375		 Val RE1 dist: 6015.662760416667
             	SED dist: 2.4492647647857666		 Val SED dist: 10.936266581217447

Epoch 106/150000: Training Loss: 1.3438559770584106		 Val Loss: 5.827781041463216
             	Training MAE: 0.21818634867668152		 Val MAE: 0.21702176332473755
             	Algebraic dist: 42.368309020996094		 Val Algebraic dist: 75.8104756673177
             	RE1 dist: 2036.63818359375		 Val RE1 dist: 5630.990885416667
             	SED dist: 2.3916738033294678		 Val SED dist: 11.359213511149088

Epoch 107/150000: Training Loss: 1.3606785535812378		 Val Loss: 5.994698842366536
             	Training MAE: 0.21714363992214203		 Val MAE: 0.21790681779384613
             	Algebraic dist: 42.5263786315918		 Val Algebraic dist: 86.58636474609375
             	RE1 dist: 2124.3193359375		 Val RE1 dist: 6166.302734375
             	SED dist: 2.427896499633789		 Val SED dist: 11.691505432128906

Epoch 108/150000: Training Loss: 1.4520374536514282		 Val Loss: 5.324745178222656
             	Training MAE: 0.217830091714859		 Val MAE: 0.21736979484558105
             	Algebraic dist: 44.62275695800781		 Val Algebraic dist: 73.97880045572917
             	RE1 dist: 2297.38818359375		 Val RE1 dist: 5347.936848958333
             	SED dist: 2.609445810317993		 Val SED dist: 10.353283564249674

Epoch 109/150000: Training Loss: 1.3673791885375977		 Val Loss: 5.956041971842448
             	Training MAE: 0.21799680590629578		 Val MAE: 0.2174305021762848
             	Algebraic dist: 42.746421813964844		 Val Algebraic dist: 82.40721130371094
             	RE1 dist: 2015.794921875		 Val RE1 dist: 5730.755208333333
             	SED dist: 2.439525842666626		 Val SED dist: 11.615750630696615

Epoch 110/150000: Training Loss: 1.3234906196594238		 Val Loss: 6.584503173828125
             	Training MAE: 0.21798445284366608		 Val MAE: 0.2181382030248642
             	Algebraic dist: 40.97932434082031		 Val Algebraic dist: 80.46746826171875
             	RE1 dist: 2086.74462890625		 Val RE1 dist: 6204.598307291667
             	SED dist: 2.3518385887145996		 Val SED dist: 12.870635986328125

Epoch 111/150000: Training Loss: 1.5264954566955566		 Val Loss: 5.50788688659668
             	Training MAE: 0.217807799577713		 Val MAE: 0.2171357125043869
             	Algebraic dist: 45.009910583496094		 Val Algebraic dist: 74.06800333658855
             	RE1 dist: 2609.142333984375		 Val RE1 dist: 4998.5341796875
             	SED dist: 2.7579314708709717		 Val SED dist: 10.71957778930664

Epoch 112/150000: Training Loss: 1.3258998394012451		 Val Loss: 6.118844985961914
             	Training MAE: 0.21731685101985931		 Val MAE: 0.21752506494522095
             	Algebraic dist: 42.376182556152344		 Val Algebraic dist: 78.98736063639323
             	RE1 dist: 2000.0400390625		 Val RE1 dist: 6038.311848958333
             	SED dist: 2.357919454574585		 Val SED dist: 11.940821329752604

Epoch 113/150000: Training Loss: 1.3583183288574219		 Val Loss: 5.716694513956706
             	Training MAE: 0.21742981672286987		 Val MAE: 0.21791821718215942
             	Algebraic dist: 42.625816345214844		 Val Algebraic dist: 81.57853698730469
             	RE1 dist: 2231.552978515625		 Val RE1 dist: 5703.917317708333
             	SED dist: 2.422866106033325		 Val SED dist: 11.13540776570638

Epoch 114/150000: Training Loss: 1.272009015083313		 Val Loss: 5.830557505289714
             	Training MAE: 0.21783103048801422		 Val MAE: 0.21781232953071594
             	Algebraic dist: 40.77374267578125		 Val Algebraic dist: 76.5265401204427
             	RE1 dist: 1789.9290771484375		 Val RE1 dist: 5579.268229166667
             	SED dist: 2.249174118041992		 Val SED dist: 11.363703409830729

Epoch 115/150000: Training Loss: 1.4104863405227661		 Val Loss: 5.4889577229817705
             	Training MAE: 0.21753962337970734		 Val MAE: 0.2167411744594574
             	Algebraic dist: 42.23579406738281		 Val Algebraic dist: 79.08722432454427
             	RE1 dist: 2335.97607421875		 Val RE1 dist: 5610.4609375
             	SED dist: 2.5267813205718994		 Val SED dist: 10.681368509928385

Epoch 116/150000: Training Loss: 1.4474486112594604		 Val Loss: 5.535476048787435
             	Training MAE: 0.21687142550945282		 Val MAE: 0.2164400964975357
             	Algebraic dist: 45.71014404296875		 Val Algebraic dist: 78.57879130045573
             	RE1 dist: 2273.388671875		 Val RE1 dist: 5437.7158203125
             	SED dist: 2.601086139678955		 Val SED dist: 10.775802612304688

Epoch 117/150000: Training Loss: 1.290846347808838		 Val Loss: 5.456429163614909
             	Training MAE: 0.21631282567977905		 Val MAE: 0.2175910770893097
             	Algebraic dist: 40.29579544067383		 Val Algebraic dist: 77.82249959309895
             	RE1 dist: 1971.148681640625		 Val RE1 dist: 5558.070963541667
             	SED dist: 2.2891712188720703		 Val SED dist: 10.615090688069662

Epoch 118/150000: Training Loss: 1.4001634120941162		 Val Loss: 6.0302734375
             	Training MAE: 0.21764524281024933		 Val MAE: 0.21722017228603363
             	Algebraic dist: 42.89957046508789		 Val Algebraic dist: 82.80194091796875
             	RE1 dist: 2215.2119140625		 Val RE1 dist: 5820.580729166667
             	SED dist: 2.5052542686462402		 Val SED dist: 11.762805938720703

Epoch 119/150000: Training Loss: 1.4606473445892334		 Val Loss: 6.085039774576823
             	Training MAE: 0.21656540036201477		 Val MAE: 0.21592271327972412
             	Algebraic dist: 43.28009033203125		 Val Algebraic dist: 75.00821940104167
             	RE1 dist: 2326.606201171875		 Val RE1 dist: 5699.156901041667
             	SED dist: 2.628654956817627		 Val SED dist: 11.875685373942057

Epoch 120/150000: Training Loss: 1.4619288444519043		 Val Loss: 5.287196159362793
             	Training MAE: 0.2161671370267868		 Val MAE: 0.21636417508125305
             	Algebraic dist: 45.58159637451172		 Val Algebraic dist: 75.52830505371094
             	RE1 dist: 2620.105712890625		 Val RE1 dist: 5419.43359375
             	SED dist: 2.6319024562835693		 Val SED dist: 10.278204600016275

Epoch 121/150000: Training Loss: 1.4326568841934204		 Val Loss: 6.367805480957031
             	Training MAE: 0.2158900648355484		 Val MAE: 0.2162240743637085
             	Algebraic dist: 43.57299041748047		 Val Algebraic dist: 73.14935811360677
             	RE1 dist: 2191.08447265625		 Val RE1 dist: 5994.848958333333
             	SED dist: 2.5733413696289062		 Val SED dist: 12.441899617513021

Epoch 122/150000: Training Loss: 1.3831813335418701		 Val Loss: 5.949421564737956
             	Training MAE: 0.2167762666940689		 Val MAE: 0.21735845506191254
             	Algebraic dist: 41.993221282958984		 Val Algebraic dist: 77.19930013020833
             	RE1 dist: 2311.196044921875		 Val RE1 dist: 5190.109375
             	SED dist: 2.4740118980407715		 Val SED dist: 11.601367950439453

Epoch 123/150000: Training Loss: 1.460099220275879		 Val Loss: 6.31900151570638
             	Training MAE: 0.2171599119901657		 Val MAE: 0.2168952077627182
             	Algebraic dist: 43.61660385131836		 Val Algebraic dist: 80.40409851074219
             	RE1 dist: 2305.194091796875		 Val RE1 dist: 5793.998046875
             	SED dist: 2.626377582550049		 Val SED dist: 12.341958363850912

Epoch 124/150000: Training Loss: 1.4359495639801025		 Val Loss: 5.886871973673503
             	Training MAE: 0.21579602360725403		 Val MAE: 0.2145220786333084
             	Algebraic dist: 43.1565055847168		 Val Algebraic dist: 77.23598225911458
             	RE1 dist: 2571.503173828125		 Val RE1 dist: 5214.845052083333
             	SED dist: 2.581361770629883		 Val SED dist: 11.482264200846354

Epoch 125/150000: Training Loss: 1.4694066047668457		 Val Loss: 6.3334910074869795
             	Training MAE: 0.2148321568965912		 Val MAE: 0.21444089710712433
             	Algebraic dist: 43.962520599365234		 Val Algebraic dist: 78.6123046875
             	RE1 dist: 1998.034423828125		 Val RE1 dist: 5941.1953125
             	SED dist: 2.649334669113159		 Val SED dist: 12.376169840494791

Epoch 126/150000: Training Loss: 1.401367425918579		 Val Loss: 5.444957097371419
             	Training MAE: 0.21483559906482697		 Val MAE: 0.21552826464176178
             	Algebraic dist: 42.95928192138672		 Val Algebraic dist: 76.05514526367188
             	RE1 dist: 2546.32958984375		 Val RE1 dist: 5105.6640625
             	SED dist: 2.5138838291168213		 Val SED dist: 10.596434275309244

Epoch 127/150000: Training Loss: 1.6798139810562134		 Val Loss: 6.403535842895508
             	Training MAE: 0.21619702875614166		 Val MAE: 0.21563078463077545
             	Algebraic dist: 47.059173583984375		 Val Algebraic dist: 77.70661926269531
             	RE1 dist: 2468.865966796875		 Val RE1 dist: 6012.513020833333
             	SED dist: 3.0680930614471436		 Val SED dist: 12.51480229695638

Epoch 128/150000: Training Loss: 1.4506936073303223		 Val Loss: 6.035532633463542
             	Training MAE: 0.21595460176467896		 Val MAE: 0.21501140296459198
             	Algebraic dist: 43.264827728271484		 Val Algebraic dist: 78.41677856445312
             	RE1 dist: 2571.215576171875		 Val RE1 dist: 5528.763671875
             	SED dist: 2.6113686561584473		 Val SED dist: 11.779290517171225

Epoch 129/150000: Training Loss: 1.3582857847213745		 Val Loss: 5.445227305094401
             	Training MAE: 0.21522630751132965		 Val MAE: 0.21495066583156586
             	Algebraic dist: 41.938995361328125		 Val Algebraic dist: 72.93675740559895
             	RE1 dist: 1977.0045166015625		 Val RE1 dist: 4920.065755208333
             	SED dist: 2.4267373085021973		 Val SED dist: 10.600313822428385

Epoch 130/150000: Training Loss: 1.2275876998901367		 Val Loss: 6.222894668579102
             	Training MAE: 0.21591563522815704		 Val MAE: 0.21513529121875763
             	Algebraic dist: 40.17005920410156		 Val Algebraic dist: 76.13796997070312
             	RE1 dist: 2077.33154296875		 Val RE1 dist: 6014.391927083333
             	SED dist: 2.164181709289551		 Val SED dist: 12.153250376383463

Epoch 131/150000: Training Loss: 1.5166103839874268		 Val Loss: 5.025185267130534
             	Training MAE: 0.21602125465869904		 Val MAE: 0.21496932208538055
             	Algebraic dist: 45.560813903808594		 Val Algebraic dist: 79.0858154296875
             	RE1 dist: 2493.249755859375		 Val RE1 dist: 5208.018880208333
             	SED dist: 2.7411341667175293		 Val SED dist: 9.756910959879557

Epoch 132/150000: Training Loss: 1.6264350414276123		 Val Loss: 7.500328699747722
             	Training MAE: 0.215345099568367		 Val MAE: 0.21330949664115906
             	Algebraic dist: 45.80422592163086		 Val Algebraic dist: 79.79058329264323
             	RE1 dist: 2547.2041015625		 Val RE1 dist: 7600.740885416667
             	SED dist: 2.9630398750305176		 Val SED dist: 14.713241577148438

Epoch 133/150000: Training Loss: 1.81975519657135		 Val Loss: 5.332736651102702
             	Training MAE: 0.21340735256671906		 Val MAE: 0.21271200478076935
             	Algebraic dist: 48.154449462890625		 Val Algebraic dist: 81.99996948242188
             	RE1 dist: 3351.06494140625		 Val RE1 dist: 5270.637044270833
             	SED dist: 3.3531455993652344		 Val SED dist: 10.377060572306315

Epoch 134/150000: Training Loss: 1.5497519969940186		 Val Loss: 6.006846110026042
             	Training MAE: 0.21564693748950958		 Val MAE: 0.2161969095468521
             	Algebraic dist: 44.44664001464844		 Val Algebraic dist: 71.53059387207031
             	RE1 dist: 2100.68310546875		 Val RE1 dist: 5552.033203125
             	SED dist: 2.8075695037841797		 Val SED dist: 11.719921112060547

Epoch 135/150000: Training Loss: 1.6519815921783447		 Val Loss: 5.316018422444661
             	Training MAE: 0.21662519872188568		 Val MAE: 0.21531113982200623
             	Algebraic dist: 46.77330017089844		 Val Algebraic dist: 77.64916483561198
             	RE1 dist: 2988.795654296875		 Val RE1 dist: 5338.4853515625
             	SED dist: 3.011460065841675		 Val SED dist: 10.33919588724772

Epoch 136/150000: Training Loss: 1.6944878101348877		 Val Loss: 6.815369923909505
             	Training MAE: 0.21500542759895325		 Val MAE: 0.21368438005447388
             	Algebraic dist: 48.736289978027344		 Val Algebraic dist: 84.57960510253906
             	RE1 dist: 2481.899169921875		 Val RE1 dist: 6918.522135416667
             	SED dist: 3.09834361076355		 Val SED dist: 13.339461008707682

Epoch 137/150000: Training Loss: 1.580399513244629		 Val Loss: 5.066061019897461
             	Training MAE: 0.2141435295343399		 Val MAE: 0.2145642191171646
             	Algebraic dist: 44.572837829589844		 Val Algebraic dist: 74.9103495279948
             	RE1 dist: 2782.771240234375		 Val RE1 dist: 5188.174479166667
             	SED dist: 2.8718316555023193		 Val SED dist: 9.838963826497396

Epoch 138/150000: Training Loss: 1.4267241954803467		 Val Loss: 5.669521967569987
             	Training MAE: 0.21565617620944977		 Val MAE: 0.21567068994045258
             	Algebraic dist: 43.63121795654297		 Val Algebraic dist: 75.40944417317708
             	RE1 dist: 2030.0687255859375		 Val RE1 dist: 5633.041666666667
             	SED dist: 2.561164379119873		 Val SED dist: 11.044499715169271

Epoch 139/150000: Training Loss: 1.471168041229248		 Val Loss: 5.78353754679362
             	Training MAE: 0.21629196405410767		 Val MAE: 0.21545426547527313
             	Algebraic dist: 44.36265563964844		 Val Algebraic dist: 78.62869262695312
             	RE1 dist: 2603.14453125		 Val RE1 dist: 5896.940104166667
             	SED dist: 2.6488869190216064		 Val SED dist: 11.270875295003256

Epoch 140/150000: Training Loss: 1.3976351022720337		 Val Loss: 5.3526662190755205
             	Training MAE: 0.21560309827327728		 Val MAE: 0.21483910083770752
             	Algebraic dist: 44.53221130371094		 Val Algebraic dist: 78.34253946940105
             	RE1 dist: 2229.462646484375		 Val RE1 dist: 5510.38671875
             	SED dist: 2.501814126968384		 Val SED dist: 10.410566965738932

Epoch 141/150000: Training Loss: 1.3849831819534302		 Val Loss: 5.347497304280599
             	Training MAE: 0.21434932947158813		 Val MAE: 0.21422669291496277
             	Algebraic dist: 43.33892059326172		 Val Algebraic dist: 72.8011983235677
             	RE1 dist: 2391.325927734375		 Val RE1 dist: 5358.708984375
             	SED dist: 2.4800291061401367		 Val SED dist: 10.403292338053385

Epoch 142/150000: Training Loss: 1.1452219486236572		 Val Loss: 5.1579945882161455
             	Training MAE: 0.21557368338108063		 Val MAE: 0.2155977189540863
             	Algebraic dist: 38.45936965942383		 Val Algebraic dist: 76.6336161295573
             	RE1 dist: 1730.681640625		 Val RE1 dist: 5069.306315104167
             	SED dist: 1.998398780822754		 Val SED dist: 10.020816802978516

Epoch 143/150000: Training Loss: 1.260379672050476		 Val Loss: 5.291457494099935
             	Training MAE: 0.2156238853931427		 Val MAE: 0.21413418650627136
             	Algebraic dist: 40.85117721557617		 Val Algebraic dist: 77.13035074869792
             	RE1 dist: 1961.59814453125		 Val RE1 dist: 5348.955403645833
             	SED dist: 2.2285611629486084		 Val SED dist: 10.291990915934244

Epoch 144/150000: Training Loss: 1.4718533754348755		 Val Loss: 5.461263656616211
             	Training MAE: 0.21457481384277344		 Val MAE: 0.21373148262500763
             	Algebraic dist: 45.33838653564453		 Val Algebraic dist: 72.62259928385417
             	RE1 dist: 2653.7880859375		 Val RE1 dist: 5016.29296875
             	SED dist: 2.654658079147339		 Val SED dist: 10.632427851359049

Epoch 145/150000: Training Loss: 1.4074186086654663		 Val Loss: 5.2530364990234375
             	Training MAE: 0.2138538956642151		 Val MAE: 0.21301546692848206
             	Algebraic dist: 42.4969596862793		 Val Algebraic dist: 75.21043904622395
             	RE1 dist: 2268.59326171875		 Val RE1 dist: 5073.122721354167
             	SED dist: 2.527071237564087		 Val SED dist: 10.21815554300944

Epoch 146/150000: Training Loss: 1.35417902469635		 Val Loss: 5.591829935709636
             	Training MAE: 0.21412484347820282		 Val MAE: 0.21443021297454834
             	Algebraic dist: 42.385318756103516		 Val Algebraic dist: 75.34683227539062
             	RE1 dist: 2241.054443359375		 Val RE1 dist: 5251.726888020833
             	SED dist: 2.420461654663086		 Val SED dist: 10.893670399983725

Epoch 147/150000: Training Loss: 1.3473575115203857		 Val Loss: 5.988656361897786
             	Training MAE: 0.21502892673015594		 Val MAE: 0.21562381088733673
             	Algebraic dist: 41.27240753173828		 Val Algebraic dist: 76.88221232096355
             	RE1 dist: 1961.985107421875		 Val RE1 dist: 5429.065755208333
             	SED dist: 2.4064230918884277		 Val SED dist: 11.685845692952475

Epoch 148/150000: Training Loss: 1.384580135345459		 Val Loss: 5.455329895019531
             	Training MAE: 0.21522431075572968		 Val MAE: 0.21419177949428558
             	Algebraic dist: 40.72257995605469		 Val Algebraic dist: 76.54015096028645
             	RE1 dist: 2212.663330078125		 Val RE1 dist: 5184.069661458333
             	SED dist: 2.480785846710205		 Val SED dist: 10.620908737182617

Epoch 149/150000: Training Loss: 1.369630217552185		 Val Loss: 6.8281911214192705
             	Training MAE: 0.21429355442523956		 Val MAE: 0.21288469433784485
             	Algebraic dist: 41.88378143310547		 Val Algebraic dist: 75.04201253255208
             	RE1 dist: 1830.5450439453125		 Val RE1 dist: 5973.1640625
             	SED dist: 2.452208995819092		 Val SED dist: 13.370582580566406

Epoch 150/150000: Training Loss: 1.313370943069458		 Val Loss: 5.753653208414714
             	Training MAE: 0.21380168199539185		 Val MAE: 0.21405178308486938
             	Algebraic dist: 39.55360412597656		 Val Algebraic dist: 75.36712646484375
             	RE1 dist: 2103.10302734375		 Val RE1 dist: 5524.0390625
             	SED dist: 2.3415884971618652		 Val SED dist: 11.218949635823568

Epoch 151/150000: Training Loss: 1.32086181640625		 Val Loss: 6.059618631998698
             	Training MAE: 0.21446557343006134		 Val MAE: 0.21499422192573547
             	Algebraic dist: 39.46268081665039		 Val Algebraic dist: 81.49018859863281
             	RE1 dist: 1765.828369140625		 Val RE1 dist: 5759.456380208333
             	SED dist: 2.354891061782837		 Val SED dist: 11.82718022664388

Epoch 152/150000: Training Loss: 1.3753165006637573		 Val Loss: 5.6346009572347
             	Training MAE: 0.21430370211601257		 Val MAE: 0.21397709846496582
             	Algebraic dist: 40.52691650390625		 Val Algebraic dist: 80.28622945149739
             	RE1 dist: 1855.4254150390625		 Val RE1 dist: 5852.458333333333
             	SED dist: 2.4638864994049072		 Val SED dist: 10.979320526123047

Epoch 153/150000: Training Loss: 1.413295030593872		 Val Loss: 5.544211705525716
             	Training MAE: 0.2137656956911087		 Val MAE: 0.214565709233284
             	Algebraic dist: 42.426002502441406		 Val Algebraic dist: 75.15865071614583
             	RE1 dist: 2026.5135498046875		 Val RE1 dist: 5097.8447265625
             	SED dist: 2.5405657291412354		 Val SED dist: 10.797259012858072

Epoch 154/150000: Training Loss: 1.382236123085022		 Val Loss: 6.269893646240234
             	Training MAE: 0.21481601893901825		 Val MAE: 0.21476709842681885
             	Algebraic dist: 41.323360443115234		 Val Algebraic dist: 81.49160257975261
             	RE1 dist: 2125.090087890625		 Val RE1 dist: 5801.928385416667
             	SED dist: 2.476473569869995		 Val SED dist: 12.249769846598307

Epoch 155/150000: Training Loss: 1.4600882530212402		 Val Loss: 5.875878651936849
             	Training MAE: 0.21481572091579437		 Val MAE: 0.21425271034240723
             	Algebraic dist: 44.73527908325195		 Val Algebraic dist: 79.9879659016927
             	RE1 dist: 2133.449462890625		 Val RE1 dist: 5552.806640625
             	SED dist: 2.6313908100128174		 Val SED dist: 11.460772196451822

Epoch 156/150000: Training Loss: 1.3626267910003662		 Val Loss: 6.062324523925781
             	Training MAE: 0.214807391166687		 Val MAE: 0.2126765102148056
             	Algebraic dist: 42.021888732910156		 Val Algebraic dist: 78.92097473144531
             	RE1 dist: 2351.85888671875		 Val RE1 dist: 6580.669270833333
             	SED dist: 2.436371326446533		 Val SED dist: 11.835866292317709

Epoch 157/150000: Training Loss: 1.3383229970932007		 Val Loss: 5.351484934488933
             	Training MAE: 0.2128138393163681		 Val MAE: 0.21342326700687408
             	Algebraic dist: 40.77021026611328		 Val Algebraic dist: 76.17882283528645
             	RE1 dist: 1995.874755859375		 Val RE1 dist: 5249.131510416667
             	SED dist: 2.391390085220337		 Val SED dist: 10.41024080912272

Epoch 158/150000: Training Loss: 1.3084208965301514		 Val Loss: 5.662752787272136
             	Training MAE: 0.2138163149356842		 Val MAE: 0.2138461172580719
             	Algebraic dist: 41.594482421875		 Val Algebraic dist: 79.258544921875
             	RE1 dist: 2117.803466796875		 Val RE1 dist: 6409.997395833333
             	SED dist: 2.3286824226379395		 Val SED dist: 11.032315572102865

Epoch 159/150000: Training Loss: 1.3232966661453247		 Val Loss: 5.232729276021321
             	Training MAE: 0.21357358992099762		 Val MAE: 0.21413592994213104
             	Algebraic dist: 41.4123649597168		 Val Algebraic dist: 75.98023478190105
             	RE1 dist: 2162.9716796875		 Val RE1 dist: 5150.210286458333
             	SED dist: 2.3588078022003174		 Val SED dist: 10.170766194661459

Epoch 160/150000: Training Loss: 1.397714376449585		 Val Loss: 5.859704335530599
             	Training MAE: 0.2150287628173828		 Val MAE: 0.2139763981103897
             	Algebraic dist: 42.349266052246094		 Val Algebraic dist: 74.51003011067708
             	RE1 dist: 2163.46533203125		 Val RE1 dist: 5457.134114583333
             	SED dist: 2.505202293395996		 Val SED dist: 11.429007212320963

Epoch 161/150000: Training Loss: 1.2503633499145508		 Val Loss: 5.802768071492513
             	Training MAE: 0.2147466391324997		 Val MAE: 0.21383211016654968
             	Algebraic dist: 40.98748779296875		 Val Algebraic dist: 83.07767740885417
             	RE1 dist: 1920.386962890625		 Val RE1 dist: 5610.454427083333
             	SED dist: 2.211833953857422		 Val SED dist: 11.314951578776041

Epoch 162/150000: Training Loss: 1.4422695636749268		 Val Loss: 5.897342681884766
             	Training MAE: 0.21491248905658722		 Val MAE: 0.21398475766181946
             	Algebraic dist: 42.837398529052734		 Val Algebraic dist: 78.0579325358073
             	RE1 dist: 2227.486083984375		 Val RE1 dist: 5791.176432291667
             	SED dist: 2.594912052154541		 Val SED dist: 11.504308064778646

Epoch 163/150000: Training Loss: 1.4638922214508057		 Val Loss: 5.349873860677083
             	Training MAE: 0.21383793652057648		 Val MAE: 0.21431568264961243
             	Algebraic dist: 41.98664474487305		 Val Algebraic dist: 79.24220784505208
             	RE1 dist: 2248.34228515625		 Val RE1 dist: 5241.427734375
             	SED dist: 2.6401467323303223		 Val SED dist: 10.40869394938151

Epoch 164/150000: Training Loss: 1.4314919710159302		 Val Loss: 6.221719741821289
             	Training MAE: 0.21352042257785797		 Val MAE: 0.21308861672878265
             	Algebraic dist: 42.591915130615234		 Val Algebraic dist: 77.28147379557292
             	RE1 dist: 2359.965576171875		 Val RE1 dist: 6131.0390625
             	SED dist: 2.576718807220459		 Val SED dist: 12.154652913411459

Epoch 165/150000: Training Loss: 1.2889777421951294		 Val Loss: 5.6013844807942705
             	Training MAE: 0.21408851444721222		 Val MAE: 0.21466495096683502
             	Algebraic dist: 41.35546112060547		 Val Algebraic dist: 80.05579121907552
             	RE1 dist: 2041.099853515625		 Val RE1 dist: 5404.058268229167
             	SED dist: 2.2897257804870605		 Val SED dist: 10.910317738850912

Epoch 166/150000: Training Loss: 1.3993972539901733		 Val Loss: 6.740901947021484
             	Training MAE: 0.2152206152677536		 Val MAE: 0.2148599624633789
             	Algebraic dist: 43.716670989990234		 Val Algebraic dist: 81.13779703776042
             	RE1 dist: 2087.996337890625		 Val RE1 dist: 6652.587239583333
             	SED dist: 2.5090668201446533		 Val SED dist: 13.191566467285156

Epoch 167/150000: Training Loss: 1.3243684768676758		 Val Loss: 5.541886647542317
             	Training MAE: 0.21506626904010773		 Val MAE: 0.21372056007385254
             	Algebraic dist: 41.26624298095703		 Val Algebraic dist: 81.20475260416667
             	RE1 dist: 2043.87109375		 Val RE1 dist: 5579.576822916667
             	SED dist: 2.3591089248657227		 Val SED dist: 10.792577107747396

Epoch 168/150000: Training Loss: 1.3760290145874023		 Val Loss: 6.047397613525391
             	Training MAE: 0.21335819363594055		 Val MAE: 0.21280021965503693
             	Algebraic dist: 43.19969940185547		 Val Algebraic dist: 75.28247578938802
             	RE1 dist: 2070.447998046875		 Val RE1 dist: 6365.413411458333
             	SED dist: 2.464463710784912		 Val SED dist: 11.80657704671224

Epoch 169/150000: Training Loss: 1.4263441562652588		 Val Loss: 4.86522102355957
             	Training MAE: 0.21273857355117798		 Val MAE: 0.21306854486465454
             	Algebraic dist: 41.41466522216797		 Val Algebraic dist: 77.28623453776042
             	RE1 dist: 2457.129150390625		 Val RE1 dist: 5080.7685546875
             	SED dist: 2.5678014755249023		 Val SED dist: 9.439596811930338

Epoch 170/150000: Training Loss: 1.4241136312484741		 Val Loss: 5.97677739461263
             	Training MAE: 0.21423913538455963		 Val MAE: 0.214154914021492
             	Algebraic dist: 43.320457458496094		 Val Algebraic dist: 79.2125752766927
             	RE1 dist: 2069.5087890625		 Val RE1 dist: 5890.142578125
             	SED dist: 2.5595011711120605		 Val SED dist: 11.663283030192057

Epoch 171/150000: Training Loss: 1.5194215774536133		 Val Loss: 5.550937652587891
             	Training MAE: 0.2140941619873047		 Val MAE: 0.21319817006587982
             	Algebraic dist: 43.833160400390625		 Val Algebraic dist: 75.5977071126302
             	RE1 dist: 2697.979736328125		 Val RE1 dist: 5003.390950520833
             	SED dist: 2.751967668533325		 Val SED dist: 10.812736511230469

Epoch 172/150000: Training Loss: 1.3539695739746094		 Val Loss: 5.758290608723958
             	Training MAE: 0.21231704950332642		 Val MAE: 0.2122250646352768
             	Algebraic dist: 40.81013870239258		 Val Algebraic dist: 74.76488240559895
             	RE1 dist: 1720.419677734375		 Val RE1 dist: 5298.40234375
             	SED dist: 2.422842502593994		 Val SED dist: 11.229301452636719

Epoch 173/150000: Training Loss: 1.3899734020233154		 Val Loss: 5.974611282348633
             	Training MAE: 0.21278898417949677		 Val MAE: 0.2131674587726593
             	Algebraic dist: 41.73280715942383		 Val Algebraic dist: 81.34268697102864
             	RE1 dist: 2299.27099609375		 Val RE1 dist: 5907.677083333333
             	SED dist: 2.4957330226898193		 Val SED dist: 11.66009521484375

Epoch 174/150000: Training Loss: 1.410010814666748		 Val Loss: 5.481604894002278
             	Training MAE: 0.21313519775867462		 Val MAE: 0.21303416788578033
             	Algebraic dist: 41.70689392089844		 Val Algebraic dist: 79.14308675130208
             	RE1 dist: 2044.01220703125		 Val RE1 dist: 5338.865234375
             	SED dist: 2.534013032913208		 Val SED dist: 10.6741943359375

Epoch 175/150000: Training Loss: 1.3703821897506714		 Val Loss: 5.894970575968425
             	Training MAE: 0.21283133327960968		 Val MAE: 0.21185941994190216
             	Algebraic dist: 42.59926223754883		 Val Algebraic dist: 74.7198994954427
             	RE1 dist: 2351.61767578125		 Val RE1 dist: 5596.834635416667
             	SED dist: 2.4564433097839355		 Val SED dist: 11.505513509114584

Epoch 176/150000: Training Loss: 1.4228670597076416		 Val Loss: 6.069922129313151
             	Training MAE: 0.2122252732515335		 Val MAE: 0.21140670776367188
             	Algebraic dist: 41.83812713623047		 Val Algebraic dist: 78.25685628255208
             	RE1 dist: 1885.32666015625		 Val RE1 dist: 5569.559895833333
             	SED dist: 2.5624775886535645		 Val SED dist: 11.856864929199219

