###########################################################################################################################################################

                         learning rate: 6e-05,  mlp_hidden_sizes: [1024, 512], batch_size: 32, norm: True, alpha: 1, avg embeddings: True, 
                        crop: 224 resize: 256, use conv: False pretrained: None, seed: 42, angle range: 90, shift range: 0, 
                        train length: 6144, val length: 780, test length: 780, get old path: False


Epoch 1/50: Training Loss: 0.1849349538485209		 Val Loss: 0.06360049724578858
			Training MAE Angle: 0.3434518178304036		 Val MAE Angle: 0.18819747924804686
            Training MSE Angle: 0.1849349538485209		 Val MSE Angle: 0.06360049724578858


Epoch 2/50: Training Loss: 0.04914263387521108		 Val Loss: 0.026415691375732422
			Training MAE Angle: 0.1662182609240214		 Val MAE Angle: 0.11949854850769043
            Training MSE Angle: 0.04914263387521108		 Val MSE Angle: 0.026415691375732422


Epoch 3/50: Training Loss: 0.028644579152266186		 Val Loss: 0.026369616985321045
			Training MAE Angle: 0.1230214536190033		 Val MAE Angle: 0.11769157409667969
            Training MSE Angle: 0.028644579152266186		 Val MSE Angle: 0.026369616985321045


Epoch 4/50: Training Loss: 0.020512183507283527		 Val Loss: 0.01074265718460083
			Training MAE Angle: 0.10189814368883769		 Val MAE Angle: 0.07542093753814698
            Training MSE Angle: 0.020512183507283527		 Val MSE Angle: 0.01074265718460083


Epoch 5/50: Training Loss: 0.01631791020433108		 Val Loss: 0.01740935206413269
			Training MAE Angle: 0.08985550204912822		 Val MAE Angle: 0.09212346076965332
            Training MSE Angle: 0.01631791020433108		 Val MSE Angle: 0.01740935206413269


Epoch 6/50: Training Loss: 0.013051518549521765		 Val Loss: 0.01406266689300537
			Training MAE Angle: 0.07878966629505157		 Val MAE Angle: 0.08256662368774415
            Training MSE Angle: 0.013051518549521765		 Val MSE Angle: 0.01406266689300537


Epoch 7/50: Training Loss: 0.010073013603687286		 Val Loss: 0.011799800395965575
			Training MAE Angle: 0.07117220262686412		 Val MAE Angle: 0.0703130292892456
            Training MSE Angle: 0.010073013603687286		 Val MSE Angle: 0.011799800395965575


Epoch 8/50: Training Loss: 0.008543716743588448		 Val Loss: 0.007048718929290772
			Training MAE Angle: 0.06383663415908813		 Val MAE Angle: 0.0583468770980835
            Training MSE Angle: 0.008543716743588448		 Val MSE Angle: 0.007048718929290772


Epoch 9/50: Training Loss: 0.008081803098320961		 Val Loss: 0.007089747786521911
			Training MAE Angle: 0.061728854974110924		 Val MAE Angle: 0.06186086654663086
            Training MSE Angle: 0.008081803098320961		 Val MSE Angle: 0.007089747786521911


Epoch 10/50: Training Loss: 0.006682342539230983		 Val Loss: 0.0062744212150573735
			Training MAE Angle: 0.057452261447906494		 Val MAE Angle: 0.05460104942321777
            Training MSE Angle: 0.006682342539230983		 Val MSE Angle: 0.0062744212150573735


Epoch 11/50: Training Loss: 0.006546772395571073		 Val Loss: 0.006649547219276428
			Training MAE Angle: 0.0566461980342865		 Val MAE Angle: 0.05734368801116943
            Training MSE Angle: 0.006546772395571073		 Val MSE Angle: 0.006649547219276428


Epoch 12/50: Training Loss: 0.0058250414828459425		 Val Loss: 0.004132381081581116
			Training MAE Angle: 0.05337199568748474		 Val MAE Angle: 0.0477121114730835
            Training MSE Angle: 0.0058250414828459425		 Val MSE Angle: 0.004132381081581116


Epoch 13/50: Training Loss: 0.005300224448243777		 Val Loss: 0.009839967489242554
			Training MAE Angle: 0.050806015729904175		 Val MAE Angle: 0.05972944736480713
            Training MSE Angle: 0.005300224448243777		 Val MSE Angle: 0.009839967489242554


Epoch 14/50: Training Loss: 0.005109196839233239		 Val Loss: 0.004597564637660981
			Training MAE Angle: 0.05084546407063802		 Val MAE Angle: 0.04549299240112305
            Training MSE Angle: 0.005109196839233239		 Val MSE Angle: 0.004597564637660981


Epoch 15/50: Training Loss: 0.005679931491613388		 Val Loss: 0.005820668339729309
			Training MAE Angle: 0.052147358655929565		 Val MAE Angle: 0.052367944717407224
            Training MSE Angle: 0.005679931491613388		 Val MSE Angle: 0.005820668339729309


Epoch 16/50: Training Loss: 0.004582334620257218		 Val Loss: 0.0037215369939804076
			Training MAE Angle: 0.048075998822848		 Val MAE Angle: 0.04489379405975342
            Training MSE Angle: 0.004582334620257218		 Val MSE Angle: 0.0037215369939804076


Epoch 17/50: Training Loss: 0.0049284156411886215		 Val Loss: 0.004353324770927429
			Training MAE Angle: 0.04875363906224569		 Val MAE Angle: 0.04883173942565918
            Training MSE Angle: 0.0049284156411886215		 Val MSE Angle: 0.004353324770927429


Epoch 18/50: Training Loss: 0.004582748127480348		 Val Loss: 0.0033050557971000673
			Training MAE Angle: 0.046809266010920204		 Val MAE Angle: 0.04065819263458252
            Training MSE Angle: 0.004582748127480348		 Val MSE Angle: 0.0033050557971000673


Epoch 19/50: Training Loss: 0.004343363456428051		 Val Loss: 0.003730541169643402
			Training MAE Angle: 0.04621385534604391		 Val MAE Angle: 0.04326618194580078
            Training MSE Angle: 0.004343363456428051		 Val MSE Angle: 0.003730541169643402


Epoch 20/50: Training Loss: 0.0043094161277016		 Val Loss: 0.002931976914405823
			Training MAE Angle: 0.04671833415826162		 Val MAE Angle: 0.03902271509170532
            Training MSE Angle: 0.0043094161277016		 Val MSE Angle: 0.002931976914405823


Epoch 21/50: Training Loss: 0.004012872775395711		 Val Loss: 0.004399528205394745
			Training MAE Angle: 0.04443549613157908		 Val MAE Angle: 0.04306270122528076
            Training MSE Angle: 0.004012872775395711		 Val MSE Angle: 0.004399528205394745


Epoch 22/50: Training Loss: 0.003872064252694448		 Val Loss: 0.0034528759121894835
			Training MAE Angle: 0.04383853077888489		 Val MAE Angle: 0.03852441549301147
            Training MSE Angle: 0.003872064252694448		 Val MSE Angle: 0.0034528759121894835


Epoch 23/50: Training Loss: 0.0038320009286204972		 Val Loss: 0.004670206606388092
			Training MAE Angle: 0.04364502429962158		 Val MAE Angle: 0.050436182022094725
            Training MSE Angle: 0.0038320009286204972		 Val MSE Angle: 0.004670206606388092


Epoch 24/50: Training Loss: 0.0044159529109795885		 Val Loss: 0.004498791992664337
			Training MAE Angle: 0.04593198001384735		 Val MAE Angle: 0.04791876316070556
            Training MSE Angle: 0.0044159529109795885		 Val MSE Angle: 0.004498791992664337


Epoch 25/50: Training Loss: 0.004652785137295723		 Val Loss: 0.004066326320171356
			Training MAE Angle: 0.0471250464518865		 Val MAE Angle: 0.04367360115051269
            Training MSE Angle: 0.004652785137295723		 Val MSE Angle: 0.004066326320171356


Epoch 26/50: Training Loss: 0.0030010659247636795		 Val Loss: 0.0038394343852996824
			Training MAE Angle: 0.03907189269860586		 Val MAE Angle: 0.04053955078125
            Training MSE Angle: 0.0030010659247636795		 Val MSE Angle: 0.0038394343852996824


Epoch 27/50: Training Loss: 0.00347917682180802		 Val Loss: 0.002907174527645111
			Training MAE Angle: 0.04174119234085083		 Val MAE Angle: 0.037395811080932616
            Training MSE Angle: 0.00347917682180802		 Val MSE Angle: 0.002907174527645111


Epoch 28/50: Training Loss: 0.0034983990093072257		 Val Loss: 0.0026509743928909302
			Training MAE Angle: 0.041117675602436066		 Val MAE Angle: 0.037805180549621585
            Training MSE Angle: 0.0034983990093072257		 Val MSE Angle: 0.0026509743928909302


Epoch 29/50: Training Loss: 0.0036219886193672815		 Val Loss: 0.0027841153740882875
			Training MAE Angle: 0.04161102573076884		 Val MAE Angle: 0.03855057239532471
            Training MSE Angle: 0.0036219886193672815		 Val MSE Angle: 0.0027841153740882875


Epoch 30/50: Training Loss: 0.0029926427329579988		 Val Loss: 0.0032156199216842652
			Training MAE Angle: 0.03863911827405294		 Val MAE Angle: 0.04050026416778565
            Training MSE Angle: 0.0029926427329579988		 Val MSE Angle: 0.0032156199216842652


Epoch 31/50: Training Loss: 0.0034569532920916877		 Val Loss: 0.0043621471524238585
			Training MAE Angle: 0.04105323304732641		 Val MAE Angle: 0.048830933570861816
            Training MSE Angle: 0.0034569532920916877		 Val MSE Angle: 0.0043621471524238585


Epoch 32/50: Training Loss: 0.00315720122307539		 Val Loss: 0.0029548731446266173
			Training MAE Angle: 0.039871327579021454		 Val MAE Angle: 0.035831208229064944
            Training MSE Angle: 0.00315720122307539		 Val MSE Angle: 0.0029548731446266173


Epoch 33/50: Training Loss: 0.0028893022487560907		 Val Loss: 0.0031713446974754333
			Training MAE Angle: 0.038044050335884094		 Val MAE Angle: 0.03962468385696411
            Training MSE Angle: 0.0028893022487560907		 Val MSE Angle: 0.0031713446974754333


Epoch 34/50: Training Loss: 0.003253252555926641		 Val Loss: 0.0035278040170669558
			Training MAE Angle: 0.04068335394064585		 Val MAE Angle: 0.038420383930206296
            Training MSE Angle: 0.003253252555926641		 Val MSE Angle: 0.0035278040170669558


Epoch 35/50: Training Loss: 0.002754113016029199		 Val Loss: 0.0033939507603645324
			Training MAE Angle: 0.03710127373536428		 Val MAE Angle: 0.03978440999984741
            Training MSE Angle: 0.002754113016029199		 Val MSE Angle: 0.0033939507603645324


Epoch 36/50: Training Loss: 0.003534796958168348		 Val Loss: 0.0026910701394081116
			Training MAE Angle: 0.04108105103174845		 Val MAE Angle: 0.036838304996490476
            Training MSE Angle: 0.003534796958168348		 Val MSE Angle: 0.0026910701394081116


Epoch 37/50: Training Loss: 0.002961749521394571		 Val Loss: 0.0019513393938541412
			Training MAE Angle: 0.0384105717142423		 Val MAE Angle: 0.03174193382263184
            Training MSE Angle: 0.002961749521394571		 Val MSE Angle: 0.0019513393938541412


Epoch 38/50: Training Loss: 0.0022428776137530804		 Val Loss: 0.0024620740115642546
			Training MAE Angle: 0.033206929763158165		 Val MAE Angle: 0.035598266124725345
            Training MSE Angle: 0.0022428776137530804		 Val MSE Angle: 0.0024620740115642546


Epoch 39/50: Training Loss: 0.002981212610999743		 Val Loss: 0.0029866284132003783
			Training MAE Angle: 0.03824985524018606		 Val MAE Angle: 0.0363580322265625
            Training MSE Angle: 0.002981212610999743		 Val MSE Angle: 0.0029866284132003783


Epoch 40/50: Training Loss: 0.002914315089583397		 Val Loss: 0.002917751669883728
			Training MAE Angle: 0.037659707168738045		 Val MAE Angle: 0.03436967134475708
            Training MSE Angle: 0.002914315089583397		 Val MSE Angle: 0.002917751669883728


Epoch 41/50: Training Loss: 0.0028962899620334306		 Val Loss: 0.00235385000705719
			Training MAE Angle: 0.0373829777042071		 Val MAE Angle: 0.03464186668395996
            Training MSE Angle: 0.0028962899620334306		 Val MSE Angle: 0.00235385000705719


Epoch 42/50: Training Loss: 0.0028196445976694426		 Val Loss: 0.0019472748041152953
			Training MAE Angle: 0.03767921278874079		 Val MAE Angle: 0.030953369140625
            Training MSE Angle: 0.0028196445976694426		 Val MSE Angle: 0.0019472748041152953


Epoch 43/50: Training Loss: 0.0026768955091635385		 Val Loss: 0.002153184115886688
			Training MAE Angle: 0.03656816234191259		 Val MAE Angle: 0.0337902307510376
            Training MSE Angle: 0.0026768955091635385		 Val MSE Angle: 0.002153184115886688


Epoch 44/50: Training Loss: 0.0029839944715301194		 Val Loss: 0.003142627775669098
			Training MAE Angle: 0.03758989522854487		 Val MAE Angle: 0.03730135440826416
            Training MSE Angle: 0.0029839944715301194		 Val MSE Angle: 0.003142627775669098


Epoch 45/50: Training Loss: 0.0028599308182795844		 Val Loss: 0.0021111328899860384
			Training MAE Angle: 0.03642989695072174		 Val MAE Angle: 0.03160153865814209
            Training MSE Angle: 0.0028599308182795844		 Val MSE Angle: 0.0021111328899860384


Epoch 46/50: Training Loss: 0.002654723823070526		 Val Loss: 0.0023114001750946045
			Training MAE Angle: 0.035809641083081566		 Val MAE Angle: 0.03620192527770996
            Training MSE Angle: 0.002654723823070526		 Val MSE Angle: 0.0023114001750946045


Epoch 47/50: Training Loss: 0.0022306257548431554		 Val Loss: 0.00242613285779953
			Training MAE Angle: 0.033458915849526726		 Val MAE Angle: 0.03600090503692627
            Training MSE Angle: 0.0022306257548431554		 Val MSE Angle: 0.00242613285779953


Epoch 48/50: Training Loss: 0.002160285754750172		 Val Loss: 0.0024253672361373903
			Training MAE Angle: 0.0323446790377299		 Val MAE Angle: 0.03563544988632202
            Training MSE Angle: 0.002160285754750172		 Val MSE Angle: 0.0024253672361373903


Epoch 49/50: Training Loss: 0.0028584307680527368		 Val Loss: 0.0030075952410697935
			Training MAE Angle: 0.03647073358297348		 Val MAE Angle: 0.03693892002105713
            Training MSE Angle: 0.0028584307680527368		 Val MSE Angle: 0.0030075952410697935


Epoch 50/50: Training Loss: 0.002695116214454174		 Val Loss: 0.0026981708407402038
			Training MAE Angle: 0.036123886704444885		 Val MAE Angle: 0.03706082820892334
            Training MSE Angle: 0.002695116214454174		 Val MSE Angle: 0.0026981708407402038


## TEST RESULTS: ##
Test Loss: 0.0027159780729562044 
Test MAE Shift: 0.0		 Test Euclidean Shift: 0.0
Test MAE Angle: 0.038644008338451385		 Test MSE Angle: 0.0027159780729562044

