
###########################################################################################################################################################

 learning rate: 0.0001, mlp_hidden_sizes: [1024, 512], jump_frames: 6, use_reconstruction_layer: True
batch_size: 8, norm: True, train_seqeunces: [0, 2, 3, 5], val_sequences: [6, 7, 8], RL_TEST_NAMES: ['fe2fadf89a84e92a', 'f01e8b6f8e10fdd9', 'f1ee9dc6135e5307', 'a41df4fa06fd391b', 'bc0ebb7482f14795', '9bdd34e784c04e3a', '98ebee1c36ecec55'], dataset: Sceneflow2Kitti,
average embeddings: False, model: timm/tf_efficientnetv2_m.in1k, augmentation: True, random crop: True, part: head, get_old_path: False, computer: 1,
RE1 coeff: 0 SED coeff: 0.5, ALG_COEFF: 0, L2_coeff: 1, huber_coeff: 1, frozen layers: 0, trained vit: None, MAX_POOL_SIZE: 3
crop: 224 resize: 256, use conv: True pretrained: None, train_size: 0.002, norm_mean: tensor([0.5000, 0.5000, 0.5000], device='cuda:0'), norm_std: tensor([0.5000, 0.5000, 0.5000], device='cuda:0'), sched: None seed: 42

train size: 32, val size: 24, test size: 1064

algebraic_truth: 0.017295893281698227		 val_algebraic_truth: 0.017652663091818493
RE1_truth: 0.00019721956050489098		 val_RE1_truth: 0.00020630481109643975
SED_truth: 0.0015777582302689552		 val_SED_truth: 0.001650456494341294

Epoch 1/100: Training Loss: 0.2333126664161682		 Val Loss: 0.6613747278849283
             	Training MAE: 0.04350018501281738		 Val MAE: 0.04215223714709282
             	Algebraic dist: 0.3049445152282715		 Val Algebraic dist: 0.6340241034825643
             	RE1 dist: 0.1063515767455101		 Val RE1 dist: 0.2875109513600667
             	SED dist: 0.45003223419189453		 Val SED dist: 1.307862361272176

Epoch 2/100: Training Loss: 0.3539581894874573		 Val Loss: 0.6784841219584147
             	Training MAE: 0.04143891856074333		 Val MAE: 0.04214492440223694
             	Algebraic dist: 0.39823591709136963		 Val Algebraic dist: 0.6253106594085693
             	RE1 dist: 0.16573354601860046		 Val RE1 dist: 0.33018918832143146
             	SED dist: 0.6928921341896057		 Val SED dist: 1.3422956466674805

Epoch 3/100: Training Loss: 0.41267186403274536		 Val Loss: 0.4180125792821248
             	Training MAE: 0.04351438954472542		 Val MAE: 0.04797946289181709
             	Algebraic dist: 0.4368865489959717		 Val Algebraic dist: 0.4254331588745117
             	RE1 dist: 0.18219709396362305		 Val RE1 dist: 0.19440593322118124
             	SED dist: 0.8091145157814026		 Val SED dist: 0.8181586265563965

Epoch 4/100: Training Loss: 0.29730895161628723		 Val Loss: 0.2763593594233195
             	Training MAE: 0.05561577156186104		 Val MAE: 0.060703933238983154
             	Algebraic dist: 0.34459322690963745		 Val Algebraic dist: 0.33354441324869794
             	RE1 dist: 0.12634363770484924		 Val RE1 dist: 0.11954971154530843
             	SED dist: 0.5706273317337036		 Val SED dist: 0.5243590672810873

Epoch 5/100: Training Loss: 0.16324391961097717		 Val Loss: 0.296398401260376
             	Training MAE: 0.07170066237449646		 Val MAE: 0.06618937104940414
             	Algebraic dist: 0.2441147118806839		 Val Algebraic dist: 0.32823582490285236
             	RE1 dist: 0.0594581738114357		 Val RE1 dist: 0.12118576963742574
             	SED dist: 0.2841062843799591		 Val SED dist: 0.5583329995473226

Epoch 6/100: Training Loss: 0.21476000547409058		 Val Loss: 0.2575403054555257
             	Training MAE: 0.06663674861192703		 Val MAE: 0.04328319802880287
             	Algebraic dist: 0.28022822737693787		 Val Algebraic dist: 0.3373092810312907
             	RE1 dist: 0.09197840094566345		 Val RE1 dist: 0.12508991360664368
             	SED dist: 0.3934476375579834		 Val SED dist: 0.49977362155914307

Epoch 7/100: Training Loss: 0.45331382751464844		 Val Loss: 0.3029720385869344
             	Training MAE: 0.04452280327677727		 Val MAE: 0.0405842624604702
             	Algebraic dist: 0.4715051054954529		 Val Algebraic dist: 0.340162992477417
             	RE1 dist: 0.18786738812923431		 Val RE1 dist: 0.1512567400932312
             	SED dist: 0.8903950452804565		 Val SED dist: 0.591765562693278

Epoch 8/100: Training Loss: 0.2770448327064514		 Val Loss: 0.34404341379801434
             	Training MAE: 0.043693918734788895		 Val MAE: 0.05500628054141998
             	Algebraic dist: 0.33746999502182007		 Val Algebraic dist: 0.40926265716552734
             	RE1 dist: 0.12187230587005615		 Val RE1 dist: 0.15624576807022095
             	SED dist: 0.5379388332366943		 Val SED dist: 0.6649182637532552

Epoch 9/100: Training Loss: 0.17595356702804565		 Val Loss: 0.4085410435994466
             	Training MAE: 0.06190120056271553		 Val MAE: 0.05003492906689644
             	Algebraic dist: 0.2509702444076538		 Val Algebraic dist: 0.4071033000946045
             	RE1 dist: 0.07343191653490067		 Val RE1 dist: 0.1860444943110148
             	SED dist: 0.32190412282943726		 Val SED dist: 0.7978458404541016

Epoch 10/100: Training Loss: 0.1187615618109703		 Val Loss: 0.4486088752746582
             	Training MAE: 0.04479982703924179		 Val MAE: 0.0383722260594368
             	Algebraic dist: 0.21545618772506714		 Val Algebraic dist: 0.4795387585957845
             	RE1 dist: 0.05073406919836998		 Val RE1 dist: 0.22126551469167074
             	SED dist: 0.2205621749162674		 Val SED dist: 0.8836868604024252

Epoch 11/100: Training Loss: 0.19602030515670776		 Val Loss: 0.35652677218119305
             	Training MAE: 0.040807969868183136		 Val MAE: 0.04182359576225281
             	Algebraic dist: 0.298581063747406		 Val Algebraic dist: 0.3751726945241292
             	RE1 dist: 0.08684049546718597		 Val RE1 dist: 0.16113072633743286
             	SED dist: 0.3774595260620117		 Val SED dist: 0.6984578768412272

Epoch 12/100: Training Loss: 0.13105149567127228		 Val Loss: 0.3356059392293294
             	Training MAE: 0.03884335979819298		 Val MAE: 0.03789355605840683
             	Algebraic dist: 0.2129528820514679		 Val Algebraic dist: 0.3798081874847412
             	RE1 dist: 0.061213552951812744		 Val RE1 dist: 0.15889264146486917
             	SED dist: 0.2482200711965561		 Val SED dist: 0.6577318906784058

Epoch 13/100: Training Loss: 0.23917156457901		 Val Loss: 0.2673622767130534
             	Training MAE: 0.04054930433630943		 Val MAE: 0.04421441629528999
             	Algebraic dist: 0.3271259367465973		 Val Algebraic dist: 0.3622451623280843
             	RE1 dist: 0.10463105142116547		 Val RE1 dist: 0.12539567550023398
             	SED dist: 0.4638197422027588		 Val SED dist: 0.5191113948822021

Epoch 14/100: Training Loss: 0.196414053440094		 Val Loss: 0.24442652861277261
             	Training MAE: 0.04911132901906967		 Val MAE: 0.04218960180878639
             	Algebraic dist: 0.292819619178772		 Val Algebraic dist: 0.3096839189529419
             	RE1 dist: 0.08141732215881348		 Val RE1 dist: 0.11590838432312012
             	SED dist: 0.37409770488739014		 Val SED dist: 0.4739963213602702

Epoch 15/100: Training Loss: 0.18854591250419617		 Val Loss: 0.336339275042216
             	Training MAE: 0.044089965522289276		 Val MAE: 0.03787657245993614
             	Algebraic dist: 0.2795279324054718		 Val Algebraic dist: 0.361397663752238
             	RE1 dist: 0.08101166784763336		 Val RE1 dist: 0.1577686369419098
             	SED dist: 0.36105433106422424		 Val SED dist: 0.6593267122904459

Epoch 16/100: Training Loss: 0.1927260458469391		 Val Loss: 0.24605262279510498
             	Training MAE: 0.04191331937909126		 Val MAE: 0.038428712636232376
             	Algebraic dist: 0.24098172783851624		 Val Algebraic dist: 0.3370043834050496
             	RE1 dist: 0.09828627109527588		 Val RE1 dist: 0.12019596497217815
             	SED dist: 0.3703552484512329		 Val SED dist: 0.47850191593170166

Epoch 17/100: Training Loss: 0.10301260650157928		 Val Loss: 0.284934401512146
             	Training MAE: 0.039220184087753296		 Val MAE: 0.03716287016868591
             	Algebraic dist: 0.1972285956144333		 Val Algebraic dist: 0.33104244867960614
             	RE1 dist: 0.04371076077222824		 Val RE1 dist: 0.14038246870040894
             	SED dist: 0.1919390857219696		 Val SED dist: 0.5565675894419352

Epoch 18/100: Training Loss: 0.1345517337322235		 Val Loss: 0.3060804009437561
             	Training MAE: 0.03767959028482437		 Val MAE: 0.038808196783065796
             	Algebraic dist: 0.2321983426809311		 Val Algebraic dist: 0.34284551938374835
             	RE1 dist: 0.05230684578418732		 Val RE1 dist: 0.15580161412556967
             	SED dist: 0.25555419921875		 Val SED dist: 0.598375678062439

Epoch 19/100: Training Loss: 0.12196826189756393		 Val Loss: 0.28542832533518475
             	Training MAE: 0.04720817506313324		 Val MAE: 0.05554728955030441
             	Algebraic dist: 0.21185685694217682		 Val Algebraic dist: 0.3421786626180013
             	RE1 dist: 0.053077928721904755		 Val RE1 dist: 0.13119540611902872
             	SED dist: 0.22618012130260468		 Val SED dist: 0.5474521319071451

Epoch 20/100: Training Loss: 0.17880071699619293		 Val Loss: 0.6305421988169352
             	Training MAE: 0.059336621314287186		 Val MAE: 0.04695254564285278
             	Algebraic dist: 0.2544298768043518		 Val Algebraic dist: 0.4415299892425537
             	RE1 dist: 0.0797453373670578		 Val RE1 dist: 0.28106027841567993
             	SED dist: 0.33042898774147034		 Val SED dist: 1.2438805103302002

Epoch 21/100: Training Loss: 0.2469768524169922		 Val Loss: 0.6934131781260172
             	Training MAE: 0.04498855397105217		 Val MAE: 0.04947662353515625
             	Algebraic dist: 0.3328893184661865		 Val Algebraic dist: 0.438445250193278
             	RE1 dist: 0.09995764493942261		 Val RE1 dist: 0.27378588914871216
             	SED dist: 0.47737306356430054		 Val SED dist: 1.3683870633443196

Epoch 22/100: Training Loss: 0.19249215722084045		 Val Loss: 0.2459848721822103
             	Training MAE: 0.047256533056497574		 Val MAE: 0.044211696833372116
             	Algebraic dist: 0.2927914261817932		 Val Algebraic dist: 0.30237754185994464
             	RE1 dist: 0.07466641813516617		 Val RE1 dist: 0.12223684787750244
             	SED dist: 0.3677424192428589		 Val SED dist: 0.47650861740112305

Epoch 23/100: Training Loss: 0.13562573492527008		 Val Loss: 0.34259891510009766
             	Training MAE: 0.040095482021570206		 Val MAE: 0.0458422489464283
             	Algebraic dist: 0.24998940527439117		 Val Algebraic dist: 0.3768797715504964
             	RE1 dist: 0.05800709128379822		 Val RE1 dist: 0.16356637080510458
             	SED dist: 0.25700700283050537		 Val SED dist: 0.6686616738637289

Epoch 24/100: Training Loss: 0.18579478561878204		 Val Loss: 0.4257965882619222
             	Training MAE: 0.05088086798787117		 Val MAE: 0.04345511272549629
             	Algebraic dist: 0.26886314153671265		 Val Algebraic dist: 0.37818479537963867
             	RE1 dist: 0.0704611986875534		 Val RE1 dist: 0.18284144004185995
             	SED dist: 0.35144859552383423		 Val SED dist: 0.8363369305928549

Epoch 25/100: Training Loss: 0.12249737977981567		 Val Loss: 0.31386327743530273
             	Training MAE: 0.041502416133880615		 Val MAE: 0.03735325112938881
             	Algebraic dist: 0.21730861067771912		 Val Algebraic dist: 0.3554898103078206
             	RE1 dist: 0.04947229474782944		 Val RE1 dist: 0.15907585620880127
             	SED dist: 0.2302190661430359		 Val SED dist: 0.6144816875457764

Epoch 26/100: Training Loss: 0.16768336296081543		 Val Loss: 0.2644960880279541
             	Training MAE: 0.03798811882734299		 Val MAE: 0.041516486555337906
             	Algebraic dist: 0.25901469588279724		 Val Algebraic dist: 0.33274829387664795
             	RE1 dist: 0.07796403020620346		 Val RE1 dist: 0.1213745375474294
             	SED dist: 0.32182276248931885		 Val SED dist: 0.5145304600397745

Epoch 27/100: Training Loss: 0.10456550121307373		 Val Loss: 0.27440085013707477
             	Training MAE: 0.04639461264014244		 Val MAE: 0.04225211963057518
             	Algebraic dist: 0.19452397525310516		 Val Algebraic dist: 0.3471136887868245
             	RE1 dist: 0.04357112571597099		 Val RE1 dist: 0.13001803557078043
             	SED dist: 0.1924038827419281		 Val SED dist: 0.5340011119842529

Epoch 28/100: Training Loss: 0.1143781915307045		 Val Loss: 0.2524893085161845
             	Training MAE: 0.04192519187927246		 Val MAE: 0.0398147813975811
             	Algebraic dist: 0.20217949151992798		 Val Algebraic dist: 0.3141072392463684
             	RE1 dist: 0.053213197737932205		 Val RE1 dist: 0.12351291378339131
             	SED dist: 0.21390777826309204		 Val SED dist: 0.4911003112792969

Epoch 29/100: Training Loss: 0.10720708966255188		 Val Loss: 0.319632887840271
             	Training MAE: 0.04053338244557381		 Val MAE: 0.03855535760521889
             	Algebraic dist: 0.20855407416820526		 Val Algebraic dist: 0.378281037012736
             	RE1 dist: 0.04109896346926689		 Val RE1 dist: 0.15910683075586954
             	SED dist: 0.20019951462745667		 Val SED dist: 0.6256624857584635

Epoch 30/100: Training Loss: 0.24348275363445282		 Val Loss: 0.39432040850321454
             	Training MAE: 0.039374787360429764		 Val MAE: 0.05192520096898079
             	Algebraic dist: 0.3177952468395233		 Val Algebraic dist: 0.4661813974380493
             	RE1 dist: 0.11406005918979645		 Val RE1 dist: 0.16507546106974283
             	SED dist: 0.47285622358322144		 Val SED dist: 0.7682234446207682

Epoch 31/100: Training Loss: 0.25982773303985596		 Val Loss: 0.6552801132202148
             	Training MAE: 0.04946579411625862		 Val MAE: 0.04358397796750069
             	Algebraic dist: 0.33344724774360657		 Val Algebraic dist: 0.6123510996500651
             	RE1 dist: 0.11140772700309753		 Val RE1 dist: 0.31471463044484455
             	SED dist: 0.5001174211502075		 Val SED dist: 1.2951300938924153

Epoch 32/100: Training Loss: 0.20618091523647308		 Val Loss: 0.5999159018198649
             	Training MAE: 0.043462254106998444		 Val MAE: 0.04139745980501175
             	Algebraic dist: 0.32296741008758545		 Val Algebraic dist: 0.5671392281850179
             	RE1 dist: 0.08098207414150238		 Val RE1 dist: 0.3162405490875244
             	SED dist: 0.39684638381004333		 Val SED dist: 1.1854910055796306

Epoch 33/100: Training Loss: 0.26042088866233826		 Val Loss: 0.25237607955932617
             	Training MAE: 0.043317265808582306		 Val MAE: 0.03626129403710365
             	Algebraic dist: 0.3505060076713562		 Val Algebraic dist: 0.3416268825531006
             	RE1 dist: 0.09856617450714111		 Val RE1 dist: 0.12152526775995891
             	SED dist: 0.5052634477615356		 Val SED dist: 0.49158958594004315

Epoch 34/100: Training Loss: 0.2494785487651825		 Val Loss: 0.33970145384470624
             	Training MAE: 0.04339618235826492		 Val MAE: 0.04458599165081978
             	Algebraic dist: 0.33109772205352783		 Val Algebraic dist: 0.3835711081822713
             	RE1 dist: 0.10676473379135132		 Val RE1 dist: 0.17244821786880493
             	SED dist: 0.48352378606796265		 Val SED dist: 0.6633870601654053

Epoch 35/100: Training Loss: 0.15006566047668457		 Val Loss: 0.22125120957692465
             	Training MAE: 0.04759276285767555		 Val MAE: 0.038178108632564545
             	Algebraic dist: 0.23764032125473022		 Val Algebraic dist: 0.2832791805267334
             	RE1 dist: 0.06559860706329346		 Val RE1 dist: 0.10755510131518047
             	SED dist: 0.2821195721626282		 Val SED dist: 0.42891573905944824

Epoch 36/100: Training Loss: 0.05959174409508705		 Val Loss: 0.3350120385487874
             	Training MAE: 0.03884245827794075		 Val MAE: 0.03932473435997963
             	Algebraic dist: 0.15403449535369873		 Val Algebraic dist: 0.38561729590098065
             	RE1 dist: 0.02211529202759266		 Val RE1 dist: 0.1608115037282308
             	SED dist: 0.10532240569591522		 Val SED dist: 0.6561781962712606

Epoch 37/100: Training Loss: 0.1334247589111328		 Val Loss: 0.34239856402079266
             	Training MAE: 0.03779563680291176		 Val MAE: 0.03952573984861374
             	Algebraic dist: 0.23613111674785614		 Val Algebraic dist: 0.38180355230967206
             	RE1 dist: 0.053155288100242615		 Val RE1 dist: 0.17253474394480386
             	SED dist: 0.25322216749191284		 Val SED dist: 0.6708069642384847

Epoch 38/100: Training Loss: 0.14217257499694824		 Val Loss: 0.43575215339660645
             	Training MAE: 0.039257947355508804		 Val MAE: 0.037346888333559036
             	Algebraic dist: 0.2518448829650879		 Val Algebraic dist: 0.42467280228932697
             	RE1 dist: 0.05652296170592308		 Val RE1 dist: 0.22211462259292603
             	SED dist: 0.27033933997154236		 Val SED dist: 0.8581385612487793

Epoch 39/100: Training Loss: 0.18334674835205078		 Val Loss: 0.44469889005025226
             	Training MAE: 0.0386262945830822		 Val MAE: 0.036593738943338394
             	Algebraic dist: 0.2840379774570465		 Val Algebraic dist: 0.45009326934814453
             	RE1 dist: 0.0789828896522522		 Val RE1 dist: 0.22532920042673746
             	SED dist: 0.3528139889240265		 Val SED dist: 0.8762346108754476

Epoch 40/100: Training Loss: 0.18106608092784882		 Val Loss: 0.47001834710439044
             	Training MAE: 0.04121404141187668		 Val MAE: 0.037607137113809586
             	Algebraic dist: 0.2855908274650574		 Val Algebraic dist: 0.4559743404388428
             	RE1 dist: 0.07782065123319626		 Val RE1 dist: 0.23411415020624796
             	SED dist: 0.34766316413879395		 Val SED dist: 0.9266312917073568

Epoch 41/100: Training Loss: 0.2503167390823364		 Val Loss: 0.2906375328699748
             	Training MAE: 0.041842639446258545		 Val MAE: 0.03709416836500168
             	Algebraic dist: 0.3548189103603363		 Val Algebraic dist: 0.3339073657989502
             	RE1 dist: 0.1049836128950119		 Val RE1 dist: 0.13976017634073892
             	SED dist: 0.4854731261730194		 Val SED dist: 0.5681169430414835

Epoch 42/100: Training Loss: 0.12494722008705139		 Val Loss: 0.33066169420878094
             	Training MAE: 0.038319338113069534		 Val MAE: 0.0400351956486702
             	Algebraic dist: 0.20020940899848938		 Val Algebraic dist: 0.38466501235961914
             	RE1 dist: 0.05546072870492935		 Val RE1 dist: 0.16889041662216187
             	SED dist: 0.23628851771354675		 Val SED dist: 0.6472620964050293

Epoch 43/100: Training Loss: 0.11631149053573608		 Val Loss: 0.2671780784924825
             	Training MAE: 0.03900522738695145		 Val MAE: 0.0441310815513134
             	Algebraic dist: 0.21737974882125854		 Val Algebraic dist: 0.3133748769760132
             	RE1 dist: 0.04611964523792267		 Val RE1 dist: 0.12381869554519653
             	SED dist: 0.21875014901161194		 Val SED dist: 0.5187049706776937

Epoch 44/100: Training Loss: 0.08697909116744995		 Val Loss: 0.29515572388966876
             	Training MAE: 0.05014985054731369		 Val MAE: 0.05085653066635132
             	Algebraic dist: 0.1651277095079422		 Val Algebraic dist: 0.3450952370961507
             	RE1 dist: 0.038974542170763016		 Val RE1 dist: 0.13395512104034424
             	SED dist: 0.15461474657058716		 Val SED dist: 0.5708386898040771

Epoch 45/100: Training Loss: 0.07667282223701477		 Val Loss: 0.23847405115763345
             	Training MAE: 0.05079851672053337		 Val MAE: 0.039807841181755066
             	Algebraic dist: 0.15871506929397583		 Val Algebraic dist: 0.3188566366831462
             	RE1 dist: 0.02940233424305916		 Val RE1 dist: 0.1184475024541219
             	SED dist: 0.1330099105834961		 Val SED dist: 0.4629948139190674

Epoch 46/100: Training Loss: 0.13503830134868622		 Val Loss: 0.23013418912887573
             	Training MAE: 0.040428921580314636		 Val MAE: 0.03772561252117157
             	Algebraic dist: 0.22757446765899658		 Val Algebraic dist: 0.30838970343271893
             	RE1 dist: 0.05807369574904442		 Val RE1 dist: 0.11246223251024882
             	SED dist: 0.2558719515800476		 Val SED dist: 0.4469016393025716

Epoch 47/100: Training Loss: 0.14148804545402527		 Val Loss: 0.25428998470306396
             	Training MAE: 0.04121743142604828		 Val MAE: 0.045749180018901825
             	Algebraic dist: 0.22317637503147125		 Val Algebraic dist: 0.31859107812245685
             	RE1 dist: 0.06662453711032867		 Val RE1 dist: 0.11805968483289082
             	SED dist: 0.26827141642570496		 Val SED dist: 0.4923606316248576

Epoch 48/100: Training Loss: 0.16118155419826508		 Val Loss: 0.3035550117492676
             	Training MAE: 0.049199461936950684		 Val MAE: 0.044514939188957214
             	Algebraic dist: 0.2507683336734772		 Val Algebraic dist: 0.3289092779159546
             	RE1 dist: 0.0627981424331665		 Val RE1 dist: 0.14747432867685953
             	SED dist: 0.30357468128204346		 Val SED dist: 0.5913538535435995

Epoch 49/100: Training Loss: 0.0669611319899559		 Val Loss: 0.25034616390864056
             	Training MAE: 0.03930314630270004		 Val MAE: 0.03995520994067192
             	Algebraic dist: 0.15259809792041779		 Val Algebraic dist: 0.30049697558085126
             	RE1 dist: 0.027318986132740974		 Val RE1 dist: 0.12127166986465454
             	SED dist: 0.11985012143850327		 Val SED dist: 0.486577828725179

Epoch 50/100: Training Loss: 0.07736388593912125		 Val Loss: 0.23443603515625
             	Training MAE: 0.04455935209989548		 Val MAE: 0.043652694672346115
             	Algebraic dist: 0.15021634101867676		 Val Algebraic dist: 0.30103371540705365
             	RE1 dist: 0.03443623334169388		 Val RE1 dist: 0.11476454138755798
             	SED dist: 0.13880842924118042		 Val SED dist: 0.453411340713501

Epoch 51/100: Training Loss: 0.07768641412258148		 Val Loss: 0.2586551507314046
             	Training MAE: 0.04556809738278389		 Val MAE: 0.04143727198243141
             	Algebraic dist: 0.1446172297000885		 Val Algebraic dist: 0.3089895248413086
             	RE1 dist: 0.036513589322566986		 Val RE1 dist: 0.12728317578633627
             	SED dist: 0.13902519643306732		 Val SED dist: 0.502768357594808

Epoch 52/100: Training Loss: 0.08779307454824448		 Val Loss: 0.32631466786066693
             	Training MAE: 0.04118960350751877		 Val MAE: 0.037424203008413315
             	Algebraic dist: 0.17684033513069153		 Val Algebraic dist: 0.34964601198832196
             	RE1 dist: 0.03667842596769333		 Val RE1 dist: 0.15379074215888977
             	SED dist: 0.16099664568901062		 Val SED dist: 0.639177401860555

Epoch 53/100: Training Loss: 0.06473559886217117		 Val Loss: 0.29583124319712323
             	Training MAE: 0.039463579654693604		 Val MAE: 0.03962354362010956
             	Algebraic dist: 0.15855684876441956		 Val Algebraic dist: 0.33690786361694336
             	RE1 dist: 0.02564040571451187		 Val RE1 dist: 0.13641124963760376
             	SED dist: 0.11534063518047333		 Val SED dist: 0.5777784983317057

Epoch 54/100: Training Loss: 0.08391819894313812		 Val Loss: 0.27558718125025433
             	Training MAE: 0.04176635667681694		 Val MAE: 0.03881848603487015
             	Algebraic dist: 0.1800215244293213		 Val Algebraic dist: 0.34088345368703205
             	RE1 dist: 0.03519921004772186		 Val RE1 dist: 0.1332934300104777
             	SED dist: 0.15315204858779907		 Val SED dist: 0.5375070571899414

Epoch 55/100: Training Loss: 0.08210067451000214		 Val Loss: 0.2762139638264974
             	Training MAE: 0.038936417549848557		 Val MAE: 0.03830082342028618
             	Algebraic dist: 0.1653328835964203		 Val Algebraic dist: 0.3353737990061442
             	RE1 dist: 0.037005309015512466		 Val RE1 dist: 0.14089069763819376
             	SED dist: 0.15040598809719086		 Val SED dist: 0.5388468106587728

Epoch 56/100: Training Loss: 0.12905508279800415		 Val Loss: 0.254683256149292
             	Training MAE: 0.037952277809381485		 Val MAE: 0.03737928345799446
             	Algebraic dist: 0.2092394381761551		 Val Algebraic dist: 0.3184189399083455
             	RE1 dist: 0.06086203455924988		 Val RE1 dist: 0.12315801779429118
             	SED dist: 0.24457505345344543		 Val SED dist: 0.49596389134724933

Epoch 57/100: Training Loss: 0.1456693708896637		 Val Loss: 0.3581102689107259
             	Training MAE: 0.04518204927444458		 Val MAE: 0.0446007065474987
             	Algebraic dist: 0.2454015165567398		 Val Algebraic dist: 0.3929789463678996
             	RE1 dist: 0.05897287651896477		 Val RE1 dist: 0.1791361371676127
             	SED dist: 0.27419576048851013		 Val SED dist: 0.700422207514445

Epoch 58/100: Training Loss: 0.23738138377666473		 Val Loss: 0.42408692836761475
             	Training MAE: 0.045749545097351074		 Val MAE: 0.03742031753063202
             	Algebraic dist: 0.3466370105743408		 Val Algebraic dist: 0.41568764050801593
             	RE1 dist: 0.09465292096138		 Val RE1 dist: 0.1991402506828308
             	SED dist: 0.4583369791507721		 Val SED dist: 0.8347611427307129

Epoch 59/100: Training Loss: 0.31577450037002563		 Val Loss: 0.4786341190338135
             	Training MAE: 0.03908077999949455		 Val MAE: 0.041695572435855865
             	Algebraic dist: 0.3763859272003174		 Val Algebraic dist: 0.45731107393900555
             	RE1 dist: 0.1378130465745926		 Val RE1 dist: 0.23203001419703165
             	SED dist: 0.6176930069923401		 Val SED dist: 0.9426181316375732

Epoch 60/100: Training Loss: 0.4900299310684204		 Val Loss: 1.1954136689503987
             	Training MAE: 0.041071947664022446		 Val MAE: 0.04652827978134155
             	Algebraic dist: 0.5087330341339111		 Val Algebraic dist: 0.7760070164998373
             	RE1 dist: 0.20380949974060059		 Val RE1 dist: 0.5795799891153971
             	SED dist: 0.9655280113220215		 Val SED dist: 2.37412961324056

Epoch 61/100: Training Loss: 0.8838531374931335		 Val Loss: 0.6562472979227701
             	Training MAE: 0.04380108788609505		 Val MAE: 0.037487342953681946
             	Algebraic dist: 0.7399037480354309		 Val Algebraic dist: 0.5292630195617676
             	RE1 dist: 0.3536568880081177		 Val RE1 dist: 0.33614524205525714
             	SED dist: 1.7520101070404053		 Val SED dist: 1.2989506721496582

Epoch 62/100: Training Loss: 0.4460565447807312		 Val Loss: 0.3803137143452962
             	Training MAE: 0.04051508381962776		 Val MAE: 0.03891940414905548
             	Algebraic dist: 0.47088322043418884		 Val Algebraic dist: 0.397011399269104
             	RE1 dist: 0.1857650876045227		 Val RE1 dist: 0.16703786452611288
             	SED dist: 0.8774958848953247		 Val SED dist: 0.7469196319580078

Epoch 63/100: Training Loss: 0.27080237865448		 Val Loss: 0.6596704324086508
             	Training MAE: 0.03882737457752228		 Val MAE: 0.039100684225559235
             	Algebraic dist: 0.33532047271728516		 Val Algebraic dist: 0.6217092672983805
             	RE1 dist: 0.12575578689575195		 Val RE1 dist: 0.32321139176686603
             	SED dist: 0.5278558135032654		 Val SED dist: 1.3057325681050618

Epoch 64/100: Training Loss: 0.7685331106185913		 Val Loss: 1.8674303690592449
             	Training MAE: 0.043686021119356155		 Val MAE: 0.03699851036071777
             	Algebraic dist: 0.6756365299224854		 Val Algebraic dist: 1.0577762921651204
             	RE1 dist: 0.32428446412086487		 Val RE1 dist: 0.9100649356842041
             	SED dist: 1.520958423614502		 Val SED dist: 3.7218138376871743

Epoch 65/100: Training Loss: 0.8285346031188965		 Val Loss: 1.7519076665242512
             	Training MAE: 0.03912067040801048		 Val MAE: 0.05428535118699074
             	Algebraic dist: 0.6564739942550659		 Val Algebraic dist: 1.0025645891825359
             	RE1 dist: 0.3422241508960724		 Val RE1 dist: 0.8383111159006754
             	SED dist: 1.643104910850525		 Val SED dist: 3.481471061706543

Epoch 66/100: Training Loss: 0.7849882245063782		 Val Loss: 1.2520345052083333
             	Training MAE: 0.05493918061256409		 Val MAE: 0.06734310835599899
             	Algebraic dist: 0.611426830291748		 Val Algebraic dist: 0.7777010599772135
             	RE1 dist: 0.3282144367694855		 Val RE1 dist: 0.5295272668202718
             	SED dist: 1.5470129251480103		 Val SED dist: 2.4682016372680664

Epoch 67/100: Training Loss: 0.4185934066772461		 Val Loss: 0.32071733474731445
             	Training MAE: 0.0744544044137001		 Val MAE: 0.06529193371534348
             	Algebraic dist: 0.399702787399292		 Val Algebraic dist: 0.36149831612904865
             	RE1 dist: 0.16587680578231812		 Val RE1 dist: 0.1325076421101888
             	SED dist: 0.7921900153160095		 Val SED dist: 0.607739528020223

Epoch 68/100: Training Loss: 0.15809014439582825		 Val Loss: 0.3911181290944417
             	Training MAE: 0.06398604810237885		 Val MAE: 0.04151744395494461
             	Algebraic dist: 0.24541915953159332		 Val Algebraic dist: 0.4043965737024943
             	RE1 dist: 0.05857670307159424		 Val RE1 dist: 0.19495109717051187
             	SED dist: 0.2833305895328522		 Val SED dist: 0.7677067915598551

Epoch 69/100: Training Loss: 0.17517554759979248		 Val Loss: 0.33506667613983154
             	Training MAE: 0.04262816160917282		 Val MAE: 0.04403718188405037
             	Algebraic dist: 0.26859259605407715		 Val Algebraic dist: 0.3888671398162842
             	RE1 dist: 0.08158665895462036		 Val RE1 dist: 0.17344311873118082
             	SED dist: 0.33483967185020447		 Val SED dist: 0.6544469197591146

Epoch 70/100: Training Loss: 0.14000022411346436		 Val Loss: 0.5872538089752197
             	Training MAE: 0.04073312133550644		 Val MAE: 0.04314746707677841
             	Algebraic dist: 0.24445109069347382		 Val Algebraic dist: 0.5085725784301758
             	RE1 dist: 0.05834187567234039		 Val RE1 dist: 0.3025307059288025
             	SED dist: 0.2656468152999878		 Val SED dist: 1.1590687433878581

Epoch 71/100: Training Loss: 0.19306743144989014		 Val Loss: 0.3066266377766927
             	Training MAE: 0.04056109860539436		 Val MAE: 0.038623642176389694
             	Algebraic dist: 0.28703030943870544		 Val Algebraic dist: 0.37420376141866046
             	RE1 dist: 0.09269705414772034		 Val RE1 dist: 0.15172578891118368
             	SED dist: 0.37169262766838074		 Val SED dist: 0.5995165506998698

Epoch 72/100: Training Loss: 0.16467911005020142		 Val Loss: 0.6688171227773031
             	Training MAE: 0.03960300609469414		 Val MAE: 0.042502522468566895
             	Algebraic dist: 0.24884212017059326		 Val Algebraic dist: 0.6108341614405314
             	RE1 dist: 0.08500545471906662		 Val RE1 dist: 0.32434388001759845
             	SED dist: 0.31496262550354004		 Val SED dist: 1.3221222559611003

Epoch 73/100: Training Loss: 0.17633536458015442		 Val Loss: 0.5524529616038004
             	Training MAE: 0.04125890135765076		 Val MAE: 0.04089668020606041
             	Algebraic dist: 0.29219216108322144		 Val Algebraic dist: 0.5430434544881185
             	RE1 dist: 0.07084698975086212		 Val RE1 dist: 0.29715730746587116
             	SED dist: 0.33798664808273315		 Val SED dist: 1.0905901590983074

Epoch 74/100: Training Loss: 0.17180375754833221		 Val Loss: 0.3705633083979289
             	Training MAE: 0.04111117124557495		 Val MAE: 0.03934741020202637
             	Algebraic dist: 0.2719355821609497		 Val Algebraic dist: 0.40116381645202637
             	RE1 dist: 0.08426748216152191		 Val RE1 dist: 0.19597216447194418
             	SED dist: 0.32901284098625183		 Val SED dist: 0.7271047433217367

Epoch 75/100: Training Loss: 0.09467875212430954		 Val Loss: 0.33179545402526855
             	Training MAE: 0.04120176285505295		 Val MAE: 0.0409325510263443
             	Algebraic dist: 0.20313112437725067		 Val Algebraic dist: 0.3827649752298991
             	RE1 dist: 0.04241662472486496		 Val RE1 dist: 0.17608394225438437
             	SED dist: 0.17472440004348755		 Val SED dist: 0.6491605440775553

Epoch 76/100: Training Loss: 0.07074221223592758		 Val Loss: 0.31790995597839355
             	Training MAE: 0.043720655143260956		 Val MAE: 0.040259506553411484
             	Algebraic dist: 0.16072319447994232		 Val Algebraic dist: 0.36736464500427246
             	RE1 dist: 0.03169582411646843		 Val RE1 dist: 0.16688410441080728
             	SED dist: 0.1258155107498169		 Val SED dist: 0.6215893427530924

Epoch 77/100: Training Loss: 0.07429742068052292		 Val Loss: 0.2843647797902425
             	Training MAE: 0.04145170375704765		 Val MAE: 0.04040643200278282
             	Algebraic dist: 0.15514260530471802		 Val Algebraic dist: 0.36071987946828205
             	RE1 dist: 0.034461040049791336		 Val RE1 dist: 0.15434143940607706
             	SED dist: 0.13387446105480194		 Val SED dist: 0.5544927914937338

Epoch 78/100: Training Loss: 0.0719875693321228		 Val Loss: 0.34050440788269043
             	Training MAE: 0.03898538649082184		 Val MAE: 0.03899000212550163
             	Algebraic dist: 0.16465595364570618		 Val Algebraic dist: 0.37097891171773273
             	RE1 dist: 0.031867243349552155		 Val RE1 dist: 0.17709434032440186
             	SED dist: 0.13012024760246277		 Val SED dist: 0.6673458417256674

Epoch 79/100: Training Loss: 0.062286265194416046		 Val Loss: 0.2878970702489217
             	Training MAE: 0.03834918141365051		 Val MAE: 0.040167730301618576
             	Algebraic dist: 0.1465754508972168		 Val Algebraic dist: 0.35930633544921875
             	RE1 dist: 0.02577093243598938		 Val RE1 dist: 0.1455456813176473
             	SED dist: 0.11090527474880219		 Val SED dist: 0.5617143710454305

Epoch 80/100: Training Loss: 0.07248947024345398		 Val Loss: 0.29423558712005615
             	Training MAE: 0.03984840586781502		 Val MAE: 0.03934581205248833
             	Algebraic dist: 0.16425180435180664		 Val Algebraic dist: 0.35056038697560626
             	RE1 dist: 0.02959687076508999		 Val RE1 dist: 0.151408851146698
             	SED dist: 0.13061848282814026		 Val SED dist: 0.5745615164438883

Epoch 81/100: Training Loss: 0.06773926317691803		 Val Loss: 0.2913479010264079
             	Training MAE: 0.039664123207330704		 Val MAE: 0.03806756064295769
             	Algebraic dist: 0.1573297083377838		 Val Algebraic dist: 0.34329768021901447
             	RE1 dist: 0.027783939614892006		 Val RE1 dist: 0.14411471287409464
             	SED dist: 0.12144196778535843		 Val SED dist: 0.569226344426473

Epoch 82/100: Training Loss: 0.09611393511295319		 Val Loss: 0.3104590177536011
             	Training MAE: 0.03847244754433632		 Val MAE: 0.03862230107188225
             	Algebraic dist: 0.17605356872081757		 Val Algebraic dist: 0.3619249661763509
             	RE1 dist: 0.044539034366607666		 Val RE1 dist: 0.16322863101959229
             	SED dist: 0.17849744856357574		 Val SED dist: 0.6072059075037638

Epoch 83/100: Training Loss: 0.08906318247318268		 Val Loss: 0.40316589673360187
             	Training MAE: 0.03907870501279831		 Val MAE: 0.039899297058582306
             	Algebraic dist: 0.1847945749759674		 Val Algebraic dist: 0.38623889287312824
             	RE1 dist: 0.042784497141838074		 Val RE1 dist: 0.17827335993448892
             	SED dist: 0.1641778200864792		 Val SED dist: 0.7922602494557699

Epoch 84/100: Training Loss: 0.10663799941539764		 Val Loss: 0.3441793918609619
             	Training MAE: 0.040154702961444855		 Val MAE: 0.040253881365060806
             	Algebraic dist: 0.2057952582836151		 Val Algebraic dist: 0.3671579360961914
             	RE1 dist: 0.04740803688764572		 Val RE1 dist: 0.16956984996795654
             	SED dist: 0.19883733987808228		 Val SED dist: 0.6740937232971191

Epoch 85/100: Training Loss: 0.09250064194202423		 Val Loss: 0.44289398193359375
             	Training MAE: 0.04715874791145325		 Val MAE: 0.046845175325870514
             	Algebraic dist: 0.18989494442939758		 Val Algebraic dist: 0.459303617477417
             	RE1 dist: 0.03674982488155365		 Val RE1 dist: 0.22162286440531412
             	SED dist: 0.16705478727817535		 Val SED dist: 0.8683215777079264

Epoch 86/100: Training Loss: 0.13751322031021118		 Val Loss: 0.5845348437627157
             	Training MAE: 0.04705915227532387		 Val MAE: 0.04431796073913574
             	Algebraic dist: 0.24707873165607452		 Val Algebraic dist: 0.5909723440806071
             	RE1 dist: 0.05953093618154526		 Val RE1 dist: 0.2880208094914754
             	SED dist: 0.2577071189880371		 Val SED dist: 1.1529833475748699

Epoch 87/100: Training Loss: 0.299953430891037		 Val Loss: 0.7782112757364908
             	Training MAE: 0.04162617027759552		 Val MAE: 0.038722481578588486
             	Algebraic dist: 0.36078304052352905		 Val Algebraic dist: 0.6703816254933676
             	RE1 dist: 0.12402375787496567		 Val RE1 dist: 0.3727044264475505
             	SED dist: 0.584822952747345		 Val SED dist: 1.5428554217020671

Epoch 88/100: Training Loss: 0.38640353083610535		 Val Loss: 0.5931696097056071
             	Training MAE: 0.04448293522000313		 Val MAE: 0.04264489933848381
             	Algebraic dist: 0.43960219621658325		 Val Algebraic dist: 0.5117415984471639
             	RE1 dist: 0.17184516787528992		 Val RE1 dist: 0.2862420876820882
             	SED dist: 0.7557506561279297		 Val SED dist: 1.1711943944295247

Epoch 89/100: Training Loss: 0.28214627504348755		 Val Loss: 0.25194887320200604
             	Training MAE: 0.039755333214998245		 Val MAE: 0.038712479174137115
             	Algebraic dist: 0.3430338203907013		 Val Algebraic dist: 0.33003556728363037
             	RE1 dist: 0.13670383393764496		 Val RE1 dist: 0.1332265337308248
             	SED dist: 0.5500988960266113		 Val SED dist: 0.4902795155843099

Epoch 90/100: Training Loss: 0.17789150774478912		 Val Loss: 0.5585759480794271
             	Training MAE: 0.047551922500133514		 Val MAE: 0.04352722316980362
             	Algebraic dist: 0.2854434847831726		 Val Algebraic dist: 0.469703475634257
             	RE1 dist: 0.07586590945720673		 Val RE1 dist: 0.3020014762878418
             	SED dist: 0.3378632962703705		 Val SED dist: 1.1013511021931965

Epoch 91/100: Training Loss: 0.1662786602973938		 Val Loss: 0.3338992198308309
             	Training MAE: 0.04894363880157471		 Val MAE: 0.03984035551548004
             	Algebraic dist: 0.2776755094528198		 Val Algebraic dist: 0.3673957586288452
             	RE1 dist: 0.0682118758559227		 Val RE1 dist: 0.15845584869384766
             	SED dist: 0.3141721189022064		 Val SED dist: 0.6536845366160074

Epoch 92/100: Training Loss: 0.12304507195949554		 Val Loss: 0.5347048044204712
             	Training MAE: 0.03860300034284592		 Val MAE: 0.04054246097803116
             	Algebraic dist: 0.239362895488739		 Val Algebraic dist: 0.5331602096557617
             	RE1 dist: 0.05265636742115021		 Val RE1 dist: 0.2671999931335449
             	SED dist: 0.23227351903915405		 Val SED dist: 1.0550663471221924

Epoch 93/100: Training Loss: 0.2167312502861023		 Val Loss: 0.8189700444539388
             	Training MAE: 0.04492013901472092		 Val MAE: 0.044598449021577835
             	Algebraic dist: 0.3239227533340454		 Val Algebraic dist: 0.664708137512207
             	RE1 dist: 0.09253381192684174		 Val RE1 dist: 0.3921350638071696
             	SED dist: 0.41709983348846436		 Val SED dist: 1.6217118899027507

Epoch 94/100: Training Loss: 0.24502860009670258		 Val Loss: 0.5332260926564535
             	Training MAE: 0.04047244414687157		 Val MAE: 0.04358422011137009
             	Algebraic dist: 0.33631324768066406		 Val Algebraic dist: 0.5215094089508057
             	RE1 dist: 0.11720917373895645		 Val RE1 dist: 0.2645010749499003
             	SED dist: 0.4755410850048065		 Val SED dist: 1.0508208274841309

Epoch 95/100: Training Loss: 0.14702215790748596		 Val Loss: 0.4253411293029785
             	Training MAE: 0.04975713789463043		 Val MAE: 0.048981234431266785
             	Algebraic dist: 0.24159090220928192		 Val Algebraic dist: 0.4467872778574626
             	RE1 dist: 0.06491868197917938		 Val RE1 dist: 0.19718686739603677
             	SED dist: 0.27496159076690674		 Val SED dist: 0.8318510055541992

Epoch 96/100: Training Loss: 0.12334209680557251		 Val Loss: 0.3876500924428304
             	Training MAE: 0.047354359179735184		 Val MAE: 0.03834185004234314
             	Algebraic dist: 0.21888834238052368		 Val Algebraic dist: 0.39340853691101074
             	RE1 dist: 0.05701357498764992		 Val RE1 dist: 0.19149728616078696
             	SED dist: 0.22893594205379486		 Val SED dist: 0.761807918548584

Epoch 97/100: Training Loss: 0.10550238192081451		 Val Loss: 0.6859848499298096
             	Training MAE: 0.03888126090168953		 Val MAE: 0.04082468897104263
             	Algebraic dist: 0.21397607028484344		 Val Algebraic dist: 0.4954524040222168
             	RE1 dist: 0.04743172973394394		 Val RE1 dist: 0.29639484484990436
             	SED dist: 0.19706282019615173		 Val SED dist: 1.3575620651245117

Epoch 98/100: Training Loss: 0.118299700319767		 Val Loss: 0.34881571928660077
             	Training MAE: 0.04036432504653931		 Val MAE: 0.043641749769449234
             	Algebraic dist: 0.23041953146457672		 Val Algebraic dist: 0.3831835985183716
             	RE1 dist: 0.05043578892946243		 Val RE1 dist: 0.17371582984924316
             	SED dist: 0.22221313416957855		 Val SED dist: 0.6819825172424316

Epoch 99/100: Training Loss: 0.09827855974435806		 Val Loss: 0.490300973256429
             	Training MAE: 0.054375309497117996		 Val MAE: 0.05018269270658493
             	Algebraic dist: 0.18853884935379028		 Val Algebraic dist: 0.45088167985280353
             	RE1 dist: 0.03938060253858566		 Val RE1 dist: 0.22831058502197266
             	SED dist: 0.17380866408348083		 Val SED dist: 0.9608975251515707

Epoch 100/100: Training Loss: 0.06439664959907532		 Val Loss: 0.3735552231470744
             	Training MAE: 0.04922537878155708		 Val MAE: 0.03991387411952019
             	Algebraic dist: 0.14148104190826416		 Val Algebraic dist: 0.3920919895172119
             	RE1 dist: 0.02844703197479248		 Val RE1 dist: 0.18431444962819418
             	SED dist: 0.10989227890968323		 Val SED dist: 0.733061154683431

Epoch 101/100: Training Loss: 0.08368988335132599		 Val Loss: 0.4407862027486165
             	Training MAE: 0.03938145190477371		 Val MAE: 0.040537279099226
             	Algebraic dist: 0.16571679711341858		 Val Algebraic dist: 0.4134345054626465
             	RE1 dist: 0.04015330970287323		 Val RE1 dist: 0.20516496896743774
             	SED dist: 0.15320558845996857		 Val SED dist: 0.8671242396036783

Epoch 102/100: Training Loss: 0.09682080149650574		 Val Loss: 0.3396248420079549
             	Training MAE: 0.03963272646069527		 Val MAE: 0.03980306535959244
             	Algebraic dist: 0.1975497305393219		 Val Algebraic dist: 0.3764334519704183
             	RE1 dist: 0.04505298286676407		 Val RE1 dist: 0.1670987606048584
             	SED dist: 0.17953847348690033		 Val SED dist: 0.6652864217758179

Epoch 103/100: Training Loss: 0.10569125413894653		 Val Loss: 0.28470031420389813
             	Training MAE: 0.04068686068058014		 Val MAE: 0.04413701966404915
             	Algebraic dist: 0.20195189118385315		 Val Algebraic dist: 0.347304105758667
             	RE1 dist: 0.05002843588590622		 Val RE1 dist: 0.13699311017990112
             	SED dist: 0.19691315293312073		 Val SED dist: 0.5534772078196207

Epoch 104/100: Training Loss: 0.07060325890779495		 Val Loss: 0.3313540816307068
             	Training MAE: 0.04741654917597771		 Val MAE: 0.04171592742204666
             	Algebraic dist: 0.15636120736598969		 Val Algebraic dist: 0.3783666690190633
             	RE1 dist: 0.027627840638160706		 Val RE1 dist: 0.17297041416168213
             	SED dist: 0.12353513389825821		 Val SED dist: 0.6478579839070638

Epoch 105/100: Training Loss: 0.07147430628538132		 Val Loss: 0.3453361988067627
             	Training MAE: 0.040927425026893616		 Val MAE: 0.03944919630885124
             	Algebraic dist: 0.16353803873062134		 Val Algebraic dist: 0.381574551264445
             	RE1 dist: 0.03147760033607483		 Val RE1 dist: 0.1685964266459147
             	SED dist: 0.1286138892173767		 Val SED dist: 0.676671028137207

Epoch 106/100: Training Loss: 0.09775364398956299		 Val Loss: 0.32971789439519245
             	Training MAE: 0.03836594894528389		 Val MAE: 0.03859272599220276
             	Algebraic dist: 0.20199719071388245		 Val Algebraic dist: 0.36842064062754315
             	RE1 dist: 0.042378947138786316		 Val RE1 dist: 0.17622389396031699
             	SED dist: 0.181737020611763		 Val SED dist: 0.6458142995834351

Epoch 107/100: Training Loss: 0.14560014009475708		 Val Loss: 0.485198974609375
             	Training MAE: 0.039693329483270645		 Val MAE: 0.042075879871845245
             	Algebraic dist: 0.25988805294036865		 Val Algebraic dist: 0.5116804440816244
             	RE1 dist: 0.06276499480009079		 Val RE1 dist: 0.2481364607810974
             	SED dist: 0.2772187292575836		 Val SED dist: 0.9553389549255371

Epoch 108/100: Training Loss: 0.17713803052902222		 Val Loss: 0.39442865053812665
             	Training MAE: 0.04148136451840401		 Val MAE: 0.04012739658355713
             	Algebraic dist: 0.2742997407913208		 Val Algebraic dist: 0.4548327922821045
             	RE1 dist: 0.08135445415973663		 Val RE1 dist: 0.18266602357228598
             	SED dist: 0.33967092633247375		 Val SED dist: 0.7747863133748373

Epoch 109/100: Training Loss: 0.13060931861400604		 Val Loss: 0.32715094089508057
             	Training MAE: 0.03833126649260521		 Val MAE: 0.03870289772748947
             	Algebraic dist: 0.23667997121810913		 Val Algebraic dist: 0.36654003461201984
             	RE1 dist: 0.05564739555120468		 Val RE1 dist: 0.15619202454884848
             	SED dist: 0.2475820779800415		 Val SED dist: 0.6406444311141968

Epoch 110/100: Training Loss: 0.12320910394191742		 Val Loss: 0.318328062693278
             	Training MAE: 0.03766251727938652		 Val MAE: 0.03898577764630318
             	Algebraic dist: 0.23929665982723236		 Val Algebraic dist: 0.363202969233195
             	RE1 dist: 0.053941965103149414		 Val RE1 dist: 0.15336384375890097
             	SED dist: 0.23289430141448975		 Val SED dist: 0.6228460470835367

Epoch 111/100: Training Loss: 0.09471361339092255		 Val Loss: 0.42260412375132245
             	Training MAE: 0.041049666702747345		 Val MAE: 0.03948378935456276
             	Algebraic dist: 0.1944602131843567		 Val Algebraic dist: 0.4273049831390381
             	RE1 dist: 0.03965137153863907		 Val RE1 dist: 0.20758320887883505
             	SED dist: 0.17495182156562805		 Val SED dist: 0.831281820933024

Epoch 112/100: Training Loss: 0.1089375913143158		 Val Loss: 0.3180721203486125
             	Training MAE: 0.04332539439201355		 Val MAE: 0.03987707197666168
             	Algebraic dist: 0.20278984308242798		 Val Algebraic dist: 0.3865690231323242
             	RE1 dist: 0.04959498345851898		 Val RE1 dist: 0.16512123743693033
             	SED dist: 0.20244595408439636		 Val SED dist: 0.6221380233764648

Epoch 113/100: Training Loss: 0.0711832121014595		 Val Loss: 0.40119067827860516
             	Training MAE: 0.03946816921234131		 Val MAE: 0.040050823241472244
             	Algebraic dist: 0.1666029542684555		 Val Algebraic dist: 0.40346542994181317
             	RE1 dist: 0.02940092608332634		 Val RE1 dist: 0.2047512928644816
             	SED dist: 0.1283031404018402		 Val SED dist: 0.7882769902547201

Epoch 114/100: Training Loss: 0.08535560965538025		 Val Loss: 0.3145974079767863
             	Training MAE: 0.038287706673145294		 Val MAE: 0.03984653204679489
             	Algebraic dist: 0.182866632938385		 Val Algebraic dist: 0.3421391248703003
             	RE1 dist: 0.03815052658319473		 Val RE1 dist: 0.15925936897595724
             	SED dist: 0.15701353549957275		 Val SED dist: 0.6151446104049683

Epoch 115/100: Training Loss: 0.08478152751922607		 Val Loss: 0.2185344696044922
             	Training MAE: 0.03897935897111893		 Val MAE: 0.03932356834411621
             	Algebraic dist: 0.16838598251342773		 Val Algebraic dist: 0.3125409483909607
             	RE1 dist: 0.04363299906253815		 Val RE1 dist: 0.11155478159586589
             	SED dist: 0.15565285086631775		 Val SED dist: 0.4232196807861328

