###########################################################################################################################################################

                         learning rate: 6e-05,  mlp_hidden_sizes: [1024, 512], batch_size: 4, norm: True, alpha: 10, avg embeddings: False, 
                        crop: 224 resize: 256, use conv: True pretrained: None, seed: 42, angle range: 30, shift range: 32, 
                        train length: 4048, val length: 320, test length: 320, get old path: False, embeddings to use: ['rotated_embeddings', 'original_embeddings'],
                        use_cls: False, frozen layer: 0


Epoch 1/2000: Training Loss: 1.0793656058933423		 Val Loss: 0.4725759029388428
		Training MAE Angle: 0.47686845982969983		 Val MAE Angle: 0.25015175342559814
              Training MSE Angle: 0.3095540284168108		 Val MSE Angle: 0.10174967050552368
		Training MAE Shift: 0.2051261178118438		 Val MAE Shift: 0.15658795833587646
              Training Euclidean Shift: 0.32043502264814416	 Val Euclidean Shift: 0.24511055946350097


Epoch 2/2000: Training Loss: 0.21305076689588223		 Val Loss: 0.4876192569732666
		Training MAE Angle: 0.15787195499706647		 Val MAE Angle: 0.1926578164100647
              Training MSE Angle: 0.04228879152079345		 Val MSE Angle: 0.060594260692596436
		Training MAE Shift: 0.09911970658735796		 Val MAE Shift: 0.15975419282913209
              Training Euclidean Shift: 0.1553111622927217	 Val Euclidean Shift: 0.25000462532043455


Epoch 3/2000: Training Loss: 0.11948835802643666		 Val Loss: 0.3309166431427002
		Training MAE Angle: 0.10001122244733124		 Val MAE Angle: 0.15058428049087524
              Training MSE Angle: 0.01826100292884314		 Val MSE Angle: 0.03341699242591858
		Training MAE Shift: 0.07550415973889497		 Val MAE Shift: 0.13319891691207886
              Training Euclidean Shift: 0.11840037017942888	 Val Euclidean Shift: 0.20622098445892334


Epoch 4/2000: Training Loss: 0.09615886070040375		 Val Loss: 0.20505614280700685
		Training MAE Angle: 0.08499233713263109		 Val MAE Angle: 0.13021479845046996
              Training MSE Angle: 0.013527847561440449		 Val MSE Angle: 0.026571708917617797
		Training MAE Shift: 0.0661836103959517		 Val MAE Shift: 0.09845507144927979
              Training Euclidean Shift: 0.10424768500648468	 Val Euclidean Shift: 0.15396363735198976


Epoch 5/2000: Training Loss: 0.07010903188833606		 Val Loss: 0.15249139070510864
		Training MAE Angle: 0.07081720857280988		 Val MAE Angle: 0.1015097975730896
              Training MSE Angle: 0.009421492753763914		 Val MSE Angle: 0.01970168948173523
		Training MAE Shift: 0.0573889200866458		 Val MAE Shift: 0.07968459725379944
              Training Euclidean Shift: 0.09028551606792706	 Val Euclidean Shift: 0.12463974952697754


Epoch 6/2000: Training Loss: 0.07818982723673341		 Val Loss: 0.23639998435974122
		Training MAE Angle: 0.06579709712695699		 Val MAE Angle: 0.10845783948898316
              Training MSE Angle: 0.008811949741227825		 Val MSE Angle: 0.02002445012331009
		Training MAE Shift: 0.058615465880382675		 Val MAE Shift: 0.10542066097259521
              Training Euclidean Shift: 0.09232355954618793	 Val Euclidean Shift: 0.16639662981033326


Epoch 7/2000: Training Loss: 0.05367735534788592		 Val Loss: 0.17779415845870972
		Training MAE Angle: 0.05700878098076982		 Val MAE Angle: 0.08327533602714539
              Training MSE Angle: 0.007052804170389892		 Val MSE Angle: 0.011447069048881531
		Training MAE Shift: 0.0482330246876351		 Val MAE Shift: 0.09524329900741577
              Training Euclidean Shift: 0.07593843965191144	 Val Euclidean Shift: 0.15079556703567504


Epoch 8/2000: Training Loss: 0.06375585714347749		 Val Loss: 0.25531413555145266
		Training MAE Angle: 0.05556205704278154		 Val MAE Angle: 0.09018816351890564
              Training MSE Angle: 0.006665213777142551		 Val MSE Angle: 0.01508902907371521
		Training MAE Shift: 0.050434199246493255		 Val MAE Shift: 0.11316231489181519
              Training Euclidean Shift: 0.07964781056279721	 Val Euclidean Shift: 0.18244873285293578


Epoch 9/2000: Training Loss: 0.040668521474001434		 Val Loss: 0.1354984760284424
		Training MAE Angle: 0.047336092108323166		 Val MAE Angle: 0.07361109256744384
              Training MSE Angle: 0.004544493709157107		 Val MSE Angle: 0.01168634593486786
		Training MAE Shift: 0.04257516521710181		 Val MAE Shift: 0.07611451745033264
              Training Euclidean Shift: 0.0670384192184026	 Val Euclidean Shift: 0.12131692171096801


Epoch 10/2000: Training Loss: 0.038870558908334366		 Val Loss: 0.09863094091415406
		Training MAE Angle: 0.04267345021364717		 Val MAE Angle: 0.06874579787254334
              Training MSE Angle: 0.0035862413790857368		 Val MSE Angle: 0.010843534767627717
		Training MAE Shift: 0.04082841835474308		 Val MAE Shift: 0.062379860877990724
              Training Euclidean Shift: 0.0644446814013093	 Val Euclidean Shift: 0.09817062020301819


Epoch 11/2000: Training Loss: 0.037690660227899964		 Val Loss: 0.09534398317337037
		Training MAE Angle: 0.044309808331515946		 Val MAE Angle: 0.04885448813438416
              Training MSE Angle: 0.003915109888838214		 Val MSE Angle: 0.005018670856952667
		Training MAE Shift: 0.03955911930370708		 Val MAE Shift: 0.05455005168914795
              Training Euclidean Shift: 0.062328127533079605	 Val Euclidean Shift: 0.08780798316001892


Epoch 12/2000: Training Loss: 0.03244843690291695		 Val Loss: 0.08047625422477722
		Training MAE Angle: 0.03885748263875486		 Val MAE Angle: 0.048744532465934756
              Training MSE Angle: 0.0030048169166203074		 Val MSE Angle: 0.005023312196135521
		Training MAE Shift: 0.03756461690065889		 Val MAE Shift: 0.05864797830581665
              Training Euclidean Shift: 0.05925699467715539	 Val Euclidean Shift: 0.09367877244949341


Epoch 13/2000: Training Loss: 0.027836754388017616		 Val Loss: 0.07810510993003845
		Training MAE Angle: 0.03816064450109429		 Val MAE Angle: 0.05197386741638184
              Training MSE Angle: 0.0031398803349068985		 Val MSE Angle: 0.005284587293863297
		Training MAE Shift: 0.03485039948474748		 Val MAE Shift: 0.04927598237991333
              Training Euclidean Shift: 0.05502949213321972	 Val Euclidean Shift: 0.07893009781837464


Epoch 14/2000: Training Loss: 0.028022786845331608		 Val Loss: 0.08029496073722839
		Training MAE Angle: 0.03668260385867635		 Val MAE Angle: 0.06497601866722107
              Training MSE Angle: 0.0026561412886668572		 Val MSE Angle: 0.008863551169633865
		Training MAE Shift: 0.03486435403936936		 Val MAE Shift: 0.047238117456436156
              Training Euclidean Shift: 0.05475927812779845	 Val Euclidean Shift: 0.07408043146133422


Epoch 15/2000: Training Loss: 0.026503847521755535		 Val Loss: 0.06901837587356567
		Training MAE Angle: 0.035298664108095436		 Val MAE Angle: 0.06582247018814087
              Training MSE Angle: 0.0025018941272388806		 Val MSE Angle: 0.009120885282754898
		Training MAE Shift: 0.033293901224852554		 Val MAE Shift: 0.04873296022415161
              Training Euclidean Shift: 0.05266799474422169	 Val Euclidean Shift: 0.07765581607818603


Epoch 16/2000: Training Loss: 0.02467249881608684		 Val Loss: 0.04036954939365387
		Training MAE Angle: 0.035439645819984406		 Val MAE Angle: 0.04756207764148712
              Training MSE Angle: 0.0028044025417373114		 Val MSE Angle: 0.004786396771669388
		Training MAE Shift: 0.03145934093611043		 Val MAE Shift: 0.037837466597557066
              Training Euclidean Shift: 0.04972010073454484	 Val Euclidean Shift: 0.05958325862884521


Epoch 17/2000: Training Loss: 0.03133224969796041		 Val Loss: 0.08125633001327515
		Training MAE Angle: 0.0362159442524665		 Val MAE Angle: 0.05648722052574158
              Training MSE Angle: 0.0029361172627083397		 Val MSE Angle: 0.007085587829351425
		Training MAE Shift: 0.033958382286101936		 Val MAE Shift: 0.05424374341964722
              Training Euclidean Shift: 0.05366969202818136	 Val Euclidean Shift: 0.08694972991943359


Epoch 18/2000: Training Loss: 0.024929382113128784		 Val Loss: 0.09779396057128906
		Training MAE Angle: 0.03416673939218634###########################################################################################################################################################

                         learning rate: 6e-05,  mlp_hidden_sizes: [1024, 512], batch_size: 4, norm: True, alpha: 10, avg embeddings: False, 
                        crop: 224 resize: 256, use conv: True pretrained: None, seed: 42, angle range: 30, shift range: 32, 
                        train length: 4048, val length: 320, test length: 320, get old path: False, embeddings to use: ['rotated_embeddings', 'original_embeddings'],
                        use_cls: False, frozen layer: 0


