###########################################################################################################################################################

                         learning rate: 6e-05,  mlp_hidden_sizes: [1024, 512], batch_size: 32, norm: True, alpha: 1, avg embeddings: True, 
                        crop: 224 resize: 256, use conv: False pretrained: plots/BS_32__lr_6e-05__train_size_6144__model_CLIP__avg__alpha_1__angle/, seed: 42, angle range: 0, shift range: 100, 
                        train length: 6144, val length: 780, test length: 780, get old path: False


##### CONTINUE TRAINING #####

Epoch 51/100: Training Loss: 0.01621529335776965		 Val Loss: 0.002387385368347168
		Training MAE Shift: 0.07190707325935364		 Val MAE Shift: 0.03412753343582153
              Training Euclidean Shift: 0.11224693059921265		 Val Euclidean Shift: 0.05382616519927978


Epoch 52/100: Training Loss: 0.003375097488363584		 Val Loss: 0.0034927016496658324
		Training MAE Shift: 0.04047641158103943		 Val MAE Shift: 0.043598880767822264
              Training Euclidean Shift: 0.06373424828052521		 Val Euclidean Shift: 0.06896145820617676


Epoch 53/100: Training Loss: 0.0023391487387319407		 Val Loss: 0.00242560476064682
		Training MAE Shift: 0.0337224875887235		 Val MAE Shift: 0.03240394353866577
              Training Euclidean Shift: 0.05311363935470581		 Val Euclidean Shift: 0.05153909206390381


Epoch 54/100: Training Loss: 0.0012750777726372082		 Val Loss: 0.0012518274784088135
		Training MAE Shift: 0.025049184759457905		 Val MAE Shift: 0.026133966445922852
              Training Euclidean Shift: 0.039395528535048165		 Val Euclidean Shift: 0.04056457042694092


Epoch 55/100: Training Loss: 0.0034817010164260864		 Val Loss: 0.0019383710622787476
		Training MAE Shift: 0.04112919420003891		 Val MAE Shift: 0.02993584156036377
              Training Euclidean Shift: 0.06468094388643901		 Val Euclidean Shift: 0.04735623359680176


Epoch 56/100: Training Loss: 0.0014430706699689229		 Val Loss: 0.0020088635385036467
		Training MAE Shift: 0.027182988822460175		 Val MAE Shift: 0.03132426261901856
              Training Euclidean Shift: 0.04287221531073252		 Val Euclidean Shift: 0.04966748237609863


Epoch 57/100: Training Loss: 0.0012361564052601655		 Val Loss: 0.0012077879905700683
		Training MAE Shift: 0.0252524937192599		 Val MAE Shift: 0.024861774444580077
              Training Euclidean Shift: 0.03981575866540273		 Val Euclidean Shift: 0.039079928398132326


Epoch 58/100: Training Loss: 0.0007096514261017243		 Val Loss: 0.0008989787101745606
		Training MAE Shift: 0.019085466861724854		 Val MAE Shift: 0.020383691787719725
              Training Euclidean Shift: 0.030145155886809032		 Val Euclidean Shift: 0.032156097888946536


Epoch 59/100: Training Loss: 0.000695418876906236		 Val Loss: 0.000871291235089302
		Training MAE Shift: 0.018947627395391464		 Val MAE Shift: 0.018606559038162232
              Training Euclidean Shift: 0.029821857810020447		 Val Euclidean Shift: 0.029367382526397704


Epoch 60/100: Training Loss: 0.005807911356290181		 Val Loss: 0.002590148448944092
		Training MAE Shift: 0.043505579233169556		 Val MAE Shift: 0.03387412071228027
              Training Euclidean Shift: 0.06826843818028767		 Val Euclidean Shift: 0.05350277900695801


Epoch 61/100: Training Loss: 0.0015459431645770867		 Val Loss: 0.0015491224825382234
		Training MAE Shift: 0.02815859019756317		 Val MAE Shift: 0.02693697452545166
              Training Euclidean Shift: 0.04448667665322622		 Val Euclidean Shift: 0.04230860710144043


Epoch 62/100: Training Loss: 0.0019784606993198395		 Val Loss: 0.0037017181515693665
		Training MAE Shift: 0.031666564444700875		 Val MAE Shift: 0.0397880220413208
              Training Euclidean Shift: 0.049830893675486244		 Val Euclidean Shift: 0.06360851287841797


Epoch 63/100: Training Loss: 0.00259573586905996		 Val Loss: 0.002146729677915573
		Training MAE Shift: 0.036390657226244606		 Val MAE Shift: 0.03099903345108032
              Training Euclidean Shift: 0.05720249811808268		 Val Euclidean Shift: 0.048897528648376466


Epoch 64/100: Training Loss: 0.0017028688453137875		 Val Loss: 0.0014377769827842713
		Training MAE Shift: 0.02929774671792984		 Val MAE Shift: 0.02680858612060547
              Training Euclidean Shift: 0.046184311310450234		 Val Euclidean Shift: 0.042335186004638675


Epoch 65/100: Training Loss: 0.0011334569814304511		 Val Loss: 0.0015774399042129516
		Training MAE Shift: 0.02411976456642151		 Val MAE Shift: 0.02719017744064331
              Training Euclidean Shift: 0.03803309549887975		 Val Euclidean Shift: 0.043238224983215334


Epoch 66/100: Training Loss: 0.0009792126559962828		 Val Loss: 0.0010696273297071458
		Training MAE Shift: 0.02219849576552709		 Val MAE Shift: 0.02209104299545288
              Training Euclidean Shift: 0.035008577009042106		 Val Euclidean Shift: 0.035046544075012204


Epoch 67/100: Training Loss: 0.001066248941545685		 Val Loss: 0.0011405903846025468
		Training MAE Shift: 0.022360560794671375		 Val MAE Shift: 0.023570291996002198
              Training Euclidean Shift: 0.035283232728640236		 Val Euclidean Shift: 0.03758382320404053


Epoch 68/100: Training Loss: 0.0007843367444972197		 Val Loss: 0.0007038702815771103
		Training MAE Shift: 0.019897041221459705		 Val MAE Shift: 0.018655494451522828
              Training Euclidean Shift: 0.03135903676350912		 Val Euclidean Shift: 0.029540283679962157


Epoch 69/100: Training Loss: 0.0006522054318338633		 Val Loss: 0.0010998301208019257
		Training MAE Shift: 0.01777106026808421		 Val MAE Shift: 0.024255008697509767
              Training Euclidean Shift: 0.02807704359292984		 Val Euclidean Shift: 0.03845653295516968


Epoch 70/100: Training Loss: 0.00064705905970186		 Val Loss: 0.0008554528653621674
		Training MAE Shift: 0.017796459297339123		 Val MAE Shift: 0.020925183296203614
              Training Euclidean Shift: 0.028008781373500824		 Val Euclidean Shift: 0.03283581733703613


Epoch 71/100: Training Loss: 0.0005443292514731487		 Val Loss: 0.0007732328027486801
		Training MAE Shift: 0.016561356683572132		 Val MAE Shift: 0.01738330364227295
              Training Euclidean Shift: 0.026130743324756622		 Val Euclidean Shift: 0.027601466178894044


Epoch 72/100: Training Loss: 0.0004849095130339265		 Val Loss: 0.000599692389369011
		Training MAE Shift: 0.015623317410548529		 Val MAE Shift: 0.017798073291778564
              Training Euclidean Shift: 0.024595084289709728		 Val Euclidean Shift: 0.027899725437164305


Epoch 73/100: Training Loss: 0.00041576769823829335		 Val Loss: 0.0005244396254420281
		Training MAE Shift: 0.01466175044576327		 Val MAE Shift: 0.015783612728118897
              Training Euclidean Shift: 0.023134268820285797		 Val Euclidean Shift: 0.02514867305755615


Epoch 74/100: Training Loss: 0.0006341027328744531		 Val Loss: 0.0008652047812938691
		Training MAE Shift: 0.0171269749601682		 Val MAE Shift: 0.02111882209777832
              Training Euclidean Shift: 0.02705848217010498		 Val Euclidean Shift: 0.03302637815475464


Epoch 75/100: Training Loss: 0.0007190714435031017		 Val Loss: 0.0028362613916397095
		Training MAE Shift: 0.01816234489281972		 Val MAE Shift: 0.039829559326171875
              Training Euclidean Shift: 0.0286623810728391		 Val Euclidean Shift: 0.062039575576782226


Epoch 76/100: Training Loss: 0.0006458639012028774		 Val Loss: 0.0006625588238239288
		Training MAE Shift: 0.018119413405656815		 Val MAE Shift: 0.018228566646575926
              Training Euclidean Shift: 0.02852569768826167		 Val Euclidean Shift: 0.028603715896606444


Epoch 77/100: Training Loss: 0.0007268142265578111		 Val Loss: 0.0006177432835102082
		Training MAE Shift: 0.018310630073149998		 Val MAE Shift: 0.017719061374664308
              Training Euclidean Shift: 0.028858942290147144		 Val Euclidean Shift: 0.027999775409698488


Epoch 78/100: Training Loss: 0.0004187968249122302		 Val Loss: 0.0004949027672410012
		Training MAE Shift: 0.0145338773727417		 Val MAE Shift: 0.013960771560668946
              Training Euclidean Shift: 0.02299280713001887		 Val Euclidean Shift: 0.02203500270843506


Epoch 79/100: Training Loss: 0.000362783243569235		 Val Loss: 0.0003292931988835335
		Training MAE Shift: 0.013674533615509668		 Val MAE Shift: 0.012256689071655273
              Training Euclidean Shift: 0.021572488049666088		 Val Euclidean Shift: 0.01932835578918457


Epoch 80/100: Training Loss: 0.0003513783061256011		 Val Loss: 0.0005119722709059716
		Training MAE Shift: 0.013498501231273016		 Val MAE Shift: 0.014668616056442261
              Training Euclidean Shift: 0.021278115610281628		 Val Euclidean Shift: 0.02303875207901001


Epoch 81/100: Training Loss: 0.0005284280050545931		 Val Loss: 0.0010528430342674256
		Training MAE Shift: 0.015583963443835577		 Val MAE Shift: 0.021825358867645264
              Training Euclidean Shift: 0.024527743458747864		 Val Euclidean Shift: 0.034307756423950196


Epoch 82/100: Training Loss: 0.0005883794510737062		 Val Loss: 0.000612051673233509
		Training MAE Shift: 0.016862864295641582		 Val MAE Shift: 0.01804973602294922
              Training Euclidean Shift: 0.02655751258134842		 Val Euclidean Shift: 0.028730931282043456


Epoch 83/100: Training Loss: 0.0005183242804681262		 Val Loss: 0.0007283861190080643
		Training MAE Shift: 0.015750351051489513		 Val MAE Shift: 0.01966520309448242
              Training Euclidean Shift: 0.024771936237812042		 Val Euclidean Shift: 0.030887672901153563


Epoch 84/100: Training Loss: 0.000507705844938755		 Val Loss: 0.00048006389290094375
		Training MAE Shift: 0.015899625917275746		 Val MAE Shift: 0.014691938161849976
              Training Euclidean Shift: 0.025013864040374756		 Val Euclidean Shift: 0.023067104816436767


Epoch 85/100: Training Loss: 0.00040405523031949997		 Val Loss: 0.0005018768459558487
		Training MAE Shift: 0.01408137505253156		 Val MAE Shift: 0.013952946662902832
              Training Euclidean Shift: 0.02217841148376465		 Val Euclidean Shift: 0.022036676406860353


Epoch 86/100: Training Loss: 0.0029866894086201987		 Val Loss: 0.002801165580749512
		Training MAE Shift: 0.03067700316508611		 Val MAE Shift: 0.03916792631149292
              Training Euclidean Shift: 0.04837880531946818		 Val Euclidean Shift: 0.061579346656799316


Epoch 87/100: Training Loss: 0.0021276616801818213		 Val Loss: 0.0016530285775661468
		Training MAE Shift: 0.03247047960758209		 Val MAE Shift: 0.029692456722259522
              Training Euclidean Shift: 0.05129960676034292		 Val Euclidean Shift: 0.04695728302001953


Epoch 88/100: Training Loss: 0.0012583992599199216		 Val Loss: 0.0013010461628437042
		Training MAE Shift: 0.024999283254146576		 Val MAE Shift: 0.025305876731872557
              Training Euclidean Shift: 0.03949128836393356		 Val Euclidean Shift: 0.04002108097076416


Epoch 89/100: Training Loss: 0.000892118007565538		 Val Loss: 0.0010616014897823333
		Training MAE Shift: 0.02101531873146693		 Val MAE Shift: 0.022826533317565918
              Training Euclidean Shift: 0.03329111387332281		 Val Euclidean Shift: 0.036272797584533695


Epoch 90/100: Training Loss: 0.000718528094391028		 Val Loss: 0.0008850239962339402
		Training MAE Shift: 0.01891012613972028		 Val MAE Shift: 0.019994957447052
              Training Euclidean Shift: 0.02987391750017802		 Val Euclidean Shift: 0.03180481910705566


Epoch 91/100: Training Loss: 0.0007346929827084144		 Val Loss: 0.0010440577566623688
		Training MAE Shift: 0.018498656650384266		 Val MAE Shift: 0.01950798511505127
              Training Euclidean Shift: 0.029234697421391804		 Val Euclidean Shift: 0.03078010559082031


Epoch 92/100: Training Loss: 0.0006434644650047024		 Val Loss: 0.0010686849802732468
		Training MAE Shift: 0.017807876070340473		 Val MAE Shift: 0.021785829067230224
              Training Euclidean Shift: 0.028173071642716725		 Val Euclidean Shift: 0.03450099229812622


Epoch 93/100: Training Loss: 0.0009561284290005764		 Val Loss: 0.0007306391000747681
		Training MAE Shift: 0.020586789896090824		 Val MAE Shift: 0.018632849454879762
              Training Euclidean Shift: 0.03262400875488917		 Val Euclidean Shift: 0.029754269123077392


Epoch 94/100: Training Loss: 0.0007722001367559036		 Val Loss: 0.0005603089928627014
		Training MAE Shift: 0.019399452954530716		 Val MAE Shift: 0.016765660047531127
              Training Euclidean Shift: 0.030579261481761932		 Val Euclidean Shift: 0.02662438154220581


Epoch 95/100: Training Loss: 0.0004494473881398638		 Val Loss: 0.0006858083605766296
		Training MAE Shift: 0.015277295062939325		 Val MAE Shift: 0.016025123596191407
              Training Euclidean Shift: 0.02412970115741094		 Val Euclidean Shift: 0.02546480417251587


Epoch 96/100: Training Loss: 0.0006852752218643824		 Val Loss: 0.0015634725987911224
		Training MAE Shift: 0.017813431719938915		 Val MAE Shift: 0.02633124351501465
              Training Euclidean Shift: 0.028094579776128132		 Val Euclidean Shift: 0.04159160614013672


Epoch 97/100: Training Loss: 0.0005892025073990226		 Val Loss: 0.0005557727813720703
		Training MAE Shift: 0.016616201649109524		 Val MAE Shift: 0.01646562695503235
              Training Euclidean Shift: 0.02624906102816264		 Val Euclidean Shift: 0.026211416721343993


Epoch 98/100: Training Loss: 0.00046742424213637906		 Val Loss: 0.0006544584780931472
		Training MAE Shift: 0.015072363118330637		 Val MAE Shift: 0.017877278327941896
              Training Euclidean Shift: 0.02380265047152837		 Val Euclidean Shift: 0.028267109394073488


Epoch 99/100: Training Loss: 0.00033748957018057507		 Val Loss: 0.0007309454679489135
		Training MAE Shift: 0.013327232251564661		 Val MAE Shift: 0.0141590416431427
              Training Euclidean Shift: 0.021003209054470062		 Val Euclidean Shift: 0.022468016147613526


Epoch 100/100: Training Loss: 0.0013184874939421813		 Val Loss: 0.0006474807113409042
		Training MAE Shift: 0.02357481171687444		 Val MAE Shift: 0.01724230408668518
              Training Euclidean Shift: 0.03703034917513529		 Val Euclidean Shift: 0.02721639394760132


## TEST RESULTS: ##
Test Loss: 0.0006622987566515803 
Test MAE Shift: 0.017330575734376907		 Test Euclidean Shift: 0.027390504255890846
Test MAE Angle: 0.0		 Test MSE Angle: 0.0

