
###########################################################################################################################################################

 learning rate: 0.0001, mlp_hidden_sizes: [1024, 512], jump_frames: 6, use_reconstruction_layer: True
batch_size: 8, norm: True, train_seqeunces: [0, 2, 3, 5], val_sequences: [6, 7, 8], RL_TEST_NAMES: ['fe2fadf89a84e92a', 'f01e8b6f8e10fdd9', 'f1ee9dc6135e5307', 'a41df4fa06fd391b', 'bc0ebb7482f14795', '9bdd34e784c04e3a', '98ebee1c36ecec55'], dataset: Sceneflow2Kitti,
average embeddings: False, model: timm/tf_efficientnetv2_m.in1k, augmentation: True, random crop: True, part: head, get_old_path: False, computer: 1,
RE1 coeff: 0 SED coeff: 0.5, ALG_COEFF: 0, L2_coeff: 1, huber_coeff: 1, frozen layers: 0, trained vit: None, MAX_POOL_SIZE: 3
crop: 224 resize: 256, use conv: True pretrained: None, train_size: 0.002, norm_mean: tensor([0.5000, 0.5000, 0.5000], device='cuda:0'), norm_std: tensor([0.5000, 0.5000, 0.5000], device='cuda:0'), sched: None seed: 500

train size: 32, val size: 24, test size: 1064

algebraic_truth: 0.01729869470000267		 val_algebraic_truth: 0.017630282789468765
RE1_truth: 0.0001968934084288776		 val_RE1_truth: 0.0002056169129597644
SED_truth: 0.0015751332975924015		 val_SED_truth: 0.0016449472556511562

Epoch 1/100: Training Loss: 0.20819464325904846		 Val Loss: 0.21139554182688394
             	Training MAE: 0.04560847952961922		 Val MAE: 0.04174036160111427
             	Algebraic dist: 0.2648966908454895		 Val Algebraic dist: 0.29763909180959064
             	RE1 dist: 0.09578922390937805		 Val RE1 dist: 0.09515746434529622
             	SED dist: 0.3988647162914276		 Val SED dist: 0.40726979573567706

Epoch 2/100: Training Loss: 0.3893606960773468		 Val Loss: 0.26314401626586914
             	Training MAE: 0.04011929780244827		 Val MAE: 0.04297704994678497
             	Algebraic dist: 0.4186435341835022		 Val Algebraic dist: 0.3336152235666911
             	RE1 dist: 0.1695863902568817		 Val RE1 dist: 0.11777209242184956
             	SED dist: 0.7643268704414368		 Val SED dist: 0.5110488732655843

Epoch 3/100: Training Loss: 0.3626081347465515		 Val Loss: 0.2671998937924703
             	Training MAE: 0.05561893433332443		 Val MAE: 0.05863998457789421
             	Algebraic dist: 0.3848552703857422		 Val Algebraic dist: 0.34281591574350995
             	RE1 dist: 0.15514646470546722		 Val RE1 dist: 0.12302263577779134
             	SED dist: 0.7004358172416687		 Val SED dist: 0.5082154273986816

Epoch 4/100: Training Loss: 0.26882991194725037		 Val Loss: 0.5762243668238322
             	Training MAE: 0.06999865919351578		 Val MAE: 0.05201943591237068
             	Algebraic dist: 0.33492690324783325		 Val Algebraic dist: 0.5142000913619995
             	RE1 dist: 0.09749055653810501		 Val RE1 dist: 0.28438963492711383
             	SED dist: 0.4977654814720154		 Val SED dist: 1.1320734818776448

Epoch 5/100: Training Loss: 0.3946159780025482		 Val Loss: 0.7051777044932047
             	Training MAE: 0.05829191952943802		 Val MAE: 0.04290645942091942
             	Algebraic dist: 0.4056016504764557		 Val Algebraic dist: 0.6075934171676636
             	RE1 dist: 0.16154441237449646		 Val RE1 dist: 0.36216211318969727
             	SED dist: 0.7628687620162964		 Val SED dist: 1.3951484362284343

Epoch 6/100: Training Loss: 0.4730094075202942		 Val Loss: 0.47032833099365234
             	Training MAE: 0.052123092114925385		 Val MAE: 0.04586687684059143
             	Algebraic dist: 0.48466944694519043		 Val Algebraic dist: 0.4582609335581462
             	RE1 dist: 0.1909414380788803		 Val RE1 dist: 0.2358392278353373
             	SED dist: 0.9248743057250977		 Val SED dist: 0.9241391817728678

Epoch 7/100: Training Loss: 0.2756514549255371		 Val Loss: 0.2897908091545105
             	Training MAE: 0.05014802888035774		 Val MAE: 0.04546457156538963
             	Algebraic dist: 0.35043588280677795		 Val Algebraic dist: 0.3600091536839803
             	RE1 dist: 0.12042652070522308		 Val RE1 dist: 0.13465736309687296
             	SED dist: 0.5322086215019226		 Val SED dist: 0.5630940596262614

Epoch 8/100: Training Loss: 0.25254660844802856		 Val Loss: 0.34251610438028973
             	Training MAE: 0.04671337455511093		 Val MAE: 0.040036167949438095
             	Algebraic dist: 0.29849955439567566		 Val Algebraic dist: 0.36122528711954754
             	RE1 dist: 0.13151668012142181		 Val RE1 dist: 0.18429118394851685
             	SED dist: 0.4872463345527649		 Val SED dist: 0.6708517869313558

Epoch 9/100: Training Loss: 0.2990231513977051		 Val Loss: 0.4444091320037842
             	Training MAE: 0.039411261677742004		 Val MAE: 0.0381665974855423
             	Algebraic dist: 0.3811156749725342		 Val Algebraic dist: 0.4297644297281901
             	RE1 dist: 0.1296604871749878		 Val RE1 dist: 0.22838997840881348
             	SED dist: 0.5840084552764893		 Val SED dist: 0.8752290407816569

Epoch 10/100: Training Loss: 0.4411347508430481		 Val Loss: 0.35860268274943036
             	Training MAE: 0.046129632741212845		 Val MAE: 0.04219633713364601
             	Algebraic dist: 0.4623091220855713		 Val Algebraic dist: 0.38979244232177734
             	RE1 dist: 0.2064269483089447		 Val RE1 dist: 0.1752781867980957
             	SED dist: 0.8638537526130676		 Val SED dist: 0.7021534442901611

Epoch 11/100: Training Loss: 0.18281686305999756		 Val Loss: 0.5116320053736368
             	Training MAE: 0.041607603430747986		 Val MAE: 0.038809940218925476
             	Algebraic dist: 0.2645231783390045		 Val Algebraic dist: 0.4783727327982585
             	RE1 dist: 0.08304069936275482		 Val RE1 dist: 0.2496360937754313
             	SED dist: 0.3504551351070404		 Val SED dist: 1.0096267064412434

Epoch 12/100: Training Loss: 0.1682523787021637		 Val Loss: 0.38534029324849445
             	Training MAE: 0.04050295427441597		 Val MAE: 0.04516207054257393
             	Algebraic dist: 0.27153918147087097		 Val Algebraic dist: 0.4185466766357422
             	RE1 dist: 0.07167382538318634		 Val RE1 dist: 0.1839366356531779
             	SED dist: 0.32175421714782715		 Val SED dist: 0.7545575300852457

Epoch 13/100: Training Loss: 0.13935047388076782		 Val Loss: 0.4119789203008016
             	Training MAE: 0.046764034777879715		 Val MAE: 0.047710955142974854
             	Algebraic dist: 0.24504756927490234		 Val Algebraic dist: 0.46242157618204754
             	RE1 dist: 0.05612767115235329		 Val RE1 dist: 0.1964633266131083
             	SED dist: 0.2611404359340668		 Val SED dist: 0.8064716657002767

Epoch 14/100: Training Loss: 0.23171862959861755		 Val Loss: 0.4667165279388428
             	Training MAE: 0.047287873923778534		 Val MAE: 0.04298708587884903
             	Algebraic dist: 0.2896234393119812		 Val Algebraic dist: 0.5156685511271158
             	RE1 dist: 0.10755760222673416		 Val RE1 dist: 0.21976693471272787
             	SED dist: 0.4457050561904907		 Val SED dist: 0.9182813167572021

Epoch 15/100: Training Loss: 0.20871813595294952		 Val Loss: 0.6199196179707845
             	Training MAE: 0.040969669818878174		 Val MAE: 0.03777863457798958
             	Algebraic dist: 0.3098715543746948		 Val Algebraic dist: 0.6016049385070801
             	RE1 dist: 0.08832700550556183		 Val RE1 dist: 0.2951985001564026
             	SED dist: 0.40241795778274536		 Val SED dist: 1.2264517943064372

Epoch 16/100: Training Loss: 0.2882035970687866		 Val Loss: 0.41029322147369385
             	Training MAE: 0.041776131838560104		 Val MAE: 0.039922136813402176
             	Algebraic dist: 0.3832048773765564		 Val Algebraic dist: 0.41396868228912354
             	RE1 dist: 0.12447360157966614		 Val RE1 dist: 0.20655848582585654
             	SED dist: 0.5612015724182129		 Val SED dist: 0.8066627184549967

Epoch 17/100: Training Loss: 0.23761504888534546		 Val Loss: 0.30475449562072754
             	Training MAE: 0.03765508532524109		 Val MAE: 0.04149241000413895
             	Algebraic dist: 0.3240956664085388		 Val Algebraic dist: 0.3610125382741292
             	RE1 dist: 0.09821251779794693		 Val RE1 dist: 0.14730674028396606
             	SED dist: 0.46173855662345886		 Val SED dist: 0.5949895779291788

Epoch 18/100: Training Loss: 0.2575238347053528		 Val Loss: 0.3116013805071513
             	Training MAE: 0.0503743514418602		 Val MAE: 0.04716961458325386
             	Algebraic dist: 0.31053274869918823		 Val Algebraic dist: 0.369104544321696
             	RE1 dist: 0.10975535959005356		 Val RE1 dist: 0.15117094914118448
             	SED dist: 0.495490163564682		 Val SED dist: 0.6059392293294271

Epoch 19/100: Training Loss: 0.18181708455085754		 Val Loss: 0.3269883990287781
             	Training MAE: 0.04758043959736824		 Val MAE: 0.03764564171433449
             	Algebraic dist: 0.27612584829330444		 Val Algebraic dist: 0.38238008817036945
             	RE1 dist: 0.07298971712589264		 Val RE1 dist: 0.1627038518587748
             	SED dist: 0.3456854820251465		 Val SED dist: 0.6405895551045736

Epoch 20/100: Training Loss: 0.10865437984466553		 Val Loss: 0.2667270501454671
             	Training MAE: 0.03717201203107834		 Val MAE: 0.0397949144244194
             	Algebraic dist: 0.2070658802986145		 Val Algebraic dist: 0.3244035641352336
             	RE1 dist: 0.04664447158575058		 Val RE1 dist: 0.12940885623296103
             	SED dist: 0.20393911004066467		 Val SED dist: 0.5196743806203207

Epoch 21/100: Training Loss: 0.0913509726524353		 Val Loss: 0.28536272048950195
             	Training MAE: 0.03919997438788414		 Val MAE: 0.03737298399209976
             	Algebraic dist: 0.18170997500419617		 Val Algebraic dist: 0.35272757212320965
             	RE1 dist: 0.040260057896375656		 Val RE1 dist: 0.14777727921803793
             	SED dist: 0.16886788606643677		 Val SED dist: 0.5574646790822347

Epoch 22/100: Training Loss: 0.099885955452919		 Val Loss: 0.17893123626708984
             	Training MAE: 0.040126848965883255		 Val MAE: 0.04251689091324806
             	Algebraic dist: 0.19535018503665924		 Val Algebraic dist: 0.2885069449742635
             	RE1 dist: 0.04257335141301155		 Val RE1 dist: 0.08318055669466655
             	SED dist: 0.18542630970478058		 Val SED dist: 0.3430368900299072

Epoch 23/100: Training Loss: 0.09897318482398987		 Val Loss: 0.25407954057057697
             	Training MAE: 0.044462013989686966		 Val MAE: 0.04066198691725731
             	Algebraic dist: 0.2000446915626526		 Val Algebraic dist: 0.3269226551055908
             	RE1 dist: 0.041157759726047516		 Val RE1 dist: 0.1268829107284546
             	SED dist: 0.18212541937828064		 Val SED dist: 0.4937160809834798

Epoch 24/100: Training Loss: 0.12673050165176392		 Val Loss: 0.28347015380859375
             	Training MAE: 0.0438898429274559		 Val MAE: 0.037772636860609055
             	Algebraic dist: 0.23384104669094086		 Val Algebraic dist: 0.33630534013112384
             	RE1 dist: 0.05091589689254761		 Val RE1 dist: 0.14097046852111816
             	SED dist: 0.23778140544891357		 Val SED dist: 0.5535522301991781

Epoch 25/100: Training Loss: 0.10703246295452118		 Val Loss: 0.3718842665354411
             	Training MAE: 0.04279540106654167		 Val MAE: 0.04224223271012306
             	Algebraic dist: 0.20076046884059906		 Val Algebraic dist: 0.36513296763102215
             	RE1 dist: 0.046537015587091446		 Val RE1 dist: 0.18232272068659464
             	SED dist: 0.1988254338502884		 Val SED dist: 0.729036808013916

Epoch 26/100: Training Loss: 0.10173162817955017		 Val Loss: 0.345534086227417
             	Training MAE: 0.04908034950494766		 Val MAE: 0.043329790234565735
             	Algebraic dist: 0.19632527232170105		 Val Algebraic dist: 0.4017058213551839
             	RE1 dist: 0.043314553797245026		 Val RE1 dist: 0.17427138487497965
             	SED dist: 0.1847153604030609		 Val SED dist: 0.6758418083190918

Epoch 27/100: Training Loss: 0.18726608157157898		 Val Loss: 0.5184010664621989
             	Training MAE: 0.044355519115924835		 Val MAE: 0.03722110018134117
             	Algebraic dist: 0.2835669219493866		 Val Algebraic dist: 0.40609033902486164
             	RE1 dist: 0.09046179056167603		 Val RE1 dist: 0.22304765383402506
             	SED dist: 0.3585071563720703		 Val SED dist: 1.023537317911784

Epoch 28/100: Training Loss: 0.1072850152850151		 Val Loss: 0.46637797355651855
             	Training MAE: 0.03838147222995758		 Val MAE: 0.036899760365486145
             	Algebraic dist: 0.21201130747795105		 Val Algebraic dist: 0.4028949737548828
             	RE1 dist: 0.0448673740029335		 Val RE1 dist: 0.20798182487487793
             	SED dist: 0.20084413886070251		 Val SED dist: 0.9195165634155273

Epoch 29/100: Training Loss: 0.11666239798069		 Val Loss: 0.43681708971659344
             	Training MAE: 0.042225081473588943		 Val MAE: 0.047233641147613525
             	Algebraic dist: 0.2217758297920227		 Val Algebraic dist: 0.39756981531778973
             	RE1 dist: 0.04717829078435898		 Val RE1 dist: 0.2056353489557902
             	SED dist: 0.21776947379112244		 Val SED dist: 0.8564387957255045

Epoch 30/100: Training Loss: 0.14135965704917908		 Val Loss: 0.3569192091623942
             	Training MAE: 0.053482573479413986		 Val MAE: 0.04506048932671547
             	Algebraic dist: 0.219933420419693		 Val Algebraic dist: 0.3885339895884196
             	RE1 dist: 0.06776940077543259		 Val RE1 dist: 0.17120436827341715
             	SED dist: 0.26116862893104553		 Val SED dist: 0.6978166898091634

Epoch 31/100: Training Loss: 0.10811462998390198		 Val Loss: 0.3087560335795085
             	Training MAE: 0.04592523351311684		 Val MAE: 0.039082352072000504
             	Algebraic dist: 0.20642255246639252		 Val Algebraic dist: 0.36394214630126953
             	RE1 dist: 0.04618588835000992		 Val RE1 dist: 0.1431777079900106
             	SED dist: 0.19965779781341553		 Val SED dist: 0.6036118666330973

Epoch 32/100: Training Loss: 0.080086350440979		 Val Loss: 0.37773561477661133
             	Training MAE: 0.04059040546417236		 Val MAE: 0.03858155757188797
             	Algebraic dist: 0.1755063235759735		 Val Algebraic dist: 0.3913881778717041
             	RE1 dist: 0.03363565728068352		 Val RE1 dist: 0.19094487031300864
             	SED dist: 0.14576968550682068		 Val SED dist: 0.741807778676351

Epoch 33/100: Training Loss: 0.13903720676898956		 Val Loss: 0.32721875111262005
             	Training MAE: 0.044755030423402786		 Val MAE: 0.04171905294060707
             	Algebraic dist: 0.24303576350212097		 Val Algebraic dist: 0.38409602642059326
             	RE1 dist: 0.05555258318781853		 Val RE1 dist: 0.16383502880732217
             	SED dist: 0.2616517245769501		 Val SED dist: 0.6398171583811442

Epoch 34/100: Training Loss: 0.14151796698570251		 Val Loss: 0.7735815842946371
             	Training MAE: 0.048462145030498505		 Val MAE: 0.03799683228135109
             	Algebraic dist: 0.2619646489620209		 Val Algebraic dist: 0.5670449336369833
             	RE1 dist: 0.05500749126076698		 Val RE1 dist: 0.38045891125996906
             	SED dist: 0.2650737762451172		 Val SED dist: 1.5336491266886394

Epoch 35/100: Training Loss: 0.23659177124500275		 Val Loss: 0.5036470492680868
             	Training MAE: 0.03845741227269173		 Val MAE: 0.03967871516942978
             	Algebraic dist: 0.33006909489631653		 Val Algebraic dist: 0.4188451369603475
             	RE1 dist: 0.10253012180328369		 Val RE1 dist: 0.2172852357228597
             	SED dist: 0.4592689275741577		 Val SED dist: 0.9933068752288818

Epoch 36/100: Training Loss: 0.10993596911430359		 Val Loss: 0.7118496894836426
             	Training MAE: 0.04086501896381378		 Val MAE: 0.037584103643894196
             	Algebraic dist: 0.21638154983520508		 Val Algebraic dist: 0.4667677879333496
             	RE1 dist: 0.04581766203045845		 Val RE1 dist: 0.29459039370218915
             	SED dist: 0.20405200123786926		 Val SED dist: 1.4103617668151855

Epoch 37/100: Training Loss: 0.08461514860391617		 Val Loss: 0.22291682163874307
             	Training MAE: 0.03799889609217644		 Val MAE: 0.03884148225188255
             	Algebraic dist: 0.17970982193946838		 Val Algebraic dist: 0.2913552125295003
             	RE1 dist: 0.03603788837790489		 Val RE1 dist: 0.1060373584429423
             	SED dist: 0.15560472011566162		 Val SED dist: 0.43226619561513263

Epoch 38/100: Training Loss: 0.12101022154092789		 Val Loss: 0.29140446583429974
             	Training MAE: 0.04133336991071701		 Val MAE: 0.04108138382434845
             	Algebraic dist: 0.23199665546417236		 Val Algebraic dist: 0.3395876884460449
             	RE1 dist: 0.051229096949100494		 Val RE1 dist: 0.14295583963394165
             	SED dist: 0.22753006219863892		 Val SED dist: 0.5683043400446574

Epoch 39/100: Training Loss: 0.1005791574716568		 Val Loss: 0.36163683732350665
             	Training MAE: 0.04601333662867546		 Val MAE: 0.04084949940443039
             	Algebraic dist: 0.1806616336107254		 Val Algebraic dist: 0.3630294402440389
             	RE1 dist: 0.04378403723239899		 Val RE1 dist: 0.1663582722345988
             	SED dist: 0.18468862771987915		 Val SED dist: 0.7089536190032959

Epoch 40/100: Training Loss: 0.09060288220643997		 Val Loss: 0.2788148323694865
             	Training MAE: 0.04049868509173393		 Val MAE: 0.03809509798884392
             	Algebraic dist: 0.17901282012462616		 Val Algebraic dist: 0.3186300992965698
             	RE1 dist: 0.04066232591867447		 Val RE1 dist: 0.1380966603755951
             	SED dist: 0.16662636399269104		 Val SED dist: 0.5440797011057535

Epoch 41/100: Training Loss: 0.1025574654340744		 Val Loss: 0.34545254707336426
             	Training MAE: 0.03775651380419731		 Val MAE: 0.03746047243475914
             	Algebraic dist: 0.21289122104644775		 Val Algebraic dist: 0.3720673720041911
             	RE1 dist: 0.04319782555103302		 Val RE1 dist: 0.17057538032531738
             	SED dist: 0.19160869717597961		 Val SED dist: 0.6775921185811361

Epoch 42/100: Training Loss: 0.15744692087173462		 Val Loss: 0.3463453451792399
             	Training MAE: 0.03762594237923622		 Val MAE: 0.03813645988702774
             	Algebraic dist: 0.24641749262809753		 Val Algebraic dist: 0.3877411683400472
             	RE1 dist: 0.0712059736251831		 Val RE1 dist: 0.1705217957496643
             	SED dist: 0.3014144003391266		 Val SED dist: 0.6791477203369141

Epoch 43/100: Training Loss: 0.10623414069414139		 Val Loss: 0.46367470423380536
             	Training MAE: 0.04199469834566116		 Val MAE: 0.03888721391558647
             	Algebraic dist: 0.2139979898929596		 Val Algebraic dist: 0.44082268079121906
             	RE1 dist: 0.040720731019973755		 Val RE1 dist: 0.23162583510080972
             	SED dist: 0.19730909168720245		 Val SED dist: 0.913537343343099

Epoch 44/100: Training Loss: 0.12824195623397827		 Val Loss: 0.2820284366607666
             	Training MAE: 0.04032247141003609		 Val MAE: 0.037633027881383896
             	Algebraic dist: 0.2260410189628601		 Val Algebraic dist: 0.34177104632059735
             	RE1 dist: 0.05035927891731262		 Val RE1 dist: 0.1369984745979309
             	SED dist: 0.24227499961853027		 Val SED dist: 0.5507175525029501

Epoch 45/100: Training Loss: 0.07361236959695816		 Val Loss: 0.19967925548553467
             	Training MAE: 0.03699420765042305		 Val MAE: 0.037091899663209915
             	Algebraic dist: 0.1717873364686966		 Val Algebraic dist: 0.2777642011642456
             	RE1 dist: 0.028120873495936394		 Val RE1 dist: 0.0916138490041097
             	SED dist: 0.1338447481393814		 Val SED dist: 0.3861626386642456

Epoch 46/100: Training Loss: 0.10357528924942017		 Val Loss: 0.5170307954152426
             	Training MAE: 0.03804594650864601		 Val MAE: 0.037455786019563675
             	Algebraic dist: 0.1997600942850113		 Val Algebraic dist: 0.44455814361572266
             	RE1 dist: 0.0419989638030529		 Val RE1 dist: 0.23341957728068033
             	SED dist: 0.19355875253677368		 Val SED dist: 1.020701249440511

Epoch 47/100: Training Loss: 0.15339647233486176		 Val Loss: 0.5313974221547445
             	Training MAE: 0.0375162772834301		 Val MAE: 0.03782588616013527
             	Algebraic dist: 0.2401842474937439		 Val Algebraic dist: 0.5164738893508911
             	RE1 dist: 0.07284142822027206		 Val RE1 dist: 0.2385278344154358
             	SED dist: 0.29313385486602783		 Val SED dist: 1.049333095550537

Epoch 48/100: Training Loss: 0.14466965198516846		 Val Loss: 0.22347724437713623
             	Training MAE: 0.0385427325963974		 Val MAE: 0.03656487911939621
             	Algebraic dist: 0.24272605776786804		 Val Algebraic dist: 0.3005950450897217
             	RE1 dist: 0.06089261546730995		 Val RE1 dist: 0.10860095421473186
             	SED dist: 0.27544859051704407		 Val SED dist: 0.4336957136789958

Epoch 49/100: Training Loss: 0.07966989278793335		 Val Loss: 0.2618209918340047
             	Training MAE: 0.03938276693224907		 Val MAE: 0.04250474274158478
             	Algebraic dist: 0.15930892527103424		 Val Algebraic dist: 0.3343279759089152
             	RE1 dist: 0.03853078559041023		 Val RE1 dist: 0.1261063814163208
             	SED dist: 0.14535747468471527		 Val SED dist: 0.5086408058802286

Epoch 50/100: Training Loss: 0.09827573597431183		 Val Loss: 0.26563334465026855
             	Training MAE: 0.04277247190475464		 Val MAE: 0.04094333201646805
             	Algebraic dist: 0.19117921590805054		 Val Algebraic dist: 0.32862329483032227
             	RE1 dist: 0.039622098207473755		 Val RE1 dist: 0.12706383069356283
             	SED dist: 0.18138927221298218		 Val SED dist: 0.5170617500940958

Epoch 51/100: Training Loss: 0.09271517395973206		 Val Loss: 0.30447034041086835
             	Training MAE: 0.04499128833413124		 Val MAE: 0.03962864726781845
             	Algebraic dist: 0.1940566748380661		 Val Algebraic dist: 0.34261850516001385
             	RE1 dist: 0.03684771806001663		 Val RE1 dist: 0.14648296435674033
             	SED dist: 0.16928933560848236		 Val SED dist: 0.5950908660888672

Epoch 52/100: Training Loss: 0.0643020048737526		 Val Loss: 0.2739354968070984
             	Training MAE: 0.04234752058982849		 Val MAE: 0.038299527019262314
             	Algebraic dist: 0.1463739573955536		 Val Algebraic dist: 0.32878677050272626
             	RE1 dist: 0.026035930961370468		 Val RE1 dist: 0.1242255965868632
             	SED dist: 0.113679900765419		 Val SED dist: 0.5342761278152466

Epoch 53/100: Training Loss: 0.06503733992576599		 Val Loss: 0.2601855198542277
             	Training MAE: 0.03907344117760658		 Val MAE: 0.04017353802919388
             	Algebraic dist: 0.15714190900325775		 Val Algebraic dist: 0.30677151679992676
             	RE1 dist: 0.025950627401471138		 Val RE1 dist: 0.12752886613210043
             	SED dist: 0.11600451171398163		 Val SED dist: 0.5062509377797445

Epoch 54/100: Training Loss: 0.06057031825184822		 Val Loss: 0.26062599817911786
             	Training MAE: 0.038364920765161514		 Val MAE: 0.03754543513059616
             	Algebraic dist: 0.15420325100421906		 Val Algebraic dist: 0.3167743682861328
             	RE1 dist: 0.02366800233721733		 Val RE1 dist: 0.12160163124402364
             	SED dist: 0.10749281942844391		 Val SED dist: 0.5079410076141357

Epoch 55/100: Training Loss: 0.11334249377250671		 Val Loss: 0.43190813064575195
             	Training MAE: 0.03832466900348663		 Val MAE: 0.03773145750164986
             	Algebraic dist: 0.20661504566669464		 Val Algebraic dist: 0.3749585549036662
             	RE1 dist: 0.04656592756509781		 Val RE1 dist: 0.20838048060735068
             	SED dist: 0.21310919523239136		 Val SED dist: 0.8503626982371012

Epoch 56/100: Training Loss: 0.17041301727294922		 Val Loss: 0.6437217791875204
             	Training MAE: 0.037927646189928055		 Val MAE: 0.037269361317157745
             	Algebraic dist: 0.24131102859973907		 Val Algebraic dist: 0.5839464664459229
             	RE1 dist: 0.0797005146741867		 Val RE1 dist: 0.3019171953201294
             	SED dist: 0.3272227346897125		 Val SED dist: 1.2741536299387615

Epoch 57/100: Training Loss: 0.2188267707824707		 Val Loss: 0.49111183484395343
             	Training MAE: 0.039533428847789764		 Val MAE: 0.037048473954200745
             	Algebraic dist: 0.3180859386920929		 Val Algebraic dist: 0.4757254918416341
             	RE1 dist: 0.08726708590984344		 Val RE1 dist: 0.2530861298243205
             	SED dist: 0.4235559105873108		 Val SED dist: 0.9689424832661947

Epoch 58/100: Training Loss: 0.13168756663799286		 Val Loss: 0.342049519220988
             	Training MAE: 0.04108100011944771		 Val MAE: 0.054079074412584305
             	Algebraic dist: 0.23170512914657593		 Val Algebraic dist: 0.3953103224436442
             	RE1 dist: 0.052701182663440704		 Val RE1 dist: 0.14491820335388184
             	SED dist: 0.2484639436006546		 Val SED dist: 0.66218634446462

Epoch 59/100: Training Loss: 0.15128439664840698		 Val Loss: 0.28729963302612305
             	Training MAE: 0.05384343862533569		 Val MAE: 0.04884149506688118
             	Algebraic dist: 0.22384785115718842		 Val Algebraic dist: 0.3532085021336873
             	RE1 dist: 0.06827215850353241		 Val RE1 dist: 0.13057206074396768
             	SED dist: 0.2805487811565399		 Val SED dist: 0.556256890296936

