###########################################################################################################################################################

                         learning rate: 6e-05,  mlp_hidden_sizes: [1024, 512], batch_size: 4, norm: True, alpha: 10, avg embeddings: False, 
                        crop: 224 resize: 256, use conv: True pretrained: None, seed: 42, angle range: 30, shift range: 32, 
                        train length: 4048, val length: 320, test length: 320, get old path: False, embeddings to use: ['rotated_embeddings', 'original_embeddings'],
                        use_cls: False, frozen layer: 0


Epoch 1/2000: Training Loss: 0.9453521246024271		 Val Loss: 0.23064348697662354
		Training MAE Angle: 0.4275838075419188		 Val MAE Angle: 0.18368356227874755
              Training MSE Angle: 0.2669275758765903		 Val MSE Angle: 0.06198054552078247
		Training MAE Shift: 0.18056456373614285		 Val MAE Shift: 0.09530223608016967
              Training Euclidean Shift: 0.2815173605213995	 Val Euclidean Shift: 0.15022952556610109


Epoch 2/2000: Training Loss: 0.2007701557144346		 Val Loss: 0.2658114433288574
		Training MAE Angle: 0.1640183520411314		 Val MAE Angle: 0.1555520176887512
              Training MSE Angle: 0.04791191161385638		 Val MSE Angle: 0.05105854868888855
		Training MAE Shift: 0.09204559175393327		 Val MAE Shift: 0.10944677591323852
              Training Euclidean Shift: 0.14465261165332416	 Val Euclidean Shift: 0.17142056226730346


Epoch 3/2000: Training Loss: 0.16177108824959857		 Val Loss: 0.17047595977783203
		Training MAE Angle: 0.1258772371314731		 Val MAE Angle: 0.12435518503189087
              Training MSE Angle: 0.030218963095321957		 Val MSE Angle: 0.03486746549606323
		Training MAE Shift: 0.08360423966358772		 Val MAE Shift: 0.08046413660049438
              Training Euclidean Shift: 0.13172870379662796	 Val Euclidean Shift: 0.126824951171875


Epoch 4/2000: Training Loss: 0.1293714470542938		 Val Loss: 0.13915268182754517
		Training MAE Angle: 0.10704651180463345		 Val MAE Angle: 0.09920188188552856
              Training MSE Angle: 0.023947182380163624		 Val MSE Angle: 0.020558328926563264
		Training MAE Shift: 0.07557205531908118		 Val MAE Shift: 0.07911069989204407
              Training Euclidean Shift: 0.11927162894147186	 Val Euclidean Shift: 0.1258255124092102


Epoch 5/2000: Training Loss: 0.14174649084038415		 Val Loss: 0.11884398460388183
		Training MAE Angle: 0.10382158482969985		 Val MAE Angle: 0.09040139317512512
              Training MSE Angle: 0.02299770536158867		 Val MSE Angle: 0.021321213245391844
		Training MAE Shift: 0.07840531993760422		 Val MAE Shift: 0.06762661933898925
              Training Euclidean Shift: 0.1238773632426507	 Val Euclidean Shift: 0.10718201398849488


Epoch 6/2000: Training Loss: 0.09950794627072783		 Val Loss: 0.11386620998382568
		Training MAE Angle: 0.08281651975609097		 Val MAE Angle: 0.09019390940666198
              Training MSE Angle: 0.014779145538571323		 Val MSE Angle: 0.018660730123519896
		Training MAE Shift: 0.0665467303732167		 Val MAE Shift: 0.0708975076675415
              Training Euclidean Shift: 0.10443358741730098	 Val Euclidean Shift: 0.1104583740234375


Epoch 7/2000: Training Loss: 0.10831483079510715		 Val Loss: 0.31829018592834474
		Training MAE Angle: 0.08479073867496295		 Val MAE Angle: 0.14142391681671143
              Training MSE Angle: 0.01583983492945494		 Val MSE Angle: 0.03932465612888336
		Training MAE Shift: 0.06777069785378197		 Val MAE Shift: 0.11672124862670899
              Training Euclidean Shift: 0.10675853985571579	 Val Euclidean Shift: 0.1849435567855835


Epoch 8/2000: Training Loss: 0.1063217193241647		 Val Loss: 0.07485718727111816
		Training MAE Angle: 0.08341446978301399		 Val MAE Angle: 0.09376630187034607
              Training MSE Angle: 0.015310944304635874		 Val MSE Angle: 0.01562994122505188
		Training MAE Shift: 0.06940528809317487		 Val MAE Shift: 0.05616030693054199
              Training Euclidean Shift: 0.1093535140569031	 Val Euclidean Shift: 0.08829433917999267


Epoch 9/2000: Training Loss: 0.08534672703196408		 Val Loss: 0.11109238862991333
		Training MAE Angle: 0.06993515406672662		 Val MAE Angle: 0.11527854204177856
              Training MSE Angle: 0.010899828356716473		 Val MSE Angle: 0.021999742090702056
		Training MAE Shift: 0.06114807430463346		 Val MAE Shift: 0.0774315357208252
              Training Euclidean Shift: 0.09602778890858525	 Val Euclidean Shift: 0.1205975890159607


Epoch 10/2000: Training Loss: 0.09123202840330101		 Val Loss: 0.1798093557357788
		Training MAE Angle: 0.07530141536426167		 Val MAE Angle: 0.08884530067443848
              Training MSE Angle: 0.013730286609513958		 Val MSE Angle: 0.01630397289991379
		Training MAE Shift: 0.06165761156044459		 Val MAE Shift: 0.08979764580726624
              Training Euclidean Shift: 0.09726472334428267	 Val Euclidean Shift: 0.1413975954055786


Epoch 11/2000: Training Loss: 0.08874249364076396		 Val Loss: 0.15220141410827637
		Training MAE Angle: 0.07348515205232523		 Val MAE Angle: 0.08150455951690674
              Training MSE Angle: 0.012025012329161875		 Val MSE Angle: 0.013074421882629394
		Training MAE Shift: 0.06214443025852852		 Val MAE Shift: 0.08314930200576783
              Training Euclidean Shift: 0.09755119504664726	 Val Euclidean Shift: 0.13149937391281127


Epoch 12/2000: Training Loss: 0.08472569280933485		 Val Loss: 0.2225271224975586
		Training MAE Angle: 0.06950771196086417		 Val MAE Angle: 0.14630225896835328
              Training MSE Angle: 0.010742735956968527		 Val MSE Angle: 0.037562915682792665
		Training MAE Shift: 0.059961311430799163		 Val MAE Shift: 0.10392110347747803
              Training Euclidean Shift: 0.09428221057997391	 Val Euclidean Shift: 0.15961332321166993


Epoch 13/2000: Training Loss: 0.07262568417273962		 Val Loss: 0.08552111983299256
		Training MAE Angle: 0.0644004882088763		 Val MAE Angle: 0.07169758081436158
              Training MSE Angle: 0.009398217257774866		 Val MSE Angle: 0.010298047214746475
		Training MAE Shift: 0.05522557586549299		 Val MAE Shift: 0.06191080212593079
              Training Euclidean Shift: 0.08747627801103554	 Val Euclidean Shift: 0.09784714579582214


Epoch 14/2000: Training Loss: 0.0717614592299631		 Val Loss: 0.08233202695846557
		Training MAE Angle: 0.06395028608118593		 Val MAE Angle: 0.08301524519920349
              Training MSE Angle: 0.009718097716923288		 Val MSE Angle: 0.015712904930114745
		Training MAE Shift: 0.05469014239405455		 Val MAE Shift: 0.057157814502716064
              Training Euclidean Shift: 0.08623664463932806	 Val Euclidean Shift: 0.09059312343597412


Epoch 15/2000: Training Loss: 0.05731589803582595		 Val Loss: 0.05293266773223877
		Training MAE Angle: 0.05636830386436975		 Val MAE Angle: 0.057558417320251465
              Training MSE Angle: 0.0074084106641324615		 Val MSE Angle: 0.009583429247140885
		Training MAE Shift: 0.0500089811242145		 Val MAE Shift: 0.045811820030212405
              Training Euclidean Shift: 0.07848384540542784	 Val Euclidean Shift: 0.07336674332618713


Epoch 16/2000: Training Loss: 0.06859363963010283		 Val Loss: 0.20390682220458983
		Training MAE Angle: 0.06471885711308054		 Val MAE Angle: 0.11238245964050293
              Training MSE Angle: 0.01009642748022268		 Val MSE Angle: 0.02594868838787079
		Training MAE Shift: 0.053840983997691765		 Val MAE Shift: 0.09844248294830323
              Training Euclidean Shift: 0.08467620728986537	 Val Euclidean Shift: 0.15527395009994507


Epoch 17/2000: Training Loss: 0.16167514785947537		 Val Loss: 0.09694834947586059
		Training MAE Angle: 0.08934633910891566		 Val MAE Angle: 0.0945963442325592
              Training MSE Angle: 0.020783266059965954		 Val MSE Angle: 0.013852356374263764
		Training MAE Shift: 0.07625815802412071		 Val MAE Shift: 0.06864467263221741
              Training Euclidean Shift: 0.12002733856321794	 Val Euclidean Shift: 0.10617679357528687


Epoch 18/2000: Training Loss: 0.053066227275863465		 Val Loss: 0.04567621350288391
		Training MAE Angle: 0.054100929983990936		 Val MAE Angle: 0.053258615732192996
              Training MSE Angle: 0.0064402611359306		 Val MSE Angle: 0.006666238605976105
		Training MAE Shift: 0.04848991363887259		 Val MAE Shift: 0.04303781390190124
              Training Euclidean Shift: 0.07621442470625926	 Val Euclidean Shift: 0.06804482340812683


Epoch 19/2000: Training Loss: 0.060984626589085274		 Val Loss: 0.05735850930213928
		Training MAE Angle: 0.05573914644746441		 Val MAE Angle: 0.044595849514007566
              Training MSE Angle: 0.006893728561552146		 Val MSE Angle: 0.0036508321762084963
		Training MAE Shift: 0.05100997728792575		 Val MAE Shift: 0.05099896192550659
              Training Euclidean Shift: 0.08030941175377887	 Val Euclidean Shift: 0.0810243010520935


Epoch 20/2000: Training Loss: 0.05949553387909539		 Val Loss: 0.04328644871711731
		Training MAE Angle: 0.05701532100029143		 Val MAE Angle: 0.053264927864074704
              Training MSE Angle: 0.0077643766704755335		 Val MSE Angle: 0.007416450977325439
		Training MAE Shift: 0.04948472788211385		 Val MAE Shift: 0.04303670823574066
              Training Euclidean Shift: 0.07811042725333112	 Val Euclidean Shift: 0.06772892475128174


Epoch 21/2000: Training Loss: 0.04368532504960011		 Val Loss: 0.0489538311958313
		Training MAE Angle: 0.050013278312833885		 Val MAE Angle: 0.051398319005966184
              Training MSE Angle: 0.006189786398363679		 Val MSE Angle: 0.005006546899676323
		Training MAE Shift: 0.04273609870036129		 Val MAE Shift: 0.04337754249572754
              Training Euclidean Shift: 0.0672289580695714	 Val Euclidean Shift: 0.06823214888572693


Epoch 22/2000: Training Loss: 0.053326964849539894		 Val Loss: 0.0751422643661499
		Training MAE Angle: 0.05189159076675596		 Val MAE Angle: 0.06070848107337952
              Training MSE Angle: 0.00558987059612048		 Val MSE Angle: 0.006852120906114578
		Training MAE Shift: 0.04800019999266613		 Val MAE Shift: 0.055705088376998904
              Training Euclidean Shift: 0.07568592327856735	 Val Euclidean Shift: 0.08849116563796997


Epoch 23/2000: Training Loss: 0.05251199925841079		 Val Loss: 0.04271875619888306
		Training MAE Angle: 0.054928798449369286		 Val MAE Angle: 0.052987205982208255
              Training MSE Angle: 0.0071117967484967985		 Val MSE Angle: 0.007478156685829162
		Training MAE Shift: 0.04672950624006068		 Val MAE Shift: 0.04066059589385986
              Training Euclidean Shift: 0.07362588121014621	 Val Euclidean Shift: 0.06393181085586548


Epoch 24/2000: Training Loss: 0.06691023483577924		 Val Loss: 0.06824764609336853
		Training MAE Angle: 0.05681321366502362		 Val MAE Angle: 0.06328942179679871
              Training MSE Angle: 0.007809001937685277		 Val MSE Angle: 0.009424726665019988
		Training MAE Shift: 0.05208375048731627		 Val MAE Shift: 0.05414203405380249
              Training Euclidean Shift: 0.08213919236254787	 Val Euclidean Shift: 0.0853063404560089


Epoch 25/2000: Training Loss: 0.07223711277656404		 Val Loss: 0.08745760917663574
		Training MAE Angle: 0.05768947450539812		 Val MAE Angle: 0.0580145001411438
              Training MSE Angle: 0.008510524576360529		 Val MSE Angle: 0.0073551259934902195
		Training MAE Shift: 0.05221603604644655		 Val MAE Shift: 0.06273583173751832
              Training Euclidean Shift: 0.08193732250349324	 Val Euclidean Shift: 0.09902055263519287


Epoch 26/2000: Training Loss: 0.04185333553510221		 Val Loss: 0.04043072760105133
		Training MAE Angle: 0.046636227091310524		 Val MAE Angle: 0.04487015008926391
              Training MSE Angle: 0.004937822639706577		 Val MSE Angle: 0.005183655768632889
		Training MAE Shift: 0.04292975112854728		 Val MAE Shift: 0.041437429189682004
              Training Euclidean Shift: 0.06748430907961879	 Val Euclidean Shift: 0.06557591557502747


Epoch 27/2000: Training Loss: 0.04850815784318645		 Val Loss: 0.08810279369354249
		Training MAE Angle: 0.050419132700079514		 Val MAE Angle: 0.06160284280776977
              Training MSE Angle: 0.006455436054425749		 Val MSE Angle: 0.007648316025733948
		Training MAE Shift: 0.04334308790123981		 Val MAE Shift: 0.06416652798652649
              Training Euclidean Shift: 0.06827829383578696	 Val Euclidean Shift: 0.10064537525177002


Epoch 28/2000: Training Loss: 0.044637321954659324		 Val Loss: 0.0666616678237915
		Training MAE Angle: 0.04579680145022426		 Val MAE Angle: 0.05307657718658447
              Training MSE Angle: 0.00450287647398093		 Val MSE Angle: 0.0055791489779949185
		Training MAE Shift: 0.043544859754238205		 Val MAE Shift: 0.05474588871002197
              Training Euclidean Shift: 0.06870860827298975	 Val Euclidean Shift: 0.08601832985877991


Epoch 29/2000: Training Loss: 0.05302478956139606		 Val Loss: 0.05617631077766418
		Training MAE Angle: 0.057931161209528625		 Val MAE Angle: 0.04665144383907318
              Training MSE Angle: 0.007464682160630056		 Val MSE Angle: 0.005967149510979652
		Training MAE Shift: 0.04700788490385877		 Val MAE Shift: 0.05000752806663513
              Training Euclidean Shift: 0.0737519773098791	 Val Euclidean Shift: 0.07883351445198059


Epoch 30/2000: Training Loss: 0.062272595793833374		 Val Loss: 0.05787765979766846
		Training MAE Angle: 0.05695057669175943		 Val MAE Angle: 0.08527852892875672
              Training MSE Angle: 0.0076358681139738665		 Val MSE Angle: 0.016380281746387483
		Training MAE Shift: 0.050819163265906776		 Val MAE Shift: 0.046725031733512876
              Training Euclidean Shift: 0.08002747848571054	 Val Euclidean Shift: 0.07310813069343566


Epoch 31/2000: Training Loss: 0.03783492514267269		 Val Loss: 0.03119576573371887
		Training MAE Angle: 0.04812889702235286		 Val MAE Angle: 0.054803043603897095
              Training MSE Angle: 0.00565964242686396		 Val MSE Angle: 0.006051092594861984
		Training MAE Shift: 0.03897294508138664		 Val MAE Shift: 0.036211487650871274
              Training Euclidean Shift: 0.06123997006020527	 Val Euclidean Shift: 0.05758469104766846


Epoch 32/2000: Training Loss: 0.032269869868463204		 Val Loss: 0.028795284032821656
		Training MAE Angle: 0.044144570120709686		 Val MAE Angle: 0.035221779346466066
              Training MSE Angle: 0.00546918838862845		 Val MSE Angle: 0.0026338381692767145
		Training MAE Shift: 0.03628451456665521		 Val MAE Shift: 0.03645898103713989
              Training Euclidean Shift: 0.05706844028276888	 Val Euclidean Shift: 0.05730953812599182


Epoch 33/2000: Training Loss: 0.03652962771329013		 Val Loss: 0.0435086727142334
		Training MAE Angle: 0.04603622270667035		 Val MAE Angle: 0.04307559132575989
              Training MSE Angle: 0.004791652732215851		 Val MSE Angle: 0.004735994338989258
		Training MAE Shift: 0.039559884504838425		 Val MAE Shift: 0.041538774967193604
              Training Euclidean Shift: 0.06242688748205132	 Val Euclidean Shift: 0.0649697721004486


Epoch 34/2000: Training Loss: 0.13871121312318582		 Val Loss: 0.09546622037887573
		Training MAE Angle: 0.07459922458814539		 Val MAE Angle: 0.0696205735206604
              Training MSE Angle: 0.015561030316258608		 Val MSE Angle: 0.013114787638187408
		Training MAE Shift: 0.0696663385323385		 Val MAE Shift: 0.06158791184425354
              Training Euclidean Shift: 0.10955806777411299	 Val Euclidean Shift: 0.0986066460609436


Epoch 35/2000: Training Loss: 0.06081427698550017		 Val Loss: 0.039346587657928464
		Training MAE Angle: 0.056677301881812775		 Val MAE Angle: 0.0519243061542511
              Training MSE Angle: 0.0077223867295759		 Val MSE Angle: 0.005062636733055115
		Training MAE Shift: 0.04933230961735541		 Val MAE Shift: 0.041983237862586974
              Training Euclidean Shift: 0.07739915960862231	 Val Euclidean Shift: 0.06565937399864197


Epoch 36/2000: Training Loss: 0.03886075076378381		 Val Loss: 0.03181501626968384
		Training MAE Angle: 0.04439346403943691		 Val MAE Angle: 0.04170541763305664
              Training MSE Angle: 0.004668967525949592		 Val MSE Angle: 0.004048159345984459
		Training MAE Shift: 0.040249997919256035		 Val MAE Shift: 0.03516504168510437
              Training Euclidean Shift: 0.06343820443737648	 Val Euclidean Shift: 0.05513254404067993


Epoch 37/2000: Training Loss: 0.03345429567480276		 Val Loss: 0.037713438272476196
		Training MAE Angle: 0.04263223112807443		 Val MAE Angle: 0.04388009309768677
              Training MSE Angle: 0.004072215717300596		 Val MSE Angle: 0.0036621179431676866
		Training MAE Shift: 0.03739521720192649		 Val MAE Shift: 0.040879645943641664
              Training Euclidean Shift: 0.05880947640762028	 Val Euclidean Shift: 0.06465479135513305


Epoch 38/2000: Training Loss: 0.045748544775921364		 Val Loss: 0.047381195425987246
		Training MAE Angle: 0.04635438052090732		 Val MAE Angle: 0.04790644943714142
              Training MSE Angle: 0.004585161981846504		 Val MSE Angle: 0.0047570083290338515
		Training MAE Shift: 0.043866172609593086		 Val MAE Shift: 0.04541014730930328
              Training Euclidean Shift: 0.06908686641647882	 Val Euclidean Shift: 0.07148106694221497


Epoch 39/2000: Training Loss: 0.029947286537984615		 Val Loss: 0.05324399471282959
		Training MAE Angle: 0.04012690231262931		 Val MAE Angle: 0.051394277811050416
              Training MSE Angle: 0.0037818287201078515		 Val MSE Angle: 0.004877153038978577
		Training MAE Shift: 0.035822879655559074		 Val MAE Shift: 0.050764381885528564
              Training Euclidean Shift: 0.05640211595376961	 Val Euclidean Shift: 0.07991368770599365


Epoch 40/2000: Training Loss: 0.03336768847680375		 Val Loss: 0.031689012050628663
		Training MAE Angle: 0.0428525788981924		 Val MAE Angle: 0.03810246586799622
              Training MSE Angle: 0.004860498688437722		 Val MSE Angle: 0.0029885057359933854
		Training MAE Shift: 0.036636492009219444		 Val MAE Shift: 0.03589635491371155
              Training Euclidean Shift: 0.05744557512607499	 Val Euclidean Shift: 0.056944364309310914


Epoch 41/2000: Training Loss: 0.03682865926870715		 Val Loss: 0.04000159204006195
		Training MAE Angle: 0.0453248382085868		 Val MAE Angle: 0.047667115926742554
              Training MSE Angle: 0.005090391683013072		 Val MSE Angle: 0.006376107782125473
		Training MAE Shift: 0.038442230978502114		 Val MAE Shift: 0.042589029669761656
              Training Euclidean Shift: 0.06056848156593534	 Val Euclidean Shift: 0.06709008812904357


Epoch 42/2000: Training Loss: 0.03460751786062369		 Val Loss: 0.03056243360042572
		Training MAE Angle: 0.043062262855499626		 Val MAE Angle: 0.03748727142810822
              Training MSE Angle: 0.004354277147134773		 Val MSE Angle: 0.0031353965401649474
		Training MAE Shift: 0.03783489121749938		 Val MAE Shift: 0.037278583645820616
              Training Euclidean Shift: 0.059673151008696426	 Val Euclidean Shift: 0.05833791494369507


Epoch 43/2000: Training Loss: 0.02787504271556266		 Val Loss: 0.041065138578414914
		Training MAE Angle: 0.03754169102242813		 Val MAE Angle: 0.04554511904716492
              Training MSE Angle: 0.0031550335789857645		 Val MSE Angle: 0.004788501188158989
		Training MAE Shift: 0.03342372155472224		 Val MAE Shift: 0.04083692729473114
              Training Euclidean Shift: 0.05256070449889413	 Val Euclidean Shift: 0.06364533305168152


Epoch 44/2000: Training Loss: 0.03487931127133577		 Val Loss: 0.053509998321533206
		Training MAE Angle: 0.04217309537141219		 Val MAE Angle: 0.05812917351722717
              Training MSE Angle: 0.004570772054167133		 Val MSE Angle: 0.011062144488096236
		Training MAE Shift: 0.037363892958569435		 Val MAE Shift: 0.04466953277587891
              Training Euclidean Shift: 0.058752546197340896	 Val Euclidean Shift: 0.07028579711914062


Epoch 45/2000: Training Loss: 0.0313245882629877		 Val Loss: 0.027390342950820924
		Training MAE Angle: 0.040172912386566284		 Val MAE Angle: 0.03413931429386139
              Training MSE Angle: 0.003950776789970549		 Val MSE Angle: 0.002607977017760277
		Training MAE Shift: 0.03583223169500178		 Val MAE Shift: 0.03478667140007019
              Training Euclidean Shift: 0.05626986808927634	 Val Euclidean Shift: 0.0549906313419342


Epoch 46/2000: Training Loss: 0.04584481310938658		 Val Loss: 0.07889413237571716
		Training MAE Angle: 0.04633418373439623		 Val MAE Angle: 0.06420345902442932
              Training MSE Angle: 0.005439863845764884		 Val MSE Angle: 0.010532443970441818
		Training MAE Shift: 0.04060548096306239		 Val MAE Shift: 0.05418811440467834
              Training Euclidean Shift: 0.0640128139450616	 Val Euclidean Shift: 0.08559548258781433


Epoch 47/2000: Training Loss: 0.039351553784999924		 Val Loss: 0.040937602519989014
		Training MAE Angle: 0.04440264645301306		 Val MAE Angle: 0.05054003596305847
              Training MSE Angle: 0.005126216194846414		 Val MSE Angle: 0.004673715680837631
		Training MAE Shift: 0.03968607484116385		 Val MAE Shift: 0.04454430043697357
              Training Euclidean Shift: 0.06251248446377841	 Val Euclidean Shift: 0.07000660300254821


Epoch 48/2000: Training Loss: 0.03558076323256662		 Val Loss: 0.06202124357223511
		Training MAE Angle: 0.045483822879112755		 Val MAE Angle: 0.06582817435264587
              Training MSE Angle: 0.0057256744784328776		 Val MSE Angle: 0.006804171949625015
		Training MAE Shift: 0.03609976561173149		 Val MAE Shift: 0.05589679479598999
              Training Euclidean Shift: 0.056739675197676705	 Val Euclidean Shift: 0.08735076189041138


Epoch 49/2000: Training Loss: 0.02436292784016123		 Val Loss: 0.0349642813205719
		Training MAE Angle: 0.034795127838496635		 Val MAE Angle: 0.04177490472793579
              Training MSE Angle: 0.002836003605084928		 Val MSE Angle: 0.0056809823960065845
		Training MAE Shift: 0.031555558381815674		 Val MAE Shift: 0.035183566808700564
              Training Euclidean Shift: 0.04964850731046774	 Val Euclidean Shift: 0.05547451972961426


Epoch 50/2000: Training Loss: 0.027351209768664696		 Val Loss: 0.07307465076446533
		Training MAE Angle: 0.03773769936542737		 Val MAE Angle: 0.041784369945526124
              Training MSE Angle: 0.0031170991098456702		 Val MSE Angle: 0.004365407675504684
		Training MAE Shift: 0.03430005401490705		 Val MAE Shift: 0.05753214359283447
              Training Euclidean Shift: 0.05401560440365034	 Val Euclidean Shift: 0.09032348990440368


Epoch 51/2000: Training Loss: 0.05756693677939916		 Val Loss: 0.1997792363166809
		Training MAE Angle: 0.049973706482898575		 Val MAE Angle: 0.08026984930038453
              Training MSE Angle: 0.006494231374838607		 Val MSE Angle: 0.01610145568847656
		Training MAE Shift: 0.04566811949839234		 Val MAE Shift: 0.10530688762664794
              Training Euclidean Shift: 0.0720548064341187	 Val Euclidean Shift: 0.16533665657043456


Epoch 52/2000: Training Loss: 0.05109586074889413		 Val Loss: 0.05688073039054871
		Training MAE Angle: 0.052063033514814415		 Val MAE Angle: 0.07336004376411438
              Training MSE Angle: 0.0060789764163051195		 Val MSE Angle: 0.009074662625789643
		Training MAE Shift: 0.046454425857001144		 Val MAE Shift: 0.04876693785190582
              Training Euclidean Shift: 0.07288699847436234	 Val Euclidean Shift: 0.07708415985107422


Epoch 53/2000: Training Loss: 0.048302160421379		 Val Loss: 0.036859053373336795
		Training MAE Angle: 0.048715734670284706		 Val MAE Angle: 0.053363639116287234
              Training MSE Angle: 0.005776720084691708		 Val MSE Angle: 0.005868888646364212
		Training MAE Shift: 0.04365770995852504		 Val MAE Shift: 0.03898501992225647
              Training Euclidean Shift: 0.06885037780279227	 Val Euclidean Shift: 0.0610505998134613


Epoch 54/2000: Training Loss: 0.037288820319496124		 Val Loss: 0.16433416604995726
		Training MAE Angle: 0.043825963740292274		 Val MAE Angle: 0.07056824564933777
              Training MSE Angle: 0.004940833027654957		 Val MSE Angle: 0.010774198174476623
		Training MAE Shift: 0.03827065629921412		 Val MAE Shift: 0.08426588177680969
              Training Euclidean Shift: 0.06032461988124923	 Val Euclidean Shift: 0.1331244707107544


Epoch 55/2000: Training Loss: 0.04132274959398353		 Val Loss: 0.023644159734249114
		Training MAE Angle: 0.04333863239514498		 Val MAE Angle: 0.04203701615333557
              Training MSE Angle: 0.004364884889172942		 Val MSE Angle: 0.003161191940307617
		Training MAE Shift: 0.04082213088928947		 Val MAE Shift: 0.032372066378593446
              Training Euclidean Shift: 0.06453009744877872	 Val Euclidean Shift: 0.05126253366470337


Epoch 56/2000: Training Loss: 0.028831862649427574		 Val Loss: 0.03723855614662171
		Training MAE Angle: 0.03913523180211485		 Val MAE Angle: 0.034274303913116456
              Training MSE Angle: 0.003984725522429576		 Val MSE Angle: 0.0029167372733354567
		Training MAE Shift: 0.032672942391497345		 Val MAE Shift: 0.036677390336990356
              Training Euclidean Shift: 0.0513193484822752	 Val Euclidean Shift: 0.057356739044189455


Epoch 57/2000: Training Loss: 0.025767533675484035		 Val Loss: 0.07962373495101929
		Training MAE Angle: 0.03613476508219723		 Val MAE Angle: 0.06945663094520568
              Training MSE Angle: 0.0034956826051704497		 Val MSE Angle: 0.013429899513721467
		Training MAE Shift: 0.03205354034665074		 Val MAE Shift: 0.05536452531814575
              Training Euclidean Shift: 0.050472082356690415	 Val Euclidean Shift: 0.08794002532958985


Epoch 58/2000: Training Loss: 0.02895445503265019		 Val Loss: 0.042402642965316775
		Training MAE Angle: 0.03916830884609298		 Val MAE Angle: 0.047496634721755984
              Training MSE Angle: 0.003887025263940864		 Val MSE Angle: 0.004538901522755623
		Training MAE Shift: 0.03445586856646029		 Val MAE Shift: 0.04523371160030365
              Training Euclidean Shift: 0.0542387717326168	 Val Euclidean Shift: 0.0709754467010498


Epoch 59/2000: Training Loss: 0.027842189954674763		 Val Loss: 0.038988083600997925
		Training MAE Angle: 0.03767637772993608		 Val MAE Angle: 0.04908488094806671
              Training MSE Angle: 0.0036552970117259874		 Val MSE Angle: 0.0052872709929943085
		Training MAE Shift: 0.03287004387896994		 Val MAE Shift: 0.03871103227138519
              Training Euclidean Shift: 0.051726940592287086	 Val Euclidean Shift: 0.06105569005012512


Epoch 60/2000: Training Loss: 0.02642050090985807		 Val Loss: 0.021985884010791778
		Training MAE Angle: 0.0366357343470155		 Val MAE Angle: 0.02588813006877899
              Training MSE Angle: 0.0029739662121407127		 Val MSE Angle: 0.0013709395192563535
		Training MAE Shift: 0.033206947236193024		 Val MAE Shift: 0.02950136661529541
              Training Euclidean Shift: 0.0521956357088956	 Val Euclidean Shift: 0.04666067063808441


Epoch 61/2000: Training Loss: 0.027061690454897674		 Val Loss: 0.03364551365375519
		Training MAE Angle: 0.038621129725761566		 Val MAE Angle: 0.03610723316669464
              Training MSE Angle: 0.0035591174962492328		 Val MSE Angle: 0.002423829585313797
		Training MAE Shift: 0.03201241926713423		 Val MAE Shift: 0.03975567817687988
              Training Euclidean Shift: 0.050487797250860764	 Val Euclidean Shift: 0.06298676133155823


Epoch 62/2000: Training Loss: 0.03932223489633191		 Val Loss: 0.08885501623153687
		Training MAE Angle: 0.043186308366979065		 Val MAE Angle: 0.07973214387893676
              Training MSE Angle: 0.004979652849581873		 Val MSE Angle: 0.011292720586061478
		Training MAE Shift: 0.03754201142684273		 Val MAE Shift: 0.0639920949935913
              Training Euclidean Shift: 0.0589839384961034	 Val Euclidean Shift: 0.10012006759643555


Epoch 63/2000: Training Loss: 0.03869172047249413		 Val Loss: 0.04816664457321167
		Training MAE Angle: 0.04196861327401263		 Val MAE Angle: 0.04051569700241089
              Training MSE Angle: 0.0045773276227265005		 Val MSE Angle: 0.003741353750228882
		Training MAE Shift: 0.03867027599349795		 Val MAE Shift: 0.04595270752906799
              Training Euclidean Shift: 0.06077831630179062	 Val Euclidean Shift: 0.07309695482254028


Epoch 64/2000: Training Loss: 0.023395973703135616		 Val Loss: 0.05698130130767822
		Training MAE Angle: 0.03374140441653285		 Val MAE Angle: 0.047625622153282164
              Training MSE Angle: 0.002758663633595342		 Val MSE Angle: 0.004405833408236503
		Training MAE Shift: 0.030319536156333954		 Val MAE Shift: 0.050780826807022096
              Training Euclidean Shift: 0.04752505532366485	 Val Euclidean Shift: 0.07883986234664916


Epoch 65/2000: Training Loss: 0.029376798938856766		 Val Loss: 0.04264793992042541
		Training MAE Angle: 0.04040560515030571		 Val MAE Angle: 0.04991334974765778
              Training MSE Angle: 0.004659606062847635		 Val MSE Angle: 0.0065028883516788484
		Training MAE Shift: 0.03315667389880998		 Val MAE Shift: 0.04593173563480377
              Training Euclidean Shift: 0.05204775964789711	 Val Euclidean Shift: 0.07132067084312439


Epoch 66/2000: Training Loss: 0.02433257046424353		 Val Loss: 0.01758532226085663
		Training MAE Angle: 0.0383742977036789		 Val MAE Angle: 0.03204297125339508
              Training MSE Angle: 0.004006191675842044		 Val MSE Angle: 0.001798498071730137
		Training MAE Shift: 0.03145347753532319		 Val MAE Shift: 0.028957858681678772
              Training Euclidean Shift: 0.04934215168707927	 Val Euclidean Shift: 0.04495638608932495


Epoch 67/2000: Training Loss: 0.022295742638026302		 Val Loss: 0.01932208389043808
		Training MAE Angle: 0.03337820904999383		 Val MAE Angle: 0.03236260712146759
              Training MSE Angle: 0.0030368276735539493		 Val MSE Angle: 0.0023527339100837706
		Training MAE Shift: 0.029239850553128086		 Val MAE Shift: 0.028533691167831422
              Training Euclidean Shift: 0.04600582198192008	 Val Euclidean Shift: 0.04477084875106811


Epoch 68/2000: Training Loss: 0.025753541426225143		 Val Loss: 0.026128402352333067
		Training MAE Angle: 0.03635528247818174		 Val MAE Angle: 0.04094401299953461
              Training MSE Angle: 0.0037237980620191975		 Val MSE Angle: 0.0027951830998063087
		Training MAE Shift: 0.03132330287586559		 Val MAE Shift: 0.03417213261127472
              Training Euclidean Shift: 0.04944312431124359	 Val Euclidean Shift: 0.05392202138900757


Epoch 69/2000: Training Loss: 0.020046697774894623		 Val Loss: 0.02498205900192261
		Training MAE Angle: 0.031265243711207695		 Val MAE Angle: 0.028277450799942018
              Training MSE Angle: 0.0023544824170500865		 Val MSE Angle: 0.0016855763271450997
		Training MAE Shift: 0.02811425665150518		 Val MAE Shift: 0.03156926333904266
              Training Euclidean Shift: 0.04412543255349864	 Val Euclidean Shift: 0.05046824812889099


Epoch 70/2000: Training Loss: 0.026154284420691933		 Val Loss: 0.04006131887435913
		Training MAE Angle: 0.03519501139523955		 Val MAE Angle: 0.03214218318462372
              Training MSE Angle: 0.0031953468153128038		 Val MSE Angle: 0.002509341575205326
		Training MAE Shift: 0.03082154202367006		 Val MAE Shift: 0.03890349268913269
              Training Euclidean Shift: 0.04851896489561782	 Val Euclidean Shift: 0.061399567127227786


Epoch 71/2000: Training Loss: 0.02312624784326365		 Val Loss: 0.017804217338562012
		Training MAE Angle: 0.033864341705684135		 Val MAE Angle: 0.02512648105621338
              Training MSE Angle: 0.003225827405575236		 Val MSE Angle: 0.0016599990427494048
		Training MAE Shift: 0.03032986825633897		 Val MAE Shift: 0.026787206530570984
              Training Euclidean Shift: 0.04764441916122738	 Val Euclidean Shift: 0.04228697419166565


Epoch 72/2000: Training Loss: 0.025440368727733025		 Val Loss: 0.04431690275669098
		Training MAE Angle: 0.036139337441666794		 Val MAE Angle: 0.05644075870513916
              Training MSE Angle: 0.003280939791984709		 Val MSE Angle: 0.0056777365505695345
		Training MAE Shift: 0.030817290068615097		 Val MAE Shift: 0.04183685779571533
              Training Euclidean Shift: 0.04846528773251258	 Val Euclidean Shift: 0.06583705544471741
