
###########################################################################################################################################################

__correct_F learning rate: 0.0001, mlp_hidden_sizes: [1024, 512], jump_frames: 6, use_reconstruction_layer: True
batch_size: 8, norm: True, train_seqeunces: [0, 2, 3, 5], val_sequences: [6, 7, 8], RL_TEST_NAMES: ['fe2fadf89a84e92a', 'f01e8b6f8e10fdd9', 'f1ee9dc6135e5307', 'a41df4fa06fd391b', 'bc0ebb7482f14795', '9bdd34e784c04e3a', '98ebee1c36ecec55'], dataset: Flying,
average embeddings: False, model: microsoft/resnet-152, augmentation: True, random crop: True, part: None, get_old_path: False, computer: 2,
RE1 coeff: 0 SED coeff: 0.5, ALG_COEFF: 0, L2_coeff: 1, huber_coeff: 1, frozen layers: 0, trained vit: None, MAX_POOL_SIZE: 3
crop: 224 resize: 256, use conv: True pretrained: None, train_size: 22, norm_mean: tensor([0.5000, 0.5000, 0.5000], device='cuda:0'), norm_std: tensor([0.5000, 0.5000, 0.5000], device='cuda:0'), sched: None seed: 42

train size: 193, val size: 169, test size: 1231

algebraic_truth: 0.004356421828269959		 val_algebraic_truth: 0.004905854097821496
RE1_truth: 1.9682564307004214e-05		 val_RE1_truth: 2.2362224461341445e-05
SED_truth: 0.00015742041170597077		 val_SED_truth: 0.00017889155159619722

Epoch 1/35000: Training Loss: 13995.40625		 Val Loss: 11514.5390625
             	Training MAE: 0.22909273207187653		 Val MAE: 0.1964539736509323
             	Algebraic dist: 5864.203125		 Val Algebraic dist: 2603.6097301136365
             	RE1 dist: 55092648.96		 Val RE1 dist: 5279517.454545454
             	SED dist: 27990.45		 Val SED dist: 23028.77556818182

Epoch 2/35000: Training Loss: 11263.3175		 Val Loss: 11024.686079545454
             	Training MAE: 0.17710332572460175		 Val MAE: 0.14627830684185028
             	Algebraic dist: 2246.7225		 Val Algebraic dist: 1827.9801136363637
             	RE1 dist: 4089749.76		 Val RE1 dist: 2640193.6363636362
             	SED dist: 22526.3925		 Val SED dist: 22049.170454545456

Epoch 3/35000: Training Loss: 10248.520625		 Val Loss: 10907.6875
             	Training MAE: 0.16845451295375824		 Val MAE: 0.18367606401443481
             	Algebraic dist: 1462.19984375		 Val Algebraic dist: 1173.3443714488637
             	RE1 dist: 1782612.8		 Val RE1 dist: 1087693.8181818181
             	SED dist: 20496.815		 Val SED dist: 21815.106534090908

Epoch 4/35000: Training Loss: 10960.01		 Val Loss: 10410.107244318182
             	Training MAE: 0.1817750483751297		 Val MAE: 0.18202318251132965
             	Algebraic dist: 781.436484375		 Val Algebraic dist: 538.7392134232955
             	RE1 dist: 500477.16		 Val RE1 dist: 233432.5909090909
             	SED dist: 21919.7425		 Val SED dist: 20819.886363636364

Epoch 5/35000: Training Loss: 8877.606875		 Val Loss: 7994.137073863636
             	Training MAE: 0.1863819658756256		 Val MAE: 0.20552115142345428
             	Algebraic dist: 309.74626953125		 Val Algebraic dist: 173.4105890447443
             	RE1 dist: 94288.3		 Val RE1 dist: 30541.335227272728
             	SED dist: 17754.8725		 Val SED dist: 15987.89346590909

Epoch 6/35000: Training Loss: 5280.843125		 Val Loss: 4963.337713068182
             	Training MAE: 0.215783953666687		 Val MAE: 0.2041124403476715
             	Algebraic dist: 110.47837890625		 Val Algebraic dist: 79.26786110617898
             	RE1 dist: 15692.21625		 Val RE1 dist: 7155.949573863636
             	SED dist: 10561.295		 Val SED dist: 9926.31747159091

Epoch 7/35000: Training Loss: 4621.8040625		 Val Loss: 4522.631747159091
             	Training MAE: 0.19993624091148376		 Val MAE: 0.19520127773284912
             	Algebraic dist: 67.5014599609375		 Val Algebraic dist: 68.89787153764205
             	RE1 dist: 5399.58625		 Val RE1 dist: 5321.583806818182
             	SED dist: 9243.250625		 Val SED dist: 9044.909801136364

Epoch 8/35000: Training Loss: 3739.878125		 Val Loss: 4079.415838068182
             	Training MAE: 0.18812811374664307		 Val MAE: 0.18491213023662567
             	Algebraic dist: 46.7424853515625		 Val Algebraic dist: 45.78836337002841
             	RE1 dist: 2712.996875		 Val RE1 dist: 2339.6821732954545
             	SED dist: 7479.419375		 Val SED dist: 8158.517755681818

Epoch 9/35000: Training Loss: 4007.07		 Val Loss: 4481.06640625
             	Training MAE: 0.18507342040538788		 Val MAE: 0.18564507365226746
             	Algebraic dist: 40.60917724609375		 Val Algebraic dist: 47.11258766867898
             	RE1 dist: 2118.73015625		 Val RE1 dist: 2437.1129261363635
             	SED dist: 8013.8275		 Val SED dist: 8961.805397727272

Epoch 10/35000: Training Loss: 4438.6490625		 Val Loss: 4843.920454545455
             	Training MAE: 0.1830912083387375		 Val MAE: 0.18208372592926025
             	Algebraic dist: 40.08760498046875		 Val Algebraic dist: 39.35303011807528
             	RE1 dist: 1809.6309375		 Val RE1 dist: 1712.469815340909
             	SED dist: 8876.991875		 Val SED dist: 9687.53622159091

Epoch 11/35000: Training Loss: 3850.1534375		 Val Loss: 3949.561434659091
             	Training MAE: 0.1814383715391159		 Val MAE: 0.1813715249300003
             	Algebraic dist: 31.69328369140625		 Val Algebraic dist: 35.70252297141335
             	RE1 dist: 1215.5396875		 Val RE1 dist: 1404.6546519886363
             	SED dist: 7700.005		 Val SED dist: 7898.823153409091

Epoch 12/35000: Training Loss: 3729.961875		 Val Loss: 4196.309659090909
             	Training MAE: 0.18222497403621674		 Val MAE: 0.1839415431022644
             	Algebraic dist: 29.6433349609375		 Val Algebraic dist: 32.2447676225142
             	RE1 dist: 1121.89890625		 Val RE1 dist: 1254.5621448863637
             	SED dist: 7459.621875		 Val SED dist: 8392.308238636364

Epoch 13/35000: Training Loss: 3661.80875		 Val Loss: 4123.563920454545
             	Training MAE: 0.18560609221458435		 Val MAE: 0.1873631775379181
             	Algebraic dist: 32.26441162109375		 Val Algebraic dist: 45.05886008522727
             	RE1 dist: 1354.349375		 Val RE1 dist: 2284.7121803977275
             	SED dist: 7323.305625		 Val SED dist: 8246.81534090909

Epoch 14/35000: Training Loss: 3739.4609375		 Val Loss: 4167.525568181818
             	Training MAE: 0.18851609528064728		 Val MAE: 0.1892911195755005
             	Algebraic dist: 39.63480224609375		 Val Algebraic dist: 46.64408735795455
             	RE1 dist: 1903.2984375		 Val RE1 dist: 2426.8082386363635
             	SED dist: 7478.60125		 Val SED dist: 8334.72372159091

Epoch 15/35000: Training Loss: 3497.63875		 Val Loss: 4010.686434659091
             	Training MAE: 0.19040122628211975		 Val MAE: 0.18997947871685028
             	Algebraic dist: 34.1246240234375		 Val Algebraic dist: 40.25448330965909
             	RE1 dist: 1462.56375		 Val RE1 dist: 1900.5873579545455
             	SED dist: 6994.941875		 Val SED dist: 8021.036931818182

Epoch 16/35000: Training Loss: 3505.7990625		 Val Loss: 3953.9211647727275
             	Training MAE: 0.18865151703357697		 Val MAE: 0.1886027306318283
             	Algebraic dist: 31.7655126953125		 Val Algebraic dist: 41.47199596058238
             	RE1 dist: 1403.92140625		 Val RE1 dist: 1980.1519886363637
             	SED dist: 7011.265		 Val SED dist: 7907.512073863636

Epoch 17/35000: Training Loss: 3642.10125		 Val Loss: 4343.379971590909
             	Training MAE: 0.18604148924350739		 Val MAE: 0.18394885957241058
             	Algebraic dist: 38.84773193359375		 Val Algebraic dist: 51.72535289417613
             	RE1 dist: 1910.6553125		 Val RE1 dist: 2944.6667258522725
             	SED dist: 7283.880625		 Val SED dist: 8686.447443181818

Epoch 18/35000: Training Loss: 3625.794375		 Val Loss: 4387.986860795455
             	Training MAE: 0.18360362946987152		 Val MAE: 0.1849525421857834
             	Algebraic dist: 38.29939453125		 Val Algebraic dist: 48.46698552911932
             	RE1 dist: 1830.636875		 Val RE1 dist: 2687.079190340909
             	SED dist: 7251.2775		 Val SED dist: 8775.650568181818

Epoch 19/35000: Training Loss: 3599.5675		 Val Loss: 4077.5578835227275
             	Training MAE: 0.18526184558868408		 Val MAE: 0.1863056719303131
             	Algebraic dist: 37.32211669921875		 Val Algebraic dist: 41.81912508877841
             	RE1 dist: 1765.54421875		 Val RE1 dist: 1976.5513139204545
             	SED dist: 7198.814375		 Val SED dist: 8154.7890625

Epoch 20/35000: Training Loss: 3662.798125		 Val Loss: 4225.872159090909
             	Training MAE: 0.18622265756130219		 Val MAE: 0.187769815325737
             	Algebraic dist: 30.332158203125		 Val Algebraic dist: 46.14259199662642
             	RE1 dist: 1232.595078125		 Val RE1 dist: 2366.872159090909
             	SED dist: 7325.270625		 Val SED dist: 8451.417613636364

Epoch 21/35000: Training Loss: 3862.01125		 Val Loss: 4207.580965909091
             	Training MAE: 0.18925505876541138		 Val MAE: 0.18990831077098846
             	Algebraic dist: 38.35539306640625		 Val Algebraic dist: 52.36676025390625
             	RE1 dist: 1939.0890625		 Val RE1 dist: 3067.147372159091
             	SED dist: 7723.69125		 Val SED dist: 8414.831676136364

Epoch 22/35000: Training Loss: 3568.07875		 Val Loss: 3910.43359375
             	Training MAE: 0.18689179420471191		 Val MAE: 0.18561655282974243
             	Algebraic dist: 34.42747314453125		 Val Algebraic dist: 44.3647627397017
             	RE1 dist: 1614.215		 Val RE1 dist: 2226.1663707386365
             	SED dist: 7135.828125		 Val SED dist: 7820.536221590909

Epoch 23/35000: Training Loss: 4133.40125		 Val Loss: 4427.204190340909
             	Training MAE: 0.1838003396987915		 Val MAE: 0.18198059499263763
             	Algebraic dist: 31.40983642578125		 Val Algebraic dist: 32.47017600319602
             	RE1 dist: 1450.28359375		 Val RE1 dist: 1316.637784090909
             	SED dist: 8266.48		 Val SED dist: 8854.081676136364

Epoch 24/35000: Training Loss: 4285.0021875		 Val Loss: 4487.232244318182
             	Training MAE: 0.17945696413516998		 Val MAE: 0.17678788304328918
             	Algebraic dist: 31.27409423828125		 Val Algebraic dist: 38.11006025834517
             	RE1 dist: 1443.51234375		 Val RE1 dist: 1720.4330610795455
             	SED dist: 8569.686875		 Val SED dist: 8974.16122159091

Epoch 25/35000: Training Loss: 4185.3834375		 Val Loss: 4514.097301136364
             	Training MAE: 0.1752731055021286		 Val MAE: 0.17415770888328552
             	Algebraic dist: 41.3950439453125		 Val Algebraic dist: 55.87219793146307
             	RE1 dist: 2349.1765625		 Val RE1 dist: 3611.8423295454545
             	SED dist: 8370.455		 Val SED dist: 9027.87784090909

Epoch 26/35000: Training Loss: 3769.2696875		 Val Loss: 4439.715909090909
             	Training MAE: 0.1727333515882492		 Val MAE: 0.17275114357471466
             	Algebraic dist: 52.270517578125		 Val Algebraic dist: 76.59245716441761
             	RE1 dist: 3603.995		 Val RE1 dist: 6555.435369318182
             	SED dist: 7538.233125		 Val SED dist: 8879.137073863636

Epoch 27/35000: Training Loss: 6007.155625		 Val Loss: 5036.487571022727
             	Training MAE: 0.1692182719707489		 Val MAE: 0.19033463299274445
             	Algebraic dist: 106.970390625		 Val Algebraic dist: 90.67968195134944
             	RE1 dist: 12786.6675		 Val RE1 dist: 10200.0625
             	SED dist: 12014.0325		 Val SED dist: 10072.6171875

Epoch 28/35000: Training Loss: 2445.8334375		 Val Loss: 1154.0941938920455
             	Training MAE: 0.19752934575080872		 Val MAE: 0.1935052126646042
             	Algebraic dist: 52.7977880859375		 Val Algebraic dist: 33.57089510830966
             	RE1 dist: 3639.3284375		 Val RE1 dist: 949.9806463068181
             	SED dist: 4891.2875		 Val SED dist: 2307.802556818182

Epoch 29/35000: Training Loss: 569.6594140625		 Val Loss: 377.7586558948864
             	Training MAE: 0.19644585251808167		 Val MAE: 0.19506509602069855
             	Algebraic dist: 25.0352734375		 Val Algebraic dist: 31.432195490056817
             	RE1 dist: 628.9671484375		 Val RE1 dist: 984.9286221590909
             	SED dist: 1138.919921875		 Val SED dist: 755.1170987215909

