###########################################################################################################################################################

                         learning rate: 4e-05,  mlp_hidden_sizes: [1024, 512], batch_size: 32, norm: True, alpha: 1, avg embeddings: True, 
                        crop: 224 resize: 256, use conv: False pretrained: None, seed: 42, angle range: 90, shift range: 0, 
                        train length: 5300, val length: 640, test length: 640, get old path: False


Epoch 1/40: Training Loss: 0.2808346805802311		 Val Loss: 0.13155097961425782
            Training MAE Shift: 0.0		 Val MAE Shift: 0.0
            Training Euclidean Shift: 0.0		 Val Euclidean Shift: 0.0
            Training MAE Angle: 0.45642926319535954		 Val MAE Angle: 0.2991297960281372
            Training MSE Angle: 0.2808346805802311		 Val MSE Angle: 0.13155097961425782

Epoch 2/40: Training Loss: 0.07203819665564112		 Val Loss: 0.03182258903980255
            Training MAE Shift: 0.0		 Val MAE Shift: 0.0
            Training Euclidean Shift: 0.0		 Val Euclidean Shift: 0.0
            Training MAE Angle: 0.20401545605027532		 Val MAE Angle: 0.13083535432815552
            Training MSE Angle: 0.07203819665564112		 Val MSE Angle: 0.03182258903980255

Epoch 3/40: Training Loss: 0.0341118387429111		 Val Loss: 0.027199876308441163
            Training MAE Shift: 0.0		 Val MAE Shift: 0.0
            Training Euclidean Shift: 0.0		 Val Euclidean Shift: 0.0
            Training MAE Angle: 0.13261333143854714		 Val MAE Angle: 0.11903364658355713
            Training MSE Angle: 0.0341118387429111		 Val MSE Angle: 0.027199876308441163

Epoch 4/40: Training Loss: 0.024313441242080135		 Val Loss: 0.017484202980995178
            Training MAE Shift: 0.0		 Val MAE Shift: 0.0
            Training Euclidean Shift: 0.0		 Val Euclidean Shift: 0.0
            Training MAE Angle: 0.1109966714698148		 Val MAE Angle: 0.09431523084640503
            Training MSE Angle: 0.024313441242080135		 Val MSE Angle: 0.017484202980995178

Epoch 5/40: Training Loss: 0.01737017803881542		 Val Loss: 0.011682166904211044
            Training MAE Shift: 0.0		 Val MAE Shift: 0.0
            Training Euclidean Shift: 0.0		 Val Euclidean Shift: 0.0
            Training MAE Angle: 0.09325788107263036		 Val MAE Angle: 0.07812060117721557
            Training MSE Angle: 0.01737017803881542		 Val MSE Angle: 0.011682166904211044

Epoch 6/40: Training Loss: 0.013813889170267496		 Val Loss: 0.014882540702819825
            Training MAE Shift: 0.0		 Val MAE Shift: 0.0
            Training Euclidean Shift: 0.0		 Val Euclidean Shift: 0.0
            Training MAE Angle: 0.08287383274859693		 Val MAE Angle: 0.08246789574623108
            Training MSE Angle: 0.013813889170267496		 Val MSE Angle: 0.014882540702819825

Epoch 7/40: Training Loss: 0.010370183421904782		 Val Loss: 0.011158746480941773
            Training MAE Shift: 0.0		 Val MAE Shift: 0.0
            Training Euclidean Shift: 0.0		 Val Euclidean Shift: 0.0
            Training MAE Angle: 0.07282459879496012		 Val MAE Angle: 0.07124898433685303
            Training MSE Angle: 0.010370183421904782		 Val MSE Angle: 0.011158746480941773

Epoch 8/40: Training Loss: 0.010805883321417383		 Val Loss: 0.008354859799146653
            Training MAE Shift: 0.0		 Val MAE Shift: 0.0
            Training Euclidean Shift: 0.0		 Val Euclidean Shift: 0.0
            Training MAE Angle: 0.07207884845963444		 Val MAE Angle: 0.06530866026878357
            Training MSE Angle: 0.010805883321417383		 Val MSE Angle: 0.008354859799146653

Epoch 9/40: Training Loss: 0.009221434593200684		 Val Loss: 0.007799997925758362
            Training MAE Shift: 0.0		 Val MAE Shift: 0.0
            Training Euclidean Shift: 0.0		 Val Euclidean Shift: 0.0
            Training MAE Angle: 0.06825053548238363		 Val MAE Angle: 0.06258653998374938
            Training MSE Angle: 0.009221434593200684		 Val MSE Angle: 0.007799997925758362

Epoch 10/40: Training Loss: 0.008342275418430925		 Val Loss: 0.008511708676815033
            Training MAE Shift: 0.0		 Val MAE Shift: 0.0
            Training Euclidean Shift: 0.0		 Val Euclidean Shift: 0.0
            Training MAE Angle: 0.06327863486416369		 Val MAE Angle: 0.058955222368240356
            Training MSE Angle: 0.008342275418430925		 Val MSE Angle: 0.008511708676815033

Epoch 11/40: Training Loss: 0.007419296775955752		 Val Loss: 0.007967227697372436
            Training MAE Shift: 0.0		 Val MAE Shift: 0.0
            Training Euclidean Shift: 0.0		 Val Euclidean Shift: 0.0
            Training MAE Angle: 0.05966169862862093		 Val MAE Angle: 0.06453213691711426
            Training MSE Angle: 0.007419296775955752		 Val MSE Angle: 0.007967227697372436

Epoch 12/40: Training Loss: 0.007195987615240626		 Val Loss: 0.0054770071059465405
            Training MAE Shift: 0.0		 Val MAE Shift: 0.0
            Training Euclidean Shift: 0.0		 Val Euclidean Shift: 0.0
            Training MAE Angle: 0.05944470899650849		 Val MAE Angle: 0.05560809373855591
            Training MSE Angle: 0.007195987615240626		 Val MSE Angle: 0.0054770071059465405

Epoch 13/40: Training Loss: 0.006629736308591911		 Val Loss: 0.0075218982994556425
            Training MAE Shift: 0.0		 Val MAE Shift: 0.0
            Training Euclidean Shift: 0.0		 Val Euclidean Shift: 0.0
            Training MAE Angle: 0.055817041052393164		 Val MAE Angle: 0.05959885120391846
            Training MSE Angle: 0.006629736308591911		 Val MSE Angle: 0.0075218982994556425

Epoch 14/40: Training Loss: 0.006426936172577272		 Val Loss: 0.006252801418304444
            Training MAE Shift: 0.0		 Val MAE Shift: 0.0
            Training Euclidean Shift: 0.0		 Val Euclidean Shift: 0.0
            Training MAE Angle: 0.055341128843376435		 Val MAE Angle: 0.05286828279495239
            Training MSE Angle: 0.006426936172577272		 Val MSE Angle: 0.006252801418304444

Epoch 15/40: Training Loss: 0.005312070070979107		 Val Loss: 0.008081261813640595
            Training MAE Shift: 0.0		 Val MAE Shift: 0.0
            Training Euclidean Shift: 0.0		 Val Euclidean Shift: 0.0
            Training MAE Angle: 0.05186493999986763		 Val MAE Angle: 0.054967683553695676
            Training MSE Angle: 0.005312070070979107		 Val MSE Angle: 0.008081261813640595

Epoch 16/40: Training Loss: 0.005159624728811793		 Val Loss: 0.005079473927617073
            Training MAE Shift: 0.0		 Val MAE Shift: 0.0
            Training Euclidean Shift: 0.0		 Val Euclidean Shift: 0.0
            Training MAE Angle: 0.04956827393497329		 Val MAE Angle: 0.05018258094787598
            Training MSE Angle: 0.005159624728811793		 Val MSE Angle: 0.005079473927617073

Epoch 17/40: Training Loss: 0.006464884941836438		 Val Loss: 0.006054582819342613
            Training MAE Shift: 0.0		 Val MAE Shift: 0.0
            Training Euclidean Shift: 0.0		 Val Euclidean Shift: 0.0
            Training MAE Angle: 0.05421101328838302		 Val MAE Angle: 0.05815457105636597
            Training MSE Angle: 0.006464884941836438		 Val MSE Angle: 0.006054582819342613

Epoch 18/40: Training Loss: 0.005476621978254203		 Val Loss: 0.005114670470356941
            Training MAE Shift: 0.0		 Val MAE Shift: 0.0
            Training Euclidean Shift: 0.0		 Val Euclidean Shift: 0.0
            Training MAE Angle: 0.05113184021179935		 Val MAE Angle: 0.05241532921791077
            Training MSE Angle: 0.005476621978254203		 Val MSE Angle: 0.005114670470356941

Epoch 19/40: Training Loss: 0.004565247929239848		 Val Loss: 0.004159381613135338
            Training MAE Shift: 0.0		 Val MAE Shift: 0.0
            Training Euclidean Shift: 0.0		 Val Euclidean Shift: 0.0
            Training MAE Angle: 0.047852978648909604		 Val MAE Angle: 0.045882809162139895
            Training MSE Angle: 0.004565247929239848		 Val MSE Angle: 0.004159381613135338

Epoch 20/40: Training Loss: 0.003975918494075178		 Val Loss: 0.004934739321470261
            Training MAE Shift: 0.0		 Val MAE Shift: 0.0
            Training Euclidean Shift: 0.0		 Val Euclidean Shift: 0.0
            Training MAE Angle: 0.0446577847722065		 Val MAE Angle: 0.050242215394973755
            Training MSE Angle: 0.003975918494075178		 Val MSE Angle: 0.004934739321470261

Epoch 21/40: Training Loss: 0.004419952630996704		 Val Loss: 0.004464137554168701
            Training MAE Shift: 0.0		 Val MAE Shift: 0.0
            Training Euclidean Shift: 0.0		 Val Euclidean Shift: 0.0
            Training MAE Angle: 0.04652068701135107		 Val MAE Angle: 0.04319876432418823
            Training MSE Angle: 0.004419952630996704		 Val MSE Angle: 0.004464137554168701

Epoch 22/40: Training Loss: 0.005077315382210605		 Val Loss: 0.006031127274036407
            Training MAE Shift: 0.0		 Val MAE Shift: 0.0
            Training Euclidean Shift: 0.0		 Val Euclidean Shift: 0.0
            Training MAE Angle: 0.04899846502097256		 Val MAE Angle: 0.04919311106204986
            Training MSE Angle: 0.005077315382210605		 Val MSE Angle: 0.006031127274036407

Epoch 23/40: Training Loss: 0.004788075584963143		 Val Loss: 0.0044915307313203815
            Training MAE Shift: 0.0		 Val MAE Shift: 0.0
            Training Euclidean Shift: 0.0		 Val Euclidean Shift: 0.0
            Training MAE Angle: 0.04755707821214056		 Val MAE Angle: 0.04489321708679199
            Training MSE Angle: 0.004788075584963143		 Val MSE Angle: 0.0044915307313203815

Epoch 24/40: Training Loss: 0.004485570522676031		 Val Loss: 0.0037859722971916197
            Training MAE Shift: 0.0		 Val MAE Shift: 0.0
            Training Euclidean Shift: 0.0		 Val Euclidean Shift: 0.0
            Training MAE Angle: 0.04589005550706243		 Val MAE Angle: 0.04237858653068542
            Training MSE Angle: 0.004485570522676031		 Val MSE Angle: 0.0037859722971916197

Epoch 25/40: Training Loss: 0.003836671631020236		 Val Loss: 0.003729800134897232
            Training MAE Shift: 0.0		 Val MAE Shift: 0.0
            Training Euclidean Shift: 0.0		 Val Euclidean Shift: 0.0
            Training MAE Angle: 0.043226244937942686		 Val MAE Angle: 0.04307555258274078
            Training MSE Angle: 0.003836671631020236		 Val MSE Angle: 0.003729800134897232

Epoch 26/40: Training Loss: 0.003326808113649667		 Val Loss: 0.0027947131544351577
            Training MAE Shift: 0.0		 Val MAE Shift: 0.0
            Training Euclidean Shift: 0.0		 Val Euclidean Shift: 0.0
            Training MAE Angle: 0.040912820632199205		 Val MAE Angle: 0.03876480162143707
            Training MSE Angle: 0.003326808113649667		 Val MSE Angle: 0.0027947131544351577

Epoch 27/40: Training Loss: 0.0035510138574853		 Val Loss: 0.003506721556186676
            Training MAE Shift: 0.0		 Val MAE Shift: 0.0
            Training Euclidean Shift: 0.0		 Val Euclidean Shift: 0.0
            Training MAE Angle: 0.04206548541425222		 Val MAE Angle: 0.043296325206756595
            Training MSE Angle: 0.0035510138574853		 Val MSE Angle: 0.003506721556186676

Epoch 28/40: Training Loss: 0.0035689315163945578		 Val Loss: 0.0025145199149847032
            Training MAE Shift: 0.0		 Val MAE Shift: 0.0
            Training Euclidean Shift: 0.0		 Val Euclidean Shift: 0.0
            Training MAE Angle: 0.042094581098441615		 Val MAE Angle: 0.03622583746910095
            Training MSE Angle: 0.0035689315163945578		 Val MSE Angle: 0.0025145199149847032

Epoch 29/40: Training Loss: 0.003210967922785196		 Val Loss: 0.0035417474806308745
            Training MAE Shift: 0.0		 Val MAE Shift: 0.0
            Training Euclidean Shift: 0.0		 Val Euclidean Shift: 0.0
            Training MAE Angle: 0.040270012545298384		 Val MAE Angle: 0.03867470622062683
            Training MSE Angle: 0.003210967922785196		 Val MSE Angle: 0.0035417474806308745

Epoch 30/40: Training Loss: 0.0035021954990295044		 Val Loss: 0.0035043817013502123
            Training MAE Shift: 0.0		 Val MAE Shift: 0.0
            Training Euclidean Shift: 0.0		 Val Euclidean Shift: 0.0
            Training MAE Angle: 0.04104354008134589		 Val MAE Angle: 0.04259699881076813
            Training MSE Angle: 0.0035021954990295044		 Val MSE Angle: 0.0035043817013502123

Epoch 31/40: Training Loss: 0.0038640926401299165		 Val Loss: 0.005407705903053284
            Training MAE Shift: 0.0		 Val MAE Shift: 0.0
            Training Euclidean Shift: 0.0		 Val Euclidean Shift: 0.0
            Training MAE Angle: 0.04265353765832373		 Val MAE Angle: 0.051511061191558835
            Training MSE Angle: 0.0038640926401299165		 Val MSE Angle: 0.005407705903053284

Epoch 32/40: Training Loss: 0.003644498356853623		 Val Loss: 0.004070193320512771
            Training MAE Shift: 0.0		 Val MAE Shift: 0.0
            Training Euclidean Shift: 0.0		 Val Euclidean Shift: 0.0
            Training MAE Angle: 0.042405148586594915		 Val MAE Angle: 0.042978525161743164
            Training MSE Angle: 0.003644498356853623		 Val MSE Angle: 0.004070193320512771

Epoch 33/40: Training Loss: 0.0031504221709377795		 Val Loss: 0.00339457169175148
            Training MAE Shift: 0.0		 Val MAE Shift: 0.0
            Training Euclidean Shift: 0.0		 Val Euclidean Shift: 0.0
            Training MAE Angle: 0.0396186271345759		 Val MAE Angle: 0.03744994401931763
            Training MSE Angle: 0.0031504221709377795		 Val MSE Angle: 0.00339457169175148

Epoch 34/40: Training Loss: 0.0030524669641471772		 Val Loss: 0.0038003969937562944
            Training MAE Shift: 0.0		 Val MAE Shift: 0.0
            Training Euclidean Shift: 0.0		 Val Euclidean Shift: 0.0
            Training MAE Angle: 0.038456741585788955		 Val MAE Angle: 0.040206557512283324
            Training MSE Angle: 0.0030524669641471772		 Val MSE Angle: 0.0038003969937562944

Epoch 35/40: Training Loss: 0.0028497621596577658		 Val Loss: 0.0039788495749235155
            Training MAE Shift: 0.0		 Val MAE Shift: 0.0
            Training Euclidean Shift: 0.0		 Val Euclidean Shift: 0.0
            Training MAE Angle: 0.03760530287960926		 Val MAE Angle: 0.0396608829498291
            Training MSE Angle: 0.0028497621596577658		 Val MSE Angle: 0.0039788495749235155

Epoch 36/40: Training Loss: 0.0031388261950159647		 Val Loss: 0.004447972029447555
            Training MAE Shift: 0.0		 Val MAE Shift: 0.0
            Training Euclidean Shift: 0.0		 Val Euclidean Shift: 0.0
            Training MAE Angle: 0.03911417650889201		 Val MAE Angle: 0.047069051861763
            Training MSE Angle: 0.0031388261950159647		 Val MSE Angle: 0.004447972029447555

Epoch 37/40: Training Loss: 0.003138946840562016		 Val Loss: 0.0022871481254696847
            Training MAE Shift: 0.0		 Val MAE Shift: 0.0
            Training Euclidean Shift: 0.0		 Val Euclidean Shift: 0.0
            Training MAE Angle: 0.03865758482232151		 Val MAE Angle: 0.03443560004234314
            Training MSE Angle: 0.003138946840562016		 Val MSE Angle: 0.0022871481254696847

Epoch 38/40: Training Loss: 0.003429821097707174		 Val Loss: 0.0024878676980733872
            Training MAE Shift: 0.0		 Val MAE Shift: 0.0
            Training Euclidean Shift: 0.0		 Val Euclidean Shift: 0.0
            Training MAE Angle: 0.04089651624840426		 Val MAE Angle: 0.03793320953845978
            Training MSE Angle: 0.003429821097707174		 Val MSE Angle: 0.0024878676980733872

Epoch 39/40: Training Loss: 0.004623017397271581		 Val Loss: 0.005050331354141235
            Training MAE Shift: 0.0		 Val MAE Shift: 0.0
            Training Euclidean Shift: 0.0		 Val Euclidean Shift: 0.0
            Training MAE Angle: 0.04473723560930735		 Val MAE Angle: 0.05206904411315918
            Training MSE Angle: 0.004623017397271581		 Val MSE Angle: 0.005050331354141235

Epoch 40/40: Training Loss: 0.0030810175889945893		 Val Loss: 0.0029137179255485533
            Training MAE Shift: 0.0		 Val MAE Shift: 0.0
            Training Euclidean Shift: 0.0		 Val Euclidean Shift: 0.0
            Training MAE Angle: 0.039009829601609564		 Val MAE Angle: 0.034119334816932675
            Training MSE Angle: 0.0030810175889945893		 Val MSE Angle: 0.0029137179255485533

## TEST RESULTS: ##
Test Loss: 0.0023572554346174 
Test MAE Shift: 0.0		 Test Euclidean Shift: 0.0
Test MAE Angle: 0.03260806202888489		 Test MSE Angle: 0.0023572554346174

