###########################################################################################################################################################

                         learning rate: 6e-05,  mlp_hidden_sizes: [1024, 512], batch_size: 32, norm: True, alpha: 10, avg embeddings: False, 
                        crop: 224 resize: 256, use conv: True pretrained: None, seed: 42, angle range: 30, shift range: 32, 
                        train length: 1024, val length: 320, test length: 320, get old path: False, embeddings to use: ['rotated_embeddings', 'original_embeddings'],
                        use_cls: False, frozen layer: 0


Epoch 1/500: Training Loss: 3.2319188117980957		 Val Loss: 1.692487907409668
	      Training MAE Angle: 0.496805876493454		 Val MAE Angle: 0.47270498275756834
              Training MSE Angle: 0.3277636766433716		 Val MSE Angle: 0.30592319965362547
	      Training MAE Shift: 0.46055951714515686		 Val MAE Shift: 0.31018126010894775
              Training Euclidean Shift: 0.7061481475830078	 Val Euclidean Shift: 0.47575650215148924


Epoch 2/500: Training Loss: 0.8749246001243591		 Val Loss: 1.7295570373535156
	      Training MAE Angle: 0.48470965027809143		 Val MAE Angle: 0.49819650650024416
              Training MSE Angle: 0.32259654998779297		 Val MSE Angle: 0.325813364982605
	      Training MAE Shift: 0.17410977184772491		 Val MAE Shift: 0.30379862785339357
              Training Euclidean Shift: 0.27221035957336426	 Val Euclidean Shift: 0.4707913875579834


Epoch 3/500: Training Loss: 0.5367453694343567		 Val Loss: 0.4995232105255127
	      Training MAE Angle: 0.48847994208335876		 Val MAE Angle: 0.5115321159362793
              Training MSE Angle: 0.3202561140060425		 Val MSE Angle: 0.33657763004302976
	      Training MAE Shift: 0.1092207282781601		 Val MAE Shift: 0.08928777575492859
              Training Euclidean Shift: 0.17203989624977112	 Val Euclidean Shift: 0.14092013835906983


Epoch 4/500: Training Loss: 0.4731278121471405		 Val Loss: 0.46129693984985354
	      Training MAE Angle: 0.47537198662757874		 Val MAE Angle: 0.46649799346923826
              Training MSE Angle: 0.3041556775569916		 Val MSE Angle: 0.29076623916625977
	      Training MAE Shift: 0.09521553665399551		 Val MAE Shift: 0.09977183341979981
              Training Euclidean Shift: 0.14956901967525482	 Val Euclidean Shift: 0.1576416850090027


Epoch 5/500: Training Loss: 0.3623303472995758		 Val Loss: 0.35645670890808107
	      Training MAE Angle: 0.41939157247543335		 Val MAE Angle: 0.3590084552764893
              Training MSE Angle: 0.24443407356739044		 Val MSE Angle: 0.1875481367111206
	      Training MAE Shift: 0.08107973635196686		 Val MAE Shift: 0.09425492286682129
              Training Euclidean Shift: 0.12846726179122925	 Val Euclidean Shift: 0.1492380380630493


Epoch 6/500: Training Loss: 0.2056194543838501		 Val Loss: 0.14981876611709594
	      Training MAE Angle: 0.2200969159603119		 Val MAE Angle: 0.13883763551712036
              Training MSE Angle: 0.08672474324703217		 Val MSE Angle: 0.04299803972244263
	      Training MAE Shift: 0.07969444245100021		 Val MAE Shift: 0.07314236164093017
              Training Euclidean Shift: 0.12649120390415192	 Val Euclidean Shift: 0.11466865539550782


Epoch 7/500: Training Loss: 0.09217988699674606		 Val Loss: 0.11957055330276489
	      Training MAE Angle: 0.11502134054899216		 Val MAE Angle: 0.10922119617462159
              Training MSE Angle: 0.02206052653491497		 Val MSE Angle: 0.026073640584945677
	      Training MAE Shift: 0.05976076051592827		 Val MAE Shift: 0.06790151596069335
              Training Euclidean Shift: 0.09398709982633591	 Val Euclidean Shift: 0.10633686780929566


Epoch 8/500: Training Loss: 0.08541247248649597		 Val Loss: 0.07159836888313294
	      Training MAE Angle: 0.10270137339830399		 Val MAE Angle: 0.10383634567260742
              Training MSE Angle: 0.020078275352716446		 Val MSE Angle: 0.019617752730846406
	      Training MAE Shift: 0.05771080404520035		 Val MAE Shift: 0.0468654215335846
              Training Euclidean Shift: 0.0913974717259407	 Val Euclidean Shift: 0.07353711128234863


Epoch 9/500: Training Loss: 0.09920355677604675		 Val Loss: 0.12589530944824218
	      Training MAE Angle: 0.10189089179039001		 Val MAE Angle: 0.12891308069229127
              Training MSE Angle: 0.02227231115102768		 Val MSE Angle: 0.03678022623062134
	      Training MAE Shift: 0.06184053421020508		 Val MAE Shift: 0.06989784836769104
              Training Euclidean Shift: 0.09795958548784256	 Val Euclidean Shift: 0.10877217054367065


Epoch 10/500: Training Loss: 0.08843674510717392		 Val Loss: 0.10786525011062623
	      Training MAE Angle: 0.09116429835557938		 Val MAE Angle: 0.10392096042633056
              Training MSE Angle: 0.017561908811330795		 Val MSE Angle: 0.024157367646694183
	      Training MAE Shift: 0.05985473468899727		 Val MAE Shift: 0.060891181230545044
              Training Euclidean Shift: 0.09543078392744064	 Val Euclidean Shift: 0.09615433216094971


Epoch 11/500: Training Loss: 0.12344696372747421		 Val Loss: 0.2634514331817627
	      Training MAE Angle: 0.09930925071239471		 Val MAE Angle: 0.1589827537536621
              Training MSE Angle: 0.020562946796417236		 Val MSE Angle: 0.04101069867610931
	      Training MAE Shift: 0.06918340921401978		 Val MAE Shift: 0.11348775625228882
              Training Euclidean Shift: 0.1096692755818367	 Val Euclidean Shift: 0.18160200119018555


Epoch 12/500: Training Loss: 0.09679843485355377		 Val Loss: 0.09227209091186524
	      Training MAE Angle: 0.0968879908323288		 Val MAE Angle: 0.10456398725509644
              Training MSE Angle: 0.019467519596219063		 Val MSE Angle: 0.0213300958275795
	      Training MAE Shift: 0.06290759891271591		 Val MAE Shift: 0.06256423592567444
              Training Euclidean Shift: 0.09936308860778809	 Val Euclidean Shift: 0.09746198654174805


Epoch 13/500: Training Loss: 0.07680956274271011		 Val Loss: 0.18630253076553344
	      Training MAE Angle: 0.07522344589233398		 Val MAE Angle: 0.10671046972274781
              Training MSE Angle: 0.011224967427551746		 Val MSE Angle: 0.030773189663887025
	      Training MAE Shift: 0.057304807007312775		 Val MAE Shift: 0.07834895253181458
              Training Euclidean Shift: 0.0902247354388237	 Val Euclidean Shift: 0.12490161657333373


Epoch 14/500: Training Loss: 0.08522628992795944		 Val Loss: 0.07515888810157775
	      Training MAE Angle: 0.08057519048452377		 Val MAE Angle: 0.08112238049507141
              Training MSE Angle: 0.01333075761795044		 Val MSE Angle: 0.012915447354316711
	      Training MAE Shift: 0.059478580951690674		 Val MAE Shift: 0.052827847003936765
              Training Euclidean Shift: 0.09399859607219696	 Val Euclidean Shift: 0.08354653120040893


Epoch 15/500: Training Loss: 0.06746891140937805		 Val Loss: 0.11944242715835571
	      Training MAE Angle: 0.07292220741510391		 Val MAE Angle: 0.08577698469161987
              Training MSE Angle: 0.011274290271103382		 Val MSE Angle: 0.020786432921886443
	      Training MAE Shift: 0.05534609407186508		 Val MAE Shift: 0.06494393348693847
              Training Euclidean Shift: 0.08726596087217331	 Val Euclidean Shift: 0.10327867269515992


Epoch 16/500: Training Loss: 0.07087591290473938		 Val Loss: 0.07051225900650024
	      Training MAE Angle: 0.07725773006677628		 Val MAE Angle: 0.10269975662231445
              Training MSE Angle: 0.01372530683875084		 Val MSE Angle: 0.017462147772312163
	      Training MAE Shift: 0.053194500505924225		 Val MAE Shift: 0.050700604915618896
              Training Euclidean Shift: 0.08371292799711227	 Val Euclidean Shift: 0.07939373850822448


Epoch 17/500: Training Loss: 0.057773202657699585		 Val Loss: 0.09268471002578735
	      Training MAE Angle: 0.06408993154764175		 Val MAE Angle: 0.0718037724494934
              Training MSE Angle: 0.009021623060107231		 Val MSE Angle: 0.010262884944677354
	      Training MAE Shift: 0.05160171166062355		 Val MAE Shift: 0.05310679674148559
              Training Euclidean Shift: 0.08052778989076614	 Val Euclidean Shift: 0.08447087407112122


Epoch 18/500: Training Loss: 0.047178879380226135		 Val Loss: 0.07268592119216918
	      Training MAE Angle: 0.059676509350538254		 Val MAE Angle: 0.08755788207054138
              Training MSE Angle: 0.008189627900719643		 Val MSE Angle: 0.015756334364414214
	      Training MAE Shift: 0.04445063695311546		 Val MAE Shift: 0.05329140424728394
              Training Euclidean Shift: 0.06962423026561737	 Val Euclidean Shift: 0.08419315814971924


Epoch 19/500: Training Loss: 0.06557940691709518		 Val Loss: 0.08181844353675842
	      Training MAE Angle: 0.06698872148990631		 Val MAE Angle: 0.06854730248451232
              Training MSE Angle: 0.011599931865930557		 Val MSE Angle: 0.010063032805919647
	      Training MAE Shift: 0.05117499455809593		 Val MAE Shift: 0.05416643023490906
              Training Euclidean Shift: 0.0809890478849411	 Val Euclidean Shift: 0.08499564528465271


Epoch 20/500: Training Loss: 0.0651664137840271		 Val Loss: 0.0509163498878479
	      Training MAE Angle: 0.07481089979410172		 Val MAE Angle: 0.06954569816589355
              Training MSE Angle: 0.012723732739686966		 Val MSE Angle: 0.011495739221572876
	      Training MAE Shift: 0.05009938403964043		 Val MAE Shift: 0.04024727046489716
              Training Euclidean Shift: 0.07910057157278061	 Val Euclidean Shift: 0.06461655497550964


Epoch 21/500: Training Loss: 0.03755256161093712		 Val Loss: 0.046384894847869874
	      Training MAE Angle: 0.054643113166093826		 Val MAE Angle: 0.07340895533561706
              Training MSE Angle: 0.006269118282943964		 Val MSE Angle: 0.010082463920116424
	      Training MAE Shift: 0.03881211206316948		 Val MAE Shift: 0.04257271289825439
              Training Euclidean Shift: 0.06136903911828995	 Val Euclidean Shift: 0.06651946306228637


Epoch 22/500: Training Loss: 0.03752533718943596		 Val Loss: 0.04565964341163635
	      Training MAE Angle: 0.05410923436284065		 Val MAE Angle: 0.04686354398727417
              Training MSE Angle: 0.006477881222963333		 Val MSE Angle: 0.005070121586322784
	      Training MAE Shift: 0.04157411679625511		 Val MAE Shift: 0.043400627374649045
              Training Euclidean Shift: 0.0649886354804039	 Val Euclidean Shift: 0.06865891814231873


Epoch 23/500: Training Loss: 0.05236514285206795		 Val Loss: 0.08800199031829833
	      Training MAE Angle: 0.05920841544866562		 Val MAE Angle: 0.08461060523986816
              Training MSE Angle: 0.0074041904881596565		 Val MSE Angle: 0.01727446764707565
	      Training MAE Shift: 0.04603046551346779		 Val MAE Shift: 0.0604611337184906
              Training Euclidean Shift: 0.07254956662654877	 Val Euclidean Shift: 0.09475796222686768


Epoch 24/500: Training Loss: 0.06073002889752388		 Val Loss: 0.10214953422546387
	      Training MAE Angle: 0.06571316719055176		 Val MAE Angle: 0.06387347579002381
              Training MSE Angle: 0.00855447631329298		 Val MSE Angle: 0.012065208703279495
	      Training MAE Shift: 0.052715230733156204		 Val MAE Shift: 0.06325486302375793
              Training Euclidean Shift: 0.08350195735692978	 Val Euclidean Shift: 0.09912158250808716


Epoch 25/500: Training Loss: 0.04648056998848915		 Val Loss: 0.04671895802021027
	      Training MAE Angle: 0.060056958347558975		 Val MAE Angle: 0.05779479146003723
              Training MSE Angle: 0.008298562839627266		 Val MSE Angle: 0.006879678368568421
	      Training MAE Shift: 0.04471813514828682		 Val MAE Shift: 0.04417712092399597
              Training Euclidean Shift: 0.07058462500572205	 Val Euclidean Shift: 0.07039937973022461


Epoch 26/500: Training Loss: 0.03403079882264137		 Val Loss: 0.029896679520606994
	      Training MAE Angle: 0.04747157171368599		 Val MAE Angle: 0.04621182680130005
              Training MSE Angle: 0.004351014271378517		 Val MSE Angle: 0.004494486376643181
	      Training MAE Shift: 0.03961412236094475		 Val MAE Shift: 0.033217668533325195
              Training Euclidean Shift: 0.06241576373577118	 Val Euclidean Shift: 0.05207571983337402


Epoch 27/500: Training Loss: 0.15910302102565765		 Val Loss: 0.849546241760254
	      Training MAE Angle: 0.09231117367744446		 Val MAE Angle: 0.2488016366958618
              Training MSE Angle: 0.0249869916588068		 Val MSE Angle: 0.09680460691452027
	      Training MAE Shift: 0.07159746438264847		 Val MAE Shift: 0.22841887474060057
              Training Euclidean Shift: 0.11249372363090515	 Val Euclidean Shift: 0.3516851425170898


Epoch 28/500: Training Loss: 0.2151070237159729		 Val Loss: 0.11251124143600463
	      Training MAE Angle: 0.1352584809064865		 Val MAE Angle: 0.0993247389793396
              Training MSE Angle: 0.03430275246500969		 Val MSE Angle: 0.01942553073167801
	      Training MAE Shift: 0.09896446019411087		 Val MAE Shift: 0.07097843289375305
              Training Euclidean Shift: 0.15641845762729645	 Val Euclidean Shift: 0.11243153810501098


Epoch 29/500: Training Loss: 0.10464219748973846		 Val Loss: 0.07619531750679016
	      Training MAE Angle: 0.09345177561044693		 Val MAE Angle: 0.07107440233230591
              Training MSE Angle: 0.017172351479530334		 Val MSE Angle: 0.011329027265310288
	      Training MAE Shift: 0.06761767715215683		 Val MAE Shift: 0.05514208674430847
              Training Euclidean Shift: 0.1069910004734993	 Val Euclidean Shift: 0.08614080548286437


Epoch 30/500: Training Loss: 0.08199520409107208		 Val Loss: 0.11323416233062744
	      Training MAE Angle: 0.08009998500347137		 Val MAE Angle: 0.0697262704372406
              Training MSE Angle: 0.01279204711318016		 Val MSE Angle: 0.009497104585170746
	      Training MAE Shift: 0.059886280447244644		 Val MAE Shift: 0.06637398004531861
              Training Euclidean Shift: 0.09400218725204468	 Val Euclidean Shift: 0.10412955284118652


Epoch 31/500: Training Loss: 0.08161191642284393		 Val Loss: 0.13469464778900148
	      Training MAE Angle: 0.0760459154844284		 Val MAE Angle: 0.10515109300613404
              Training MSE Angle: 0.01151150744408369		 Val MSE Angle: 0.019031260907649995
	      Training MAE Shift: 0.060231391340494156		 Val MAE Shift: 0.08049729466438293
              Training Euclidean Shift: 0.09426417201757431	 Val Euclidean Shift: 0.1264089584350586


Epoch 32/500: Training Loss: 0.0692337229847908		 Val Loss: 0.07910868525505066
	      Training MAE Angle: 0.06727758049964905		 Val MAE Angle: 0.06803228855133056
              Training MSE Angle: 0.008650689385831356		 Val MSE Angle: 0.013054467737674713
	      Training MAE Shift: 0.05446162447333336		 Val MAE Shift: 0.055673837661743164
              Training Euclidean Shift: 0.08550547808408737	 Val Euclidean Shift: 0.0873454749584198


Epoch 33/500: Training Loss: 0.07675893604755402		 Val Loss: 0.08080833554267883
	      Training MAE Angle: 0.06257836520671844		 Val MAE Angle: 0.06414024829864502
              Training MSE Angle: 0.0077718161046504974		 Val MSE Angle: 0.010039833933115005
	      Training MAE Shift: 0.05686018243432045		 Val MAE Shift: 0.0534001350402832
              Training Euclidean Shift: 0.09009139239788055	 Val Euclidean Shift: 0.08416633009910583


Epoch 34/500: Training Loss: 0.04841579869389534		 Val Loss: 0.08491916060447693
	      Training MAE Angle: 0.056936126202344894		 Val MAE Angle: 0.07669322490692139
              Training MSE Angle: 0.006413612514734268		 Val MSE Angle: 0.015456776320934295
	      Training MAE Shift: 0.04548189789056778		 Val MAE Shift: 0.05976741909980774
              Training Euclidean Shift: 0.07191319018602371	 Val Euclidean Shift: 0.09398172497749328


Epoch 35/500: Training Loss: 0.08726624399423599		 Val Loss: 0.1180830717086792
	      Training MAE Angle: 0.06587118655443192		 Val MAE Angle: 0.07876112461090087
              Training MSE Angle: 0.009997275657951832		 Val MSE Angle: 0.011610343307256698
	      Training MAE Shift: 0.05946768447756767		 Val MAE Shift: 0.07778018116950988
              Training Euclidean Shift: 0.09497132152318954	 Val Euclidean Shift: 0.12238026857376098


Epoch 36/500: Training Loss: 0.07864280045032501		 Val Loss: 0.05907300114631653
	      Training MAE Angle: 0.06256827712059021		 Val MAE Angle: 0.07018119096755981
              Training MSE Angle: 0.007889148779213428		 Val MSE Angle: 0.007200212031602859
	      Training MAE Shift: 0.06107358634471893		 Val MAE Shift: 0.052663487195968625
              Training Euclidean Shift: 0.09608890116214752	 Val Euclidean Shift: 0.08357900381088257


Epoch 37/500: Training Loss: 0.06318030506372452		 Val Loss: 0.05477011799812317
	      Training MAE Angle: 0.05647852271795273		 Val MAE Angle: 0.053929483890533446
              Training MSE Angle: 0.006685420870780945		 Val MSE Angle: 0.007602143287658692
	      Training MAE Shift: 0.05115813389420509		 Val MAE Shift: 0.05084595680236816
              Training Euclidean Shift: 0.0809207484126091	 Val Euclidean Shift: 0.07964553833007812


Epoch 38/500: Training Loss: 0.04374684393405914		 Val Loss: 0.05186072587966919
	      Training MAE Angle: 0.05005656182765961		 Val MAE Angle: 0.05034173727035522
              Training MSE Angle: 0.004924164619296789		 Val MSE Angle: 0.012482084333896637
	      Training MAE Shift: 0.04485365375876427		 Val MAE Shift: 0.043967139720916745
              Training Euclidean Shift: 0.07050736248493195	 Val Euclidean Shift: 0.06903320550918579


Epoch 39/500: Training Loss: 0.04470684751868248		 Val Loss: 0.043444445729255675
	      Training MAE Angle: 0.050551801919937134		 Val MAE Angle: 0.04047768115997315
              Training MSE Angle: 0.005165598820894957		 Val MSE Angle: 0.004996424540877342
	      Training MAE Shift: 0.04389076679944992		 Val MAE Shift: 0.03826884627342224
              Training Euclidean Shift: 0.06873496621847153	 Val Euclidean Shift: 0.06114593744277954


Epoch 40/500: Training Loss: 0.042920928448438644		 Val Loss: 0.05007155537605286
	      Training MAE Angle: 0.04619177058339119		 Val MAE Angle: 0.04014641046524048
              Training MSE Angle: 0.006373761221766472		 Val MSE Angle: 0.0036523651331663133
	      Training MAE Shift: 0.042691320180892944		 Val MAE Shift: 0.045427259802818296
              Training Euclidean Shift: 0.06720488518476486	 Val Euclidean Shift: 0.07145509719848633


Epoch 41/500: Training Loss: 0.041202425956726074		 Val Loss: 0.0671509861946106
	      Training MAE Angle: 0.04900752753019333		 Val MAE Angle: 0.1002829909324646
              Training MSE Angle: 0.006621034815907478		 Val MSE Angle: 0.0158223956823349
	      Training MAE Shift: 0.04268226400017738		 Val MAE Shift: 0.04935033917427063
              Training Euclidean Shift: 0.06774842739105225	 Val Euclidean Shift: 0.07730582356452942


Epoch 42/500: Training Loss: 0.05113152787089348		 Val Loss: 0.06723042130470276
	      Training MAE Angle: 0.05562824010848999		 Val MAE Angle: 0.05874663591384888
              Training MSE Angle: 0.006841153372079134		 Val MSE Angle: 0.006858854740858078
	      Training MAE Shift: 0.04811155050992966		 Val MAE Shift: 0.05554623007774353
              Training Euclidean Shift: 0.0760616734623909	 Val Euclidean Shift: 0.08785176873207093


Epoch 43/500: Training Loss: 0.044278208166360855		 Val Loss: 0.09334551095962525
	      Training MAE Angle: 0.049416135996580124		 Val MAE Angle: 0.05454164743423462
              Training MSE Angle: 0.004698439501225948		 Val MSE Angle: 0.008381669968366623
	      Training MAE Shift: 0.043677158653736115		 Val MAE Shift: 0.06071215271949768
              Training Euclidean Shift: 0.06931070983409882	 Val Euclidean Shift: 0.09615037441253663


Epoch 44/500: Training Loss: 0.04766898229718208		 Val Loss: 0.049324053525924685
	      Training MAE Angle: 0.05020199716091156		 Val MAE Angle: 0.048437684774398804
              Training MSE Angle: 0.00525246188044548		 Val MSE Angle: 0.006519126147031784
	      Training MAE Shift: 0.04644836485385895		 Val MAE Shift: 0.04717596173286438
              Training Euclidean Shift: 0.07392324507236481	 Val Euclidean Shift: 0.07485514283180236


Epoch 45/500: Training Loss: 0.03891962394118309		 Val Loss: 0.07010827660560608
	      Training MAE Angle: 0.04484177008271217		 Val MAE Angle: 0.048981180787086485
              Training MSE Angle: 0.004346989560872316		 Val MSE Angle: 0.004217164963483811
	      Training MAE Shift: 0.04149768128991127		 Val MAE Shift: 0.05954599976539612
              Training Euclidean Shift: 0.06529179215431213	 Val Euclidean Shift: 0.09401472806930541


Epoch 46/500: Training Loss: 0.03352171182632446		 Val Loss: 0.04998677670955658
	      Training MAE Angle: 0.04319173842668533		 Val MAE Angle: 0.05077835321426392
              Training MSE Angle: 0.004333718679845333		 Val MSE Angle: 0.0045867148786783215
	      Training MAE Shift: 0.036787912249565125		 Val MAE Shift: 0.04722600281238556
              Training Euclidean Shift: 0.05825175344944	 Val Euclidean Shift: 0.07342933416366577


Epoch 47/500: Training Loss: 0.03385842591524124		 Val Loss: 0.05008267164230347
	      Training MAE Angle: 0.050665099173784256		 Val MAE Angle: 0.05557258129119873
              Training MSE Angle: 0.005250172223895788		 Val MSE Angle: 0.005544470995664597
	      Training MAE Shift: 0.039410851895809174		 Val MAE Shift: 0.047526562213897706
              Training Euclidean Shift: 0.062022317200899124	 Val Euclidean Shift: 0.07454341650009155


Epoch 48/500: Training Loss: 0.03303908929228783		 Val Loss: 0.058650195598602295
	      Training MAE Angle: 0.04268700256943703		 Val MAE Angle: 0.04948720335960388
              Training MSE Angle: 0.004335139412432909		 Val MSE Angle: 0.0043470744043588635
	      Training MAE Shift: 0.03322753682732582		 Val MAE Shift: 0.04526326954364777
              Training Euclidean Shift: 0.052455414086580276	 Val Euclidean Shift: 0.07181276679039002


Epoch 49/500: Training Loss: 0.0482400506734848		 Val Loss: 0.03804248571395874
	      Training MAE Angle: 0.048368241637945175		 Val MAE Angle: 0.05281896591186523
              Training MSE Angle: 0.004333720076829195		 Val MSE Angle: 0.0055452611297369
	      Training MAE Shift: 0.047261688858270645		 Val MAE Shift: 0.039086544513702394
              Training Euclidean Shift: 0.07442312687635422	 Val Euclidean Shift: 0.061951398849487305


Epoch 50/500: Training Loss: 0.039985671639442444		 Val Loss: 0.08558883666992187
	      Training MAE Angle: 0.045577727258205414		 Val MAE Angle: 0.06256009340286255
              Training MSE Angle: 0.0039609516970813274		 Val MSE Angle: 0.008512470871210098
	      Training MAE Shift: 0.04053535312414169		 Val MAE Shift: 0.06445971727371216
              Training Euclidean Shift: 0.06402209401130676	 Val Euclidean Shift: 0.10137221813201905


Epoch 51/500: Training Loss: 0.050797782838344574		 Val Loss: 0.054765403270721436
	      Training MAE Angle: 0.04846997559070587		 Val MAE Angle: 0.07393460273742676
              Training MSE Angle: 0.0068505932576954365		 Val MSE Angle: 0.009490332007408142
	      Training MAE Shift: 0.046387650072574615		 Val MAE Shift: 0.0468526154756546
              Training Euclidean Shift: 0.07356899976730347	 Val Euclidean Shift: 0.07388032674789428


Epoch 52/500: Training Loss: 0.045811977237463		 Val Loss: 0.0601043701171875
	      Training MAE Angle: 0.04521232098340988		 Val MAE Angle: 0.05424440503120422
              Training MSE Angle: 0.004747685976326466		 Val MSE Angle: 0.005424264445900917
	      Training MAE Shift: 0.04285218194127083		 Val MAE Shift: 0.04880348443984985
              Training Euclidean Shift: 0.06755032390356064	 Val Euclidean Shift: 0.07686771154403686


Epoch 53/500: Training Loss: 0.03783873841166496		 Val Loss: 0.036703822016716
	      Training MAE Angle: 0.04559563472867012		 Val MAE Angle: 0.053005659580230714
              Training MSE Angle: 0.004121111705899239		 Val MSE Angle: 0.005563978478312493
	      Training MAE Shift: 0.041173648089170456		 Val MAE Shift: 0.039172437787055966
              Training Euclidean Shift: 0.06503213942050934	 Val Euclidean Shift: 0.06132941246032715


Epoch 54/500: Training Loss: 0.0270979143679142		 Val Loss: 0.03456295430660248
	      Training MAE Angle: 0.03793647512793541		 Val MAE Angle: 0.033190786838531494
              Training MSE Angle: 0.002973729744553566		 Val MSE Angle: 0.002147691696882248
	      Training MAE Shift: 0.036141812801361084		 Val MAE Shift: 0.04154287576675415
              Training Euclidean Shift: 0.05686580017209053	 Val Euclidean Shift: 0.06502198576927185


Epoch 55/500: Training Loss: 0.02450060099363327		 Val Loss: 0.032885956764221194
	      Training MAE Angle: 0.03791718930006027		 Val MAE Angle: 0.047069203853607175
              Training MSE Angle: 0.003032946027815342		 Val MSE Angle: 0.0036865647882223128
	      Training MAE Shift: 0.03311425819993019		 Val MAE Shift: 0.03931613266468048
              Training Euclidean Shift: 0.05197881907224655	 Val Euclidean Shift: 0.06153512597084045


Epoch 56/500: Training Loss: 0.038124579936265945		 Val Loss: 0.03900885283946991
	      Training MAE Angle: 0.04638044536113739		 Val MAE Angle: 0.03901220560073852
              Training MSE Angle: 0.004076493438333273		 Val MSE Angle: 0.0030941521748900414
	      Training MAE Shift: 0.04030974581837654		 Val MAE Shift: 0.042473134398460385
              Training Euclidean Shift: 0.06304085999727249	 Val Euclidean Shift: 0.06639344096183777


Epoch 57/500: Training Loss: 0.0280340276658535		 Val Loss: 0.048123899102211
	      Training MAE Angle: 0.041773807257413864		 Val MAE Angle: 0.035213276743888855
              Training MSE Angle: 0.0032186920288950205		 Val MSE Angle: 0.002709662541747093
	      Training MAE Shift: 0.0363718718290329		 Val MAE Shift: 0.034617412090301516
              Training Euclidean Shift: 0.05678914114832878	 Val Euclidean Shift: 0.05409837961196899


Epoch 58/500: Training Loss: 0.029496781527996063		 Val Loss: 0.03490588963031769
	      Training MAE Angle: 0.03670410439372063		 Val MAE Angle: 0.032713332772254945
              Training MSE Angle: 0.003266580868512392		 Val MSE Angle: 0.002456197701394558
	      Training MAE Shift: 0.0357995443046093		 Val MAE Shift: 0.03893591165542602
              Training Euclidean Shift: 0.0564819760620594	 Val Euclidean Shift: 0.06159056425094604


Epoch 59/500: Training Loss: 0.03147120773792267		 Val Loss: 0.040160763263702395
	      Training MAE Angle: 0.0368715263903141		 Val MAE Angle: 0.07249236106872559
              Training MSE Angle: 0.0029475935734808445		 Val MSE Angle: 0.010610055923461915
	      Training MAE Shift: 0.036641091108322144		 Val MAE Shift: 0.039754819869995114
              Training Euclidean Shift: 0.05776457116007805	 Val Euclidean Shift: 0.06323283314704894


Epoch 60/500: Training Loss: 0.03372214362025261		 Val Loss: 0.07667952179908752
	      Training MAE Angle: 0.040285274386405945		 Val MAE Angle: 0.09191588163375855
              Training MSE Angle: 0.0031345454044640064		 Val MSE Angle: 0.012387265264987946
	      Training MAE Shift: 0.04003923758864403		 Val MAE Shift: 0.06345760822296143
              Training Euclidean Shift: 0.06331659853458405	 Val Euclidean Shift: 0.09797754287719726


Epoch 61/500: Training Loss: 0.026250235736370087		 Val Loss: 0.028069266676902772
	      Training MAE Angle: 0.03706258162856102		 Val MAE Angle: 0.029979515075683593
              Training MSE Angle: 0.0026967921294271946		 Val MSE Angle: 0.0020195558667182923
	      Training MAE Shift: 0.03539961948990822		 Val MAE Shift: 0.03209354877471924
              Training Euclidean Shift: 0.055771127343177795	 Val Euclidean Shift: 0.05108197927474976


Epoch 62/500: Training Loss: 0.024105172604322433		 Val Loss: 0.05660006999969482
	      Training MAE Angle: 0.03337426483631134		 Val MAE Angle: 0.07943757176399231
              Training MSE Angle: 0.0030657935421913862		 Val MSE Angle: 0.0091567263007164
	      Training MAE Shift: 0.03151949495077133		 Val MAE Shift: 0.05024634599685669
              Training Euclidean Shift: 0.0497121587395668	 Val Euclidean Shift: 0.07843063473701477


Epoch 63/500: Training Loss: 0.02466457337141037		 Val Loss: 0.028419139981269836
	      Training MAE Angle: 0.0384712852537632		 Val MAE Angle: 0.03658903539180756
              Training MSE Angle: 0.0032826128881424665		 Val MSE Angle: 0.0027838697656989097
	      Training MAE Shift: 0.03340129554271698		 Val MAE Shift: 0.03382070958614349
              Training Euclidean Shift: 0.05267847701907158	 Val Euclidean Shift: 0.053121531009674074


Epoch 64/500: Training Loss: 0.021844109520316124		 Val Loss: 0.027759441733360292
	      Training MAE Angle: 0.033087797462940216		 Val MAE Angle: 0.03052433133125305
              Training MSE Angle: 0.001989745069295168		 Val MSE Angle: 0.0018191339448094368
	      Training MAE Shift: 0.03200491517782211		 Val MAE Shift: 0.03726639449596405
              Training Euclidean Shift: 0.05065573379397392	 Val Euclidean Shift: 0.05869370698928833


Epoch 65/500: Training Loss: 0.028022902086377144		 Val Loss: 0.03586364388465881
	      Training MAE Angle: 0.03573695570230484		 Val MAE Angle: 0.042247962951660153
              Training MSE Angle: 0.0027996189892292023		 Val MSE Angle: 0.003538120910525322
	      Training MAE Shift: 0.03196858987212181		 Val MAE Shift: 0.04217435419559479
              Training Euclidean Shift: 0.05033660680055618	 Val Euclidean Shift: 0.06635379195213317


Epoch 66/500: Training Loss: 0.03794822096824646		 Val Loss: 0.05433945655822754
	      Training MAE Angle: 0.03882677108049393		 Val MAE Angle: 0.05414016842842102
              Training MSE Angle: 0.003539547324180603		 Val MSE Angle: 0.005122296512126923
	      Training MAE Shift: 0.04087153077125549		 Val MAE Shift: 0.05056480765342712
              Training Euclidean Shift: 0.06393937021493912	 Val Euclidean Shift: 0.07966241836547852


Epoch 67/500: Training Loss: 0.03140462562441826		 Val Loss: 0.033288246393203734
	      Training MAE Angle: 0.03785392642021179		 Val MAE Angle: 0.038184738159179686
              Training MSE Angle: 0.0031115214806050062		 Val MSE Angle: 0.0038782544434070587
	      Training MAE Shift: 0.037129905074834824		 Val MAE Shift: 0.03634922504425049
              Training Euclidean Shift: 0.05854707956314087	 Val Euclidean Shift: 0.05771532654762268


