
###########################################################################################################################################################

                         learning rate: 6e-05,  mlp_hidden_sizes: [1024, 512], batch_size: 4, norm: True, alpha: 10, avg embeddings: False, 
                        crop: 224 resize: 256, use conv: True pretrained: None, seed: 42, angle range: 30, shift range: 32, 
                        train length: 256, val length: 320, test length: 320, get old path: False, embeddings to use: ['rotated_embeddings', 'original_embeddings'],
                        use_cls: False, frozen layer: 0


Epoch 1/1000: Training Loss: 3.6593291759490967		 Val Loss: 3.234688949584961
		Training MAE Angle: 0.4908651113510132		 Val MAE Angle: 0.47275662422180176
              Training MSE Angle: 0.3246100842952728		 Val MSE Angle: 0.30382709503173827
		Training MAE Shift: 0.5021419525146484		 Val MAE Shift: 0.46307125091552737
              Training Euclidean Shift: 0.7655359506607056	 Val Euclidean Shift: 0.7134647369384766


Epoch 2/1000: Training Loss: 2.6534347534179688		 Val Loss: 1.973459243774414
		Training MAE Angle: 0.4954560399055481		 Val MAE Angle: 0.5231777191162109
              Training MSE Angle: 0.3283346891403198		 Val MSE Angle: 0.3488690137863159
		Training MAE Shift: 0.4063792824745178		 Val MAE Shift: 0.33511972427368164
              Training Euclidean Shift: 0.6257248520851135	 Val Euclidean Shift: 0.516634464263916


Epoch 3/1000: Training Loss: 1.469329595565796		 Val Loss: 1.236793327331543
		Training MAE Angle: 0.4872440695762634		 Val MAE Angle: 0.4871185302734375
              Training MSE Angle: 0.32712647318840027		 Val MSE Angle: 0.32643609046936034
		Training MAE Shift: 0.2686774730682373		 Val MAE Shift: 0.23401305675506592
              Training Euclidean Shift: 0.41697070002555847	 Val Euclidean Shift: 0.36897251605987547


Epoch 4/1000: Training Loss: 0.9728416204452515		 Val Loss: 0.9066231727600098
		Training MAE Angle: 0.4683237671852112		 Val MAE Angle: 0.49818849563598633
              Training MSE Angle: 0.31216949224472046		 Val MSE Angle: 0.3282216787338257
		Training MAE Shift: 0.20881474018096924		 Val MAE Shift: 0.19161640405654906
              Training Euclidean Shift: 0.32538026571273804	 Val Euclidean Shift: 0.30148322582244874


Epoch 5/1000: Training Loss: 0.8885534405708313		 Val Loss: 0.8411101341247559
		Training MAE Angle: 0.4668527841567993		 Val MAE Angle: 0.5157654762268067
              Training MSE Angle: 0.299167275428772		 Val MSE Angle: 0.34130105972290037
		Training MAE Shift: 0.18973903357982635		 Val MAE Shift: 0.17210922241210938
              Training Euclidean Shift: 0.3000008165836334	 Val Euclidean Shift: 0.27185468673706054


Epoch 6/1000: Training Loss: 0.806387186050415		 Val Loss: 0.7781621932983398
		Training MAE Angle: 0.5227898955345154		 Val MAE Angle: 0.4673768043518066
              Training MSE Angle: 0.35494983196258545		 Val MSE Angle: 0.3032401084899902
		Training MAE Shift: 0.16612818837165833		 Val MAE Shift: 0.17164613008499147
              Training Euclidean Shift: 0.26270487904548645	 Val Euclidean Shift: 0.2707555055618286


Epoch 7/1000: Training Loss: 0.6462578177452087		 Val Loss: 0.7110278606414795
		Training MAE Angle: 0.4768297076225281		 Val MAE Angle: 0.5065753936767579
              Training MSE Angle: 0.3080979287624359		 Val MSE Angle: 0.33057987689971924
		Training MAE Shift: 0.14389175176620483		 Val MAE Shift: 0.15212444067001343
              Training Euclidean Shift: 0.2252083569765091	 Val Euclidean Shift: 0.2400761604309082


Epoch 8/1000: Training Loss: 0.7048183083534241		 Val Loss: 0.6233229637145996
		Training MAE Angle: 0.4825839698314667		 Val MAE Angle: 0.46735920906066897
              Training MSE Angle: 0.3147628605365753		 Val MSE Angle: 0.2944642066955566
		Training MAE Shift: 0.15364478528499603		 Val MAE Shift: 0.1421063184738159
              Training Euclidean Shift: 0.24182315170764923	 Val Euclidean Shift: 0.22355637550354004


Epoch 9/1000: Training Loss: 0.5826194882392883		 Val Loss: 0.6352124691009522
		Training MAE Angle: 0.4734700322151184		 Val MAE Angle: 0.43524656295776365
              Training MSE Angle: 0.3024232089519501		 Val MSE Angle: 0.2613548994064331
		Training MAE Shift: 0.1307714730501175		 Val MAE Shift: 0.1483662962913513
              Training Euclidean Shift: 0.2058708369731903	 Val Euclidean Shift: 0.2307201147079468


Epoch 10/1000: Training Loss: 0.48644208908081055		 Val Loss: 0.5883089065551758
		Training MAE Angle: 0.4550734758377075		 Val MAE Angle: 0.39746913909912107
              Training MSE Angle: 0.2725985646247864		 Val MSE Angle: 0.22561280727386473
		Training MAE Shift: 0.1133783832192421		 Val MAE Shift: 0.14787429571151733
              Training Euclidean Shift: 0.1790754199028015	 Val Euclidean Shift: 0.233487868309021


Epoch 11/1000: Training Loss: 0.4659916162490845		 Val Loss: 0.42790899276733396
		Training MAE Angle: 0.3542892634868622		 Val MAE Angle: 0.23044793605804442
              Training MSE Angle: 0.17909711599349976		 Val MSE Angle: 0.08957457542419434
		Training MAE Shift: 0.131157785654068		 Val MAE Shift: 0.14192142486572265
              Training Euclidean Shift: 0.20732392370700836	 Val Euclidean Shift: 0.22195637226104736


Epoch 12/1000: Training Loss: 0.3572033941745758		 Val Loss: 0.43067121505737305
		Training MAE Angle: 0.2683030366897583		 Val MAE Angle: 0.1989498734474182
              Training MSE Angle: 0.11485278606414795		 Val MSE Angle: 0.06451035141944886
		Training MAE Shift: 0.1177062839269638		 Val MAE Shift: 0.1444253921508789
              Training Euclidean Shift: 0.1865534782409668	 Val Euclidean Shift: 0.2282782793045044


Epoch 13/1000: Training Loss: 0.2564821243286133		 Val Loss: 0.31795535087585447
		Training MAE Angle: 0.18876324594020844		 Val MAE Angle: 0.20554935932159424
              Training MSE Angle: 0.05745893344283104		 Val MSE Angle: 0.06582011580467224
		Training MAE Shift: 0.10772500932216644		 Val MAE Shift: 0.11882870197296143
              Training Euclidean Shift: 0.1693875938653946	 Val Euclidean Shift: 0.18650099039077758


Epoch 14/1000: Training Loss: 0.22973212599754333		 Val Loss: 0.42230901718139646
		Training MAE Angle: 0.18548709154129028		 Val MAE Angle: 0.21307735443115233
              Training MSE Angle: 0.05730627849698067		 Val MSE Angle: 0.07048344612121582
		Training MAE Shift: 0.10337895900011063		 Val MAE Shift: 0.14405324459075927
              Training Euclidean Shift: 0.1628378927707672	 Val Euclidean Shift: 0.22323276996612548


Epoch 15/1000: Training Loss: 0.21885564923286438		 Val Loss: 0.34389142990112304
		Training MAE Angle: 0.15413735806941986		 Val MAE Angle: 0.18438401222229003
              Training MSE Angle: 0.04137147217988968		 Val MSE Angle: 0.05101239085197449
		Training MAE Shift: 0.10140035301446915		 Val MAE Shift: 0.1322764754295349
              Training Euclidean Shift: 0.15914618968963623	 Val Euclidean Shift: 0.2059382438659668


Epoch 16/1000: Training Loss: 0.18517611920833588		 Val Loss: 0.3520371437072754
		Training MAE Angle: 0.14603932201862335		 Val MAE Angle: 0.1911495089530945
              Training MSE Angle: 0.03389724716544151		 Val MSE Angle: 0.057527554035186765
		Training MAE Shift: 0.09850570559501648		 Val MAE Shift: 0.13655574321746827
              Training Euclidean Shift: 0.15363886952400208	 Val Euclidean Shift: 0.21280910968780517


