###########################################################################################################################################################

                        __2 learning rate: 6e-05,  mlp_hidden_sizes: [1024, 512], batch_size: 32, norm: True, alpha: 10, avg embeddings: True, 
                        crop: 224 resize: 256, use conv: False pretrained: None, seed: 42, angle range: 90, shift range: 100, 
                        train length: 6144, val length: 780, test length: 780, get old path: False


Epoch 1/120: Training Loss: 1.2895623842875164		 Val Loss: 0.7390957641601562
	     Training MAE Angle: 0.49519320329030353		 Val MAE Angle: 0.4958359146118164
            Training MSE Angle: 0.3305931289990743		 Val MSE Angle: 0.32589485168457033
	     Training MAE Shift: 0.22366825739542642		 Val MAE Shift: 0.14979200363159179
            Training Euclidean Shift: 0.3458212614059448	 Val Euclidean Shift: 0.23503757476806642


Epoch 2/120: Training Loss: 0.6835231781005859		 Val Loss: 0.5533821487426758
	     Training MAE Angle: 0.494348406791687		 Val MAE Angle: 0.509773063659668
            Training MSE Angle: 0.32649701833724976		 Val MSE Angle: 0.342968635559082
	     Training MAE Shift: 0.13100696603457132		 Val MAE Shift: 0.10455777168273926
            Training Euclidean Shift: 0.20514251788457236	 Val Euclidean Shift: 0.16429439544677735


Epoch 3/120: Training Loss: 0.4623727798461914		 Val Loss: 0.4804512023925781
	     Training MAE Angle: 0.4972781737645467		 Val MAE Angle: 0.4945701599121094
            Training MSE Angle: 0.3266541560490926		 Val MSE Angle: 0.3228461837768555
	     Training MAE Shift: 0.08447303374608357		 Val MAE Shift: 0.09933899879455567
            Training Euclidean Shift: 0.13261385758717856	 Val Euclidean Shift: 0.15654195785522462


Epoch 4/120: Training Loss: 0.4183363119761149		 Val Loss: 0.4777825164794922
	     Training MAE Angle: 0.49582890669504803		 Val MAE Angle: 0.4954993438720703
            Training MSE Angle: 0.321406622727712		 Val MSE Angle: 0.31477529525756837
	     Training MAE Shift: 0.07063718636830647		 Val MAE Shift: 0.095329008102417
            Training Euclidean Shift: 0.11116564273834229	 Val Euclidean Shift: 0.14910152435302734


Epoch 5/120: Training Loss: 0.4006051222483317		 Val Loss: 0.39462421417236326
	     Training MAE Angle: 0.49101579189300537		 Val MAE Angle: 0.4819695663452148
            Training MSE Angle: 0.3123466372489929		 Val MSE Angle: 0.29862916946411133
	     Training MAE Shift: 0.06695154805978139		 Val MAE Shift: 0.07252082347869873
            Training Euclidean Shift: 0.10540846983591716	 Val Euclidean Shift: 0.11362217903137208


Epoch 6/120: Training Loss: 0.3608591556549072		 Val Loss: 0.37782859802246094
	     Training MAE Angle: 0.4911915461222331		 Val MAE Angle: 0.49885719299316406
            Training MSE Angle: 0.3063466548919678		 Val MSE Angle: 0.3142929458618164
	     Training MAE Shift: 0.05347822606563568		 Val MAE Shift: 0.058063511848449705
            Training Euclidean Shift: 0.08467285831769307	 Val Euclidean Shift: 0.09167489051818847


Epoch 7/120: Training Loss: 0.3730495770772298		 Val Loss: 0.3912654495239258
	     Training MAE Angle: 0.4961123466491699		 Val MAE Angle: 0.5024832153320312
            Training MSE Angle: 0.3076152602831523		 Val MSE Angle: 0.31109277725219725
	     Training MAE Shift: 0.058452099561691284		 Val MAE Shift: 0.06276025772094726
            Training Euclidean Shift: 0.09218669931093852	 Val Euclidean Shift: 0.09948511123657226


Epoch 8/120: Training Loss: 0.3768655061721802		 Val Loss: 0.3983414077758789
	     Training MAE Angle: 0.492282231648763		 Val MAE Angle: 0.4973999786376953
            Training MSE Angle: 0.2989739775657654		 Val MSE Angle: 0.3072818374633789
	     Training MAE Shift: 0.06199836234251658		 Val MAE Shift: 0.06742942333221436
            Training Euclidean Shift: 0.09770301977793376	 Val Euclidean Shift: 0.10630398750305176


Epoch 9/120: Training Loss: 0.35016806920369464		 Val Loss: 0.35185344696044923
	     Training MAE Angle: 0.4945145845413208		 Val MAE Angle: 0.49380538940429686
            Training MSE Angle: 0.2964494824409485		 Val MSE Angle: 0.2921933937072754
	     Training MAE Shift: 0.052563056349754333		 Val MAE Shift: 0.051365871429443356
            Training Euclidean Shift: 0.08283072710037231	 Val Euclidean Shift: 0.08088849067687988


Epoch 10/120: Training Loss: 0.4356601635615031		 Val Loss: 0.3679561233520508
	     Training MAE Angle: 0.4874357382456462		 Val MAE Angle: 0.482425651550293
            Training MSE Angle: 0.2928113540013631		 Val MSE Angle: 0.2849934768676758
	     Training MAE Shift: 0.07820658882459004		 Val MAE Shift: 0.0643444013595581
            Training Euclidean Shift: 0.1228149135907491	 Val Euclidean Shift: 0.10178994178771973


Epoch 11/120: Training Loss: 0.3678900400797526		 Val Loss: 0.34812557220458984
	     Training MAE Angle: 0.4885985453923543		 Val MAE Angle: 0.4696700286865234
            Training MSE Angle: 0.28926316897074383		 Val MSE Angle: 0.27513721466064456
	     Training MAE Shift: 0.06211976706981659		 Val MAE Shift: 0.05978905200958252
            Training Euclidean Shift: 0.09770622849464417	 Val Euclidean Shift: 0.0943377685546875


Epoch 12/120: Training Loss: 0.319435179233551		 Val Loss: 0.3041924285888672
	     Training MAE Angle: 0.4646037817001343		 Val MAE Angle: 0.43625370025634763
            Training MSE Angle: 0.26717323064804077		 Val MSE Angle: 0.24055362701416017
	     Training MAE Shift: 0.05275750160217285		 Val MAE Shift: 0.059931702613830566
            Training Euclidean Shift: 0.08329900602499644	 Val Euclidean Shift: 0.09329924583435059


Epoch 13/120: Training Loss: 0.2798425753911336		 Val Loss: 0.2878665733337402
	     Training MAE Angle: 0.42305107911427814		 Val MAE Angle: 0.41467628479003904
            Training MSE Angle: 0.23365203539530435		 Val MSE Angle: 0.2284226417541504
	     Training MAE Shift: 0.05040666460990906		 Val MAE Shift: 0.05706006526947022
            Training Euclidean Shift: 0.07929278910160065	 Val Euclidean Shift: 0.08988574981689453


Epoch 14/120: Training Loss: 0.2527916431427002		 Val Loss: 0.2316391372680664
	     Training MAE Angle: 0.3846384684244792		 Val MAE Angle: 0.347255744934082
            Training MSE Angle: 0.20536112785339355		 Val MSE Angle: 0.17912155151367187
	     Training MAE Shift: 0.0514866958061854		 Val MAE Shift: 0.05347169876098633
            Training Euclidean Shift: 0.08098608255386353	 Val Euclidean Shift: 0.08503623962402344


Epoch 15/120: Training Loss: 0.21901907523473105		 Val Loss: 0.19735252380371093
	     Training MAE Angle: 0.34245892365773517		 Val MAE Angle: 0.3180138778686523
            Training MSE Angle: 0.17270976305007935		 Val MSE Angle: 0.15025636672973633
	     Training MAE Shift: 0.05106408894062042		 Val MAE Shift: 0.051249756813049316
            Training Euclidean Shift: 0.08037364482879639	 Val Euclidean Shift: 0.08038127899169922


Epoch 16/120: Training Loss: 0.19279982646306357		 Val Loss: 0.20943262100219726
	     Training MAE Angle: 0.31402814388275146		 Val MAE Angle: 0.3049166297912598
            Training MSE Angle: 0.14943106969197592		 Val MSE Angle: 0.1450553035736084
	     Training MAE Shift: 0.04920636614163717		 Val MAE Shift: 0.05198447227478027
            Training Euclidean Shift: 0.07744711637496948	 Val Euclidean Shift: 0.08125792503356934


Epoch 17/120: Training Loss: 0.23028401533762613		 Val Loss: 0.19929330825805663
	     Training MAE Angle: 0.31558720270792645		 Val MAE Angle: 0.3007699966430664
            Training MSE Angle: 0.154973437388738		 Val MSE Angle: 0.1420129680633545
	     Training MAE Shift: 0.061776161193847656		 Val MAE Shift: 0.054975547790527345
            Training Euclidean Shift: 0.09732919931411743	 Val Euclidean Shift: 0.08612760543823242


Epoch 18/120: Training Loss: 0.17744280894597372		 Val Loss: 0.17404924392700194
	     Training MAE Angle: 0.2941059668858846		 Val MAE Angle: 0.2914698028564453
            Training MSE Angle: 0.13579332828521729		 Val MSE Angle: 0.13139018058776855
	     Training MAE Shift: 0.0475397656361262		 Val MAE Shift: 0.049007024765014645
            Training Euclidean Shift: 0.07516662776470184	 Val Euclidean Shift: 0.07674216270446778


Epoch 19/120: Training Loss: 0.16319463650385538		 Val Loss: 0.15852458000183106
	     Training MAE Angle: 0.2772316336631775		 Val MAE Angle: 0.2747060012817383
            Training MSE Angle: 0.1252627670764923		 Val MSE Angle: 0.12427268981933594
	     Training MAE Shift: 0.0457708885272344		 Val MAE Shift: 0.0451590633392334
            Training Euclidean Shift: 0.07218801478544871	 Val Euclidean Shift: 0.07130768299102783


Epoch 20/120: Training Loss: 0.15866408745447794		 Val Loss: 0.1586794662475586
	     Training MAE Angle: 0.2691532572110494		 Val MAE Angle: 0.2686467742919922
            Training MSE Angle: 0.12011452515920003		 Val MSE Angle: 0.1172645092010498
	     Training MAE Shift: 0.045847718914349876		 Val MAE Shift: 0.04725274085998535
            Training Euclidean Shift: 0.07236237327257793	 Val Euclidean Shift: 0.07463098526000976


Epoch 21/120: Training Loss: 0.15199569861094156		 Val Loss: 0.16388492584228515
	     Training MAE Angle: 0.26755664745966595		 Val MAE Angle: 0.27279464721679686
            Training MSE Angle: 0.11925079425175984		 Val MSE Angle: 0.1243885612487793
	     Training MAE Shift: 0.042561242977778115		 Val MAE Shift: 0.04696342468261719
            Training Euclidean Shift: 0.06716970602671306	 Val Euclidean Shift: 0.0740345287322998


Epoch 22/120: Training Loss: 0.14643006523450217		 Val Loss: 0.1575647449493408
	     Training MAE Angle: 0.2597835063934326		 Val MAE Angle: 0.2729794692993164
            Training MSE Angle: 0.11247570315996806		 Val MSE Angle: 0.12426548004150391
	     Training MAE Shift: 0.043163234988848366		 Val MAE Shift: 0.04226006984710693
            Training Euclidean Shift: 0.06796110173066457	 Val Euclidean Shift: 0.06637228012084961


Epoch 23/120: Training Loss: 0.1423738400141398		 Val Loss: 0.14274529457092286
	     Training MAE Angle: 0.25902026891708374		 Val MAE Angle: 0.24997322082519532
            Training MSE Angle: 0.11328685283660889		 Val MSE Angle: 0.1081026840209961
	     Training MAE Shift: 0.039948590099811554		 Val MAE Shift: 0.044915142059326174
            Training Euclidean Shift: 0.06305783490339915	 Val Euclidean Shift: 0.07051373958587646


Epoch 24/120: Training Loss: 0.1327748696009318		 Val Loss: 0.13520182609558107
	     Training MAE Angle: 0.25116610527038574		 Val MAE Angle: 0.2401224136352539
            Training MSE Angle: 0.10686781009038289		 Val MSE Angle: 0.10275408744812012
	     Training MAE Shift: 0.037720787028471627		 Val MAE Shift: 0.03920673608779907
            Training Euclidean Shift: 0.05931957562764486	 Val Euclidean Shift: 0.06181061267852783


Epoch 25/120: Training Loss: 0.12734871109326681		 Val Loss: 0.1196490478515625
	     Training MAE Angle: 0.2450671593348185		 Val MAE Angle: 0.23270286560058595
            Training MSE Angle: 0.1038367251555125		 Val MSE Angle: 0.09279545783996582
	     Training MAE Shift: 0.03557997445265452		 Val MAE Shift: 0.03931434154510498
            Training Euclidean Shift: 0.05613414446512858	 Val Euclidean Shift: 0.0617834997177124


Epoch 26/120: Training Loss: 0.11996577183405559		 Val Loss: 0.1204139804840088
	     Training MAE Angle: 0.23498904705047607		 Val MAE Angle: 0.23179988861083983
            Training MSE Angle: 0.09705421328544617		 Val MSE Angle: 0.09503559112548828
	     Training MAE Shift: 0.03505883117516836		 Val MAE Shift: 0.03590553283691406
            Training Euclidean Shift: 0.05508548021316528	 Val Euclidean Shift: 0.05645814895629883


Epoch 27/120: Training Loss: 0.2366265058517456		 Val Loss: 0.1417214584350586
	     Training MAE Angle: 0.27662720282872516		 Val MAE Angle: 0.24141090393066406
            Training MSE Angle: 0.1273899773756663		 Val MSE Angle: 0.09741603851318359
	     Training MAE Shift: 0.07102031509081523		 Val MAE Shift: 0.047946171760559084
            Training Euclidean Shift: 0.11128920316696167	 Val Euclidean Shift: 0.07539829730987549


Epoch 28/120: Training Loss: 0.1415219008922577		 Val Loss: 0.15117008209228516
	     Training MAE Angle: 0.2439772089322408		 Val MAE Angle: 0.2512277412414551
            Training MSE Angle: 0.10318444172541301		 Val MSE Angle: 0.11158613204956054
	     Training MAE Shift: 0.0454762727022171		 Val MAE Shift: 0.04694042205810547
            Training Euclidean Shift: 0.07157625754674275	 Val Euclidean Shift: 0.07335927963256836


Epoch 29/120: Training Loss: 0.14444837967554727		 Val Loss: 0.12478180885314942
	     Training MAE Angle: 0.2437595327695211		 Val MAE Angle: 0.22892576217651367
            Training MSE Angle: 0.10360035300254822		 Val MSE Angle: 0.08927905082702636
	     Training MAE Shift: 0.04595096409320831		 Val MAE Shift: 0.04370663642883301
            Training Euclidean Shift: 0.07233387728532155	 Val Euclidean Shift: 0.06897687911987305


Epoch 30/120: Training Loss: 0.12436692913373311		 Val Loss: 0.1266774559020996
	     Training MAE Angle: 0.23191269238789877		 Val MAE Angle: 0.22883203506469726
            Training MSE Angle: 0.09409559766451518		 Val MSE Angle: 0.09497960090637207
	     Training MAE Shift: 0.0408790186047554		 Val MAE Shift: 0.04042036056518555
            Training Euclidean Shift: 0.06438249349594116	 Val Euclidean Shift: 0.0635915994644165


Epoch 31/120: Training Loss: 0.11944021781285603		 Val Loss: 0.10739668846130371
	     Training MAE Angle: 0.22740846872329712		 Val MAE Angle: 0.21461109161376954
            Training MSE Angle: 0.09165425101915996		 Val MSE Angle: 0.08151790618896484
	     Training MAE Shift: 0.039041608572006226		 Val MAE Shift: 0.03734418869018555
            Training Euclidean Shift: 0.061366185545921326	 Val Euclidean Shift: 0.058700852394104004


Epoch 32/120: Training Loss: 0.14148596922556558		 Val Loss: 0.10649069786071777
	     Training MAE Angle: 0.2345503568649292		 Val MAE Angle: 0.20781435012817384
            Training MSE Angle: 0.09793023268381755		 Val MSE Angle: 0.07635818481445313
	     Training MAE Shift: 0.04753933846950531		 Val MAE Shift: 0.03994927406311035
            Training Euclidean Shift: 0.07469900449117024	 Val Euclidean Shift: 0.0629805564880371


Epoch 33/120: Training Loss: 0.11166566610336304		 Val Loss: 0.1148989200592041
	     Training MAE Angle: 0.21909151474634805		 Val MAE Angle: 0.21858097076416017
            Training MSE Angle: 0.08738287289937337		 Val MSE Angle: 0.08926261901855469
	     Training MAE Shift: 0.03644969314336777		 Val MAE Shift: 0.03763466596603394
            Training Euclidean Shift: 0.057364518443743386	 Val Euclidean Shift: 0.05912468433380127


Epoch 34/120: Training Loss: 0.10722377896308899		 Val Loss: 0.10162388801574707
	     Training MAE Angle: 0.21255634228388467		 Val MAE Angle: 0.21191633224487305
            Training MSE Angle: 0.08329070607821147		 Val MSE Angle: 0.08152167320251465
	     Training MAE Shift: 0.03581257909536362		 Val MAE Shift: 0.03317911863327026
            Training Euclidean Shift: 0.05631817877292633	 Val Euclidean Shift: 0.052242064476013185


Epoch 35/120: Training Loss: 0.10640186071395874		 Val Loss: 0.10807233810424804
	     Training MAE Angle: 0.21401272217432657		 Val MAE Angle: 0.21284658432006837
            Training MSE Angle: 0.08442158500353496		 Val MSE Angle: 0.08527077674865723
	     Training MAE Shift: 0.033916438619295754		 Val MAE Shift: 0.03507832288742065
            Training Euclidean Shift: 0.05344032744566599	 Val Euclidean Shift: 0.055010623931884765


Epoch 36/120: Training Loss: 0.09455398718516032		 Val Loss: 0.10183732032775879
	     Training MAE Angle: 0.2053149143854777		 Val MAE Angle: 0.20705039978027343
            Training MSE Angle: 0.07679200172424316		 Val MSE Angle: 0.08007381439208984
	     Training MAE Shift: 0.03102262814839681		 Val MAE Shift: 0.03360882520675659
            Training Euclidean Shift: 0.04887216786543528	 Val Euclidean Shift: 0.0527471399307251


Epoch 37/120: Training Loss: 0.10752581556638081		 Val Loss: 0.09689193725585937
	     Training MAE Angle: 0.21313756704330444		 Val MAE Angle: 0.2017606735229492
            Training MSE Angle: 0.08426593740781148		 Val MSE Angle: 0.07443156719207764
	     Training MAE Shift: 0.03482404351234436		 Val MAE Shift: 0.034425272941589355
            Training Euclidean Shift: 0.0548170804977417	 Val Euclidean Shift: 0.05430855751037598


Epoch 38/120: Training Loss: 0.09597420692443848		 Val Loss: 0.09383266448974609
	     Training MAE Angle: 0.20472222566604614		 Val MAE Angle: 0.19727638244628906
            Training MSE Angle: 0.07749692598978679		 Val MSE Angle: 0.07544673442840576
	     Training MAE Shift: 0.03107096254825592		 Val MAE Shift: 0.030296413898468016
            Training Euclidean Shift: 0.048794890443483986	 Val Euclidean Shift: 0.047427859306335446


Epoch 39/120: Training Loss: 0.09260909756024678		 Val Loss: 0.0845449161529541
	     Training MAE Angle: 0.19971170028050741		 Val MAE Angle: 0.191242733001709
            Training MSE Angle: 0.07537886997063954		 Val MSE Angle: 0.0691151237487793
	     Training MAE Shift: 0.029883049428462982		 Val MAE Shift: 0.02908870458602905
            Training Euclidean Shift: 0.047044714291890465	 Val Euclidean Shift: 0.04565854549407959


Epoch 40/120: Training Loss: 0.08769755562146504		 Val Loss: 0.10024130821228028
	     Training MAE Angle: 0.1977139711380005		 Val MAE Angle: 0.20234752655029298
            Training MSE Angle: 0.07325968146324158		 Val MSE Angle: 0.07994609832763672
	     Training MAE Shift: 0.02816212922334671		 Val MAE Shift: 0.02923530101776123
            Training Euclidean Shift: 0.04422304034233093	 Val Euclidean Shift: 0.046433482170104984


Epoch 41/120: Training Loss: 0.08739990989367168		 Val Loss: 0.09426971435546876
	     Training MAE Angle: 0.19267362356185913		 Val MAE Angle: 0.19474267959594727
            Training MSE Angle: 0.06999451418717702		 Val MSE Angle: 0.07143597602844239
	     Training MAE Shift: 0.030237744251887005		 Val MAE Shift: 0.032084479331970214
            Training Euclidean Shift: 0.04756317536036173	 Val Euclidean Shift: 0.05024588584899902


Epoch 42/120: Training Loss: 0.08933389186859131		 Val Loss: 0.08952166557312012
	     Training MAE Angle: 0.1950830022493998		 Val MAE Angle: 0.1875019645690918
            Training MSE Angle: 0.07218868533770244		 Val MSE Angle: 0.0695881986618042
	     Training MAE Shift: 0.029107071459293365		 Val MAE Shift: 0.033169963359832765
            Training Euclidean Shift: 0.0458030899365743	 Val Euclidean Shift: 0.05258929252624512


Epoch 43/120: Training Loss: 0.08607647816340129		 Val Loss: 0.09009407043457031
	     Training MAE Angle: 0.19315361976623535		 Val MAE Angle: 0.19113941192626954
            Training MSE Angle: 0.07113755246003468		 Val MSE Angle: 0.07047536373138427
	     Training MAE Shift: 0.028184610108534496		 Val MAE Shift: 0.03077348232269287
            Training Euclidean Shift: 0.0444453756014506	 Val Euclidean Shift: 0.048405094146728514


Epoch 44/120: Training Loss: 0.08572083711624146		 Val Loss: 0.0838072395324707
	     Training MAE Angle: 0.193102757136027		 Val MAE Angle: 0.18857744216918945
            Training MSE Angle: 0.07062442104021709		 Val MSE Angle: 0.06873620986938477
	     Training MAE Shift: 0.02874139944712321		 Val MAE Shift: 0.02747662305831909
            Training Euclidean Shift: 0.04534208277861277	 Val Euclidean Shift: 0.04347527027130127


Epoch 45/120: Training Loss: 0.07994658251603444		 Val Loss: 0.0830367660522461
	     Training MAE Angle: 0.18596615393956503		 Val MAE Angle: 0.18535955429077147
            Training MSE Angle: 0.06570033232371013		 Val MSE Angle: 0.06733582973480225
	     Training MAE Shift: 0.027405972282091778		 Val MAE Shift: 0.027002363204956054
            Training Euclidean Shift: 0.043154830733935036	 Val Euclidean Shift: 0.04261082649230957


Epoch 46/120: Training Loss: 0.0822996199131012		 Val Loss: 0.09894255638122558
	     Training MAE Angle: 0.18644734223683676		 Val MAE Angle: 0.20099933624267577
            Training MSE Angle: 0.06500203907489777		 Val MSE Angle: 0.07898534297943115
	     Training MAE Shift: 0.029565535485744476		 Val MAE Shift: 0.031122345924377442
            Training Euclidean Shift: 0.046499152978261314	 Val Euclidean Shift: 0.04900522232055664


Epoch 47/120: Training Loss: 0.08293460806210835		 Val Loss: 0.08137811660766602
	     Training MAE Angle: 0.18860071897506714		 Val MAE Angle: 0.18312740325927734
            Training MSE Angle: 0.06759865085283916		 Val MSE Angle: 0.0649733829498291
	     Training MAE Shift: 0.028383975227673847		 Val MAE Shift: 0.027645325660705565
            Training Euclidean Shift: 0.04474270840485891	 Val Euclidean Shift: 0.04345433235168457


Epoch 48/120: Training Loss: 0.07894086341063182		 Val Loss: 0.09310348510742188
	     Training MAE Angle: 0.18211913108825684		 Val MAE Angle: 0.1957761001586914
            Training MSE Angle: 0.06368549168109894		 Val MSE Angle: 0.07882924556732178
	     Training MAE Shift: 0.028234558800856274		 Val MAE Shift: 0.02640244722366333
            Training Euclidean Shift: 0.04435489575068156	 Val Euclidean Shift: 0.041418509483337404


Epoch 49/120: Training Loss: 0.0793523093064626		 Val Loss: 0.08223665237426758
	     Training MAE Angle: 0.18510435024897257		 Val MAE Angle: 0.18912813186645508
            Training MSE Angle: 0.06548366943995158		 Val MSE Angle: 0.06743298053741455
	     Training MAE Shift: 0.02720072865486145		 Val MAE Shift: 0.027092077732086182
            Training Euclidean Shift: 0.042766496539115906	 Val Euclidean Shift: 0.042878241539001466


Epoch 50/120: Training Loss: 0.07811110715071361		 Val Loss: 0.07652614116668702
	     Training MAE Angle: 0.180169939994812		 Val MAE Angle: 0.18048791885375975
            Training MSE Angle: 0.06349455813566844		 Val MSE Angle: 0.06320678234100342
	     Training MAE Shift: 0.02751551816860835		 Val MAE Shift: 0.02607286214828491
            Training Euclidean Shift: 0.04326959947745005	 Val Euclidean Shift: 0.04106264591217041


Epoch 51/120: Training Loss: 0.07970704138278961		 Val Loss: 0.08987054824829102
	     Training MAE Angle: 0.18146761258443198		 Val MAE Angle: 0.1924481964111328
            Training MSE Angle: 0.0642568568388621		 Val MSE Angle: 0.07146971702575683
	     Training MAE Shift: 0.027049392461776733		 Val MAE Shift: 0.031109418869018555
            Training Euclidean Shift: 0.042757163445154824	 Val Euclidean Shift: 0.04893958568572998


Epoch 52/120: Training Loss: 0.07985001305739085		 Val Loss: 0.08442638397216796
	     Training MAE Angle: 0.1833973526954651		 Val MAE Angle: 0.19325761795043944
            Training MSE Angle: 0.06456711391607921		 Val MSE Angle: 0.06923225402832031
	     Training MAE Shift: 0.028013241787751515		 Val MAE Shift: 0.028077986240386963
            Training Euclidean Shift: 0.04397555689016978	 Val Euclidean Shift: 0.044104909896850585


Epoch 53/120: Training Loss: 0.08730912208557129		 Val Loss: 0.16905893325805665
	     Training MAE Angle: 0.18604360024134317		 Val MAE Angle: 0.254885311126709
            Training MSE Angle: 0.06779803335666656		 Val MSE Angle: 0.11073053359985352
	     Training MAE Shift: 0.030570991337299347		 Val MAE Shift: 0.056917572021484376
            Training Euclidean Shift: 0.048027013738950096	 Val Euclidean Shift: 0.08940910339355469


Epoch 54/120: Training Loss: 0.11147786180178325		 Val Loss: 0.11017900466918945
	     Training MAE Angle: 0.2058398723602295		 Val MAE Angle: 0.1871761131286621
            Training MSE Angle: 0.07845704257488251		 Val MSE Angle: 0.06981603622436523
	     Training MAE Shift: 0.04135310649871826		 Val MAE Shift: 0.04376943588256836
            Training Euclidean Shift: 0.06495813031991322	 Val Euclidean Shift: 0.06874478816986083


Epoch 55/120: Training Loss: 0.0842409332593282		 Val Loss: 0.08947612762451172
	     Training MAE Angle: 0.1834206978480021		 Val MAE Angle: 0.1920613479614258
            Training MSE Angle: 0.06450758377710979		 Val MSE Angle: 0.07297000885009766
	     Training MAE Shift: 0.0316152349114418		 Val MAE Shift: 0.029527993202209474
            Training Euclidean Shift: 0.04985735317071279	 Val Euclidean Shift: 0.04670021533966064


Epoch 56/120: Training Loss: 0.08330167829990387		 Val Loss: 0.08225266456604004
	     Training MAE Angle: 0.18313982089360556		 Val MAE Angle: 0.17745233535766602
            Training MSE Angle: 0.06473769247531891		 Val MSE Angle: 0.06072736263275146
	     Training MAE Shift: 0.031049417952696483		 Val MAE Shift: 0.032457947731018066
            Training Euclidean Shift: 0.04883339007695516	 Val Euclidean Shift: 0.0512054443359375


Epoch 57/120: Training Loss: 0.0807560384273529		 Val Loss: 0.08084015846252442
	     Training MAE Angle: 0.1785706877708435		 Val MAE Angle: 0.1791250991821289
            Training MSE Angle: 0.06282664338747661		 Val MSE Angle: 0.06292039394378662
	     Training MAE Shift: 0.029868173102537792		 Val MAE Shift: 0.029658513069152834
            Training Euclidean Shift: 0.04700125753879547	 Val Euclidean Shift: 0.04680359840393066


Epoch 58/120: Training Loss: 0.08561040957768758		 Val Loss: 0.08693852424621581
	     Training MAE Angle: 0.18433811267217		 Val MAE Angle: 0.1838948631286621
            Training MSE Angle: 0.06620381772518158		 Val MSE Angle: 0.06779341220855713
	     Training MAE Shift: 0.0314293106396993		 Val MAE Shift: 0.030079903602600096
            Training Euclidean Shift: 0.04946281512578329	 Val Euclidean Shift: 0.0476241397857666


###########################################################################################################################################################

                        __2 learning rate: 6e-05,  mlp_hidden_sizes: [1024, 512], batch_size: 32, norm: True, alpha: 10, avg embeddings: True, 
                        crop: 224 resize: 256, use conv: False pretrained: None, seed: 42, angle range: 90, shift range: 100, 
                        train length: 6144, val length: 780, test length: 780, get old path: False


##### CONTINUE TRAINING #####

Epoch 59/120: Training Loss: 0.07550619045893352		 Val Loss: 0.08803661346435547
	     Training MAE Angle: 0.17708269755045572		 Val MAE Angle: 0.19113954544067382
            Training MSE Angle: 0.061059599121411644		 Val MSE Angle: 0.07257747173309326
	     Training MAE Shift: 0.02742741008599599		 Val MAE Shift: 0.027287869453430175
            Training Euclidean Shift: 0.04310054580370585	 Val Euclidean Shift: 0.043285064697265625


Epoch 60/120: Training Loss: 0.0719374418258667		 Val Loss: 0.07264554500579834
	     Training MAE Angle: 0.17140634854634604		 Val MAE Angle: 0.16801610946655274
            Training MSE Angle: 0.058557396133740745		 Val MSE Angle: 0.05572276592254639
	     Training MAE Shift: 0.026346951723098755		 Val MAE Shift: 0.027522928714752197
            Training Euclidean Shift: 0.041459461053212486	 Val Euclidean Shift: 0.04336819171905518


Epoch 61/120: Training Loss: 0.08537095785140991		 Val Loss: 0.10861164093017578
	     Training MAE Angle: 0.180580735206604		 Val MAE Angle: 0.20392038345336913
            Training MSE Angle: 0.06422592202822368		 Val MSE Angle: 0.07632825851440429
	     Training MAE Shift: 0.031140382091204327		 Val MAE Shift: 0.04345465660095215
            Training Euclidean Shift: 0.049018154541651406	 Val Euclidean Shift: 0.06783972263336181


Epoch 62/120: Training Loss: 0.08941542108853658		 Val Loss: 0.0808457088470459
	     Training MAE Angle: 0.18359734614690146		 Val MAE Angle: 0.17373424530029297
            Training MSE Angle: 0.06536292533079784		 Val MSE Angle: 0.05810887813568115
	     Training MAE Shift: 0.03506478170553843		 Val MAE Shift: 0.03428672075271606
            Training Euclidean Shift: 0.05519903699556986	 Val Euclidean Shift: 0.05450890064239502


Epoch 63/120: Training Loss: 0.08068930109341939		 Val Loss: 0.08677409172058105
	     Training MAE Angle: 0.17793981234232584		 Val MAE Angle: 0.17913679122924805
            Training MSE Angle: 0.06222998102506002		 Val MSE Angle: 0.06358957767486573
	     Training MAE Shift: 0.030966865519682567		 Val MAE Shift: 0.032999556064605716
            Training Euclidean Shift: 0.04877462983131409	 Val Euclidean Shift: 0.052213430404663086


Epoch 64/120: Training Loss: 0.07219636936982472		 Val Loss: 0.08804057121276855
	     Training MAE Angle: 0.17025993267695108		 Val MAE Angle: 0.17700326919555665
            Training MSE Angle: 0.05696470538775126		 Val MSE Angle: 0.06655721664428711
	     Training MAE Shift: 0.028284577031930287		 Val MAE Shift: 0.034024133682250976
            Training Euclidean Shift: 0.04457501073678335	 Val Euclidean Shift: 0.05379762649536133


Epoch 65/120: Training Loss: 0.10100047787030537		 Val Loss: 0.09182722091674805
	     Training MAE Angle: 0.18682960669199625		 Val MAE Angle: 0.18119997024536133
            Training MSE Angle: 0.06798781951268514		 Val MSE Angle: 0.06389403820037842
	     Training MAE Shift: 0.039893818398316704		 Val MAE Shift: 0.03679001331329346
            Training Euclidean Shift: 0.06260168055693309	 Val Euclidean Shift: 0.057733287811279295


Epoch 66/120: Training Loss: 0.07736681898434956		 Val Loss: 0.08447320938110352
	     Training MAE Angle: 0.17265953620274863		 Val MAE Angle: 0.179367618560791
            Training MSE Angle: 0.05888417363166809		 Val MSE Angle: 0.0669956636428833
	     Training MAE Shift: 0.030515169103940327		 Val MAE Shift: 0.0285811710357666
            Training Euclidean Shift: 0.047963082790374756	 Val Euclidean Shift: 0.045183939933776854


Epoch 67/120: Training Loss: 0.07143355409304301		 Val Loss: 0.06622059345245361
	     Training MAE Angle: 0.16800196965535483		 Val MAE Angle: 0.16070764541625976
            Training MSE Angle: 0.0574457049369812		 Val MSE Angle: 0.05165661334991455
	     Training MAE Shift: 0.027115948498249054		 Val MAE Shift: 0.02571742534637451
            Training Euclidean Shift: 0.04275405903657278	 Val Euclidean Shift: 0.040408239364624024


Epoch 68/120: Training Loss: 0.07272568841775258		 Val Loss: 0.08118099212646485
	     Training MAE Angle: 0.16911009947458902		 Val MAE Angle: 0.18129970550537108
            Training MSE Angle: 0.056735669573148094		 Val MSE Angle: 0.06433268547058106
	     Training MAE Shift: 0.02748216688632965		 Val MAE Shift: 0.029095711708068846
            Training Euclidean Shift: 0.04326784114042918	 Val Euclidean Shift: 0.0457000732421875


Epoch 69/120: Training Loss: 0.06893099844455719		 Val Loss: 0.07966340065002442
	     Training MAE Angle: 0.16710438330968222		 Val MAE Angle: 0.17381349563598633
            Training MSE Angle: 0.056572397549947105		 Val MSE Angle: 0.06467567443847656
	     Training MAE Shift: 0.025814153254032135		 Val MAE Shift: 0.02708737850189209
            Training Euclidean Shift: 0.04052878667910894	 Val Euclidean Shift: 0.04281758785247803


Epoch 70/120: Training Loss: 0.07173895339171092		 Val Loss: 0.06375130653381347
	     Training MAE Angle: 0.16570229331652322		 Val MAE Angle: 0.1586076831817627
            Training MSE Angle: 0.05588676035404205		 Val MSE Angle: 0.049300918579101564
	     Training MAE Shift: 0.02820414553085963		 Val MAE Shift: 0.02690486192703247
            Training Euclidean Shift: 0.04436888297398885	 Val Euclidean Shift: 0.04224887847900391


Epoch 71/120: Training Loss: 0.07787505785624187		 Val Loss: 0.09439080238342284
	     Training MAE Angle: 0.16717795530954996		 Val MAE Angle: 0.170584774017334
            Training MSE Angle: 0.055829053123792015		 Val MSE Angle: 0.059258127212524415
	     Training MAE Shift: 0.03226821621259054		 Val MAE Shift: 0.04008881092071533
            Training Euclidean Shift: 0.050590842962265015	 Val Euclidean Shift: 0.0633221673965454


Epoch 72/120: Training Loss: 0.08379122614860535		 Val Loss: 0.07099911689758301
	     Training MAE Angle: 0.17305288712183634		 Val MAE Angle: 0.16855823516845703
            Training MSE Angle: 0.059638659159342446		 Val MSE Angle: 0.054283366203308106
	     Training MAE Shift: 0.03435438623030981		 Val MAE Shift: 0.03006080389022827
            Training Euclidean Shift: 0.054074774185816445	 Val Euclidean Shift: 0.04750269889831543


Epoch 73/120: Training Loss: 0.0736516962448756		 Val Loss: 0.058969311714172364
	     Training MAE Angle: 0.1669905185699463		 Val MAE Angle: 0.14608640670776368
            Training MSE Angle: 0.05635107556978861		 Val MSE Angle: 0.04285780429840088
	     Training MAE Shift: 0.02960747480392456		 Val MAE Shift: 0.027981438636779786
            Training Euclidean Shift: 0.04648954669634501	 Val Euclidean Shift: 0.04418273448944092


Epoch 74/120: Training Loss: 0.06444778045018514		 Val Loss: 0.06433615684509278
	     Training MAE Angle: 0.16174145539601645		 Val MAE Angle: 0.1621446990966797
            Training MSE Angle: 0.05228687822818756		 Val MSE Angle: 0.05137539386749267
	     Training MAE Shift: 0.02507736285527547		 Val MAE Shift: 0.02462043523788452
            Training Euclidean Shift: 0.03943166136741638	 Val Euclidean Shift: 0.038699567317962646


Epoch 75/120: Training Loss: 0.0649190495411555		 Val Loss: 0.06478390693664551
	     Training MAE Angle: 0.15938357512156168		 Val MAE Angle: 0.15905832290649413
            Training MSE Angle: 0.05128722389539083		 Val MSE Angle: 0.051028165817260746
	     Training MAE Shift: 0.02586188167333603		 Val MAE Shift: 0.026012418270111085
            Training Euclidean Shift: 0.04069282114505768	 Val Euclidean Shift: 0.04112799644470215


Epoch 76/120: Training Loss: 0.06599606573581696		 Val Loss: 0.06649184226989746
	     Training MAE Angle: 0.15895398457845053		 Val MAE Angle: 0.15977310180664062
            Training MSE Angle: 0.051382934053738914		 Val MSE Angle: 0.051027531623840335
	     Training MAE Shift: 0.026154177884260815		 Val MAE Shift: 0.026699094772338866
            Training Euclidean Shift: 0.04109399765729904	 Val Euclidean Shift: 0.04212986946105957


Epoch 77/120: Training Loss: 0.06072732309500376		 Val Loss: 0.06824581146240234
	     Training MAE Angle: 0.1512973109881083		 Val MAE Angle: 0.1640083122253418
            Training MSE Angle: 0.048298110564549766		 Val MSE Angle: 0.05565742969512939
	     Training MAE Shift: 0.02442314475774765		 Val MAE Shift: 0.026398444175720216
            Training Euclidean Shift: 0.03854280710220337	 Val Euclidean Shift: 0.041505355834960934


Epoch 78/120: Training Loss: 0.06195266544818878		 Val Loss: 0.0675064754486084
	     Training MAE Angle: 0.1530254582564036		 Val MAE Angle: 0.15053208351135253
            Training MSE Angle: 0.048966556787490845		 Val MSE Angle: 0.05134489059448242
	     Training MAE Shift: 0.025241489211718243		 Val MAE Shift: 0.028840773105621338
            Training Euclidean Shift: 0.03971382478872935	 Val Euclidean Shift: 0.04507967948913574


Epoch 79/120: Training Loss: 0.060274913907051086		 Val Loss: 0.060841488838195804
	     Training MAE Angle: 0.15099194645881653		 Val MAE Angle: 0.1524946403503418
            Training MSE Angle: 0.04838213324546814		 Val MSE Angle: 0.04753440380096435
	     Training MAE Shift: 0.024517173568407696		 Val MAE Shift: 0.025065741539001464
            Training Euclidean Shift: 0.038599749406178795	 Val Euclidean Shift: 0.03959858894348144


Epoch 80/120: Training Loss: 0.059196844696998596		 Val Loss: 0.06001920223236084
	     Training MAE Angle: 0.15208405256271362		 Val MAE Angle: 0.15685182571411133
            Training MSE Angle: 0.047344004114468895		 Val MSE Angle: 0.04868133544921875
	     Training MAE Shift: 0.024317627151807148		 Val MAE Shift: 0.0234303617477417
            Training Euclidean Shift: 0.03832774609327316	 Val Euclidean Shift: 0.03697339296340942


Epoch 81/120: Training Loss: 0.059179176886876426		 Val Loss: 0.06282103061676025
	     Training MAE Angle: 0.15352529287338257		 Val MAE Angle: 0.15081915855407715
            Training MSE Angle: 0.04818849762280782		 Val MSE Angle: 0.04844845294952393
	     Training MAE Shift: 0.023965326448281605		 Val MAE Shift: 0.02604121446609497
            Training Euclidean Shift: 0.037738981346289315	 Val Euclidean Shift: 0.040903263092041016


Epoch 82/120: Training Loss: 0.057056610782941185		 Val Loss: 0.05834712028503418
	     Training MAE Angle: 0.14940181374549866		 Val MAE Angle: 0.14978946685791017
            Training MSE Angle: 0.04618347684542338		 Val MSE Angle: 0.04464139938354492
	     Training MAE Shift: 0.023625768721103668		 Val MAE Shift: 0.024363911151885985
            Training Euclidean Shift: 0.037123950819174446	 Val Euclidean Shift: 0.03822557926177979


Epoch 83/120: Training Loss: 0.08857564131418864		 Val Loss: 0.11451303482055664
	     Training MAE Angle: 0.16637810071309408		 Val MAE Angle: 0.19282447814941406
            Training MSE Angle: 0.05670250952243805		 Val MSE Angle: 0.07161262512207031
	     Training MAE Shift: 0.033624231815338135		 Val MAE Shift: 0.04876626491546631
            Training Euclidean Shift: 0.052764639258384705	 Val Euclidean Shift: 0.07654236793518067


Epoch 84/120: Training Loss: 0.11412632465362549		 Val Loss: 0.09236841201782227
	     Training MAE Angle: 0.18790153662363687		 Val MAE Angle: 0.17733890533447266
            Training MSE Angle: 0.06952444712320964		 Val MSE Angle: 0.06194351196289063
	     Training MAE Shift: 0.043620362877845764		 Val MAE Shift: 0.04150478363037109
            Training Euclidean Shift: 0.06827534238497417	 Val Euclidean Shift: 0.06514552116394043


Epoch 85/120: Training Loss: 0.07413457334041595		 Val Loss: 0.06552077293395996
	     Training MAE Angle: 0.1653069257736206		 Val MAE Angle: 0.15623671531677247
            Training MSE Angle: 0.05537236233552297		 Val MSE Angle: 0.049663300514221194
	     Training MAE Shift: 0.031476194659868874		 Val MAE Shift: 0.028403258323669432
            Training Euclidean Shift: 0.04944633444150289	 Val Euclidean Shift: 0.0448790168762207


Epoch 86/120: Training Loss: 0.06682868798573811		 Val Loss: 0.07443181037902832
	     Training MAE Angle: 0.1579293409983317		 Val MAE Angle: 0.16731266021728516
            Training MSE Angle: 0.051709393660227455		 Val MSE Angle: 0.05627189636230469
	     Training MAE Shift: 0.027609420319398243		 Val MAE Shift: 0.028650379180908202
            Training Euclidean Shift: 0.04345565537611643	 Val Euclidean Shift: 0.04507079124450684


Epoch 87/120: Training Loss: 0.07960234582424164		 Val Loss: 0.060380992889404295
	     Training MAE Angle: 0.1632847785949707		 Val MAE Angle: 0.14561652183532714
            Training MSE Angle: 0.05378284056981405		 Val MSE Angle: 0.04354740142822266
	     Training MAE Shift: 0.034645356237888336		 Val MAE Shift: 0.029272522926330567
            Training Euclidean Shift: 0.05431152880191803	 Val Euclidean Shift: 0.04612419128417969


Epoch 88/120: Training Loss: 0.05781566600004832		 Val Loss: 0.06177114009857178
	     Training MAE Angle: 0.149379163980484		 Val MAE Angle: 0.14924582481384277
            Training MSE Angle: 0.04468692342440287		 Val MSE Angle: 0.049643454551696775
	     Training MAE Shift: 0.026109973589579265		 Val MAE Shift: 0.024976136684417723
            Training Euclidean Shift: 0.04118458181619644	 Val Euclidean Shift: 0.03940576553344727


Epoch 89/120: Training Loss: 0.05770218372344971		 Val Loss: 0.058558602333068845
	     Training MAE Angle: 0.1470452348391215		 Val MAE Angle: 0.14816271781921386
            Training MSE Angle: 0.04502144455909729		 Val MSE Angle: 0.045712342262268064
	     Training MAE Shift: 0.025420819719632465		 Val MAE Shift: 0.025526247024536132
            Training Euclidean Shift: 0.040009583036104836	 Val Euclidean Shift: 0.040210394859313964


Epoch 90/120: Training Loss: 0.06125700970490774		 Val Loss: 0.056605963706970214
	     Training MAE Angle: 0.14996428291002908		 Val MAE Angle: 0.14862313270568847
            Training MSE Angle: 0.04712668061256409		 Val MSE Angle: 0.042616233825683594
	     Training MAE Shift: 0.02637014041344325		 Val MAE Shift: 0.02494433641433716
            Training Euclidean Shift: 0.04166091978549957	 Val Euclidean Shift: 0.03929695129394531


Epoch 91/120: Training Loss: 0.05426856875419617		 Val Loss: 0.05697181701660156
	     Training MAE Angle: 0.14488143722216287		 Val MAE Angle: 0.14983962059020997
            Training MSE Angle: 0.043582573533058167		 Val MSE Angle: 0.04389326572418213
	     Training MAE Shift: 0.02362744261821111		 Val MAE Shift: 0.02544940948486328
            Training Euclidean Shift: 0.03721509128808975	 Val Euclidean Shift: 0.03996981382369995


Epoch 92/120: Training Loss: 0.05551215012868246		 Val Loss: 0.05779025554656982
	     Training MAE Angle: 0.14454731345176697		 Val MAE Angle: 0.14887470245361328
            Training MSE Angle: 0.04327651858329773		 Val MSE Angle: 0.04396256923675537
	     Training MAE Shift: 0.024823990960915882		 Val MAE Shift: 0.025752553939819334
            Training Euclidean Shift: 0.039204868177572884	 Val Euclidean Shift: 0.040769858360290526


Epoch 93/120: Training Loss: 0.05932057400544485		 Val Loss: 0.05424021244049072
	     Training MAE Angle: 0.14760618408521017		 Val MAE Angle: 0.13879844665527344
            Training MSE Angle: 0.045395031571388245		 Val MSE Angle: 0.040591645240783694
	     Training MAE Shift: 0.026142172515392303		 Val MAE Shift: 0.027057957649230958
            Training Euclidean Shift: 0.04113877316315969	 Val Euclidean Shift: 0.04250922679901123


0. Nan in x1_embeddings
 tensor([[[[-0.1828, -0.1314, -0.1143,  ..., -1.7754, -1.7069, -1.7240],
          [-0.1828, -0.1143, -0.0458,  ..., -1.7754, -1.7412, -1.8268],
          [-0.1486, -0.0801, -0.0629,  ..., -1.7925, -1.6727, -1.7069],
          ...,
          [-1.5699, -1.6213, -1.6727,  ..., -1.7240, -1.7412, -1.7069],
          [-1.5357, -1.6042, -1.6898,  ..., -1.7412, -1.8097, -1.7925],
          [-1.4843, -1.5699, -1.6555,  ..., -1.5870, -1.6213, -1.6727]],

         [[-0.0574, -0.0049,  0.0126,  ..., -1.6856, -1.6155, -1.6331],
          [-0.0574,  0.0126,  0.0826,  ..., -1.6856, -1.6506, -1.7381],
          [-0.0224,  0.0476,  0.0651,  ..., -1.7031, -1.5805, -1.6155],
          ...,
          [-1.4755, -1.5280, -1.5805,  ..., -1.6331, -1.6506, -1.6155],
          [-1.4405, -1.5105, -1.5980,  ..., -1.6506, -1.7206, -1.7031],
          [-1.3880, -1.4755, -1.5630,  ..., -1.4930, -1.5280, -1.5805]],

         [[ 0.1651,  0.2173,  0.2348,  ..., -1.4559, -1.3861, -1.4036],
          [ 0.1651,  0.2348,  0.3045,  ..., -1.4559, -1.4210, -1.5081],
          [ 0.1999,  0.2696,  0.2871,  ..., -1.4733, -1.3513, -1.3861],
          ...,
          [-1.2467, -1.2990, -1.3513,  ..., -1.4036, -1.4210, -1.3861],
          [-1.2119, -1.2816, -1.3687,  ..., -1.4210, -1.4907, -1.4733],
          [-1.1596, -1.2467, -1.3339,  ..., -1.2641, -1.2990, -1.3513]]],


        [[[-1.1247, -1.2445, -1.2274,  ...,  0.0227,  0.0227, -0.0629],
          [-1.1075, -1.2445, -1.2445,  ...,  0.0741,  0.0569, -0.0287],
          [-1.1418, -1.2274, -1.2617,  ...,  0.0227, -0.0287, -0.0972],
          ...,
          [-0.7308, -0.7650, -0.7993,  ..., -1.1418, -1.5699, -1.9295],
          [-0.8507, -0.8335, -0.8507,  ..., -1.2617, -1.5870, -1.9638],
          [-0.8678, -0.8678, -0.9192,  ..., -1.2617, -1.5870, -1.9809]],

         [[-1.0203, -1.1429, -1.1253,  ...,  0.1527,  0.1527,  0.0651],
          [-1.0028, -1.1429, -1.1429,  ...,  0.2052,  0.1877,  0.1001],
          [-1.0378, -1.1253, -1.1604,  ...,  0.1527,  0.1001,  0.0301],
          ...,
          [-0.6176, -0.6527, -0.6877,  ..., -1.0378, -1.4755, -1.8431],
          [-0.7402, -0.7227, -0.7402,  ..., -1.1604, -1.4930, -1.8782],
          [-0.7577, -0.7577, -0.8102,  ..., -1.1604, -1.4930, -1.8957]],

         [[-0.7936, -0.9156, -0.8981,  ...,  0.3742,  0.3742,  0.2871],
          [-0.7761, -0.9156, -0.9156,  ...,  0.4265,  0.4091,  0.3219],
          [-0.8110, -0.8981, -0.9330,  ...,  0.3742,  0.3219,  0.2522],
          ...,
          [-0.3927, -0.4275, -0.4624,  ..., -0.8110, -1.2467, -1.6127],
          [-0.5147, -0.4973, -0.5147,  ..., -0.9330, -1.2641, -1.6476],
          [-0.5321, -0.5321, -0.5844,  ..., -0.9330, -1.2641, -1.6650]]],


        [[[ 1.0159, -0.0629, -0.2171,  ..., -0.0458, -0.0972, -0.0629],
          [ 0.9646,  1.0159,  0.1768,  ..., -0.0801, -0.0287, -0.1657],
          [-0.2513,  0.9646,  1.0159,  ..., -0.2171, -0.0458, -0.0801],
          ...,
          [ 0.1768,  0.2453, -0.0972,  ..., -0.7650, -1.0562, -0.4568],
          [-0.6281, -0.1143, -0.4568,  ..., -0.7993, -1.2274, -0.9192],
          [-1.1075, -0.0972, -0.0116,  ..., -0.9363, -1.1247, -1.1932]],

         [[ 1.1681,  0.0651, -0.0924,  ...,  0.0826,  0.0301,  0.0651],
          [ 1.1155,  1.1681,  0.3102,  ...,  0.0476,  0.1001, -0.0399],
          [-0.1275,  1.1155,  1.1681,  ..., -0.0924,  0.0826,  0.0476],
          ...,
          [ 0.3102,  0.3803,  0.0301,  ..., -0.6527, -0.9503, -0.3375],
          [-0.5126,  0.0126, -0.3375,  ..., -0.6877, -1.1253, -0.8102],
          [-1.0028,  0.0301,  0.1176,  ..., -0.8277, -1.0203, -1.0903]],

         [[ 1.3851,  0.2871,  0.1302,  ...,  0.3045,  0.2522,  0.2871],
          [ 1.3328,  1.3851,  0.5311,  ...,  0.2696,  0.3219,  0.1825],
          [ 0.0953,  1.3328,  1.3851,  ...,  0.1302,  0.3045,  0.2696],
          ...,
          [ 0.5311,  0.6008,  0.2522,  ..., -0.4275, -0.7238, -0.1138],
          [-0.2881,  0.2348, -0.1138,  ..., -0.4624, -0.8981, -0.5844],
          [-0.7761,  0.2522,  0.3393,  ..., -0.6018, -0.7936, -0.8633]]],


        ...,


        [[[-0.1486,  0.6906,  0.2624,  ..., -0.4397, -0.3541, -0.2684],
          [-0.4568, -0.3883, -0.4568,  ..., -0.8164, -0.7993, -0.7308],
          [-0.6965, -1.1589, -1.0219,  ..., -0.7650, -0.7479, -0.7137],
          ...,
          [-1.6384, -1.8268, -1.6727,  ..., -0.6965, -0.7137, -0.7479],
          [-1.7069, -1.7583, -1.7412,  ..., -0.7479, -0.7137, -0.7479],
          [-1.7925, -1.6555, -1.6898,  ..., -0.9363, -0.9192, -0.9020]],

         [[-0.0224,  0.8354,  0.3978,  ..., -0.3200, -0.2325, -0.1450],
          [-0.3375, -0.2675, -0.3375,  ..., -0.7052, -0.6877, -0.6176],
          [-0.5826, -1.0553, -0.9153,  ..., -0.6527, -0.6352, -0.6001],
          ...,
          [-1.5455, -1.7381, -1.5805,  ..., -0.5826, -0.6001, -0.6352],
          [-1.6155, -1.6681, -1.6506,  ..., -0.6352, -0.6001, -0.6352],
          [-1.7031, -1.5630, -1.5980,  ..., -0.8277, -0.8102, -0.7927]],

         [[ 0.1999,  1.0539,  0.6182,  ..., -0.0964, -0.0092,  0.0779],
          [-0.1138, -0.0441, -0.1138,  ..., -0.4798, -0.4624, -0.3927],
          [-0.3578, -0.8284, -0.6890,  ..., -0.4275, -0.4101, -0.3753],
          ...,
          [-1.3164, -1.5081, -1.3513,  ..., -0.3578, -0.3753, -0.4101],
          [-1.3861, -1.4384, -1.4210,  ..., -0.4101, -0.3753, -0.4101],
          [-1.4733, -1.3339, -1.3687,  ..., -0.6018, -0.5844, -0.5670]]],


        [[[ 0.1939, -0.0629, -0.0116,  ...,  0.3994,  0.8276,  0.9303],
          [-0.1486, -0.5253, -0.4054,  ...,  0.9646,  1.1358,  0.7248],
          [ 0.0398, -0.2342, -0.1999,  ...,  1.3413,  0.8789,  0.5878],
          ...,
          [-0.1143,  0.1597,  0.4851,  ..., -0.4911, -0.2171, -0.1657],
          [-0.4911, -0.2684,  0.5878,  ..., -0.8507, -0.9020, -1.3644],
          [-1.0904, -0.4739, -0.2171,  ..., -0.5767, -0.8678, -1.2959]],

         [[ 0.3277,  0.0651,  0.1176,  ...,  0.5378,  0.9755,  1.0805],
          [-0.0224, -0.4076, -0.2850,  ...,  1.1155,  1.2906,  0.8704],
          [ 0.1702, -0.1099, -0.0749,  ...,  1.5007,  1.0280,  0.7304],
          ...,
          [ 0.0126,  0.2927,  0.6254,  ..., -0.3725, -0.0924, -0.0399],
          [-0.3725, -0.1450,  0.7304,  ..., -0.7402, -0.7927, -1.2654],
          [-0.9853, -0.3550, -0.0924,  ..., -0.4601, -0.7577, -1.1954]],

         [[ 0.5485,  0.2871,  0.3393,  ...,  0.7576,  1.1934,  1.2980],
          [ 0.1999, -0.1835, -0.0615,  ...,  1.3328,  1.5071,  1.0888],
          [ 0.3916,  0.1128,  0.1476,  ...,  1.7163,  1.2457,  0.9494],
          ...,
          [ 0.2348,  0.5136,  0.8448,  ..., -0.1487,  0.1302,  0.1825],
          [-0.1487,  0.0779,  0.9494,  ..., -0.5147, -0.5670, -1.0376],
          [-0.7587, -0.1312,  0.1302,  ..., -0.2358, -0.5321, -0.9678]]],


        [[[-0.2856, -0.2684, -0.2342,  ..., -0.9192, -0.9534, -0.9877],
          [-0.0629, -0.0287, -0.0116,  ..., -0.8335, -0.8507, -0.8849],
          [ 0.0398,  0.0056, -0.0629,  ..., -0.7822, -0.7993, -0.7650],
          ...,
          [ 0.6906,  0.7077,  0.7077,  ...,  0.2967,  0.2796,  0.2796],
          [ 0.6906,  0.7077,  0.7077,  ...,  0.2796,  0.2796,  0.2796],
          [ 0.6906,  0.7077,  0.7077,  ...,  0.2624,  0.2624,  0.2796]],

         [[-0.1625, -0.1450, -0.1099,  ..., -0.8102, -0.8452, -0.8803],
          [ 0.0651,  0.1001,  0.1176,  ..., -0.7227, -0.7402, -0.7752],
          [ 0.1702,  0.1352,  0.0651,  ..., -0.6702, -0.6877, -0.6527],
          ...,
          [ 0.8354,  0.8529,  0.8529,  ...,  0.4328,  0.4153,  0.4153],
          [ 0.8354,  0.8529,  0.8529,  ...,  0.4153,  0.4153,  0.4153],
          [ 0.8354,  0.8529,  0.8529,  ...,  0.3978,  0.3978,  0.4153]],

         [[ 0.0605,  0.0779,  0.1128,  ..., -0.5844, -0.6193, -0.6541],
          [ 0.2871,  0.3219,  0.3393,  ..., -0.4973, -0.5147, -0.5495],
          [ 0.3916,  0.3568,  0.2871,  ..., -0.4450, -0.4624, -0.4275],
          ...,
          [ 1.0539,  1.0714,  1.0714,  ...,  0.6531,  0.6356,  0.6356],
          [ 1.0539,  1.0714,  1.0714,  ...,  0.6356,  0.6356,  0.6356],
          [ 1.0539,  1.0714,  1.0714,  ...,  0.6182,  0.6182,  0.6356]]]],
       device='cuda:0')## TEST RESULTS: ##
Test Loss: 0.05546350032091141 
Test MAE Shift: 0.026557255536317825		 Test Euclidean Shift: 0.041783709079027176
Test MAE Angle: 0.13949140906333923		 Test MSE Angle: 0.04026414826512337

###########################################################################################################################################################

                        __2 learning rate: 6e-05,  mlp_hidden_sizes: [1024, 512], batch_size: 32, norm: True, alpha: 10, avg embeddings: True, 
                        crop: 224 resize: 256, use conv: False pretrained: None, seed: 42, angle range: 90, shift range: 100, 
                        train length: 6144, val length: 780, test length: 780, get old path: False


##### CONTINUE TRAINING #####

Epoch 94/150: Training Loss: 0.05218029022216797		 Val Loss: 0.0666775369644165
	     Training MAE Angle: 0.14000643293062845		 Val MAE Angle: 0.15871354103088378
            Training MSE Angle: 0.04034840067227682		 Val MSE Angle: 0.05289454460144043
	     Training MAE Shift: 0.024412696560223896		 Val MAE Shift: 0.025584800243377684
            Training Euclidean Shift: 0.03840327262878418	 Val Euclidean Shift: 0.040680494308471676


Epoch 95/150: Training Loss: 0.05296861628691355		 Val Loss: 0.06446064472198486
	     Training MAE Angle: 0.14180530110994974		 Val MAE Angle: 0.15218804359436036
            Training MSE Angle: 0.0416857103506724		 Val MSE Angle: 0.04758108139038086
	     Training MAE Shift: 0.02411390592654546		 Val MAE Shift: 0.027350921630859375
            Training Euclidean Shift: 0.03798279662926992	 Val Euclidean Shift: 0.04311422824859619


Epoch 96/150: Training Loss: 0.05449913442134857		 Val Loss: 0.061410441398620605
	     Training MAE Angle: 0.13943976163864136		 Val MAE Angle: 0.15740195274353028
            Training MSE Angle: 0.04071000715096792		 Val MSE Angle: 0.04901823043823242
	     Training MAE Shift: 0.025899643699328106		 Val MAE Shift: 0.025353338718414307
            Training Euclidean Shift: 0.040799207985401154	 Val Euclidean Shift: 0.0398187255859375


Epoch 97/150: Training Loss: 0.04799500604470571		 Val Loss: 0.04846339702606201
	     Training MAE Angle: 0.1341680387655894		 Val MAE Angle: 0.13406641006469727
            Training MSE Angle: 0.037210275729497276		 Val MSE Angle: 0.0349689531326294
	     Training MAE Shift: 0.023212323586146038		 Val MAE Shift: 0.02412285089492798
            Training Euclidean Shift: 0.036539629101753235	 Val Euclidean Shift: 0.03808867454528809


Epoch 98/150: Training Loss: 0.04873026410738627		 Val Loss: 0.05314520835876465
	     Training MAE Angle: 0.13344624638557434		 Val MAE Angle: 0.13772809028625488
            Training MSE Angle: 0.037362990279992424		 Val MSE Angle: 0.039670343399047854
	     Training MAE Shift: 0.024051231642564137		 Val MAE Shift: 0.02546618938446045
            Training Euclidean Shift: 0.03780194620291392	 Val Euclidean Shift: 0.04032371997833252


Epoch 99/150: Training Loss: 0.045609106620152794		 Val Loss: 0.06095649242401123
	     Training MAE Angle: 0.13254267970720926		 Val MAE Angle: 0.1444420623779297
            Training MSE Angle: 0.035772678752740227		 Val MSE Angle: 0.04860185146331787
	     Training MAE Shift: 0.022846827904383343		 Val MAE Shift: 0.024627716541290284
            Training Euclidean Shift: 0.035994917154312134	 Val Euclidean Shift: 0.03906786680221558


Epoch 100/150: Training Loss: 0.04696731766064962		 Val Loss: 0.05382765293121338
	     Training MAE Angle: 0.13434947530428568		 Val MAE Angle: 0.14464303970336914
            Training MSE Angle: 0.03734890123208364		 Val MSE Angle: 0.043430204391479495
	     Training MAE Shift: 0.02255646139383316		 Val MAE Shift: 0.021841301918029785
            Training Euclidean Shift: 0.03555733462174734	 Val Euclidean Shift: 0.0343711519241333


Epoch 101/150: Training Loss: 0.048663963874181114		 Val Loss: 0.06159367561340332
	     Training MAE Angle: 0.13430238763491312		 Val MAE Angle: 0.15110356330871583
            Training MSE Angle: 0.037198404471079506		 Val MSE Angle: 0.04878890514373779
	     Training MAE Shift: 0.023662224411964417		 Val MAE Shift: 0.024551186561584473
            Training Euclidean Shift: 0.0373055562376976	 Val Euclidean Shift: 0.03864128589630127


Epoch 102/150: Training Loss: 0.04783691962560018		 Val Loss: 0.05021224021911621
	     Training MAE Angle: 0.13460851709047952		 Val MAE Angle: 0.13541319847106933
            Training MSE Angle: 0.037543984750906624		 Val MSE Angle: 0.038483080863952634
	     Training MAE Shift: 0.022996045649051666		 Val MAE Shift: 0.022867581844329833
            Training Euclidean Shift: 0.03626555452744166	 Val Euclidean Shift: 0.035792512893676756


Epoch 103/150: Training Loss: 0.048331583539644875		 Val Loss: 0.05583628177642822
	     Training MAE Angle: 0.13461915651957193		 Val MAE Angle: 0.14628703117370606
            Training MSE Angle: 0.037762708961963654		 Val MSE Angle: 0.044146728515625
	     Training MAE Shift: 0.022746530671914417		 Val MAE Shift: 0.02345822811126709
            Training Euclidean Shift: 0.03578595072031021	 Val Euclidean Shift: 0.0369096302986145


Epoch 104/150: Training Loss: 0.04570789635181427		 Val Loss: 0.06041694164276123
	     Training MAE Angle: 0.13240166505177817		 Val MAE Angle: 0.14429013252258302
            Training MSE Angle: 0.036077131827672325		 Val MSE Angle: 0.04687793731689453
	     Training MAE Shift: 0.022325046360492706		 Val MAE Shift: 0.024855906963348388
            Training Euclidean Shift: 0.03505508850018183	 Val Euclidean Shift: 0.03938206672668457


Epoch 105/150: Training Loss: 0.04721831281979879		 Val Loss: 0.04532142639160156
	     Training MAE Angle: 0.13195401430130005		 Val MAE Angle: 0.13370320320129395
            Training MSE Angle: 0.03652841846148173		 Val MSE Angle: 0.03489304542541504
	     Training MAE Shift: 0.023076191544532776		 Val MAE Shift: 0.022403268814086913
            Training Euclidean Shift: 0.03625777115424474	 Val Euclidean Shift: 0.03552322387695313


Epoch 106/150: Training Loss: 0.045592094461123146		 Val Loss: 0.05089878559112549
	     Training MAE Angle: 0.12954904635747275		 Val MAE Angle: 0.13587114334106445
            Training MSE Angle: 0.03488876670598984		 Val MSE Angle: 0.037485496997833254
	     Training MAE Shift: 0.02298153688510259		 Val MAE Shift: 0.025206048488616944
            Training Euclidean Shift: 0.036193410555521645	 Val Euclidean Shift: 0.03963134765625


Epoch 107/150: Training Loss: 0.045100520054499306		 Val Loss: 0.04186874866485596
	     Training MAE Angle: 0.13017918666203818		 Val MAE Angle: 0.12984421730041504
            Training MSE Angle: 0.0355590358376503		 Val MSE Angle: 0.03301588773727417
	     Training MAE Shift: 0.022135227918624878		 Val MAE Shift: 0.021801788806915284
            Training Euclidean Shift: 0.03478378554185232	 Val Euclidean Shift: 0.0344465708732605


Epoch 108/150: Training Loss: 0.046239306529363		 Val Loss: 0.044802312850952146
	     Training MAE Angle: 0.13177098830540976		 Val MAE Angle: 0.12364564895629883
            Training MSE Angle: 0.03681852171818415		 Val MSE Angle: 0.03251863479614258
	     Training MAE Shift: 0.021937777598698933		 Val MAE Shift: 0.025817339420318604
            Training Euclidean Shift: 0.034443050622940063	 Val Euclidean Shift: 0.04091258525848389


Epoch 109/150: Training Loss: 0.04341910779476166		 Val Loss: 0.04644504070281982
	     Training MAE Angle: 0.12851284941037497		 Val MAE Angle: 0.13440629005432128
            Training MSE Angle: 0.03430671741565069		 Val MSE Angle: 0.03590259075164795
	     Training MAE Shift: 0.021784017483393352		 Val MAE Shift: 0.020983076095581053
            Training Euclidean Shift: 0.034288980066776276	 Val Euclidean Shift: 0.033174476623535155


Epoch 110/150: Training Loss: 0.043931360046068825		 Val Loss: 0.050303797721862796
	     Training MAE Angle: 0.12914705276489258		 Val MAE Angle: 0.13965851783752442
            Training MSE Angle: 0.03438862164815267		 Val MSE Angle: 0.03883212566375732
	     Training MAE Shift: 0.02208982656399409		 Val MAE Shift: 0.022303617000579833
            Training Euclidean Shift: 0.034733742475509644	 Val Euclidean Shift: 0.035294678211212155


Epoch 111/150: Training Loss: 0.04203036427497864		 Val Loss: 0.048515300750732425
	     Training MAE Angle: 0.1277093787988027		 Val MAE Angle: 0.1354341411590576
            Training MSE Angle: 0.033335477113723755		 Val MSE Angle: 0.03739228010177612
	     Training MAE Shift: 0.0212357093890508		 Val MAE Shift: 0.022095465660095216
            Training Euclidean Shift: 0.03342568874359131	 Val Euclidean Shift: 0.034774770736694334


Epoch 112/150: Training Loss: 0.04234060148398081		 Val Loss: 0.05249309539794922
	     Training MAE Angle: 0.1259401043256124		 Val MAE Angle: 0.14347647666931151
            Training MSE Angle: 0.03322413315375646		 Val MSE Angle: 0.042427654266357424
	     Training MAE Shift: 0.020862646400928497		 Val MAE Shift: 0.023539223670959473
            Training Euclidean Shift: 0.03285930802424749	 Val Euclidean Shift: 0.03714818477630615


Epoch 113/150: Training Loss: 0.04236650963624319		 Val Loss: 0.053137683868408205
	     Training MAE Angle: 0.12363455692927043		 Val MAE Angle: 0.13247418403625488
            Training MSE Angle: 0.03240156422058741		 Val MSE Angle: 0.040275464057922365
	     Training MAE Shift: 0.022288866341114044		 Val MAE Shift: 0.023330650329589843
            Training Euclidean Shift: 0.035140372812747955	 Val Euclidean Shift: 0.03679166793823242


Epoch 114/150: Training Loss: 0.042279923955599465		 Val Loss: 0.05566254138946533
	     Training MAE Angle: 0.12458019455273946		 Val MAE Angle: 0.145197114944458
            Training MSE Angle: 0.03299384812513987		 Val MSE Angle: 0.042222757339477536
	     Training MAE Shift: 0.021783833702405293		 Val MAE Shift: 0.025281853675842285
            Training Euclidean Shift: 0.03423808763424555	 Val Euclidean Shift: 0.03983315229415894


Epoch 115/150: Training Loss: 0.041377743085225425		 Val Loss: 0.047879576683044434
	     Training MAE Angle: 0.12556936343510947		 Val MAE Angle: 0.13792899131774902
            Training MSE Angle: 0.032343330482641854		 Val MSE Angle: 0.03862435579299927
	     Training MAE Shift: 0.021454982459545135		 Val MAE Shift: 0.021496798992156983
            Training Euclidean Shift: 0.033752436439196266	 Val Euclidean Shift: 0.03381884813308716


Epoch 116/150: Training Loss: 0.041677345832188926		 Val Loss: 0.0491416072845459
	     Training MAE Angle: 0.12651285529136658		 Val MAE Angle: 0.13113224029541015
            Training MSE Angle: 0.03283354640007019		 Val MSE Angle: 0.03657274007797241
	     Training MAE Shift: 0.021634603540102642		 Val MAE Shift: 0.02421191930770874
            Training Euclidean Shift: 0.03411028285821279	 Val Euclidean Shift: 0.03814850568771362


Epoch 117/150: Training Loss: 0.04107401023308436		 Val Loss: 0.04631218910217285
	     Training MAE Angle: 0.12501240770022073		 Val MAE Angle: 0.13320371627807617
            Training MSE Angle: 0.032487290600935616		 Val MSE Angle: 0.035222105979919434
	     Training MAE Shift: 0.021060044566790264		 Val MAE Shift: 0.022460169792175293
            Training Euclidean Shift: 0.03314140439033508	 Val Euclidean Shift: 0.034950971603393555


Epoch 118/150: Training Loss: 0.04788743952910105		 Val Loss: 0.06346046924591064
	     Training MAE Angle: 0.1294395923614502		 Val MAE Angle: 0.1466432285308838
            Training MSE Angle: 0.03538573533296585		 Val MSE Angle: 0.04360931873321533
	     Training MAE Shift: 0.023507061103979748		 Val MAE Shift: 0.03367121934890747
            Training Euclidean Shift: 0.03694076091051102	 Val Euclidean Shift: 0.052915329933166506


Epoch 119/150: Training Loss: 0.05470163623491923		 Val Loss: 0.059534277915954587
	     Training MAE Angle: 0.13629350066184998		 Val MAE Angle: 0.14339070320129393
            Training MSE Angle: 0.039630189538002014		 Val MSE Angle: 0.043540515899658204
	     Training MAE Shift: 0.026473194360733032		 Val MAE Shift: 0.02787670373916626
            Training Euclidean Shift: 0.041521333158016205	 Val Euclidean Shift: 0.04370154857635498


Epoch 120/150: Training Loss: 0.041862666606903076		 Val Loss: 0.0484019660949707
	     Training MAE Angle: 0.12394304076830547		 Val MAE Angle: 0.13083297729492188
            Training MSE Angle: 0.031935349106788635		 Val MSE Angle: 0.037359123229980466
	     Training MAE Shift: 0.02196144809325536		 Val MAE Shift: 0.02309924125671387
            Training Euclidean Shift: 0.03455761323372523	 Val Euclidean Shift: 0.036627047061920166


Epoch 121/150: Training Loss: 0.0440488209327062		 Val Loss: 0.05062738418579102
	     Training MAE Angle: 0.12683173020680746		 Val MAE Angle: 0.13211483955383302
            Training MSE Angle: 0.03413937489191691		 Val MSE Angle: 0.03847049474716187
	     Training MAE Shift: 0.02207055687904358		 Val MAE Shift: 0.022085235118865967
            Training Euclidean Shift: 0.03482318917910258	 Val Euclidean Shift: 0.03490529537200928


Epoch 122/150: Training Loss: 0.04109885295232137		 Val Loss: 0.04145934104919433
	     Training MAE Angle: 0.12385961413383484		 Val MAE Angle: 0.12411892890930176
            Training MSE Angle: 0.03191597511370977		 Val MSE Angle: 0.03245363712310791
	     Training MAE Shift: 0.02156604826450348		 Val MAE Shift: 0.02007017135620117
            Training Euclidean Shift: 0.033925242722034454	 Val Euclidean Shift: 0.03158881902694702


Epoch 123/150: Training Loss: 0.0375468780597051		 Val Loss: 0.04474044799804688
	     Training MAE Angle: 0.11973144610722859		 Val MAE Angle: 0.1299349594116211
            Training MSE Angle: 0.029503944019476574		 Val MSE Angle: 0.03620856761932373
	     Training MAE Shift: 0.020456959803899128		 Val MAE Shift: 0.02050407648086548
            Training Euclidean Shift: 0.03215758750836054	 Val Euclidean Shift: 0.03221240043640137


Epoch 124/150: Training Loss: 0.040135569870471954		 Val Loss: 0.043502588272094724
	     Training MAE Angle: 0.12320410211881001		 Val MAE Angle: 0.12300127983093262
            Training MSE Angle: 0.0312554066379865		 Val MSE Angle: 0.03412550926208496
	     Training MAE Shift: 0.021398236354192097		 Val MAE Shift: 0.022234063148498535
            Training Euclidean Shift: 0.03362814585367838	 Val Euclidean Shift: 0.03471393823623657


Epoch 125/150: Training Loss: 0.04065367579460144		 Val Loss: 0.04562207221984863
	     Training MAE Angle: 0.12282473842302959		 Val MAE Angle: 0.12797621726989747
            Training MSE Angle: 0.032352738082408905		 Val MSE Angle: 0.0337514591217041
	     Training MAE Shift: 0.020635612308979034		 Val MAE Shift: 0.0224666428565979
            Training Euclidean Shift: 0.03248310089111328	 Val Euclidean Shift: 0.03562001943588257


Epoch 126/150: Training Loss: 0.03721591581900915		 Val Loss: 0.041129469871520996
	     Training MAE Angle: 0.11792160073916118		 Val MAE Angle: 0.1254929256439209
            Training MSE Angle: 0.029516607522964478		 Val MSE Angle: 0.031349618434906
	     Training MAE Shift: 0.020059215525786083		 Val MAE Shift: 0.021859188079833985
            Training Euclidean Shift: 0.03153411547342936	 Val Euclidean Shift: 0.03444131374359131


Epoch 127/150: Training Loss: 0.037903040647506714		 Val Loss: 0.04227114200592041
	     Training MAE Angle: 0.11831246813138326		 Val MAE Angle: 0.12270767211914063
            Training MSE Angle: 0.029558283587296803		 Val MSE Angle: 0.03277813196182251
	     Training MAE Shift: 0.020522672683000565		 Val MAE Shift: 0.02165109395980835
            Training Euclidean Shift: 0.032338964442412056	 Val Euclidean Shift: 0.034263365268707276


Epoch 128/150: Training Loss: 0.039474365611871086		 Val Loss: 0.04217256546020508
	     Training MAE Angle: 0.11876160899798076		 Val MAE Angle: 0.1265687084197998
            Training MSE Angle: 0.03005762646595637		 Val MSE Angle: 0.03372753620147705
	     Training MAE Shift: 0.0213763490319252		 Val MAE Shift: 0.021022491455078125
            Training Euclidean Shift: 0.03359732280174891	 Val Euclidean Shift: 0.033171865940094


Epoch 129/150: Training Loss: 0.04168045024077097		 Val Loss: 0.04507150650024414
	     Training MAE Angle: 0.12231578429539998		 Val MAE Angle: 0.12406753540039063
            Training MSE Angle: 0.03202388435602188		 Val MSE Angle: 0.03402845859527588
	     Training MAE Shift: 0.02179764211177826		 Val MAE Shift: 0.02256349563598633
            Training Euclidean Shift: 0.03436251978079478	 Val Euclidean Shift: 0.03579638957977295


Epoch 130/150: Training Loss: 0.0437371035416921		 Val Loss: 0.04562389850616455
	     Training MAE Angle: 0.12787283460299173		 Val MAE Angle: 0.12850255012512207
            Training MSE Angle: 0.0352372278769811		 Val MSE Angle: 0.03474028587341309
	     Training MAE Shift: 0.020511890451113384		 Val MAE Shift: 0.023431503772735597
            Training Euclidean Shift: 0.03232385218143463	 Val Euclidean Shift: 0.036803953647613526


step: Nan in img2
## TEST RESULTS: ##
Test Loss: 0.04407599940896034 
Test MAE Shift: 0.021602345630526543		 Test Euclidean Shift: 0.033993542194366455
Test MAE Angle: 0.12531280517578125		 Test MSE Angle: 0.03363807871937752

###########################################################################################################################################################

                        __2 learning rate: 6e-05,  mlp_hidden_sizes: [1024, 512], batch_size: 32, norm: True, alpha: 10, avg embeddings: True, 
                        crop: 224 resize: 256, use conv: False pretrained: None, seed: 42, angle range: 90, shift range: 100, 
                        train length: 6144, val length: 780, test length: 780, get old path: False


##### CONTINUE TRAINING #####

Epoch 131/150: Training Loss: 0.03653287887573242		 Val Loss: 0.05200222492218018
	     Training MAE Angle: 0.11587217450141907		 Val MAE Angle: 0.13393964767456054
            Training MSE Angle: 0.02835433433453242		 Val MSE Angle: 0.04058664798736572
	     Training MAE Shift: 0.020439154158035915		 Val MAE Shift: 0.023044447898864746
            Training Euclidean Shift: 0.03216121097405752	 Val Euclidean Shift: 0.036487810611724854


Epoch 132/150: Training Loss: 0.03644863267739614		 Val Loss: 0.04525127410888672
	     Training MAE Angle: 0.11450543999671936		 Val MAE Angle: 0.12845663070678712
            Training MSE Angle: 0.028134452799956005		 Val MSE Angle: 0.033502840995788576
	     Training MAE Shift: 0.020061296721299488		 Val MAE Shift: 0.02175694465637207
            Training Euclidean Shift: 0.031468565265337624	 Val Euclidean Shift: 0.03417970418930054


Epoch 133/150: Training Loss: 0.03774318844079971		 Val Loss: 0.0466269588470459
	     Training MAE Angle: 0.11679645379384358		 Val MAE Angle: 0.1334899616241455
            Training MSE Angle: 0.028723818560441334		 Val MSE Angle: 0.0381770133972168
	     Training MAE Shift: 0.021024244527022045		 Val MAE Shift: 0.020557246208190917
            Training Euclidean Shift: 0.033163184920946755	 Val Euclidean Shift: 0.03227820158004761


Epoch 134/150: Training Loss: 0.03388412296772003		 Val Loss: 0.03508353233337402
	     Training MAE Angle: 0.11272823810577393		 Val MAE Angle: 0.11413340568542481
            Training MSE Angle: 0.02642199397087097		 Val MSE Angle: 0.026793830394744873
	     Training MAE Shift: 0.0194086953997612		 Val MAE Shift: 0.019742729663848876
            Training Euclidean Shift: 0.030478152136007946	 Val Euclidean Shift: 0.031078827381134034


Epoch 135/150: Training Loss: 0.03529001772403717		 Val Loss: 0.04302461147308349
	     Training MAE Angle: 0.11352458596229553		 Val MAE Angle: 0.12431225776672364
            Training MSE Angle: 0.027656060953934986		 Val MSE Angle: 0.03373687505722046
	     Training MAE Shift: 0.019690288851658504		 Val MAE Shift: 0.020511300563812257
            Training Euclidean Shift: 0.031013692418734234	 Val Euclidean Shift: 0.03238987922668457


Epoch 136/150: Training Loss: 0.031878230472405754		 Val Loss: 0.04786412239074707
	     Training MAE Angle: 0.11047230164210002		 Val MAE Angle: 0.12384403228759766
            Training MSE Angle: 0.02492968738079071		 Val MSE Angle: 0.03812692165374756
	     Training MAE Shift: 0.019260156899690628		 Val MAE Shift: 0.02079653263092041
            Training Euclidean Shift: 0.03029307723045349	 Val Euclidean Shift: 0.032805709838867186


Epoch 137/150: Training Loss: 0.03439811865488688		 Val Loss: 0.04529967308044434
	     Training MAE Angle: 0.11430500944455464		 Val MAE Angle: 0.1288771438598633
            Training MSE Angle: 0.026866885523001354		 Val MSE Angle: 0.0359597635269165
	     Training MAE Shift: 0.019993105282386143		 Val MAE Shift: 0.020196311473846436
            Training Euclidean Shift: 0.031504971285661064	 Val Euclidean Shift: 0.031829724311828615


Epoch 138/150: Training Loss: 0.03458311160405477		 Val Loss: 0.04862770080566406
	     Training MAE Angle: 0.11359047889709473		 Val MAE Angle: 0.13197404861450196
            Training MSE Angle: 0.02640550086895625		 Val MSE Angle: 0.03875967502593994
	     Training MAE Shift: 0.01977682113647461		 Val MAE Shift: 0.02176060199737549
            Training Euclidean Shift: 0.031128669778505962	 Val Euclidean Shift: 0.034542908668518064


Epoch 139/150: Training Loss: 0.03525300075610479		 Val Loss: 0.04103641510009766
	     Training MAE Angle: 0.11391377449035645		 Val MAE Angle: 0.11715123176574707
            Training MSE Angle: 0.027144966026147205		 Val MSE Angle: 0.03172085762023926
	     Training MAE Shift: 0.020444539686044056		 Val MAE Shift: 0.02021789789199829
            Training Euclidean Shift: 0.032211450239022575	 Val Euclidean Shift: 0.03192375421524048


Epoch 140/150: Training Loss: 0.035731613636016846		 Val Loss: 0.04747530460357666
	     Training MAE Angle: 0.11330304543177287		 Val MAE Angle: 0.1306016254425049
            Training MSE Angle: 0.027239203453063965		 Val MSE Angle: 0.03710690975189209
	     Training MAE Shift: 0.020296721408764522		 Val MAE Shift: 0.021779096126556395
            Training Euclidean Shift: 0.031967888275782265	 Val Euclidean Shift: 0.03412898063659668


###########################################################################################################################################################

                        __2 learning rate: 6e-05,  mlp_hidden_sizes: [1024, 512], batch_size: 32, norm: True, alpha: 10, avg embeddings: True, 
                        crop: 224 resize: 256, use conv: False pretrained: None, seed: 42, angle range: 90, shift range: 100, 
                        train length: 6144, val length: 780, test length: 780, get old path: False


##### CONTINUE TRAINING #####

Epoch 141/150: Training Loss: 0.026668064296245575		 Val Loss: 0.04355401992797851
	      Training MAE Angle: 0.10157622893651326		 Val MAE Angle: 0.12834331512451172
              Training MSE Angle: 0.020279577622811		 Val MSE Angle: 0.034188332557678225
	      Training MAE Shift: 0.018419173856576283		 Val MAE Shift: 0.021124737262725832
              Training Euclidean Shift: 0.02900560200214386	 Val Euclidean Shift: 0.03318998336791992


Epoch 142/150: Training Loss: 0.02575840801000595		 Val Loss: 0.04265199184417725
	      Training MAE Angle: 0.09830134113629659		 Val MAE Angle: 0.12510832786560058
              Training MSE Angle: 0.019284452001253765		 Val MSE Angle: 0.03176830291748047
	      Training MAE Shift: 0.018630754202604294		 Val MAE Shift: 0.021051781177520754
              Training Euclidean Shift: 0.02933354675769806	 Val Euclidean Shift: 0.0329513430595398


Epoch 143/150: Training Loss: 0.025182242194811504		 Val Loss: 0.055175309181213376
	      Training MAE Angle: 0.09714079896608989		 Val MAE Angle: 0.12928614616394044
              Training MSE Angle: 0.018569204956293106		 Val MSE Angle: 0.036193602085113526
	      Training MAE Shift: 0.01839066172639529		 Val MAE Shift: 0.020507476329803466
              Training Euclidean Shift: 0.02890404810508092	 Val Euclidean Shift: 0.03209353685379028


Epoch 144/150: Training Loss: 0.02381378908952077		 Val Loss: 0.03265531063079834
	      Training MAE Angle: 0.09521691997845967		 Val MAE Angle: 0.10867674827575684
              Training MSE Angle: 0.017782167841990788		 Val MSE Angle: 0.024737427234649657
	      Training MAE Shift: 0.017848655581474304		 Val MAE Shift: 0.01933452010154724
              Training Euclidean Shift: 0.028052511314551037	 Val Euclidean Shift: 0.030602238178253173


Epoch 145/150: Training Loss: 0.024248473346233368		 Val Loss: 0.03899233102798462
	      Training MAE Angle: 0.09589590628941853		 Val MAE Angle: 0.11750486373901367
              Training MSE Angle: 0.018154136836528778		 Val MSE Angle: 0.029987630844116212
	      Training MAE Shift: 0.01811317851146062		 Val MAE Shift: 0.019978960752487184
              Training Euclidean Shift: 0.028479712704817455	 Val Euclidean Shift: 0.03153076171875


Epoch 146/150: Training Loss: 0.02286325643459956		 Val Loss: 0.045493059158325196
	      Training MAE Angle: 0.09500771760940552		 Val MAE Angle: 0.12154862403869629
              Training MSE Angle: 0.017041022578875225		 Val MSE Angle: 0.03655965566635132
	      Training MAE Shift: 0.017833763112624485		 Val MAE Shift: 0.019839438199996947
              Training Euclidean Shift: 0.028085360924402874	 Val Euclidean Shift: 0.031319923400878906


Epoch 147/150: Training Loss: 0.023321670790513355		 Val Loss: 0.04105404853820801
	      Training MAE Angle: 0.09527604778607686		 Val MAE Angle: 0.12515728950500488
              Training MSE Angle: 0.017527031401793163		 Val MSE Angle: 0.032942681312561034
	      Training MAE Shift: 0.017823395629723866		 Val MAE Shift: 0.01851476192474365
              Training Euclidean Shift: 0.028055051962534588	 Val Euclidean Shift: 0.029175777435302735


Epoch 148/150: Training Loss: 0.02534623195727666		 Val Loss: 0.04766901016235352
	      Training MAE Angle: 0.09852245450019836		 Val MAE Angle: 0.12944198608398438
              Training MSE Angle: 0.01856302097439766		 Val MSE Angle: 0.03742263317108154
	      Training MAE Shift: 0.018760964274406433		 Val MAE Shift: 0.021664178371429442
              Training Euclidean Shift: 0.02951056758562724	 Val Euclidean Shift: 0.03433492660522461


Epoch 149/150: Training Loss: 0.024771392345428467		 Val Loss: 0.0399203896522522
	      Training MAE Angle: 0.09698944290479024		 Val MAE Angle: 0.1173381233215332
              Training MSE Angle: 0.018153447657823563		 Val MSE Angle: 0.030829319953918456
	      Training MAE Shift: 0.018906192233165104		 Val MAE Shift: 0.019922759532928467
              Training Euclidean Shift: 0.02978542943795522	 Val Euclidean Shift: 0.03126793384552002


Epoch 150/150: Training Loss: 0.0252152681350708		 Val Loss: 0.044759912490844725
	      Training MAE Angle: 0.09739554921785991		 Val MAE Angle: 0.12411295890808105
              Training MSE Angle: 0.01874151701728503		 Val MSE Angle: 0.03522247552871704
	      Training MAE Shift: 0.018475630631049473		 Val MAE Shift: 0.020679483413696288
              Training Euclidean Shift: 0.02904544770717621	 Val Euclidean Shift: 0.03250560522079468


## TEST RESULTS: ##
Test Loss: 0.0408911406993866 
Test MAE Shift: 0.02141929417848587		 Test Euclidean Shift: 0.03365379571914673
Test MAE Angle: 0.11871501058340073		 Test MSE Angle: 0.030311036854982376

