
###########################################################################################################################################################

__Max learning rate: 0.0001, mlp_hidden_sizes: [1024, 512], jump_frames: 6, use_reconstruction_layer: True
batch_size: 8, norm: True, train_seqeunces: [0, 2, 3, 5], val_sequences: [6, 7, 8], RL_TEST_NAMES: ['fe2fadf89a84e92a', 'f01e8b6f8e10fdd9', 'f1ee9dc6135e5307', 'a41df4fa06fd391b', 'bc0ebb7482f14795', '9bdd34e784c04e3a', '98ebee1c36ecec55'], dataset: Stereo,
average embeddings: False, model: microsoft/resnet-152, augmentation: True, random crop: True, part: head, get_old_path: False, computer: 1,
RE1 coeff: 0 SED coeff: 0.5, ALG_COEFF: 0, L2_coeff: 1, huber_coeff: 1, frozen layers: 0, trained vit: None,
crop: 224 resize: 256, use conv: True pretrained: None, train_size: 0.2, norm_mean: tensor([0.5000, 0.5000, 0.5000], device='cuda:0'), norm_std: tensor([0.5000, 0.5000, 0.5000], device='cuda:0'), sched: None seed: 42

train size: 2166, val size: 736, test size: 1064

algebraic_truth: 0.016706028547674088		 val_algebraic_truth: 0.017123397277749104
RE1_truth: 0.00018768878550547076		 val_RE1_truth: 0.0001991216660193775
SED_truth: 0.0015014910390016337		 val_SED_truth: 0.0015927946761898372

Epoch 1/4500: Training Loss: 146.0383129612546		 Val Loss: 3.3883232448412026
             	Training MAE: 0.3745107352733612		 Val MAE: 0.3649613559246063
             	Algebraic dist: 238.73849746309963		 Val Algebraic dist: 93.38976520040761
             	RE1 dist: 1159490.8339483396		 Val RE1 dist: 8155.148097826087
             	SED dist: 291.205863699262		 Val SED dist: 6.112096371858017

Epoch 2/4500: Training Loss: 2.7295784475178735		 Val Loss: 2.7563445049783457
             	Training MAE: 0.306277871131897		 Val MAE: 0.24401995539665222
             	Algebraic dist: 88.02825184501845		 Val Algebraic dist: 91.79380731997283
             	RE1 dist: 8598.137453874539		 Val RE1 dist: 9328.610733695652
             	SED dist: 5.002735996598247		 Val SED dist: 5.192725803541101

Epoch 3/4500: Training Loss: 2.6311753614362314		 Val Loss: 3.3870852926503057
             	Training MAE: 0.2289043664932251		 Val MAE: 0.2174217849969864
             	Algebraic dist: 86.20855915590406		 Val Algebraic dist: 114.13731317934783
             	RE1 dist: 8313.236162361623		 Val RE1 dist: 11610.44429347826
             	SED dist: 4.962995127998155		 Val SED dist: 6.485575800356657

Epoch 4/4500: Training Loss: 2.676085524893335		 Val Loss: 2.760291389797045
             	Training MAE: 0.2211141437292099		 Val MAE: 0.2158377468585968
             	Algebraic dist: 87.25085043819188		 Val Algebraic dist: 91.77867060122283
             	RE1 dist: 8498.2536900369		 Val RE1 dist: 10172.877038043478
             	SED dist: 5.073930916311117		 Val SED dist: 5.25574427065642

Epoch 5/4500: Training Loss: 2.51588580705143		 Val Loss: 3.17358862835428
             	Training MAE: 0.20973815023899078		 Val MAE: 0.2168506234884262
             	Algebraic dist: 81.75016576337639		 Val Algebraic dist: 95.83885657269022
             	RE1 dist: 7640.421125461255		 Val RE1 dist: 11557.838315217392
             	SED dist: 4.779093724775138		 Val SED dist: 6.100217736285666

Epoch 6/4500: Training Loss: 2.8442252183752306		 Val Loss: 3.3231420102326767
             	Training MAE: 0.20672456920146942		 Val MAE: 0.21141386032104492
             	Algebraic dist: 87.22802554197418		 Val Algebraic dist: 103.10049040421195
             	RE1 dist: 8492.871771217711		 Val RE1 dist: 13736.478260869566
             	SED dist: 5.4531195946725095		 Val SED dist: 6.410167528235394

Epoch 7/4500: Training Loss: 2.5941468411266144		 Val Loss: 4.374408887780231
             	Training MAE: 0.1964825689792633		 Val MAE: 0.19981767237186432
             	Algebraic dist: 82.72248327952029		 Val Algebraic dist: 122.71474821671195
             	RE1 dist: 7778.545202952029		 Val RE1 dist: 12797.078804347826
             	SED dist: 4.971742299210102		 Val SED dist: 8.53234000827955

Epoch 8/4500: Training Loss: 2.476496284738238		 Val Loss: 3.48383032757303
             	Training MAE: 0.19039671123027802		 Val MAE: 0.16865117847919464
             	Algebraic dist: 77.3483769603321		 Val Algebraic dist: 104.56804093070652
             	RE1 dist: 6810.3948339483395		 Val RE1 dist: 14358.004076086956
             	SED dist: 4.752093213070802		 Val SED dist: 6.781620191491169

Epoch 9/4500: Training Loss: 2.1847694087292435		 Val Loss: 3.35943139117697
             	Training MAE: 0.1773895025253296		 Val MAE: 0.18335974216461182
             	Algebraic dist: 69.17670375922509		 Val Algebraic dist: 83.46716839334239
             	RE1 dist: 5581.788745387454		 Val RE1 dist: 8234.617527173914
             	SED dist: 4.189617987488469		 Val SED dist: 6.5448130731997285

Epoch 10/4500: Training Loss: 2.241287287750807		 Val Loss: 2.790817924167799
             	Training MAE: 0.1713573932647705		 Val MAE: 0.16169248521327972
             	Algebraic dist: 68.27354560654982		 Val Algebraic dist: 81.8527248216712
             	RE1 dist: 5404.529981549816		 Val RE1 dist: 7379.688858695652
             	SED dist: 4.315883284565268		 Val SED dist: 5.420552792756454

Epoch 11/4500: Training Loss: 2.024864956901522		 Val Loss: 3.870202769403872
             	Training MAE: 0.16561123728752136		 Val MAE: 0.1632874310016632
             	Algebraic dist: 62.20355021909594		 Val Algebraic dist: 104.00983992866848
             	RE1 dist: 4523.383302583025		 Val RE1 dist: 14888.26222826087
             	SED dist: 3.8937650448281826		 Val SED dist: 7.582198433254076

Epoch 12/4500: Training Loss: 2.205570460245618		 Val Loss: 2.7558960292650307
             	Training MAE: 0.16517674922943115		 Val MAE: 0.15598970651626587
             	Algebraic dist: 64.47455171817343		 Val Algebraic dist: 79.31955884850544
             	RE1 dist: 4912.134225092251		 Val RE1 dist: 6511.701086956522
             	SED dist: 4.258398077144834		 Val SED dist: 5.368067865786345

Epoch 13/4500: Training Loss: 2.0437036493167664		 Val Loss: 3.4907438858695654
             	Training MAE: 0.15751425921916962		 Val MAE: 0.16234077513217926
             	Algebraic dist: 58.684692833256456		 Val Algebraic dist: 85.50753120754077
             	RE1 dist: 4068.867619926199		 Val RE1 dist: 7312.010869565217
             	SED dist: 3.9455715052755997		 Val SED dist: 6.829575248386549

Epoch 14/4500: Training Loss: 2.120595108538976		 Val Loss: 2.5453880973484204
             	Training MAE: 0.15880291163921356		 Val MAE: 0.1449565887451172
             	Algebraic dist: 59.13652776176199		 Val Algebraic dist: 64.23329759680706
             	RE1 dist: 4113.145756457565		 Val RE1 dist: 4873.899796195652
             	SED dist: 4.097597241841559		 Val SED dist: 4.968348295792289

Epoch 15/4500: Training Loss: 1.8890211942890913		 Val Loss: 3.2484117590862773
             	Training MAE: 0.1563296616077423		 Val MAE: 0.13735394179821014
             	Algebraic dist: 52.484612834409596		 Val Algebraic dist: 67.73202381963316
             	RE1 dist: 3303.2613007380073		 Val RE1 dist: 4670.571671195652
             	SED dist: 3.639086733884917		 Val SED dist: 6.38853587274966

Epoch 16/4500: Training Loss: 1.9295242140653828		 Val Loss: 3.0493658314580503
             	Training MAE: 0.15334635972976685		 Val MAE: 0.15711244940757751
             	Algebraic dist: 51.26561779289668		 Val Algebraic dist: 70.1476520040761
             	RE1 dist: 3103.8630073800737		 Val RE1 dist: 4412.429008152174
             	SED dist: 3.7248571191766606		 Val SED dist: 5.97094262164572

Epoch 17/4500: Training Loss: 1.7140403832016835		 Val Loss: 2.5041308195694634
             	Training MAE: 0.15208280086517334		 Val MAE: 0.13352376222610474
             	Algebraic dist: 46.44538096748155		 Val Algebraic dist: 59.07289720618206
             	RE1 dist: 2673.4377306273063		 Val RE1 dist: 3897.305706521739
             	SED dist: 3.2937865310049586		 Val SED dist: 4.907264377759851

Epoch 18/4500: Training Loss: 1.9424445233221863		 Val Loss: 2.813580388608186
             	Training MAE: 0.15265390276908875		 Val MAE: 0.13025790452957153
             	Algebraic dist: 49.25552784824723		 Val Algebraic dist: 65.30800462805706
             	RE1 dist: 2841.408671586716		 Val RE1 dist: 4637.063179347826
             	SED dist: 3.7500943680091097		 Val SED dist: 5.524560347847316

Epoch 19/4500: Training Loss: 1.7336696047624538		 Val Loss: 2.823577880859375
             	Training MAE: 0.15016068518161774		 Val MAE: 0.1300562471151352
             	Algebraic dist: 44.35219312154059		 Val Algebraic dist: 55.089302394701086
             	RE1 dist: 2415.804197416974		 Val RE1 dist: 3871.561141304348
             	SED dist: 3.3363019091616697		 Val SED dist: 5.556637639584749

Epoch 20/4500: Training Loss: 1.713834079869119		 Val Loss: 3.132861261782439
             	Training MAE: 0.14618991315364838		 Val MAE: 0.12556520104408264
             	Algebraic dist: 42.24376225207565		 Val Algebraic dist: 64.81987198539402
             	RE1 dist: 2162.990544280443		 Val RE1 dist: 3798.4864130434785
             	SED dist: 3.302150824852975		 Val SED dist: 6.175647238026494

Epoch 21/4500: Training Loss: 1.6390213069000807		 Val Loss: 2.953221196713655
             	Training MAE: 0.14569251239299774		 Val MAE: 0.14254379272460938
             	Algebraic dist: 40.01847540936347		 Val Algebraic dist: 57.06442128057065
             	RE1 dist: 1957.967020295203		 Val RE1 dist: 4437.417119565217
             	SED dist: 3.1525739268623156		 Val SED dist: 5.802761575450068

Epoch 22/4500: Training Loss: 1.5531363962321263		 Val Loss: 2.5555477971616
             	Training MAE: 0.1446293443441391		 Val MAE: 0.12691855430603027
             	Algebraic dist: 37.82218634686347		 Val Algebraic dist: 47.56064240828805
             	RE1 dist: 1768.7436577490776		 Val RE1 dist: 2504.9633152173915
             	SED dist: 2.9804478043559732		 Val SED dist: 5.029624275539232

Epoch 23/4500: Training Loss: 1.773679613627191		 Val Loss: 3.89677561884341
             	Training MAE: 0.14485278725624084		 Val MAE: 0.11579299718141556
             	Algebraic dist: 39.66938134225092		 Val Algebraic dist: 71.40501337466033
             	RE1 dist: 1938.7426199261993		 Val RE1 dist: 4121.4375
             	SED dist: 3.4236607850697647		 Val SED dist: 7.712026181428329

Epoch 24/4500: Training Loss: 1.6754579438494581		 Val Loss: 2.5786016713018003
             	Training MAE: 0.14186334609985352		 Val MAE: 0.12907499074935913
             	Algebraic dist: 37.58698613353321		 Val Algebraic dist: 45.03384001358695
             	RE1 dist: 1772.7098708487085		 Val RE1 dist: 2591.9624660326085
             	SED dist: 3.230989237992966		 Val SED dist: 5.075278240701427

Epoch 25/4500: Training Loss: 1.604390274554601		 Val Loss: 2.750127709430197
             	Training MAE: 0.13819101452827454		 Val MAE: 0.12254012376070023
             	Algebraic dist: 35.92240472209409		 Val Algebraic dist: 49.50937818444294
             	RE1 dist: 1580.3279520295202		 Val RE1 dist: 2617.7771739130435
             	SED dist: 3.094304496511762		 Val SED dist: 5.421390367590862

Epoch 26/4500: Training Loss: 1.432086902350957		 Val Loss: 2.4601851753566577
             	Training MAE: 0.13960139453411102		 Val MAE: 0.1419237107038498
             	Algebraic dist: 32.76043588560886		 Val Algebraic dist: 41.02243705417799
             	RE1 dist: 1352.1803505535056		 Val RE1 dist: 1682.1069972826087
             	SED dist: 2.7449563790071494		 Val SED dist: 4.822717417841372

Epoch 27/4500: Training Loss: 1.5146260279131112		 Val Loss: 2.6195144653320312
             	Training MAE: 0.1361967772245407		 Val MAE: 0.10462868958711624
             	Algebraic dist: 32.947330488929886		 Val Algebraic dist: 46.0302734375
             	RE1 dist: 1381.2968173431734		 Val RE1 dist: 2581.148777173913
             	SED dist: 2.914885911554428		 Val SED dist: 5.178061112113621

Epoch 28/4500: Training Loss: 1.4090685404534709		 Val Loss: 2.4344182221785835
             	Training MAE: 0.13546183705329895		 Val MAE: 0.11480055004358292
             	Algebraic dist: 30.774024878920663		 Val Algebraic dist: 41.1862501061481
             	RE1 dist: 1174.1406826568266		 Val RE1 dist: 1956.4038722826087
             	SED dist: 2.705167087681619		 Val SED dist: 4.803160957668139

Epoch 29/4500: Training Loss: 1.4382657547278597		 Val Loss: 2.4158408123513926
             	Training MAE: 0.13514520227909088		 Val MAE: 0.10971836000680923
             	Algebraic dist: 30.3988483048893		 Val Algebraic dist: 39.67382281759511
             	RE1 dist: 1137.1243081180812		 Val RE1 dist: 1670.6863111413043
             	SED dist: 2.7640270500605397		 Val SED dist: 4.771384861158288

Epoch 30/4500: Training Loss: 1.4041367421730857		 Val Loss: 2.959993777067765
             	Training MAE: 0.13489647209644318		 Val MAE: 0.11931692808866501
             	Algebraic dist: 29.211245603666974		 Val Algebraic dist: 47.12755816915761
             	RE1 dist: 1081.5950184501844		 Val RE1 dist: 2951.2224864130435
             	SED dist: 2.696177352398524		 Val SED dist: 5.8479766845703125

Epoch 31/4500: Training Loss: 1.3636160424714598		 Val Loss: 2.4546752597974693
             	Training MAE: 0.134262815117836		 Val MAE: 0.11899649351835251
             	Algebraic dist: 27.9095904923893		 Val Algebraic dist: 36.64211638077445
             	RE1 dist: 976.0938653136532		 Val RE1 dist: 1426.0208899456522
             	SED dist: 2.6161940458515915		 Val SED dist: 4.841880798339844

Epoch 32/4500: Training Loss: 1.3817111645237545		 Val Loss: 2.855676402216372
             	Training MAE: 0.13172326982021332		 Val MAE: 0.11006667464971542
             	Algebraic dist: 27.878443193611623		 Val Algebraic dist: 43.12514595363451
             	RE1 dist: 960.0238122693727		 Val RE1 dist: 1733.004585597826
             	SED dist: 2.6571812928822647		 Val SED dist: 5.650413844896399

Epoch 33/4500: Training Loss: 1.3187117347858048		 Val Loss: 3.8013468203337295
             	Training MAE: 0.13250574469566345		 Val MAE: 0.13134625554084778
             	Algebraic dist: 25.974717481549817		 Val Algebraic dist: 50.93364151664402
             	RE1 dist: 873.6314575645756		 Val RE1 dist: 3283.8223505434785
             	SED dist: 2.529633807080258		 Val SED dist: 7.516949197520381

Epoch 34/4500: Training Loss: 1.3888021659147256		 Val Loss: 2.615385138470194
             	Training MAE: 0.13350225985050201		 Val MAE: 0.10305935144424438
             	Algebraic dist: 26.748996410862546		 Val Algebraic dist: 42.55394977072011
             	RE1 dist: 879.2381803505535		 Val RE1 dist: 2171.6192255434785
             	SED dist: 2.6667059303649676		 Val SED dist: 5.171641474184782

Epoch 35/4500: Training Loss: 1.2991769938451339		 Val Loss: 2.858271059782609
             	Training MAE: 0.13266204297542572		 Val MAE: 0.10398794710636139
             	Algebraic dist: 24.991955070917896		 Val Algebraic dist: 40.88261877972147
             	RE1 dist: 800.0768565498155		 Val RE1 dist: 1690.2802309782608
             	SED dist: 2.4882276471690496		 Val SED dist: 5.659328958262568

Epoch 36/4500: Training Loss: 1.2731370538803044		 Val Loss: 2.985822926396909
             	Training MAE: 0.13181260228157043		 Val MAE: 0.1015796959400177
             	Algebraic dist: 24.12848823800738		 Val Algebraic dist: 42.05135179602581
             	RE1 dist: 724.3306042435424		 Val RE1 dist: 1609.3152173913043
             	SED dist: 2.438016208775369		 Val SED dist: 5.918835183848506

Epoch 37/4500: Training Loss: 1.4584695175565037		 Val Loss: 2.4741852801779043
             	Training MAE: 0.13484355807304382		 Val MAE: 0.1303039789199829
             	Algebraic dist: 25.870947806157748		 Val Algebraic dist: 32.17920452615489
             	RE1 dist: 816.113122693727		 Val RE1 dist: 1060.9810631793478
             	SED dist: 2.803024235686693		 Val SED dist: 4.861456166143003

Epoch 38/4500: Training Loss: 1.3734952919597556		 Val Loss: 2.3734747845193613
             	Training MAE: 0.13349592685699463		 Val MAE: 0.11884114146232605
             	Algebraic dist: 24.284075184501845		 Val Algebraic dist: 31.748872176460598
             	RE1 dist: 749.8607011070111		 Val RE1 dist: 1081.4111752717392
             	SED dist: 2.634337252796356		 Val SED dist: 4.677370817764945

Epoch 39/4500: Training Loss: 1.2230059071220596		 Val Loss: 2.554376353388247
             	Training MAE: 0.13274994492530823		 Val MAE: 0.10336685925722122
             	Algebraic dist: 22.229744436116235		 Val Algebraic dist: 34.74306587550951
             	RE1 dist: 626.8172855166051		 Val RE1 dist: 1487.0942595108695
             	SED dist: 2.334158021145641		 Val SED dist: 5.054566424825917

Epoch 40/4500: Training Loss: 1.2315994769444765		 Val Loss: 2.410890496295431
             	Training MAE: 0.1309836208820343		 Val MAE: 0.10499908030033112
             	Algebraic dist: 21.880336860009226		 Val Algebraic dist: 33.571724269701086
             	RE1 dist: 596.5036323800738		 Val RE1 dist: 1382.6974354619565
             	SED dist: 2.3523924429918126		 Val SED dist: 4.765339063561481

Epoch 41/4500: Training Loss: 1.2496924593879728		 Val Loss: 3.017833543860394
             	Training MAE: 0.1327863484621048		 Val MAE: 0.11301085352897644
             	Algebraic dist: 21.845755376499078		 Val Algebraic dist: 40.00056789232337
             	RE1 dist: 581.1905558118082		 Val RE1 dist: 1931.0599524456522
             	SED dist: 2.383841764443035		 Val SED dist: 5.969371629797894

Epoch 42/4500: Training Loss: 1.2648717450919627		 Val Loss: 2.4582310552182407
             	Training MAE: 0.13318325579166412		 Val MAE: 0.09852144122123718
             	Algebraic dist: 21.307644214137454		 Val Algebraic dist: 30.921530018682066
             	RE1 dist: 567.9336946494465		 Val RE1 dist: 1188.278957201087
             	SED dist: 2.4126219802237086		 Val SED dist: 4.867594179899796

Epoch 43/4500: Training Loss: 1.2266683543300276		 Val Loss: 2.7426980060079824
             	Training MAE: 0.13350923359394073		 Val MAE: 0.10040333122015
             	Algebraic dist: 20.659691391835793		 Val Algebraic dist: 36.38862145465353
             	RE1 dist: 533.1842712177122		 Val RE1 dist: 1674.9909986413043
             	SED dist: 2.3341836964512224		 Val SED dist: 5.4312876825747285

Epoch 44/4500: Training Loss: 1.2050754223362545		 Val Loss: 2.7502020130986753
             	Training MAE: 0.1352301388978958		 Val MAE: 0.10664653033018112
             	Algebraic dist: 19.52769869983856		 Val Algebraic dist: 37.29206649116848
             	RE1 dist: 478.91948224169744		 Val RE1 dist: 1355.8963145380435
             	SED dist: 2.2853139053851477		 Val SED dist: 5.435074184251868

Epoch 45/4500: Training Loss: 1.1643361447042204		 Val Loss: 2.4687705661939536
             	Training MAE: 0.13416098058223724		 Val MAE: 0.11446957290172577
             	Algebraic dist: 18.94020446552122		 Val Algebraic dist: 29.361715565557066
             	RE1 dist: 464.9903136531365		 Val RE1 dist: 779.0059442934783
             	SED dist: 2.203732198454797		 Val SED dist: 4.863155199133831

Epoch 46/4500: Training Loss: 1.2589362450631343		 Val Loss: 2.5674556234608525
             	Training MAE: 0.13352170586585999		 Val MAE: 0.1027275025844574
             	Algebraic dist: 19.479380477398525		 Val Algebraic dist: 34.02678912618886
             	RE1 dist: 473.70070341328415		 Val RE1 dist: 1115.424167798913
             	SED dist: 2.393505363886647		 Val SED dist: 5.073033208432405

