###########################################################################################################################################################

                         learning rate: 6e-05,  mlp_hidden_sizes: [1024, 512], batch_size: 32, norm: True, alpha: 10, avg embeddings: False, 
                        crop: 224 resize: 256, use conv: True pretrained: None, seed: 42, angle range: 90, shift range: 110, 
                        train length: 9216, val length: 1600, test length: 1600, get old path: False, embeddings to use: ['rotated_embeddings', 'original_embeddings'],
                        use_cls: False


###########################################################################################################################################################

                         learning rate: 6e-05,  mlp_hidden_sizes: [1024, 512], batch_size: 32, norm: True, alpha: 10, avg embeddings: False, 
                        crop: 224 resize: 256, use conv: True pretrained: None, seed: 42, angle range: 90, shift range: 110, 
                        train length: 9216, val length: 1600, test length: 1600, get old path: False, embeddings to use: ['rotated_embeddings', 'original_embeddings'],
                        use_cls: False


Epoch 1/300: Training Loss: 0.8270375463697646		 Val Loss: 0.38881725311279297
	      Training MAE Angle: 0.49935971366034615		 Val MAE Angle: 0.5018052291870118
              Training MSE Angle: 0.33294153213500977		 Val MSE Angle: 0.3331647109985352
	      Training MAE Shift: 0.12673728995853		 Val MAE Shift: 0.05893629550933838
              Training Euclidean Shift: 0.1962425841225518	 Val Euclidean Shift: 0.09257833480834961


Epoch 2/300: Training Loss: 0.37140729692247176		 Val Loss: 0.40091251373291015
	      Training MAE Angle: 0.4988558557298448		 Val MAE Angle: 0.506060562133789
              Training MSE Angle: 0.33343225055270725		 Val MSE Angle: 0.3436383056640625
	      Training MAE Shift: 0.044570104943381414		 Val MAE Shift: 0.05840656280517578
              Training Euclidean Shift: 0.06992149353027344	 Val Euclidean Shift: 0.0911117935180664


Epoch 3/300: Training Loss: 0.36022504170735675		 Val Loss: 0.3412432098388672
	      Training MAE Angle: 0.4988541073269314		 Val MAE Angle: 0.4918092346191406
              Training MSE Angle: 0.333989249335395		 Val MSE Angle: 0.3217105484008789
	      Training MAE Shift: 0.03669983148574829		 Val MAE Shift: 0.03024898052215576
              Training Euclidean Shift: 0.05779447820451525	 Val Euclidean Shift: 0.04750420093536377


Epoch 4/300: Training Loss: 0.41020547019110787		 Val Loss: 0.3821339797973633
	      Training MAE Angle: 0.5080782042609321		 Val MAE Angle: 0.4978266525268555
              Training MSE Angle: 0.34139521916707355		 Val MSE Angle: 0.3346364974975586
	      Training MAE Shift: 0.05373830265469021		 Val MAE Shift: 0.05179334163665771
              Training Euclidean Shift: 0.08448123269610935	 Val Euclidean Shift: 0.08126819610595704


Epoch 5/300: Training Loss: 0.3670038647121853		 Val Loss: 0.3582745361328125
	      Training MAE Angle: 0.5010544459025065		 Val MAE Angle: 0.5087233352661132
              Training MSE Angle: 0.3344348536597358		 Val MSE Angle: 0.3391226577758789
	      Training MAE Shift: 0.041596680879592896		 Val MAE Shift: 0.030104598999023437
              Training Euclidean Shift: 0.06532687611050075	 Val Euclidean Shift: 0.04756492137908935


Epoch 6/300: Training Loss: 0.37481482823689777		 Val Loss: 0.36732460021972657
	      Training MAE Angle: 0.4997478591071235		 Val MAE Angle: 0.5102573776245117
              Training MSE Angle: 0.33542630407545304		 Val MSE Angle: 0.34391036987304685
	      Training MAE Shift: 0.04403404725922479		 Val MAE Shift: 0.033983798027038575
              Training Euclidean Shift: 0.06919559505250719	 Val Euclidean Shift: 0.053411250114440915


Epoch 7/300: Training Loss: 0.3530649079216851		 Val Loss: 0.3590411376953125
	      Training MAE Angle: 0.49786292182074654		 Val MAE Angle: 0.5045219039916993
              Training MSE Angle: 0.3315359221564399		 Val MSE Angle: 0.33962078094482423
	      Training MAE Shift: 0.03336763050821093		 Val MAE Shift: 0.028877949714660643
              Training Euclidean Shift: 0.05251689089669122	 Val Euclidean Shift: 0.045640811920166016


Epoch 8/300: Training Loss: 0.35748953289455837		 Val Loss: 0.3674954605102539
	      Training MAE Angle: 0.5008736716376411		 Val MAE Angle: 0.5010079574584961
              Training MSE Angle: 0.33317314253913033		 Val MSE Angle: 0.33701045989990236
	      Training MAE Shift: 0.033485737111833364		 Val MAE Shift: 0.038343648910522464
              Training Euclidean Shift: 0.052750219901402794	 Val Euclidean Shift: 0.060798358917236325


Epoch 9/300: Training Loss: 0.3523026572333442		 Val Loss: 0.3533306884765625
	      Training MAE Angle: 0.49668428632948136		 Val MAE Angle: 0.5044570541381836
              Training MSE Angle: 0.32890211211310494		 Val MSE Angle: 0.3357108688354492
	      Training MAE Shift: 0.03379420108265347		 Val MAE Shift: 0.02804481506347656
              Training Euclidean Shift: 0.0532124208079444	 Val Euclidean Shift: 0.04447955131530762


Epoch 10/300: Training Loss: 0.3461727301279704		 Val Loss: 0.3480648422241211
	      Training MAE Angle: 0.5026352140638564		 Val MAE Angle: 0.5036062622070312
              Training MSE Angle: 0.3311179478963216		 Val MSE Angle: 0.326793327331543
	      Training MAE Shift: 0.026565012004640367		 Val MAE Shift: 0.0346584677696228
              Training Euclidean Shift: 0.041907565461264715	 Val Euclidean Shift: 0.05466497898101807


Epoch 11/300: Training Loss: 0.33380013042026097		 Val Loss: 0.32030914306640623
	      Training MAE Angle: 0.5017401377360026		 Val MAE Angle: 0.5048569488525391
              Training MSE Angle: 0.3172009256150987		 Val MSE Angle: 0.30598255157470705
	      Training MAE Shift: 0.028599172830581665		 Val MAE Shift: 0.026669239997863768
              Training Euclidean Shift: 0.044965922832489014	 Val Euclidean Shift: 0.04229222297668457


Epoch 12/300: Training Loss: 0.3116324477725559		 Val Loss: 0.2720585823059082
	      Training MAE Angle: 0.4924057324727376		 Val MAE Angle: 0.449350471496582
              Training MSE Angle: 0.2919336160024007		 Val MSE Angle: 0.25420766830444336
	      Training MAE Shift: 0.031060162517759535		 Val MAE Shift: 0.031178853511810302
              Training Euclidean Shift: 0.04878507720099555	 Val Euclidean Shift: 0.04913325309753418


Epoch 13/300: Training Loss: 0.24318631490071616		 Val Loss: 0.21472387313842772
	      Training MAE Angle: 0.3946104844411214		 Val MAE Angle: 0.33789337158203125
              Training MSE Angle: 0.21354647477467856		 Val MSE Angle: 0.1746964454650879
	      Training MAE Shift: 0.040050254927741155		 Val MAE Shift: 0.048663649559021
              Training Euclidean Shift: 0.06305680672327678	 Val Euclidean Shift: 0.07691366195678712


Epoch 14/300: Training Loss: 0.17998006608751085		 Val Loss: 0.16182598114013672
	      Training MAE Angle: 0.3101855648888482		 Val MAE Angle: 0.2963847541809082
              Training MSE Angle: 0.1512564155790541		 Val MSE Angle: 0.14062305450439452
	      Training MAE Shift: 0.038046187824673124		 Val MAE Shift: 0.03454293966293335
              Training Euclidean Shift: 0.05978475014368693	 Val Euclidean Shift: 0.05404991626739502


Epoch 15/300: Training Loss: 0.15324034955766466		 Val Loss: 0.14361391067504883
	      Training MAE Angle: 0.2837544017367893		 Val MAE Angle: 0.27339141845703124
              Training MSE Angle: 0.13234837849934897		 Val MSE Angle: 0.12447900772094726
	      Training MAE Shift: 0.03287386894226074		 Val MAE Shift: 0.03032701015472412
              Training Euclidean Shift: 0.05168954531351725	 Val Euclidean Shift: 0.047425971031188965


Epoch 16/300: Training Loss: 0.13453294171227348		 Val Loss: 0.1402299976348877
	      Training MAE Angle: 0.26091371642218697		 Val MAE Angle: 0.27087223052978515
              Training MSE Angle: 0.1164323886235555		 Val MSE Angle: 0.12260356903076172
	      Training MAE Shift: 0.03063944313261244		 Val MAE Shift: 0.030200934410095213
              Training Euclidean Shift: 0.04816375176111857	 Val Euclidean Shift: 0.04737009525299072


Epoch 17/300: Training Loss: 0.12866146034664577		 Val Loss: 0.11905023574829102
	      Training MAE Angle: 0.2542376783159044		 Val MAE Angle: 0.24182031631469728
              Training MSE Angle: 0.11191685994466145		 Val MSE Angle: 0.10340375900268554
	      Training MAE Shift: 0.02905950281355116		 Val MAE Shift: 0.02907151937484741
              Training Euclidean Shift: 0.045609609948264226	 Val Euclidean Shift: 0.04543265342712402


Epoch 18/300: Training Loss: 0.11494554413689508		 Val Loss: 0.12598427772521972
	      Training MAE Angle: 0.23785638809204102		 Val MAE Angle: 0.24451509475708008
              Training MSE Angle: 0.09943348169326782		 Val MSE Angle: 0.10315943717956542
	      Training MAE Shift: 0.028421617216534086		 Val MAE Shift: 0.03232221603393555
              Training Euclidean Shift: 0.044672764009899564	 Val Euclidean Shift: 0.05037440299987793


Epoch 19/300: Training Loss: 0.11728204621209039		 Val Loss: 0.11270942687988281
	      Training MAE Angle: 0.23370695114135742		 Val MAE Angle: 0.23593681335449218
              Training MSE Angle: 0.09761740101708306		 Val MSE Angle: 0.09760568618774414
	      Training MAE Shift: 0.030485156509611342		 Val MAE Shift: 0.027148239612579346
              Training Euclidean Shift: 0.04793382353252835	 Val Euclidean Shift: 0.04257400512695313


Epoch 20/300: Training Loss: 0.1153364446428087		 Val Loss: 0.12858223915100098
	      Training MAE Angle: 0.2282181845770942		 Val MAE Angle: 0.24070053100585936
              Training MSE Angle: 0.09489032295015123		 Val MSE Angle: 0.10286172866821289
	      Training MAE Shift: 0.03184882468647427		 Val MAE Shift: 0.03761499166488647
              Training Euclidean Shift: 0.05008242196506924	 Val Euclidean Shift: 0.05870534420013428


Epoch 21/300: Training Loss: 0.11520984437730578		 Val Loss: 0.11996015548706054
	      Training MAE Angle: 0.2257597181532118		 Val MAE Angle: 0.23513847351074219
              Training MSE Angle: 0.09325618214077419		 Val MSE Angle: 0.0965529727935791
	      Training MAE Shift: 0.03254817922910055		 Val MAE Shift: 0.0380912446975708
              Training Euclidean Shift: 0.051255335410436	 Val Euclidean Shift: 0.05981521606445313


Epoch 22/300: Training Loss: 0.09577023983001709		 Val Loss: 0.08458593368530273
	      Training MAE Angle: 0.20936748716566297		 Val MAE Angle: 0.19113828659057616
              Training MSE Angle: 0.08152192168765598		 Val MSE Angle: 0.07077960014343261
	      Training MAE Shift: 0.026768411199251812		 Val MAE Shift: 0.023265302181243896
              Training Euclidean Shift: 0.04219418432977465	 Val Euclidean Shift: 0.03659993648529053


Epoch 23/300: Training Loss: 0.09067101611031426		 Val Loss: 0.08353768348693848
	      Training MAE Angle: 0.200477229224311		 Val MAE Angle: 0.19205001831054688
              Training MSE Angle: 0.07544236050711738		 Val MSE Angle: 0.07032799243927002
	      Training MAE Shift: 0.027353962262471516		 Val MAE Shift: 0.024558861255645752
              Training Euclidean Shift: 0.043014870749579534	 Val Euclidean Shift: 0.03886345624923706


Epoch 24/300: Training Loss: 0.08628223339716594		 Val Loss: 0.08966733932495118
	      Training MAE Angle: 0.19552254676818848		 Val MAE Angle: 0.206223201751709
              Training MSE Angle: 0.07248479127883911		 Val MSE Angle: 0.0793416976928711
	      Training MAE Shift: 0.02645419869158003		 Val MAE Shift: 0.022436935901641846
              Training Euclidean Shift: 0.04156702094607883	 Val Euclidean Shift: 0.0350669264793396


Epoch 25/300: Training Loss: 0.08574991093741523		 Val Loss: 0.08801268577575684
	      Training MAE Angle: 0.19320707850986057		 Val MAE Angle: 0.19207931518554688
              Training MSE Angle: 0.07086222039328681		 Val MSE Angle: 0.07020359516143798
	      Training MAE Shift: 0.02693060702747769		 Val MAE Shift: 0.027604403495788573
              Training Euclidean Shift: 0.0423697034517924	 Val Euclidean Shift: 0.04349763393402099


Epoch 26/300: Training Loss: 0.08665864997439915		 Val Loss: 0.0735431432723999
	      Training MAE Angle: 0.1926722526550293		 Val MAE Angle: 0.17654094696044922
              Training MSE Angle: 0.07056981325149536		 Val MSE Angle: 0.06014242172241211
	      Training MAE Shift: 0.027887860933939617		 Val MAE Shift: 0.023507509231567383
              Training Euclidean Shift: 0.04392464955647787	 Val Euclidean Shift: 0.037102530002593996


Epoch 27/300: Training Loss: 0.08123772674136692		 Val Loss: 0.08020298957824706
	      Training MAE Angle: 0.1861039267645942		 Val MAE Angle: 0.1830764579772949
              Training MSE Angle: 0.0679931706852383		 Val MSE Angle: 0.06774630546569824
	      Training MAE Shift: 0.025207878814803228		 Val MAE Shift: 0.024901211261749268
              Training Euclidean Shift: 0.0396507183710734	 Val Euclidean Shift: 0.038972127437591556


Epoch 28/300: Training Loss: 0.07744498385323419		 Val Loss: 0.07655134201049804
	      Training MAE Angle: 0.17924655808342826		 Val MAE Angle: 0.17971353530883788
              Training MSE Angle: 0.06400496429867214		 Val MSE Angle: 0.06422408103942871
	      Training MAE Shift: 0.02614788876639472		 Val MAE Shift: 0.023503317832946777
              Training Euclidean Shift: 0.041031102339426674	 Val Euclidean Shift: 0.03710018396377564


Epoch 29/300: Training Loss: 0.07482884327570598		 Val Loss: 0.08529633522033692
	      Training MAE Angle: 0.17672153313954672		 Val MAE Angle: 0.19172266006469726
              Training MSE Angle: 0.06133984194861518		 Val MSE Angle: 0.07037131786346436
	      Training MAE Shift: 0.02542361617088318		 Val MAE Shift: 0.028415331840515135
              Training Euclidean Shift: 0.039900888999303184	 Val Euclidean Shift: 0.044845995903015134


Epoch 30/300: Training Loss: 0.07339772250917223		 Val Loss: 0.08216042518615722
	      Training MAE Angle: 0.17333575089772543		 Val MAE Angle: 0.18328657150268554
              Training MSE Angle: 0.05936768319871691		 Val MSE Angle: 0.06510125637054444
	      Training MAE Shift: 0.026113847891489666		 Val MAE Shift: 0.028502984046936033
              Training Euclidean Shift: 0.04112851619720459	 Val Euclidean Shift: 0.04516789436340332


Epoch 31/300: Training Loss: 0.0719270904858907		 Val Loss: 0.06941900253295899
	      Training MAE Angle: 0.1689642137951321		 Val MAE Angle: 0.16552467346191407
              Training MSE Angle: 0.05816430515713162		 Val MSE Angle: 0.05332507133483887
	      Training MAE Shift: 0.026202561126814947		 Val MAE Shift: 0.027235238552093505
              Training Euclidean Shift: 0.04121321108606127	 Val Euclidean Shift: 0.04283567905426025


Epoch 32/300: Training Loss: 0.06947379642062718		 Val Loss: 0.07405885696411132
	      Training MAE Angle: 0.1682611968782213		 Val MAE Angle: 0.1631629180908203
              Training MSE Angle: 0.05659203396903144		 Val MSE Angle: 0.05639933586120605
	      Training MAE Shift: 0.024486563271946378		 Val MAE Shift: 0.032690539360046386
              Training Euclidean Shift: 0.03852731982866923	 Val Euclidean Shift: 0.05152825832366943


Epoch 33/300: Training Loss: 0.07075182596842448		 Val Loss: 0.06914963245391846
	      Training MAE Angle: 0.17187964916229248		 Val MAE Angle: 0.16465152740478517
              Training MSE Angle: 0.05918044514126248		 Val MSE Angle: 0.05445444583892822
	      Training MAE Shift: 0.023856969343291387		 Val MAE Shift: 0.025415139198303224
              Training Euclidean Shift: 0.03760459025700887	 Val Euclidean Shift: 0.039639277458190916


Epoch 34/300: Training Loss: 0.08282774024539524		 Val Loss: 0.10317072868347169
	      Training MAE Angle: 0.17605755064222547		 Val MAE Angle: 0.182274227142334
              Training MSE Angle: 0.06216891606648763		 Val MSE Angle: 0.071134991645813
	      Training MAE Shift: 0.0304750833246443		 Val MAE Shift: 0.0389165186882019
              Training Euclidean Shift: 0.047796785831451416	 Val Euclidean Shift: 0.06128358840942383


Epoch 35/300: Training Loss: 0.0817682147026062		 Val Loss: 0.0752092695236206
	      Training MAE Angle: 0.17490711477067736		 Val MAE Angle: 0.17409448623657225
              Training MSE Angle: 0.06051919857660929		 Val MSE Angle: 0.05973897457122803
	      Training MAE Shift: 0.032629827658335366		 Val MAE Shift: 0.02875871419906616
              Training Euclidean Shift: 0.05118756161795722	 Val Euclidean Shift: 0.04535006046295166


Epoch 36/300: Training Loss: 0.07135193215476142		 Val Loss: 0.07869319438934326
	      Training MAE Angle: 0.1663413577609592		 Val MAE Angle: 0.1671807861328125
              Training MSE Angle: 0.05561222632726034		 Val MSE Angle: 0.05963888168334961
	      Training MAE Shift: 0.02714363071653578		 Val MAE Shift: 0.029990184307098388
              Training Euclidean Shift: 0.04267232616742452	 Val Euclidean Shift: 0.04737130165100098


Epoch 37/300: Training Loss: 0.06702113813824123		 Val Loss: 0.07121690273284913
	      Training MAE Angle: 0.1612696780098809		 Val MAE Angle: 0.17720640182495118
              Training MSE Angle: 0.053179373343785606		 Val MSE Angle: 0.06118781089782715
	      Training MAE Shift: 0.02580603626039293		 Val MAE Shift: 0.02294961929321289
              Training Euclidean Shift: 0.040619999170303345	 Val Euclidean Shift: 0.03611016035079956


Epoch 38/300: Training Loss: 0.061863475375705294		 Val Loss: 0.06765679359436035
	      Training MAE Angle: 0.1572137541241116		 Val MAE Angle: 0.1605462646484375
              Training MSE Angle: 0.0510330597559611		 Val MSE Angle: 0.055721373558044435
	      Training MAE Shift: 0.02287458876768748		 Val MAE Shift: 0.02280764579772949
              Training Euclidean Shift: 0.03589299652311537	 Val Euclidean Shift: 0.035889613628387454


Epoch 39/300: Training Loss: 0.062210785018073186		 Val Loss: 0.07037192821502686
	      Training MAE Angle: 0.15704629156324598		 Val MAE Angle: 0.16918643951416015
              Training MSE Angle: 0.051609175072775945		 Val MSE Angle: 0.05789844036102295
	      Training MAE Shift: 0.022499816285239324		 Val MAE Shift: 0.023188819885253908
              Training Euclidean Shift: 0.035325166251924306	 Val Euclidean Shift: 0.036285150051116946


Epoch 40/300: Training Loss: 0.05878000789218479		 Val Loss: 0.05912497043609619
	      Training MAE Angle: 0.153313676516215		 Val MAE Angle: 0.14675798416137695
              Training MSE Angle: 0.0483896533648173		 Val MSE Angle: 0.047411742210388186
	      Training MAE Shift: 0.022510422600640193		 Val MAE Shift: 0.0219582462310791
              Training Euclidean Shift: 0.035435782538519964	 Val Euclidean Shift: 0.0343425178527832


Epoch 41/300: Training Loss: 0.056694494353400335		 Val Loss: 0.05928590774536133
	      Training MAE Angle: 0.14985324276818168		 Val MAE Angle: 0.15149589538574218
              Training MSE Angle: 0.04652391208542718		 Val MSE Angle: 0.0491521692276001
	      Training MAE Shift: 0.022466096613142226		 Val MAE Shift: 0.02277242183685303
              Training Euclidean Shift: 0.03529193997383118	 Val Euclidean Shift: 0.0358115816116333


Epoch 42/300: Training Loss: 0.059490044911702476		 Val Loss: 0.06289951801300049
	      Training MAE Angle: 0.15339500374264187		 Val MAE Angle: 0.1638607406616211
              Training MSE Angle: 0.04911173714531793		 Val MSE Angle: 0.05120046615600586
	      Training MAE Shift: 0.022161743707127042		 Val MAE Shift: 0.024509892463684083
              Training Euclidean Shift: 0.03486384948094686	 Val Euclidean Shift: 0.038924109935760495


Epoch 43/300: Training Loss: 0.05909219053056505		 Val Loss: 0.060568294525146484
	      Training MAE Angle: 0.15075243843926323		 Val MAE Angle: 0.1479794979095459
              Training MSE Angle: 0.04801929659313626		 Val MSE Angle: 0.04907511711120605
	      Training MAE Shift: 0.02211696571773953		 Val MAE Shift: 0.021054527759552
              Training Euclidean Shift: 0.034827861520979136	 Val Euclidean Shift: 0.033095428943634035


Epoch 44/300: Training Loss: 0.08510257800420125		 Val Loss: 0.0708533525466919
	      Training MAE Angle: 0.1709446907043457		 Val MAE Angle: 0.15304093360900878
              Training MSE Angle: 0.060459918446011014		 Val MSE Angle: 0.05043374538421631
	      Training MAE Shift: 0.03392430477672153		 Val MAE Shift: 0.032358787059783935
              Training Euclidean Shift: 0.05323778258429633	 Val Euclidean Shift: 0.05098714828491211


Epoch 45/300: Training Loss: 0.06314720710118611		 Val Loss: 0.057782440185546874
	      Training MAE Angle: 0.15566077497270372		 Val MAE Angle: 0.13973155975341797
              Training MSE Angle: 0.04972364836268955		 Val MSE Angle: 0.044061317443847656
	      Training MAE Shift: 0.025454204943444993		 Val MAE Shift: 0.025677599906921388
              Training Euclidean Shift: 0.04008661376105414	 Val Euclidean Shift: 0.040039963722229004


Epoch 46/300: Training Loss: 0.0605902804268731		 Val Loss: 0.0620490026473999
	      Training MAE Angle: 0.14915680885314941		 Val MAE Angle: 0.14643017768859865
              Training MSE Angle: 0.04811377657784356		 Val MSE Angle: 0.04899240970611572
	      Training MAE Shift: 0.02471879952483707		 Val MAE Shift: 0.024869611263275148
              Training Euclidean Shift: 0.038893434736463756	 Val Euclidean Shift: 0.039046270847320555


Epoch 47/300: Training Loss: 0.06110547648535834		 Val Loss: 0.06948366165161132
	      Training MAE Angle: 0.15015591515435112		 Val MAE Angle: 0.145463809967041
              Training MSE Angle: 0.04781574341985914		 Val MSE Angle: 0.045546226501464844
	      Training MAE Shift: 0.024565075834592182		 Val MAE Shift: 0.03385250091552734
              Training Euclidean Shift: 0.038742923074298434	 Val Euclidean Shift: 0.05303292274475098


Epoch 48/300: Training Loss: 0.059003088209364146		 Val Loss: 0.05031836986541748
	      Training MAE Angle: 0.14864295058780247		 Val MAE Angle: 0.1407269763946533
              Training MSE Angle: 0.04764792654249403		 Val MSE Angle: 0.04087048530578613
	      Training MAE Shift: 0.023944753739568923		 Val MAE Shift: 0.020201570987701416
              Training Euclidean Shift: 0.03759092423650953	 Val Euclidean Shift: 0.031690008640289306


Epoch 49/300: Training Loss: 0.055800298849741616		 Val Loss: 0.0628612232208252
	      Training MAE Angle: 0.14422068330976698		 Val MAE Angle: 0.15684951782226564
              Training MSE Angle: 0.04533449477619595		 Val MSE Angle: 0.049937105178833006
	      Training MAE Shift: 0.021896244751082525		 Val MAE Shift: 0.02590590953826904
              Training Euclidean Shift: 0.034382505549324885	 Val Euclidean Shift: 0.0408237886428833


Epoch 50/300: Training Loss: 0.0686746637026469		 Val Loss: 0.06362582206726074
	      Training MAE Angle: 0.15661149554782444		 Val MAE Angle: 0.14848740577697753
              Training MSE Angle: 0.052538775735431247		 Val MSE Angle: 0.04992520332336426
	      Training MAE Shift: 0.027328516046206158		 Val MAE Shift: 0.022514865398406983
              Training Euclidean Shift: 0.04298427700996399	 Val Euclidean Shift: 0.035477910041809085


Epoch 51/300: Training Loss: 0.06145041518741184		 Val Loss: 0.05553831100463867
	      Training MAE Angle: 0.15090947681003147		 Val MAE Angle: 0.1396474266052246
              Training MSE Angle: 0.048256890641318426		 Val MSE Angle: 0.04364283561706543
	      Training MAE Shift: 0.024690118100908067		 Val MAE Shift: 0.020939078330993652
              Training Euclidean Shift: 0.038807723257276744	 Val Euclidean Shift: 0.03279899835586548


Epoch 52/300: Training Loss: 0.055227461788389415		 Val Loss: 0.06002898216247558
	      Training MAE Angle: 0.14344268374972874		 Val MAE Angle: 0.1621430969238281
              Training MSE Angle: 0.04496047231886122		 Val MSE Angle: 0.04959778785705567
	      Training MAE Shift: 0.022254900799857244		 Val MAE Shift: 0.02174818277359009
              Training Euclidean Shift: 0.035020662678612605	 Val Euclidean Shift: 0.03415221929550171


Epoch 53/300: Training Loss: 0.05332664979828729		 Val Loss: 0.05279400825500488
	      Training MAE Angle: 0.14047839906480578		 Val MAE Angle: 0.135602388381958
              Training MSE Angle: 0.04251239034864637		 Val MSE Angle: 0.04210550785064697
	      Training MAE Shift: 0.022207308146688674		 Val MAE Shift: 0.021015961170196534
              Training Euclidean Shift: 0.034920586480034724	 Val Euclidean Shift: 0.033123288154602054


Epoch 54/300: Training Loss: 0.05190151929855347		 Val Loss: 0.04899675369262695
	      Training MAE Angle: 0.13760358757442898		 Val MAE Angle: 0.12860756874084472
              Training MSE Angle: 0.041049460570017494		 Val MSE Angle: 0.03897976398468018
	      Training MAE Shift: 0.021840675009621516		 Val MAE Shift: 0.020217127799987793
              Training Euclidean Shift: 0.034414082765579224	 Val Euclidean Shift: 0.031891839504241945


Epoch 55/300: Training Loss: 0.04783410165044996		 Val Loss: 0.05477619171142578
	      Training MAE Angle: 0.13237396876017252		 Val MAE Angle: 0.14079333305358888
              Training MSE Angle: 0.0383774307039049		 Val MSE Angle: 0.042904114723205565
	      Training MAE Shift: 0.021115937166743808		 Val MAE Shift: 0.02468921184539795
              Training Euclidean Shift: 0.03316708074675666	 Val Euclidean Shift: 0.038714637756347654


Epoch 56/300: Training Loss: 0.052686459488338895		 Val Loss: 0.05769219398498535
	      Training MAE Angle: 0.13778106371561685		 Val MAE Angle: 0.1329457664489746
              Training MSE Angle: 0.0421737531820933		 Val MSE Angle: 0.042321691513061525
	      Training MAE Shift: 0.02212273246712155		 Val MAE Shift: 0.019581410884857178
              Training Euclidean Shift: 0.03479577766524421	 Val Euclidean Shift: 0.031005003452301026


Epoch 57/300: Training Loss: 0.04783970448705885		 Val Loss: 0.05669551372528076
	      Training MAE Angle: 0.13214955064985487		 Val MAE Angle: 0.14284881591796875
              Training MSE Angle: 0.03858958681424459		 Val MSE Angle: 0.04251546859741211
	      Training MAE Shift: 0.02056178119447496		 Val MAE Shift: 0.02428666114807129
              Training Euclidean Shift: 0.03233076135317484	 Val Euclidean Shift: 0.03816988229751587


Epoch 58/300: Training Loss: 0.04964784781138102		 Val Loss: 0.05753836154937744
	      Training MAE Angle: 0.13262540764278835		 Val MAE Angle: 0.14443196296691896
              Training MSE Angle: 0.03992790314886305		 Val MSE Angle: 0.047427306175231936
	      Training MAE Shift: 0.021095454692840576		 Val MAE Shift: 0.0209293007850647
              Training Euclidean Shift: 0.033232414060168795	 Val Euclidean Shift: 0.032717306613922116


Epoch 59/300: Training Loss: 0.047963208622402616		 Val Loss: 0.04261022090911865
	      Training MAE Angle: 0.13049725691477457		 Val MAE Angle: 0.1232882022857666
              Training MSE Angle: 0.037458860211902194		 Val MSE Angle: 0.03253918647766113
	      Training MAE Shift: 0.022207442257139418		 Val MAE Shift: 0.022598648071289064
              Training Euclidean Shift: 0.034844040870666504	 Val Euclidean Shift: 0.03553481817245483


Epoch 60/300: Training Loss: 0.04959120684199863		 Val Loss: 0.045523943901062014
	      Training MAE Angle: 0.13342147403293186		 Val MAE Angle: 0.12680663108825685
              Training MSE Angle: 0.039971351623535156		 Val MSE Angle: 0.035888442993164064
	      Training MAE Shift: 0.02129196458392673		 Val MAE Shift: 0.020461175441741943
              Training Euclidean Shift: 0.03345179888937208	 Val Euclidean Shift: 0.032308316230773924


Epoch 61/300: Training Loss: 0.05101236701011658		 Val Loss: 0.07724211692810058
	      Training MAE Angle: 0.1344369782341851		 Val MAE Angle: 0.15951410293579102
              Training MSE Angle: 0.03969341847631666		 Val MSE Angle: 0.054119110107421875
	      Training MAE Shift: 0.022623095247480605		 Val MAE Shift: 0.03341788053512573
              Training Euclidean Shift: 0.03559684753417969	 Val Euclidean Shift: 0.05253491401672363


Epoch 62/300: Training Loss: 0.05015229516559177		 Val Loss: 0.05323033332824707
	      Training MAE Angle: 0.13158836629655626		 Val MAE Angle: 0.13026350021362304
              Training MSE Angle: 0.039042297336790294		 Val MSE Angle: 0.04163304805755615
	      Training MAE Shift: 0.022917537225617304		 Val MAE Shift: 0.022505390644073486
              Training Euclidean Shift: 0.03606368104616801	 Val Euclidean Shift: 0.03548485517501831


Epoch 63/300: Training Loss: 0.049401021665996976		 Val Loss: 0.06124636173248291
	      Training MAE Angle: 0.1314097907808092		 Val MAE Angle: 0.1560972785949707
              Training MSE Angle: 0.03909208377202352		 Val MSE Angle: 0.052545905113220215
	      Training MAE Shift: 0.021722455819447834		 Val MAE Shift: 0.020229394435882567
              Training Euclidean Shift: 0.034182760450575084	 Val Euclidean Shift: 0.031713280677795413


Epoch 64/300: Training Loss: 0.050292780001958214		 Val Loss: 0.046249170303344724
	      Training MAE Angle: 0.1329676972495185		 Val MAE Angle: 0.1227648639678955
              Training MSE Angle: 0.04079749849107531		 Val MSE Angle: 0.03377523899078369
	      Training MAE Shift: 0.021172334750493366		 Val MAE Shift: 0.02462001085281372
              Training Euclidean Shift: 0.03333149022526211	 Val Euclidean Shift: 0.038937056064605714


Epoch 65/300: Training Loss: 0.045105440749062434		 Val Loss: 0.046364240646362305
	      Training MAE Angle: 0.12472535504235162		 Val MAE Angle: 0.12504396438598633
              Training MSE Angle: 0.03537647591696845		 Val MSE Angle: 0.036972265243530276
	      Training MAE Shift: 0.020911986629168194		 Val MAE Shift: 0.01950268626213074
              Training Euclidean Shift: 0.03291440010070801	 Val Euclidean Shift: 0.030621333122253416


Epoch 66/300: Training Loss: 0.04728723896874322		 Val Loss: 0.0474765157699585
	      Training MAE Angle: 0.12846656640370688		 Val MAE Angle: 0.12309582710266113
              Training MSE Angle: 0.03823672400580512		 Val MSE Angle: 0.03745752811431885
	      Training MAE Shift: 0.021164620916048687		 Val MAE Shift: 0.020996665954589842
              Training Euclidean Shift: 0.03324268592728509	 Val Euclidean Shift: 0.03310215711593628


Epoch 67/300: Training Loss: 0.04423345459832086		 Val Loss: 0.048050856590270995
	      Training MAE Angle: 0.12182199954986572		 Val MAE Angle: 0.12608346939086915
              Training MSE Angle: 0.03384951419300503		 Val MSE Angle: 0.03718018293380737
	      Training MAE Shift: 0.021759385863939922		 Val MAE Shift: 0.02076192855834961
              Training Euclidean Shift: 0.034216337733798556	 Val Euclidean Shift: 0.032859127521514896


Epoch 68/300: Training Loss: 0.04693581991725498		 Val Loss: 0.049292593002319335
	      Training MAE Angle: 0.12612295150756836		 Val MAE Angle: 0.1328732967376709
              Training MSE Angle: 0.03701138496398926		 Val MSE Angle: 0.03998815059661865
	      Training MAE Shift: 0.021589794092708163		 Val MAE Shift: 0.020254526138305664
              Training Euclidean Shift: 0.033940056959788	 Val Euclidean Shift: 0.031789157390594486


Epoch 69/300: Training Loss: 0.04424678617053562		 Val Loss: 0.04153469562530518
	      Training MAE Angle: 0.12370724148220485		 Val MAE Angle: 0.12100751876831055
              Training MSE Angle: 0.03509609235657586		 Val MSE Angle: 0.032001359462738035
	      Training MAE Shift: 0.019882753491401672		 Val MAE Shift: 0.022177047729492187
              Training Euclidean Shift: 0.031325207816229925	 Val Euclidean Shift: 0.03469979763031006


Epoch 70/300: Training Loss: 0.04326421022415161		 Val Loss: 0.053192667961120606
	      Training MAE Angle: 0.12211563852098253		 Val MAE Angle: 0.13909174919128417
              Training MSE Angle: 0.0339531401793162		 Val MSE Angle: 0.04252746105194092
	      Training MAE Shift: 0.020550103651152715		 Val MAE Shift: 0.023890745639801026
              Training Euclidean Shift: 0.03233571516142951	 Val Euclidean Shift: 0.03735661506652832


Epoch 71/300: Training Loss: 0.043633209334479436		 Val Loss: 0.041967973709106446
	      Training MAE Angle: 0.12176089816623265		 Val MAE Angle: 0.11768686294555664
              Training MSE Angle: 0.03412278493245443		 Val MSE Angle: 0.03312126159667969
	      Training MAE Shift: 0.0204770200782352		 Val MAE Shift: 0.020102672576904297
              Training Euclidean Shift: 0.03220995267232259	 Val Euclidean Shift: 0.03159564256668091


Epoch 72/300: Training Loss: 0.046849300463994346		 Val Loss: 0.045678534507751466
	      Training MAE Angle: 0.12760473622216117		 Val MAE Angle: 0.12285181045532227
              Training MSE Angle: 0.036544756756888494		 Val MSE Angle: 0.03538084983825684
	      Training MAE Shift: 0.021452162000868056		 Val MAE Shift: 0.02140446186065674
              Training Euclidean Shift: 0.03375131222936842	 Val Euclidean Shift: 0.03368157148361206


Epoch 73/300: Training Loss: 0.044307218657599554		 Val Loss: 0.047331738471984866
	      Training MAE Angle: 0.12263333797454834		 Val MAE Angle: 0.12340313911437989
              Training MSE Angle: 0.034780253966649376		 Val MSE Angle: 0.03558333396911621
	      Training MAE Shift: 0.021072728766335383		 Val MAE Shift: 0.022042431831359864
              Training Euclidean Shift: 0.033117724789513484	 Val Euclidean Shift: 0.03475148916244507


Epoch 74/300: Training Loss: 0.0416407585144043		 Val Loss: 0.06041379451751709
	      Training MAE Angle: 0.11878351370493571		 Val MAE Angle: 0.13609447479248046
              Training MSE Angle: 0.03268045518133375		 Val MSE Angle: 0.04395990371704102
	      Training MAE Shift: 0.02041501800219218		 Val MAE Shift: 0.027312581539154054
              Training Euclidean Shift: 0.032067047225104436	 Val Euclidean Shift: 0.0429346513748169


Epoch 75/300: Training Loss: 0.04423983229531182		 Val Loss: 0.03772061824798584
	      Training MAE Angle: 0.12130166424645318		 Val MAE Angle: 0.11628726005554199
              Training MSE Angle: 0.033765686882866755		 Val MSE Angle: 0.028198230266571044
	      Training MAE Shift: 0.022088287605179682		 Val MAE Shift: 0.0211578369140625
              Training Euclidean Shift: 0.034733560350206166	 Val Euclidean Shift: 0.0333624792098999


Epoch 76/300: Training Loss: 0.04210003217061361		 Val Loss: 0.04244439125061035
	      Training MAE Angle: 0.12045975526173909		 Val MAE Angle: 0.11639381408691406
              Training MSE Angle: 0.03299948241975573		 Val MSE Angle: 0.03312698364257813
	      Training MAE Shift: 0.02003325190809038		 Val MAE Shift: 0.02143993377685547
              Training Euclidean Shift: 0.03156297074423896	 Val Euclidean Shift: 0.033488402366638186


Epoch 77/300: Training Loss: 0.04371695054901971		 Val Loss: 0.04875949859619141
	      Training MAE Angle: 0.1198536819881863		 Val MAE Angle: 0.1320978260040283
              Training MSE Angle: 0.03375040160285102		 Val MSE Angle: 0.03994374990463257
	      Training MAE Shift: 0.021272361278533936		 Val MAE Shift: 0.01918326497077942
              Training Euclidean Shift: 0.03342759940359327	 Val Euclidean Shift: 0.03029048681259155


Epoch 78/300: Training Loss: 0.03774961829185486		 Val Loss: 0.04108386516571045
	      Training MAE Angle: 0.11323040061526829		 Val MAE Angle: 0.11383520126342773
              Training MSE Angle: 0.02957924869325426		 Val MSE Angle: 0.031957850456237794
	      Training MAE Shift: 0.019038794769181147		 Val MAE Shift: 0.01983256459236145
              Training Euclidean Shift: 0.029999650186962552	 Val Euclidean Shift: 0.0313908576965332


Epoch 79/300: Training Loss: 0.04060143894619412		 Val Loss: 0.042031559944152835
	      Training MAE Angle: 0.11598681079016791		 Val MAE Angle: 0.11616263389587403
              Training MSE Angle: 0.03127880560027228		 Val MSE Angle: 0.033948342800140384
	      Training MAE Shift: 0.020151856872770522		 Val MAE Shift: 0.018771899938583372
              Training Euclidean Shift: 0.03168103098869324	 Val Euclidean Shift: 0.029700875282287598


Epoch 80/300: Training Loss: 0.044331481059392296		 Val Loss: 0.04186926364898682
	      Training MAE Angle: 0.12047184838189019		 Val MAE Angle: 0.1181612777709961
              Training MSE Angle: 0.034560720125834145		 Val MSE Angle: 0.031871061325073245
	      Training MAE Shift: 0.02056553794278039		 Val MAE Shift: 0.020971124172210694
              Training Euclidean Shift: 0.032349987162484065	 Val Euclidean Shift: 0.03272552490234375


Epoch 81/300: Training Loss: 0.04190540313720703		 Val Loss: 0.04253566265106201
	      Training MAE Angle: 0.12170076370239258		 Val MAE Angle: 0.12015191078186035
              Training MSE Angle: 0.0338515837987264		 Val MSE Angle: 0.03419708967208862
	      Training MAE Shift: 0.019585837920506794		 Val MAE Shift: 0.018497140407562257
              Training Euclidean Shift: 0.0307822757297092	 Val Euclidean Shift: 0.029071662425994873


Epoch 82/300: Training Loss: 0.04295722974671258		 Val Loss: 0.03813852071762085
	      Training MAE Angle: 0.11744266086154515		 Val MAE Angle: 0.10699897766113281
              Training MSE Angle: 0.03297400805685255		 Val MSE Angle: 0.02929049015045166
	      Training MAE Shift: 0.021130346589618258		 Val MAE Shift: 0.018880815505981446
              Training Euclidean Shift: 0.03327039215299818	 Val Euclidean Shift: 0.029889483451843262


Epoch 83/300: Training Loss: 0.04166461030642191		 Val Loss: 0.05984706878662109
	      Training MAE Angle: 0.11738117535909016		 Val MAE Angle: 0.12842811584472658
              Training MSE Angle: 0.03224546710650126		 Val MSE Angle: 0.038718457221984866
	      Training MAE Shift: 0.020682356423801847		 Val MAE Shift: 0.03135060310363769
              Training Euclidean Shift: 0.03245437145233154	 Val Euclidean Shift: 0.04904925346374512


Epoch 84/300: Training Loss: 0.0462357136938307		 Val Loss: 0.04194520473480225
	      Training MAE Angle: 0.12387412124209934		 Val MAE Angle: 0.11231906890869141
              Training MSE Angle: 0.03515989912880792		 Val MSE Angle: 0.03197257041931152
	      Training MAE Shift: 0.023718371987342834		 Val MAE Shift: 0.020102927684783934
              Training Euclidean Shift: 0.03726309537887573	 Val Euclidean Shift: 0.03157736301422119


Epoch 85/300: Training Loss: 0.03985375828213162		 Val Loss: 0.03786471366882324
	      Training MAE Angle: 0.11473306020100911		 Val MAE Angle: 0.10542095184326172
              Training MSE Angle: 0.030979325373967487		 Val MSE Angle: 0.028426005840301513
	      Training MAE Shift: 0.019725514782799616		 Val MAE Shift: 0.020224714279174806
              Training Euclidean Shift: 0.031062867906358507	 Val Euclidean Shift: 0.031673591136932376


Epoch 86/300: Training Loss: 0.04353748427497016		 Val Loss: 0.037008991241455076
	      Training MAE Angle: 0.11744683318667942		 Val MAE Angle: 0.11256431579589844
              Training MSE Angle: 0.03296883569823371		 Val MSE Angle: 0.028254964351654054
	      Training MAE Shift: 0.021686780783865187		 Val MAE Shift: 0.019284898042678834
              Training Euclidean Shift: 0.034124556514951915	 Val Euclidean Shift: 0.030321562290191652


Epoch 87/300: Training Loss: 0.039817743831210665		 Val Loss: 0.040909337997436526
	      Training MAE Angle: 0.11490106582641602		 Val MAE Angle: 0.11883695602416992
              Training MSE Angle: 0.031185673342810735		 Val MSE Angle: 0.03077608346939087
	      Training MAE Shift: 0.019927879174550373		 Val MAE Shift: 0.0208261775970459
              Training Euclidean Shift: 0.03140870398945279	 Val Euclidean Shift: 0.032780659198760984


Epoch 88/300: Training Loss: 0.038532803455988564		 Val Loss: 0.03954746007919312
	      Training MAE Angle: 0.11362418863508436		 Val MAE Angle: 0.11228529930114746
              Training MSE Angle: 0.030577613247765437		 Val MSE Angle: 0.02981982707977295
	      Training MAE Shift: 0.01895091599888272		 Val MAE Shift: 0.020483548641204833
              Training Euclidean Shift: 0.029799875285890367	 Val Euclidean Shift: 0.03226409673690796


Epoch 89/300: Training Loss: 0.03937025533782111		 Val Loss: 0.0405564546585083
	      Training MAE Angle: 0.11392109923892552		 Val MAE Angle: 0.12035728454589843
              Training MSE Angle: 0.030905806356006198		 Val MSE Angle: 0.030814480781555176
	      Training MAE Shift: 0.019730826218922932		 Val MAE Shift: 0.02174638271331787
              Training Euclidean Shift: 0.0309722191757626	 Val Euclidean Shift: 0.034196045398712155


Epoch 90/300: Training Loss: 0.036853426032596164		 Val Loss: 0.03113460063934326
	      Training MAE Angle: 0.10975447628233168		 Val MAE Angle: 0.10475427627563477
              Training MSE Angle: 0.028501712613635592		 Val MSE Angle: 0.024806783199310303
	      Training MAE Shift: 0.019467118713590834		 Val MAE Shift: 0.016975008249282837
              Training Euclidean Shift: 0.030624488989512127	 Val Euclidean Shift: 0.0266762113571167


Epoch 91/300: Training Loss: 0.03775144285625882		 Val Loss: 0.0411109209060669
	      Training MAE Angle: 0.11188716358608669		 Val MAE Angle: 0.1161970329284668
              Training MSE Angle: 0.029943019151687622		 Val MSE Angle: 0.03195580720901489
	      Training MAE Shift: 0.01918685601817237		 Val MAE Shift: 0.01806364893913269
              Training Euclidean Shift: 0.030195391840404935	 Val Euclidean Shift: 0.02843766212463379


Epoch 92/300: Training Loss: 0.03968233863512675		 Val Loss: 0.046039824485778806
	      Training MAE Angle: 0.11200706164042155		 Val MAE Angle: 0.1285379409790039
              Training MSE Angle: 0.030908395846684773		 Val MSE Angle: 0.03621713638305664
	      Training MAE Shift: 0.01966561708185408		 Val MAE Shift: 0.021792845726013185
              Training Euclidean Shift: 0.03093830744425456	 Val Euclidean Shift: 0.03413480997085571


Epoch 93/300: Training Loss: 0.03881474335988363		 Val Loss: 0.03643880367279053
	      Training MAE Angle: 0.11186292436387804		 Val MAE Angle: 0.10556346893310548
              Training MSE Angle: 0.02995121479034424		 Val MSE Angle: 0.02716759204864502
	      Training MAE Shift: 0.019914853903982375		 Val MAE Shift: 0.019897143840789795
              Training Euclidean Shift: 0.031384295887417264	 Val Euclidean Shift: 0.031311070919036864


Epoch 94/300: Training Loss: 0.04721180929077996		 Val Loss: 0.06278138637542724
	      Training MAE Angle: 0.12077583207024468		 Val MAE Angle: 0.13786822319030761
              Training MSE Angle: 0.03481991754637824		 Val MSE Angle: 0.043988490104675294
	      Training MAE Shift: 0.023103793462117512		 Val MAE Shift: 0.02901909828186035
              Training Euclidean Shift: 0.036426928308275014	 Val Euclidean Shift: 0.04589339733123779


Epoch 95/300: Training Loss: 0.05077941881285773		 Val Loss: 0.0476093053817749
	      Training MAE Angle: 0.12298724386427137		 Val MAE Angle: 0.12463515281677245
              Training MSE Angle: 0.036321683062447443		 Val MSE Angle: 0.03628404855728149
	      Training MAE Shift: 0.025545779201719496		 Val MAE Shift: 0.022815959453582765
              Training Euclidean Shift: 0.04016695419947306	 Val Euclidean Shift: 0.03582893848419189


Epoch 96/300: Training Loss: 0.03695533341831631		 Val Loss: 0.0403952169418335
	      Training MAE Angle: 0.10823720693588257		 Val MAE Angle: 0.11299365043640136
              Training MSE Angle: 0.027583842476209004		 Val MSE Angle: 0.030808980464935302
	      Training MAE Shift: 0.02116257945696513		 Val MAE Shift: 0.020322270393371582
              Training Euclidean Shift: 0.03333406647046407	 Val Euclidean Shift: 0.03195652484893799


Epoch 97/300: Training Loss: 0.036933428711361356		 Val Loss: 0.035065221786499026
	      Training MAE Angle: 0.10663626591364543		 Val MAE Angle: 0.10247065544128418
              Training MSE Angle: 0.027499672439363267		 Val MSE Angle: 0.026853756904602052
	      Training MAE Shift: 0.020927073227034673		 Val MAE Shift: 0.019474674463272095
              Training Euclidean Shift: 0.03297175301445855	 Val Euclidean Shift: 0.030586543083190917


Epoch 98/300: Training Loss: 0.03577977418899536		 Val Loss: 0.04059330940246582
	      Training MAE Angle: 0.10597068071365356		 Val MAE Angle: 0.11573130607604981
              Training MSE Angle: 0.027428227994177077		 Val MSE Angle: 0.032151486873626706
	      Training MAE Shift: 0.01942197647359636		 Val MAE Shift: 0.018827645778656005
              Training Euclidean Shift: 0.030552668703926936	 Val Euclidean Shift: 0.029775464534759523


Epoch 99/300: Training Loss: 0.036688006586498685		 Val Loss: 0.03941091299057007
	      Training MAE Angle: 0.10851144790649414		 Val MAE Angle: 0.10913597106933594
              Training MSE Angle: 0.027834978368547227		 Val MSE Angle: 0.028900222778320314
	      Training MAE Shift: 0.0200204418765174		 Val MAE Shift: 0.021852960586547853
              Training Euclidean Shift: 0.031406253576278687	 Val Euclidean Shift: 0.03428757429122925


Epoch 100/300: Training Loss: 0.03415641188621521		 Val Loss: 0.03222054958343506
	      Training MAE Angle: 0.10471155246098836		 Val MAE Angle: 0.10317063331604004
              Training MSE Angle: 0.026697794596354168		 Val MSE Angle: 0.02541757583618164
	      Training MAE Shift: 0.018592273195584614		 Val MAE Shift: 0.017590078115463256
              Training Euclidean Shift: 0.02928810649447971	 Val Euclidean Shift: 0.027559630870819092


Epoch 101/300: Training Loss: 0.03863899575339423		 Val Loss: 0.04325155258178711
	      Training MAE Angle: 0.1091216007868449		 Val MAE Angle: 0.11723983764648438
              Training MSE Angle: 0.029155350393719144		 Val MSE Angle: 0.03217582702636719
	      Training MAE Shift: 0.02010564174917009		 Val MAE Shift: 0.021459667682647704
              Training Euclidean Shift: 0.03155932823816935	 Val Euclidean Shift: 0.03361597776412964


Epoch 102/300: Training Loss: 0.03620328174697028		 Val Loss: 0.03528606653213501
	      Training MAE Angle: 0.1059692833158705		 Val MAE Angle: 0.10437588691711426
              Training MSE Angle: 0.027563742465443082		 Val MSE Angle: 0.027023253440856935
	      Training MAE Shift: 0.01969916456275516		 Val MAE Shift: 0.019946035146713257
              Training Euclidean Shift: 0.03095092707210117	 Val Euclidean Shift: 0.031463828086853024


Epoch 103/300: Training Loss: 0.03499490684933133		 Val Loss: 0.03551358222961426
	      Training MAE Angle: 0.10541624493069118		 Val MAE Angle: 0.10553998947143554
              Training MSE Angle: 0.027383307615915935		 Val MSE Angle: 0.02774552583694458
	      Training MAE Shift: 0.01851789653301239		 Val MAE Shift: 0.016769726276397705
              Training Euclidean Shift: 0.029090334971745808	 Val Euclidean Shift: 0.026305301189422606


Epoch 104/300: Training Loss: 0.033576283189985484		 Val Loss: 0.0356481122970581
	      Training MAE Angle: 0.10304096672270033		 Val MAE Angle: 0.10139055252075195
              Training MSE Angle: 0.025970081488291424		 Val MSE Angle: 0.02798222780227661
	      Training MAE Shift: 0.01903087066279517		 Val MAE Shift: 0.016925034523010255
              Training Euclidean Shift: 0.02995583415031433	 Val Euclidean Shift: 0.026639821529388426


Epoch 105/300: Training Loss: 0.03420943684048123		 Val Loss: 0.032789709568023684
	      Training MAE Angle: 0.10184144311481053		 Val MAE Angle: 0.09600324630737304
              Training MSE Angle: 0.02670941087934706		 Val MSE Angle: 0.022912349700927735
	      Training MAE Shift: 0.018530848953459		 Val MAE Shift: 0.021151971817016602
              Training Euclidean Shift: 0.029109527667363484	 Val Euclidean Shift: 0.03306196928024292


Epoch 106/300: Training Loss: 0.03274110621876187		 Val Loss: 0.03768683910369873
	      Training MAE Angle: 0.10199546813964844		 Val MAE Angle: 0.11809848785400391
              Training MSE Angle: 0.02558220426241557		 Val MSE Angle: 0.030605309009552002
	      Training MAE Shift: 0.01828639374838935		 Val MAE Shift: 0.017891099452972414
              Training Euclidean Shift: 0.028715762827131484	 Val Euclidean Shift: 0.02824488878250122


Epoch 107/300: Training Loss: 0.032536082797580294		 Val Loss: 0.02882917642593384
	      Training MAE Angle: 0.10088269578086005		 Val MAE Angle: 0.09991363525390624
              Training MSE Angle: 0.024980296691258747		 Val MSE Angle: 0.02215470314025879
	      Training MAE Shift: 0.018878767887751263		 Val MAE Shift: 0.016159698963165284
              Training Euclidean Shift: 0.02967407637172275	 Val Euclidean Shift: 0.025572924613952636


Epoch 108/300: Training Loss: 0.03408569759792752		 Val Loss: 0.037250807285308836
	      Training MAE Angle: 0.10016855266359118		 Val MAE Angle: 0.10100481986999511
              Training MSE Angle: 0.025377424226866827		 Val MSE Angle: 0.025324175357818602
	      Training MAE Shift: 0.019487846228811476		 Val MAE Shift: 0.02460824489593506
              Training Euclidean Shift: 0.03065356943342421	 Val Euclidean Shift: 0.03850479602813721


Epoch 109/300: Training Loss: 0.036427991257773504		 Val Loss: 0.036200647354125974
	      Training MAE Angle: 0.1047590242491828		 Val MAE Angle: 0.09938776016235351
              Training MSE Angle: 0.02768773999479082		 Val MSE Angle: 0.028592710494995118
	      Training MAE Shift: 0.020026857654253643		 Val MAE Shift: 0.019175817966461183
              Training Euclidean Shift: 0.03147826592127482	 Val Euclidean Shift: 0.030186827182769774


Epoch 110/300: Training Loss: 0.034027543332841664		 Val Loss: 0.033088302612304686
	      Training MAE Angle: 0.10052574343151516		 Val MAE Angle: 0.09541662216186524
              Training MSE Angle: 0.02495349281364017		 Val MSE Angle: 0.024268262386322022
	      Training MAE Shift: 0.019615923364957173		 Val MAE Shift: 0.01918088912963867
              Training Euclidean Shift: 0.03089303109380934	 Val Euclidean Shift: 0.030066978931427003


Epoch 111/300: Training Loss: 0.03417575028207567		 Val Loss: 0.028641676902770995
	      Training MAE Angle: 0.10101956791347927		 Val MAE Angle: 0.0907074737548828
              Training MSE Angle: 0.025942244463496737		 Val MSE Angle: 0.020087563991546632
	      Training MAE Shift: 0.019360204537709553		 Val MAE Shift: 0.019518492221832277
              Training Euclidean Shift: 0.030524435970518324	 Val Euclidean Shift: 0.030641067028045654


Epoch 112/300: Training Loss: 0.03378323051664564		 Val Loss: 0.033949699401855465
	      Training MAE Angle: 0.10188101397620307		 Val MAE Angle: 0.09889022827148437
              Training MSE Angle: 0.026308506727218628		 Val MSE Angle: 0.02476604700088501
	      Training MAE Shift: 0.01863646176126268		 Val MAE Shift: 0.020633282661437987
              Training Euclidean Shift: 0.029231866200764973	 Val Euclidean Shift: 0.03248849391937256


Epoch 113/300: Training Loss: 0.03247519334157308		 Val Loss: 0.03394120216369629
	      Training MAE Angle: 0.09807556867599487		 Val MAE Angle: 0.0962680435180664
              Training MSE Angle: 0.024822235107421875		 Val MSE Angle: 0.025136077404022218
	      Training MAE Shift: 0.018678610523541767		 Val MAE Shift: 0.01806262731552124
              Training Euclidean Shift: 0.029441979196336534	 Val Euclidean Shift: 0.028210997581481934


Epoch 114/300: Training Loss: 0.03073911534415351		 Val Loss: 0.03806522846221924
	      Training MAE Angle: 0.09430564774407281		 Val MAE Angle: 0.0997295093536377
              Training MSE Angle: 0.023353846536742315		 Val MSE Angle: 0.028002400398254395
	      Training MAE Shift: 0.01812687185075548		 Val MAE Shift: 0.021028110980987547
              Training Euclidean Shift: 0.028486344549391005	 Val Euclidean Shift: 0.0330185604095459


Epoch 115/300: Training Loss: 0.032908121744791664		 Val Loss: 0.034322195053100586
	      Training MAE Angle: 0.09710521168178982		 Val MAE Angle: 0.10052343368530274
              Training MSE Angle: 0.024359635180897184		 Val MSE Angle: 0.02568803548812866
	      Training MAE Shift: 0.019666421744558547		 Val MAE Shift: 0.01982267141342163
              Training Euclidean Shift: 0.030946426921420626	 Val Euclidean Shift: 0.03143500566482544


Epoch 116/300: Training Loss: 0.033286737071143255		 Val Loss: 0.037825913429260255
	      Training MAE Angle: 0.09934315416547987		 Val MAE Angle: 0.1033401107788086
              Training MSE Angle: 0.026168541775809392		 Val MSE Angle: 0.02823131561279297
	      Training MAE Shift: 0.018323928117752075		 Val MAE Shift: 0.019337596893310546
              Training Euclidean Shift: 0.02884597248501248	 Val Euclidean Shift: 0.030470092296600342


Epoch 117/300: Training Loss: 0.03371737400690714		 Val Loss: 0.028550739288330077
	      Training MAE Angle: 0.09849358267254299		 Val MAE Angle: 0.0903801155090332
              Training MSE Angle: 0.024905446502897475		 Val MSE Angle: 0.020699436664581298
	      Training MAE Shift: 0.019866870509253606		 Val MAE Shift: 0.016922601461410523
              Training Euclidean Shift: 0.03129381603664822	 Val Euclidean Shift: 0.026703693866729737


Epoch 118/300: Training Loss: 0.03103672464688619		 Val Loss: 0.03174700260162353
	      Training MAE Angle: 0.09355252981185913		 Val MAE Angle: 0.08971942901611328
              Training MSE Angle: 0.023467529151174758		 Val MSE Angle: 0.021430678367614746
	      Training MAE Shift: 0.017901253369119432		 Val MAE Shift: 0.023342957496643068
              Training Euclidean Shift: 0.028214928176667955	 Val Euclidean Shift: 0.03710231065750122


Epoch 119/300: Training Loss: 0.05096944504313999		 Val Loss: 0.048071064949035645
	      Training MAE Angle: 0.11171379354265001		 Val MAE Angle: 0.11081892967224122
              Training MSE Angle: 0.03427710466914707		 Val MSE Angle: 0.033489611148834225
	      Training MAE Shift: 0.02541784279876285		 Val MAE Shift: 0.025427441596984863
              Training Euclidean Shift: 0.03995909955766466	 Val Euclidean Shift: 0.040014424324035645


Epoch 120/300: Training Loss: 0.041009975804222956		 Val Loss: 0.03709169864654541
	      Training MAE Angle: 0.10738423797819349		 Val MAE Angle: 0.09928104400634766
              Training MSE Angle: 0.030334611733754475		 Val MSE Angle: 0.027687945365905763
	      Training MAE Shift: 0.02235385775566101		 Val MAE Shift: 0.022179887294769288
              Training Euclidean Shift: 0.03512465622689989	 Val Euclidean Shift: 0.034911518096923826


Epoch 121/300: Training Loss: 0.03513812687661913		 Val Loss: 0.03606538057327271
	      Training MAE Angle: 0.09696908791859944		 Val MAE Angle: 0.09559955596923828
              Training MSE Angle: 0.026024866435262892		 Val MSE Angle: 0.02661214828491211
	      Training MAE Shift: 0.020115973220931158		 Val MAE Shift: 0.02070448875427246
              Training Euclidean Shift: 0.03167702092064752	 Val Euclidean Shift: 0.03230595350265503


Epoch 122/300: Training Loss: 0.033532033363978066		 Val Loss: 0.030616917610168458
	      Training MAE Angle: 0.09576274951299031		 Val MAE Angle: 0.08757210731506347
              Training MSE Angle: 0.02532157301902771		 Val MSE Angle: 0.022100541591644287
	      Training MAE Shift: 0.0191690507862303		 Val MAE Shift: 0.01829330325126648
              Training Euclidean Shift: 0.03010688887702094	 Val Euclidean Shift: 0.029025895595550535


Epoch 123/300: Training Loss: 0.031207912498050265		 Val Loss: 0.0307793664932251
	      Training MAE Angle: 0.0926063855489095		 Val MAE Angle: 0.08814779281616211
              Training MSE Angle: 0.02321953409247928		 Val MSE Angle: 0.02096804141998291
	      Training MAE Shift: 0.018668600254588656		 Val MAE Shift: 0.021124341487884522
              Training Euclidean Shift: 0.029396735959582858	 Val Euclidean Shift: 0.03313164949417114


Epoch 124/300: Training Loss: 0.03224312927987841		 Val Loss: 0.02983433723449707
	      Training MAE Angle: 0.09380052487055461		 Val MAE Angle: 0.08943324089050293
              Training MSE Angle: 0.02406477928161621		 Val MSE Angle: 0.023011188507080078
	      Training MAE Shift: 0.01906759374671512		 Val MAE Shift: 0.017986940145492555
              Training Euclidean Shift: 0.02992996573448181	 Val Euclidean Shift: 0.02838364601135254


Epoch 125/300: Training Loss: 0.029946333832210965		 Val Loss: 0.03040111780166626
	      Training MAE Angle: 0.08991069926155938		 Val MAE Angle: 0.09042732238769531
              Training MSE Angle: 0.02226220236884223		 Val MSE Angle: 0.021243674755096434
	      Training MAE Shift: 0.018693351083331637		 Val MAE Shift: 0.018572320938110353
              Training Euclidean Shift: 0.02940264344215393	 Val Euclidean Shift: 0.0291511869430542


Epoch 126/300: Training Loss: 0.028359403212865193		 Val Loss: 0.03275245189666748
	      Training MAE Angle: 0.08824243810441759		 Val MAE Angle: 0.09008946418762206
              Training MSE Angle: 0.02151869899696774		 Val MSE Angle: 0.02371509075164795
	      Training MAE Shift: 0.017653526531325445		 Val MAE Shift: 0.017467890977859498
              Training Euclidean Shift: 0.0277843177318573	 Val Euclidean Shift: 0.02755544662475586


Epoch 127/300: Training Loss: 0.034069574541515775		 Val Loss: 0.033594415187835694
	      Training MAE Angle: 0.09412719143761529		 Val MAE Angle: 0.09402644157409668
              Training MSE Angle: 0.02505155238840315		 Val MSE Angle: 0.02383740186691284
	      Training MAE Shift: 0.01943489909172058		 Val MAE Shift: 0.02022475242614746
              Training Euclidean Shift: 0.030529446072048612	 Val Euclidean Shift: 0.032068796157836914


Epoch 128/300: Training Loss: 0.029656459887822468		 Val Loss: 0.026309001445770263
	      Training MAE Angle: 0.0881314476331075		 Val MAE Angle: 0.08531126976013184
              Training MSE Angle: 0.021603475014368694		 Val MSE Angle: 0.018351870775222778
	      Training MAE Shift: 0.01847328742345174		 Val MAE Shift: 0.019586687088012696
              Training Euclidean Shift: 0.029075652360916138	 Val Euclidean Shift: 0.030933158397674562


Epoch 129/300: Training Loss: 0.03145268890592787		 Val Loss: 0.03510981798171997
	      Training MAE Angle: 0.09058804644478692		 Val MAE Angle: 0.09125555038452149
              Training MSE Angle: 0.023985468679004245		 Val MSE Angle: 0.02491347312927246
	      Training MAE Shift: 0.018039897084236145		 Val MAE Shift: 0.020393290519714356
              Training Euclidean Shift: 0.028386308087242976	 Val Euclidean Shift: 0.0323964262008667


Epoch 130/300: Training Loss: 0.03052372733751933		 Val Loss: 0.03167750358581543
	      Training MAE Angle: 0.08834108379152086		 Val MAE Angle: 0.0863411045074463
              Training MSE Angle: 0.02224550975693597		 Val MSE Angle: 0.023852665424346924
	      Training MAE Shift: 0.018216434452268813		 Val MAE Shift: 0.01831266164779663
              Training Euclidean Shift: 0.028644293546676636	 Val Euclidean Shift: 0.028959228992462158


Epoch 131/300: Training Loss: 0.025477735532654658		 Val Loss: 0.029521057605743407
	      Training MAE Angle: 0.08236554596159193		 Val MAE Angle: 0.08759821891784668
              Training MSE Angle: 0.018847475449244182		 Val MSE Angle: 0.022551465034484863
	      Training MAE Shift: 0.01722355021370782		 Val MAE Shift: 0.017189053297042848
              Training Euclidean Shift: 0.02713599966631995	 Val Euclidean Shift: 0.027125229835510255


Epoch 132/300: Training Loss: 0.03129127621650696		 Val Loss: 0.028652689456939696
	      Training MAE Angle: 0.08980835146374172		 Val MAE Angle: 0.08243742942810059
              Training MSE Angle: 0.022888135578897264		 Val MSE Angle: 0.019330393075942993
	      Training MAE Shift: 0.01895236637857225		 Val MAE Shift: 0.018627299070358275
              Training Euclidean Shift: 0.029799073934555054	 Val Euclidean Shift: 0.029086723327636718


Epoch 133/300: Training Loss: 0.030144231186972723		 Val Loss: 0.027341082096099853
	      Training MAE Angle: 0.0879689786169264		 Val MAE Angle: 0.07819977283477783
              Training MSE Angle: 0.02271775735749139		 Val MSE Angle: 0.017794517278671266
	      Training MAE Shift: 0.017932037512461346		 Val MAE Shift: 0.019112062454223634
              Training Euclidean Shift: 0.028189463747872248	 Val Euclidean Shift: 0.029784576892852785


Epoch 134/300: Training Loss: 0.029825545019573636		 Val Loss: 0.03020960569381714
	      Training MAE Angle: 0.08889114856719971		 Val MAE Angle: 0.08555255889892578
              Training MSE Angle: 0.022177780667940777		 Val MSE Angle: 0.020384316444396974
	      Training MAE Shift: 0.018682926893234253		 Val MAE Shift: 0.020322177410125732
              Training Euclidean Shift: 0.029404395156436496	 Val Euclidean Shift: 0.03203545331954956


Epoch 135/300: Training Loss: 0.029596861865785386		 Val Loss: 0.027402546405792236
	      Training MAE Angle: 0.08737762769063313		 Val MAE Angle: 0.08283687591552734
              Training MSE Angle: 0.022041494647661846		 Val MSE Angle: 0.020247442722320555
	      Training MAE Shift: 0.01815162930223677		 Val MAE Shift: 0.017368545532226564
              Training Euclidean Shift: 0.028579089376661513	 Val Euclidean Shift: 0.02734015941619873


Epoch 136/300: Training Loss: 0.032367597023646034		 Val Loss: 0.03255073070526123
	      Training MAE Angle: 0.08777579334047106		 Val MAE Angle: 0.09207028388977051
              Training MSE Angle: 0.02191311452123854		 Val MSE Angle: 0.024484882354736327
	      Training MAE Shift: 0.020694403184784785		 Val MAE Shift: 0.018729124069213867
              Training Euclidean Shift: 0.032541251844829984	 Val Euclidean Shift: 0.029538958072662352


Epoch 137/300: Training Loss: 0.032137387328677706		 Val Loss: 0.028172647953033446
	      Training MAE Angle: 0.0908260014322069		 Val MAE Angle: 0.08639806747436524
              Training MSE Angle: 0.02403595546881358		 Val MSE Angle: 0.020077130794525146
	      Training MAE Shift: 0.018784029616249934		 Val MAE Shift: 0.01833835244178772
              Training Euclidean Shift: 0.029552648464838665	 Val Euclidean Shift: 0.028712129592895506


Epoch 138/300: Training Loss: 0.027797748645146687		 Val Loss: 0.02633375883102417
	      Training MAE Angle: 0.08147553602854411		 Val MAE Angle: 0.08087347984313965
              Training MSE Angle: 0.020433960689438715		 Val MSE Angle: 0.01952778935432434
	      Training MAE Shift: 0.018218136496014066		 Val MAE Shift: 0.017825026512145997
              Training Euclidean Shift: 0.02860879235797458	 Val Euclidean Shift: 0.02808924436569214


Epoch 139/300: Training Loss: 0.02762748466597663		 Val Loss: 0.02962653398513794
	      Training MAE Angle: 0.08340407742394342		 Val MAE Angle: 0.08774248123168946
              Training MSE Angle: 0.020225236813227337		 Val MSE Angle: 0.021433455944061278
	      Training MAE Shift: 0.01850414276123047		 Val MAE Shift: 0.018045830726623534
              Training Euclidean Shift: 0.02905492319001092	 Val Euclidean Shift: 0.028326032161712648


Epoch 140/300: Training Loss: 0.031206220388412476		 Val Loss: 0.03189263582229614
	      Training MAE Angle: 0.08782388104332818		 Val MAE Angle: 0.093501615524292
              Training MSE Angle: 0.023595680793126423		 Val MSE Angle: 0.024052226543426515
	      Training MAE Shift: 0.01833872331513299		 Val MAE Shift: 0.018897327184677123
              Training Euclidean Shift: 0.028857035769356623	 Val Euclidean Shift: 0.02975466251373291


Epoch 141/300: Training Loss: 0.026761308312416077		 Val Loss: 0.029508469104766847
	      Training MAE Angle: 0.08046968777974446		 Val MAE Angle: 0.08566180229187012
              Training MSE Angle: 0.019046155942810908		 Val MSE Angle: 0.020044450759887696
	      Training MAE Shift: 0.017714220616552565		 Val MAE Shift: 0.01866922974586487
              Training Euclidean Shift: 0.02785064114464654	 Val Euclidean Shift: 0.029428529739379882


Epoch 142/300: Training Loss: 0.02869749731487698		 Val Loss: 0.027346441745758055
	      Training MAE Angle: 0.08306740389929877		 Val MAE Angle: 0.07643602848052979
              Training MSE Angle: 0.02072116732597351		 Val MSE Angle: 0.01873046636581421
	      Training MAE Shift: 0.0184611396657096		 Val MAE Shift: 0.01858258843421936
              Training Euclidean Shift: 0.028991000519858465	 Val Euclidean Shift: 0.02909939527511597


Epoch 143/300: Training Loss: 0.024536819921599493		 Val Loss: 0.023853676319122316
	      Training MAE Angle: 0.07711627086003621		 Val MAE Angle: 0.07400760173797608
              Training MSE Angle: 0.017781426509221394		 Val MSE Angle: 0.016910387277603148
	      Training MAE Shift: 0.01730267372396257		 Val MAE Shift: 0.017750080823898316
              Training Euclidean Shift: 0.027164522144529555	 Val Euclidean Shift: 0.02793179512023926


Epoch 144/300: Training Loss: 0.02779594726032681		 Val Loss: 0.026725895404815674
	      Training MAE Angle: 0.08210117949379815		 Val MAE Angle: 0.08411670684814453
              Training MSE Angle: 0.020239584975772433		 Val MSE Angle: 0.018759636878967284
	      Training MAE Shift: 0.018205112881130643		 Val MAE Shift: 0.016792234182357788
              Training Euclidean Shift: 0.02859433823161655	 Val Euclidean Shift: 0.026354973316192628


Epoch 145/300: Training Loss: 0.02942765090200636		 Val Loss: 0.033205950260162355
	      Training MAE Angle: 0.08147786723242866		 Val MAE Angle: 0.08707646369934081
              Training MSE Angle: 0.020409868823157415		 Val MSE Angle: 0.022662258148193358
	      Training MAE Shift: 0.019502947727839153		 Val MAE Shift: 0.0204179310798645
              Training Euclidean Shift: 0.03063367141617669	 Val Euclidean Shift: 0.03209808588027954


Epoch 146/300: Training Loss: 0.032176481352912054		 Val Loss: 0.03467679500579834
	      Training MAE Angle: 0.08549548519982232		 Val MAE Angle: 0.09002801895141602
              Training MSE Angle: 0.023952651355001662		 Val MSE Angle: 0.02554692268371582
	      Training MAE Shift: 0.01894773046175639		 Val MAE Shift: 0.020040237903594972
              Training Euclidean Shift: 0.029773278368843928	 Val Euclidean Shift: 0.03143488168716431


Epoch 147/300: Training Loss: 0.02814044223891364		 Val Loss: 0.028506133556365967
	      Training MAE Angle: 0.08105668094423082		 Val MAE Angle: 0.08301143646240235
              Training MSE Angle: 0.021271381113264296		 Val MSE Angle: 0.020636980533599854
	      Training MAE Shift: 0.018058432473076716		 Val MAE Shift: 0.01779732346534729
              Training Euclidean Shift: 0.02832864721616109	 Val Euclidean Shift: 0.02805434465408325


Epoch 148/300: Training Loss: 0.023116442892286513		 Val Loss: 0.027026219367980955
	      Training MAE Angle: 0.07312229606840345		 Val MAE Angle: 0.07878101825714111
              Training MSE Angle: 0.016806039545271132		 Val MSE Angle: 0.019745028018951415
	      Training MAE Shift: 0.016889090339342754		 Val MAE Shift: 0.017654781341552735
              Training Euclidean Shift: 0.02664616538418664	 Val Euclidean Shift: 0.027914595603942872


Epoch 149/300: Training Loss: 0.02837062544292874		 Val Loss: 0.04168382167816162
	      Training MAE Angle: 0.0813275973002116		 Val MAE Angle: 0.1017473030090332
              Training MSE Angle: 0.020756375458505418		 Val MSE Angle: 0.03329294204711914
	      Training MAE Shift: 0.018110987212922838		 Val MAE Shift: 0.017877302169799804
              Training Euclidean Shift: 0.028506971067852445	 Val Euclidean Shift: 0.028223567008972168


Epoch 150/300: Training Loss: 0.026387269298235577		 Val Loss: 0.0235347580909729
	      Training MAE Angle: 0.0805736051665412		 Val MAE Angle: 0.07650100708007812
              Training MSE Angle: 0.02002017531130049		 Val MSE Angle: 0.01694698095321655
	      Training MAE Shift: 0.01724121140109168		 Val MAE Shift: 0.017261916399002077
              Training Euclidean Shift: 0.027148089475101896	 Val Euclidean Shift: 0.027131669521331787


Epoch 151/300: Training Loss: 0.02575449811087714		 Val Loss: 0.025271446704864503
	      Training MAE Angle: 0.07734729846318562		 Val MAE Angle: 0.07298406600952148
              Training MSE Angle: 0.018818363547325134		 Val MSE Angle: 0.018788541555404662
	      Training MAE Shift: 0.017802993456522625		 Val MAE Shift: 0.018477041721343995
              Training Euclidean Shift: 0.028051445881525677	 Val Euclidean Shift: 0.029005475044250488


Epoch 152/300: Training Loss: 0.029579844739702012		 Val Loss: 0.025993931293487548
	      Training MAE Angle: 0.07989985413021511		 Val MAE Angle: 0.0752585506439209
              Training MSE Angle: 0.02144604755772485		 Val MSE Angle: 0.01634658098220825
	      Training MAE Shift: 0.01832710537645552		 Val MAE Shift: 0.021459197998046874
              Training Euclidean Shift: 0.02883950538105435	 Val Euclidean Shift: 0.03366256952285766


Epoch 153/300: Training Loss: 0.02531892392370436		 Val Loss: 0.025820143222808838
	      Training MAE Angle: 0.07507589790556166		 Val MAE Angle: 0.07359196662902832
              Training MSE Angle: 0.017988852328724332		 Val MSE Angle: 0.018999621868133545
	      Training MAE Shift: 0.017673537135124207		 Val MAE Shift: 0.019435935020446778
              Training Euclidean Shift: 0.027873370382520888	 Val Euclidean Shift: 0.030384588241577148


Epoch 154/300: Training Loss: 0.025440898206498887		 Val Loss: 0.02418160915374756
	      Training MAE Angle: 0.0755167007446289		 Val MAE Angle: 0.06869176864624023
              Training MSE Angle: 0.017508644196722243		 Val MSE Angle: 0.016664148569107057
	      Training MAE Shift: 0.01877906256251865		 Val MAE Shift: 0.01767228126525879
              Training Euclidean Shift: 0.029507087336646184	 Val Euclidean Shift: 0.027659497261047362


Epoch 155/300: Training Loss: 0.02554514341884189		 Val Loss: 0.02611658811569214
	      Training MAE Angle: 0.07573940356572469		 Val MAE Angle: 0.0719732904434204
              Training MSE Angle: 0.01789956788221995		 Val MSE Angle: 0.018043024539947508
	      Training MAE Shift: 0.01788360708289676		 Val MAE Shift: 0.017210783958435057
              Training Euclidean Shift: 0.0281489094098409	 Val Euclidean Shift: 0.027134594917297365


Epoch 156/300: Training Loss: 0.02265452179643843		 Val Loss: 0.026639969348907472
	      Training MAE Angle: 0.07088854577806261		 Val MAE Angle: 0.07272855281829833
              Training MSE Angle: 0.016061739789115057		 Val MSE Angle: 0.016475899219512938
	      Training MAE Shift: 0.016958562864197627		 Val MAE Shift: 0.02086355209350586
              Training Euclidean Shift: 0.026659675770335726	 Val Euclidean Shift: 0.03299794673919678


Epoch 157/300: Training Loss: 0.02481892208258311		 Val Loss: 0.02305548667907715
	      Training MAE Angle: 0.07374905877643162		 Val MAE Angle: 0.06816298484802247
              Training MSE Angle: 0.017528151472409565		 Val MSE Angle: 0.015579230785369873
	      Training MAE Shift: 0.01780499517917633		 Val MAE Shift: 0.017223639488220213
              Training Euclidean Shift: 0.02803803152508206	 Val Euclidean Shift: 0.027299351692199707


Epoch 158/300: Training Loss: 0.025246525804201763		 Val Loss: 0.027106049060821532
	      Training MAE Angle: 0.07598961724175347		 Val MAE Angle: 0.07625836849212647
              Training MSE Angle: 0.01900410817729102		 Val MSE Angle: 0.018822412490844726
	      Training MAE Shift: 0.017270194159613714		 Val MAE Shift: 0.018641223907470705
              Training Euclidean Shift: 0.027212394608391657	 Val Euclidean Shift: 0.029106762409210205


Epoch 159/300: Training Loss: 0.02368726995256212		 Val Loss: 0.029304635524749757
	      Training MAE Angle: 0.07304369741015965		 Val MAE Angle: 0.07832639694213867
              Training MSE Angle: 0.017186032401190862		 Val MSE Angle: 0.023586041927337646
	      Training MAE Shift: 0.016944923334651522		 Val MAE Shift: 0.016018147468566894
              Training Euclidean Shift: 0.026693443457285564	 Val Euclidean Shift: 0.025138418674468994


Epoch 160/300: Training Loss: 0.02470098270310296		 Val Loss: 0.02819352626800537
	      Training MAE Angle: 0.07313330968221028		 Val MAE Angle: 0.078949236869812
              Training MSE Angle: 0.0174033608701494		 Val MSE Angle: 0.020562026500701904
	      Training MAE Shift: 0.01794173154566023		 Val MAE Shift: 0.01712104082107544
              Training Euclidean Shift: 0.028271671798494127	 Val Euclidean Shift: 0.02704343318939209


Epoch 161/300: Training Loss: 0.026594049400753446		 Val Loss: 0.027016634941101073
	      Training MAE Angle: 0.07976659801271227		 Val MAE Angle: 0.0754214334487915
              Training MSE Angle: 0.01954758498403761		 Val MSE Angle: 0.01920453667640686
	      Training MAE Shift: 0.01789563066429562		 Val MAE Shift: 0.017805588245391846
              Training Euclidean Shift: 0.028152826759550307	 Val Euclidean Shift: 0.028167777061462403


Epoch 162/300: Training Loss: 0.0253484845161438		 Val Loss: 0.027887344360351562
	      Training MAE Angle: 0.07432875368330213		 Val MAE Angle: 0.07623963356018067
              Training MSE Angle: 0.01871178713109758		 Val MSE Angle: 0.02150812864303589
	      Training MAE Shift: 0.016969804962476093		 Val MAE Shift: 0.01581383466720581
              Training Euclidean Shift: 0.026733567317326862	 Val Euclidean Shift: 0.024816405773162842


Epoch 163/300: Training Loss: 0.023599815037515428		 Val Loss: 0.028307740688323976
	      Training MAE Angle: 0.07032922241422865		 Val MAE Angle: 0.07692444801330567
              Training MSE Angle: 0.01714706752035353		 Val MSE Angle: 0.022299554347991943
	      Training MAE Shift: 0.01694486207432217		 Val MAE Shift: 0.01508995532989502
              Training Euclidean Shift: 0.02662067777580685	 Val Euclidean Shift: 0.023824408054351806


Epoch 164/300: Training Loss: 0.025579944252967834		 Val Loss: 0.02552579402923584
	      Training MAE Angle: 0.07449856731626722		 Val MAE Angle: 0.07727230072021485
              Training MSE Angle: 0.0192415714263916		 Val MSE Angle: 0.019141539335250854
	      Training MAE Shift: 0.01712139116393195		 Val MAE Shift: 0.016154433488845824
              Training Euclidean Shift: 0.026968785458140902	 Val Euclidean Shift: 0.0255874228477478


Epoch 165/300: Training Loss: 0.02581806977589925		 Val Loss: 0.02710721492767334
	      Training MAE Angle: 0.07223446501625909		 Val MAE Angle: 0.07584566593170167
              Training MSE Angle: 0.017267185780737136		 Val MSE Angle: 0.019703105688095093
	      Training MAE Shift: 0.018217710985077754		 Val MAE Shift: 0.019316966533660888
              Training Euclidean Shift: 0.02861560384432475	 Val Euclidean Shift: 0.03021317958831787


Epoch 166/300: Training Loss: 0.023525731431113348		 Val Loss: 0.024700918197631837
	      Training MAE Angle: 0.06976287894778782		 Val MAE Angle: 0.06836679935455323
              Training MSE Angle: 0.016625210642814636		 Val MSE Angle: 0.01658472537994385
	      Training MAE Shift: 0.017568184269799128		 Val MAE Shift: 0.016068053245544434
              Training Euclidean Shift: 0.027625022663010493	 Val Euclidean Shift: 0.02520822286605835


Epoch 167/300: Training Loss: 0.02102511293358273		 Val Loss: 0.025894658565521242
	      Training MAE Angle: 0.06687766975826687		 Val MAE Angle: 0.0740231704711914
              Training MSE Angle: 0.014411696129375033		 Val MSE Angle: 0.017166407108306886
	      Training MAE Shift: 0.017420116398069594		 Val MAE Shift: 0.01814900040626526
              Training Euclidean Shift: 0.027422606945037842	 Val Euclidean Shift: 0.028803479671478272


Epoch 168/300: Training Loss: 0.023057879673110113		 Val Loss: 0.024139206409454345
	      Training MAE Angle: 0.07101998064253065		 Val MAE Angle: 0.07024198055267333
              Training MSE Angle: 0.01730587085088094		 Val MSE Angle: 0.01694645881652832
	      Training MAE Shift: 0.016371289889017742		 Val MAE Shift: 0.016549052000045777
              Training Euclidean Shift: 0.025746635264820524	 Val Euclidean Shift: 0.02597036838531494


Epoch 169/300: Training Loss: 0.024027331007851496		 Val Loss: 0.033126862049102784
	      Training MAE Angle: 0.06946531931559245		 Val MAE Angle: 0.10404714584350586
              Training MSE Angle: 0.01713574429353078		 Val MSE Angle: 0.024828369617462157
	      Training MAE Shift: 0.01751437286535899		 Val MAE Shift: 0.018334912061691286
              Training Euclidean Shift: 0.02756998274061415	 Val Euclidean Shift: 0.028937342166900634


Epoch 170/300: Training Loss: 0.024651709530088637		 Val Loss: 0.02925497531890869
	      Training MAE Angle: 0.07179565562142266		 Val MAE Angle: 0.08170901298522949
              Training MSE Angle: 0.017845787935786776		 Val MSE Angle: 0.020804672241210936
	      Training MAE Shift: 0.017598698536554973		 Val MAE Shift: 0.019509336948394775
              Training Euclidean Shift: 0.02770105004310608	 Val Euclidean Shift: 0.03030893564224243


Epoch 171/300: Training Loss: 0.022347375750541687		 Val Loss: 0.027819256782531738
	      Training MAE Angle: 0.06873483128017849		 Val MAE Angle: 0.07056979656219482
              Training MSE Angle: 0.0163111901945538		 Val MSE Angle: 0.018912205696105956
	      Training MAE Shift: 0.016447012623151142		 Val MAE Shift: 0.01940091371536255
              Training Euclidean Shift: 0.025863094462288752	 Val Euclidean Shift: 0.0307710337638855


Epoch 172/300: Training Loss: 0.025315706928571064		 Val Loss: 0.02945263624191284
	      Training MAE Angle: 0.0746879047817654		 Val MAE Angle: 0.07061345100402833
              Training MSE Angle: 0.019210280643569097		 Val MSE Angle: 0.0204049015045166
	      Training MAE Shift: 0.016771088043848675		 Val MAE Shift: 0.022150022983551024
              Training Euclidean Shift: 0.02640423344241248	 Val Euclidean Shift: 0.03459551095962524


Epoch 173/300: Training Loss: 0.03178071975708008		 Val Loss: 0.02949072599411011
	      Training MAE Angle: 0.07932816611395942		 Val MAE Angle: 0.07621554374694824
              Training MSE Angle: 0.021513364381260343		 Val MSE Angle: 0.01983958125114441
	      Training MAE Shift: 0.021581065323617723		 Val MAE Shift: 0.021947329044342042
              Training Euclidean Shift: 0.03401973512437609	 Val Euclidean Shift: 0.03439632415771485


Epoch 174/300: Training Loss: 0.025448347131411236		 Val Loss: 0.023341064453125
	      Training MAE Angle: 0.07218218512005276		 Val MAE Angle: 0.07587050437927247
              Training MSE Angle: 0.0185248206059138		 Val MSE Angle: 0.017455095052719118
	      Training MAE Shift: 0.017553365892834134		 Val MAE Shift: 0.015686577558517455
              Training Euclidean Shift: 0.027665886614057753	 Val Euclidean Shift: 0.024700016975402833


Epoch 175/300: Training Loss: 0.023128297593858507		 Val Loss: 0.03173879146575928
	      Training MAE Angle: 0.06844583484861586		 Val MAE Angle: 0.08330637931823731
              Training MSE Angle: 0.016564564572440252		 Val MSE Angle: 0.021694817543029786
	      Training MAE Shift: 0.017249637179904513		 Val MAE Shift: 0.01858250617980957
              Training Euclidean Shift: 0.027073543932702806	 Val Euclidean Shift: 0.029359853267669676


Epoch 176/300: Training Loss: 0.02402115861574809		 Val Loss: 0.02287273168563843
	      Training MAE Angle: 0.07067367103364733		 Val MAE Angle: 0.0720458984375
              Training MSE Angle: 0.017057814531856112		 Val MSE Angle: 0.016320574283599853
	      Training MAE Shift: 0.017166492011811998		 Val MAE Shift: 0.01700500726699829
              Training Euclidean Shift: 0.027024527390797932	 Val Euclidean Shift: 0.02686180353164673


Epoch 177/300: Training Loss: 0.022584532697995503		 Val Loss: 0.021997981071472168
	      Training MAE Angle: 0.06698862711588542		 Val MAE Angle: 0.07089421272277832
              Training MSE Angle: 0.015968508190578885		 Val MSE Angle: 0.015034726858139037
	      Training MAE Shift: 0.017502496639887493		 Val MAE Shift: 0.017501981258392335
              Training Euclidean Shift: 0.02747231059604221	 Val Euclidean Shift: 0.027609372138977052


Epoch 178/300: Training Loss: 0.023804494076304965		 Val Loss: 0.03442894458770752
	      Training MAE Angle: 0.0689751836988661		 Val MAE Angle: 0.08562435150146484
              Training MSE Angle: 0.016964751813146803		 Val MSE Angle: 0.025117945671081544
	      Training MAE Shift: 0.017401100860701665		 Val MAE Shift: 0.02040019989013672
              Training Euclidean Shift: 0.027354909314049616	 Val Euclidean Shift: 0.03201472043991089


Epoch 179/300: Training Loss: 0.02276455031500922		 Val Loss: 0.024595062732696533
	      Training MAE Angle: 0.06793893708123101		 Val MAE Angle: 0.07058418750762939
              Training MSE Angle: 0.015572504864798652		 Val MSE Angle: 0.01713901162147522
	      Training MAE Shift: 0.016990921563572355		 Val MAE Shift: 0.018045586347579957
              Training Euclidean Shift: 0.026778767506281536	 Val Euclidean Shift: 0.028237838745117188


Epoch 180/300: Training Loss: 0.02154106232855055		 Val Loss: 0.030386338233947752
	      Training MAE Angle: 0.06627676884333293		 Val MAE Angle: 0.07211721420288086
              Training MSE Angle: 0.015091879500283135		 Val MSE Angle: 0.021109230518341064
	      Training MAE Shift: 0.0169213463862737		 Val MAE Shift: 0.018641735315322875
              Training Euclidean Shift: 0.02659323149257236	 Val Euclidean Shift: 0.02919193506240845


Epoch 181/300: Training Loss: 0.02514138983355628		 Val Loss: 0.03438625812530518
	      Training MAE Angle: 0.07050929466883342		 Val MAE Angle: 0.09428312301635743
              Training MSE Angle: 0.018406664331754048		 Val MSE Angle: 0.026668190956115723
	      Training MAE Shift: 0.017300875650511846		 Val MAE Shift: 0.015970809459686278
              Training Euclidean Shift: 0.02725704676575131	 Val Euclidean Shift: 0.02503290891647339


Epoch 182/300: Training Loss: 0.021415991915596858		 Val Loss: 0.026009674072265624
	      Training MAE Angle: 0.06428000662061903		 Val MAE Angle: 0.06548194408416748
              Training MSE Angle: 0.01488894886440701		 Val MSE Angle: 0.01792965888977051
	      Training MAE Shift: 0.016773043407334223		 Val MAE Shift: 0.017658586502075194
              Training Euclidean Shift: 0.02640895379914178	 Val Euclidean Shift: 0.02785526990890503


Epoch 183/300: Training Loss: 0.02341317468219333		 Val Loss: 0.023145039081573487
	      Training MAE Angle: 0.06646560960345799		 Val MAE Angle: 0.06678683280944825
              Training MSE Angle: 0.01639122598701053		 Val MSE Angle: 0.015732336044311523
	      Training MAE Shift: 0.016810344325171575		 Val MAE Shift: 0.01793962836265564
              Training Euclidean Shift: 0.026440483000543382	 Val Euclidean Shift: 0.028359999656677248


Epoch 184/300: Training Loss: 0.021859086222118802		 Val Loss: 0.018688281774520876
	      Training MAE Angle: 0.0628666877746582		 Val MAE Angle: 0.05875564575195313
              Training MSE Angle: 0.014577009611659579		 Val MSE Angle: 0.012848016023635864
	      Training MAE Shift: 0.01715495354599423		 Val MAE Shift: 0.015050480365753174
              Training Euclidean Shift: 0.026901918980810378	 Val Euclidean Shift: 0.023889083862304688


Epoch 185/300: Training Loss: 0.022633716464042664		 Val Loss: 0.020582375526428224
	      Training MAE Angle: 0.06599921650356716		 Val MAE Angle: 0.06504170894622803
              Training MSE Angle: 0.016034026940663654		 Val MSE Angle: 0.014509236812591553
	      Training MAE Shift: 0.017011756698290508		 Val MAE Shift: 0.015908029079437256
              Training Euclidean Shift: 0.026743658714824252	 Val Euclidean Shift: 0.025054125785827636


Epoch 186/300: Training Loss: 0.025327147708998785		 Val Loss: 0.02223151206970215
	      Training MAE Angle: 0.06806094116634792		 Val MAE Angle: 0.06609991550445557
              Training MSE Angle: 0.017340572343932256		 Val MSE Angle: 0.016068071126937866
	      Training MAE Shift: 0.01747792959213257		 Val MAE Shift: 0.016384717226028443
              Training Euclidean Shift: 0.027593548099199932	 Val Euclidean Shift: 0.025929133892059326


Epoch 187/300: Training Loss: 0.02271490626864963		 Val Loss: 0.030194127559661867
	      Training MAE Angle: 0.06461047463946873		 Val MAE Angle: 0.0810605239868164
              Training MSE Angle: 0.015301540493965149		 Val MSE Angle: 0.021942923069000243
	      Training MAE Shift: 0.01754211551613278		 Val MAE Shift: 0.02074378490447998
              Training Euclidean Shift: 0.027672146757443745	 Val Euclidean Shift: 0.0325704026222229


Epoch 188/300: Training Loss: 0.021317187282774184		 Val Loss: 0.021921617984771727
	      Training MAE Angle: 0.06526894039577907		 Val MAE Angle: 0.06268923282623291
              Training MSE Angle: 0.015213237868414985		 Val MSE Angle: 0.015375956296920776
	      Training MAE Shift: 0.016252482930819195		 Val MAE Shift: 0.015606837272644043
              Training Euclidean Shift: 0.025570510162247553	 Val Euclidean Shift: 0.02453381061553955


Epoch 189/300: Training Loss: 0.019120810760392085		 Val Loss: 0.02218228578567505
	      Training MAE Angle: 0.06136331955591837		 Val MAE Angle: 0.06197051048278809
              Training MSE Angle: 0.013488840725686815		 Val MSE Angle: 0.015963542461395263
	      Training MAE Shift: 0.01572385264767541		 Val MAE Shift: 0.015681240558624267
              Training Euclidean Shift: 0.02472746206654443	 Val Euclidean Shift: 0.02465451955795288


Epoch 190/300: Training Loss: 0.023124332229296368		 Val Loss: 0.027401299476623536
	      Training MAE Angle: 0.06925049755308363		 Val MAE Angle: 0.07955853939056397
              Training MSE Angle: 0.01654052734375		 Val MSE Angle: 0.020413892269134523
	      Training MAE Shift: 0.017393890354368422		 Val MAE Shift: 0.017394555807113646
              Training Euclidean Shift: 0.027398707138167486	 Val Euclidean Shift: 0.027313358783721924


Epoch 191/300: Training Loss: 0.021831886635886297		 Val Loss: 0.02120304584503174
	      Training MAE Angle: 0.06623426410886976		 Val MAE Angle: 0.06632188320159912
              Training MSE Angle: 0.0159831874900394		 Val MSE Angle: 0.01508846640586853
	      Training MAE Shift: 0.016247575481732685		 Val MAE Shift: 0.015501345396041871
              Training Euclidean Shift: 0.02556733787059784	 Val Euclidean Shift: 0.02410100221633911


Epoch 192/300: Training Loss: 0.02484802073902554		 Val Loss: 0.019268865585327147
	      Training MAE Angle: 0.06850016779369777		 Val MAE Angle: 0.06331583976745606
              Training MSE Angle: 0.0177687986029519		 Val MSE Angle: 0.010677592754364014
	      Training MAE Shift: 0.016858127382066514		 Val MAE Shift: 0.020170609951019287
              Training Euclidean Shift: 0.026455536484718323	 Val Euclidean Shift: 0.03157594680786133


Epoch 193/300: Training Loss: 0.022450508342848882		 Val Loss: 0.029147889614105225
	      Training MAE Angle: 0.06524309847089979		 Val MAE Angle: 0.08542289733886718
              Training MSE Angle: 0.01599808202849494		 Val MSE Angle: 0.02090660810470581
	      Training MAE Shift: 0.016899049282073975		 Val MAE Shift: 0.019099777936935423
              Training Euclidean Shift: 0.026532239384121366	 Val Euclidean Shift: 0.030057542324066162


Epoch 194/300: Training Loss: 0.02402612070242564		 Val Loss: 0.02549741744995117
	      Training MAE Angle: 0.06820402542750041		 Val MAE Angle: 0.06217823028564453
              Training MSE Angle: 0.017047494649887085		 Val MSE Angle: 0.014869554042816162
	      Training MAE Shift: 0.0180085947116216		 Val MAE Shift: 0.019671351909637452
              Training Euclidean Shift: 0.02833561102549235	 Val Euclidean Shift: 0.03094008207321167


Epoch 195/300: Training Loss: 0.022841453552246094		 Val Loss: 0.025601532459259033
	      Training MAE Angle: 0.06232737832599216		 Val MAE Angle: 0.07902013301849366
              Training MSE Angle: 0.01575838526089986		 Val MSE Angle: 0.019452356100082398
	      Training MAE Shift: 0.017517252100838557		 Val MAE Shift: 0.015642988681793212
              Training Euclidean Shift: 0.027606831656561956	 Val Euclidean Shift: 0.024674956798553468


Epoch 196/300: Training Loss: 0.023560957776175603		 Val Loss: 0.022241287231445313
	      Training MAE Angle: 0.0659150414996677		 Val MAE Angle: 0.06090789794921875
              Training MSE Angle: 0.01648652719126807		 Val MSE Angle: 0.01515685796737671
	      Training MAE Shift: 0.017036606868108112		 Val MAE Shift: 0.016993130445480346
              Training Euclidean Shift: 0.026799415548642475	 Val Euclidean Shift: 0.026660058498382568


Epoch 197/300: Training Loss: 0.02204532755745782		 Val Loss: 0.021207520961761473
	      Training MAE Angle: 0.06398253970675999		 Val MAE Angle: 0.05946066379547119
              Training MSE Angle: 0.016079836421542697		 Val MSE Angle: 0.013615388870239258
	      Training MAE Shift: 0.016252049141459994		 Val MAE Shift: 0.017163964509963988
              Training Euclidean Shift: 0.02555616365538703	 Val Euclidean Shift: 0.02694202184677124


Epoch 198/300: Training Loss: 0.01982944044801924		 Val Loss: 0.02442790985107422
	      Training MAE Angle: 0.060228341155582		 Val MAE Angle: 0.0619846773147583
              Training MSE Angle: 0.013657543394300673		 Val MSE Angle: 0.017175884246826173
	      Training MAE Shift: 0.016351822349760268		 Val MAE Shift: 0.018286961317062377
              Training Euclidean Shift: 0.025729955898390874	 Val Euclidean Shift: 0.02886345863342285


Epoch 199/300: Training Loss: 0.01767588986290826		 Val Loss: 0.0240572190284729
	      Training MAE Angle: 0.05712240272098117		 Val MAE Angle: 0.06690993785858154
              Training MSE Angle: 0.012091989318529764		 Val MSE Angle: 0.017517688274383544
	      Training MAE Shift: 0.015958057509528265		 Val MAE Shift: 0.01586267352104187
              Training Euclidean Shift: 0.02509221269024743	 Val Euclidean Shift: 0.024798729419708253


Epoch 200/300: Training Loss: 0.023638874292373657		 Val Loss: 0.023900463581085205
	      Training MAE Angle: 0.06672406858868069		 Val MAE Angle: 0.060978031158447264
              Training MSE Angle: 0.01692076027393341		 Val MSE Angle: 0.01548508882522583
	      Training MAE Shift: 0.017275624805026583		 Val MAE Shift: 0.020583219528198242
              Training Euclidean Shift: 0.027205939094225567	 Val Euclidean Shift: 0.032598369121551514


Epoch 201/300: Training Loss: 0.01845181981722514		 Val Loss: 0.018785394430160522
	      Training MAE Angle: 0.05891570117738512		 Val MAE Angle: 0.056638669967651364
              Training MSE Angle: 0.013191515372859107		 Val MSE Angle: 0.012771167755126954
	      Training MAE Shift: 0.015824235147900052		 Val MAE Shift: 0.016232143640518188
              Training Euclidean Shift: 0.024896237585279677	 Val Euclidean Shift: 0.02546416997909546


Epoch 202/300: Training Loss: 0.02217161986562941		 Val Loss: 0.03223741054534912
	      Training MAE Angle: 0.06329164902369182		 Val MAE Angle: 0.07032864093780518
              Training MSE Angle: 0.01602898869249556		 Val MSE Angle: 0.02469979763031006
	      Training MAE Shift: 0.016808435320854187		 Val MAE Shift: 0.016775381565093995
              Training Euclidean Shift: 0.026465757025612727	 Val Euclidean Shift: 0.026342217922210694


Epoch 203/300: Training Loss: 0.023456944359673396		 Val Loss: 0.025629005432128905
	      Training MAE Angle: 0.0664698945151435		 Val MAE Angle: 0.06692418098449707
              Training MSE Angle: 0.016695472929212783		 Val MSE Angle: 0.018778830766677856
	      Training MAE Shift: 0.017658789952596027		 Val MAE Shift: 0.016279473304748535
              Training Euclidean Shift: 0.02780029508802626	 Val Euclidean Shift: 0.025576679706573485


Epoch 204/300: Training Loss: 0.020207825634214614		 Val Loss: 0.021084115505218506
	      Training MAE Angle: 0.06071811252170139		 Val MAE Angle: 0.060508408546447755
              Training MSE Angle: 0.013949483633041382		 Val MSE Angle: 0.014714444875717164
	      Training MAE Shift: 0.016778022050857544		 Val MAE Shift: 0.016781085729599
              Training Euclidean Shift: 0.026353571150037978	 Val Euclidean Shift: 0.026297147274017333


