train size: 1035, val size: 321, test size: 347

###########################################################################################################################################################

 learning rate: 0.0001, mlp_hidden_sizes: [1024, 512], jump_frames: 6, use_reconstruction_layer: True
batch_size: 8, norm: True, train_seqeunces: [0, 2, 3, 5], val_sequences: [6, 7, 8], RL_TEST_NAMES: ['fe2fadf89a84e92a', 'f01e8b6f8e10fdd9', 'f1ee9dc6135e5307', 'a41df4fa06fd391b', 'bc0ebb7482f14795', '9bdd34e784c04e3a', '98ebee1c36ecec55'], dataset: Sceneflow,
average embeddings: False, model: microsoft/resnet-152, augmentation: True, random crop: True, part: head, get_old_path: False,
RE1 coeff: 0 SED coeff: 0.5, ALG_COEFF: 0, L2_coeff: 1, huber_coeff: 1, frozen layers: 0, trained vit: None,
crop: 224 resize: 256, use conv: True pretrained: None, train_size: 1, norm_mean: tensor([0.5000, 0.5000, 0.5000], device='cuda:0'), norm_std: tensor([0.5000, 0.5000, 0.5000], device='cuda:0'), sched: None seed: 42, 

algebraic_truth: 0.004113894242506761		 val_algebraic_truth: 0.008161359443897155
RE1_truth: 2.1338264028040264e-05		 val_RE1_truth: 5.349917791602088e-05
SED_truth: 0.00017063083270421394		 val_SED_truth: 0.00042792832160868294

Epoch 1/7000: Training Loss: 10979.9125		 Val Loss: 11491.965701219513
             	Training MAE: 0.34661662578582764		 Val MAE: 0.3221668303012848
             	Algebraic dist: 2481.0540865384614		 Val Algebraic dist: 220.3164538871951
             	RE1 dist: 16313169.723076923		 Val RE1 dist: 41382.259146341465
             	SED dist: 21958.821153846155		 Val SED dist: 22982.919207317074

Epoch 2/7000: Training Loss: 1865.0802884615384		 Val Loss: 138.33548494664635
             	Training MAE: 0.32504579424858093		 Val MAE: 0.3283691108226776
             	Algebraic dist: 36.01314978966346		 Val Algebraic dist: 30.480909394054876
             	RE1 dist: 2431.278846153846		 Val RE1 dist: 1121.7861089939024
             	SED dist: 3729.197596153846		 Val SED dist: 275.7102943978659

Epoch 3/7000: Training Loss: 43.687548828125		 Val Loss: 79.08481207126525
             	Training MAE: 0.3339831233024597		 Val MAE: 0.34101352095603943
             	Algebraic dist: 35.02992788461538		 Val Algebraic dist: 67.0534012957317
             	RE1 dist: 1325.480528846154		 Val RE1 dist: 6203.35556402439
             	SED dist: 86.39144381009615		 Val SED dist: 157.166015625

Epoch 4/7000: Training Loss: 27.96947303185096		 Val Loss: 55.79099180640244
             	Training MAE: 0.34708908200263977		 Val MAE: 0.3540564477443695
             	Algebraic dist: 67.94770132211538		 Val Algebraic dist: 131.50514481707316
             	RE1 dist: 5473.515865384616		 Val RE1 dist: 19807.861280487807
             	SED dist: 54.91701472355769		 Val SED dist: 110.54489805640245

Epoch 5/7000: Training Loss: 20.916845703125		 Val Loss: 47.98729873285061
             	Training MAE: 0.3608461916446686		 Val MAE: 0.3832768499851227
             	Algebraic dist: 130.75198317307692		 Val Algebraic dist: 209.49759432164635
             	RE1 dist: 23054.242307692308		 Val RE1 dist: 50480.625
             	SED dist: 40.80797025240385		 Val SED dist: 95.0136063738567

Epoch 6/7000: Training Loss: 17.723488206129808		 Val Loss: 47.14342368521341
             	Training MAE: 0.3732782304286957		 Val MAE: 0.3365494906902313
             	Algebraic dist: 156.07316706730768		 Val Algebraic dist: 149.08261480564025
             	RE1 dist: 26496.3		 Val RE1 dist: 24727.22256097561
             	SED dist: 34.59875676081731		 Val SED dist: 93.63303877667683

Epoch 7/7000: Training Loss: 19.918272986778845		 Val Loss: 49.31808546112805
             	Training MAE: 0.3313525319099426		 Val MAE: 0.31597211956977844
             	Algebraic dist: 142.10972055288462		 Val Algebraic dist: 149.4444669397866
             	RE1 dist: 20309.598076923077		 Val RE1 dist: 19273.884146341465
             	SED dist: 39.23508864182692		 Val SED dist: 98.06259527439025

Epoch 8/7000: Training Loss: 16.205252779447115		 Val Loss: 40.90230504477896
             	Training MAE: 0.3097574710845947		 Val MAE: 0.2974110543727875
             	Algebraic dist: 93.7199969951923		 Val Algebraic dist: 96.17487614329268
             	RE1 dist: 9315.410576923077		 Val RE1 dist: 9740.320884146342
             	SED dist: 31.878789813701925		 Val SED dist: 81.29214700838415

Epoch 9/7000: Training Loss: 14.589969576322115		 Val Loss: 38.70168695217225
             	Training MAE: 0.2930302917957306		 Val MAE: 0.29543787240982056
             	Algebraic dist: 77.80210336538461		 Val Algebraic dist: 87.64027367568598
             	RE1 dist: 6246.772596153846		 Val RE1 dist: 7666.909298780488
             	SED dist: 28.697721980168268		 Val SED dist: 76.89827076981707

Epoch 10/7000: Training Loss: 13.644124661959134		 Val Loss: 39.713090105754574
             	Training MAE: 0.2890562117099762		 Val MAE: 0.29247039556503296
             	Algebraic dist: 66.52345252403846		 Val Algebraic dist: 80.27366973132622
             	RE1 dist: 4743.559615384615		 Val RE1 dist: 6901.370426829269
             	SED dist: 26.8164794921875		 Val SED dist: 78.9343202172256

Epoch 11/7000: Training Loss: 14.864743276742788		 Val Loss: 39.67818395102896
             	Training MAE: 0.2834751307964325		 Val MAE: 0.29515987634658813
             	Algebraic dist: 70.8405498798077		 Val Algebraic dist: 82.24870784108232
             	RE1 dist: 5198.727884615385		 Val RE1 dist: 6722.042682926829
             	SED dist: 29.276278921274038		 Val SED dist: 78.86391244283537

Epoch 12/7000: Training Loss: 11.705280949519231		 Val Loss: 40.26878096417683
             	Training MAE: 0.28649789094924927		 Val MAE: 0.29839733242988586
             	Algebraic dist: 55.49326923076923		 Val Algebraic dist: 73.50845560213415
             	RE1 dist: 3330.830048076923		 Val RE1 dist: 5768.421493902439
             	SED dist: 22.95078125		 Val SED dist: 80.03050566882622

Epoch 13/7000: Training Loss: 11.268290827824519		 Val Loss: 38.620218416539636
             	Training MAE: 0.2808946967124939		 Val MAE: 0.2945714592933655
             	Algebraic dist: 50.76171123798077		 Val Algebraic dist: 66.3228729992378
             	RE1 dist: 2691.9682692307692		 Val RE1 dist: 4962.149771341464
             	SED dist: 22.087625826322114		 Val SED dist: 76.74819574123475

Epoch 14/7000: Training Loss: 11.786899038461538		 Val Loss: 36.933054854230186
             	Training MAE: 0.2835884094238281		 Val MAE: 0.29911190271377563
             	Algebraic dist: 46.794989483173076		 Val Algebraic dist: 61.84964510289634
             	RE1 dist: 2428.7762019230768		 Val RE1 dist: 4223.692073170731
             	SED dist: 23.1166748046875		 Val SED dist: 73.35886290015245

Epoch 15/7000: Training Loss: 10.691331129807692		 Val Loss: 39.42910692168445
             	Training MAE: 0.28287801146507263		 Val MAE: 0.2954654395580292
             	Algebraic dist: 44.70731295072115		 Val Algebraic dist: 64.3998487519055
             	RE1 dist: 2123.847596153846		 Val RE1 dist: 4572.177972560976
             	SED dist: 20.926847956730768		 Val SED dist: 78.36451981707317

Epoch 16/7000: Training Loss: 10.445990459735578		 Val Loss: 36.8331269054878
             	Training MAE: 0.2827451825141907		 Val MAE: 0.29619836807250977
             	Algebraic dist: 41.84895958533654		 Val Algebraic dist: 57.92980063833841
             	RE1 dist: 1919.214903846154		 Val RE1 dist: 3824.329268292683
             	SED dist: 20.43623046875		 Val SED dist: 73.17012433307927

Epoch 17/7000: Training Loss: 10.560314002403846		 Val Loss: 39.55535144340701
             	Training MAE: 0.281624436378479		 Val MAE: 0.29818108677864075
             	Algebraic dist: 41.066117037259616		 Val Algebraic dist: 61.65921541539634
             	RE1 dist: 1842.1674278846153		 Val RE1 dist: 4294.138338414634
             	SED dist: 20.66648700420673		 Val SED dist: 78.61490686928353

Epoch 18/7000: Training Loss: 11.347010216346154		 Val Loss: 35.02036787823933
             	Training MAE: 0.28272250294685364		 Val MAE: 0.3063969314098358
             	Algebraic dist: 44.09615009014423		 Val Algebraic dist: 60.50362638147866
             	RE1 dist: 2056.076923076923		 Val RE1 dist: 3954.8380335365855
             	SED dist: 22.237222055288463		 Val SED dist: 69.52082936356707

Epoch 19/7000: Training Loss: 9.716319861778846		 Val Loss: 38.247177496189025
             	Training MAE: 0.2866766154766083		 Val MAE: 0.308109849691391
             	Algebraic dist: 40.26111027644231		 Val Algebraic dist: 60.18435594512195
             	RE1 dist: 1774.313341346154		 Val RE1 dist: 4200.082317073171
             	SED dist: 18.967166841947115		 Val SED dist: 75.97250142911585

Epoch 20/7000: Training Loss: 9.943410081129807		 Val Loss: 37.806625738376525
             	Training MAE: 0.28383493423461914		 Val MAE: 0.31484735012054443
             	Algebraic dist: 39.464539513221155		 Val Algebraic dist: 63.25674066310975
             	RE1 dist: 1733.4469951923077		 Val RE1 dist: 4201.254192073171
             	SED dist: 19.426038536658655		 Val SED dist: 75.06575719321647

Epoch 21/7000: Training Loss: 9.965725473257212		 Val Loss: 35.70413133574695
             	Training MAE: 0.2886466085910797		 Val MAE: 0.3185787796974182
             	Algebraic dist: 38.82247971754808		 Val Algebraic dist: 57.6662002191311
             	RE1 dist: 1660.519591346154		 Val RE1 dist: 3678.501905487805
             	SED dist: 19.454794546274037		 Val SED dist: 70.84959151105183

Epoch 22/7000: Training Loss: 10.05465839092548		 Val Loss: 39.60754989996189
             	Training MAE: 0.283969521522522		 Val MAE: 0.3137567937374115
             	Algebraic dist: 37.48843524639423		 Val Algebraic dist: 64.1303055926067
             	RE1 dist: 1624.7957932692307		 Val RE1 dist: 4562.08993902439
             	SED dist: 19.641941481370193		 Val SED dist: 78.67457841082317

Epoch 23/7000: Training Loss: 9.249505145733172		 Val Loss: 35.35080625952744
             	Training MAE: 0.2865445613861084		 Val MAE: 0.32012730836868286
             	Algebraic dist: 35.111895282451925		 Val Algebraic dist: 57.19976062309451
             	RE1 dist: 1385.0076923076922		 Val RE1 dist: 3702.198551829268
             	SED dist: 18.02179424579327		 Val SED dist: 70.13792158917683

Epoch 24/7000: Training Loss: 9.408774038461539		 Val Loss: 36.44730135289634
             	Training MAE: 0.2854304015636444		 Val MAE: 0.32661372423171997
             	Algebraic dist: 36.29530123197115		 Val Algebraic dist: 59.34375
             	RE1 dist: 1444.9622596153847		 Val RE1 dist: 3944.637576219512
             	SED dist: 18.33953575721154		 Val SED dist: 72.31278582317073

Epoch 25/7000: Training Loss: 8.859225698617788		 Val Loss: 35.96306926448171
             	Training MAE: 0.2885700762271881		 Val MAE: 0.3270144760608673
             	Algebraic dist: 33.33924278846154		 Val Algebraic dist: 57.5994843273628
             	RE1 dist: 1234.9908653846153		 Val RE1 dist: 3914.3117378048782
             	SED dist: 17.22796912560096		 Val SED dist: 71.3404570788872

Epoch 26/7000: Training Loss: 8.757065993088942		 Val Loss: 40.755019769435975
             	Training MAE: 0.286422461271286		 Val MAE: 0.3356681764125824
             	Algebraic dist: 31.679830228365386		 Val Algebraic dist: 70.5272782488567
             	RE1 dist: 1143.5332932692309		 Val RE1 dist: 4282.524771341464
             	SED dist: 17.023944561298077		 Val SED dist: 80.88344964748475

Epoch 27/7000: Training Loss: 8.571755746694711		 Val Loss: 35.391553925304876
             	Training MAE: 0.2895122468471527		 Val MAE: 0.32818859815597534
             	Algebraic dist: 33.21402118389423		 Val Algebraic dist: 59.90982874428354
             	RE1 dist: 1281.1233173076923		 Val RE1 dist: 4192.806021341464
             	SED dist: 16.641883263221153		 Val SED dist: 70.1948301733994

Epoch 28/7000: Training Loss: 8.959725247896635		 Val Loss: 34.586101252858235
             	Training MAE: 0.2876420021057129		 Val MAE: 0.34162044525146484
             	Algebraic dist: 31.764081280048078		 Val Algebraic dist: 60.412216558689025
             	RE1 dist: 1222.3207932692308		 Val RE1 dist: 3958.638719512195
             	SED dist: 17.418785682091347		 Val SED dist: 68.52845726943598

Epoch 29/7000: Training Loss: 8.415420297475961		 Val Loss: 33.259506597751525
             	Training MAE: 0.2890045940876007		 Val MAE: 0.339428186416626
             	Algebraic dist: 29.61619403545673		 Val Algebraic dist: 58.80592606707317
             	RE1 dist: 1073.6566105769232		 Val RE1 dist: 3761.034679878049
             	SED dist: 16.320569786658655		 Val SED dist: 65.88774294969512

Epoch 30/7000: Training Loss: 8.617681415264423		 Val Loss: 34.033920660251525
             	Training MAE: 0.29167160391807556		 Val MAE: 0.3453172445297241
             	Algebraic dist: 31.282262244591347		 Val Algebraic dist: 61.88512290396341
             	RE1 dist: 1201.394591346154		 Val RE1 dist: 4160.596417682927
             	SED dist: 16.712451171875		 Val SED dist: 67.4083936737805

Epoch 31/7000: Training Loss: 8.34169921875		 Val Loss: 34.11643721417683
             	Training MAE: 0.29095008969306946		 Val MAE: 0.34021228551864624
             	Algebraic dist: 30.940213716947117		 Val Algebraic dist: 68.2661073266006
             	RE1 dist: 1217.4938701923077		 Val RE1 dist: 5387.158917682927
             	SED dist: 16.15439453125		 Val SED dist: 67.60689191120427

Epoch 32/7000: Training Loss: 8.616434420072116		 Val Loss: 34.11868509432165
             	Training MAE: 0.2894565761089325		 Val MAE: 0.3522818684577942
             	Algebraic dist: 30.800925856370192		 Val Algebraic dist: 68.276611328125
             	RE1 dist: 1285.076201923077		 Val RE1 dist: 5000.0838414634145
             	SED dist: 16.7024169921875		 Val SED dist: 67.5441358612805

Epoch 33/7000: Training Loss: 8.064520733173078		 Val Loss: 33.196533203125
             	Training MAE: 0.2890123724937439		 Val MAE: 0.35246971249580383
             	Algebraic dist: 30.321343524639424		 Val Algebraic dist: 74.4065596417683
             	RE1 dist: 1277.5322115384615		 Val RE1 dist: 5492.599847560976
             	SED dist: 15.592960298978365		 Val SED dist: 65.685546875

Epoch 34/7000: Training Loss: 8.034901780348557		 Val Loss: 32.67159215415396
             	Training MAE: 0.2896384000778198		 Val MAE: 0.35168930888175964
             	Algebraic dist: 29.36521747295673		 Val Algebraic dist: 70.36125071455793
             	RE1 dist: 1253.7891826923078		 Val RE1 dist: 5307.222179878048
             	SED dist: 15.521615835336538		 Val SED dist: 64.64590677400915

Epoch 35/7000: Training Loss: 7.970122821514423		 Val Loss: 33.73586663967225
             	Training MAE: 0.2887045741081238		 Val MAE: 0.3528134226799011
             	Algebraic dist: 27.953771033653847		 Val Algebraic dist: 72.5827577172256
             	RE1 dist: 1111.975721153846		 Val RE1 dist: 5176.0838414634145
             	SED dist: 15.390308556189904		 Val SED dist: 66.74991663490853

Epoch 36/7000: Training Loss: 7.559257155198317		 Val Loss: 30.510929758955793
             	Training MAE: 0.28972408175468445		 Val MAE: 0.34987735748291016
             	Algebraic dist: 28.67345440204327		 Val Algebraic dist: 64.48185618330793
             	RE1 dist: 1204.1407451923078		 Val RE1 dist: 4863.009527439024
             	SED dist: 14.552952223557693		 Val SED dist: 60.29068216463415

Epoch 37/7000: Training Loss: 8.28187255859375		 Val Loss: 30.3630996331936
             	Training MAE: 0.28878694772720337		 Val MAE: 0.3535210192203522
             	Algebraic dist: 30.250482647235575		 Val Algebraic dist: 65.30724204458842
             	RE1 dist: 1333.6342548076923		 Val RE1 dist: 4792.556021341464
             	SED dist: 15.995731295072115		 Val SED dist: 59.98373189786585

Epoch 38/7000: Training Loss: 7.545437387319711		 Val Loss: 32.499949385480186
             	Training MAE: 0.2899130880832672		 Val MAE: 0.35243067145347595
             	Algebraic dist: 27.508060396634615		 Val Algebraic dist: 75.2588486089939
             	RE1 dist: 1204.9439903846153		 Val RE1 dist: 6736.999237804878
             	SED dist: 14.5158447265625		 Val SED dist: 64.25745522103658

Epoch 39/7000: Training Loss: 7.786529071514423		 Val Loss: 29.810013933879574
             	Training MAE: 0.2910304069519043		 Val MAE: 0.351398766040802
             	Algebraic dist: 27.8823486328125		 Val Algebraic dist: 80.5579863757622
             	RE1 dist: 1313.1170673076922		 Val RE1 dist: 7393.304878048781
             	SED dist: 14.989545147235576		 Val SED dist: 58.834299971417686

Epoch 40/7000: Training Loss: 7.310934682992788		 Val Loss: 33.457471894054876
             	Training MAE: 0.28881528973579407		 Val MAE: 0.3464966416358948
             	Algebraic dist: 25.9144775390625		 Val Algebraic dist: 93.57870855564025
             	RE1 dist: 1268.7701923076922		 Val RE1 dist: 8287.134146341463
             	SED dist: 14.035274564302885		 Val SED dist: 66.2070372046494

Epoch 41/7000: Training Loss: 7.679929762620192		 Val Loss: 32.05707531440549
             	Training MAE: 0.2878355085849762		 Val MAE: 0.3522545099258423
             	Algebraic dist: 29.156683819110576		 Val Algebraic dist: 92.72697932545732
             	RE1 dist: 1436.4165865384616		 Val RE1 dist: 8461.982469512195
             	SED dist: 14.776169996995192		 Val SED dist: 63.29543992949695

Epoch 42/7000: Training Loss: 7.462508451021635		 Val Loss: 29.097956959794207
             	Training MAE: 0.2890765368938446		 Val MAE: 0.3484736680984497
             	Algebraic dist: 28.644448617788463		 Val Algebraic dist: 78.32643983422255
             	RE1 dist: 1365.9823317307691		 Val RE1 dist: 7528.178353658536
             	SED dist: 14.329505333533653		 Val SED dist: 57.445115996570124

Epoch 43/7000: Training Loss: 6.689825908954327		 Val Loss: 26.448146913109756
             	Training MAE: 0.2886319160461426		 Val MAE: 0.344106525182724
             	Algebraic dist: 25.94349834735577		 Val Algebraic dist: 72.4734482183689
             	RE1 dist: 1304.3408653846154		 Val RE1 dist: 7218.397103658536
             	SED dist: 12.78814697265625		 Val SED dist: 52.1550888433689

Epoch 44/7000: Training Loss: 7.436644568810096		 Val Loss: 26.971730302019818
             	Training MAE: 0.287561297416687		 Val MAE: 0.342759370803833
             	Algebraic dist: 27.07692119891827		 Val Algebraic dist: 80.26645865091463
             	RE1 dist: 1567.8516826923078		 Val RE1 dist: 8674.125762195123
             	SED dist: 14.28072509765625		 Val SED dist: 53.1776093273628

Epoch 45/7000: Training Loss: 7.099732853816106		 Val Loss: 32.90211151867378
             	Training MAE: 0.2865143120288849		 Val MAE: 0.34240415692329407
             	Algebraic dist: 26.95884540264423		 Val Algebraic dist: 93.9214462652439
             	RE1 dist: 1530.6962740384615		 Val RE1 dist: 11810.032012195123
             	SED dist: 13.613034292367788		 Val SED dist: 65.0433379382622

Epoch 46/7000: Training Loss: 7.137987342247596		 Val Loss: 27.011888457507624
             	Training MAE: 0.28642451763153076		 Val MAE: 0.32466378808021545
             	Algebraic dist: 26.54570500300481		 Val Algebraic dist: 88.315673828125
             	RE1 dist: 1517.7229567307693		 Val RE1 dist: 10012.955030487805
             	SED dist: 13.683486703725961		 Val SED dist: 53.364638910060975

Epoch 47/7000: Training Loss: 6.705221322866587		 Val Loss: 27.6680282964939
             	Training MAE: 0.28301772475242615		 Val MAE: 0.3300504684448242
             	Algebraic dist: 25.188457782451923		 Val Algebraic dist: 79.88176448170732
             	RE1 dist: 1457.6381009615384		 Val RE1 dist: 9044.467225609756
             	SED dist: 12.835830453725961		 Val SED dist: 54.63320550685975

Epoch 48/7000: Training Loss: 6.225950739933894		 Val Loss: 27.577053163109756
             	Training MAE: 0.2832772433757782		 Val MAE: 0.31772902607917786
             	Algebraic dist: 22.86317608173077		 Val Algebraic dist: 67.0083543730945
             	RE1 dist: 1345.951201923077		 Val RE1 dist: 6652.81631097561
             	SED dist: 11.878533466045672		 Val SED dist: 54.4882217035061

Epoch 49/7000: Training Loss: 6.7119530310997595		 Val Loss: 28.097084603658537
             	Training MAE: 0.2816895842552185		 Val MAE: 0.31569012999534607
             	Algebraic dist: 25.37730243389423		 Val Algebraic dist: 66.6065048589939
             	RE1 dist: 1516.6716346153846		 Val RE1 dist: 7207.4588414634145
             	SED dist: 12.852550330528846		 Val SED dist: 55.535257479039636

Epoch 50/7000: Training Loss: 6.0646254319411055		 Val Loss: 26.360786251905488
             	Training MAE: 0.28089743852615356		 Val MAE: 0.313245952129364
             	Algebraic dist: 22.328810471754807		 Val Algebraic dist: 67.54355826028963
             	RE1 dist: 1247.7700721153847		 Val RE1 dist: 6529.879573170731
             	SED dist: 11.561373197115385		 Val SED dist: 52.062821551067074

Epoch 51/7000: Training Loss: 5.717229755108173		 Val Loss: 27.329324861852132
             	Training MAE: 0.2787516713142395		 Val MAE: 0.3148415982723236
             	Algebraic dist: 21.764334810697115		 Val Algebraic dist: 61.588760003810975
             	RE1 dist: 1133.0335336538462		 Val RE1 dist: 6347.8692835365855
             	SED dist: 10.86889178936298		 Val SED dist: 54.0054901867378

Epoch 52/7000: Training Loss: 5.934377817007212		 Val Loss: 24.5992119021532
             	Training MAE: 0.27850115299224854		 Val MAE: 0.31256330013275146
             	Algebraic dist: 21.97877478966346		 Val Algebraic dist: 63.08282917301829
             	RE1 dist: 1399.8643028846154		 Val RE1 dist: 5799.510289634146
             	SED dist: 11.30650634765625		 Val SED dist: 48.556080887957314

Epoch 53/7000: Training Loss: 6.002876164362981		 Val Loss: 26.11509444073933
             	Training MAE: 0.27755677700042725		 Val MAE: 0.30401766300201416
             	Algebraic dist: 21.223058143028847		 Val Algebraic dist: 58.20435165777439
             	RE1 dist: 1215.7102163461539		 Val RE1 dist: 5252.095655487805
             	SED dist: 11.444711538461538		 Val SED dist: 51.599805878429876

Epoch 54/7000: Training Loss: 5.880287053034856		 Val Loss: 29.395150533536587
             	Training MAE: 0.27548810839653015		 Val MAE: 0.3122199773788452
             	Algebraic dist: 20.379713792067307		 Val Algebraic dist: 72.24215772675305
             	RE1 dist: 1036.0671875		 Val RE1 dist: 6908.695884146341
             	SED dist: 11.196719125600962		 Val SED dist: 58.13316977896341

Epoch 55/7000: Training Loss: 7.455726036658654		 Val Loss: 28.626863805259145
             	Training MAE: 0.2743694484233856		 Val MAE: 0.3177647292613983
             	Algebraic dist: 25.001453575721154		 Val Algebraic dist: 84.08684260670732
             	RE1 dist: 1350.4019230769231		 Val RE1 dist: 9510.181402439024
             	SED dist: 14.361892465444711		 Val SED dist: 56.58478229801829

Epoch 56/7000: Training Loss: 5.764629187950721		 Val Loss: 23.262354408822407
             	Training MAE: 0.27434834837913513		 Val MAE: 0.29777687788009644
             	Algebraic dist: 19.71679499699519		 Val Algebraic dist: 50.29122999237805
             	RE1 dist: 932.8889423076923		 Val RE1 dist: 4296.614329268293
             	SED dist: 10.976118351862981		 Val SED dist: 45.905776605373475

Epoch 57/7000: Training Loss: 5.843411959134615		 Val Loss: 24.409279427877287
             	Training MAE: 0.2743360698223114		 Val MAE: 0.3012314438819885
             	Algebraic dist: 19.94438664362981		 Val Algebraic dist: 47.19951945979421
             	RE1 dist: 995.2158653846154		 Val RE1 dist: 4201.940929878048
             	SED dist: 11.129148512620192		 Val SED dist: 48.189208984375

Epoch 58/7000: Training Loss: 5.1455524151141825		 Val Loss: 21.663770722179876
             	Training MAE: 0.2713439464569092		 Val MAE: 0.307585209608078
             	Algebraic dist: 16.6745849609375		 Val Algebraic dist: 45.9233428210747
             	RE1 dist: 725.3503004807692		 Val RE1 dist: 3817.607850609756
             	SED dist: 9.744737830528846		 Val SED dist: 42.667861566310975

Epoch 59/7000: Training Loss: 5.283999868539664		 Val Loss: 23.61834121331936
             	Training MAE: 0.2717762291431427		 Val MAE: 0.30017954111099243
             	Algebraic dist: 16.05927734375		 Val Algebraic dist: 45.66069812309451
             	RE1 dist: 622.9961538461539		 Val RE1 dist: 3810.7991615853657
             	SED dist: 10.017466383713943		 Val SED dist: 46.60131240472561

Epoch 60/7000: Training Loss: 5.438966721754808		 Val Loss: 22.18817138671875
             	Training MAE: 0.26963087916374207		 Val MAE: 0.3030134439468384
             	Algebraic dist: 17.211127178485576		 Val Algebraic dist: 47.23601550590701
             	RE1 dist: 705.20625		 Val RE1 dist: 3298.7820121951218
             	SED dist: 10.336348783052884		 Val SED dist: 43.72594023913872

Epoch 61/7000: Training Loss: 5.2575214092548075		 Val Loss: 23.502995188643293
             	Training MAE: 0.26904380321502686		 Val MAE: 0.2947027385234833
             	Algebraic dist: 15.537257737379807		 Val Algebraic dist: 43.84657548113567
             	RE1 dist: 720.3583533653846		 Val RE1 dist: 3232.7576219512193
             	SED dist: 9.970787635216347		 Val SED dist: 46.38381288109756

Epoch 62/7000: Training Loss: 5.427986027644231		 Val Loss: 21.862204947122713
             	Training MAE: 0.26993075013160706		 Val MAE: 0.2969943881034851
             	Algebraic dist: 16.177794471153845		 Val Algebraic dist: 41.41861482945884
             	RE1 dist: 632.1438100961539		 Val RE1 dist: 2911.285823170732
             	SED dist: 10.305928861177884		 Val SED dist: 43.092332793445124

Epoch 63/7000: Training Loss: 5.235634202223558		 Val Loss: 20.44891357421875
             	Training MAE: 0.26758378744125366		 Val MAE: 0.2941731810569763
             	Algebraic dist: 15.774598106971155		 Val Algebraic dist: 37.508467511432926
             	RE1 dist: 631.3357572115384		 Val RE1 dist: 2808.384527439024
             	SED dist: 9.932231257512019		 Val SED dist: 40.26360637385671

Epoch 64/7000: Training Loss: 5.345924729567308		 Val Loss: 24.357779153963413
             	Training MAE: 0.2689460515975952		 Val MAE: 0.2953140437602997
             	Algebraic dist: 15.304852764423076		 Val Algebraic dist: 42.88004358803354
             	RE1 dist: 603.8454927884616		 Val RE1 dist: 3512.8864329268295
             	SED dist: 10.149384014423077		 Val SED dist: 48.094193621379574

Epoch 65/7000: Training Loss: 5.027837665264423		 Val Loss: 24.38999529582698
             	Training MAE: 0.2676447927951813		 Val MAE: 0.28889647126197815
             	Algebraic dist: 14.54236591045673		 Val Algebraic dist: 45.2322968273628
             	RE1 dist: 511.4471754807692		 Val RE1 dist: 3059.460556402439
             	SED dist: 9.514858774038462		 Val SED dist: 48.178392363757624

Epoch 66/7000: Training Loss: 5.012122051532452		 Val Loss: 21.322645233898626
             	Training MAE: 0.2674192488193512		 Val MAE: 0.2907613515853882
             	Algebraic dist: 13.818873009314904		 Val Algebraic dist: 34.26456507240854
             	RE1 dist: 469.5146334134615		 Val RE1 dist: 2438.770769817073
             	SED dist: 9.485421987680288		 Val SED dist: 42.026810808879574

Epoch 67/7000: Training Loss: 5.075022066556491		 Val Loss: 20.837180533060213
             	Training MAE: 0.26725533604621887		 Val MAE: 0.2940441071987152
             	Algebraic dist: 14.254773888221154		 Val Algebraic dist: 33.223281488185975
             	RE1 dist: 524.2859375		 Val RE1 dist: 2316.5476371951218
             	SED dist: 9.608870755709134		 Val SED dist: 41.03834794207317

Epoch 68/7000: Training Loss: 5.2533203125		 Val Loss: 28.378819907583843
             	Training MAE: 0.2676911950111389		 Val MAE: 0.28151899576187134
             	Algebraic dist: 13.456020883413462		 Val Algebraic dist: 46.045919278772864
             	RE1 dist: 428.80411658653844		 Val RE1 dist: 3364.8353658536585
             	SED dist: 9.961114032451922		 Val SED dist: 56.17983636623475

Epoch 69/7000: Training Loss: 5.248418719951923		 Val Loss: 21.84900051209985
             	Training MAE: 0.26671379804611206		 Val MAE: 0.2869749069213867
             	Algebraic dist: 13.457040640024038		 Val Algebraic dist: 36.11942049352134
             	RE1 dist: 376.7362379807692		 Val RE1 dist: 2343.331364329268
             	SED dist: 9.954410494290865		 Val SED dist: 43.10091344321646

Epoch 70/7000: Training Loss: 4.933470271183894		 Val Loss: 24.870840677400913
             	Training MAE: 0.26666226983070374		 Val MAE: 0.2887130677700043
             	Algebraic dist: 12.614853140024039		 Val Algebraic dist: 45.64500166730183
             	RE1 dist: 415.91865985576925		 Val RE1 dist: 2866.4306402439024
             	SED dist: 9.323506047175481		 Val SED dist: 49.1375732421875

Epoch 71/7000: Training Loss: 5.402976637620192		 Val Loss: 22.780513112137957
             	Training MAE: 0.2656487226486206		 Val MAE: 0.2871522605419159
             	Algebraic dist: 13.751563439002403		 Val Algebraic dist: 39.007371855945124
             	RE1 dist: 461.0483173076923		 Val RE1 dist: 2938.261242378049
             	SED dist: 10.267547137920673		 Val SED dist: 44.972879549352136

Epoch 72/7000: Training Loss: 5.282774939903846		 Val Loss: 20.666489019626525
             	Training MAE: 0.26589882373809814		 Val MAE: 0.29043641686439514
             	Algebraic dist: 13.504245229867788		 Val Algebraic dist: 38.922041730182926
             	RE1 dist: 451.86887019230767		 Val RE1 dist: 2899.0788871951218
             	SED dist: 10.027403846153845		 Val SED dist: 40.741475919397864

Epoch 73/7000: Training Loss: 4.989942345252404		 Val Loss: 27.036644912347562
             	Training MAE: 0.26518306136131287		 Val MAE: 0.27974000573158264
             	Algebraic dist: 13.882435960036057		 Val Algebraic dist: 44.7336455554497
             	RE1 dist: 474.18876201923075		 Val RE1 dist: 3670.169207317073
             	SED dist: 9.445694673978366		 Val SED dist: 53.51507121760671

Epoch 74/7000: Training Loss: 5.2045790452223555		 Val Loss: 21.197484458365093
             	Training MAE: 0.2639716565608978		 Val MAE: 0.2880554795265198
             	Algebraic dist: 13.068719951923077		 Val Algebraic dist: 33.722025057164636
             	RE1 dist: 424.3753305288462		 Val RE1 dist: 2122.4403582317073
             	SED dist: 9.879173865685097		 Val SED dist: 41.793873856707314

Epoch 75/7000: Training Loss: 4.5768155611478365		 Val Loss: 20.418948289824694
             	Training MAE: 0.2652473747730255		 Val MAE: 0.28228187561035156
             	Algebraic dist: 11.977496807391827		 Val Algebraic dist: 33.23206459603659
             	RE1 dist: 393.58079927884614		 Val RE1 dist: 2126.1427210365855
             	SED dist: 8.618076735276443		 Val SED dist: 40.25314405487805

Epoch 76/7000: Training Loss: 4.771510197566106		 Val Loss: 20.264480218654725
             	Training MAE: 0.2620101869106293		 Val MAE: 0.2819337248802185
             	Algebraic dist: 11.586863356370193		 Val Algebraic dist: 39.82955411585366
             	RE1 dist: 372.4365384615385		 Val RE1 dist: 3275.593368902439
             	SED dist: 9.015567720853365		 Val SED dist: 39.97106040396341

Epoch 77/7000: Training Loss: 5.2275338979867785		 Val Loss: 21.764767530487806
             	Training MAE: 0.26233166456222534		 Val MAE: 0.2844507694244385
             	Algebraic dist: 13.481523249699519		 Val Algebraic dist: 39.53922029820884
             	RE1 dist: 480.8431189903846		 Val RE1 dist: 2974.5403963414633
             	SED dist: 9.928504356971153		 Val SED dist: 42.945872237042686

Epoch 78/7000: Training Loss: 4.77241445688101		 Val Loss: 21.093930128144056
             	Training MAE: 0.2622414231300354		 Val MAE: 0.2811862826347351
             	Algebraic dist: 12.530308180588943		 Val Algebraic dist: 36.553058903391765
             	RE1 dist: 354.16466346153845		 Val RE1 dist: 2386.0552591463415
             	SED dist: 9.017934006911057		 Val SED dist: 41.610056807355186

Epoch 79/7000: Training Loss: 4.58333974984976		 Val Loss: 22.546336104230182
             	Training MAE: 0.26377612352371216		 Val MAE: 0.28407227993011475
             	Algebraic dist: 11.202801983173076		 Val Algebraic dist: 36.31787704839939
             	RE1 dist: 292.85787259615387		 Val RE1 dist: 2608.9112042682927
             	SED dist: 8.634233210637019		 Val SED dist: 44.512126643483235

Epoch 80/7000: Training Loss: 5.050652606670673		 Val Loss: 17.122086687785824
             	Training MAE: 0.26226815581321716		 Val MAE: 0.28272774815559387
             	Algebraic dist: 13.098165189302884		 Val Algebraic dist: 29.688926138528963
             	RE1 dist: 400.9700721153846		 Val RE1 dist: 1706.7793445121952
             	SED dist: 9.574830040564905		 Val SED dist: 33.662552996379574

Epoch 81/7000: Training Loss: 4.980145263671875		 Val Loss: 22.2753310785061
             	Training MAE: 0.26117444038391113		 Val MAE: 0.2751798927783966
             	Algebraic dist: 12.536631422776443		 Val Algebraic dist: 36.236774723704265
             	RE1 dist: 374.61039663461537		 Val RE1 dist: 2480.682736280488
             	SED dist: 9.438222092848557		 Val SED dist: 44.0103134527439

Epoch 82/7000: Training Loss: 4.444526554987981		 Val Loss: 19.939499273532775
             	Training MAE: 0.26328417658805847		 Val MAE: 0.2667466700077057
             	Algebraic dist: 10.57183837890625		 Val Algebraic dist: 32.222489519817074
             	RE1 dist: 301.7173377403846		 Val RE1 dist: 2462.080030487805
             	SED dist: 8.354522235576923		 Val SED dist: 39.3702988043064

Epoch 83/7000: Training Loss: 4.3220186673677885		 Val Loss: 19.07679413586128
             	Training MAE: 0.2613125145435333		 Val MAE: 0.27340030670166016
             	Algebraic dist: 10.431197415865384		 Val Algebraic dist: 32.05062345179116
             	RE1 dist: 298.041015625		 Val RE1 dist: 2112.9140625
             	SED dist: 8.119769756610577		 Val SED dist: 37.618452862995426

Epoch 84/7000: Training Loss: 4.8116041917067305		 Val Loss: 17.241185630240093
             	Training MAE: 0.26103177666664124		 Val MAE: 0.28035902976989746
             	Algebraic dist: 11.081639685997596		 Val Algebraic dist: 30.5040908441311
             	RE1 dist: 310.88419471153844		 Val RE1 dist: 1960.8170731707316
             	SED dist: 9.096575458233174		 Val SED dist: 33.9234023675686

