
###########################################################################################################################################################

 learning rate: 0.0001, mlp_hidden_sizes: [1024, 512], jump_frames: 6, use_reconstruction_layer: True
batch_size: 8, norm: True, train_seqeunces: [0, 2, 3, 5], val_sequences: [6, 7, 8], RL_TEST_NAMES: ['fe2fadf89a84e92a', 'f01e8b6f8e10fdd9', 'f1ee9dc6135e5307', 'a41df4fa06fd391b', 'bc0ebb7482f14795', '9bdd34e784c04e3a', '98ebee1c36ecec55'], dataset: Sceneflow2Kitti,
average embeddings: False, model: microsoft/resnet-152, augmentation: True, random crop: True, part: head, get_old_path: False, computer: 1,
RE1 coeff: 0 SED coeff: 0.5, ALG_COEFF: 0, L2_coeff: 1, huber_coeff: 1, frozen layers: 0, trained vit: None, MAX_POOL_SIZE: 3
crop: 224 resize: 256, use conv: True pretrained: None, train_size: 0.002, norm_mean: tensor([0.5000, 0.5000, 0.5000], device='cuda:0'), norm_std: tensor([0.5000, 0.5000, 0.5000], device='cuda:0'), sched: None seed: 42

train size: 32, val size: 24, test size: 1064

algebraic_truth: 0.01731039583683014		 val_algebraic_truth: 0.017604952057202656
RE1_truth: 0.00019717706891242415		 val_RE1_truth: 0.00020560222522666058
SED_truth: 0.0015774194616824389		 val_SED_truth: 0.0016448103512326877

Epoch 1/100: Training Loss: 0.12315333634614944		 Val Loss: 0.15087049206097922
             	Training MAE: 0.04299351945519447		 Val MAE: 0.04368136078119278
             	Algebraic dist: 0.2050471007823944		 Val Algebraic dist: 0.2572297652562459
             	RE1 dist: 0.05724674463272095		 Val RE1 dist: 0.05935824910799662
             	SED dist: 0.23019251227378845		 Val SED dist: 0.28527287642161053

Epoch 2/100: Training Loss: 0.1402682512998581		 Val Loss: 0.20591320594151816
             	Training MAE: 0.058637313544750214		 Val MAE: 0.05243677645921707
             	Algebraic dist: 0.2278302162885666		 Val Algebraic dist: 0.3455870946248372
             	RE1 dist: 0.057872552424669266		 Val RE1 dist: 0.0795164704322815
             	SED dist: 0.25405675172805786		 Val SED dist: 0.39066370328267414

Epoch 3/100: Training Loss: 0.15073099732398987		 Val Loss: 0.21648208300272623
             	Training MAE: 0.05313103646039963		 Val MAE: 0.041494980454444885
             	Algebraic dist: 0.2407563328742981		 Val Algebraic dist: 0.3315824667612712
             	RE1 dist: 0.05775544419884682		 Val RE1 dist: 0.09425771236419678
             	SED dist: 0.27909043431282043		 Val SED dist: 0.4178260962168376

Epoch 4/100: Training Loss: 0.20094217360019684		 Val Loss: 0.26458720366160077
             	Training MAE: 0.04342794418334961		 Val MAE: 0.043063290417194366
             	Algebraic dist: 0.31069231033325195		 Val Algebraic dist: 0.3837664524714152
             	RE1 dist: 0.07911046594381332		 Val RE1 dist: 0.10142704844474792
             	SED dist: 0.3858378529548645		 Val SED dist: 0.5133508046468099

Epoch 5/100: Training Loss: 0.1987689882516861		 Val Loss: 0.37907008330027264
             	Training MAE: 0.047602225095033646		 Val MAE: 0.043956976383924484
             	Algebraic dist: 0.2881461977958679		 Val Algebraic dist: 0.47399163246154785
             	RE1 dist: 0.0813552662730217		 Val RE1 dist: 0.1447262465953827
             	SED dist: 0.37913352251052856		 Val SED dist: 0.7418748537699381

Epoch 6/100: Training Loss: 0.20513391494750977		 Val Loss: 0.19082383314768472
             	Training MAE: 0.04566427692770958		 Val MAE: 0.06312639266252518
             	Algebraic dist: 0.2961405813694		 Val Algebraic dist: 0.2791597247123718
             	RE1 dist: 0.08514750748872757		 Val RE1 dist: 0.07509454091389973
             	SED dist: 0.3930899500846863		 Val SED dist: 0.34700993696848553

Epoch 7/100: Training Loss: 0.11779741942882538		 Val Loss: 0.12140638629595439
             	Training MAE: 0.05138178542256355		 Val MAE: 0.04186407849192619
             	Algebraic dist: 0.218231663107872		 Val Algebraic dist: 0.22145567337671915
             	RE1 dist: 0.04609743505716324		 Val RE1 dist: 0.05727161467075348
             	SED dist: 0.21470195055007935		 Val SED dist: 0.22728264331817627

Epoch 8/100: Training Loss: 0.07906791567802429		 Val Loss: 0.22066976626714072
             	Training MAE: 0.04924105480313301		 Val MAE: 0.049292925745248795
             	Algebraic dist: 0.16244013607501984		 Val Algebraic dist: 0.2913338343302409
             	RE1 dist: 0.029913004487752914		 Val RE1 dist: 0.10513652364412944
             	SED dist: 0.1387273073196411		 Val SED dist: 0.4219348033269246

Epoch 9/100: Training Loss: 0.09067322313785553		 Val Loss: 0.22583641608556113
             	Training MAE: 0.05398869141936302		 Val MAE: 0.044785790145397186
             	Algebraic dist: 0.18293723464012146		 Val Algebraic dist: 0.3194763461748759
             	RE1 dist: 0.035522058606147766		 Val RE1 dist: 0.10652519265810649
             	SED dist: 0.15902987122535706		 Val SED dist: 0.43247127532958984

Epoch 10/100: Training Loss: 0.17775025963783264		 Val Loss: 0.24945745865503946
             	Training MAE: 0.04174526408314705		 Val MAE: 0.061170630156993866
             	Algebraic dist: 0.2749153971672058		 Val Algebraic dist: 0.3522323767344157
             	RE1 dist: 0.07712538540363312		 Val RE1 dist: 0.1063336431980133
             	SED dist: 0.3401748239994049		 Val SED dist: 0.470348318417867

Epoch 11/100: Training Loss: 0.1770927608013153		 Val Loss: 0.27328646183013916
             	Training MAE: 0.04693369194865227		 Val MAE: 0.04803178086876869
             	Algebraic dist: 0.286054790019989		 Val Algebraic dist: 0.3537518580754598
             	RE1 dist: 0.06443250179290771		 Val RE1 dist: 0.12586562832196554
             	SED dist: 0.3360883891582489		 Val SED dist: 0.5217303037643433

Epoch 12/100: Training Loss: 0.18664801120758057		 Val Loss: 0.44821929931640625
             	Training MAE: 0.04703371599316597		 Val MAE: 0.04150783270597458
             	Algebraic dist: 0.2911728322505951		 Val Algebraic dist: 0.4432758887608846
             	RE1 dist: 0.07435338199138641		 Val RE1 dist: 0.22941366831461588
             	SED dist: 0.3553062379360199		 Val SED dist: 0.881199836730957

Epoch 13/100: Training Loss: 0.25355854630470276		 Val Loss: 0.7929327487945557
             	Training MAE: 0.04710715264081955		 Val MAE: 0.047464992851018906
             	Algebraic dist: 0.34918445348739624		 Val Algebraic dist: 0.6731477578481039
             	RE1 dist: 0.09881743043661118		 Val RE1 dist: 0.37868356704711914
             	SED dist: 0.4894641935825348		 Val SED dist: 1.5675228436787922

Epoch 14/100: Training Loss: 0.29855063557624817		 Val Loss: 0.3664604425430298
             	Training MAE: 0.041841257363557816		 Val MAE: 0.052992504090070724
             	Algebraic dist: 0.36514803767204285		 Val Algebraic dist: 0.3965134620666504
             	RE1 dist: 0.11726118624210358		 Val RE1 dist: 0.16827617088953653
             	SED dist: 0.5816503167152405		 Val SED dist: 0.7042256196339926

Epoch 15/100: Training Loss: 0.09118623286485672		 Val Loss: 0.2976431647936503
             	Training MAE: 0.04202396422624588		 Val MAE: 0.06033916026353836
             	Algebraic dist: 0.18610550463199615		 Val Algebraic dist: 0.30174483855565387
             	RE1 dist: 0.03637947142124176		 Val RE1 dist: 0.12605717778205872
             	SED dist: 0.16678917407989502		 Val SED dist: 0.5424797534942627

Epoch 16/100: Training Loss: 0.07925988733768463		 Val Loss: 0.2074195146560669
             	Training MAE: 0.04144023731350899		 Val MAE: 0.05012631416320801
             	Algebraic dist: 0.16872438788414001		 Val Algebraic dist: 0.276470144589742
             	RE1 dist: 0.03233122080564499		 Val RE1 dist: 0.10071031252543132
             	SED dist: 0.1430404782295227		 Val SED dist: 0.3917989333470662

Epoch 17/100: Training Loss: 0.06761877983808517		 Val Loss: 0.21451475222905478
             	Training MAE: 0.03973834589123726		 Val MAE: 0.043071966618299484
             	Algebraic dist: 0.13626143336296082		 Val Algebraic dist: 0.28571824232737225
             	RE1 dist: 0.02812805399298668		 Val RE1 dist: 0.10824028650919597
             	SED dist: 0.12040603905916214		 Val SED dist: 0.4129217863082886

Epoch 18/100: Training Loss: 0.06680792570114136		 Val Loss: 0.17660216490427652
             	Training MAE: 0.04507456347346306		 Val MAE: 0.04909181594848633
             	Algebraic dist: 0.14908616244792938		 Val Algebraic dist: 0.25496848424275714
             	RE1 dist: 0.02659796178340912		 Val RE1 dist: 0.07642838855584462
             	SED dist: 0.11687896400690079		 Val SED dist: 0.32384659846623737

Epoch 19/100: Training Loss: 0.05030525475740433		 Val Loss: 0.1794834534327189
             	Training MAE: 0.04481314867734909		 Val MAE: 0.043898917734622955
             	Algebraic dist: 0.12740983068943024		 Val Algebraic dist: 0.24388128519058228
             	RE1 dist: 0.01764936000108719		 Val RE1 dist: 0.08993991216023763
             	SED dist: 0.08398809283971786		 Val SED dist: 0.3424636125564575

Epoch 20/100: Training Loss: 0.06748698651790619		 Val Loss: 0.2006764014561971
             	Training MAE: 0.0415198914706707		 Val MAE: 0.04762466251850128
             	Algebraic dist: 0.1580333411693573		 Val Algebraic dist: 0.2712400555610657
             	RE1 dist: 0.02437845803797245		 Val RE1 dist: 0.09803197781244914
             	SED dist: 0.11959836632013321		 Val SED dist: 0.3829931418100993

Epoch 21/100: Training Loss: 0.06482426077127457		 Val Loss: 0.16867055495580038
             	Training MAE: 0.04191024228930473		 Val MAE: 0.04684531316161156
             	Algebraic dist: 0.1477605402469635		 Val Algebraic dist: 0.24325152238210043
             	RE1 dist: 0.024747159332036972		 Val RE1 dist: 0.07966508467992146
             	SED dist: 0.11413419246673584		 Val SED dist: 0.31999770800272626

Epoch 22/100: Training Loss: 0.03975830227136612		 Val Loss: 0.15514997641245523
             	Training MAE: 0.041185397654771805		 Val MAE: 0.052140891551971436
             	Algebraic dist: 0.106523796916008		 Val Algebraic dist: 0.23298881451288858
             	RE1 dist: 0.013209808617830276		 Val RE1 dist: 0.06305477023124695
             	SED dist: 0.0642552524805069		 Val SED dist: 0.28148935238520306

Epoch 23/100: Training Loss: 0.047092001885175705		 Val Loss: 0.20060320695241293
             	Training MAE: 0.04163351282477379		 Val MAE: 0.04796580225229263
             	Algebraic dist: 0.12292448431253433		 Val Algebraic dist: 0.2638012965520223
             	RE1 dist: 0.01586470752954483		 Val RE1 dist: 0.09925184647242229
             	SED dist: 0.07851765304803848		 Val SED dist: 0.37929292519887287

Epoch 24/100: Training Loss: 0.05299878120422363		 Val Loss: 0.31535351276397705
             	Training MAE: 0.03988760709762573		 Val MAE: 0.06058783829212189
             	Algebraic dist: 0.11509517580270767		 Val Algebraic dist: 0.27368613084157306
             	RE1 dist: 0.021748051047325134		 Val RE1 dist: 0.09661975502967834
             	SED dist: 0.09105733036994934		 Val SED dist: 0.5820765097935995

Epoch 25/100: Training Loss: 0.041394494473934174		 Val Loss: 0.17497519652048746
             	Training MAE: 0.040218956768512726		 Val MAE: 0.04711439833045006
             	Algebraic dist: 0.11131854355335236		 Val Algebraic dist: 0.25385113557179767
             	RE1 dist: 0.01364989299327135		 Val RE1 dist: 0.0834425687789917
             	SED dist: 0.06780210137367249		 Val SED dist: 0.3324439724286397

Epoch 26/100: Training Loss: 0.047867003828287125		 Val Loss: 0.19120273987452188
             	Training MAE: 0.04201602190732956		 Val MAE: 0.05485546961426735
             	Algebraic dist: 0.10633475333452225		 Val Algebraic dist: 0.23448969920476279
             	RE1 dist: 0.018687229603528976		 Val RE1 dist: 0.07688140869140625
             	SED dist: 0.08004849404096603		 Val SED dist: 0.34303581714630127

Epoch 27/100: Training Loss: 0.061478376388549805		 Val Loss: 0.24992420276006064
             	Training MAE: 0.0402739979326725		 Val MAE: 0.0438385009765625
             	Algebraic dist: 0.1391511708498001		 Val Algebraic dist: 0.3045216202735901
             	RE1 dist: 0.024876151233911514		 Val RE1 dist: 0.1263700028260549
             	SED dist: 0.1081000342965126		 Val SED dist: 0.4810587167739868

Epoch 28/100: Training Loss: 0.04063762351870537		 Val Loss: 0.16704457998275757
             	Training MAE: 0.04288886860013008		 Val MAE: 0.040047962218523026
             	Algebraic dist: 0.10959381610155106		 Val Algebraic dist: 0.24098114172617593
             	RE1 dist: 0.014257866889238358		 Val RE1 dist: 0.08037351071834564
             	SED dist: 0.06568074226379395		 Val SED dist: 0.31933192412058514

Epoch 29/100: Training Loss: 0.040946073830127716		 Val Loss: 0.25691227118174237
             	Training MAE: 0.04126707464456558		 Val MAE: 0.042553871870040894
             	Algebraic dist: 0.10657252371311188		 Val Algebraic dist: 0.2970372438430786
             	RE1 dist: 0.014970322139561176		 Val RE1 dist: 0.1280274490515391
             	SED dist: 0.06673046946525574		 Val SED dist: 0.4980134566624959

Epoch 30/100: Training Loss: 0.039923906326293945		 Val Loss: 0.15433012445767721
             	Training MAE: 0.04096519574522972		 Val MAE: 0.051123254001140594
             	Algebraic dist: 0.11694960296154022		 Val Algebraic dist: 0.2322809894879659
             	RE1 dist: 0.013469142839312553		 Val RE1 dist: 0.061782767375310264
             	SED dist: 0.06466104835271835		 Val SED dist: 0.2798483570416768

Epoch 31/100: Training Loss: 0.05412549152970314		 Val Loss: 0.13501206040382385
             	Training MAE: 0.04193849861621857		 Val MAE: 0.059317439794540405
             	Algebraic dist: 0.14056579768657684		 Val Algebraic dist: 0.19712132215499878
             	RE1 dist: 0.019130520522594452		 Val RE1 dist: 0.04902974267800649
             	SED dist: 0.09254969656467438		 Val SED dist: 0.22213955720265707

Epoch 32/100: Training Loss: 0.05177626013755798		 Val Loss: 0.15968161821365356
             	Training MAE: 0.0410621277987957		 Val MAE: 0.04310787096619606
             	Algebraic dist: 0.13550451397895813		 Val Algebraic dist: 0.24903043111165366
             	RE1 dist: 0.01898857206106186		 Val RE1 dist: 0.07436025142669678
             	SED dist: 0.08836972713470459		 Val SED dist: 0.3030008872350057

Epoch 33/100: Training Loss: 0.05727742239832878		 Val Loss: 0.1345572272936503
             	Training MAE: 0.04014318436384201		 Val MAE: 0.043590229004621506
             	Algebraic dist: 0.1488579958677292		 Val Algebraic dist: 0.23551074663798013
             	RE1 dist: 0.020282061770558357		 Val RE1 dist: 0.05830046037832896
             	SED dist: 0.09965504705905914		 Val SED dist: 0.2527572313944499

Epoch 34/100: Training Loss: 0.10991968959569931		 Val Loss: 0.1794854998588562
             	Training MAE: 0.039864473044872284		 Val MAE: 0.04701479896903038
             	Algebraic dist: 0.22166967391967773		 Val Algebraic dist: 0.24779661496480307
             	RE1 dist: 0.04213421046733856		 Val RE1 dist: 0.08396958311398824
             	SED dist: 0.20503254234790802		 Val SED dist: 0.3382772207260132

Epoch 35/100: Training Loss: 0.0875239372253418		 Val Loss: 0.2918445865313212
             	Training MAE: 0.04307244345545769		 Val MAE: 0.04195692762732506
             	Algebraic dist: 0.18392077088356018		 Val Algebraic dist: 0.3257620930671692
             	RE1 dist: 0.03275711461901665		 Val RE1 dist: 0.14795569578806558
             	SED dist: 0.15910091996192932		 Val SED dist: 0.5683632691701254

Epoch 36/100: Training Loss: 0.09294278919696808		 Val Loss: 0.38771239916483563
             	Training MAE: 0.043768174946308136		 Val MAE: 0.04427426680922508
             	Algebraic dist: 0.1969882696866989		 Val Algebraic dist: 0.38468170166015625
             	RE1 dist: 0.035155948251485825		 Val RE1 dist: 0.19329440593719482
             	SED dist: 0.1698288917541504		 Val SED dist: 0.7591234048207601

Epoch 37/100: Training Loss: 0.10461176186800003		 Val Loss: 0.22926505406697592
             	Training MAE: 0.045293550938367844		 Val MAE: 0.05526142567396164
             	Algebraic dist: 0.19078905880451202		 Val Algebraic dist: 0.30849234263102215
             	RE1 dist: 0.04499774053692818		 Val RE1 dist: 0.10424082477887471
             	SED dist: 0.19188174605369568		 Val SED dist: 0.4350752830505371

Epoch 38/100: Training Loss: 0.08837545663118362		 Val Loss: 0.2595198154449463
             	Training MAE: 0.04281415790319443		 Val MAE: 0.051734305918216705
             	Algebraic dist: 0.190642312169075		 Val Algebraic dist: 0.30685214201609295
             	RE1 dist: 0.03531128913164139		 Val RE1 dist: 0.11149632930755615
             	SED dist: 0.16070625185966492		 Val SED dist: 0.48787403106689453

Epoch 39/100: Training Loss: 0.07439238578081131		 Val Loss: 0.1613383690516154
             	Training MAE: 0.04078631475567818		 Val MAE: 0.05295675992965698
             	Algebraic dist: 0.1694011092185974		 Val Algebraic dist: 0.22767009337743124
             	RE1 dist: 0.029544662684202194		 Val RE1 dist: 0.05175623297691345
             	SED dist: 0.13367462158203125		 Val SED dist: 0.28420881430308026

Epoch 40/100: Training Loss: 0.072563037276268		 Val Loss: 0.12825095653533936
             	Training MAE: 0.040308430790901184		 Val MAE: 0.040555212646722794
             	Algebraic dist: 0.16051623225212097		 Val Algebraic dist: 0.22518678506215414
             	RE1 dist: 0.027848392724990845		 Val RE1 dist: 0.05633258322874705
             	SED dist: 0.13025525212287903		 Val SED dist: 0.2415760556856791

Epoch 41/100: Training Loss: 0.09022962301969528		 Val Loss: 0.2229135831197103
             	Training MAE: 0.04242359474301338		 Val MAE: 0.05191135033965111
             	Algebraic dist: 0.1811142861843109		 Val Algebraic dist: 0.33522939682006836
             	RE1 dist: 0.03671560436487198		 Val RE1 dist: 0.08458818991978963
             	SED dist: 0.1649799346923828		 Val SED dist: 0.41728711128234863

Epoch 42/100: Training Loss: 0.20639291405677795		 Val Loss: 0.2615583936373393
             	Training MAE: 0.048818111419677734		 Val MAE: 0.04849786311388016
             	Algebraic dist: 0.3112909495830536		 Val Algebraic dist: 0.38024691740671795
             	RE1 dist: 0.0831347182393074		 Val RE1 dist: 0.09895026683807373
             	SED dist: 0.39413514733314514		 Val SED dist: 0.49978212515513104

Epoch 43/100: Training Loss: 0.321720153093338		 Val Loss: 0.3460657596588135
             	Training MAE: 0.04311302676796913		 Val MAE: 0.04657008871436119
             	Algebraic dist: 0.41755974292755127		 Val Algebraic dist: 0.43993274370829266
             	RE1 dist: 0.13046346604824066		 Val RE1 dist: 0.1419377326965332
             	SED dist: 0.6272711753845215		 Val SED dist: 0.6699320475260416

Epoch 44/100: Training Loss: 0.44923529028892517		 Val Loss: 0.2021938959757487
             	Training MAE: 0.04335441067814827		 Val MAE: 0.04114813357591629
             	Algebraic dist: 0.5130494236946106		 Val Algebraic dist: 0.3331256111462911
             	RE1 dist: 0.18403005599975586		 Val RE1 dist: 0.07964154581228892
             	SED dist: 0.8823373317718506		 Val SED dist: 0.3891452153523763

Epoch 45/100: Training Loss: 0.15721945464611053		 Val Loss: 0.1687807242075602
             	Training MAE: 0.04277071729302406		 Val MAE: 0.048201028257608414
             	Algebraic dist: 0.28020790219306946		 Val Algebraic dist: 0.2709081172943115
             	RE1 dist: 0.06337912380695343		 Val RE1 dist: 0.06750752031803131
             	SED dist: 0.29816895723342896		 Val SED dist: 0.317695677280426

Epoch 46/100: Training Loss: 0.1507275104522705		 Val Loss: 0.15014725923538208
             	Training MAE: 0.042047176510095596		 Val MAE: 0.04326438903808594
             	Algebraic dist: 0.24808701872825623		 Val Algebraic dist: 0.2624836365381877
             	RE1 dist: 0.06196572259068489		 Val RE1 dist: 0.06637576222419739
             	SED dist: 0.2855885624885559		 Val SED dist: 0.2843317190806071

Epoch 47/100: Training Loss: 0.1504269242286682		 Val Loss: 0.14519975582758585
             	Training MAE: 0.03991417959332466		 Val MAE: 0.04807412996888161
             	Algebraic dist: 0.2670583724975586		 Val Algebraic dist: 0.22328341007232666
             	RE1 dist: 0.06206618994474411		 Val RE1 dist: 0.0679475466410319
             	SED dist: 0.28615084290504456		 Val SED dist: 0.27225114901860553

Epoch 48/100: Training Loss: 0.1542501598596573		 Val Loss: 0.21184406677881876
             	Training MAE: 0.04438136890530586		 Val MAE: 0.055347319692373276
             	Algebraic dist: 0.2551501989364624		 Val Algebraic dist: 0.3003729184468587
             	RE1 dist: 0.060384757816791534		 Val RE1 dist: 0.10064446926116943
             	SED dist: 0.29186826944351196		 Val SED dist: 0.4001791477203369

Epoch 49/100: Training Loss: 0.09823634475469589		 Val Loss: 0.33971794446309406
             	Training MAE: 0.04364698752760887		 Val MAE: 0.04110097140073776
             	Algebraic dist: 0.21078252792358398		 Val Algebraic dist: 0.3750399351119995
             	RE1 dist: 0.03814186155796051		 Val RE1 dist: 0.17463423808415732
             	SED dist: 0.18008318543434143		 Val SED dist: 0.6642162799835205

Epoch 50/100: Training Loss: 0.06982586532831192		 Val Loss: 0.2356995145479838
             	Training MAE: 0.04562985897064209		 Val MAE: 0.043239884078502655
             	Algebraic dist: 0.15269966423511505		 Val Algebraic dist: 0.30020533005396527
             	RE1 dist: 0.028598349541425705		 Val RE1 dist: 0.11883976062138875
             	SED dist: 0.12264952063560486		 Val SED dist: 0.4555639823277791

Epoch 51/100: Training Loss: 0.040633201599121094		 Val Loss: 0.20772022008895874
             	Training MAE: 0.042950790375471115		 Val MAE: 0.0409708246588707
             	Algebraic dist: 0.10923904925584793		 Val Algebraic dist: 0.29256588220596313
             	RE1 dist: 0.014910400845110416		 Val RE1 dist: 0.09892934560775757
             	SED dist: 0.06544657796621323		 Val SED dist: 0.4003983736038208

Epoch 52/100: Training Loss: 0.06929569691419601		 Val Loss: 0.13332629203796387
             	Training MAE: 0.04126592352986336		 Val MAE: 0.040384892374277115
             	Algebraic dist: 0.1601390540599823		 Val Algebraic dist: 0.2427623470624288
             	RE1 dist: 0.026720931753516197		 Val RE1 dist: 0.05966639518737793
             	SED dist: 0.12350531667470932		 Val SED dist: 0.25163042545318604

Epoch 53/100: Training Loss: 0.0715050995349884		 Val Loss: 0.1286545197168986
             	Training MAE: 0.041178956627845764		 Val MAE: 0.043394435197114944
             	Algebraic dist: 0.1616271734237671		 Val Algebraic dist: 0.2246305743853251
             	RE1 dist: 0.02882307954132557		 Val RE1 dist: 0.05814717710018158
             	SED dist: 0.1276097595691681		 Val SED dist: 0.2412170966466268

Epoch 54/100: Training Loss: 0.057159509509801865		 Val Loss: 0.14407903949419656
             	Training MAE: 0.04006236046552658		 Val MAE: 0.04247341305017471
             	Algebraic dist: 0.13953709602355957		 Val Algebraic dist: 0.23791037003199259
             	RE1 dist: 0.022297361865639687		 Val RE1 dist: 0.06644390026728313
             	SED dist: 0.0994742289185524		 Val SED dist: 0.27247647444407147

Epoch 55/100: Training Loss: 0.05160019174218178		 Val Loss: 0.15801209211349487
             	Training MAE: 0.04064119607210159		 Val MAE: 0.04188751429319382
             	Algebraic dist: 0.13485294580459595		 Val Algebraic dist: 0.25314420461654663
             	RE1 dist: 0.019861096516251564		 Val RE1 dist: 0.07467493414878845
             	SED dist: 0.0881803035736084		 Val SED dist: 0.3005448778470357

Epoch 56/100: Training Loss: 0.040235165506601334		 Val Loss: 0.14454384644826254
             	Training MAE: 0.039774034172296524		 Val MAE: 0.040736254304647446
             	Algebraic dist: 0.11626193672418594		 Val Algebraic dist: 0.2611608107884725
             	RE1 dist: 0.013816310092806816		 Val RE1 dist: 0.06442059576511383
             	SED dist: 0.06571943312883377		 Val SED dist: 0.2741313576698303

Epoch 57/100: Training Loss: 0.04886363074183464		 Val Loss: 0.18290366729100546
             	Training MAE: 0.040365271270275116		 Val MAE: 0.04376151040196419
             	Algebraic dist: 0.12946482002735138		 Val Algebraic dist: 0.2619181474049886
             	RE1 dist: 0.017759069800376892		 Val RE1 dist: 0.09096828103065491
             	SED dist: 0.08286020159721375		 Val SED dist: 0.34807634353637695

Epoch 58/100: Training Loss: 0.045902952551841736		 Val Loss: 0.1419342557589213
             	Training MAE: 0.0406474806368351		 Val MAE: 0.04540993645787239
             	Algebraic dist: 0.11734980344772339		 Val Algebraic dist: 0.22829427321751913
             	RE1 dist: 0.017619341611862183		 Val RE1 dist: 0.06404310464859009
             	SED dist: 0.07684635370969772		 Val SED dist: 0.26169369618097943

Epoch 59/100: Training Loss: 0.03943491354584694		 Val Loss: 0.1970100998878479
             	Training MAE: 0.04098372161388397		 Val MAE: 0.046915411949157715
             	Algebraic dist: 0.10286295413970947		 Val Algebraic dist: 0.2640468676884969
             	RE1 dist: 0.01394196879118681		 Val RE1 dist: 0.0927038590113322
             	SED dist: 0.06368467956781387		 Val SED dist: 0.36853845914204914

Epoch 60/100: Training Loss: 0.03565697744488716		 Val Loss: 0.18282143274943033
             	Training MAE: 0.04024924710392952		 Val MAE: 0.04811540246009827
             	Algebraic dist: 0.10174176096916199		 Val Algebraic dist: 0.25737253824869794
             	RE1 dist: 0.011869864538311958		 Val RE1 dist: 0.0889921486377716
             	SED dist: 0.05641409754753113		 Val SED dist: 0.3469771941502889

Epoch 61/100: Training Loss: 0.04338040575385094		 Val Loss: 0.19067847728729248
             	Training MAE: 0.04017036035656929		 Val MAE: 0.047498103231191635
             	Algebraic dist: 0.11502885818481445		 Val Algebraic dist: 0.27065509557724
             	RE1 dist: 0.01576794683933258		 Val RE1 dist: 0.08433655897776286
             	SED dist: 0.07177986949682236		 Val SED dist: 0.35966992378234863

Epoch 62/100: Training Loss: 0.04397774115204811		 Val Loss: 0.18459945917129517
             	Training MAE: 0.039789628237485886		 Val MAE: 0.045931126922369
             	Algebraic dist: 0.11793792247772217		 Val Algebraic dist: 0.24961276849110922
             	RE1 dist: 0.01635262928903103		 Val RE1 dist: 0.08535311619440715
             	SED dist: 0.07310694456100464		 Val SED dist: 0.3491770029067993

Epoch 63/100: Training Loss: 0.04268910735845566		 Val Loss: 0.37336190541585285
             	Training MAE: 0.041918035596609116		 Val MAE: 0.043524786829948425
             	Algebraic dist: 0.11679805815219879		 Val Algebraic dist: 0.38476022084554035
             	RE1 dist: 0.014339154586195946		 Val RE1 dist: 0.19043211142222086
             	SED dist: 0.06821231544017792		 Val SED dist: 0.7306110064188639

Epoch 64/100: Training Loss: 0.09539062529802322		 Val Loss: 0.43533583482106525
             	Training MAE: 0.04072984308004379		 Val MAE: 0.049598924815654755
             	Algebraic dist: 0.1931881457567215		 Val Algebraic dist: 0.43422619501749676
             	RE1 dist: 0.038084477186203		 Val RE1 dist: 0.21543576320012411
             	SED dist: 0.17572076618671417		 Val SED dist: 0.8500556945800781

Epoch 65/100: Training Loss: 0.09042725712060928		 Val Loss: 0.29727818568547565
             	Training MAE: 0.040030498057603836		 Val MAE: 0.04747559875249863
             	Algebraic dist: 0.18813729286193848		 Val Algebraic dist: 0.35639409224192303
             	RE1 dist: 0.0354054756462574		 Val RE1 dist: 0.14968904852867126
             	SED dist: 0.1659744679927826		 Val SED dist: 0.5753728151321411

Epoch 66/100: Training Loss: 0.09026117622852325		 Val Loss: 0.26868128776550293
             	Training MAE: 0.039813946932554245		 Val MAE: 0.04308150336146355
             	Algebraic dist: 0.187980517745018		 Val Algebraic dist: 0.343250036239624
             	RE1 dist: 0.037183765321969986		 Val RE1 dist: 0.13151614864667258
             	SED dist: 0.16569826006889343		 Val SED dist: 0.5213723182678223

Epoch 67/100: Training Loss: 0.06916958838701248		 Val Loss: 0.3024074037869771
             	Training MAE: 0.04372652992606163		 Val MAE: 0.041760195046663284
             	Algebraic dist: 0.16011518239974976		 Val Algebraic dist: 0.3288857936859131
             	RE1 dist: 0.023547038435935974		 Val RE1 dist: 0.15653443336486816
             	SED dist: 0.12214285135269165		 Val SED dist: 0.5891127189000448

Epoch 68/100: Training Loss: 0.07921556383371353		 Val Loss: 0.20509352286656699
             	Training MAE: 0.04675780236721039		 Val MAE: 0.04211023077368736
             	Algebraic dist: 0.17097249627113342		 Val Algebraic dist: 0.2799825668334961
             	RE1 dist: 0.030911795794963837		 Val RE1 dist: 0.09988800684611003
             	SED dist: 0.14079101383686066		 Val SED dist: 0.39385024706522626

Epoch 69/100: Training Loss: 0.07346802949905396		 Val Loss: 0.13306582967440286
             	Training MAE: 0.04187494516372681		 Val MAE: 0.04442574456334114
             	Algebraic dist: 0.17236746847629547		 Val Algebraic dist: 0.24098579088846842
             	RE1 dist: 0.027110140770673752		 Val RE1 dist: 0.061825970808664955
             	SED dist: 0.13138417899608612		 Val SED dist: 0.2494374910990397

Epoch 70/100: Training Loss: 0.057431552559137344		 Val Loss: 0.1995044151941935
             	Training MAE: 0.040320828557014465		 Val MAE: 0.04077569767832756
             	Algebraic dist: 0.1445034146308899		 Val Algebraic dist: 0.28844817479451496
             	RE1 dist: 0.02223331294953823		 Val RE1 dist: 0.09485284487406413
             	SED dist: 0.0999041497707367		 Val SED dist: 0.38392659028371173

Epoch 71/100: Training Loss: 0.045663606375455856		 Val Loss: 0.16786956787109375
             	Training MAE: 0.04095955193042755		 Val MAE: 0.0424179807305336
             	Algebraic dist: 0.12538640201091766		 Val Algebraic dist: 0.2654141386349996
             	RE1 dist: 0.016176167875528336		 Val RE1 dist: 0.08007897933324178
             	SED dist: 0.07612547278404236		 Val SED dist: 0.32005741198857623

Epoch 72/100: Training Loss: 0.05735572427511215		 Val Loss: 0.17834190527598062
             	Training MAE: 0.040744177997112274		 Val MAE: 0.048640649765729904
             	Algebraic dist: 0.15605632960796356		 Val Algebraic dist: 0.2735940217971802
             	RE1 dist: 0.019916027784347534		 Val RE1 dist: 0.06995378931363423
             	SED dist: 0.09971286356449127		 Val SED dist: 0.33266836404800415

Epoch 73/100: Training Loss: 0.05122998356819153		 Val Loss: 0.1815707484881083
             	Training MAE: 0.04012877866625786		 Val MAE: 0.04706146940588951
             	Algebraic dist: 0.13669800758361816		 Val Algebraic dist: 0.2755390803019206
             	RE1 dist: 0.019036319106817245		 Val RE1 dist: 0.07570086419582367
             	SED dist: 0.08756039291620255		 Val SED dist: 0.34118672211964923

Epoch 74/100: Training Loss: 0.05460984632372856		 Val Loss: 0.15280192097028097
             	Training MAE: 0.03925176337361336		 Val MAE: 0.043159715831279755
             	Algebraic dist: 0.12209096550941467		 Val Algebraic dist: 0.23464091618855795
             	RE1 dist: 0.02064090594649315		 Val RE1 dist: 0.07402960459391277
             	SED dist: 0.09449373185634613		 Val SED dist: 0.2896919051806132

Epoch 75/100: Training Loss: 0.045032382011413574		 Val Loss: 0.13635430733362833
             	Training MAE: 0.03939998894929886		 Val MAE: 0.05407046526670456
             	Algebraic dist: 0.10676310211420059		 Val Algebraic dist: 0.23583698272705078
             	RE1 dist: 0.01780308596789837		 Val RE1 dist: 0.04723271230856577
             	SED dist: 0.0753033310174942		 Val SED dist: 0.24007453521092734

Epoch 76/100: Training Loss: 0.06218365207314491		 Val Loss: 0.14895087480545044
             	Training MAE: 0.04091412201523781		 Val MAE: 0.043504875153303146
             	Algebraic dist: 0.1467733085155487		 Val Algebraic dist: 0.24584662914276123
             	RE1 dist: 0.024345185607671738		 Val RE1 dist: 0.068498228987058
             	SED dist: 0.1087900847196579		 Val SED dist: 0.28151528040568036

Epoch 77/100: Training Loss: 0.03797992318868637		 Val Loss: 0.32125914096832275
             	Training MAE: 0.040547676384449005		 Val MAE: 0.040846798568964005
             	Algebraic dist: 0.10853283107280731		 Val Algebraic dist: 0.3577592372894287
             	RE1 dist: 0.013019977137446404		 Val RE1 dist: 0.16178348660469055
             	SED dist: 0.06088883429765701		 Val SED dist: 0.6271945238113403

Epoch 78/100: Training Loss: 0.07393120229244232		 Val Loss: 0.42179354031880695
             	Training MAE: 0.04668538272380829		 Val MAE: 0.05249939113855362
             	Algebraic dist: 0.17049744725227356		 Val Algebraic dist: 0.3873634338378906
             	RE1 dist: 0.02551129460334778		 Val RE1 dist: 0.17764198780059814
             	SED dist: 0.1305014044046402		 Val SED dist: 0.8023996353149414

Epoch 79/100: Training Loss: 0.10620387643575668		 Val Loss: 0.3242921431859334
             	Training MAE: 0.04130016639828682		 Val MAE: 0.05311384052038193
             	Algebraic dist: 0.20874586701393127		 Val Algebraic dist: 0.3343659241994222
             	RE1 dist: 0.0443129688501358		 Val RE1 dist: 0.1510222057501475
             	SED dist: 0.197163388133049		 Val SED dist: 0.6113728682200114

Epoch 80/100: Training Loss: 0.06150737404823303		 Val Loss: 0.3295663595199585
             	Training MAE: 0.04026207700371742		 Val MAE: 0.05474526807665825
             	Algebraic dist: 0.1484532654285431		 Val Algebraic dist: 0.3630673885345459
             	RE1 dist: 0.02317541092634201		 Val RE1 dist: 0.1570481757322947
             	SED dist: 0.1080506294965744		 Val SED dist: 0.6362429062525431

Epoch 81/100: Training Loss: 0.08283914625644684		 Val Loss: 0.28277424971262616
             	Training MAE: 0.04641637206077576		 Val MAE: 0.05488796532154083
             	Algebraic dist: 0.17890223860740662		 Val Algebraic dist: 0.30700018008550006
             	RE1 dist: 0.031965240836143494		 Val RE1 dist: 0.12814484039942423
             	SED dist: 0.14845086634159088		 Val SED dist: 0.5373052755991617

Epoch 82/100: Training Loss: 0.07665105909109116		 Val Loss: 0.18609225749969482
             	Training MAE: 0.039317745715379715		 Val MAE: 0.04267013445496559
             	Algebraic dist: 0.16822922229766846		 Val Algebraic dist: 0.26717182000478107
             	RE1 dist: 0.030330859124660492		 Val RE1 dist: 0.08925680319468181
             	SED dist: 0.13860094547271729		 Val SED dist: 0.3563426335652669

Epoch 83/100: Training Loss: 0.03780423104763031		 Val Loss: 0.1599136690298716
             	Training MAE: 0.04052864387631416		 Val MAE: 0.04978612810373306
             	Algebraic dist: 0.109865203499794		 Val Algebraic dist: 0.23062705993652344
             	RE1 dist: 0.012296358123421669		 Val RE1 dist: 0.07335745294888814
             	SED dist: 0.060642559081315994		 Val SED dist: 0.3003282348314921

Epoch 84/100: Training Loss: 0.037256501615047455		 Val Loss: 0.32856706778208417
             	Training MAE: 0.04078269004821777		 Val MAE: 0.04447436332702637
             	Algebraic dist: 0.11154396831989288		 Val Algebraic dist: 0.3646392822265625
             	RE1 dist: 0.012022819370031357		 Val RE1 dist: 0.16770005226135254
             	SED dist: 0.0593341663479805		 Val SED dist: 0.6406050523122152

Epoch 85/100: Training Loss: 0.07610271126031876		 Val Loss: 0.4476470947265625
             	Training MAE: 0.04145438224077225		 Val MAE: 0.04234101623296738
             	Algebraic dist: 0.163715660572052		 Val Algebraic dist: 0.433238426844279
             	RE1 dist: 0.030662192031741142		 Val RE1 dist: 0.2293187975883484
             	SED dist: 0.13689209520816803		 Val SED dist: 0.878976583480835

Epoch 86/100: Training Loss: 0.2027948647737503		 Val Loss: 0.130577822526296
             	Training MAE: 0.042406950145959854		 Val MAE: 0.05155906826257706
             	Algebraic dist: 0.3191938102245331		 Val Algebraic dist: 0.23099406560262045
             	RE1 dist: 0.08245547115802765		 Val RE1 dist: 0.05884246031443278
             	SED dist: 0.389876127243042		 Val SED dist: 0.240424374739329

Epoch 87/100: Training Loss: 0.1006418764591217		 Val Loss: 0.16068418820699057
             	Training MAE: 0.04039284214377403		 Val MAE: 0.053671833127737045
             	Algebraic dist: 0.21012789011001587		 Val Algebraic dist: 0.25866039594014484
             	RE1 dist: 0.03956315293908119		 Val RE1 dist: 0.057581305503845215
             	SED dist: 0.18629443645477295		 Val SED dist: 0.28238727649052936

Epoch 88/100: Training Loss: 0.1669018566608429		 Val Loss: 0.3071978489557902
             	Training MAE: 0.05031420662999153		 Val MAE: 0.05050613731145859
             	Algebraic dist: 0.2844638228416443		 Val Algebraic dist: 0.4240255355834961
             	RE1 dist: 0.06803573668003082		 Val RE1 dist: 0.1182358165582021
             	SED dist: 0.3145740032196045		 Val SED dist: 0.5946886539459229

Epoch 89/100: Training Loss: 0.3000621795654297		 Val Loss: 0.8319354057312012
             	Training MAE: 0.0472790002822876		 Val MAE: 0.0471809096634388
             	Algebraic dist: 0.41915619373321533		 Val Algebraic dist: 0.7321556409200033
             	RE1 dist: 0.12394669651985168		 Val RE1 dist: 0.3421528736750285
             	SED dist: 0.5814857482910156		 Val SED dist: 1.6347678502400715

Epoch 90/100: Training Loss: 0.7272382974624634		 Val Loss: 0.7072704633076986
             	Training MAE: 0.04671518877148628		 Val MAE: 0.04257318377494812
             	Algebraic dist: 0.6425095200538635		 Val Algebraic dist: 0.660632332166036
             	RE1 dist: 0.29646825790405273		 Val RE1 dist: 0.29726292689641315
             	SED dist: 1.4365105628967285		 Val SED dist: 1.3980811436971028

Epoch 91/100: Training Loss: 0.5738533139228821		 Val Loss: 0.6943562825520834
             	Training MAE: 0.04130447655916214		 Val MAE: 0.04335751384496689
             	Algebraic dist: 0.5474267601966858		 Val Algebraic dist: 0.6726434230804443
             	RE1 dist: 0.2450747936964035		 Val RE1 dist: 0.29183181126912433
             	SED dist: 1.1324738264083862		 Val SED dist: 1.3728179931640625

Epoch 92/100: Training Loss: 0.5443336367607117		 Val Loss: 0.6560896635055542
             	Training MAE: 0.043738238513469696		 Val MAE: 0.045700591057538986
             	Algebraic dist: 0.5749200582504272		 Val Algebraic dist: 0.6454010804494222
             	RE1 dist: 0.22507888078689575		 Val RE1 dist: 0.2960515022277832
             	SED dist: 1.0725950002670288		 Val SED dist: 1.294751803080241

Epoch 93/100: Training Loss: 0.6522030830383301		 Val Loss: 0.35633822282155353
             	Training MAE: 0.04432963579893112		 Val MAE: 0.04231500253081322
             	Algebraic dist: 0.6253012418746948		 Val Algebraic dist: 0.44818516572316486
             	RE1 dist: 0.28506606817245483		 Val RE1 dist: 0.1367327868938446
             	SED dist: 1.2878081798553467		 Val SED dist: 0.6969916820526123

Epoch 94/100: Training Loss: 0.4353148639202118		 Val Loss: 0.5710521141688029
             	Training MAE: 0.04361997917294502		 Val MAE: 0.04687833413481712
             	Algebraic dist: 0.48781025409698486		 Val Algebraic dist: 0.4749156634012858
             	RE1 dist: 0.1985861361026764		 Val RE1 dist: 0.28137890497843426
             	SED dist: 0.8543906211853027		 Val SED dist: 1.1145081520080566

Epoch 95/100: Training Loss: 0.3313572406768799		 Val Loss: 1.3714992205301921
             	Training MAE: 0.04366647079586983		 Val MAE: 0.047942496836185455
             	Algebraic dist: 0.4171876609325409		 Val Algebraic dist: 0.8246649901072184
             	RE1 dist: 0.15440762042999268		 Val RE1 dist: 0.774346669514974
             	SED dist: 0.646468997001648		 Val SED dist: 2.7246837615966797

Epoch 96/100: Training Loss: 0.3662604093551636		 Val Loss: 1.0205429395039876
             	Training MAE: 0.04250573366880417		 Val MAE: 0.0680742859840393
             	Algebraic dist: 0.45721980929374695		 Val Algebraic dist: 0.677392323811849
             	RE1 dist: 0.16758982837200165		 Val RE1 dist: 0.510141928990682
             	SED dist: 0.7166739106178284		 Val SED dist: 1.9997096061706543

Epoch 97/100: Training Loss: 0.2917017340660095		 Val Loss: 0.18739728132883707
             	Training MAE: 0.05709199979901314		 Val MAE: 0.06428251415491104
             	Algebraic dist: 0.3783314824104309		 Val Algebraic dist: 0.27870126565297443
             	RE1 dist: 0.12942777574062347		 Val RE1 dist: 0.08887497584025066
             	SED dist: 0.5590812563896179		 Val SED dist: 0.34323867162068683

Epoch 98/100: Training Loss: 0.17851440608501434		 Val Loss: 0.22632849216461182
             	Training MAE: 0.05372849106788635		 Val MAE: 0.04927707090973854
             	Algebraic dist: 0.2780630588531494		 Val Algebraic dist: 0.3069525957107544
             	RE1 dist: 0.08009516447782516		 Val RE1 dist: 0.1150771180788676
             	SED dist: 0.33464884757995605		 Val SED dist: 0.4311997890472412

Epoch 99/100: Training Loss: 0.07549439370632172		 Val Loss: 0.2234139839808146
             	Training MAE: 0.04388994351029396		 Val MAE: 0.04816708341240883
             	Algebraic dist: 0.1795605570077896		 Val Algebraic dist: 0.32769914468129474
             	RE1 dist: 0.033460479229688644		 Val RE1 dist: 0.11677342653274536
             	SED dist: 0.1345219761133194		 Val SED dist: 0.4287272294362386

Epoch 100/100: Training Loss: 0.05610378086566925		 Val Loss: 0.2830018599828084
             	Training MAE: 0.056978292763233185		 Val MAE: 0.050042618066072464
             	Algebraic dist: 0.1454242467880249		 Val Algebraic dist: 0.35437579949696857
             	RE1 dist: 0.020159710198640823		 Val RE1 dist: 0.15668781598409018
             	SED dist: 0.0877952128648758		 Val SED dist: 0.5467580556869507

Epoch 101/100: Training Loss: 0.09536914527416229		 Val Loss: 0.25074634949366253
             	Training MAE: 0.0515018105506897		 Val MAE: 0.04244524613022804
             	Algebraic dist: 0.18158550560474396		 Val Algebraic dist: 0.34270397822062176
             	RE1 dist: 0.04158296436071396		 Val RE1 dist: 0.14205589890480042
             	SED dist: 0.1704312264919281		 Val SED dist: 0.48595086733500165

Epoch 102/100: Training Loss: 0.06724761426448822		 Val Loss: 0.32384248574574787
             	Training MAE: 0.04504994675517082		 Val MAE: 0.048502177000045776
             	Algebraic dist: 0.1600407212972641		 Val Algebraic dist: 0.3720775047938029
             	RE1 dist: 0.028729617595672607		 Val RE1 dist: 0.17062141497929892
             	SED dist: 0.11772726476192474		 Val SED dist: 0.6190460920333862

Epoch 103/100: Training Loss: 0.061941247433423996		 Val Loss: 0.2187950611114502
             	Training MAE: 0.043499965220689774		 Val MAE: 0.04157795011997223
             	Algebraic dist: 0.16306012868881226		 Val Algebraic dist: 0.3274425466855367
             	RE1 dist: 0.02549923211336136		 Val RE1 dist: 0.10618171095848083
             	SED dist: 0.10799671709537506		 Val SED dist: 0.42232640584309894

Epoch 104/100: Training Loss: 0.07950332760810852		 Val Loss: 0.22482971350351968
             	Training MAE: 0.0410618856549263		 Val MAE: 0.04269508272409439
             	Algebraic dist: 0.17983853816986084		 Val Algebraic dist: 0.3308696349461873
             	RE1 dist: 0.03689155727624893		 Val RE1 dist: 0.11257830262184143
             	SED dist: 0.14395444095134735		 Val SED dist: 0.4339148203531901

Epoch 105/100: Training Loss: 0.09647959470748901		 Val Loss: 0.2601889371871948
             	Training MAE: 0.03977781534194946		 Val MAE: 0.046240806579589844
             	Algebraic dist: 0.20628073811531067		 Val Algebraic dist: 0.3462667067845662
             	RE1 dist: 0.04294099658727646		 Val RE1 dist: 0.14165878295898438
             	SED dist: 0.1781443953514099		 Val SED dist: 0.5023233890533447

Epoch 106/100: Training Loss: 0.10806379467248917		 Val Loss: 0.6742472648620605
             	Training MAE: 0.03982308879494667		 Val MAE: 0.043387264013290405
             	Algebraic dist: 0.22425125539302826		 Val Algebraic dist: 0.5785503387451172
             	RE1 dist: 0.0477355420589447		 Val RE1 dist: 0.39522306124369305
             	SED dist: 0.20118966698646545		 Val SED dist: 1.33206041653951

Epoch 107/100: Training Loss: 0.1487264633178711		 Val Loss: 0.7766265074412028
             	Training MAE: 0.043961457908153534		 Val MAE: 0.04753644019365311
             	Algebraic dist: 0.2668793499469757		 Val Algebraic dist: 0.579518715540568
             	RE1 dist: 0.06744436174631119		 Val RE1 dist: 0.4209485451380412
             	SED dist: 0.2812465727329254		 Val SED dist: 1.522881031036377

Epoch 108/100: Training Loss: 0.16705146431922913		 Val Loss: 0.26378413041432697
             	Training MAE: 0.04401222988963127		 Val MAE: 0.04281563684344292
             	Algebraic dist: 0.2919842600822449		 Val Algebraic dist: 0.3457321325937907
             	RE1 dist: 0.08217218518257141		 Val RE1 dist: 0.14592941602071127
             	SED dist: 0.31800514459609985		 Val SED dist: 0.5110081831614176

Epoch 109/100: Training Loss: 0.11968343704938889		 Val Loss: 0.19670371214548746
             	Training MAE: 0.04105878621339798		 Val MAE: 0.04088222235441208
             	Algebraic dist: 0.2342843860387802		 Val Algebraic dist: 0.31291019916534424
             	RE1 dist: 0.051788490265607834		 Val RE1 dist: 0.09377737840016682
             	SED dist: 0.22415079176425934		 Val SED dist: 0.3784172137578328

Epoch 110/100: Training Loss: 0.10899760574102402		 Val Loss: 0.18495911359786987
             	Training MAE: 0.04120754078030586		 Val MAE: 0.04127860069274902
             	Algebraic dist: 0.22324135899543762		 Val Algebraic dist: 0.3215574026107788
             	RE1 dist: 0.050994060933589935		 Val RE1 dist: 0.08592258890469869
             	SED dist: 0.20274919271469116		 Val SED dist: 0.3548610607783

Epoch 111/100: Training Loss: 0.10283331573009491		 Val Loss: 0.16589290897051492
             	Training MAE: 0.04160545393824577		 Val MAE: 0.04331069439649582
             	Algebraic dist: 0.2226768136024475		 Val Algebraic dist: 0.2697401245435079
             	RE1 dist: 0.043166644871234894		 Val RE1 dist: 0.08508092164993286
             	SED dist: 0.19037054479122162		 Val SED dist: 0.3156254291534424

Epoch 112/100: Training Loss: 0.07259872555732727		 Val Loss: 0.3052032192548116
             	Training MAE: 0.039794936776161194		 Val MAE: 0.04616307094693184
             	Algebraic dist: 0.16571179032325745		 Val Algebraic dist: 0.36352094014485675
             	RE1 dist: 0.031441956758499146		 Val RE1 dist: 0.16459511717160544
             	SED dist: 0.13041183352470398		 Val SED dist: 0.5904372930526733

Epoch 113/100: Training Loss: 0.07004737854003906		 Val Loss: 0.42478080590566
             	Training MAE: 0.04138972982764244		 Val MAE: 0.04323815181851387
             	Algebraic dist: 0.16296027600765228		 Val Algebraic dist: 0.41658953825632733
             	RE1 dist: 0.027806565165519714		 Val RE1 dist: 0.24593494335810342
             	SED dist: 0.12489093840122223		 Val SED dist: 0.8324341773986816

Epoch 114/100: Training Loss: 0.08019077032804489		 Val Loss: 0.2527841528256734
             	Training MAE: 0.04252708703279495		 Val MAE: 0.04016510769724846
             	Algebraic dist: 0.16409124433994293		 Val Algebraic dist: 0.3259536822636922
             	RE1 dist: 0.03797300159931183		 Val RE1 dist: 0.14039847254753113
             	SED dist: 0.14475299417972565		 Val SED dist: 0.49072718620300293

Epoch 115/100: Training Loss: 0.05346488952636719		 Val Loss: 0.1856528123219808
             	Training MAE: 0.039397913962602615		 Val MAE: 0.05020167678594589
             	Algebraic dist: 0.14644242823123932		 Val Algebraic dist: 0.26475348075230914
             	RE1 dist: 0.021577458828687668		 Val RE1 dist: 0.084014097849528
             	SED dist: 0.09223292768001556		 Val SED dist: 0.3402908245722453

Epoch 116/100: Training Loss: 0.054980333894491196		 Val Loss: 0.31003232796986896
             	Training MAE: 0.04046722874045372		 Val MAE: 0.04198417067527771
             	Algebraic dist: 0.12776747345924377		 Val Algebraic dist: 0.3609782854715983
             	RE1 dist: 0.024365045130252838		 Val RE1 dist: 0.17453215519587198
             	SED dist: 0.0948486328125		 Val SED dist: 0.6046262582143148

Epoch 117/100: Training Loss: 0.05930616706609726		 Val Loss: 0.3109033703804016
             	Training MAE: 0.04539428651332855		 Val MAE: 0.04700951650738716
             	Algebraic dist: 0.1310501992702484		 Val Algebraic dist: 0.3674932320912679
             	RE1 dist: 0.026946818456053734		 Val RE1 dist: 0.1569174329439799
             	SED dist: 0.1020343154668808		 Val SED dist: 0.5956626733144125

Epoch 118/100: Training Loss: 0.061002664268016815		 Val Loss: 0.29892422755559284
             	Training MAE: 0.04220717400312424		 Val MAE: 0.05478760600090027
             	Algebraic dist: 0.13785332441329956		 Val Algebraic dist: 0.3466053406397502
             	RE1 dist: 0.026557985693216324		 Val RE1 dist: 0.15459616978963217
             	SED dist: 0.10648978501558304		 Val SED dist: 0.566169023513794

Epoch 119/100: Training Loss: 0.0605805329978466		 Val Loss: 0.26729778448740643
             	Training MAE: 0.04170693829655647		 Val MAE: 0.04519746080040932
             	Algebraic dist: 0.14714936912059784		 Val Algebraic dist: 0.3225572506586711
             	RE1 dist: 0.025221899151802063		 Val RE1 dist: 0.14878305792808533
             	SED dist: 0.10576005280017853		 Val SED dist: 0.5173620382944742

Epoch 120/100: Training Loss: 0.04772840440273285		 Val Loss: 0.3231772581736247
             	Training MAE: 0.041498150676488876		 Val MAE: 0.04079586640000343
             	Algebraic dist: 0.12838342785835266		 Val Algebraic dist: 0.3574917713801066
             	RE1 dist: 0.018842749297618866		 Val RE1 dist: 0.18662462631861368
             	SED dist: 0.08016958832740784		 Val SED dist: 0.6312161286671957

Epoch 121/100: Training Loss: 0.05976565554738045		 Val Loss: 0.24439440170923868
             	Training MAE: 0.043578505516052246		 Val MAE: 0.04053902253508568
             	Algebraic dist: 0.1360941380262375		 Val Algebraic dist: 0.31833861271540326
             	RE1 dist: 0.027004599571228027		 Val RE1 dist: 0.13271847367286682
             	SED dist: 0.10365526378154755		 Val SED dist: 0.4735376834869385

Epoch 122/100: Training Loss: 0.052011288702487946		 Val Loss: 0.23192361990610758
             	Training MAE: 0.04065438359975815		 Val MAE: 0.04057113826274872
             	Algebraic dist: 0.1421806514263153		 Val Algebraic dist: 0.307580570379893
             	RE1 dist: 0.020540568977594376		 Val RE1 dist: 0.12428492307662964
             	SED dist: 0.08905206620693207		 Val SED dist: 0.4489130179087321

Epoch 123/100: Training Loss: 0.04731439799070358		 Val Loss: 0.23022882143656412
             	Training MAE: 0.03960477560758591		 Val MAE: 0.040782466530799866
             	Algebraic dist: 0.12845394015312195		 Val Algebraic dist: 0.323651651541392
             	RE1 dist: 0.018847858533263206		 Val RE1 dist: 0.12067999442418416
             	SED dist: 0.07985763251781464		 Val SED dist: 0.4454227288564046

Epoch 124/100: Training Loss: 0.06933139264583588		 Val Loss: 0.2557543118794759
             	Training MAE: 0.040601108223199844		 Val MAE: 0.042266182601451874
             	Algebraic dist: 0.16123299300670624		 Val Algebraic dist: 0.3660469055175781
             	RE1 dist: 0.030506212264299393		 Val RE1 dist: 0.12284265955289204
             	SED dist: 0.12379291653633118		 Val SED dist: 0.4956943194071452

Epoch 125/100: Training Loss: 0.10603053867816925		 Val Loss: 0.23248058557510376
             	Training MAE: 0.04138181358575821		 Val MAE: 0.04655168578028679
             	Algebraic dist: 0.20560695230960846		 Val Algebraic dist: 0.3541047175725301
             	RE1 dist: 0.048910509794950485		 Val RE1 dist: 0.10545239845911662
             	SED dist: 0.19678275287151337		 Val SED dist: 0.447443167368571

Epoch 126/100: Training Loss: 0.07722817361354828		 Val Loss: 0.27037787437438965
             	Training MAE: 0.044234976172447205		 Val MAE: 0.047121498733758926
             	Algebraic dist: 0.1729668825864792		 Val Algebraic dist: 0.316327969233195
             	RE1 dist: 0.03253966569900513		 Val RE1 dist: 0.14824594060579935
             	SED dist: 0.13819722831249237		 Val SED dist: 0.5231561660766602

Epoch 127/100: Training Loss: 0.06315621733665466		 Val Loss: 0.2078431248664856
             	Training MAE: 0.0389929935336113		 Val MAE: 0.046831510961055756
             	Algebraic dist: 0.16189178824424744		 Val Algebraic dist: 0.2767915527025859
             	RE1 dist: 0.026206929236650467		 Val RE1 dist: 0.08429332574208577
             	SED dist: 0.11165186762809753		 Val SED dist: 0.38963882128397626

Epoch 128/100: Training Loss: 0.055585846304893494		 Val Loss: 0.1763977607091268
             	Training MAE: 0.0414535328745842		 Val MAE: 0.04077514633536339
             	Algebraic dist: 0.1479291021823883		 Val Algebraic dist: 0.2790724237759908
             	RE1 dist: 0.021837063133716583		 Val RE1 dist: 0.08759250243504842
             	SED dist: 0.09595213830471039		 Val SED dist: 0.33780141671498615

Epoch 129/100: Training Loss: 0.04963161051273346		 Val Loss: 0.2866559425989787
             	Training MAE: 0.0410342738032341		 Val MAE: 0.0424230620265007
             	Algebraic dist: 0.13646607100963593		 Val Algebraic dist: 0.3546956380208333
             	RE1 dist: 0.019168199971318245		 Val RE1 dist: 0.1554306149482727
             	SED dist: 0.08416980504989624		 Val SED dist: 0.5569133758544922

Epoch 130/100: Training Loss: 0.06847202777862549		 Val Loss: 0.2482011318206787
             	Training MAE: 0.04521278664469719		 Val MAE: 0.043423037976026535
             	Algebraic dist: 0.16818024218082428		 Val Algebraic dist: 0.3211251099904378
             	RE1 dist: 0.027804771438241005		 Val RE1 dist: 0.1343724032243093
             	SED dist: 0.12010934203863144		 Val SED dist: 0.4806327025095622

Epoch 131/100: Training Loss: 0.05231483280658722		 Val Loss: 0.2519883910814921
             	Training MAE: 0.048625845462083817		 Val MAE: 0.04131167009472847
             	Algebraic dist: 0.12481528520584106		 Val Algebraic dist: 0.3205779592196147
             	RE1 dist: 0.0195264033973217		 Val RE1 dist: 0.137289692958196
             	SED dist: 0.08613130450248718		 Val SED dist: 0.48879341284434

Epoch 132/100: Training Loss: 0.03965096175670624		 Val Loss: 0.21841031312942505
             	Training MAE: 0.04001264274120331		 Val MAE: 0.0471542663872242
             	Algebraic dist: 0.1207294911146164		 Val Algebraic dist: 0.3078893820444743
             	RE1 dist: 0.014664988964796066		 Val RE1 dist: 0.10160493850708008
             	SED dist: 0.0644083023071289		 Val SED dist: 0.4115607738494873

Epoch 133/100: Training Loss: 0.04102001339197159		 Val Loss: 0.2687746286392212
             	Training MAE: 0.03967595100402832		 Val MAE: 0.05029579624533653
             	Algebraic dist: 0.11931325495243073		 Val Algebraic dist: 0.2876548369725545
             	RE1 dist: 0.015377912670373917		 Val RE1 dist: 0.11347565054893494
             	SED dist: 0.06719096750020981		 Val SED dist: 0.5046250422795614

Epoch 134/100: Training Loss: 0.0424158088862896		 Val Loss: 0.30784634749094647
             	Training MAE: 0.03989911079406738		 Val MAE: 0.04128992184996605
             	Algebraic dist: 0.12158562242984772		 Val Algebraic dist: 0.35241345564524335
             	RE1 dist: 0.0163459163159132		 Val RE1 dist: 0.167679230372111
             	SED dist: 0.07001963257789612		 Val SED dist: 0.6006386280059814

Epoch 135/100: Training Loss: 0.039820361882448196		 Val Loss: 0.21841607491175333
             	Training MAE: 0.039716098457574844		 Val MAE: 0.0423448272049427
             	Algebraic dist: 0.10654361546039581		 Val Algebraic dist: 0.2782767216364543
             	RE1 dist: 0.015460304915904999		 Val RE1 dist: 0.1139974296092987
             	SED dist: 0.06487254798412323		 Val SED dist: 0.42125260829925537

Epoch 136/100: Training Loss: 0.052960772067308426		 Val Loss: 0.1641443371772766
             	Training MAE: 0.03997870162129402		 Val MAE: 0.050673700869083405
             	Algebraic dist: 0.13838288187980652		 Val Algebraic dist: 0.2660263379414876
             	RE1 dist: 0.020408503711223602		 Val RE1 dist: 0.07467131316661835
             	SED dist: 0.0912337452173233		 Val SED dist: 0.3018072048823039

Epoch 137/100: Training Loss: 0.07104573398828506		 Val Loss: 0.1894900401433309
             	Training MAE: 0.039489854127168655		 Val MAE: 0.048412978649139404
             	Algebraic dist: 0.17800799012184143		 Val Algebraic dist: 0.2562320828437805
             	RE1 dist: 0.02787979319691658		 Val RE1 dist: 0.07592215637365977
             	SED dist: 0.12730541825294495		 Val SED dist: 0.34818629423777264

Epoch 138/100: Training Loss: 0.05508049577474594		 Val Loss: 0.18767531712849936
             	Training MAE: 0.04016624018549919		 Val MAE: 0.041292209178209305
             	Algebraic dist: 0.14266321063041687		 Val Algebraic dist: 0.3031841516494751
             	RE1 dist: 0.02205757424235344		 Val RE1 dist: 0.0847998559474945
             	SED dist: 0.09511580318212509		 Val SED dist: 0.3594966729482015

Epoch 139/100: Training Loss: 0.09674499183893204		 Val Loss: 0.14371547102928162
             	Training MAE: 0.0423814132809639		 Val MAE: 0.04409055411815643
             	Algebraic dist: 0.20906215906143188		 Val Algebraic dist: 0.25147366523742676
             	RE1 dist: 0.04256276413798332		 Val RE1 dist: 0.06056678295135498
             	SED dist: 0.17795084416866302		 Val SED dist: 0.2682296435038249

Epoch 140/100: Training Loss: 0.12539894878864288		 Val Loss: 0.19689607620239258
             	Training MAE: 0.04057524725794792		 Val MAE: 0.053216759115457535
             	Algebraic dist: 0.24485918879508972		 Val Algebraic dist: 0.25556516647338867
             	RE1 dist: 0.054549094289541245		 Val RE1 dist: 0.08150847752888997
             	SED dist: 0.235850527882576		 Val SED dist: 0.3551284869511922

Epoch 141/100: Training Loss: 0.06432511657476425		 Val Loss: 0.19654045502344766
             	Training MAE: 0.03925084322690964		 Val MAE: 0.04255443066358566
             	Algebraic dist: 0.1599266231060028		 Val Algebraic dist: 0.275365670522054
             	RE1 dist: 0.02665812335908413		 Val RE1 dist: 0.1006842851638794
             	SED dist: 0.11397139728069305		 Val SED dist: 0.3773537079493205

Epoch 142/100: Training Loss: 0.04900429770350456		 Val Loss: 0.23500521977742514
             	Training MAE: 0.039198603481054306		 Val MAE: 0.045866210013628006
             	Algebraic dist: 0.1374804526567459		 Val Algebraic dist: 0.3018536965052287
             	RE1 dist: 0.018057825043797493		 Val RE1 dist: 0.12190286318461101
             	SED dist: 0.08332210779190063		 Val SED dist: 0.45231274763743085

Epoch 143/100: Training Loss: 0.06422749161720276		 Val Loss: 0.33515413602193195
             	Training MAE: 0.039896443486213684		 Val MAE: 0.053585831075906754
             	Algebraic dist: 0.1570674031972885		 Val Algebraic dist: 0.3617789347966512
             	RE1 dist: 0.02472212165594101		 Val RE1 dist: 0.15893800059954324
             	SED dist: 0.11346837133169174		 Val SED dist: 0.6401944557825724

Epoch 144/100: Training Loss: 0.057035211473703384		 Val Loss: 0.36003581682840985
             	Training MAE: 0.04024802893400192		 Val MAE: 0.041170112788677216
             	Algebraic dist: 0.1512743979692459		 Val Algebraic dist: 0.37407692273457843
             	RE1 dist: 0.021538281813263893		 Val RE1 dist: 0.19658583402633667
             	SED dist: 0.09921793639659882		 Val SED dist: 0.7049732208251953

Epoch 145/100: Training Loss: 0.042853936553001404		 Val Loss: 0.19712573289871216
             	Training MAE: 0.04486899450421333		 Val MAE: 0.04423246532678604
             	Algebraic dist: 0.11388003826141357		 Val Algebraic dist: 0.27311229705810547
             	RE1 dist: 0.016248706728219986		 Val RE1 dist: 0.09532168507575989
             	SED dist: 0.06917314231395721		 Val SED dist: 0.3723992506663005

Epoch 146/100: Training Loss: 0.0645744651556015		 Val Loss: 0.2386937141418457
             	Training MAE: 0.04088049381971359		 Val MAE: 0.049118101596832275
             	Algebraic dist: 0.15881353616714478		 Val Algebraic dist: 0.2943380077679952
             	RE1 dist: 0.026027487590909004		 Val RE1 dist: 0.12255362669626872
             	SED dist: 0.11398446559906006		 Val SED dist: 0.455150564511617

Epoch 147/100: Training Loss: 0.061156999319791794		 Val Loss: 0.16807860136032104
             	Training MAE: 0.041621360927820206		 Val MAE: 0.044022638350725174
             	Algebraic dist: 0.15082977712154388		 Val Algebraic dist: 0.2706022063891093
             	RE1 dist: 0.023446744307875633		 Val RE1 dist: 0.08186097939809163
             	SED dist: 0.10672658681869507		 Val SED dist: 0.3189554214477539

Epoch 148/100: Training Loss: 0.07115310430526733		 Val Loss: 0.20828187465667725
             	Training MAE: 0.04045627638697624		 Val MAE: 0.04175715148448944
             	Algebraic dist: 0.17674697935581207		 Val Algebraic dist: 0.30774394671122235
             	RE1 dist: 0.028111012652516365		 Val RE1 dist: 0.10032105445861816
             	SED dist: 0.12732085585594177		 Val SED dist: 0.4010775883992513

Epoch 149/100: Training Loss: 0.07798731327056885		 Val Loss: 0.1658767362435659
             	Training MAE: 0.04461834207177162		 Val MAE: 0.04021132364869118
             	Algebraic dist: 0.16597944498062134		 Val Algebraic dist: 0.27167898416519165
             	RE1 dist: 0.036760833114385605		 Val RE1 dist: 0.0776227315266927
             	SED dist: 0.1397804319858551		 Val SED dist: 0.31687066952387494

Epoch 150/100: Training Loss: 0.05306590721011162		 Val Loss: 0.15415231386820474
             	Training MAE: 0.04061231017112732		 Val MAE: 0.04485739767551422
             	Algebraic dist: 0.13748568296432495		 Val Algebraic dist: 0.25378413995107013
             	RE1 dist: 0.020410340279340744		 Val RE1 dist: 0.0754056175549825
             	SED dist: 0.09104602783918381		 Val SED dist: 0.291509469350179

Epoch 151/100: Training Loss: 0.05242493748664856		 Val Loss: 0.203506867090861
             	Training MAE: 0.04096988961100578		 Val MAE: 0.044600602239370346
             	Algebraic dist: 0.1455172598361969		 Val Algebraic dist: 0.26871220270792645
             	RE1 dist: 0.01883290335536003		 Val RE1 dist: 0.09901407361030579
             	SED dist: 0.08955807238817215		 Val SED dist: 0.3851921161015828

Epoch 152/100: Training Loss: 0.03581877797842026		 Val Loss: 0.22109007835388184
             	Training MAE: 0.04178684949874878		 Val MAE: 0.04342462494969368
             	Algebraic dist: 0.10030919313430786		 Val Algebraic dist: 0.2948937813440959
             	RE1 dist: 0.01309262216091156		 Val RE1 dist: 0.10797085364659627
             	SED dist: 0.05632420629262924		 Val SED dist: 0.4244186083475749

Epoch 153/100: Training Loss: 0.036916956305503845		 Val Loss: 0.19538098573684692
             	Training MAE: 0.04309814050793648		 Val MAE: 0.04112846031785011
             	Algebraic dist: 0.10733851045370102		 Val Algebraic dist: 0.27998530864715576
             	RE1 dist: 0.012784921564161777		 Val RE1 dist: 0.09981428583463033
             	SED dist: 0.058117613196372986		 Val SED dist: 0.37560009956359863

Epoch 154/100: Training Loss: 0.046356990933418274		 Val Loss: 0.23180651664733887
             	Training MAE: 0.038943905383348465		 Val MAE: 0.047251056879758835
             	Algebraic dist: 0.1165335401892662		 Val Algebraic dist: 0.29199310143788654
             	RE1 dist: 0.018034802749753		 Val RE1 dist: 0.11924159526824951
             	SED dist: 0.078097403049469		 Val SED dist: 0.4456179141998291

Epoch 155/100: Training Loss: 0.03909675404429436		 Val Loss: 0.23131481806437174
             	Training MAE: 0.03981325402855873		 Val MAE: 0.041383758187294006
             	Algebraic dist: 0.11052914708852768		 Val Algebraic dist: 0.2868987520535787
             	RE1 dist: 0.013921819627285004		 Val RE1 dist: 0.12392471234003703
             	SED dist: 0.06337486207485199		 Val SED dist: 0.44684576988220215

Epoch 156/100: Training Loss: 0.031748488545417786		 Val Loss: 0.253983477751414
             	Training MAE: 0.0423138327896595		 Val MAE: 0.04092616215348244
             	Algebraic dist: 0.09458144754171371		 Val Algebraic dist: 0.31230167547861737
             	RE1 dist: 0.010388451628386974		 Val RE1 dist: 0.13263304034868875
             	SED dist: 0.047973744571208954		 Val SED dist: 0.4929193655649821

Epoch 157/100: Training Loss: 0.03953447937965393		 Val Loss: 0.17258342107137045
             	Training MAE: 0.03924510255455971		 Val MAE: 0.05023907870054245
             	Algebraic dist: 0.10756566375494003		 Val Algebraic dist: 0.26170315345128375
             	RE1 dist: 0.014596965163946152		 Val RE1 dist: 0.0811496376991272
             	SED dist: 0.06438562273979187		 Val SED dist: 0.3215310573577881

Epoch 158/100: Training Loss: 0.04102882742881775		 Val Loss: 0.1719371477762858
             	Training MAE: 0.041577134281396866		 Val MAE: 0.04805780202150345
             	Algebraic dist: 0.11394684761762619		 Val Algebraic dist: 0.2624189058939616
             	RE1 dist: 0.01470700092613697		 Val RE1 dist: 0.08021435141563416
             	SED dist: 0.0667208805680275		 Val SED dist: 0.3226141134897868

Epoch 159/100: Training Loss: 0.04752718657255173		 Val Loss: 0.19283682107925415
             	Training MAE: 0.04020893573760986		 Val MAE: 0.04109153896570206
             	Algebraic dist: 0.13853536546230316		 Val Algebraic dist: 0.2767731348673503
             	RE1 dist: 0.017232762649655342		 Val RE1 dist: 0.09409381945927937
             	SED dist: 0.08019563555717468		 Val SED dist: 0.3706502517064412

Epoch 160/100: Training Loss: 0.06291374564170837		 Val Loss: 0.1706374684969584
             	Training MAE: 0.0400705486536026		 Val MAE: 0.0419393815100193
             	Algebraic dist: 0.13774332404136658		 Val Algebraic dist: 0.26482661565144855
             	RE1 dist: 0.02593950368463993		 Val RE1 dist: 0.07989925146102905
             	SED dist: 0.11096902936697006		 Val SED dist: 0.3259207804997762

Epoch 161/100: Training Loss: 0.086620032787323		 Val Loss: 0.18067830801010132
             	Training MAE: 0.03973529487848282		 Val MAE: 0.04187982901930809
             	Algebraic dist: 0.20783308148384094		 Val Algebraic dist: 0.26557950178782147
             	RE1 dist: 0.03494078665971756		 Val RE1 dist: 0.08697637915611267
             	SED dist: 0.1584526151418686		 Val SED dist: 0.3460265000661214

Epoch 162/100: Training Loss: 0.05771910026669502		 Val Loss: 0.1518766681353251
             	Training MAE: 0.04022124037146568		 Val MAE: 0.0478992760181427
             	Algebraic dist: 0.152053564786911		 Val Algebraic dist: 0.25732696056365967
             	RE1 dist: 0.022129282355308533		 Val RE1 dist: 0.058619399865468345
             	SED dist: 0.10052475333213806		 Val SED dist: 0.2704574267069499

Epoch 163/100: Training Loss: 0.0457279309630394		 Val Loss: 0.14266387621561685
             	Training MAE: 0.04006420820951462		 Val MAE: 0.04157650098204613
             	Algebraic dist: 0.1335265338420868		 Val Algebraic dist: 0.23980883757273355
             	RE1 dist: 0.01664072275161743		 Val RE1 dist: 0.06863677004973094
             	SED dist: 0.07662337273359299		 Val SED dist: 0.2696587045987447

Epoch 164/100: Training Loss: 0.042133405804634094		 Val Loss: 0.1575241982936859
             	Training MAE: 0.038819391280412674		 Val MAE: 0.052386876195669174
             	Algebraic dist: 0.1207185909152031		 Val Algebraic dist: 0.23155011733373007
             	RE1 dist: 0.014211392030119896		 Val RE1 dist: 0.06064517796039581
             	SED dist: 0.06967977434396744		 Val SED dist: 0.2780507206916809

Epoch 165/100: Training Loss: 0.05583580955862999		 Val Loss: 0.15947620073954263
             	Training MAE: 0.041579458862543106		 Val MAE: 0.040020961314439774
             	Algebraic dist: 0.1442434936761856		 Val Algebraic dist: 0.2638553778330485
             	RE1 dist: 0.02194846235215664		 Val RE1 dist: 0.0768272082010905
             	SED dist: 0.0964650809764862		 Val SED dist: 0.3040339748064677

Epoch 166/100: Training Loss: 0.07585099339485168		 Val Loss: 0.15255317091941833
             	Training MAE: 0.040150828659534454		 Val MAE: 0.04402193799614906
             	Algebraic dist: 0.17029818892478943		 Val Algebraic dist: 0.26662230491638184
             	RE1 dist: 0.030034594237804413		 Val RE1 dist: 0.06935062011082967
             	SED dist: 0.1368335634469986		 Val SED dist: 0.28840386867523193

Epoch 167/100: Training Loss: 0.07874991744756699		 Val Loss: 0.17151443163553873
             	Training MAE: 0.04000704735517502		 Val MAE: 0.04290854185819626
             	Algebraic dist: 0.184425488114357		 Val Algebraic dist: 0.29286694526672363
             	RE1 dist: 0.03138468787074089		 Val RE1 dist: 0.07544180750846863
             	SED dist: 0.142686128616333		 Val SED dist: 0.3271885911623637

Epoch 168/100: Training Loss: 0.166520357131958		 Val Loss: 0.17717613776524863
             	Training MAE: 0.0412418432533741		 Val MAE: 0.0412047877907753
             	Algebraic dist: 0.2889763116836548		 Val Algebraic dist: 0.30791815121968585
             	RE1 dist: 0.07109425961971283		 Val RE1 dist: 0.07384384671847026
             	SED dist: 0.317798912525177		 Val SED dist: 0.33921972910563153

Epoch 169/100: Training Loss: 0.18574264645576477		 Val Loss: 0.2724153399467468
             	Training MAE: 0.042017120867967606		 Val MAE: 0.05089313164353371
             	Algebraic dist: 0.32758501172065735		 Val Algebraic dist: 0.3929010232289632
             	RE1 dist: 0.07691210508346558		 Val RE1 dist: 0.10209094484647115
             	SED dist: 0.35589364171028137		 Val SED dist: 0.5156741142272949

Epoch 170/100: Training Loss: 0.17593511939048767		 Val Loss: 0.2634853521982829
             	Training MAE: 0.04346668720245361		 Val MAE: 0.040827859193086624
             	Algebraic dist: 0.28556668758392334		 Val Algebraic dist: 0.3922755718231201
             	RE1 dist: 0.07162878662347794		 Val RE1 dist: 0.10851190487543742
             	SED dist: 0.3357451856136322		 Val SED dist: 0.5116427342096964

Epoch 171/100: Training Loss: 0.14628992974758148		 Val Loss: 0.16003342469533285
             	Training MAE: 0.04298977181315422		 Val MAE: 0.05853387340903282
             	Algebraic dist: 0.2665877342224121		 Val Algebraic dist: 0.26852937539418537
             	RE1 dist: 0.061176903545856476		 Val RE1 dist: 0.06298860410849254
             	SED dist: 0.27671343088150024		 Val SED dist: 0.2857273419698079

Epoch 172/100: Training Loss: 0.16056211292743683		 Val Loss: 0.12853793303171793
             	Training MAE: 0.04541589319705963		 Val MAE: 0.04931234195828438
             	Algebraic dist: 0.2979031205177307		 Val Algebraic dist: 0.22134617964426676
             	RE1 dist: 0.06704261898994446		 Val RE1 dist: 0.05008281270662943
             	SED dist: 0.3041633367538452		 Val SED dist: 0.23062797387441



## TEST RESULTS: ##
Test Loss: 0.1374308492904319		 Test MAE: 0.043221550062298775
Test Algebraic dist: 0.2434733914253407
Test SED dist: 0.25797130900218074
Test RE1 dist: 0.05828809702306762

Trimmed algs: 0.23269317150115967
Trimmed seds: 0.22654316425323487
Trimmed re1s: 0.050759075582027434

Test Algebraic dist truth: 0.017692237868344875
Test SED dist truth: 0.0017178288303819815
Test RE1 dist truth: 0.00021473351950035955

plots/Sceneflow2Kitti/Winners/SED_0.5__L2_1__huber_1__lr_0.0001__conv__Resnet__use_reconstruction_True/BS_8__ratio_0.002__head__frozen_0


plots/Sceneflow2Kitti/Winners/SED_0.5__L2_1__huber_1__lr_0.0001__conv__Resnet__use_reconstruction_True/BS_8__ratio_0.002__head__frozen_0 no backup to delete after job done

