###########################################################################################################################################################

                         learning rate: 6e-05,  mlp_hidden_sizes: [1024, 512], batch_size: 32, norm: True, alpha: 10, avg embeddings: False, 
                        crop: 224 resize: 256, use conv: False pretrained: None, seed: 42, angle range: 90, shift range: 110, 
                        train length: 2048, val length: 320, test length: 320, get old path: False, embeddings to use: ['rotated_embeddings', 'original_embeddings', 'mul_embedding'],
                        use_cls: True


###########################################################################################################################################################

                         learning rate: 6e-05,  mlp_hidden_sizes: [1024, 512], batch_size: 32, norm: True, alpha: 10, avg embeddings: False, 
                        crop: 224 resize: 256, use conv: False pretrained: None, seed: 42, angle range: 90, shift range: 110, 
                        train length: 2048, val length: 320, test length: 320, get old path: False, embeddings to use: ['rotated_embeddings', 'original_embeddings', 'mul_embedding'],
                        use_cls: True


###########################################################################################################################################################

                         learning rate: 6e-05,  mlp_hidden_sizes: [1024, 512], batch_size: 32, norm: True, alpha: 10, avg embeddings: False, 
                        crop: 224 resize: 256, use conv: False pretrained: None, seed: 42, angle range: 90, shift range: 110, 
                        train length: 2048, val length: 320, test length: 320, get old path: False, embeddings to use: ['rotated_embeddings', 'original_embeddings', 'mul_embedding'],
                        use_cls: True


###########################################################################################################################################################

                         learning rate: 6e-05,  mlp_hidden_sizes: [1024, 512], batch_size: 32, norm: True, alpha: 10, avg embeddings: False, 
                        crop: 224 resize: 256, use conv: False pretrained: None, seed: 42, angle range: 90, shift range: 110, 
                        train length: 2048, val length: 320, test length: 320, get old path: False, embeddings to use: ['rotated_embeddings', 'original_embeddings', 'mul_embedding'],
                        use_cls: True


###########################################################################################################################################################

                         learning rate: 6e-05,  mlp_hidden_sizes: [1024, 512], batch_size: 32, norm: True, alpha: 10, avg embeddings: False, 
                        crop: 224 resize: 256, use conv: False pretrained: None, seed: 42, angle range: 90, shift range: 110, 
                        train length: 2048, val length: 320, test length: 320, get old path: False, embeddings to use: ['rotated_embeddings', 'original_embeddings', 'mul_embedding'],
                        use_cls: True


Epoch 1/200: Training Loss: 3.675524950027466		 Val Loss: 3.7222415924072267
	      Training MAE Angle: 0.4950008988380432		 Val MAE Angle: 0.5185520648956299
              Training MSE Angle: 0.32814788818359375		 Val MSE Angle: 0.3508923530578613
	      Training MAE Shift: 0.5002695322036743		 Val MAE Shift: 0.5007913112640381
              Training Euclidean Shift: 0.7676114439964294	 Val Euclidean Shift: 0.7701620101928711


Epoch 2/200: Training Loss: 3.6520984172821045		 Val Loss: 3.7858291625976563
	      Training MAE Angle: 0.49457138776779175		 Val MAE Angle: 0.5274693965911865
              Training MSE Angle: 0.3285912573337555		 Val MSE Angle: 0.35615835189819334
	      Training MAE Shift: 0.5009719729423523		 Val MAE Shift: 0.5094890594482422
              Training Euclidean Shift: 0.7632728219032288	 Val Euclidean Shift: 0.784787654876709


Epoch 3/200: Training Loss: 3.650209665298462		 Val Loss: 3.7129150390625
	      Training MAE Angle: 0.4951823651790619		 Val MAE Angle: 0.5107799053192139
              Training MSE Angle: 0.3283677101135254		 Val MSE Angle: 0.3470228433609009
	      Training MAE Shift: 0.4981149435043335		 Val MAE Shift: 0.5033942222595215
              Training Euclidean Shift: 0.7616161108016968	 Val Euclidean Shift: 0.7686432361602783


Epoch 4/200: Training Loss: 3.6972193717956543		 Val Loss: 3.5659725189208986
	      Training MAE Angle: 0.5084763169288635		 Val MAE Angle: 0.4646822452545166
              Training MSE Angle: 0.3416461646556854		 Val MSE Angle: 0.2934410095214844
	      Training MAE Shift: 0.5005615949630737		 Val MAE Shift: 0.49324917793273926
              Training Euclidean Shift: 0.7691001296043396	 Val Euclidean Shift: 0.7577719211578369


Epoch 5/200: Training Loss: 3.6373214721679688		 Val Loss: 3.525626373291016
	      Training MAE Angle: 0.5021736025810242		 Val MAE Angle: 0.49317216873168945
              Training MSE Angle: 0.3347189724445343		 Val MSE Angle: 0.32669267654418943
	      Training MAE Shift: 0.49703437089920044		 Val MAE Shift: 0.49012508392333987
              Training Euclidean Shift: 0.7605229020118713	 Val Euclidean Shift: 0.7502083301544189


Epoch 6/200: Training Loss: 3.656414270401001		 Val Loss: 3.642603302001953
	      Training MAE Angle: 0.5002140402793884		 Val MAE Angle: 0.4985912322998047
              Training MSE Angle: 0.3376949727535248		 Val MSE Angle: 0.33870577812194824
	      Training MAE Shift: 0.4981548488140106		 Val MAE Shift: 0.49848527908325196
              Training Euclidean Shift: 0.7625908851623535	 Val Euclidean Shift: 0.756321382522583


Epoch 7/200: Training Loss: 3.6036250591278076		 Val Loss: 3.5405288696289063
	      Training MAE Angle: 0.5062276721000671		 Val MAE Angle: 0.502787733078003
              Training MSE Angle: 0.34204721450805664		 Val MSE Angle: 0.3391213655471802
	      Training MAE Shift: 0.4928051829338074		 Val MAE Shift: 0.488132381439209
              Training Euclidean Shift: 0.7538611888885498	 Val Euclidean Shift: 0.7469717502593994


Epoch 8/200: Training Loss: 3.3673179149627686		 Val Loss: 3.05633602142334
	      Training MAE Angle: 0.492299348115921		 Val MAE Angle: 0.520534610748291
              Training MSE Angle: 0.32729238271713257		 Val MSE Angle: 0.3549917936325073
	      Training MAE Shift: 0.46889835596084595		 Val MAE Shift: 0.43125457763671876
              Training Euclidean Shift: 0.7191275358200073	 Val Euclidean Shift: 0.668017578125


Epoch 9/200: Training Loss: 2.691274404525757		 Val Loss: 2.530922698974609
	      Training MAE Angle: 0.4942176640033722		 Val MAE Angle: 0.47841920852661135
              Training MSE Angle: 0.3278011679649353		 Val MSE Angle: 0.31751935482025145
	      Training MAE Shift: 0.39857274293899536		 Val MAE Shift: 0.38342905044555664
              Training Euclidean Shift: 0.6137615442276001	 Val Euclidean Shift: 0.59569091796875


Epoch 10/200: Training Loss: 2.444524049758911		 Val Loss: 2.4612619400024416
	      Training MAE Angle: 0.4914303123950958		 Val MAE Angle: 0.4837860107421875
              Training MSE Angle: 0.3259282112121582		 Val MSE Angle: 0.31134297847747805
	      Training MAE Shift: 0.3704034984111786		 Val MAE Shift: 0.3669405937194824
              Training Euclidean Shift: 0.5684733390808105	 Val Euclidean Shift: 0.5714931488037109


Epoch 11/200: Training Loss: 2.3690884113311768		 Val Loss: 2.224727821350098
	      Training MAE Angle: 0.4964902698993683		 Val MAE Angle: 0.5057348728179931
              Training MSE Angle: 0.32694700360298157		 Val MSE Angle: 0.33005261421203613
	      Training MAE Shift: 0.36267414689064026		 Val MAE Shift: 0.35079953670501707
              Training Euclidean Shift: 0.5598505735397339	 Val Euclidean Shift: 0.538828182220459


Epoch 12/200: Training Loss: 1.7077833414077759		 Val Loss: 1.572251796722412
	      Training MAE Angle: 0.49127402901649475		 Val MAE Angle: 0.512548828125
              Training MSE Angle: 0.3263866603374481		 Val MSE Angle: 0.34328198432922363
	      Training MAE Shift: 0.28968602418899536		 Val MAE Shift: 0.25911426544189453
              Training Euclidean Shift: 0.4503973126411438	 Val Euclidean Shift: 0.41220436096191404


Epoch 13/200: Training Loss: 1.0326833724975586		 Val Loss: 1.0586723327636718
	      Training MAE Angle: 0.49088528752326965		 Val MAE Angle: 0.5099986076354981
              Training MSE Angle: 0.3251879811286926		 Val MSE Angle: 0.3434091329574585
	      Training MAE Shift: 0.20292320847511292		 Val MAE Shift: 0.1909430742263794
              Training Euclidean Shift: 0.31799811124801636	 Val Euclidean Shift: 0.30350868701934813


Epoch 14/200: Training Loss: 0.8109148740768433		 Val Loss: 0.6569703102111817
	      Training MAE Angle: 0.5000425577163696		 Val MAE Angle: 0.49439420700073244
              Training MSE Angle: 0.33391034603118896		 Val MSE Angle: 0.3258646011352539
	      Training MAE Shift: 0.1631918102502823		 Val MAE Shift: 0.1321117401123047
              Training Euclidean Shift: 0.25638318061828613	 Val Euclidean Shift: 0.20576798915863037


Epoch 15/200: Training Loss: 0.6257966160774231		 Val Loss: 0.6084492206573486
	      Training MAE Angle: 0.5013443231582642		 Val MAE Angle: 0.49291386604309084
              Training MSE Angle: 0.3350164294242859		 Val MSE Angle: 0.32412009239196776
	      Training MAE Shift: 0.12667419016361237		 Val MAE Shift: 0.12208313941955566
              Training Euclidean Shift: 0.19624407589435577	 Val Euclidean Shift: 0.18809177875518798


Epoch 16/200: Training Loss: 0.5424522161483765		 Val Loss: 0.5183512687683105
	      Training MAE Angle: 0.5056771636009216		 Val MAE Angle: 0.48449001312255857
              Training MSE Angle: 0.33986353874206543		 Val MSE Angle: 0.3172821760177612
	      Training MAE Shift: 0.10591913014650345		 Val MAE Shift: 0.11360130310058594
              Training Euclidean Shift: 0.1646629124879837	 Val Euclidean Shift: 0.17708667516708373


Epoch 17/200: Training Loss: 0.5301743745803833		 Val Loss: 0.5052425861358643
	      Training MAE Angle: 0.49829667806625366		 Val MAE Angle: 0.4945975303649902
              Training MSE Angle: 0.3308669626712799		 Val MSE Angle: 0.32530698776245115
	      Training MAE Shift: 0.10328289121389389		 Val MAE Shift: 0.10101405382156373
              Training Euclidean Shift: 0.161269873380661	 Val Euclidean Shift: 0.1567373275756836


Epoch 18/200: Training Loss: 0.48551586270332336		 Val Loss: 0.46218037605285645
	      Training MAE Angle: 0.5070456266403198		 Val MAE Angle: 0.518737506866455
              Training MSE Angle: 0.3396191895008087		 Val MSE Angle: 0.3511283159255981
	      Training MAE Shift: 0.08931085467338562		 Val MAE Shift: 0.07859011888504028
              Training Euclidean Shift: 0.13996484875679016	 Val Euclidean Shift: 0.12185093164443969


Epoch 19/200: Training Loss: 0.42736712098121643		 Val Loss: 0.47273736000061034
	      Training MAE Angle: 0.4854206144809723		 Val MAE Angle: 0.5087515354156494
              Training MSE Angle: 0.3191377520561218		 Val MSE Angle: 0.34530560970306395
	      Training MAE Shift: 0.07701510190963745		 Val MAE Shift: 0.08117337822914124
              Training Euclidean Shift: 0.12039162218570709	 Val Euclidean Shift: 0.12834392786026


Epoch 20/200: Training Loss: 0.42963215708732605		 Val Loss: 0.42436990737915037
	      Training MAE Angle: 0.5087704062461853		 Val MAE Angle: 0.5270700454711914
              Training MSE Angle: 0.341979444026947		 Val MSE Angle: 0.3550873279571533
	      Training MAE Shift: 0.06907159835100174		 Val MAE Shift: 0.06416860222816467
              Training Euclidean Shift: 0.10799773037433624	 Val Euclidean Shift: 0.10050133466720582


Epoch 21/200: Training Loss: 0.40722742676734924		 Val Loss: 0.449967622756958
	      Training MAE Angle: 0.5017534494400024		 Val MAE Angle: 0.5098012447357178
              Training MSE Angle: 0.336570143699646		 Val MSE Angle: 0.339117431640625
	      Training MAE Shift: 0.06334873288869858		 Val MAE Shift: 0.07679959535598754
              Training Euclidean Shift: 0.09891396760940552	 Val Euclidean Shift: 0.1184881091117859


Epoch 22/200: Training Loss: 0.4390825927257538		 Val Loss: 0.4545596599578857
	      Training MAE Angle: 0.5070375800132751		 Val MAE Angle: 0.49665374755859376
              Training MSE Angle: 0.33843371272087097		 Val MSE Angle: 0.333558177947998
	      Training MAE Shift: 0.07382393628358841		 Val MAE Shift: 0.06992523074150085
              Training Euclidean Shift: 0.1152130663394928	 Val Euclidean Shift: 0.11054582595825195


Epoch 23/200: Training Loss: 0.41355180740356445		 Val Loss: 0.41897974014282224
	      Training MAE Angle: 0.5042659044265747		 Val MAE Angle: 0.5087100028991699
              Training MSE Angle: 0.3364899158477783		 Val MSE Angle: 0.3432476282119751
	      Training MAE Shift: 0.0652163103222847		 Val MAE Shift: 0.061624550819396974
              Training Euclidean Shift: 0.10155107080936432	 Val Euclidean Shift: 0.09761145114898681


Epoch 24/200: Training Loss: 0.38398465514183044		 Val Loss: 0.39391317367553713
	      Training MAE Angle: 0.49154767394065857		 Val MAE Angle: 0.48938851356506347
              Training MSE Angle: 0.32475048303604126		 Val MSE Angle: 0.3248132228851318
	      Training MAE Shift: 0.056780390441417694		 Val MAE Shift: 0.05863715410232544
              Training Euclidean Shift: 0.08890050649642944	 Val Euclidean Shift: 0.09204813838005066


Epoch 25/200: Training Loss: 0.36616241931915283		 Val Loss: 0.4010809898376465
	      Training MAE Angle: 0.48423153162002563		 Val MAE Angle: 0.5051007270812988
              Training MSE Angle: 0.3192453682422638		 Val MSE Angle: 0.3394568681716919
	      Training MAE Shift: 0.05094969645142555		 Val MAE Shift: 0.05731170177459717
              Training Euclidean Shift: 0.07997764647006989	 Val Euclidean Shift: 0.08978250622749329


Epoch 26/200: Training Loss: 0.4143933355808258		 Val Loss: 0.4795563220977783
	      Training MAE Angle: 0.5010319352149963		 Val MAE Angle: 0.4982594966888428
              Training MSE Angle: 0.334297776222229		 Val MSE Angle: 0.3271517276763916
	      Training MAE Shift: 0.06358069181442261		 Val MAE Shift: 0.09881122708320618
              Training Euclidean Shift: 0.09985256940126419	 Val Euclidean Shift: 0.15287957191467286


Epoch 27/200: Training Loss: 0.44430720806121826		 Val Loss: 0.3912440538406372
	      Training MAE Angle: 0.4966646432876587		 Val MAE Angle: 0.47789316177368163
              Training MSE Angle: 0.3283471167087555		 Val MSE Angle: 0.30568490028381345
	      Training MAE Shift: 0.077684685587883		 Val MAE Shift: 0.07119469046592712
              Training Euclidean Shift: 0.12220587581396103	 Val Euclidean Shift: 0.11170215606689453


Epoch 28/200: Training Loss: 0.4285835921764374		 Val Loss: 0.38216845989227294
	      Training MAE Angle: 0.49685853719711304		 Val MAE Angle: 0.48621039390563964
              Training MSE Angle: 0.32581043243408203		 Val MSE Angle: 0.31233510971069334
	      Training MAE Shift: 0.07429030537605286		 Val MAE Shift: 0.059931331872940065
              Training Euclidean Shift: 0.11687491834163666	 Val Euclidean Shift: 0.09456028938293456


Epoch 29/200: Training Loss: 0.464275062084198		 Val Loss: 0.4675785541534424
	      Training MAE Angle: 0.5037391781806946		 Val MAE Angle: 0.5146910667419433
              Training MSE Angle: 0.3322385847568512		 Val MSE Angle: 0.34420008659362794
	      Training MAE Shift: 0.08078105002641678		 Val MAE Shift: 0.08690459728240967
              Training Euclidean Shift: 0.12705837190151215	 Val Euclidean Shift: 0.13359807729721068


Epoch 30/200: Training Loss: 0.39762234687805176		 Val Loss: 0.3525806665420532
	      Training MAE Angle: 0.49167463183403015		 Val MAE Angle: 0.4836890697479248
              Training MSE Angle: 0.316355437040329		 Val MSE Angle: 0.3011209487915039
	      Training MAE Shift: 0.06693550199270248		 Val MAE Shift: 0.051305681467056274
              Training Euclidean Shift: 0.10487683862447739	 Val Euclidean Shift: 0.08091522455215454


Epoch 31/200: Training Loss: 0.3999203145503998		 Val Loss: 0.40698857307434083
	      Training MAE Angle: 0.49251002073287964		 Val MAE Angle: 0.49410600662231446
              Training MSE Angle: 0.3197277784347534		 Val MSE Angle: 0.3242709398269653
	      Training MAE Shift: 0.0650995522737503		 Val MAE Shift: 0.07068607211112976
              Training Euclidean Shift: 0.10212986171245575	 Val Euclidean Shift: 0.11050293445587159


Epoch 32/200: Training Loss: 0.3902866542339325		 Val Loss: 0.3920680284500122
	      Training MAE Angle: 0.48951008915901184		 Val MAE Angle: 0.5013457775115967
              Training MSE Angle: 0.31253594160079956		 Val MSE Angle: 0.31680119037628174
	      Training MAE Shift: 0.06388654559850693		 Val MAE Shift: 0.06263204216957093
              Training Euclidean Shift: 0.10070719569921494	 Val Euclidean Shift: 0.0978393793106079


Epoch 33/200: Training Loss: 0.45662638545036316		 Val Loss: 0.45049099922180175
	      Training MAE Angle: 0.4821978211402893		 Val MAE Angle: 0.5038422584533692
              Training MSE Angle: 0.30371418595314026		 Val MSE Angle: 0.3302964687347412
	      Training MAE Shift: 0.08750087767839432		 Val MAE Shift: 0.08091017603874207
              Training Euclidean Shift: 0.13876180350780487	 Val Euclidean Shift: 0.1271839141845703


Epoch 34/200: Training Loss: 0.3675691783428192		 Val Loss: 0.33687098026275636
	      Training MAE Angle: 0.47627583146095276		 Val MAE Angle: 0.4526045322418213
              Training MSE Angle: 0.29728442430496216		 Val MSE Angle: 0.27495431900024414
	      Training MAE Shift: 0.06252884864807129		 Val MAE Shift: 0.05623641610145569
              Training Euclidean Shift: 0.09829819947481155	 Val Euclidean Shift: 0.08820042610168458


Epoch 35/200: Training Loss: 0.35562267899513245		 Val Loss: 0.34378952980041505
	      Training MAE Angle: 0.48071911931037903		 Val MAE Angle: 0.4328175067901611
              Training MSE Angle: 0.3022608757019043		 Val MSE Angle: 0.2519931077957153
	      Training MAE Shift: 0.05388271063566208		 Val MAE Shift: 0.06176034808158874
              Training Euclidean Shift: 0.08450539410114288	 Val Euclidean Shift: 0.09625015258789063


Epoch 36/200: Training Loss: 0.36730125546455383		 Val Loss: 0.3186967134475708
	      Training MAE Angle: 0.4595438539981842		 Val MAE Angle: 0.4209176540374756
              Training MSE Angle: 0.27972766757011414		 Val MSE Angle: 0.24575378894805908
	      Training MAE Shift: 0.06784006208181381		 Val MAE Shift: 0.05866658687591553
              Training Euclidean Shift: 0.10668927431106567	 Val Euclidean Shift: 0.09204014539718627


Epoch 37/200: Training Loss: 0.31861212849617004		 Val Loss: 0.31406142711639407
	      Training MAE Angle: 0.43836385011672974		 Val MAE Angle: 0.43053159713745115
              Training MSE Angle: 0.26367759704589844		 Val MSE Angle: 0.24744219779968263
	      Training MAE Shift: 0.053894851356744766		 Val MAE Shift: 0.06524348855018616
              Training Euclidean Shift: 0.08501838892698288	 Val Euclidean Shift: 0.10123412609100342


Epoch 38/200: Training Loss: 0.32372844219207764		 Val Loss: 0.33264305591583254
	      Training MAE Angle: 0.43118396401405334		 Val MAE Angle: 0.40984721183776857
              Training MSE Angle: 0.2564918100833893		 Val MSE Angle: 0.24315967559814453
	      Training MAE Shift: 0.06058160960674286		 Val MAE Shift: 0.06453680396080017
              Training Euclidean Shift: 0.09537311643362045	 Val Euclidean Shift: 0.10422749519348144


Epoch 39/200: Training Loss: 0.3438047766685486		 Val Loss: 0.310982871055603
	      Training MAE Angle: 0.43168818950653076		 Val MAE Angle: 0.406751012802124
              Training MSE Angle: 0.2592882812023163		 Val MSE Angle: 0.22852880954742433
	      Training MAE Shift: 0.06538477540016174		 Val MAE Shift: 0.06349768638610839
              Training Euclidean Shift: 0.10248244553804398	 Val Euclidean Shift: 0.10018150806427002


Epoch 40/200: Training Loss: 0.2979070842266083		 Val Loss: 0.2556492805480957
	      Training MAE Angle: 0.40723279118537903		 Val MAE Angle: 0.36573712825775145
              Training MSE Angle: 0.23862063884735107		 Val MSE Angle: 0.21130433082580566
	      Training MAE Shift: 0.0577518530189991		 Val MAE Shift: 0.05045203566551208
              Training Euclidean Shift: 0.09051502496004105	 Val Euclidean Shift: 0.07833488583564759


Epoch 41/200: Training Loss: 0.2904647886753082		 Val Loss: 0.3324071168899536
	      Training MAE Angle: 0.40885114669799805		 Val MAE Angle: 0.41980910301208496
              Training MSE Angle: 0.2408854067325592		 Val MSE Angle: 0.2532917022705078
	      Training MAE Shift: 0.05270647257566452		 Val MAE Shift: 0.06870524883270264
              Training Euclidean Shift: 0.08263467252254486	 Val Euclidean Shift: 0.1064760446548462


Epoch 42/200: Training Loss: 0.3441237509250641		 Val Loss: 0.26418485641479494
	      Training MAE Angle: 0.4291190207004547		 Val MAE Angle: 0.37178213596343995
              Training MSE Angle: 0.2549479305744171		 Val MSE Angle: 0.20046529769897461
	      Training MAE Shift: 0.06962074339389801		 Val MAE Shift: 0.06032485961914062
              Training Euclidean Shift: 0.10956290364265442	 Val Euclidean Shift: 0.09430592060089112


Epoch 43/200: Training Loss: 0.2712177336215973		 Val Loss: 0.23625710010528564
	      Training MAE Angle: 0.3973477780818939		 Val MAE Angle: 0.36119215488433837
              Training MSE Angle: 0.22903935611248016		 Val MSE Angle: 0.1944478392601013
	      Training MAE Shift: 0.04982863366603851		 Val MAE Shift: 0.04713692665100098
              Training Euclidean Shift: 0.07800745964050293	 Val Euclidean Shift: 0.07347514033317566


Epoch 44/200: Training Loss: 0.26701620221138		 Val Loss: 0.24168860912322998
	      Training MAE Angle: 0.3923937976360321		 Val MAE Angle: 0.36367461681365965
              Training MSE Angle: 0.22261101007461548		 Val MSE Angle: 0.20008842945098876
	      Training MAE Shift: 0.04811377823352814		 Val MAE Shift: 0.04894714653491974
              Training Euclidean Shift: 0.0756135806441307	 Val Euclidean Shift: 0.0763776183128357


Epoch 45/200: Training Loss: 0.26465532183647156		 Val Loss: 0.26027326583862304
	      Training MAE Angle: 0.39171046018600464		 Val MAE Angle: 0.3606302261352539
              Training MSE Angle: 0.22380298376083374		 Val MSE Angle: 0.2062232494354248
	      Training MAE Shift: 0.047623492777347565		 Val MAE Shift: 0.055607271194458005
              Training Euclidean Shift: 0.07481289654970169	 Val Euclidean Shift: 0.08602777719497681


Epoch 46/200: Training Loss: 0.2808081805706024		 Val Loss: 0.2673102855682373
	      Training MAE Angle: 0.3909296691417694		 Val MAE Angle: 0.3528589248657227
              Training MSE Angle: 0.22688572108745575		 Val MSE Angle: 0.20025720596313476
	      Training MAE Shift: 0.053005754947662354		 Val MAE Shift: 0.0660706639289856
              Training Euclidean Shift: 0.08321085572242737	 Val Euclidean Shift: 0.10285919904708862


Epoch 47/200: Training Loss: 0.26548075675964355		 Val Loss: 0.2550633668899536
	      Training MAE Angle: 0.3838919699192047		 Val MAE Angle: 0.3774094820022583
              Training MSE Angle: 0.2210843414068222		 Val MSE Angle: 0.21893072128295898
	      Training MAE Shift: 0.04951455444097519		 Val MAE Shift: 0.04664905667304993
              Training Euclidean Shift: 0.07810822129249573	 Val Euclidean Shift: 0.0727617084980011


Epoch 48/200: Training Loss: 0.25820136070251465		 Val Loss: 0.2655916213989258
	      Training MAE Angle: 0.3790235221385956		 Val MAE Angle: 0.3872977256774902
              Training MSE Angle: 0.21771149337291718		 Val MSE Angle: 0.2237746000289917
	      Training MAE Shift: 0.04640011861920357		 Val MAE Shift: 0.045121407508850096
              Training Euclidean Shift: 0.07284042984247208	 Val Euclidean Shift: 0.07224919199943543


Epoch 49/200: Training Loss: 0.25659802556037903		 Val Loss: 0.27947220802307127
	      Training MAE Angle: 0.37336426973342896		 Val MAE Angle: 0.3477808475494385
              Training MSE Angle: 0.21544289588928223		 Val MSE Angle: 0.19026505947113037
	      Training MAE Shift: 0.04771607741713524		 Val MAE Shift: 0.06957167387008667
              Training Euclidean Shift: 0.07494311779737473	 Val Euclidean Shift: 0.1102089524269104


Epoch 50/200: Training Loss: 0.27082735300064087		 Val Loss: 0.24883673191070557
	      Training MAE Angle: 0.3687717616558075		 Val MAE Angle: 0.34415550231933595
              Training MSE Angle: 0.21470706164836884		 Val MSE Angle: 0.1991046905517578
	      Training MAE Shift: 0.05410238355398178		 Val MAE Shift: 0.055349069833755496
              Training Euclidean Shift: 0.08477119356393814	 Val Euclidean Shift: 0.0863669216632843


Epoch 51/200: Training Loss: 0.26603490114212036		 Val Loss: 0.3016888380050659
	      Training MAE Angle: 0.37714362144470215		 Val MAE Angle: 0.34747023582458497
              Training MSE Angle: 0.22112725675106049		 Val MSE Angle: 0.20579655170440675
	      Training MAE Shift: 0.049757592380046844		 Val MAE Shift: 0.07684059143066406
              Training Euclidean Shift: 0.07830164581537247	 Val Euclidean Shift: 0.12063747644424438


Epoch 52/200: Training Loss: 0.26713916659355164		 Val Loss: 0.24539365768432617
	      Training MAE Angle: 0.37018489837646484		 Val MAE Angle: 0.33007445335388186
              Training MSE Angle: 0.20971965789794922		 Val MSE Angle: 0.1935974359512329
	      Training MAE Shift: 0.05739964544773102		 Val MAE Shift: 0.0528680682182312
              Training Euclidean Shift: 0.08951174467802048	 Val Euclidean Shift: 0.08392909765243531


Epoch 53/200: Training Loss: 0.24717286229133606		 Val Loss: 0.23701319694519044
	      Training MAE Angle: 0.35871264338493347		 Val MAE Angle: 0.3328699588775635
              Training MSE Angle: 0.2037689983844757		 Val MSE Angle: 0.18620038032531738
	      Training MAE Shift: 0.049897003918886185		 Val MAE Shift: 0.054754984378814694
              Training Euclidean Shift: 0.07789843529462814	 Val Euclidean Shift: 0.0860278844833374


Epoch 54/200: Training Loss: 0.25514769554138184		 Val Loss: 0.26858627796173096
	      Training MAE Angle: 0.36637431383132935		 Val MAE Angle: 0.375351095199585
              Training MSE Angle: 0.21326854825019836		 Val MSE Angle: 0.22924840450286865
	      Training MAE Shift: 0.04831935092806816		 Val MAE Shift: 0.04760170876979828
              Training Euclidean Shift: 0.07569901645183563	 Val Euclidean Shift: 0.07547855377197266


Epoch 55/200: Training Loss: 0.2533190846443176		 Val Loss: 0.22393131256103516
	      Training MAE Angle: 0.3690614402294159		 Val MAE Angle: 0.3195892095565796
              Training MSE Angle: 0.21228359639644623		 Val MSE Angle: 0.17757641077041625
	      Training MAE Shift: 0.04799770936369896		 Val MAE Shift: 0.053034746646881105
              Training Euclidean Shift: 0.07565037906169891	 Val Euclidean Shift: 0.08300617933273316


Epoch 56/200: Training Loss: 0.2518908977508545		 Val Loss: 0.2873656988143921
	      Training MAE Angle: 0.35262447595596313		 Val MAE Angle: 0.355075478553772
              Training MSE Angle: 0.20106510818004608		 Val MSE Angle: 0.19827066659927367
	      Training MAE Shift: 0.05070772394537926		 Val MAE Shift: 0.07184279561042786
              Training Euclidean Shift: 0.07981891930103302	 Val Euclidean Shift: 0.11336482763290405


Epoch 57/200: Training Loss: 0.257840633392334		 Val Loss: 0.2513798713684082
	      Training MAE Angle: 0.3606142997741699		 Val MAE Angle: 0.33627002239227294
              Training MSE Angle: 0.20402146875858307		 Val MSE Angle: 0.19450050592422485
	      Training MAE Shift: 0.0547202005982399		 Val MAE Shift: 0.057093971967697145
              Training Euclidean Shift: 0.08569228649139404	 Val Euclidean Shift: 0.08915537595748901


Epoch 58/200: Training Loss: 0.3974126875400543		 Val Loss: 0.44527363777160645
	      Training MAE Angle: 0.3785318434238434		 Val MAE Angle: 0.37171001434326173
              Training MSE Angle: 0.2246420532464981		 Val MSE Angle: 0.2290409564971924
	      Training MAE Shift: 0.09014052152633667		 Val MAE Shift: 0.11285629272460937
              Training Euclidean Shift: 0.1414458155632019	 Val Euclidean Shift: 0.1757470488548279


Epoch 59/200: Training Loss: 0.33294016122817993		 Val Loss: 0.27479822635650636
	      Training MAE Angle: 0.3655730187892914		 Val MAE Angle: 0.3490291118621826
              Training MSE Angle: 0.20855632424354553		 Val MSE Angle: 0.21122429370880128
	      Training MAE Shift: 0.08167635649442673		 Val MAE Shift: 0.05795587301254272
              Training Euclidean Shift: 0.12843656539916992	 Val Euclidean Shift: 0.09094746708869934


Epoch 60/200: Training Loss: 0.2536675035953522		 Val Loss: 0.26295511722564696
	      Training MAE Angle: 0.3552369773387909		 Val MAE Angle: 0.34651243686676025
              Training MSE Angle: 0.204383984208107		 Val MSE Angle: 0.20877842903137206
	      Training MAE Shift: 0.052674878388643265		 Val MAE Shift: 0.05500746965408325
              Training Euclidean Shift: 0.08246943354606628	 Val Euclidean Shift: 0.08719654083251953


Epoch 61/200: Training Loss: 0.2582760751247406		 Val Loss: 0.24144132137298585
	      Training MAE Angle: 0.356157124042511		 Val MAE Angle: 0.3262162685394287
              Training MSE Angle: 0.20177333056926727		 Val MSE Angle: 0.184214186668396
	      Training MAE Shift: 0.05582441762089729		 Val MAE Shift: 0.05598989725112915
              Training Euclidean Shift: 0.08757514506578445	 Val Euclidean Shift: 0.08899863362312317


Epoch 62/200: Training Loss: 0.22709625959396362		 Val Loss: 0.2199251174926758
	      Training MAE Angle: 0.33720147609710693		 Val MAE Angle: 0.3316588163375854
              Training MSE Angle: 0.18950751423835754		 Val MSE Angle: 0.17968870401382447
	      Training MAE Shift: 0.046262361109256744		 Val MAE Shift: 0.046056753396987914
              Training Euclidean Shift: 0.07248152792453766	 Val Euclidean Shift: 0.0724591851234436


Epoch 63/200: Training Loss: 0.2402743101119995		 Val Loss: 0.21042211055755616
	      Training MAE Angle: 0.34358999133110046		 Val MAE Angle: 0.31046645641326903
              Training MSE Angle: 0.19680288434028625		 Val MSE Angle: 0.16786302328109742
	      Training MAE Shift: 0.04884254187345505		 Val MAE Shift: 0.04963356852531433
              Training Euclidean Shift: 0.07655733823776245	 Val Euclidean Shift: 0.07767207026481629


Epoch 64/200: Training Loss: 0.23619312047958374		 Val Loss: 0.27415714263916013
	      Training MAE Angle: 0.33615219593048096		 Val MAE Angle: 0.3162973642349243
              Training MSE Angle: 0.18399223685264587		 Val MSE Angle: 0.17457468509674073
	      Training MAE Shift: 0.05013180524110794		 Val MAE Shift: 0.07599692344665528
              Training Euclidean Shift: 0.07897644490003586	 Val Euclidean Shift: 0.11901460886001587


Epoch 65/200: Training Loss: 0.24737156927585602		 Val Loss: 0.187508225440979
	      Training MAE Angle: 0.3441272974014282		 Val MAE Angle: 0.2882764577865601
              Training MSE Angle: 0.1968669444322586		 Val MSE Angle: 0.1462058901786804
	      Training MAE Shift: 0.05284316837787628		 Val MAE Shift: 0.04785733819007874
              Training Euclidean Shift: 0.08313818275928497	 Val Euclidean Shift: 0.07504379153251647


Epoch 66/200: Training Loss: 0.23494085669517517		 Val Loss: 0.1999353885650635
	      Training MAE Angle: 0.3448012173175812		 Val MAE Angle: 0.30942354202270506
              Training MSE Angle: 0.19669800996780396		 Val MSE Angle: 0.1637906551361084
	      Training MAE Shift: 0.04545363411307335		 Val MAE Shift: 0.04595905542373657
              Training Euclidean Shift: 0.07126665860414505	 Val Euclidean Shift: 0.07202804684638978


Epoch 67/200: Training Loss: 0.22214064002037048		 Val Loss: 0.20723180770874022
	      Training MAE Angle: 0.3312149941921234		 Val MAE Angle: 0.3035863399505615
              Training MSE Angle: 0.18717515468597412		 Val MSE Angle: 0.16848325729370117
	      Training MAE Shift: 0.04493565484881401		 Val MAE Shift: 0.04744980931282043
              Training Euclidean Shift: 0.07053893804550171	 Val Euclidean Shift: 0.07368242740631104


Epoch 68/200: Training Loss: 0.22484424710273743		 Val Loss: 0.20823805332183837
	      Training MAE Angle: 0.3320348560810089		 Val MAE Angle: 0.30185518264770506
              Training MSE Angle: 0.19092610478401184		 Val MSE Angle: 0.1664870023727417
	      Training MAE Shift: 0.04254109039902687		 Val MAE Shift: 0.0443693608045578
              Training Euclidean Shift: 0.06677551567554474	 Val Euclidean Shift: 0.0707839548587799


Epoch 69/200: Training Loss: 0.23225553333759308		 Val Loss: 0.21387953758239747
	      Training MAE Angle: 0.3383443057537079		 Val MAE Angle: 0.2979894161224365
              Training MSE Angle: 0.198093980550766		 Val MSE Angle: 0.16207166910171508
	      Training MAE Shift: 0.042974162846803665		 Val MAE Shift: 0.04614193439483642
              Training Euclidean Shift: 0.06749839335680008	 Val Euclidean Shift: 0.07261009216308593


Epoch 70/200: Training Loss: 0.23087982833385468		 Val Loss: 0.2072324275970459
	      Training MAE Angle: 0.33806687593460083		 Val MAE Angle: 0.2894298076629639
              Training MSE Angle: 0.19428345561027527		 Val MSE Angle: 0.15545891523361205
	      Training MAE Shift: 0.04543830454349518		 Val MAE Shift: 0.05445818901062012
              Training Euclidean Shift: 0.07135865837335587	 Val Euclidean Shift: 0.08644482493400574


Epoch 71/200: Training Loss: 0.21648910641670227		 Val Loss: 0.1834685206413269
	      Training MAE Angle: 0.321350634098053		 Val MAE Angle: 0.27787418365478517
              Training MSE Angle: 0.1794377863407135		 Val MSE Angle: 0.14942094087600707
	      Training MAE Shift: 0.04608330503106117		 Val MAE Shift: 0.04223507642745972
              Training Euclidean Shift: 0.07214614748954773	 Val Euclidean Shift: 0.06667132377624511


Epoch 72/200: Training Loss: 0.2075250744819641		 Val Loss: 0.20149359703063965
	      Training MAE Angle: 0.31904536485671997		 Val MAE Angle: 0.30269124507904055
              Training MSE Angle: 0.1773751676082611		 Val MSE Angle: 0.1666701316833496
	      Training MAE Shift: 0.04125550389289856		 Val MAE Shift: 0.04435893297195435
              Training Euclidean Shift: 0.06485024839639664	 Val Euclidean Shift: 0.06983737945556641


Epoch 73/200: Training Loss: 0.1987946629524231		 Val Loss: 0.1952307939529419
	      Training MAE Angle: 0.30044451355934143		 Val MAE Angle: 0.27805342674255373
              Training MSE Angle: 0.1620333343744278		 Val MSE Angle: 0.15172649621963502
	      Training MAE Shift: 0.04400687664747238		 Val MAE Shift: 0.04988190233707428
              Training Euclidean Shift: 0.06892874836921692	 Val Euclidean Shift: 0.07931148409843444


Epoch 74/200: Training Loss: 0.21714091300964355		 Val Loss: 0.19876896142959594
	      Training MAE Angle: 0.30495721101760864		 Val MAE Angle: 0.2856237173080444
              Training MSE Angle: 0.1659241020679474		 Val MSE Angle: 0.15685324668884276
	      Training MAE Shift: 0.05263793095946312		 Val MAE Shift: 0.04823666512966156
              Training Euclidean Shift: 0.08329008519649506	 Val Euclidean Shift: 0.07612730264663696


Epoch 75/200: Training Loss: 0.21826794743537903		 Val Loss: 0.2106175899505615
	      Training MAE Angle: 0.32130423188209534		 Val MAE Angle: 0.28100578784942626
              Training MSE Angle: 0.17983266711235046		 Val MSE Angle: 0.1544341564178467
	      Training MAE Shift: 0.04687768593430519		 Val MAE Shift: 0.056728911399841306
              Training Euclidean Shift: 0.07356344163417816	 Val Euclidean Shift: 0.0899125576019287


Epoch 76/200: Training Loss: 0.20908710360527039		 Val Loss: 0.1899773359298706
	      Training MAE Angle: 0.3104632496833801		 Val MAE Angle: 0.28632421493530275
              Training MSE Angle: 0.17266704142093658		 Val MSE Angle: 0.15679770708084106
	      Training MAE Shift: 0.0448317751288414		 Val MAE Shift: 0.04444814324378967
              Training Euclidean Shift: 0.07040581852197647	 Val Euclidean Shift: 0.07040406465530395


Epoch 77/200: Training Loss: 0.20494689047336578		 Val Loss: 0.2152733325958252
	      Training MAE Angle: 0.30817490816116333		 Val MAE Angle: 0.3130284309387207
              Training MSE Angle: 0.1723397821187973		 Val MSE Angle: 0.1706385850906372
	      Training MAE Shift: 0.04263157770037651		 Val MAE Shift: 0.050524932146072385
              Training Euclidean Shift: 0.0669659972190857	 Val Euclidean Shift: 0.0784990668296814


Epoch 78/200: Training Loss: 0.20483651757240295		 Val Loss: 0.22569563388824462
	      Training MAE Angle: 0.31468769907951355		 Val MAE Angle: 0.2872154235839844
              Training MSE Angle: 0.17265711724758148		 Val MSE Angle: 0.16717243194580078
	      Training MAE Shift: 0.04249802976846695		 Val MAE Shift: 0.05507274866104126
              Training Euclidean Shift: 0.06658011674880981	 Val Euclidean Shift: 0.08641396164894104


Epoch 79/200: Training Loss: 0.1999010592699051		 Val Loss: 0.20452029705047609
	      Training MAE Angle: 0.29968222975730896		 Val MAE Angle: 0.2782819986343384
              Training MSE Angle: 0.16632701456546783		 Val MSE Angle: 0.1623385429382324
	      Training MAE Shift: 0.043821368366479874		 Val MAE Shift: 0.04637887477874756
              Training Euclidean Shift: 0.06881122291088104	 Val Euclidean Shift: 0.07307778000831604


Epoch 80/200: Training Loss: 0.20346131920814514		 Val Loss: 0.18965145349502563
	      Training MAE Angle: 0.3024836480617523		 Val MAE Angle: 0.2606972694396973
              Training MSE Angle: 0.16848795115947723		 Val MSE Angle: 0.15220457315444946
	      Training MAE Shift: 0.04535194858908653		 Val MAE Shift: 0.0470608800649643
              Training Euclidean Shift: 0.07102297991514206	 Val Euclidean Shift: 0.07359101772308349


Epoch 81/200: Training Loss: 0.1912284642457962		 Val Loss: 0.19224995374679565
	      Training MAE Angle: 0.2889426350593567		 Val MAE Angle: 0.2713935375213623
              Training MSE Angle: 0.16238678991794586		 Val MSE Angle: 0.16292663812637329
	      Training MAE Shift: 0.04026104882359505		 Val MAE Shift: 0.04008585512638092
              Training Euclidean Shift: 0.06336271017789841	 Val Euclidean Shift: 0.06349941492080688


Epoch 82/200: Training Loss: 0.22736352682113647		 Val Loss: 0.17740259170532227
	      Training MAE Angle: 0.3243703246116638		 Val MAE Angle: 0.2629390239715576
              Training MSE Angle: 0.18798324465751648		 Val MSE Angle: 0.14107247591018676
	      Training MAE Shift: 0.04663761332631111		 Val MAE Shift: 0.045353204011917114
              Training Euclidean Shift: 0.07329858094453812	 Val Euclidean Shift: 0.07087957262992858


Epoch 83/200: Training Loss: 0.20190507173538208		 Val Loss: 0.16957467794418335
	      Training MAE Angle: 0.3048362135887146		 Val MAE Angle: 0.2609099864959717
              Training MSE Angle: 0.1696568727493286		 Val MSE Angle: 0.1379902720451355
	      Training MAE Shift: 0.04304731264710426		 Val MAE Shift: 0.0393846869468689
              Training Euclidean Shift: 0.06759744882583618	 Val Euclidean Shift: 0.06284319758415222


Epoch 84/200: Training Loss: 0.19231607019901276		 Val Loss: 0.2006748676300049
	      Training MAE Angle: 0.29270896315574646		 Val MAE Angle: 0.28754947185516355
              Training MSE Angle: 0.16032952070236206		 Val MSE Angle: 0.16630054712295533
	      Training MAE Shift: 0.043030086904764175		 Val MAE Shift: 0.044555604457855225
              Training Euclidean Shift: 0.06725135445594788	 Val Euclidean Shift: 0.07030436396598816


Epoch 85/200: Training Loss: 0.18970516324043274		 Val Loss: 0.19058213233947754
	      Training MAE Angle: 0.28758305311203003		 Val MAE Angle: 0.2723125457763672
              Training MSE Angle: 0.15512435138225555		 Val MSE Angle: 0.14606634378433228
	      Training MAE Shift: 0.042511530220508575		 Val MAE Shift: 0.046168407797813414
              Training Euclidean Shift: 0.06657663732767105	 Val Euclidean Shift: 0.0725010097026825


Epoch 86/200: Training Loss: 0.20050108432769775		 Val Loss: 0.18639461994171141
	      Training MAE Angle: 0.29400691390037537		 Val MAE Angle: 0.28534023761749266
              Training MSE Angle: 0.16205160319805145		 Val MSE Angle: 0.15243517160415648
	      Training MAE Shift: 0.04535701870918274		 Val MAE Shift: 0.04329723119735718
              Training Euclidean Shift: 0.07127520442008972	 Val Euclidean Shift: 0.06832192540168762


Epoch 87/200: Training Loss: 0.19317156076431274		 Val Loss: 0.22392897605895995
	      Training MAE Angle: 0.28663942217826843		 Val MAE Angle: 0.30291554927825926
              Training MSE Angle: 0.15681737661361694		 Val MSE Angle: 0.1890199899673462
	      Training MAE Shift: 0.04482513666152954		 Val MAE Shift: 0.04481534361839294
              Training Euclidean Shift: 0.07034315168857574	 Val Euclidean Shift: 0.07037772536277771


Epoch 88/200: Training Loss: 0.19348476827144623		 Val Loss: 0.2272620677947998
	      Training MAE Angle: 0.2907140254974365		 Val MAE Angle: 0.3127367258071899
              Training MSE Angle: 0.15807129442691803		 Val MSE Angle: 0.19153060913085937
	      Training MAE Shift: 0.04448886215686798		 Val MAE Shift: 0.045403489470481874
              Training Euclidean Shift: 0.06979724764823914	 Val Euclidean Shift: 0.07148039937019349


Epoch 89/200: Training Loss: 0.20005805790424347		 Val Loss: 0.17435779571533203
	      Training MAE Angle: 0.28298673033714294		 Val MAE Angle: 0.2638235092163086
              Training MSE Angle: 0.15559151768684387		 Val MSE Angle: 0.1307140111923218
	      Training MAE Shift: 0.04965069144964218		 Val MAE Shift: 0.05290606021881104
              Training Euclidean Shift: 0.0779719203710556	 Val Euclidean Shift: 0.0825383186340332


Epoch 90/200: Training Loss: 0.18972232937812805		 Val Loss: 0.21256742477416993
	      Training MAE Angle: 0.2775160074234009		 Val MAE Angle: 0.2697590827941895
              Training MSE Angle: 0.15289930999279022		 Val MSE Angle: 0.15754231214523315
	      Training MAE Shift: 0.04577556997537613		 Val MAE Shift: 0.05046526193618774
              Training Euclidean Shift: 0.07210017740726471	 Val Euclidean Shift: 0.07928622961044311


Epoch 91/200: Training Loss: 0.19681157171726227		 Val Loss: 0.1966800332069397
	      Training MAE Angle: 0.29021358489990234		 Val MAE Angle: 0.27222347259521484
              Training MSE Angle: 0.16129083931446075		 Val MSE Angle: 0.1546136260032654
	      Training MAE Shift: 0.044490519911050797		 Val MAE Shift: 0.04712286591529846
              Training Euclidean Shift: 0.06986910104751587	 Val Euclidean Shift: 0.07415633797645568


Epoch 92/200: Training Loss: 0.20249761641025543		 Val Loss: 0.2058316946029663
	      Training MAE Angle: 0.29442477226257324		 Val MAE Angle: 0.27372312545776367
              Training MSE Angle: 0.16640131175518036		 Val MSE Angle: 0.1680203914642334
	      Training MAE Shift: 0.044702619314193726		 Val MAE Shift: 0.04527627229690552
              Training Euclidean Shift: 0.07031339406967163	 Val Euclidean Shift: 0.07114145755767823


Epoch 93/200: Training Loss: 0.18585187196731567		 Val Loss: 0.18330466747283936
	      Training MAE Angle: 0.28409048914909363		 Val MAE Angle: 0.24414775371551514
              Training MSE Angle: 0.1586238145828247		 Val MSE Angle: 0.1419402241706848
	      Training MAE Shift: 0.03923194855451584		 Val MAE Shift: 0.044431519508361814
              Training Euclidean Shift: 0.0616789385676384	 Val Euclidean Shift: 0.07136290073394776


Epoch 94/200: Training Loss: 0.19197224080562592		 Val Loss: 0.15538448095321655
	      Training MAE Angle: 0.2845727205276489		 Val MAE Angle: 0.24700236320495605
              Training MSE Angle: 0.15988238155841827		 Val MSE Angle: 0.12320129871368408
	      Training MAE Shift: 0.042551446706056595		 Val MAE Shift: 0.0416714072227478
              Training Euclidean Shift: 0.06682594865560532	 Val Euclidean Shift: 0.06511751413345337


Epoch 95/200: Training Loss: 0.19233714044094086		 Val Loss: 0.19951812028884888
	      Training MAE Angle: 0.2753239572048187		 Val MAE Angle: 0.28259479999542236
              Training MSE Angle: 0.1546335220336914		 Val MSE Angle: 0.16396117210388184
	      Training MAE Shift: 0.04630938172340393		 Val MAE Shift: 0.04448304176330566
              Training Euclidean Shift: 0.0726291686296463	 Val Euclidean Shift: 0.07013665437698365


Epoch 96/200: Training Loss: 0.1733725517988205		 Val Loss: 0.18650074005126954
	      Training MAE Angle: 0.27194905281066895		 Val MAE Angle: 0.2641237497329712
              Training MSE Angle: 0.14375443756580353		 Val MSE Angle: 0.15635761022567748
	      Training MAE Shift: 0.0405389778316021		 Val MAE Shift: 0.04153966307640076
              Training Euclidean Shift: 0.06357574462890625	 Val Euclidean Shift: 0.06500084400177002


Epoch 97/200: Training Loss: 0.1827518790960312		 Val Loss: 0.1715303421020508
	      Training MAE Angle: 0.2730043828487396		 Val MAE Angle: 0.22941930294036866
              Training MSE Angle: 0.1485128551721573		 Val MSE Angle: 0.12869758605957032
	      Training MAE Shift: 0.04396168887615204		 Val MAE Shift: 0.05099493861198425
              Training Euclidean Shift: 0.06881291419267654	 Val Euclidean Shift: 0.07973151803016662


Epoch 98/200: Training Loss: 0.20825327932834625		 Val Loss: 0.21541891098022461
	      Training MAE Angle: 0.2700207233428955		 Val MAE Angle: 0.23785643577575682
              Training MSE Angle: 0.15002843737602234		 Val MSE Angle: 0.11665076017379761
	      Training MAE Shift: 0.05381571501493454		 Val MAE Shift: 0.07629599571228027
              Training Euclidean Shift: 0.08445724844932556	 Val Euclidean Shift: 0.12021328210830688


Epoch 99/200: Training Loss: 0.1949584186077118		 Val Loss: 0.1467536211013794
	      Training MAE Angle: 0.2699396014213562		 Val MAE Angle: 0.23069770336151124
              Training MSE Angle: 0.14566373825073242		 Val MSE Angle: 0.11412420272827148
	      Training MAE Shift: 0.05306505039334297		 Val MAE Shift: 0.04400230944156647
              Training Euclidean Shift: 0.08355140686035156	 Val Euclidean Shift: 0.06938271522521973


Epoch 100/200: Training Loss: 0.16382601857185364		 Val Loss: 0.17739484310150147
	      Training MAE Angle: 0.25034600496292114		 Val MAE Angle: 0.24014735221862793
              Training MSE Angle: 0.12997028231620789		 Val MSE Angle: 0.14250991344451905
	      Training MAE Shift: 0.04414495825767517		 Val MAE Shift: 0.0461485892534256
              Training Euclidean Shift: 0.06913832575082779	 Val Euclidean Shift: 0.07119607925415039


Epoch 101/200: Training Loss: 0.17821060121059418		 Val Loss: 0.15903557538986207
	      Training MAE Angle: 0.2650434672832489		 Val MAE Angle: 0.23730111122131348
              Training MSE Angle: 0.14150825142860413		 Val MSE Angle: 0.12428820133209229
	      Training MAE Shift: 0.04508737102150917		 Val MAE Shift: 0.044127529859542845
              Training Euclidean Shift: 0.07069089263677597	 Val Euclidean Shift: 0.06961566209793091


Epoch 102/200: Training Loss: 0.1659555435180664		 Val Loss: 0.19443891048431397
	      Training MAE Angle: 0.25669175386428833		 Val MAE Angle: 0.2563692808151245
              Training MSE Angle: 0.13377878069877625		 Val MSE Angle: 0.15693435668945313
	      Training MAE Shift: 0.04206519573926926		 Val MAE Shift: 0.04874545037746429
              Training Euclidean Shift: 0.06607820093631744	 Val Euclidean Shift: 0.07562167644500732


Epoch 103/200: Training Loss: 0.1681372970342636		 Val Loss: 0.1844719648361206
	      Training MAE Angle: 0.2589443325996399		 Val MAE Angle: 0.27513794898986815
              Training MSE Angle: 0.13894540071487427		 Val MSE Angle: 0.1517903685569763
	      Training MAE Shift: 0.040117956697940826		 Val MAE Shift: 0.044325324892997744
              Training Euclidean Shift: 0.06334330886602402	 Val Euclidean Shift: 0.06968766450881958


Epoch 104/200: Training Loss: 0.1945050209760666		 Val Loss: 0.16571638584136963
	      Training MAE Angle: 0.26638466119766235		 Val MAE Angle: 0.23461930751800536
              Training MSE Angle: 0.1448395848274231		 Val MSE Angle: 0.11843550205230713
	      Training MAE Shift: 0.052362971007823944		 Val MAE Shift: 0.05427910685539246
              Training Euclidean Shift: 0.08219350874423981	 Val Euclidean Shift: 0.08487752676010132


Epoch 105/200: Training Loss: 0.18057218194007874		 Val Loss: 0.1403393030166626
	      Training MAE Angle: 0.2636740803718567		 Val MAE Angle: 0.2332768440246582
              Training MSE Angle: 0.1449102759361267		 Val MSE Angle: 0.11274068355560303
	      Training MAE Shift: 0.04419850930571556		 Val MAE Shift: 0.0401211678981781
              Training Euclidean Shift: 0.06948909163475037	 Val Euclidean Shift: 0.06302320957183838


Epoch 106/200: Training Loss: 0.16409890353679657		 Val Loss: 0.13656505346298217
	      Training MAE Angle: 0.25395339727401733		 Val MAE Angle: 0.2347174882888794
              Training MSE Angle: 0.1334187090396881		 Val MSE Angle: 0.10592406988143921
	      Training MAE Shift: 0.04179828613996506		 Val MAE Shift: 0.04089451432228088
              Training Euclidean Shift: 0.06554830074310303	 Val Euclidean Shift: 0.06384344100952148


Epoch 107/200: Training Loss: 0.1681099832057953		 Val Loss: 0.19120572805404662
	      Training MAE Angle: 0.2533263564109802		 Val MAE Angle: 0.2632164001464844
              Training MSE Angle: 0.13863524794578552		 Val MSE Angle: 0.15099995136260985
	      Training MAE Shift: 0.0409109927713871		 Val MAE Shift: 0.046017971634864804
              Training Euclidean Shift: 0.06398646533489227	 Val Euclidean Shift: 0.0713538408279419


Epoch 108/200: Training Loss: 0.16674818098545074		 Val Loss: 0.16817337274551392
	      Training MAE Angle: 0.25719237327575684		 Val MAE Angle: 0.24509294033050538
              Training MSE Angle: 0.13412773609161377		 Val MSE Angle: 0.14423961639404298
	      Training MAE Shift: 0.041237302124500275		 Val MAE Shift: 0.038206827640533444
              Training Euclidean Shift: 0.06503739207983017	 Val Euclidean Shift: 0.060255080461502075


Epoch 109/200: Training Loss: 0.16713401675224304		 Val Loss: 0.17477575540542603
	      Training MAE Angle: 0.2517911195755005		 Val MAE Angle: 0.22703521251678466
              Training MSE Angle: 0.1370048224925995		 Val MSE Angle: 0.13409230709075928
	      Training MAE Shift: 0.04075748845934868		 Val MAE Shift: 0.046831142902374265
              Training Euclidean Shift: 0.0635017454624176	 Val Euclidean Shift: 0.07344091534614564


Epoch 110/200: Training Loss: 0.1886696219444275		 Val Loss: 0.14425700902938843
	      Training MAE Angle: 0.2735578417778015		 Val MAE Angle: 0.22261247634887696
              Training MSE Angle: 0.1528698354959488		 Val MSE Angle: 0.11184349060058593
	      Training MAE Shift: 0.04477395489811897		 Val MAE Shift: 0.042093914747238156
              Training Euclidean Shift: 0.07019667327404022	 Val Euclidean Shift: 0.06542882323265076


Epoch 111/200: Training Loss: 0.1703719049692154		 Val Loss: 0.12753938436508178
	      Training MAE Angle: 0.2571273446083069		 Val MAE Angle: 0.22789318561553956
              Training MSE Angle: 0.13983763754367828		 Val MSE Angle: 0.10179810523986817
	      Training MAE Shift: 0.04074574634432793		 Val MAE Shift: 0.03777300715446472
              Training Euclidean Shift: 0.06401100009679794	 Val Euclidean Shift: 0.05971807837486267


Epoch 112/200: Training Loss: 0.15226879715919495		 Val Loss: 0.1647931933403015
	      Training MAE Angle: 0.24403555691242218		 Val MAE Angle: 0.24627201557159423
              Training MSE Angle: 0.12282323837280273		 Val MSE Angle: 0.1421424150466919
	      Training MAE Shift: 0.040701210498809814		 Val MAE Shift: 0.03621649444103241
              Training Euclidean Shift: 0.06368929892778397	 Val Euclidean Shift: 0.0563525378704071


Epoch 113/200: Training Loss: 0.15572725236415863		 Val Loss: 0.14882962703704833
	      Training MAE Angle: 0.2447197288274765		 Val MAE Angle: 0.23399083614349364
              Training MSE Angle: 0.12880656123161316		 Val MSE Angle: 0.12220916748046876
	      Training MAE Shift: 0.03907524794340134		 Val MAE Shift: 0.038570457696914674
              Training Euclidean Shift: 0.06125311926007271	 Val Euclidean Shift: 0.06088060140609741


Epoch 114/200: Training Loss: 0.18318843841552734		 Val Loss: 0.153255832195282
	      Training MAE Angle: 0.26374876499176025		 Val MAE Angle: 0.2401432514190674
              Training MSE Angle: 0.14487406611442566		 Val MSE Angle: 0.11968380212783813
	      Training MAE Shift: 0.04486943408846855		 Val MAE Shift: 0.04240515530109405
              Training Euclidean Shift: 0.07021396607160568	 Val Euclidean Shift: 0.06720187067985535


Epoch 115/200: Training Loss: 0.16414876282215118		 Val Loss: 0.1532065749168396
	      Training MAE Angle: 0.24544493854045868		 Val MAE Angle: 0.22327916622161864
              Training MSE Angle: 0.12881682813167572		 Val MSE Angle: 0.12243021726608276
	      Training MAE Shift: 0.042282309383153915		 Val MAE Shift: 0.03962235450744629
              Training Euclidean Shift: 0.06672918051481247	 Val Euclidean Shift: 0.06293425559997559


Epoch 116/200: Training Loss: 0.15749044716358185		 Val Loss: 0.15473674535751342
	      Training MAE Angle: 0.23643635213375092		 Val MAE Angle: 0.2415536880493164
              Training MSE Angle: 0.12586842477321625		 Val MSE Angle: 0.12648143768310546
	      Training MAE Shift: 0.04269576445221901		 Val MAE Shift: 0.040879860520362854
              Training Euclidean Shift: 0.06691285222768784	 Val Euclidean Shift: 0.06458975076675415


Epoch 117/200: Training Loss: 0.16862428188323975		 Val Loss: 0.1561852812767029
	      Training MAE Angle: 0.25530093908309937		 Val MAE Angle: 0.2398545503616333
              Training MSE Angle: 0.1388384848833084		 Val MSE Angle: 0.1284007430076599
	      Training MAE Shift: 0.04085294529795647		 Val MAE Shift: 0.038920161128044126
              Training Euclidean Shift: 0.0642971321940422	 Val Euclidean Shift: 0.061483532190322876


Epoch 118/200: Training Loss: 0.16213510930538177		 Val Loss: 0.15951205492019654
	      Training MAE Angle: 0.23660849034786224		 Val MAE Angle: 0.20859293937683104
              Training MSE Angle: 0.12481129914522171		 Val MSE Angle: 0.10495723485946655
	      Training MAE Shift: 0.04316923767328262		 Val MAE Shift: 0.056158697605133055
              Training Euclidean Shift: 0.06792490184307098	 Val Euclidean Shift: 0.08812203407287597


Epoch 119/200: Training Loss: 0.17764590680599213		 Val Loss: 0.1546897292137146
	      Training MAE Angle: 0.25518599152565		 Val MAE Angle: 0.23269853591918946
              Training MSE Angle: 0.13890378177165985		 Val MSE Angle: 0.12229055166244507
	      Training MAE Shift: 0.047196727246046066		 Val MAE Shift: 0.04421457052230835
              Training Euclidean Shift: 0.07414509356021881	 Val Euclidean Shift: 0.06974226832389832


Epoch 120/200: Training Loss: 0.16432181000709534		 Val Loss: 0.1622423768043518
	      Training MAE Angle: 0.24045389890670776		 Val MAE Angle: 0.23296446800231935
              Training MSE Angle: 0.13047264516353607		 Val MSE Angle: 0.13345392942428588
	      Training MAE Shift: 0.04395945370197296		 Val MAE Shift: 0.04001510143280029
              Training Euclidean Shift: 0.0691106989979744	 Val Euclidean Shift: 0.0632791519165039


Epoch 121/200: Training Loss: 0.17376196384429932		 Val Loss: 0.16476995944976808
	      Training MAE Angle: 0.2491869032382965		 Val MAE Angle: 0.2196296215057373
              Training MSE Angle: 0.14371836185455322		 Val MSE Angle: 0.12210617065429688
	      Training MAE Shift: 0.03934284672141075		 Val MAE Shift: 0.04813363254070282
              Training Euclidean Shift: 0.06190061569213867	 Val Euclidean Shift: 0.07591378688812256


Epoch 122/200: Training Loss: 0.15733785927295685		 Val Loss: 0.14457263946533203
	      Training MAE Angle: 0.2374548614025116		 Val MAE Angle: 0.20750410556793214
              Training MSE Angle: 0.12696148455142975		 Val MSE Angle: 0.11125099658966064
	      Training MAE Shift: 0.040447574108839035		 Val MAE Shift: 0.042627501487731936
              Training Euclidean Shift: 0.0636902004480362	 Val Euclidean Shift: 0.0671841025352478


Epoch 123/200: Training Loss: 0.1697441041469574		 Val Loss: 0.11981137990951538
	      Training MAE Angle: 0.25236886739730835		 Val MAE Angle: 0.2117990016937256
              Training MSE Angle: 0.1397727131843567		 Val MSE Angle: 0.09261667728424072
	      Training MAE Shift: 0.040112175047397614		 Val MAE Shift: 0.03806039094924927
              Training Euclidean Shift: 0.06311652809381485	 Val Euclidean Shift: 0.059209692478179934


Epoch 124/200: Training Loss: 0.1590375453233719		 Val Loss: 0.13563745021820067
	      Training MAE Angle: 0.24027933180332184		 Val MAE Angle: 0.2129667282104492
              Training MSE Angle: 0.13132722675800323		 Val MSE Angle: 0.10782333612442016
	      Training MAE Shift: 0.039162810891866684		 Val MAE Shift: 0.04039128720760345
              Training Euclidean Shift: 0.06132647395133972	 Val Euclidean Shift: 0.0635858416557312


Epoch 125/200: Training Loss: 0.16669394075870514		 Val Loss: 0.17727999687194823
	      Training MAE Angle: 0.25428155064582825		 Val MAE Angle: 0.25459842681884765
              Training MSE Angle: 0.13835828006267548		 Val MSE Angle: 0.14065511226654054
	      Training MAE Shift: 0.04019668325781822		 Val MAE Shift: 0.04491436779499054
              Training Euclidean Shift: 0.0632244274020195	 Val Euclidean Shift: 0.0696290135383606


Epoch 126/200: Training Loss: 0.15014982223510742		 Val Loss: 0.11583113670349121
	      Training MAE Angle: 0.23138552904129028		 Val MAE Angle: 0.20142390727996826
              Training MSE Angle: 0.11757542937994003		 Val MSE Angle: 0.09057589173316956
	      Training MAE Shift: 0.04238913953304291		 Val MAE Shift: 0.036619323492050174
              Training Euclidean Shift: 0.06690854579210281	 Val Euclidean Shift: 0.05784110426902771


Epoch 127/200: Training Loss: 0.16266930103302002		 Val Loss: 0.16755666732788085
	      Training MAE Angle: 0.2490444928407669		 Val MAE Angle: 0.2249148368835449
              Training MSE Angle: 0.13441704213619232		 Val MSE Angle: 0.131164288520813
	      Training MAE Shift: 0.040092453360557556		 Val MAE Shift: 0.046446102857589724
              Training Euclidean Shift: 0.06302779167890549	 Val Euclidean Shift: 0.07325054407119751


Epoch 128/200: Training Loss: 0.1493035852909088		 Val Loss: 0.17400078773498534
	      Training MAE Angle: 0.22850607335567474		 Val MAE Angle: 0.23896732330322265
              Training MSE Angle: 0.1213441714644432		 Val MSE Angle: 0.14383859634399415
	      Training MAE Shift: 0.03929844871163368		 Val MAE Shift: 0.0400963544845581
              Training Euclidean Shift: 0.06168080493807793	 Val Euclidean Shift: 0.06304097771644593


Epoch 129/200: Training Loss: 0.1886889636516571		 Val Loss: 0.4781289577484131
	      Training MAE Angle: 0.24180760979652405		 Val MAE Angle: 0.28821682929992676
              Training MSE Angle: 0.1303151696920395		 Val MSE Angle: 0.15234930515289308
	      Training MAE Shift: 0.0492798388004303		 Val MAE Shift: 0.13036031723022462
              Training Euclidean Shift: 0.07740488648414612	 Val Euclidean Shift: 0.20750949382781983


Epoch 130/200: Training Loss: 0.38459262251853943		 Val Loss: 0.21428217887878417
	      Training MAE Angle: 0.26859137415885925		 Val MAE Angle: 0.2337499141693115
              Training MSE Angle: 0.13705779612064362		 Val MSE Angle: 0.12836067676544188
	      Training MAE Shift: 0.11135796457529068		 Val MAE Shift: 0.07497259974479675
              Training Euclidean Shift: 0.17608299851417542	 Val Euclidean Shift: 0.11566400527954102


Epoch 131/200: Training Loss: 0.18504950404167175		 Val Loss: 0.1510655999183655
	      Training MAE Angle: 0.2491089403629303		 Val MAE Angle: 0.21131598949432373
              Training MSE Angle: 0.13327600061893463		 Val MSE Angle: 0.09419740438461303
	      Training MAE Shift: 0.05380452796816826		 Val MAE Shift: 0.05017937421798706
              Training Euclidean Shift: 0.08448967337608337	 Val Euclidean Shift: 0.07915552854537963


Epoch 132/200: Training Loss: 0.169242262840271		 Val Loss: 0.17848395109176635
	      Training MAE Angle: 0.25065866112709045		 Val MAE Angle: 0.24918816089630128
              Training MSE Angle: 0.13278473913669586		 Val MSE Angle: 0.138314688205719
	      Training MAE Shift: 0.04496384784579277		 Val MAE Shift: 0.04790093004703522
              Training Euclidean Shift: 0.07022255659103394	 Val Euclidean Shift: 0.07600284218788148


Epoch 133/200: Training Loss: 0.1556333750486374		 Val Loss: 0.14661380052566528
	      Training MAE Angle: 0.2352283000946045		 Val MAE Angle: 0.2072967529296875
              Training MSE Angle: 0.12130928784608841		 Val MSE Angle: 0.1106220006942749
	      Training MAE Shift: 0.04362718015909195		 Val MAE Shift: 0.045687490701675416
              Training Euclidean Shift: 0.06876324862241745	 Val Euclidean Shift: 0.07178321480751038


Epoch 134/200: Training Loss: 0.16327445209026337		 Val Loss: 0.15307397842407228
	      Training MAE Angle: 0.2389882206916809		 Val MAE Angle: 0.2129377841949463
              Training MSE Angle: 0.1306421160697937		 Val MSE Angle: 0.11132429838180542
	      Training MAE Shift: 0.04327869415283203		 Val MAE Shift: 0.0482607513666153
              Training Euclidean Shift: 0.06780150532722473	 Val Euclidean Shift: 0.07621092796325683


Epoch 135/200: Training Loss: 0.1378663182258606		 Val Loss: 0.1585394859313965
	      Training MAE Angle: 0.21972939372062683		 Val MAE Angle: 0.22639479637145996
              Training MSE Angle: 0.11197789758443832		 Val MSE Angle: 0.1277213215827942
	      Training MAE Shift: 0.03827952966094017		 Val MAE Shift: 0.039210724830627444
              Training Euclidean Shift: 0.06001019477844238	 Val Euclidean Shift: 0.06123918890953064


Epoch 136/200: Training Loss: 0.16599692404270172		 Val Loss: 0.13941147327423095
	      Training MAE Angle: 0.24770748615264893		 Val MAE Angle: 0.20220725536346434
              Training MSE Angle: 0.13569244742393494		 Val MSE Angle: 0.09944113492965698
	      Training MAE Shift: 0.041000209748744965		 Val MAE Shift: 0.046130198240280154
              Training Euclidean Shift: 0.06414563208818436	 Val Euclidean Shift: 0.07225993871688843


Epoch 137/200: Training Loss: 0.14731760323047638		 Val Loss: 0.15997745990753173
	      Training MAE Angle: 0.2275681048631668		 Val MAE Angle: 0.21652624607086182
              Training MSE Angle: 0.12106242030858994		 Val MSE Angle: 0.13643306493759155
	      Training MAE Shift: 0.037113528698682785		 Val MAE Shift: 0.03629159927368164
              Training Euclidean Shift: 0.05825458839535713	 Val Euclidean Shift: 0.05774143934249878


Epoch 138/200: Training Loss: 0.14391760528087616		 Val Loss: 0.16259055137634276
	      Training MAE Angle: 0.22526390850543976		 Val MAE Angle: 0.2331094741821289
              Training MSE Angle: 0.11787539720535278		 Val MSE Angle: 0.1391388177871704
	      Training MAE Shift: 0.037484850734472275		 Val MAE Shift: 0.03632016479969025
              Training Euclidean Shift: 0.058800481259822845	 Val Euclidean Shift: 0.057232463359832765


Epoch 139/200: Training Loss: 0.1288926750421524		 Val Loss: 0.13062028884887694
	      Training MAE Angle: 0.20777255296707153		 Val MAE Angle: 0.20949501991271974
              Training MSE Angle: 0.1058991327881813		 Val MSE Angle: 0.10562702417373657
	      Training MAE Shift: 0.03547530993819237		 Val MAE Shift: 0.03643568754196167
              Training Euclidean Shift: 0.05557089298963547	 Val Euclidean Shift: 0.05744835138320923


Epoch 140/200: Training Loss: 0.1494346559047699		 Val Loss: 0.12440165281295776
	      Training MAE Angle: 0.21986201405525208		 Val MAE Angle: 0.195313024520874
              Training MSE Angle: 0.12166021764278412		 Val MSE Angle: 0.09375725984573365
	      Training MAE Shift: 0.03898924961686134		 Val MAE Shift: 0.041719654202461244
              Training Euclidean Shift: 0.060856644064188004	 Val Euclidean Shift: 0.0654005765914917


Epoch 141/200: Training Loss: 0.1341543346643448		 Val Loss: 0.17396368980407714
	      Training MAE Angle: 0.22182083129882812		 Val MAE Angle: 0.2253333568572998
              Training MSE Angle: 0.11358431726694107		 Val MSE Angle: 0.14944562911987305
	      Training MAE Shift: 0.03431722894310951		 Val MAE Shift: 0.03644818961620331
              Training Euclidean Shift: 0.05362214148044586	 Val Euclidean Shift: 0.0572149395942688


step: Nan in img1
## TEST RESULTS: ##
Test Loss: 0.3221892714500427 
Test MAE Shift: 0.04919218271970749		 Test Euclidean Shift: 0.0774172842502594
Test MAE Angle: 0.4102843403816223		 Test MSE Angle: 0.26464545726776123

###########################################################################################################################################################

                         learning rate: 6e-05,  mlp_hidden_sizes: [1024, 512], batch_size: 32, norm: True, alpha: 10, avg embeddings: False, 
                        crop: 224 resize: 256, use conv: False pretrained: None, seed: 42, angle range: 90, shift range: 110, 
                        train length: 2048, val length: 320, test length: 320, get old path: False, embeddings to use: ['rotated_embeddings', 'original_embeddings', 'mul_embedding'],
                        use_cls: True


##### CONTINUE TRAINING #####

Epoch 142/200: Training Loss: 0.13657669723033905		 Val Loss: 0.14390254020690918
	      Training MAE Angle: 0.21165305376052856		 Val MAE Angle: 0.21304736137390137
              Training MSE Angle: 0.11075542867183685		 Val MSE Angle: 0.11665481328964233
	      Training MAE Shift: 0.03730562701821327		 Val MAE Shift: 0.038429814577102664
              Training Euclidean Shift: 0.05859343707561493	 Val Euclidean Shift: 0.06028702259063721


Epoch 143/200: Training Loss: 0.13990892469882965		 Val Loss: 0.12221150398254395
	      Training MAE Angle: 0.2222498506307602		 Val MAE Angle: 0.19802166223526002
              Training MSE Angle: 0.11477340012788773		 Val MSE Angle: 0.0935229480266571
	      Training MAE Shift: 0.03710538521409035		 Val MAE Shift: 0.03952934443950653
              Training Euclidean Shift: 0.05819890648126602	 Val Euclidean Shift: 0.062488365173339847


Epoch 144/200: Training Loss: 0.1471242755651474		 Val Loss: 0.1511443018913269
	      Training MAE Angle: 0.22330230474472046		 Val MAE Angle: 0.21907393932342528
              Training MSE Angle: 0.11596013605594635		 Val MSE Angle: 0.12295705080032349
	      Training MAE Shift: 0.04113117605447769		 Val MAE Shift: 0.03896692395210266
              Training Euclidean Shift: 0.06462983042001724	 Val Euclidean Shift: 0.06117016077041626


Epoch 145/200: Training Loss: 0.1590600609779358		 Val Loss: 0.13348042964935303
	      Training MAE Angle: 0.23938190937042236		 Val MAE Angle: 0.20676126480102539
              Training MSE Angle: 0.13222160935401917		 Val MSE Angle: 0.10259963274002075
	      Training MAE Shift: 0.03882725536823273		 Val MAE Shift: 0.040304449200630185
              Training Euclidean Shift: 0.06075471639633179	 Val Euclidean Shift: 0.06283509135246276


Epoch 146/200: Training Loss: 0.14262856543064117		 Val Loss: 0.1308169722557068
	      Training MAE Angle: 0.22923848032951355		 Val MAE Angle: 0.21051697731018065
              Training MSE Angle: 0.11821693927049637		 Val MSE Angle: 0.10276594161987304
	      Training MAE Shift: 0.03668161481618881		 Val MAE Shift: 0.039015018939971925
              Training Euclidean Shift: 0.05751006305217743	 Val Euclidean Shift: 0.06163157224655151


Epoch 147/200: Training Loss: 0.1465229094028473		 Val Loss: 0.1846620798110962
	      Training MAE Angle: 0.2233327478170395		 Val MAE Angle: 0.23472230434417723
              Training MSE Angle: 0.12186692655086517		 Val MSE Angle: 0.15922768115997316
	      Training MAE Shift: 0.03645176813006401		 Val MAE Shift: 0.03915958404541016
              Training Euclidean Shift: 0.05704524368047714	 Val Euclidean Shift: 0.06065976619720459


Epoch 148/200: Training Loss: 0.14378803968429565		 Val Loss: 0.12958011627197266
	      Training MAE Angle: 0.22206194698810577		 Val MAE Angle: 0.2172724723815918
              Training MSE Angle: 0.11969836056232452		 Val MSE Angle: 0.10214191675186157
	      Training MAE Shift: 0.036519840359687805		 Val MAE Shift: 0.03821181952953338
              Training Euclidean Shift: 0.057291142642498016	 Val Euclidean Shift: 0.06005970239639282


Epoch 149/200: Training Loss: 0.1419859379529953		 Val Loss: 0.165530264377594
	      Training MAE Angle: 0.22355762124061584		 Val MAE Angle: 0.2557424545288086
              Training MSE Angle: 0.1176816001534462		 Val MSE Angle: 0.13847744464874268
	      Training MAE Shift: 0.03757292032241821		 Val MAE Shift: 0.03866694271564484
              Training Euclidean Shift: 0.05888013914227486	 Val Euclidean Shift: 0.06026976108551026


Epoch 150/200: Training Loss: 0.14107763767242432		 Val Loss: 0.12338248491287232
	      Training MAE Angle: 0.22813451290130615		 Val MAE Angle: 0.20040829181671144
              Training MSE Angle: 0.11802557110786438		 Val MSE Angle: 0.09785761833190917
	      Training MAE Shift: 0.035440243780612946		 Val MAE Shift: 0.036230990290641786
              Training Euclidean Shift: 0.05575175583362579	 Val Euclidean Shift: 0.056946128606796265


Epoch 151/200: Training Loss: 0.1316019743680954		 Val Loss: 0.1309448480606079
	      Training MAE Angle: 0.21311788260936737		 Val MAE Angle: 0.19507814645767213
              Training MSE Angle: 0.1089622899889946		 Val MSE Angle: 0.10301855802536011
	      Training MAE Shift: 0.03517143428325653		 Val MAE Shift: 0.03868847489356995
              Training Euclidean Shift: 0.05503902956843376	 Val Euclidean Shift: 0.06011845469474793


Epoch 152/200: Training Loss: 0.14805398881435394		 Val Loss: 0.12525596618652343
	      Training MAE Angle: 0.227505162358284		 Val MAE Angle: 0.19287930727005004
              Training MSE Angle: 0.12493735551834106		 Val MSE Angle: 0.09720901250839234
	      Training MAE Shift: 0.03642621263861656		 Val MAE Shift: 0.038760331273078916
              Training Euclidean Shift: 0.05683155730366707	 Val Euclidean Shift: 0.061241692304611205


Epoch 153/200: Training Loss: 0.14111721515655518		 Val Loss: 0.15136494636535644
	      Training MAE Angle: 0.21579906344413757		 Val MAE Angle: 0.22655191421508789
              Training MSE Angle: 0.11656130850315094		 Val MSE Angle: 0.12338176965713502
	      Training MAE Shift: 0.03629693016409874		 Val MAE Shift: 0.03731301426887512
              Training Euclidean Shift: 0.05697439983487129	 Val Euclidean Shift: 0.059028846025466916


Epoch 154/200: Training Loss: 0.13738515973091125		 Val Loss: 0.12854790687561035
	      Training MAE Angle: 0.21946415305137634		 Val MAE Angle: 0.2042008638381958
              Training MSE Angle: 0.11146502196788788		 Val MSE Angle: 0.09786792993545532
	      Training MAE Shift: 0.036939263343811035		 Val MAE Shift: 0.037315502762794495
              Training Euclidean Shift: 0.057865966111421585	 Val Euclidean Shift: 0.05756319165229797


Epoch 155/200: Training Loss: 0.13589784502983093		 Val Loss: 0.1514230489730835
	      Training MAE Angle: 0.2156953364610672		 Val MAE Angle: 0.22968239784240724
              Training MSE Angle: 0.11311507225036621		 Val MSE Angle: 0.12941421270370485
	      Training MAE Shift: 0.035765793174505234		 Val MAE Shift: 0.03446814119815826
              Training Euclidean Shift: 0.0561850368976593	 Val Euclidean Shift: 0.053820788860321045


Epoch 156/200: Training Loss: 0.140018492937088		 Val Loss: 0.13600683212280273
	      Training MAE Angle: 0.21773727238178253		 Val MAE Angle: 0.19964004755020143
              Training MSE Angle: 0.11430176347494125		 Val MSE Angle: 0.10196017026901245
	      Training MAE Shift: 0.03819229081273079		 Val MAE Shift: 0.04551816284656525
              Training Euclidean Shift: 0.05987481027841568	 Val Euclidean Shift: 0.07123467326164246


Epoch 157/200: Training Loss: 0.15336161851882935		 Val Loss: 0.1505070924758911
	      Training MAE Angle: 0.2317240834236145		 Val MAE Angle: 0.24718887805938722
              Training MSE Angle: 0.12558068335056305		 Val MSE Angle: 0.12352676391601562
	      Training MAE Shift: 0.03915839642286301		 Val MAE Shift: 0.039500254392623904
              Training Euclidean Shift: 0.06128811091184616	 Val Euclidean Shift: 0.06205319166183472


Epoch 158/200: Training Loss: 0.14842478930950165		 Val Loss: 0.13214614391326904
	      Training MAE Angle: 0.22141118347644806		 Val MAE Angle: 0.2003478527069092
              Training MSE Angle: 0.11591996252536774		 Val MSE Angle: 0.10348718166351319
	      Training MAE Shift: 0.041416797786951065		 Val MAE Shift: 0.03920176923274994
              Training Euclidean Shift: 0.06489372253417969	 Val Euclidean Shift: 0.06199080944061279


Epoch 159/200: Training Loss: 0.1521543264389038		 Val Loss: 0.12921923398971558
	      Training MAE Angle: 0.22606512904167175		 Val MAE Angle: 0.22298591136932372
              Training MSE Angle: 0.12568046152591705		 Val MSE Angle: 0.10530977249145508
	      Training MAE Shift: 0.03825823590159416		 Val MAE Shift: 0.035534992814064026
              Training Euclidean Shift: 0.059666652232408524	 Val Euclidean Shift: 0.05603223443031311


Epoch 160/200: Training Loss: 0.13216359913349152		 Val Loss: 0.1431593894958496
	      Training MAE Angle: 0.20933426916599274		 Val MAE Angle: 0.21295313835144042
              Training MSE Angle: 0.10817930847406387		 Val MSE Angle: 0.11280075311660767
	      Training MAE Shift: 0.035665009170770645		 Val MAE Shift: 0.039059373736381534
              Training Euclidean Shift: 0.05599360913038254	 Val Euclidean Shift: 0.06155756711959839


Epoch 161/200: Training Loss: 0.14591583609580994		 Val Loss: 0.1319514274597168
	      Training MAE Angle: 0.22923246026039124		 Val MAE Angle: 0.21080482006072998
              Training MSE Angle: 0.12130925059318542		 Val MSE Angle: 0.10720677375793457
	      Training MAE Shift: 0.03666416555643082		 Val MAE Shift: 0.035884028673171996
              Training Euclidean Shift: 0.05760341137647629	 Val Euclidean Shift: 0.05682176351547241


Epoch 162/200: Training Loss: 0.12009374797344208		 Val Loss: 0.1291019558906555
	      Training MAE Angle: 0.19964976608753204		 Val MAE Angle: 0.18804889917373657
              Training MSE Angle: 0.09797896444797516		 Val MSE Angle: 0.09725852012634277
	      Training MAE Shift: 0.03520772606134415		 Val MAE Shift: 0.04264289140701294
              Training Euclidean Shift: 0.055210527032613754	 Val Euclidean Shift: 0.06701138019561767


Epoch 163/200: Training Loss: 0.1314784586429596		 Val Loss: 0.16024571657180786
	      Training MAE Angle: 0.2081371247768402		 Val MAE Angle: 0.21866977214813232
              Training MSE Angle: 0.10947643220424652		 Val MSE Angle: 0.13572818040847778
	      Training MAE Shift: 0.03525054082274437		 Val MAE Shift: 0.03564309775829315
              Training Euclidean Shift: 0.05516250059008598	 Val Euclidean Shift: 0.055776530504226686


Epoch 164/200: Training Loss: 0.1390083134174347		 Val Loss: 0.13500989675521852
	      Training MAE Angle: 0.21897830069065094		 Val MAE Angle: 0.20990612506866455
              Training MSE Angle: 0.11457893997430801		 Val MSE Angle: 0.11347427368164062
	      Training MAE Shift: 0.03781396895647049		 Val MAE Shift: 0.033670666813850406
              Training Euclidean Shift: 0.059357285499572754	 Val Euclidean Shift: 0.05339794754981995


Epoch 165/200: Training Loss: 0.12327615171670914		 Val Loss: 0.14078584909439087
	      Training MAE Angle: 0.2007414698600769		 Val MAE Angle: 0.21191625595092772
              Training MSE Angle: 0.10127879679203033		 Val MSE Angle: 0.11834180355072021
	      Training MAE Shift: 0.03478386998176575		 Val MAE Shift: 0.034923264384269716
              Training Euclidean Shift: 0.054413385689258575	 Val Euclidean Shift: 0.054882985353469846


Epoch 166/200: Training Loss: 0.12987686693668365		 Val Loss: 0.11523745059967042
	      Training MAE Angle: 0.2035619467496872		 Val MAE Angle: 0.18107190132141113
              Training MSE Angle: 0.10482214391231537		 Val MSE Angle: 0.0844713270664215
	      Training MAE Shift: 0.036886781454086304		 Val MAE Shift: 0.03846909999847412
              Training Euclidean Shift: 0.05777035281062126	 Val Euclidean Shift: 0.06049044132232666


Epoch 167/200: Training Loss: 0.14258718490600586		 Val Loss: 0.1306482195854187
	      Training MAE Angle: 0.21488019824028015		 Val MAE Angle: 0.18927595615386963
              Training MSE Angle: 0.1170441210269928		 Val MSE Angle: 0.10799903869628906
	      Training MAE Shift: 0.03640378639101982		 Val MAE Shift: 0.03726978302001953
              Training Euclidean Shift: 0.057007916271686554	 Val Euclidean Shift: 0.05813832283020019


Epoch 168/200: Training Loss: 0.14065837860107422		 Val Loss: 0.14187312126159668
	      Training MAE Angle: 0.22218742966651917		 Val MAE Angle: 0.20577070713043213
              Training MSE Angle: 0.11761752516031265		 Val MSE Angle: 0.10595885515213013
	      Training MAE Shift: 0.03596704453229904		 Val MAE Shift: 0.03940719962120056
              Training Euclidean Shift: 0.05641007050871849	 Val Euclidean Shift: 0.06197344660758972


Epoch 169/200: Training Loss: 0.13544422388076782		 Val Loss: 0.10548579692840576
	      Training MAE Angle: 0.21999850869178772		 Val MAE Angle: 0.18769766092300416
              Training MSE Angle: 0.11163836717605591		 Val MSE Angle: 0.08458240628242493
	      Training MAE Shift: 0.03489436209201813		 Val MAE Shift: 0.03466022908687592
              Training Euclidean Shift: 0.054828424006700516	 Val Euclidean Shift: 0.05384154319763183


Epoch 170/200: Training Loss: 0.12607301771640778		 Val Loss: 0.14574145078659057
	      Training MAE Angle: 0.20561127364635468		 Val MAE Angle: 0.20923056602478027
              Training MSE Angle: 0.10361684858798981		 Val MSE Angle: 0.12215151786804199
	      Training MAE Shift: 0.03576935455203056		 Val MAE Shift: 0.03594652414321899
              Training Euclidean Shift: 0.05595613643527031	 Val Euclidean Shift: 0.056891119480133055


Epoch 171/200: Training Loss: 0.12379375845193863		 Val Loss: 0.11515144109725953
	      Training MAE Angle: 0.2010047435760498		 Val MAE Angle: 0.20161118507385253
              Training MSE Angle: 0.10101066529750824		 Val MSE Angle: 0.09312998056411743
	      Training MAE Shift: 0.03610246628522873		 Val MAE Shift: 0.03351127505302429
              Training Euclidean Shift: 0.05692824348807335	 Val Euclidean Shift: 0.052561885118484496


Epoch 172/200: Training Loss: 0.13418638706207275		 Val Loss: 0.1277996301651001
	      Training MAE Angle: 0.21144689619541168		 Val MAE Angle: 0.19947208166122438
              Training MSE Angle: 0.11071527749300003		 Val MSE Angle: 0.10008348226547241
	      Training MAE Shift: 0.036734502762556076		 Val MAE Shift: 0.03886018395423889
              Training Euclidean Shift: 0.05760479345917702	 Val Euclidean Shift: 0.06083073616027832


Epoch 173/200: Training Loss: 0.128076434135437		 Val Loss: 0.12818481922149658
	      Training MAE Angle: 0.20706617832183838		 Val MAE Angle: 0.1928310513496399
              Training MSE Angle: 0.10644391924142838		 Val MSE Angle: 0.10480036735534667
	      Training MAE Shift: 0.03460495546460152		 Val MAE Shift: 0.03609066605567932
              Training Euclidean Shift: 0.054464150220155716	 Val Euclidean Shift: 0.057270920276641844


Epoch 174/200: Training Loss: 0.12609151005744934		 Val Loss: 0.1280840516090393
	      Training MAE Angle: 0.20431220531463623		 Val MAE Angle: 0.18066542148590087
              Training MSE Angle: 0.10231612622737885		 Val MSE Angle: 0.09658263921737671
	      Training MAE Shift: 0.03685462474822998		 Val MAE Shift: 0.037461063265800475
              Training Euclidean Shift: 0.057633303105831146	 Val Euclidean Shift: 0.05927388072013855


Epoch 175/200: Training Loss: 0.1316382884979248		 Val Loss: 0.12164785861968994
	      Training MAE Angle: 0.20016367733478546		 Val MAE Angle: 0.18419902324676513
              Training MSE Angle: 0.10334741324186325		 Val MSE Angle: 0.09502713680267334
	      Training MAE Shift: 0.037658609449863434		 Val MAE Shift: 0.0406606525182724
              Training Euclidean Shift: 0.05918241664767265	 Val Euclidean Shift: 0.06290127635002137


Epoch 176/200: Training Loss: 0.12766440212726593		 Val Loss: 0.10810596942901611
	      Training MAE Angle: 0.20800937712192535		 Val MAE Angle: 0.17500823736190796
              Training MSE Angle: 0.10406774282455444		 Val MSE Angle: 0.07567954659461976
	      Training MAE Shift: 0.03618151322007179		 Val MAE Shift: 0.04008112847805023
              Training Euclidean Shift: 0.05704233795404434	 Val Euclidean Shift: 0.06285492777824402


Epoch 177/200: Training Loss: 0.13484959304332733		 Val Loss: 0.19446327686309814
	      Training MAE Angle: 0.20036926865577698		 Val MAE Angle: 0.22014145851135253
              Training MSE Angle: 0.10497083514928818		 Val MSE Angle: 0.11760139465332031
	      Training MAE Shift: 0.038539495319128036		 Val MAE Shift: 0.056987106800079346
              Training Euclidean Shift: 0.06032878905534744	 Val Euclidean Shift: 0.08977032899856567


Epoch 178/200: Training Loss: 0.14674949645996094		 Val Loss: 0.1492000937461853
	      Training MAE Angle: 0.2172795534133911		 Val MAE Angle: 0.21448249816894532
              Training MSE Angle: 0.11505050212144852		 Val MSE Angle: 0.10864490270614624
	      Training MAE Shift: 0.0421447679400444		 Val MAE Shift: 0.05005943775177002
              Training Euclidean Shift: 0.06597205996513367	 Val Euclidean Shift: 0.0775747001171112


Epoch 179/200: Training Loss: 0.1305040419101715		 Val Loss: 0.13847944736480713
	      Training MAE Angle: 0.20000217854976654		 Val MAE Angle: 0.20397400856018066
              Training MSE Angle: 0.10388858616352081		 Val MSE Angle: 0.11231752634048461
	      Training MAE Shift: 0.0388224832713604		 Val MAE Shift: 0.03531768321990967
              Training Euclidean Shift: 0.06077535077929497	 Val Euclidean Shift: 0.05636518001556397


Epoch 180/200: Training Loss: 0.13075678050518036		 Val Loss: 0.14918526411056518
	      Training MAE Angle: 0.20508332550525665		 Val MAE Angle: 0.22074732780456544
              Training MSE Angle: 0.10583694279193878		 Val MSE Angle: 0.12339587211608886
	      Training MAE Shift: 0.03615742549300194		 Val MAE Shift: 0.03598151206970215
              Training Euclidean Shift: 0.05679086968302727	 Val Euclidean Shift: 0.0566199004650116


Epoch 181/200: Training Loss: 0.1326531171798706		 Val Loss: 0.1467112421989441
	      Training MAE Angle: 0.2097865641117096		 Val MAE Angle: 0.21777839660644532
              Training MSE Angle: 0.10839571058750153		 Val MSE Angle: 0.1141434669494629
	      Training MAE Shift: 0.036645855754613876		 Val MAE Shift: 0.04099894762039184
              Training Euclidean Shift: 0.057568956166505814	 Val Euclidean Shift: 0.064982670545578


Epoch 182/200: Training Loss: 0.1281760334968567		 Val Loss: 0.1510239601135254
	      Training MAE Angle: 0.2034602016210556		 Val MAE Angle: 0.21721062660217286
              Training MSE Angle: 0.10478527843952179		 Val MSE Angle: 0.12705976963043214
	      Training MAE Shift: 0.036369018256664276		 Val MAE Shift: 0.03636250197887421
              Training Euclidean Shift: 0.057196926325559616	 Val Euclidean Shift: 0.057826942205429076


Epoch 183/200: Training Loss: 0.1190197616815567		 Val Loss: 0.11395151615142822
	      Training MAE Angle: 0.1903783529996872		 Val MAE Angle: 0.1860048532485962
              Training MSE Angle: 0.09667329490184784		 Val MSE Angle: 0.0875727355480194
	      Training MAE Shift: 0.03498261049389839		 Val MAE Shift: 0.03775754868984223
              Training Euclidean Shift: 0.05504907667636871	 Val Euclidean Shift: 0.05894816517829895


Epoch 184/200: Training Loss: 0.1129450798034668		 Val Loss: 0.11909722089767456
	      Training MAE Angle: 0.18401765823364258		 Val MAE Angle: 0.18282103538513184
              Training MSE Angle: 0.090230293571949		 Val MSE Angle: 0.09739860296249389
	      Training MAE Shift: 0.034877438098192215		 Val MAE Shift: 0.033057332038879395
              Training Euclidean Shift: 0.05465441942214966	 Val Euclidean Shift: 0.051709747314453124


Epoch 185/200: Training Loss: 0.1279531717300415		 Val Loss: 0.1161192536354065
	      Training MAE Angle: 0.20185938477516174		 Val MAE Angle: 0.19019361734390258
              Training MSE Angle: 0.10296297073364258		 Val MSE Angle: 0.07802090048789978
	      Training MAE Shift: 0.03593146800994873		 Val MAE Shift: 0.03619680106639862
              Training Euclidean Shift: 0.05608130991458893	 Val Euclidean Shift: 0.057526952028274535


Epoch 186/200: Training Loss: 0.13725735247135162		 Val Loss: 0.18356276750564576
	      Training MAE Angle: 0.2126733958721161		 Val MAE Angle: 0.21725270748138428
              Training MSE Angle: 0.11334899812936783		 Val MSE Angle: 0.140459144115448
	      Training MAE Shift: 0.036685217171907425		 Val MAE Shift: 0.05025943517684937
              Training Euclidean Shift: 0.057356324046850204	 Val Euclidean Shift: 0.07885894775390626


Epoch 187/200: Training Loss: 0.14609642326831818		 Val Loss: 0.13086618185043336
	      Training MAE Angle: 0.21867653727531433		 Val MAE Angle: 0.19755735397338867
              Training MSE Angle: 0.11893995106220245		 Val MSE Angle: 0.10827878713607789
	      Training MAE Shift: 0.038428694009780884		 Val MAE Shift: 0.0353246808052063
              Training Euclidean Shift: 0.06034639850258827	 Val Euclidean Shift: 0.05553223490715027


Epoch 188/200: Training Loss: 0.1388542205095291		 Val Loss: 0.16194682121276854
	      Training MAE Angle: 0.20878002047538757		 Val MAE Angle: 0.23150475025177003
              Training MSE Angle: 0.11245204508304596		 Val MSE Angle: 0.13370163440704347
	      Training MAE Shift: 0.03866046667098999		 Val MAE Shift: 0.040917792916297914
              Training Euclidean Shift: 0.060670435428619385	 Val Euclidean Shift: 0.06428840160369872


Epoch 189/200: Training Loss: 0.13733918964862823		 Val Loss: 0.15316557884216309
	      Training MAE Angle: 0.21113964915275574		 Val MAE Angle: 0.21383869647979736
              Training MSE Angle: 0.10872789472341537		 Val MSE Angle: 0.12038055658340455
	      Training MAE Shift: 0.038165315985679626		 Val MAE Shift: 0.039436185359954835
              Training Euclidean Shift: 0.05967920273542404	 Val Euclidean Shift: 0.06260160207748414


Epoch 190/200: Training Loss: 0.12621784210205078		 Val Loss: 0.17815847396850587
	      Training MAE Angle: 0.19583094120025635		 Val MAE Angle: 0.2292346477508545
              Training MSE Angle: 0.1020599827170372		 Val MSE Angle: 0.14064699411392212
	      Training MAE Shift: 0.035984113812446594		 Val MAE Shift: 0.04753938317298889
              Training Euclidean Shift: 0.0567370168864727	 Val Euclidean Shift: 0.07442620396614075


Epoch 191/200: Training Loss: 0.14973081648349762		 Val Loss: 0.14206390380859374
	      Training MAE Angle: 0.2137048840522766		 Val MAE Angle: 0.2081059455871582
              Training MSE Angle: 0.11453890055418015		 Val MSE Angle: 0.10652133226394653
	      Training MAE Shift: 0.04107726737856865		 Val MAE Shift: 0.04472463130950928
              Training Euclidean Shift: 0.06438294053077698	 Val Euclidean Shift: 0.06895950436592102


Epoch 192/200: Training Loss: 0.13873429596424103		 Val Loss: 0.12053780555725098
	      Training MAE Angle: 0.21015916764736176		 Val MAE Angle: 0.19124743938446045
              Training MSE Angle: 0.11157378554344177		 Val MSE Angle: 0.09634937644004822
	      Training MAE Shift: 0.039524007588624954		 Val MAE Shift: 0.0385257750749588
              Training Euclidean Shift: 0.06212537735700607	 Val Euclidean Shift: 0.060567927360534665


Epoch 193/200: Training Loss: 0.12065217643976212		 Val Loss: 0.12826149463653563
	      Training MAE Angle: 0.19260895252227783		 Val MAE Angle: 0.18555567264556885
              Training MSE Angle: 0.09811493009328842		 Val MSE Angle: 0.10615133047103882
	      Training MAE Shift: 0.03523100167512894		 Val MAE Shift: 0.03275215327739715
              Training Euclidean Shift: 0.05521666631102562	 Val Euclidean Shift: 0.05199207663536072


Epoch 194/200: Training Loss: 0.12039391696453094		 Val Loss: 0.11954731941223144
	      Training MAE Angle: 0.19868464767932892		 Val MAE Angle: 0.18847837448120117
              Training MSE Angle: 0.09848764538764954		 Val MSE Angle: 0.09540318846702575
	      Training MAE Shift: 0.034309614449739456		 Val MAE Shift: 0.03752890825271606
              Training Euclidean Shift: 0.053694091737270355	 Val Euclidean Shift: 0.05874496102333069


Epoch 195/200: Training Loss: 0.12318352609872818		 Val Loss: 0.13694729804992675
	      Training MAE Angle: 0.19867533445358276		 Val MAE Angle: 0.18758039474487304
              Training MSE Angle: 0.10231775045394897		 Val MSE Angle: 0.11571089029312134
	      Training MAE Shift: 0.034240495413541794		 Val MAE Shift: 0.033864477276802064
              Training Euclidean Shift: 0.053984470665454865	 Val Euclidean Shift: 0.05345446467399597


Epoch 196/200: Training Loss: 0.11922232061624527		 Val Loss: 0.12414313554763794
	      Training MAE Angle: 0.19199228286743164		 Val MAE Angle: 0.18428071737289428
              Training MSE Angle: 0.09946481883525848		 Val MSE Angle: 0.09677894711494446
	      Training MAE Shift: 0.033597782254219055		 Val MAE Shift: 0.0377398818731308
              Training Euclidean Shift: 0.05269738659262657	 Val Euclidean Shift: 0.05878558158874512


Epoch 197/200: Training Loss: 0.11963675171136856		 Val Loss: 0.10891294479370117
	      Training MAE Angle: 0.18993619084358215		 Val MAE Angle: 0.19200751781463624
              Training MSE Angle: 0.09238354861736298		 Val MSE Angle: 0.08574466705322266
	      Training MAE Shift: 0.03731551021337509		 Val MAE Shift: 0.036914440989494327
              Training Euclidean Shift: 0.05863673612475395	 Val Euclidean Shift: 0.05795699954032898


Epoch 198/200: Training Loss: 0.12924499809741974		 Val Loss: 0.14767379760742189
	      Training MAE Angle: 0.20274618268013		 Val MAE Angle: 0.20459587574005128
              Training MSE Angle: 0.10637533664703369		 Val MSE Angle: 0.12435935735702515
	      Training MAE Shift: 0.03559885174036026		 Val MAE Shift: 0.03736695945262909
              Training Euclidean Shift: 0.05581846460700035	 Val Euclidean Shift: 0.058274108171463015


Epoch 199/200: Training Loss: 0.13046252727508545		 Val Loss: 0.11653510332107545
	      Training MAE Angle: 0.2034645974636078		 Val MAE Angle: 0.17200238704681398
              Training MSE Angle: 0.10528922826051712		 Val MSE Angle: 0.0886110782623291
	      Training MAE Shift: 0.03707048296928406		 Val MAE Shift: 0.03878974616527557
              Training Euclidean Shift: 0.058371223509311676	 Val Euclidean Shift: 0.0611801028251648


Epoch 200/200: Training Loss: 0.12741033732891083		 Val Loss: 0.15680959224700927
	      Training MAE Angle: 0.19414931535720825		 Val MAE Angle: 0.2074657201766968
              Training MSE Angle: 0.10293737053871155		 Val MSE Angle: 0.11456937789916992
	      Training MAE Shift: 0.03716282546520233		 Val MAE Shift: 0.050308865308761594
              Training Euclidean Shift: 0.05820447951555252	 Val Euclidean Shift: 0.07847920060157776


## TEST RESULTS: ##
Test Loss: 0.23629672825336456 
Test MAE Shift: 0.050650209188461304		 Test Euclidean Shift: 0.07968319952487946
Test MAE Angle: 0.3303438723087311		 Test MSE Angle: 0.18615472316741943

