###########################################################################################################################################################

                         learning rate: 6e-05,  mlp_hidden_sizes: [1024, 512], batch_size: 32, norm: True, alpha: 10, avg embeddings: False, 
                        crop: 224 resize: 256, use conv: False pretrained: None, seed: 42, angle range: 90, shift range: 110, 
                        train length: 2048, val length: 320, test length: 320, get old path: False, embeddings to use: ['rotated_embeddings', 'original_embeddings'],
                        use_cls: True


Epoch 1/200: Training Loss: 3.686375617980957		 Val Loss: 3.8379634857177733
	      Training MAE Angle: 0.5041066408157349		 Val MAE Angle: 0.4972514629364014
              Training MSE Angle: 0.33342838287353516		 Val MSE Angle: 0.3244528532028198
	      Training MAE Shift: 0.5002857446670532		 Val MAE Shift: 0.5143439769744873
              Training Euclidean Shift: 0.767331600189209	 Val Euclidean Shift: 0.7924317836761474


Epoch 2/200: Training Loss: 3.2691102027893066		 Val Loss: 2.660944366455078
	      Training MAE Angle: 0.48497238755226135		 Val MAE Angle: 0.4999781608581543
              Training MSE Angle: 0.31948310136795044		 Val MSE Angle: 0.3380391597747803
	      Training MAE Shift: 0.459423691034317		 Val MAE Shift: 0.4016533851623535
              Training Euclidean Shift: 0.7070996165275574	 Val Euclidean Shift: 0.6230885028839112


Epoch 3/200: Training Loss: 2.4764678478240967		 Val Loss: 2.500975799560547
	      Training MAE Angle: 0.48926979303359985		 Val MAE Angle: 0.511837387084961
              Training MSE Angle: 0.32059401273727417		 Val MSE Angle: 0.33926565647125245
	      Training MAE Shift: 0.3755999803543091		 Val MAE Shift: 0.37159621715545654
              Training Euclidean Shift: 0.587468147277832	 Val Euclidean Shift: 0.5913851261138916


Epoch 4/200: Training Loss: 2.299868583679199		 Val Loss: 2.558334732055664
	      Training MAE Angle: 0.514748215675354		 Val MAE Angle: 0.4968963623046875
              Training MSE Angle: 0.34680357575416565		 Val MSE Angle: 0.32898008823394775
	      Training MAE Shift: 0.34673139452934265		 Val MAE Shift: 0.38189311027526857
              Training Euclidean Shift: 0.554916501045227	 Val Euclidean Shift: 0.6048104763031006


Epoch 5/200: Training Loss: 2.2338109016418457		 Val Loss: 2.1494184494018556
	      Training MAE Angle: 0.5008992552757263		 Val MAE Angle: 0.5421844005584717
              Training MSE Angle: 0.3341149389743805		 Val MSE Angle: 0.3830005645751953
	      Training MAE Shift: 0.34232598543167114		 Val MAE Shift: 0.326578950881958
              Training Euclidean Shift: 0.5461742281913757	 Val Euclidean Shift: 0.5231160163879395


Epoch 6/200: Training Loss: 2.330970048904419		 Val Loss: 2.344755172729492
	      Training MAE Angle: 0.49792447686195374		 Val MAE Angle: 0.5100360870361328
              Training MSE Angle: 0.329077810049057		 Val MSE Angle: 0.34555003643035886
	      Training MAE Shift: 0.3543914258480072		 Val MAE Shift: 0.35335872173309324
              Training Euclidean Shift: 0.5642273426055908	 Val Euclidean Shift: 0.5651163101196289


Epoch 7/200: Training Loss: 2.0720739364624023		 Val Loss: 2.0823097229003906
	      Training MAE Angle: 0.5060784816741943		 Val MAE Angle: 0.5252667427062988
              Training MSE Angle: 0.3395737409591675		 Val MSE Angle: 0.3610989093780518
	      Training MAE Shift: 0.3211544454097748		 Val MAE Shift: 0.32893459796905516
              Training Euclidean Shift: 0.517436146736145	 Val Euclidean Shift: 0.5240462303161622


Epoch 8/200: Training Loss: 1.6647179126739502		 Val Loss: 1.09205961227417
	      Training MAE Angle: 0.5078170895576477		 Val MAE Angle: 0.5007235527038574
              Training MSE Angle: 0.3407997190952301		 Val MSE Angle: 0.33607187271118166
	      Training MAE Shift: 0.2825552821159363		 Val MAE Shift: 0.20532758235931398
              Training Euclidean Shift: 0.44698071479797363	 Val Euclidean Shift: 0.32415454387664794


Epoch 9/200: Training Loss: 0.7754700183868408		 Val Loss: 0.5587540626525879
	      Training MAE Angle: 0.5038240551948547		 Val MAE Angle: 0.5078137397766114
              Training MSE Angle: 0.33771276473999023		 Val MSE Angle: 0.3411665201187134
	      Training MAE Shift: 0.15833087265491486		 Val MAE Shift: 0.10930852890014649
              Training Euclidean Shift: 0.24860286712646484	 Val Euclidean Shift: 0.17291253805160522


Epoch 10/200: Training Loss: 0.547512948513031		 Val Loss: 0.47240638732910156
	      Training MAE Angle: 0.49207109212875366		 Val MAE Angle: 0.5124005794525146
              Training MSE Angle: 0.32894471287727356		 Val MSE Angle: 0.3452386140823364
	      Training MAE Shift: 0.10974173247814178		 Val MAE Shift: 0.08542138338088989
              Training Euclidean Shift: 0.17285223305225372	 Val Euclidean Shift: 0.13538753986358643


Epoch 11/200: Training Loss: 0.5302385091781616		 Val Loss: 0.46863460540771484
	      Training MAE Angle: 0.49320685863494873		 Val MAE Angle: 0.5013680934906006
              Training MSE Angle: 0.32714805006980896		 Val MSE Angle: 0.3347069978713989
	      Training MAE Shift: 0.10646098107099533		 Val MAE Shift: 0.08973566293716431
              Training Euclidean Shift: 0.167399600148201	 Val Euclidean Shift: 0.14179452657699584


Epoch 12/200: Training Loss: 0.47848939895629883		 Val Loss: 0.5191643714904786
	      Training MAE Angle: 0.504818320274353		 Val MAE Angle: 0.5181746482849121
              Training MSE Angle: 0.3408885598182678		 Val MSE Angle: 0.3630483865737915
	      Training MAE Shift: 0.08711064606904984		 Val MAE Shift: 0.08813241720199586
              Training Euclidean Shift: 0.137427419424057	 Val Euclidean Shift: 0.13998062610626222


Epoch 13/200: Training Loss: 0.4424765110015869		 Val Loss: 0.4387354850769043
	      Training MAE Angle: 0.4990660548210144		 Val MAE Angle: 0.5094166755676269
              Training MSE Angle: 0.3322819769382477		 Val MSE Angle: 0.3437685966491699
	      Training MAE Shift: 0.07852466404438019		 Val MAE Shift: 0.07175760865211486
              Training Euclidean Shift: 0.12351322174072266	 Val Euclidean Shift: 0.11150621175765991


Epoch 14/200: Training Loss: 0.40400275588035583		 Val Loss: 0.4091958999633789
	      Training MAE Angle: 0.5017344355583191		 Val MAE Angle: 0.5200696468353272
              Training MSE Angle: 0.33833152055740356		 Val MSE Angle: 0.3525375843048096
	      Training MAE Shift: 0.06051253899931908		 Val MAE Shift: 0.05755600929260254
              Training Euclidean Shift: 0.09510597586631775	 Val Euclidean Shift: 0.0899250864982605


Epoch 15/200: Training Loss: 0.38417530059814453		 Val Loss: 0.43737144470214845
	      Training MAE Angle: 0.49734753370285034		 Val MAE Angle: 0.5316329002380371
              Training MSE Angle: 0.3310050666332245		 Val MSE Angle: 0.36449079513549804
	      Training MAE Shift: 0.05434653162956238		 Val MAE Shift: 0.06113865375518799
              Training Euclidean Shift: 0.08546817302703857	 Val Euclidean Shift: 0.09681520462036133


Epoch 16/200: Training Loss: 0.4136766791343689		 Val Loss: 0.3957786560058594
	      Training MAE Angle: 0.5110067129135132		 Val MAE Angle: 0.4835968017578125
              Training MSE Angle: 0.3472912013530731		 Val MSE Angle: 0.32153279781341554
	      Training MAE Shift: 0.06006244570016861		 Val MAE Shift: 0.06705966591835022
              Training Euclidean Shift: 0.09461823850870132	 Val Euclidean Shift: 0.10427011251449585


Epoch 17/200: Training Loss: 0.3987538814544678		 Val Loss: 0.4054830074310303
	      Training MAE Angle: 0.5056930184364319		 Val MAE Angle: 0.5082409858703614
              Training MSE Angle: 0.3424075245857239		 Val MSE Angle: 0.3399761199951172
	      Training MAE Shift: 0.05598181113600731		 Val MAE Shift: 0.05965381860733032
              Training Euclidean Shift: 0.08789888024330139	 Val Euclidean Shift: 0.09496300220489502


Epoch 18/200: Training Loss: 0.38006019592285156		 Val Loss: 0.3889066219329834
	      Training MAE Angle: 0.4984709620475769		 Val MAE Angle: 0.4921245098114014
              Training MSE Angle: 0.3334489166736603		 Val MSE Angle: 0.3258636713027954
	      Training MAE Shift: 0.05061536654829979		 Val MAE Shift: 0.05875169038772583
              Training Euclidean Shift: 0.07965192198753357	 Val Euclidean Shift: 0.09276548624038697


Epoch 19/200: Training Loss: 0.37734168767929077		 Val Loss: 0.3837073564529419
	      Training MAE Angle: 0.4990561902523041		 Val MAE Angle: 0.4870401382446289
              Training MSE Angle: 0.333653062582016		 Val MSE Angle: 0.3207686424255371
	      Training MAE Shift: 0.04969853162765503		 Val MAE Shift: 0.05214962363243103
              Training Euclidean Shift: 0.07785072922706604	 Val Euclidean Shift: 0.0828554630279541


Epoch 20/200: Training Loss: 0.39284276962280273		 Val Loss: 0.3697868585586548
	      Training MAE Angle: 0.5047131180763245		 Val MAE Angle: 0.49317021369934083
              Training MSE Angle: 0.33563369512557983		 Val MSE Angle: 0.32612195014953616
	      Training MAE Shift: 0.05592980235815048		 Val MAE Shift: 0.048190337419509885
              Training Euclidean Shift: 0.08779621124267578	 Val Euclidean Shift: 0.0767274558544159


Epoch 21/200: Training Loss: 0.3727673292160034		 Val Loss: 0.3444711685180664
	      Training MAE Angle: 0.49798834323883057		 Val MAE Angle: 0.469102668762207
              Training MSE Angle: 0.332675576210022		 Val MSE Angle: 0.3017711162567139
	      Training MAE Shift: 0.04601374268531799		 Val MAE Shift: 0.04805193245410919
              Training Euclidean Shift: 0.07208099216222763	 Val Euclidean Shift: 0.07575470209121704


Epoch 22/200: Training Loss: 0.38497021794319153		 Val Loss: 0.379154634475708
	      Training MAE Angle: 0.5044604539871216		 Val MAE Angle: 0.4977140426635742
              Training MSE Angle: 0.338245153427124		 Val MSE Angle: 0.34078474044799806
	      Training MAE Shift: 0.05053374171257019		 Val MAE Shift: 0.04336055219173431
              Training Euclidean Shift: 0.07901526987552643	 Val Euclidean Shift: 0.06746847629547119


Epoch 23/200: Training Loss: 0.38865891098976135		 Val Loss: 0.40182065963745117
	      Training MAE Angle: 0.5084987878799438		 Val MAE Angle: 0.506647777557373
              Training MSE Angle: 0.3450126051902771		 Val MSE Angle: 0.34117431640625
	      Training MAE Shift: 0.048632632941007614		 Val MAE Shift: 0.05498750209808349
              Training Euclidean Shift: 0.07639382779598236	 Val Euclidean Shift: 0.08817900419235229


Epoch 24/200: Training Loss: 0.38477185368537903		 Val Loss: 0.35463614463806153
	      Training MAE Angle: 0.5035508871078491		 Val MAE Angle: 0.4895529270172119
              Training MSE Angle: 0.3385050892829895		 Val MSE Angle: 0.32177066802978516
	      Training MAE Shift: 0.04952401667833328		 Val MAE Shift: 0.04419805407524109
              Training Euclidean Shift: 0.07761947065591812	 Val Euclidean Shift: 0.0694050908088684


Epoch 25/200: Training Loss: 0.37053242325782776		 Val Loss: 0.38518080711364744
	      Training MAE Angle: 0.4985833764076233		 Val MAE Angle: 0.5148470878601075
              Training MSE Angle: 0.3299809694290161		 Val MSE Angle: 0.3450605869293213
	      Training MAE Shift: 0.04689405858516693		 Val MAE Shift: 0.046998658776283266
              Training Euclidean Shift: 0.07331463694572449	 Val Euclidean Shift: 0.0739445447921753


Epoch 26/200: Training Loss: 0.3643662631511688		 Val Loss: 0.4152221202850342
	      Training MAE Angle: 0.4930046796798706		 Val MAE Angle: 0.5260527610778809
              Training MSE Angle: 0.32733938097953796		 Val MSE Angle: 0.36410233974456785
	      Training MAE Shift: 0.04477248713374138		 Val MAE Shift: 0.05678528547286987
              Training Euclidean Shift: 0.07000874727964401	 Val Euclidean Shift: 0.08702747225761413


Epoch 27/200: Training Loss: 0.38015738129615784		 Val Loss: 0.5011996746063232
	      Training MAE Angle: 0.4927777051925659		 Val MAE Angle: 0.5184569358825684
              Training MSE Angle: 0.32404032349586487		 Val MSE Angle: 0.3616140365600586
	      Training MAE Shift: 0.05442545935511589		 Val MAE Shift: 0.07698419094085693
              Training Euclidean Shift: 0.08534447103738785	 Val Euclidean Shift: 0.12242573499679565


Epoch 28/200: Training Loss: 0.4258520305156708		 Val Loss: 0.4139063835144043
	      Training MAE Angle: 0.5088183283805847		 Val MAE Angle: 0.5100313663482666
              Training MSE Angle: 0.3437969982624054		 Val MSE Angle: 0.3469872236251831
	      Training MAE Shift: 0.06369702517986298		 Val MAE Shift: 0.06125886440277099
              Training Euclidean Shift: 0.10075431317090988	 Val Euclidean Shift: 0.09675912261009216


Epoch 29/200: Training Loss: 0.3844183385372162		 Val Loss: 0.4266845703125
	      Training MAE Angle: 0.5032473206520081		 Val MAE Angle: 0.5024893760681153
              Training MSE Angle: 0.3366326689720154		 Val MSE Angle: 0.3372515678405762
	      Training MAE Shift: 0.05018456652760506		 Val MAE Shift: 0.07021968364715576
              Training Euclidean Shift: 0.07881361991167068	 Val Euclidean Shift: 0.11074905395507813


Epoch 30/200: Training Loss: 0.3832571804523468		 Val Loss: 0.35314407348632815
	      Training MAE Angle: 0.5040473937988281		 Val MAE Angle: 0.4988743305206299
              Training MSE Angle: 0.3376805782318115		 Val MSE Angle: 0.32256221771240234
	      Training MAE Shift: 0.049374911934137344		 Val MAE Shift: 0.04143756628036499
              Training Euclidean Shift: 0.07721897214651108	 Val Euclidean Shift: 0.06474317908287049


Epoch 31/200: Training Loss: 0.3717922568321228		 Val Loss: 0.37217185497283933
	      Training MAE Angle: 0.5019308924674988		 Val MAE Angle: 0.49413313865661623
              Training MSE Angle: 0.33568885922431946		 Val MSE Angle: 0.32723464965820315
	      Training MAE Shift: 0.04513806849718094		 Val MAE Shift: 0.048773089051246644
              Training Euclidean Shift: 0.07032915949821472	 Val Euclidean Shift: 0.07620427012443542


Epoch 32/200: Training Loss: 0.3627641797065735		 Val Loss: 0.34095144271850586
	      Training MAE Angle: 0.502634584903717		 Val MAE Angle: 0.48243064880371095
              Training MSE Angle: 0.3325532376766205		 Val MSE Angle: 0.31253666877746583
	      Training MAE Shift: 0.03988407552242279		 Val MAE Shift: 0.040339219570159915
              Training Euclidean Shift: 0.062407754361629486	 Val Euclidean Shift: 0.06315777897834778


Epoch 33/200: Training Loss: 0.369219034910202		 Val Loss: 0.3644132375717163
	      Training MAE Angle: 0.5099473595619202		 Val MAE Angle: 0.4985781669616699
              Training MSE Angle: 0.3418425917625427		 Val MSE Angle: 0.3323904275894165
	      Training MAE Shift: 0.03870841860771179		 Val MAE Shift: 0.038779336214065555
              Training Euclidean Shift: 0.060818858444690704	 Val Euclidean Shift: 0.06165719628334045


Epoch 34/200: Training Loss: 0.36581453680992126		 Val Loss: 0.352467942237854
	      Training MAE Angle: 0.5076625943183899		 Val MAE Angle: 0.49207248687744143
              Training MSE Angle: 0.3414072096347809		 Val MSE Angle: 0.32204313278198243
	      Training MAE Shift: 0.03607094660401344		 Val MAE Shift: 0.042753088474273684
              Training Euclidean Shift: 0.056413669139146805	 Val Euclidean Shift: 0.06673136949539185


Epoch 35/200: Training Loss: 0.34027284383773804		 Val Loss: 0.40133442878723147
	      Training MAE Angle: 0.48092737793922424		 Val MAE Angle: 0.5362292289733886
              Training MSE Angle: 0.31372949481010437		 Val MSE Angle: 0.36514346599578856
	      Training MAE Shift: 0.03792711719870567		 Val MAE Shift: 0.040338993072509766
              Training Euclidean Shift: 0.059165261685848236	 Val Euclidean Shift: 0.06280078291893006


Epoch 36/200: Training Loss: 0.36132892966270447		 Val Loss: 0.3573277235031128
	      Training MAE Angle: 0.5007848739624023		 Val MAE Angle: 0.4987663269042969
              Training MSE Angle: 0.33306586742401123		 Val MSE Angle: 0.33075551986694335
	      Training MAE Shift: 0.03746640682220459		 Val MAE Shift: 0.037428879737854005
              Training Euclidean Shift: 0.058641109615564346	 Val Euclidean Shift: 0.05963460803031921


Epoch 37/200: Training Loss: 0.3632468283176422		 Val Loss: 0.36480276584625243
	      Training MAE Angle: 0.49995753169059753		 Val MAE Angle: 0.5072251319885254
              Training MSE Angle: 0.33834028244018555		 Val MSE Angle: 0.3415407419204712
	      Training MAE Shift: 0.03670680895447731		 Val MAE Shift: 0.035741156339645384
              Training Euclidean Shift: 0.057559046894311905	 Val Euclidean Shift: 0.05647082924842835


Epoch 38/200: Training Loss: 0.3571957051753998		 Val Loss: 0.3814339876174927
	      Training MAE Angle: 0.4951225817203522		 Val MAE Angle: 0.5086319923400879
              Training MSE Angle: 0.327690988779068		 Val MSE Angle: 0.34745891094207765
	      Training MAE Shift: 0.03903540223836899		 Val MAE Shift: 0.042826122045516966
              Training Euclidean Shift: 0.061464983969926834	 Val Euclidean Shift: 0.06652373671531678


Epoch 39/200: Training Loss: 0.3688596785068512		 Val Loss: 0.37086148262023927
	      Training MAE Angle: 0.5034675598144531		 Val MAE Angle: 0.5099874973297119
              Training MSE Angle: 0.3412289023399353		 Val MSE Angle: 0.3441165924072266
	      Training MAE Shift: 0.03809605911374092		 Val MAE Shift: 0.03465659022331238
              Training Euclidean Shift: 0.05969734489917755	 Val Euclidean Shift: 0.0536939263343811


Epoch 40/200: Training Loss: 0.35585084557533264		 Val Loss: 0.40410494804382324
	      Training MAE Angle: 0.4942006468772888		 Val MAE Angle: 0.5307882308959961
              Training MSE Angle: 0.3281034827232361		 Val MSE Angle: 0.35912764072418213
	      Training MAE Shift: 0.038579460233449936		 Val MAE Shift: 0.04822586178779602
              Training Euclidean Shift: 0.06037510931491852	 Val Euclidean Shift: 0.07631608843803406


Epoch 41/200: Training Loss: 0.3681994378566742		 Val Loss: 0.3747241020202637
	      Training MAE Angle: 0.5005395412445068		 Val MAE Angle: 0.5158917427062988
              Training MSE Angle: 0.33687299489974976		 Val MSE Angle: 0.34731690883636473
	      Training MAE Shift: 0.04097287356853485		 Val MAE Shift: 0.03933352828025818
              Training Euclidean Shift: 0.0645599514245987	 Val Euclidean Shift: 0.06290492415428162


Epoch 42/200: Training Loss: 0.36565789580345154		 Val Loss: 0.3549336433410645
	      Training MAE Angle: 0.508665919303894		 Val MAE Angle: 0.4885725021362305
              Training MSE Angle: 0.34120434522628784		 Val MSE Angle: 0.32841684818267824
	      Training MAE Shift: 0.036184512078762054		 Val MAE Shift: 0.03478354811668396
              Training Euclidean Shift: 0.05655532330274582	 Val Euclidean Shift: 0.05489261150360107


Epoch 43/200: Training Loss: 0.36146989464759827		 Val Loss: 0.36828460693359377
	      Training MAE Angle: 0.4976811707019806		 Val MAE Angle: 0.5123205184936523
              Training MSE Angle: 0.33437204360961914		 Val MSE Angle: 0.34724290370941163
	      Training MAE Shift: 0.0385916642844677		 Val MAE Shift: 0.03309604525566101
              Training Euclidean Shift: 0.06068822368979454	 Val Euclidean Shift: 0.052417290210723874


Epoch 44/200: Training Loss: 0.3639765977859497		 Val Loss: 0.3570845365524292
	      Training MAE Angle: 0.501474142074585		 Val MAE Angle: 0.48578786849975586
              Training MSE Angle: 0.337709903717041		 Val MSE Angle: 0.3216045379638672
	      Training MAE Shift: 0.03761182352900505		 Val MAE Shift: 0.03987945020198822
              Training Euclidean Shift: 0.058959316462278366	 Val Euclidean Shift: 0.06290422677993775


Epoch 45/200: Training Loss: 0.3607419431209564		 Val Loss: 0.4034862995147705
	      Training MAE Angle: 0.5027824640274048		 Val MAE Angle: 0.5257555961608886
              Training MSE Angle: 0.3345130980014801		 Val MSE Angle: 0.3683258056640625
	      Training MAE Shift: 0.038379594683647156		 Val MAE Shift: 0.045689556002616885
              Training Euclidean Shift: 0.06021891161799431	 Val Euclidean Shift: 0.07070449590682984


Epoch 46/200: Training Loss: 0.3619844615459442		 Val Loss: 0.3645427465438843
	      Training MAE Angle: 0.49731647968292236		 Val MAE Angle: 0.499846076965332
              Training MSE Angle: 0.33026403188705444		 Val MSE Angle: 0.32771849632263184
	      Training MAE Shift: 0.04001852869987488		 Val MAE Shift: 0.0456033855676651
              Training Euclidean Shift: 0.06267466396093369	 Val Euclidean Shift: 0.0728817880153656


Epoch 47/200: Training Loss: 0.3933267295360565		 Val Loss: 0.3506972074508667
	      Training MAE Angle: 0.5056682229042053		 Val MAE Angle: 0.48634896278381345
              Training MSE Angle: 0.33642783761024475		 Val MSE Angle: 0.309411883354187
	      Training MAE Shift: 0.05556043982505798		 Val MAE Shift: 0.047385281324386595
              Training Euclidean Shift: 0.08760552108287811	 Val Euclidean Shift: 0.07480348348617553


Epoch 48/200: Training Loss: 0.3564930558204651		 Val Loss: 0.3453094005584717
	      Training MAE Angle: 0.4964824914932251		 Val MAE Angle: 0.4720500946044922
              Training MSE Angle: 0.3269992470741272		 Val MSE Angle: 0.3022147655487061
	      Training MAE Shift: 0.04143290966749191		 Val MAE Shift: 0.04667973518371582
              Training Euclidean Shift: 0.06488780677318573	 Val Euclidean Shift: 0.07272528409957886


Epoch 49/200: Training Loss: 0.36567893624305725		 Val Loss: 0.369627857208252
	      Training MAE Angle: 0.5012457370758057		 Val MAE Angle: 0.4961298942565918
              Training MSE Angle: 0.33261290192604065		 Val MSE Angle: 0.333717942237854
	      Training MAE Shift: 0.042113225907087326		 Val MAE Shift: 0.04604838490486145
              Training Euclidean Shift: 0.0659787729382515	 Val Euclidean Shift: 0.07187567353248596


Epoch 50/200: Training Loss: 0.35687515139579773		 Val Loss: 0.38300485610961915
	      Training MAE Angle: 0.4982314705848694		 Val MAE Angle: 0.5228870868682861
              Training MSE Angle: 0.3284282088279724		 Val MSE Angle: 0.3565239429473877
	      Training MAE Shift: 0.038611073046922684		 Val MAE Shift: 0.03608750700950623
              Training Euclidean Shift: 0.06052735075354576	 Val Euclidean Shift: 0.05753429532051087


Epoch 51/200: Training Loss: 0.35768553614616394		 Val Loss: 0.3500911951065063
	      Training MAE Angle: 0.498563289642334		 Val MAE Angle: 0.4839025020599365
              Training MSE Angle: 0.32953545451164246		 Val MSE Angle: 0.31878907680511476
	      Training MAE Shift: 0.03855914995074272		 Val MAE Shift: 0.04320377707481384
              Training Euclidean Shift: 0.06037723645567894	 Val Euclidean Shift: 0.06854132413864136


Epoch 52/200: Training Loss: 0.34849005937576294		 Val Loss: 0.35325984954833983
	      Training MAE Angle: 0.48826679587364197		 Val MAE Angle: 0.48206543922424316
              Training MSE Angle: 0.32279399037361145		 Val MSE Angle: 0.3197594881057739
	      Training MAE Shift: 0.03800329938530922		 Val MAE Shift: 0.04117279648780823
              Training Euclidean Shift: 0.05950421467423439	 Val Euclidean Shift: 0.0651634693145752


Epoch 53/200: Training Loss: 0.35362207889556885		 Val Loss: 0.3807873249053955
	      Training MAE Angle: 0.4998987019062042		 Val MAE Angle: 0.5304280757904053
              Training MSE Angle: 0.33188849687576294		 Val MSE Angle: 0.3598670244216919
	      Training MAE Shift: 0.03439818322658539		 Val MAE Shift: 0.03438261151313782
              Training Euclidean Shift: 0.05395995080471039	 Val Euclidean Shift: 0.054101872444152835


Epoch 54/200: Training Loss: 0.5028761029243469		 Val Loss: 2.409312057495117
	      Training MAE Angle: 0.4974760413169861		 Val MAE Angle: 0.5210585594177246
              Training MSE Angle: 0.33091387152671814		 Val MSE Angle: 0.3503456115722656
	      Training MAE Shift: 0.05810141563415527		 Val MAE Shift: 0.3673785448074341
              Training Euclidean Shift: 0.09125244617462158	 Val Euclidean Shift: 0.569888687133789


Epoch 55/200: Training Loss: 1.371817708015442		 Val Loss: 1.4172074317932128
	      Training MAE Angle: 0.4873613119125366		 Val MAE Angle: 0.49630446434020997
              Training MSE Angle: 0.3219550848007202		 Val MSE Angle: 0.32275049686431884
	      Training MAE Shift: 0.25149431824684143		 Val MAE Shift: 0.25951175689697265
              Training Euclidean Shift: 0.3956030309200287	 Val Euclidean Shift: 0.4091949462890625


Epoch 56/200: Training Loss: 0.7806267738342285		 Val Loss: 0.5962448596954346
	      Training MAE Angle: 0.5061683654785156		 Val MAE Angle: 0.4875626087188721
              Training MSE Angle: 0.3376336097717285		 Val MSE Angle: 0.3248307704925537
	      Training MAE Shift: 0.1613050252199173		 Val MAE Shift: 0.11829030513763428
              Training Euclidean Shift: 0.25239744782447815	 Val Euclidean Shift: 0.18915784358978271


Epoch 57/200: Training Loss: 0.5404281616210938		 Val Loss: 0.48257789611816404
	      Training MAE Angle: 0.4965682625770569		 Val MAE Angle: 0.5042055606842041
              Training MSE Angle: 0.3310881555080414		 Val MSE Angle: 0.3301600694656372
	      Training MAE Shift: 0.10652300715446472		 Val MAE Shift: 0.09597811698913575
              Training Euclidean Shift: 0.16716450452804565	 Val Euclidean Shift: 0.1512161374092102


Epoch 58/200: Training Loss: 0.46873244643211365		 Val Loss: 0.47902350425720214
	      Training MAE Angle: 0.49783286452293396		 Val MAE Angle: 0.5269051551818847
              Training MSE Angle: 0.33057352900505066		 Val MSE Angle: 0.354754638671875
	      Training MAE Shift: 0.08693336695432663		 Val MAE Shift: 0.08190543055534363
              Training Euclidean Shift: 0.13594157993793488	 Val Euclidean Shift: 0.13004180192947387


Epoch 59/200: Training Loss: 0.3984125256538391		 Val Loss: 0.3800062656402588
	      Training MAE Angle: 0.4921528398990631		 Val MAE Angle: 0.47876691818237305
              Training MSE Angle: 0.32378846406936646		 Val MSE Angle: 0.31780180931091306
	      Training MAE Shift: 0.0646890252828598		 Val MAE Shift: 0.06083101630210876
              Training Euclidean Shift: 0.10177641361951828	 Val Euclidean Shift: 0.09499936103820801


Epoch 60/200: Training Loss: 0.3933311402797699		 Val Loss: 0.41603755950927734
	      Training MAE Angle: 0.5067702531814575		 Val MAE Angle: 0.5190762519836426
              Training MSE Angle: 0.34196510910987854		 Val MSE Angle: 0.3589648962020874
	      Training MAE Shift: 0.05379798263311386		 Val MAE Shift: 0.05719845294952393
              Training Euclidean Shift: 0.0840681716799736	 Val Euclidean Shift: 0.08956867456436157


Epoch 61/200: Training Loss: 0.383527547121048		 Val Loss: 0.3467071056365967
	      Training MAE Angle: 0.5010058879852295		 Val MAE Angle: 0.4636410713195801
              Training MSE Angle: 0.33559516072273254		 Val MSE Angle: 0.29874749183654786
	      Training MAE Shift: 0.051609668880701065		 Val MAE Shift: 0.05180292129516602
              Training Euclidean Shift: 0.08094795793294907	 Val Euclidean Shift: 0.08078223466873169


Epoch 62/200: Training Loss: 0.3848845660686493		 Val Loss: 0.3816189765930176
	      Training MAE Angle: 0.5084274411201477		 Val MAE Angle: 0.5118078231811524
              Training MSE Angle: 0.34260323643684387		 Val MSE Angle: 0.347379207611084
	      Training MAE Shift: 0.04772622138261795		 Val MAE Shift: 0.04364233016967774
              Training Euclidean Shift: 0.07443533092737198	 Val Euclidean Shift: 0.06839416027069092


Epoch 63/200: Training Loss: 0.3812094032764435		 Val Loss: 0.3444438695907593
	      Training MAE Angle: 0.5135090947151184		 Val MAE Angle: 0.4776028633117676
              Training MSE Angle: 0.3482721149921417		 Val MSE Angle: 0.30927128791809083
	      Training MAE Shift: 0.04322374612092972		 Val MAE Shift: 0.04317396879196167
              Training Euclidean Shift: 0.06753838062286377	 Val Euclidean Shift: 0.06865628957748413


Epoch 64/200: Training Loss: 0.3728720545768738		 Val Loss: 0.42147488594055177
	      Training MAE Angle: 0.5012701153755188		 Val MAE Angle: 0.5574758529663086
              Training MSE Angle: 0.33857202529907227		 Val MSE Angle: 0.38971140384674074
	      Training MAE Shift: 0.04382820054888725		 Val MAE Shift: 0.04178635478019714
              Training Euclidean Shift: 0.06879869103431702	 Val Euclidean Shift: 0.06579211950302125


Epoch 65/200: Training Loss: 0.3735898435115814		 Val Loss: 0.38530213832855226
	      Training MAE Angle: 0.5084134936332703		 Val MAE Angle: 0.5125489711761475
              Training MSE Angle: 0.3405008018016815		 Val MSE Angle: 0.34966211318969725
	      Training MAE Shift: 0.042465951293706894		 Val MAE Shift: 0.04360165297985077
              Training Euclidean Shift: 0.06711411476135254	 Val Euclidean Shift: 0.06841490268707276


Epoch 66/200: Training Loss: 0.3714345097541809		 Val Loss: 0.33654763698577883
	      Training MAE Angle: 0.5102151036262512		 Val MAE Angle: 0.47738943099975584
              Training MSE Angle: 0.3427853286266327		 Val MSE Angle: 0.3039938688278198
	      Training MAE Shift: 0.039932768791913986		 Val MAE Shift: 0.041787728667259216
              Training Euclidean Shift: 0.06268534064292908	 Val Euclidean Shift: 0.06551117897033691


Epoch 67/200: Training Loss: 0.37238070368766785		 Val Loss: 0.3756359338760376
	      Training MAE Angle: 0.5107796788215637		 Val MAE Angle: 0.5102463722229004
              Training MSE Angle: 0.34388935565948486		 Val MSE Angle: 0.34218344688415525
	      Training MAE Shift: 0.040290866047143936		 Val MAE Shift: 0.043755552172660826
              Training Euclidean Shift: 0.06272859871387482	 Val Euclidean Shift: 0.06793744564056396


Epoch 68/200: Training Loss: 0.3652118146419525		 Val Loss: 0.3887074708938599
	      Training MAE Angle: 0.49644961953163147		 Val MAE Angle: 0.5163421630859375
              Training MSE Angle: 0.33011889457702637		 Val MSE Angle: 0.35006749629974365
	      Training MAE Shift: 0.045328930020332336		 Val MAE Shift: 0.046182528138160706
              Training Euclidean Shift: 0.07104244828224182	 Val Euclidean Shift: 0.07350794076919556


Epoch 69/200: Training Loss: 0.36153268814086914		 Val Loss: 0.34690396785736083
	      Training MAE Angle: 0.49346938729286194		 Val MAE Angle: 0.49013266563415525
              Training MSE Angle: 0.3272111713886261		 Val MSE Angle: 0.3150198459625244
	      Training MAE Shift: 0.04382161423563957		 Val MAE Shift: 0.040273213386535646
              Training Euclidean Shift: 0.06864741444587708	 Val Euclidean Shift: 0.0639902412891388


Epoch 70/200: Training Loss: 0.3547435998916626		 Val Loss: 0.37754747867584226
	      Training MAE Angle: 0.49579256772994995		 Val MAE Angle: 0.5142948150634765
              Training MSE Angle: 0.3300900459289551		 Val MSE Angle: 0.35027594566345216
	      Training MAE Shift: 0.03818165883421898		 Val MAE Shift: 0.037260663509368894
              Training Euclidean Shift: 0.05979704111814499	 Val Euclidean Shift: 0.058959418535232545


Epoch 71/200: Training Loss: 0.36849480867385864		 Val Loss: 0.3291715145111084
	      Training MAE Angle: 0.5051839351654053		 Val MAE Angle: 0.4760406970977783
              Training MSE Angle: 0.34054917097091675		 Val MSE Angle: 0.30881800651550295
	      Training MAE Shift: 0.038855623453855515		 Val MAE Shift: 0.034506532549858096
              Training Euclidean Shift: 0.06104615330696106	 Val Euclidean Shift: 0.05366922616958618


Epoch 72/200: Training Loss: 0.36952659487724304		 Val Loss: 0.36071205139160156
	      Training MAE Angle: 0.4960035979747772		 Val MAE Angle: 0.48970794677734375
              Training MSE Angle: 0.3275448679924011		 Val MSE Angle: 0.32627875804901124
	      Training MAE Shift: 0.047336749732494354		 Val MAE Shift: 0.0443421870470047
              Training Euclidean Shift: 0.0745353102684021	 Val Euclidean Shift: 0.06900337338447571


Epoch 73/200: Training Loss: 0.3656091094017029		 Val Loss: 0.35524659156799315
	      Training MAE Angle: 0.5044106245040894		 Val MAE Angle: 0.4906167984008789
              Training MSE Angle: 0.3382110297679901		 Val MSE Angle: 0.32704031467437744
	      Training MAE Shift: 0.03889378532767296		 Val MAE Shift: 0.04022849202156067
              Training Euclidean Shift: 0.06097692251205444	 Val Euclidean Shift: 0.0629715621471405


Epoch 74/200: Training Loss: 0.3482653796672821		 Val Loss: 0.34862191677093507
	      Training MAE Angle: 0.49065259099006653		 Val MAE Angle: 0.4852147579193115
              Training MSE Angle: 0.3259390592575073		 Val MSE Angle: 0.31940183639526365
	      Training MAE Shift: 0.03502049669623375		 Val MAE Shift: 0.037899890542030336
              Training Euclidean Shift: 0.05458036810159683	 Val Euclidean Shift: 0.0603881299495697


Epoch 75/200: Training Loss: 0.36298829317092896		 Val Loss: 0.368356990814209
	      Training MAE Angle: 0.5028172135353088		 Val MAE Angle: 0.5042134761810303
              Training MSE Angle: 0.3371168375015259		 Val MSE Angle: 0.333813738822937
	      Training MAE Shift: 0.03758036345243454		 Val MAE Shift: 0.0425827294588089
              Training Euclidean Shift: 0.05878187716007233	 Val Euclidean Shift: 0.06730770468711852


Epoch 76/200: Training Loss: 0.36203479766845703		 Val Loss: 0.39732134342193604
	      Training MAE Angle: 0.49780789017677307		 Val MAE Angle: 0.5097797870635986
              Training MSE Angle: 0.3302973806858063		 Val MSE Angle: 0.3465005874633789
	      Training MAE Shift: 0.04173228144645691		 Val MAE Shift: 0.052215325832366946
              Training Euclidean Shift: 0.06543272733688354	 Val Euclidean Shift: 0.0815533995628357


Epoch 77/200: Training Loss: 0.35463035106658936		 Val Loss: 0.3464785099029541
	      Training MAE Angle: 0.4936196506023407		 Val MAE Angle: 0.47194528579711914
              Training MSE Angle: 0.32712915539741516		 Val MSE Angle: 0.31764066219329834
	      Training MAE Shift: 0.038862962275743484		 Val MAE Shift: 0.03564275503158569
              Training Euclidean Shift: 0.06086210906505585	 Val Euclidean Shift: 0.05625319480895996


Epoch 78/200: Training Loss: 0.3555135130882263		 Val Loss: 0.384911322593689
	      Training MAE Angle: 0.4976539611816406		 Val MAE Angle: 0.5271942138671875
              Training MSE Angle: 0.331651896238327		 Val MSE Angle: 0.35569980144500735
	      Training MAE Shift: 0.03622373193502426		 Val MAE Shift: 0.03726768493652344
              Training Euclidean Shift: 0.05690225213766098	 Val Euclidean Shift: 0.05807703137397766


Epoch 79/200: Training Loss: 0.36010003089904785		 Val Loss: 0.3486264705657959
	      Training MAE Angle: 0.5053965449333191		 Val MAE Angle: 0.49118609428405763
              Training MSE Angle: 0.33904561400413513		 Val MSE Angle: 0.32222752571105956
	      Training MAE Shift: 0.033670615404844284		 Val MAE Shift: 0.03823736310005188
              Training Euclidean Shift: 0.05264823138713837	 Val Euclidean Shift: 0.059816569089889526


Epoch 80/200: Training Loss: 0.3545874357223511		 Val Loss: 0.373608922958374
	      Training MAE Angle: 0.5039876103401184		 Val MAE Angle: 0.5051913261413574
              Training MSE Angle: 0.3321995139122009		 Val MSE Angle: 0.3426980495452881
	      Training MAE Shift: 0.034429438412189484		 Val MAE Shift: 0.03916254043579102
              Training Euclidean Shift: 0.053762953728437424	 Val Euclidean Shift: 0.06060603857040405


Epoch 81/200: Training Loss: 0.36361950635910034		 Val Loss: 0.36292877197265627
	      Training MAE Angle: 0.506327211856842		 Val MAE Angle: 0.5166191101074219
              Training MSE Angle: 0.3407454788684845		 Val MSE Angle: 0.3429291009902954
	      Training MAE Shift: 0.034933026880025864		 Val MAE Shift: 0.032874053716659545
              Training Euclidean Shift: 0.05466366931796074	 Val Euclidean Shift: 0.052079522609710695


Epoch 82/200: Training Loss: 0.3652130365371704		 Val Loss: 0.35178210735321047
	      Training MAE Angle: 0.5062376856803894		 Val MAE Angle: 0.47510743141174316
              Training MSE Angle: 0.336694598197937		 Val MSE Angle: 0.3092153310775757
	      Training MAE Shift: 0.03865504264831543		 Val MAE Shift: 0.04981712400913239
              Training Euclidean Shift: 0.06090953201055527	 Val Euclidean Shift: 0.07930101752281189


Epoch 83/200: Training Loss: 0.35863959789276123		 Val Loss: 0.3749380111694336
	      Training MAE Angle: 0.5022873282432556		 Val MAE Angle: 0.51522798538208
              Training MSE Angle: 0.3314049541950226		 Val MSE Angle: 0.35397164821624755
	      Training MAE Shift: 0.03881314396858215		 Val MAE Shift: 0.03344554305076599
              Training Euclidean Shift: 0.060922104865312576	 Val Euclidean Shift: 0.052322596311569214


Epoch 84/200: Training Loss: 0.35781410336494446		 Val Loss: 0.3458308219909668
	      Training MAE Angle: 0.497979074716568		 Val MAE Angle: 0.4934976100921631
              Training MSE Angle: 0.33139070868492126		 Val MSE Angle: 0.32383954524993896
	      Training MAE Shift: 0.03680043667554855		 Val MAE Shift: 0.03455174267292023
              Training Euclidean Shift: 0.05763731151819229	 Val Euclidean Shift: 0.05427130460739136


Epoch 85/200: Training Loss: 0.35455960035324097		 Val Loss: 0.3566153049468994
	      Training MAE Angle: 0.499767005443573		 Val MAE Angle: 0.49860634803771975
              Training MSE Angle: 0.32715851068496704		 Val MSE Angle: 0.32663860321044924
	      Training MAE Shift: 0.03882081061601639		 Val MAE Shift: 0.04040416479110718
              Training Euclidean Shift: 0.06070921570062637	 Val Euclidean Shift: 0.06374252438545228


Epoch 86/200: Training Loss: 0.35671091079711914		 Val Loss: 0.33865985870361326
	      Training MAE Angle: 0.5053087472915649		 Val MAE Angle: 0.4934202194213867
              Training MSE Angle: 0.3356340527534485		 Val MSE Angle: 0.31459052562713624
	      Training MAE Shift: 0.03425852581858635		 Val MAE Shift: 0.03611651062965393
              Training Euclidean Shift: 0.05367076024413109	 Val Euclidean Shift: 0.05647944211959839


Epoch 87/200: Training Loss: 0.34367597103118896		 Val Loss: 0.3356619834899902
	      Training MAE Angle: 0.49896568059921265		 Val MAE Angle: 0.498860502243042
              Training MSE Angle: 0.317994624376297		 Val MSE Angle: 0.30188047885894775
	      Training MAE Shift: 0.03773687034845352		 Val MAE Shift: 0.04293131530284881
              Training Euclidean Shift: 0.0590139776468277	 Val Euclidean Shift: 0.06792336106300353


Epoch 88/200: Training Loss: 0.33608290553092957		 Val Loss: 0.3140592575073242
	      Training MAE Angle: 0.4882398843765259		 Val MAE Angle: 0.47075691223144533
              Training MSE Angle: 0.29960209131240845		 Val MSE Angle: 0.27685322761535647
	      Training MAE Shift: 0.04539453983306885		 Val MAE Shift: 0.04720898270606995
              Training Euclidean Shift: 0.07150931656360626	 Val Euclidean Shift: 0.07458829879760742


Epoch 89/200: Training Loss: 0.3135320544242859		 Val Loss: 0.3036680221557617
	      Training MAE Angle: 0.46096059679985046		 Val MAE Angle: 0.4297349452972412
              Training MSE Angle: 0.27595990896224976		 Val MSE Angle: 0.24878942966461182
	      Training MAE Shift: 0.047196198254823685		 Val MAE Shift: 0.055872344970703126
              Training Euclidean Shift: 0.07402971386909485	 Val Euclidean Shift: 0.0877650260925293


Epoch 90/200: Training Loss: 0.4663613736629486		 Val Loss: 0.9009147644042969
	      Training MAE Angle: 0.48046669363975525		 Val MAE Angle: 0.49216475486755373
              Training MSE Angle: 0.29979872703552246		 Val MSE Angle: 0.31510980129241944
	      Training MAE Shift: 0.08543186634778976		 Val MAE Shift: 0.18432042598724366
              Training Euclidean Shift: 0.13369297981262207	 Val Euclidean Shift: 0.28644280433654784


Epoch 91/200: Training Loss: 0.6659177541732788		 Val Loss: 0.43139305114746096
	      Training MAE Angle: 0.4862898588180542		 Val MAE Angle: 0.46165618896484373
              Training MSE Angle: 0.3058280944824219		 Val MSE Angle: 0.28011868000030515
	      Training MAE Shift: 0.1408391296863556		 Val MAE Shift: 0.08843269348144531
              Training Euclidean Shift: 0.21958866715431213	 Val Euclidean Shift: 0.13783433437347412


Epoch 92/200: Training Loss: 0.3810504674911499		 Val Loss: 0.38059909343719484
	      Training MAE Angle: 0.44689565896987915		 Val MAE Angle: 0.46151022911071776
              Training MSE Angle: 0.2658694088459015		 Val MSE Angle: 0.27867922782897947
	      Training MAE Shift: 0.08008619397878647		 Val MAE Shift: 0.06540272831916809
              Training Euclidean Shift: 0.12595443427562714	 Val Euclidean Shift: 0.10291862487792969


Epoch 93/200: Training Loss: 0.3266369104385376		 Val Loss: 0.3131359577178955
	      Training MAE Angle: 0.44840389490127563		 Val MAE Angle: 0.43712100982666013
              Training MSE Angle: 0.2700920104980469		 Val MSE Angle: 0.2558948516845703
	      Training MAE Shift: 0.056621845811605453		 Val MAE Shift: 0.05705128908157349
              Training Euclidean Shift: 0.0885394960641861	 Val Euclidean Shift: 0.0879342019557953


Epoch 94/200: Training Loss: 0.3115544617176056		 Val Loss: 0.2631279706954956
	      Training MAE Angle: 0.43834659457206726		 Val MAE Angle: 0.40105476379394533
              Training MSE Angle: 0.2627370059490204		 Val MSE Angle: 0.2191925287246704
	      Training MAE Shift: 0.05258256942033768		 Val MAE Shift: 0.05113379955291748
              Training Euclidean Shift: 0.08253496885299683	 Val Euclidean Shift: 0.0796201229095459


Epoch 95/200: Training Loss: 0.29157754778862		 Val Loss: 0.31586718559265137
	      Training MAE Angle: 0.4185945689678192		 Val MAE Angle: 0.417648458480835
              Training MSE Angle: 0.2502019703388214		 Val MSE Angle: 0.26939918994903567
	      Training MAE Shift: 0.04863130301237106		 Val MAE Shift: 0.048224321007728575
              Training Euclidean Shift: 0.0761500895023346	 Val Euclidean Shift: 0.075192129611969


Epoch 96/200: Training Loss: 0.2945951819419861		 Val Loss: 0.268339204788208
	      Training MAE Angle: 0.4131942391395569		 Val MAE Angle: 0.38801329135894774
              Training MSE Angle: 0.24258197844028473		 Val MSE Angle: 0.22464118003845215
	      Training MAE Shift: 0.053868889808654785		 Val MAE Shift: 0.05087741017341614
              Training Euclidean Shift: 0.08453761041164398	 Val Euclidean Shift: 0.07991167902946472


Epoch 97/200: Training Loss: 0.2765335142612457		 Val Loss: 0.271637487411499
	      Training MAE Angle: 0.4065682888031006		 Val MAE Angle: 0.39373672008514404
              Training MSE Angle: 0.24035312235355377		 Val MSE Angle: 0.23053793907165526
	      Training MAE Shift: 0.04534641280770302		 Val MAE Shift: 0.04382081925868988
              Training Euclidean Shift: 0.07089605182409286	 Val Euclidean Shift: 0.06925449967384338


Epoch 98/200: Training Loss: 0.2649454176425934		 Val Loss: 0.285595440864563
	      Training MAE Angle: 0.3943106234073639		 Val MAE Angle: 0.41031761169433595
              Training MSE Angle: 0.22908258438110352		 Val MSE Angle: 0.2453399658203125
	      Training MAE Shift: 0.045237600803375244		 Val MAE Shift: 0.04917895197868347
              Training Euclidean Shift: 0.07111711800098419	 Val Euclidean Shift: 0.07719879150390625


Epoch 99/200: Training Loss: 0.2798788249492645		 Val Loss: 0.2337108373641968
	      Training MAE Angle: 0.41049087047576904		 Val MAE Angle: 0.3558352470397949
              Training MSE Angle: 0.24245648086071014		 Val MSE Angle: 0.19845757484436036
	      Training MAE Shift: 0.04593181610107422		 Val MAE Shift: 0.04500313997268677
              Training Euclidean Shift: 0.07227221131324768	 Val Euclidean Shift: 0.07110889554023743


Epoch 100/200: Training Loss: 0.2761213779449463		 Val Loss: 0.2628364324569702
	      Training MAE Angle: 0.4060502052307129		 Val MAE Angle: 0.3931483507156372
              Training MSE Angle: 0.24054665863513947		 Val MSE Angle: 0.2348863363265991
	      Training MAE Shift: 0.04461972415447235		 Val MAE Shift: 0.039645203948020936
              Training Euclidean Shift: 0.07020005583763123	 Val Euclidean Shift: 0.0614266037940979


Epoch 101/200: Training Loss: 0.25045648217201233		 Val Loss: 0.22274739742279054
	      Training MAE Angle: 0.37903928756713867		 Val MAE Angle: 0.3491678714752197
              Training MSE Angle: 0.2166251838207245		 Val MSE Angle: 0.19121726751327514
	      Training MAE Shift: 0.04340377449989319		 Val MAE Shift: 0.04060693085193634
              Training Euclidean Shift: 0.06798112392425537	 Val Euclidean Shift: 0.06390743255615235


Epoch 102/200: Training Loss: 0.422939658164978		 Val Loss: 0.40886387825012205
	      Training MAE Angle: 0.4111492335796356		 Val MAE Angle: 0.4251415729522705
              Training MSE Angle: 0.24026387929916382		 Val MSE Angle: 0.2487241506576538
	      Training MAE Shift: 0.09302636235952377		 Val MAE Shift: 0.0995879590511322
              Training Euclidean Shift: 0.14725102484226227	 Val Euclidean Shift: 0.15757583379745482


Epoch 103/200: Training Loss: 0.31441938877105713		 Val Loss: 0.2563039541244507
	      Training MAE Angle: 0.40722665190696716		 Val MAE Angle: 0.356007719039917
              Training MSE Angle: 0.24010232090950012		 Val MSE Angle: 0.20308489799499513
	      Training MAE Shift: 0.06345479935407639		 Val MAE Shift: 0.05578509569168091
              Training Euclidean Shift: 0.0996343269944191	 Val Euclidean Shift: 0.08730513453483582


Epoch 104/200: Training Loss: 0.2652616500854492		 Val Loss: 0.26163458824157715
	      Training MAE Angle: 0.3839817941188812		 Val MAE Angle: 0.36243362426757814
              Training MSE Angle: 0.2193068414926529		 Val MSE Angle: 0.21115005016326904
	      Training MAE Shift: 0.05138380825519562		 Val MAE Shift: 0.053912395238876344
              Training Euclidean Shift: 0.08085937798023224	 Val Euclidean Shift: 0.08470069766044616


Epoch 105/200: Training Loss: 0.2581745684146881		 Val Loss: 0.2512038230895996
	      Training MAE Angle: 0.38617774844169617		 Val MAE Angle: 0.37977256774902346
              Training MSE Angle: 0.2225029319524765		 Val MSE Angle: 0.2160715341567993
	      Training MAE Shift: 0.04537445306777954		 Val MAE Shift: 0.044737386703491214
              Training Euclidean Shift: 0.07137154042720795	 Val Euclidean Shift: 0.06945114135742188


Epoch 106/200: Training Loss: 0.2363051027059555		 Val Loss: 0.24547123908996582
	      Training MAE Angle: 0.3651783764362335		 Val MAE Angle: 0.37324938774108884
              Training MSE Angle: 0.2054346650838852		 Val MSE Angle: 0.21049931049346923
	      Training MAE Shift: 0.04204699024558067		 Val MAE Shift: 0.04437050521373749
              Training Euclidean Shift: 0.06564605236053467	 Val Euclidean Shift: 0.07094869613647461


