###########################################################################################################################################################

                         learning rate: 4e-05,  mlp_hidden_sizes: [1024, 512], batch_size: 2, norm: True, alpha: 10, avg embeddings: True, 
                        crop: 224 resize: 256, use conv: False pretrained: None, seed: 42, angle range: 90, shift range: 100, 
                        train length: 1024, val length: 160, test length: 160, get old path: False


Epoch 1/60: Training Loss: 1.7744026184082031		 Val Loss: 3.885097885131836
            Training MAE Shift: 0.2868044078350067		 Val MAE Shift: 0.5113966941833497
            Training Euclidean Shift: 0.44241732358932495		 Val Euclidean Shift: 0.7850652694702148
            Training MAE Angle: 0.4894365966320038		 Val MAE Angle: 0.5443418502807618
            Training MSE Angle: 0.32859277725219727		 Val MSE Angle: 0.3895748138427734

Epoch 2/60: Training Loss: 1.1403988599777222		 Val Loss: 0.4221164703369141
            Training MAE Shift: 0.19353985786437988		 Val MAE Shift: 0.07562055587768554
            Training Euclidean Shift: 0.3009570837020874		 Val Euclidean Shift: 0.11759035587310791
            Training MAE Angle: 0.5023918151855469		 Val MAE Angle: 0.49184818267822267
            Training MSE Angle: 0.33367323875427246		 Val MSE Angle: 0.3184248208999634

Epoch 3/60: Training Loss: 0.48042023181915283		 Val Loss: 0.48616466522216795
            Training MAE Shift: 0.08396664261817932		 Val MAE Shift: 0.0848577618598938
            Training Euclidean Shift: 0.13203348219394684		 Val Euclidean Shift: 0.1350443959236145
            Training MAE Angle: 0.5010387301445007		 Val MAE Angle: 0.5360324859619141
            Training MSE Angle: 0.3328627049922943		 Val MSE Angle: 0.35610930919647216

Epoch 4/60: Training Loss: 0.41996240615844727		 Val Loss: 0.37884016036987306
            Training MAE Shift: 0.07071022689342499		 Val MAE Shift: 0.0629522979259491
            Training Euclidean Shift: 0.11159234493970871		 Val Euclidean Shift: 0.09757390022277831
            Training MAE Angle: 0.49619239568710327		 Val MAE Angle: 0.48380727767944337
            Training MSE Angle: 0.3294384479522705		 Val MSE Angle: 0.3130680322647095

Epoch 5/60: Training Loss: 0.43532902002334595		 Val Loss: 0.5119041442871094
            Training MAE Shift: 0.07075921446084976		 Val MAE Shift: 0.09327823519706727
            Training Euclidean Shift: 0.11150714010000229		 Val Euclidean Shift: 0.14858968257904054
            Training MAE Angle: 0.5041919350624084		 Val MAE Angle: 0.4794567108154297
            Training MSE Angle: 0.33263099193573		 Val MSE Angle: 0.31303441524505615

Epoch 6/60: Training Loss: 0.400970458984375		 Val Loss: 0.496522045135498
            Training MAE Shift: 0.06830675154924393		 Val MAE Shift: 0.06418552994728088
            Training Euclidean Shift: 0.10763482749462128		 Val Euclidean Shift: 0.10195584297180176
            Training MAE Angle: 0.48939481377601624		 Val MAE Angle: 0.582066011428833
            Training MSE Angle: 0.31869393587112427		 Val MSE Angle: 0.42333617210388186

Epoch 7/60: Training Loss: 0.4160327911376953		 Val Loss: 0.4185669422149658
            Training MAE Shift: 0.06750360131263733		 Val MAE Shift: 0.0692114531993866
            Training Euclidean Shift: 0.10635264962911606		 Val Euclidean Shift: 0.10944733619689942
            Training MAE Angle: 0.503876805305481		 Val MAE Angle: 0.5126136779785156
            Training MSE Angle: 0.3338461220264435		 Val MSE Angle: 0.3286986112594604

Epoch 8/60: Training Loss: 0.4066775143146515		 Val Loss: 0.366317081451416
            Training MAE Shift: 0.06866351515054703		 Val MAE Shift: 0.0689863383769989
            Training Euclidean Shift: 0.10840608179569244		 Val Euclidean Shift: 0.10792347192764282
            Training MAE Angle: 0.49091166257858276		 Val MAE Angle: 0.4632733345031738
            Training MSE Angle: 0.31826937198638916		 Val MSE Angle: 0.28510055541992185

Epoch 9/60: Training Loss: 0.39656540751457214		 Val Loss: 0.39156279563903806
            Training MAE Shift: 0.058531709015369415		 Val MAE Shift: 0.06161606907844543
            Training Euclidean Shift: 0.09213492274284363		 Val Euclidean Shift: 0.09967810511589051
            Training MAE Angle: 0.5154452919960022		 Val MAE Angle: 0.5014477729797363
            Training MSE Angle: 0.33692723512649536		 Val MSE Angle: 0.3269732713699341

Epoch 10/60: Training Loss: 0.40114888548851013		 Val Loss: 0.380389142036438
            Training MAE Shift: 0.059226084500551224		 Val MAE Shift: 0.05866855978965759
            Training Euclidean Shift: 0.09362977743148804		 Val Euclidean Shift: 0.09348487257957458
            Training MAE Angle: 0.5132818818092346		 Val MAE Angle: 0.5040599346160889
            Training MSE Angle: 0.3356808125972748		 Val MSE Angle: 0.3189972400665283

Epoch 11/60: Training Loss: 0.38946133852005005		 Val Loss: 0.47257132530212403
            Training MAE Shift: 0.057859405875205994		 Val MAE Shift: 0.07814920544624329
            Training Euclidean Shift: 0.09123269468545914		 Val Euclidean Shift: 0.12313661575317383
            Training MAE Angle: 0.5068643093109131		 Val MAE Angle: 0.5178946018218994
            Training MSE Angle: 0.3269425928592682		 Val MSE Angle: 0.3422406673431396

Epoch 12/60: Training Loss: 0.41584500670433044		 Val Loss: 0.33914201259613036
            Training MAE Shift: 0.06918846070766449		 Val MAE Shift: 0.059565961360931396
            Training Euclidean Shift: 0.10973439365625381		 Val Euclidean Shift: 0.09431875348091126
            Training MAE Angle: 0.498664915561676		 Val MAE Angle: 0.46147899627685546
            Training MSE Angle: 0.3166578412055969		 Val MSE Angle: 0.2767051935195923

Epoch 13/60: Training Loss: 0.39152318239212036		 Val Loss: 0.4454850196838379
            Training MAE Shift: 0.06530395895242691		 Val MAE Shift: 0.06724339127540588
            Training Euclidean Shift: 0.10347894579172134		 Val Euclidean Shift: 0.10441993474960327
            Training MAE Angle: 0.48882657289505005		 Val MAE Angle: 0.5359123706817627
            Training MSE Angle: 0.3025496006011963		 Val MSE Angle: 0.3619292974472046

Epoch 14/60: Training Loss: 0.3961561620235443		 Val Loss: 0.3170377254486084
            Training MAE Shift: 0.05805634334683418		 Val MAE Shift: 0.05855076909065247
            Training Euclidean Shift: 0.09161173552274704		 Val Euclidean Shift: 0.09224126935005188
            Training MAE Angle: 0.5144485235214233		 Val MAE Angle: 0.45426387786865235
            Training MSE Angle: 0.3302719295024872		 Val MSE Angle: 0.2568544387817383

Epoch 15/60: Training Loss: 0.3613247573375702		 Val Loss: 0.3831908941268921
            Training MAE Shift: 0.05747726932168007		 Val MAE Shift: 0.0690824806690216
            Training Euclidean Shift: 0.09087526798248291		 Val Euclidean Shift: 0.10919981002807617
            Training MAE Angle: 0.48369100689888		 Val MAE Angle: 0.47700724601745603
            Training MSE Angle: 0.29681655764579773		 Val MSE Angle: 0.2752394199371338

Epoch 16/60: Training Loss: 0.38345837593078613		 Val Loss: 0.36191232204437257
            Training MAE Shift: 0.058325380086898804		 Val MAE Shift: 0.05185920000076294
            Training Euclidean Shift: 0.09178698062896729		 Val Euclidean Shift: 0.0825320303440094
            Training MAE Angle: 0.5064254403114319		 Val MAE Angle: 0.4959151268005371
            Training MSE Angle: 0.3155519366264343		 Val MSE Angle: 0.29989893436431886

Epoch 17/60: Training Loss: 0.3651481866836548		 Val Loss: 0.3902925729751587
            Training MAE Shift: 0.054650917649269104		 Val MAE Shift: 0.055398213863372806
            Training Euclidean Shift: 0.08613249659538269		 Val Euclidean Shift: 0.08869696855545044
            Training MAE Angle: 0.49984097480773926		 Val MAE Angle: 0.5186904907226563
            Training MSE Angle: 0.31167349219322205		 Val MSE Angle: 0.3309030055999756

Epoch 18/60: Training Loss: 0.3675684928894043		 Val Loss: 0.4305436134338379
            Training MAE Shift: 0.053736746311187744		 Val MAE Shift: 0.08365195989608765
            Training Euclidean Shift: 0.08509866148233414		 Val Euclidean Shift: 0.13192514181137086
            Training MAE Angle: 0.500339925289154		 Val MAE Angle: 0.48113460540771485
            Training MSE Angle: 0.3097494840621948		 Val MSE Angle: 0.29685072898864745

Epoch 19/60: Training Loss: 0.36528077721595764		 Val Loss: 0.3960289716720581
            Training MAE Shift: 0.05786881595849991		 Val MAE Shift: 0.056829071044921874
            Training Euclidean Shift: 0.09115012735128403		 Val Euclidean Shift: 0.09032102227210999
            Training MAE Angle: 0.49188265204429626		 Val MAE Angle: 0.5024456024169922
            Training MSE Angle: 0.2985929846763611		 Val MSE Angle: 0.33296091556549073

Epoch 20/60: Training Loss: 0.34285008907318115		 Val Loss: 0.37494759559631347
            Training MAE Shift: 0.05547189712524414		 Val MAE Shift: 0.060518580675125125
            Training Euclidean Shift: 0.08743909001350403		 Val Euclidean Shift: 0.09592703580856324
            Training MAE Angle: 0.48115047812461853		 Val MAE Angle: 0.5018770694732666
            Training MSE Angle: 0.2873106002807617		 Val MSE Angle: 0.29063389301300047

Epoch 21/60: Training Loss: 0.3747059106826782		 Val Loss: 0.32716257572174073
            Training MAE Shift: 0.06442610174417496		 Val MAE Shift: 0.057456547021865846
            Training Euclidean Shift: 0.1011100485920906		 Val Euclidean Shift: 0.08993450403213502
            Training MAE Angle: 0.4712626338005066		 Val MAE Angle: 0.47725305557250974
            Training MSE Angle: 0.28460702300071716		 Val MSE Angle: 0.27246294021606443

Epoch 22/60: Training Loss: 0.352520614862442		 Val Loss: 0.3099947452545166
            Training MAE Shift: 0.05674931779503822		 Val MAE Shift: 0.05620802044868469
            Training Euclidean Shift: 0.08980576694011688		 Val Euclidean Shift: 0.08992673754692078
            Training MAE Angle: 0.4803676903247833		 Val MAE Angle: 0.4520197868347168
            Training MSE Angle: 0.2896503210067749		 Val MSE Angle: 0.2536718130111694

Epoch 23/60: Training Loss: 0.3216891884803772		 Val Loss: 0.3501221418380737
            Training MAE Shift: 0.05243781954050064		 Val MAE Shift: 0.053432929515838626
            Training Euclidean Shift: 0.0828859880566597		 Val Euclidean Shift: 0.08499754667282104
            Training MAE Angle: 0.4676910638809204		 Val MAE Angle: 0.4866482734680176
            Training MSE Angle: 0.2730782926082611		 Val MSE Angle: 0.2931210994720459

Epoch 24/60: Training Loss: 0.3165368437767029		 Val Loss: 0.28160548210144043
            Training MAE Shift: 0.059537988156080246		 Val MAE Shift: 0.04689331650733948
            Training Euclidean Shift: 0.09468524903059006		 Val Euclidean Shift: 0.07265498638153076
            Training MAE Angle: 0.4391486346721649		 Val MAE Angle: 0.4231999397277832
            Training MSE Angle: 0.24654242396354675		 Val MSE Angle: 0.238928484916687

Epoch 25/60: Training Loss: 0.2982346713542938		 Val Loss: 0.31254627704620364
            Training MAE Shift: 0.05107218027114868		 Val MAE Shift: 0.059744137525558474
            Training Euclidean Shift: 0.08049516379833221		 Val Euclidean Shift: 0.0933687925338745
            Training MAE Angle: 0.4325292706489563		 Val MAE Angle: 0.43241066932678224
            Training MSE Angle: 0.25174185633659363		 Val MSE Angle: 0.24443976879119872

Epoch 26/60: Training Loss: 0.2860496938228607		 Val Loss: 0.2907224416732788
            Training MAE Shift: 0.053512685000896454		 Val MAE Shift: 0.05474568009376526
            Training Euclidean Shift: 0.08420548588037491		 Val Euclidean Shift: 0.08609960079193116
            Training MAE Angle: 0.4149132966995239		 Val MAE Angle: 0.42882437705993653
            Training MSE Angle: 0.23547129333019257		 Val MSE Angle: 0.23667750358581544

Epoch 27/60: Training Loss: 0.30122119188308716		 Val Loss: 0.33644053936004636
            Training MAE Shift: 0.05808966979384422		 Val MAE Shift: 0.07974432706832886
            Training Euclidean Shift: 0.09172520041465759		 Val Euclidean Shift: 0.12467824220657349
            Training MAE Angle: 0.41473156213760376		 Val MAE Angle: 0.4271505832672119
            Training MSE Angle: 0.23809194564819336		 Val MSE Angle: 0.23572025299072266

Epoch 28/60: Training Loss: 0.28294649720191956		 Val Loss: 0.27722558975219724
            Training MAE Shift: 0.05777725577354431		 Val MAE Shift: 0.05251307487487793
            Training Euclidean Shift: 0.09074147045612335		 Val Euclidean Shift: 0.08215956091880798
            Training MAE Angle: 0.3986741304397583		 Val MAE Angle: 0.3908136606216431
            Training MSE Angle: 0.22155869007110596		 Val MSE Angle: 0.22112228870391845

Epoch 29/60: Training Loss: 0.38698437809944153		 Val Loss: 0.4674974918365479
            Training MAE Shift: 0.07930820435285568		 Val MAE Shift: 0.10413426160812378
            Training Euclidean Shift: 0.12381768971681595		 Val Euclidean Shift: 0.16447701454162597
            Training MAE Angle: 0.4154689908027649		 Val MAE Angle: 0.45476536750793456
            Training MSE Angle: 0.2400977909564972		 Val MSE Angle: 0.26897687911987306

Epoch 30/60: Training Loss: 0.3314237892627716		 Val Loss: 0.2892641305923462
            Training MAE Shift: 0.07314794510602951		 Val MAE Shift: 0.062422138452529904
            Training Euclidean Shift: 0.11519858241081238		 Val Euclidean Shift: 0.09811004996299744
            Training MAE Angle: 0.40029376745224		 Val MAE Angle: 0.3873240232467651
            Training MSE Angle: 0.22131216526031494		 Val MSE Angle: 0.22208936214447023

Epoch 31/60: Training Loss: 0.2670784294605255		 Val Loss: 0.26870906352996826
            Training MAE Shift: 0.05570892244577408		 Val MAE Shift: 0.058041858673095706
            Training Euclidean Shift: 0.08811793476343155		 Val Euclidean Shift: 0.09046489000320435
            Training MAE Angle: 0.3854411542415619		 Val MAE Angle: 0.37967419624328613
            Training MSE Angle: 0.21103660762310028		 Val MSE Angle: 0.20955078601837157

Epoch 32/60: Training Loss: 0.3115699589252472		 Val Loss: 0.22557783126831055
            Training MAE Shift: 0.06528551876544952		 Val MAE Shift: 0.05814353227615356
            Training Euclidean Shift: 0.10335739701986313		 Val Euclidean Shift: 0.0926242709159851
            Training MAE Angle: 0.3941642642021179		 Val MAE Angle: 0.3383240938186646
            Training MSE Angle: 0.22040829062461853		 Val MSE Angle: 0.1655913472175598

Epoch 33/60: Training Loss: 0.226617693901062		 Val Loss: 0.24590299129486085
            Training MAE Shift: 0.05138825625181198		 Val MAE Shift: 0.057515543699264524
            Training Euclidean Shift: 0.0807131826877594		 Val Euclidean Shift: 0.09121333956718444
            Training MAE Angle: 0.3479978144168854		 Val MAE Angle: 0.3553938865661621
            Training MSE Angle: 0.17914412915706635		 Val MSE Angle: 0.18630098104476928

Epoch 34/60: Training Loss: 0.22782409191131592		 Val Loss: 0.261934232711792
            Training MAE Shift: 0.05368126556277275		 Val MAE Shift: 0.05683673620223999
            Training Euclidean Shift: 0.08463423699140549		 Val Euclidean Shift: 0.091129732131958
            Training MAE Angle: 0.33653366565704346		 Val MAE Angle: 0.3732844591140747
            Training MSE Angle: 0.17282049357891083		 Val MSE Angle: 0.206131911277771

Epoch 35/60: Training Loss: 0.24113301932811737		 Val Loss: 0.20718543529510497
            Training MAE Shift: 0.05388118326663971		 Val MAE Shift: 0.05495473146438599
            Training Euclidean Shift: 0.08531966805458069		 Val Euclidean Shift: 0.08620401620864868
            Training MAE Angle: 0.3526596426963806		 Val MAE Angle: 0.3143928527832031
            Training MSE Angle: 0.1863749623298645		 Val MSE Angle: 0.15260810852050782

Epoch 36/60: Training Loss: 0.21014142036437988		 Val Loss: 0.2502548933029175
            Training MAE Shift: 0.049341458827257156		 Val MAE Shift: 0.05199462175369263
            Training Euclidean Shift: 0.07798072695732117		 Val Euclidean Shift: 0.08312906622886658
            Training MAE Angle: 0.328508585691452		 Val MAE Angle: 0.36413533687591554
            Training MSE Angle: 0.16598497331142426		 Val MSE Angle: 0.197592294216156

Epoch 37/60: Training Loss: 0.22222097218036652		 Val Loss: 0.24928464889526367
            Training MAE Shift: 0.05524308606982231		 Val MAE Shift: 0.05760356187820435
            Training Euclidean Shift: 0.08645293861627579		 Val Euclidean Shift: 0.09115009307861328
            Training MAE Angle: 0.32766807079315186		 Val MAE Angle: 0.35400116443634033
            Training MSE Angle: 0.16656751930713654		 Val MSE Angle: 0.1850761890411377

Epoch 38/60: Training Loss: 0.2083398997783661		 Val Loss: 0.21350700855255128
            Training MAE Shift: 0.0503176711499691		 Val MAE Shift: 0.053732764720916745
            Training Euclidean Shift: 0.07949576526880264		 Val Euclidean Shift: 0.08561540842056274
            Training MAE Angle: 0.32744017243385315		 Val MAE Angle: 0.33227298259735105
            Training MSE Angle: 0.16383330523967743		 Val MSE Angle: 0.15872205495834352

Epoch 39/60: Training Loss: 0.20746169984340668		 Val Loss: 0.19760841131210327
            Training MAE Shift: 0.05286378413438797		 Val MAE Shift: 0.05252100825309754
            Training Euclidean Shift: 0.08235342800617218		 Val Euclidean Shift: 0.08184347152709961
            Training MAE Angle: 0.3149452805519104		 Val MAE Angle: 0.30063209533691404
            Training MSE Angle: 0.1589721441268921		 Val MSE Angle: 0.14700896739959718

Epoch 40/60: Training Loss: 0.19678404927253723		 Val Loss: 0.2368987798690796
            Training MAE Shift: 0.052227772772312164		 Val MAE Shift: 0.050311988592147826
            Training Euclidean Shift: 0.08202676475048065		 Val Euclidean Shift: 0.07828741073608399
            Training MAE Angle: 0.30538812279701233		 Val MAE Angle: 0.33933494091033933
            Training MSE Angle: 0.14873293042182922		 Val MSE Angle: 0.18751304149627684

Epoch 41/60: Training Loss: 0.2545213997364044		 Val Loss: 0.34191529750823973
            Training MAE Shift: 0.06492922455072403		 Val MAE Shift: 0.08978093862533569
            Training Euclidean Shift: 0.10123934596776962		 Val Euclidean Shift: 0.13960970640182496
            Training MAE Angle: 0.3124813139438629		 Val MAE Angle: 0.3546123027801514
            Training MSE Angle: 0.15414930880069733		 Val MSE Angle: 0.19494421482086183

Epoch 42/60: Training Loss: 0.2531111240386963		 Val Loss: 0.19843875169754027
            Training MAE Shift: 0.06799843907356262		 Val MAE Shift: 0.0507590651512146
            Training Euclidean Shift: 0.10692956298589706		 Val Euclidean Shift: 0.08158497214317321
            Training MAE Angle: 0.3260118067264557		 Val MAE Angle: 0.2944308280944824
            Training MSE Angle: 0.16425099968910217		 Val MSE Angle: 0.14749079942703247

Epoch 43/60: Training Loss: 0.2020072042942047		 Val Loss: 0.16526848077774048
            Training MAE Shift: 0.051199473440647125		 Val MAE Shift: 0.054122555255889895
            Training Euclidean Shift: 0.08072508126497269		 Val Euclidean Shift: 0.0846742868423462
            Training MAE Angle: 0.30879923701286316		 Val MAE Angle: 0.2708172082901001
            Training MSE Angle: 0.15360243618488312		 Val MSE Angle: 0.11490393877029419

Epoch 44/60: Training Loss: 0.18535348773002625		 Val Loss: 0.17510253190994263
            Training MAE Shift: 0.04909985885024071		 Val MAE Shift: 0.04676966667175293
            Training Euclidean Shift: 0.07773498445749283		 Val Euclidean Shift: 0.07462460398674012
            Training MAE Angle: 0.2926149070262909		 Val MAE Angle: 0.29265058040618896
            Training MSE Angle: 0.1417655646800995		 Val MSE Angle: 0.12883774042129517

Epoch 45/60: Training Loss: 0.17842034995555878		 Val Loss: 0.2404088020324707
            Training MAE Shift: 0.05092749744653702		 Val MAE Shift: 0.050389832258224486
            Training Euclidean Shift: 0.08063619583845139		 Val Euclidean Shift: 0.08125290274620056
            Training MAE Angle: 0.28625011444091797		 Val MAE Angle: 0.3445345640182495
            Training MSE Angle: 0.13047601282596588		 Val MSE Angle: 0.1914786696434021

Epoch 46/60: Training Loss: 0.17545950412750244		 Val Loss: 0.17422013282775878
            Training MAE Shift: 0.04862110689282417		 Val MAE Shift: 0.049125513434410094
            Training Euclidean Shift: 0.0765310525894165		 Val Euclidean Shift: 0.07657459378242493
            Training MAE Angle: 0.286103218793869		 Val MAE Angle: 0.28997197151184084
            Training MSE Angle: 0.1314743012189865		 Val MSE Angle: 0.13254820108413695

Epoch 47/60: Training Loss: 0.18241627514362335		 Val Loss: 0.18176716566085815
            Training MAE Shift: 0.0483393520116806		 Val MAE Shift: 0.04912732541561127
            Training Euclidean Shift: 0.07638993859291077		 Val Euclidean Shift: 0.07902436852455139
            Training MAE Angle: 0.2909243404865265		 Val MAE Angle: 0.2891181468963623
            Training MSE Angle: 0.14065583050251007		 Val MSE Angle: 0.1371774911880493

Epoch 48/60: Training Loss: 0.17962904274463654		 Val Loss: 0.19223108291625976
            Training MAE Shift: 0.048945169895887375		 Val MAE Shift: 0.047317522764205935
            Training Euclidean Shift: 0.07719824463129044		 Val Euclidean Shift: 0.0729154884815216
            Training MAE Angle: 0.2869776785373688		 Val MAE Angle: 0.30485455989837645
            Training MSE Angle: 0.137825608253479		 Val MSE Angle: 0.14986339807510377

Epoch 49/60: Training Loss: 0.16784431040287018		 Val Loss: 0.20733704566955566
            Training MAE Shift: 0.04844022914767265		 Val MAE Shift: 0.05466051697731018
            Training Euclidean Shift: 0.07628379762172699		 Val Euclidean Shift: 0.08556796312332153
            Training MAE Angle: 0.277470201253891		 Val MAE Angle: 0.31301519870758054
            Training MSE Angle: 0.12611210346221924		 Val MSE Angle: 0.1552462100982666

Epoch 50/60: Training Loss: 0.18078085780143738		 Val Loss: 0.18311688899993897
            Training MAE Shift: 0.05213068798184395		 Val MAE Shift: 0.04852754771709442
            Training Euclidean Shift: 0.08189145475625992		 Val Euclidean Shift: 0.0762952983379364
            Training MAE Angle: 0.2799018919467926		 Val MAE Angle: 0.28333091735839844
            Training MSE Angle: 0.1308269202709198		 Val MSE Angle: 0.1370134472846985

Epoch 51/60: Training Loss: 0.18730299174785614		 Val Loss: 0.1973792314529419
            Training MAE Shift: 0.05109129101037979		 Val MAE Shift: 0.05655624866485596
            Training Euclidean Shift: 0.0804578885436058		 Val Euclidean Shift: 0.08866257071495057
            Training MAE Angle: 0.2823689877986908		 Val MAE Angle: 0.30540521144866944
            Training MSE Angle: 0.13290569186210632		 Val MSE Angle: 0.14423158168792724

Epoch 52/60: Training Loss: 0.18623308837413788		 Val Loss: 0.20116112232208253
            Training MAE Shift: 0.049117546528577805		 Val MAE Shift: 0.05187181234359741
            Training Euclidean Shift: 0.07745618373155594		 Val Euclidean Shift: 0.08217179775238037
            Training MAE Angle: 0.28994980454444885		 Val MAE Angle: 0.30321507453918456
            Training MSE Angle: 0.14067715406417847		 Val MSE Angle: 0.15070183277130128

Epoch 53/60: Training Loss: 0.1689995527267456		 Val Loss: 0.2028651237487793
            Training MAE Shift: 0.04874492064118385		 Val MAE Shift: 0.0561088502407074
            Training Euclidean Shift: 0.07658271491527557		 Val Euclidean Shift: 0.0878356397151947
            Training MAE Angle: 0.2752412259578705		 Val MAE Angle: 0.3002960681915283
            Training MSE Angle: 0.12765087187290192		 Val MSE Angle: 0.14313429594039917

Epoch 54/60: Training Loss: 0.1560928374528885		 Val Loss: 0.21618080139160156
            Training MAE Shift: 0.04634154587984085		 Val MAE Shift: 0.05926727056503296
            Training Euclidean Shift: 0.07302895188331604		 Val Euclidean Shift: 0.09180592298507691
            Training MAE Angle: 0.26216885447502136		 Val MAE Angle: 0.28797695636749265
            Training MSE Angle: 0.11679975688457489		 Val MSE Angle: 0.13171013593673705

Epoch 55/60: Training Loss: 0.14565937221050262		 Val Loss: 0.17848135232925416
            Training MAE Shift: 0.04603560268878937		 Val MAE Shift: 0.04503071904182434
            Training Euclidean Shift: 0.07236738502979279		 Val Euclidean Shift: 0.07158525586128235
            Training MAE Angle: 0.2537866532802582		 Val MAE Angle: 0.2902587175369263
            Training MSE Angle: 0.1087307333946228		 Val MSE Angle: 0.14336224794387817

Epoch 56/60: Training Loss: 0.14968341588974		 Val Loss: 0.18435386419296265
            Training MAE Shift: 0.046586643904447556		 Val MAE Shift: 0.05499759316444397
            Training Euclidean Shift: 0.07333741337060928		 Val Euclidean Shift: 0.08559569716453552
            Training MAE Angle: 0.2563107907772064		 Val MAE Angle: 0.2569073438644409
            Training MSE Angle: 0.1115700826048851		 Val MSE Angle: 0.10117925405502319

Epoch 57/60: Training Loss: 0.1722065955400467		 Val Loss: 0.15325504541397095
            Training MAE Shift: 0.047728877514600754		 Val MAE Shift: 0.055271965265274045
            Training Euclidean Shift: 0.07512147724628448		 Val Euclidean Shift: 0.08733075261116027
            Training MAE Angle: 0.2758372128009796		 Val MAE Angle: 0.24021763801574708
            Training MSE Angle: 0.1277928650379181		 Val MSE Angle: 0.09635839462280274

Epoch 58/60: Training Loss: 0.14306674897670746		 Val Loss: 0.15252877473831178
            Training MAE Shift: 0.046549178659915924		 Val MAE Shift: 0.04975875020027161
            Training Euclidean Shift: 0.07343107461929321		 Val Euclidean Shift: 0.07767374515533447
            Training MAE Angle: 0.24131345748901367		 Val MAE Angle: 0.24885380268096924
            Training MSE Angle: 0.10197164118289948		 Val MSE Angle: 0.1035617709159851

Epoch 59/60: Training Loss: 0.15082211792469025		 Val Loss: 0.16873596906661986
            Training MAE Shift: 0.046542853116989136		 Val MAE Shift: 0.05106639862060547
            Training Euclidean Shift: 0.07303033769130707		 Val Euclidean Shift: 0.08067171573638916
            Training MAE Angle: 0.2536807954311371		 Val MAE Angle: 0.26962387561798096
            Training MSE Angle: 0.11011160165071487		 Val MSE Angle: 0.12133889198303223

Epoch 60/60: Training Loss: 0.16315624117851257		 Val Loss: 0.18973746299743652
            Training MAE Shift: 0.04791877046227455		 Val MAE Shift: 0.048484432697296145
            Training Euclidean Shift: 0.07520336657762527		 Val Euclidean Shift: 0.07792726159095764
            Training MAE Angle: 0.2655750811100006		 Val MAE Angle: 0.29327123165130614
            Training MSE Angle: 0.12395190447568893		 Val MSE Angle: 0.14610540866851807

## TEST RESULTS: ##
Test Loss: 0.20523130893707275 
Test MAE Shift: 0.05631798505783081		 Test Euclidean Shift: 0.08860813081264496
Test MAE Angle: 0.2941778302192688		 Test MSE Angle: 0.14068111777305603

