
###########################################################################################################################################################

 learning rate: 0.0001, mlp_hidden_sizes: [1024, 512], jump_frames: 6, use_reconstruction_layer: True
batch_size: 8, norm: True, train_seqeunces: [0, 2, 3, 5], val_sequences: [6, 7, 8], RL_TEST_NAMES: ['fe2fadf89a84e92a', 'f01e8b6f8e10fdd9', 'f1ee9dc6135e5307', 'a41df4fa06fd391b', 'bc0ebb7482f14795', '9bdd34e784c04e3a', '98ebee1c36ecec55'], dataset: Kitti2Flying,
average embeddings: False, model: timm/tf_efficientnetv2_m.in1k, augmentation: True, random crop: True, part: None, get_old_path: False, computer: 1,
RE1 coeff: 0 SED coeff: 0.5, ALG_COEFF: 0, L2_coeff: 1, huber_coeff: 1, frozen layers: 0, trained vit: None, MAX_POOL_SIZE: 3
crop: 224 resize: 256, use conv: True pretrained: None, train_size: 9, norm_mean: tensor([0.5000, 0.5000, 0.5000], device='cuda:0'), norm_std: tensor([0.5000, 0.5000, 0.5000], device='cuda:0'), sched: None seed: 500

train size: 88, val size: 175, test size: 1231

algebraic_truth: 0.0034424144436012616		 val_algebraic_truth: 0.005010080269791863
RE1_truth: 1.3112729489379985e-05		 val_RE1_truth: 2.2790746615183625e-05
SED_truth: 0.00010488745333118872		 val_SED_truth: 0.00018226511945778674

Epoch 1/100: Training Loss: 2.5176346518776636		 Val Loss: 7.087889237837358
             	Training MAE: 0.06315650045871735		 Val MAE: 0.07783055305480957
             	Algebraic dist: 1.338840831409801		 Val Algebraic dist: 2.1913609938188032
             	RE1 dist: 1.6153335571289062		 Val RE1 dist: 3.924240459095348
             	SED dist: 5.0018487410111865		 Val SED dist: 14.132394964044744

Epoch 2/100: Training Loss: 3.9724655151367188		 Val Loss: 5.334695642644709
             	Training MAE: 0.06309887766838074		 Val MAE: 0.08057577908039093
             	Algebraic dist: 1.8727690956809304		 Val Algebraic dist: 1.2810345563021572
             	RE1 dist: 2.815035039728338		 Val RE1 dist: 2.2372731295498935
             	SED dist: 7.912794633345171		 Val SED dist: 10.620902321555398

Epoch 3/100: Training Loss: 3.529387734153054		 Val Loss: 2.0897036465731533
             	Training MAE: 0.08635663241147995		 Val MAE: 0.08651435375213623
             	Algebraic dist: 1.7455947182395242		 Val Algebraic dist: 1.085697347467596
             	RE1 dist: 2.5210541811856357		 Val RE1 dist: 1.2205989144065164
             	SED dist: 7.006445451216265		 Val SED dist: 4.127260034734553

Epoch 4/100: Training Loss: 1.4552461450750178		 Val Loss: 2.015112790194425
             	Training MAE: 0.0735601857304573		 Val MAE: 0.07719416171312332
             	Algebraic dist: 1.0474536202170632		 Val Algebraic dist: 0.9508901942859996
             	RE1 dist: 1.112056558782404		 Val RE1 dist: 1.1569578864357688
             	SED dist: 2.872129960493608		 Val SED dist: 3.9881851889870386

Epoch 5/100: Training Loss: 0.791996262290261		 Val Loss: 2.0581819360906426
             	Training MAE: 0.07672629505395889		 Val MAE: 0.08496490865945816
             	Algebraic dist: 0.6990759589455344		 Val Algebraic dist: 1.0564732118086382
             	RE1 dist: 0.5133082216436212		 Val RE1 dist: 1.2051483501087537
             	SED dist: 1.5429763793945312		 Val SED dist: 4.0662841796875

Epoch 6/100: Training Loss: 0.9257905266501687		 Val Loss: 1.9864153428511186
             	Training MAE: 0.07807482033967972		 Val MAE: 0.08047899603843689
             	Algebraic dist: 0.7931114543568004		 Val Algebraic dist: 0.956617615439675
             	RE1 dist: 0.6376075744628906		 Val RE1 dist: 1.2038226561112837
             	SED dist: 1.8091865886341443		 Val SED dist: 3.9277042042125356

Epoch 7/100: Training Loss: 0.8417353196577593		 Val Loss: 2.1004969856955786
             	Training MAE: 0.07733817398548126		 Val MAE: 0.07969952374696732
             	Algebraic dist: 0.7563992413607511		 Val Algebraic dist: 1.04046968980269
             	RE1 dist: 0.5583782629533247		 Val RE1 dist: 1.2318397868763318
             	SED dist: 1.6417312622070312		 Val SED dist: 4.156235088001598

Epoch 8/100: Training Loss: 0.7278659993951971		 Val Loss: 2.646673722700639
             	Training MAE: 0.07520128786563873		 Val MAE: 0.07992853969335556
             	Algebraic dist: 0.6413242600180886		 Val Algebraic dist: 1.0292843038385564
             	RE1 dist: 0.48789717934348364		 Val RE1 dist: 1.3000309684059836
             	SED dist: 1.416180437261408		 Val SED dist: 5.247693148526278

Epoch 9/100: Training Loss: 1.2094716158780185		 Val Loss: 3.231080488725142
             	Training MAE: 0.07540632784366608		 Val MAE: 0.09165311604738235
             	Algebraic dist: 0.9340289722789418		 Val Algebraic dist: 1.238311073996804
             	RE1 dist: 0.8374471664428711		 Val RE1 dist: 1.8199892911044033
             	SED dist: 2.378909024325284		 Val SED dist: 6.403116399591619

Epoch 10/100: Training Loss: 0.893573674288663		 Val Loss: 1.9313094399192117
             	Training MAE: 0.08990848064422607		 Val MAE: 0.0812765508890152
             	Algebraic dist: 0.7488774386319247		 Val Algebraic dist: 0.8980510018088601
             	RE1 dist: 0.573658899827437		 Val RE1 dist: 1.140401840209961
             	SED dist: 1.73095026883212		 Val SED dist: 3.816600105979226

Epoch 11/100: Training Loss: 0.8275610316883434		 Val Loss: 2.220525394786488
             	Training MAE: 0.07578635215759277		 Val MAE: 0.08058242499828339
             	Algebraic dist: 0.68182203986428		 Val Algebraic dist: 0.9965972900390625
             	RE1 dist: 0.5438526326959784		 Val RE1 dist: 1.2917048714377664
             	SED dist: 1.6150582053444602		 Val SED dist: 4.394961270419034

Epoch 12/100: Training Loss: 0.7789721922440962		 Val Loss: 1.8802455555308948
             	Training MAE: 0.07262422889471054		 Val MAE: 0.07126638293266296
             	Algebraic dist: 0.6740827560424805		 Val Algebraic dist: 0.9552784833041105
             	RE1 dist: 0.5155934420498934		 Val RE1 dist: 1.136593385176225
             	SED dist: 1.520416953346946		 Val SED dist: 3.7239005348899146

Epoch 13/100: Training Loss: 0.7067190517078746		 Val Loss: 1.983618822964755
             	Training MAE: 0.07183587551116943		 Val MAE: 0.08226236701011658
             	Algebraic dist: 0.6690547249533914		 Val Algebraic dist: 0.8980165828358043
             	RE1 dist: 0.4632776433771307		 Val RE1 dist: 1.100880882956765
             	SED dist: 1.37653602253307		 Val SED dist: 3.9201393127441406

Epoch 14/100: Training Loss: 0.7096999775279652		 Val Loss: 1.6186057004061611
             	Training MAE: 0.08167177438735962		 Val MAE: 0.0797344222664833
             	Algebraic dist: 0.627119627865878		 Val Algebraic dist: 0.8609681562943892
             	RE1 dist: 0.4484848109158603		 Val RE1 dist: 0.971454533663663
             	SED dist: 1.3734077973799272		 Val SED dist: 3.192685213955966

Epoch 15/100: Training Loss: 0.624130595814098		 Val Loss: 1.6127643585205078
             	Training MAE: 0.07365906238555908		 Val MAE: 0.07601200044155121
             	Algebraic dist: 0.5699520111083984		 Val Algebraic dist: 0.8979182676835493
             	RE1 dist: 0.3941098993474787		 Val RE1 dist: 0.9283970052545721
             	SED dist: 1.2100135629827327		 Val SED dist: 3.1847763061523438

Epoch 16/100: Training Loss: 0.7836732864379883		 Val Loss: 2.9510876048694956
             	Training MAE: 0.08041100203990936		 Val MAE: 0.07709883898496628
             	Algebraic dist: 0.7236008644104004		 Val Algebraic dist: 1.1020337018099697
             	RE1 dist: 0.5372072566639293		 Val RE1 dist: 1.7449673739346592
             	SED dist: 1.5225244001908735		 Val SED dist: 5.860108809037642

Epoch 17/100: Training Loss: 0.8615403608842329		 Val Loss: 3.0106977982954546
             	Training MAE: 0.06829505413770676		 Val MAE: 0.07068275660276413
             	Algebraic dist: 0.7462318593805487		 Val Algebraic dist: 0.976001652804288
             	RE1 dist: 0.5716124447909269		 Val RE1 dist: 1.3611722425981
             	SED dist: 1.6886648698286577		 Val SED dist: 5.982525912198153

Epoch 18/100: Training Loss: 0.7894590551202948		 Val Loss: 1.3665247830477627
             	Training MAE: 0.07218238711357117		 Val MAE: 0.07763347029685974
             	Algebraic dist: 0.7273100939663973		 Val Algebraic dist: 0.8385095596313477
             	RE1 dist: 0.5275109030983665		 Val RE1 dist: 0.8029490384188566
             	SED dist: 1.5417806451970881		 Val SED dist: 2.6904114809903232

Epoch 19/100: Training Loss: 1.0058712525801226		 Val Loss: 1.9278257543390447
             	Training MAE: 0.07361060380935669		 Val MAE: 0.08137323707342148
             	Algebraic dist: 0.8557903116399591		 Val Algebraic dist: 0.92700533433394
             	RE1 dist: 0.7139318639581854		 Val RE1 dist: 1.0159094550392844
             	SED dist: 1.973404971036044		 Val SED dist: 3.80867524580522

Epoch 20/100: Training Loss: 0.8572376424616034		 Val Loss: 1.8103521520441228
             	Training MAE: 0.08010811358690262		 Val MAE: 0.0776129812002182
             	Algebraic dist: 0.6918910633433949		 Val Algebraic dist: 0.8542001897638495
             	RE1 dist: 0.5517722476612438		 Val RE1 dist: 0.9748012369329279
             	SED dist: 1.6701193722811611		 Val SED dist: 3.577332930131392

Epoch 21/100: Training Loss: 0.6992734128778632		 Val Loss: 3.61526142467152
             	Training MAE: 0.07324865460395813		 Val MAE: 0.08665519207715988
             	Algebraic dist: 0.6157716404307972		 Val Algebraic dist: 0.9111552671952681
             	RE1 dist: 0.4603738351301713		 Val RE1 dist: 1.2432811043479226
             	SED dist: 1.3605323271317915		 Val SED dist: 7.176334034312855

Epoch 22/100: Training Loss: 0.6484080661426891		 Val Loss: 2.163695075295188
             	Training MAE: 0.08469273149967194		 Val MAE: 0.08296504616737366
             	Algebraic dist: 0.6054410934448242		 Val Algebraic dist: 0.9520335630937056
             	RE1 dist: 0.3934799107638272		 Val RE1 dist: 1.0616961392489346
             	SED dist: 1.2472694570367986		 Val SED dist: 4.277759205211293

Epoch 23/100: Training Loss: 0.7631855010986328		 Val Loss: 1.8665197545831853
             	Training MAE: 0.07455338537693024		 Val MAE: 0.08404002338647842
             	Algebraic dist: 0.7060617100108754		 Val Algebraic dist: 0.85126746784557
             	RE1 dist: 0.5142447731711648		 Val RE1 dist: 0.9644725972955878
             	SED dist: 1.487095225941051		 Val SED dist: 3.6832653392444956

Epoch 24/100: Training Loss: 0.7733679684725675		 Val Loss: 2.0496125654740767
             	Training MAE: 0.08462958037853241		 Val MAE: 0.07553380727767944
             	Algebraic dist: 0.6853306510231711		 Val Algebraic dist: 0.955608454617587
             	RE1 dist: 0.4904326959089799		 Val RE1 dist: 1.1861598274924539
             	SED dist: 1.4970789822665127		 Val SED dist: 4.0574961575594815

Epoch 25/100: Training Loss: 0.7210567647760565		 Val Loss: 1.6414418654008345
             	Training MAE: 0.06909164041280746		 Val MAE: 0.07443032413721085
             	Algebraic dist: 0.6546655568209562		 Val Algebraic dist: 0.8338832855224609
             	RE1 dist: 0.4644461545077237		 Val RE1 dist: 0.9338019977916371
             	SED dist: 1.4073162078857422		 Val SED dist: 3.243730371648615

Epoch 26/100: Training Loss: 0.6435026689009233		 Val Loss: 2.5327380787242544
             	Training MAE: 0.07764516025781631		 Val MAE: 0.08153598755598068
             	Algebraic dist: 0.5720938769253817		 Val Algebraic dist: 0.895949970592152
             	RE1 dist: 0.4104437394575639		 Val RE1 dist: 1.1395757848566228
             	SED dist: 1.2451342669400303		 Val SED dist: 5.016487468372691

Epoch 27/100: Training Loss: 0.5526095303622159		 Val Loss: 1.5981651652943005
             	Training MAE: 0.07673520594835281		 Val MAE: 0.07880653440952301
             	Algebraic dist: 0.5167612595991655		 Val Algebraic dist: 0.8145735480568626
             	RE1 dist: 0.33975607698613947		 Val RE1 dist: 0.881450046192516
             	SED dist: 1.064240889115767		 Val SED dist: 3.1529246243563565

Epoch 28/100: Training Loss: 0.6051942651922052		 Val Loss: 1.7668590545654297
             	Training MAE: 0.07730207592248917		 Val MAE: 0.07766451686620712
             	Algebraic dist: 0.5630422071977095		 Val Algebraic dist: 0.881544373252175
             	RE1 dist: 0.37939145348288794		 Val RE1 dist: 0.9370705864646218
             	SED dist: 1.1688072031194514		 Val SED dist: 3.4903255809437144

Epoch 29/100: Training Loss: 0.7181834741072222		 Val Loss: 2.2516214197332207
             	Training MAE: 0.07665055245161057		 Val MAE: 0.08721853792667389
             	Algebraic dist: 0.662489500912753		 Val Algebraic dist: 1.0306836041537197
             	RE1 dist: 0.4676929387179288		 Val RE1 dist: 1.265972224148837
             	SED dist: 1.3953475085171787		 Val SED dist: 4.4494334134188565

Epoch 30/100: Training Loss: 0.844420693137429		 Val Loss: 3.317399111661044
             	Training MAE: 0.08087491244077682		 Val MAE: 0.07785526663064957
             	Algebraic dist: 0.7608632174405184		 Val Algebraic dist: 0.9525286067615856
             	RE1 dist: 0.5706105665727095		 Val RE1 dist: 1.1166976581920276
             	SED dist: 1.6435938748446377		 Val SED dist: 6.589641224254262

Epoch 31/100: Training Loss: 1.1609167619185015		 Val Loss: 4.2765513333407315
             	Training MAE: 0.07864987105131149		 Val MAE: 0.08736670762300491
             	Algebraic dist: 0.9138716784390536		 Val Algebraic dist: 1.202796069058505
             	RE1 dist: 0.7759943008422852		 Val RE1 dist: 1.7324210080233486
             	SED dist: 2.278391404585405		 Val SED dist: 8.49840060147372

Epoch 32/100: Training Loss: 1.4637367942116477		 Val Loss: 2.432065790349787
             	Training MAE: 0.07801482826471329		 Val MAE: 0.06201719120144844
             	Algebraic dist: 1.0717038241299717		 Val Algebraic dist: 1.089939984408292
             	RE1 dist: 1.0119996504350142		 Val RE1 dist: 1.5723072398792615
             	SED dist: 2.883991241455078		 Val SED dist: 4.833004344593395

Epoch 33/100: Training Loss: 1.2092145573009143		 Val Loss: 3.88237172907049
             	Training MAE: 0.06597468256950378		 Val MAE: 0.08106007426977158
             	Algebraic dist: 0.9564243663441051		 Val Algebraic dist: 1.5950111042369495
             	RE1 dist: 0.832410292191939		 Val RE1 dist: 2.397677334872159
             	SED dist: 2.3853941830721768		 Val SED dist: 7.718360207297585

Epoch 34/100: Training Loss: 1.366494352167303		 Val Loss: 7.917724609375
             	Training MAE: 0.0819927528500557		 Val MAE: 0.07768644392490387
             	Algebraic dist: 1.0364059968428179		 Val Algebraic dist: 0.9901931069113992
             	RE1 dist: 0.9719448956576261		 Val RE1 dist: 1.467581488869407
             	SED dist: 2.6862931685014204		 Val SED dist: 15.788314819335938

Epoch 35/100: Training Loss: 0.7069408676841042		 Val Loss: 3.2325300736860796
             	Training MAE: 0.06706201285123825		 Val MAE: 0.07488399744033813
             	Algebraic dist: 0.6476630731062456		 Val Algebraic dist: 1.1036027561534534
             	RE1 dist: 0.4584783207286488		 Val RE1 dist: 1.4410702098499646
             	SED dist: 1.3803408362648704		 Val SED dist: 6.423072121360085

Epoch 36/100: Training Loss: 0.7188885428688743		 Val Loss: 12.610468084161932
             	Training MAE: 0.07667076587677002		 Val MAE: 0.08874747902154922
             	Algebraic dist: 0.6586301976984198		 Val Algebraic dist: 1.1180871616710315
             	RE1 dist: 0.4792175726457076		 Val RE1 dist: 1.772435795177113
             	SED dist: 1.3966872475363992		 Val SED dist: 25.15974287553267

Epoch 37/100: Training Loss: 0.794358947060325		 Val Loss: 2.31852219321511
             	Training MAE: 0.0831611156463623		 Val MAE: 0.08034033328294754
             	Algebraic dist: 0.7129242636940696		 Val Algebraic dist: 0.8515032854947177
             	RE1 dist: 0.5163657448508523		 Val RE1 dist: 1.065176096829501
             	SED dist: 1.540840669111772		 Val SED dist: 4.5908518704501065

Epoch 38/100: Training Loss: 0.6770449551669034		 Val Loss: 1.9435469887473367
             	Training MAE: 0.07516250759363174		 Val MAE: 0.06841178238391876
             	Algebraic dist: 0.6241104386069558		 Val Algebraic dist: 1.1335470893166282
             	RE1 dist: 0.43847318129106		 Val RE1 dist: 1.1855278015136719
             	SED dist: 1.314379952170632		 Val SED dist: 3.851936687122692

Epoch 39/100: Training Loss: 0.738732251253995		 Val Loss: 1.7722623998468572
             	Training MAE: 0.06697650253772736		 Val MAE: 0.07169387489557266
             	Algebraic dist: 0.6705710237676447		 Val Algebraic dist: 0.9519562287764116
             	RE1 dist: 0.5070898316123269		 Val RE1 dist: 0.975620529868386
             	SED dist: 1.4440539966930042		 Val SED dist: 3.506559198552912

Epoch 40/100: Training Loss: 0.6697237274863503		 Val Loss: 2.3992203799161045
             	Training MAE: 0.07955886423587799		 Val MAE: 0.08841478824615479
             	Algebraic dist: 0.639825777574019		 Val Algebraic dist: 0.8386139436201616
             	RE1 dist: 0.4289053136652166		 Val RE1 dist: 1.0336901924826882
             	SED dist: 1.2954742258245295		 Val SED dist: 4.741859782825816

Epoch 41/100: Training Loss: 0.5774805329062722		 Val Loss: 3.4494348005814985
             	Training MAE: 0.0828327015042305		 Val MAE: 0.08305361121892929
             	Algebraic dist: 0.565207221291282		 Val Algebraic dist: 0.9435375387018378
             	RE1 dist: 0.3500419313257391		 Val RE1 dist: 1.1858458952470259
             	SED dist: 1.1074147657914595		 Val SED dist: 6.846924521706321

Epoch 42/100: Training Loss: 0.6294690912420099		 Val Loss: 2.8612464557994497
             	Training MAE: 0.07849825173616409		 Val MAE: 0.08454619348049164
             	Algebraic dist: 0.5724388035860929		 Val Algebraic dist: 0.905635573647239
             	RE1 dist: 0.39568627964366565		 Val RE1 dist: 1.138148221102628
             	SED dist: 1.2161360653963955		 Val SED dist: 5.669753334738991

Epoch 43/100: Training Loss: 0.7181728102944114		 Val Loss: 1.9992434761740945
             	Training MAE: 0.07779408246278763		 Val MAE: 0.08100435137748718
             	Algebraic dist: 0.6750467907298695		 Val Algebraic dist: 1.0170296755704014
             	RE1 dist: 0.4658109491521662		 Val RE1 dist: 1.1906237168745561
             	SED dist: 1.39417180148038		 Val SED dist: 3.9527150934392754

Epoch 44/100: Training Loss: 0.6250619454817339		 Val Loss: 1.7437742406671697
             	Training MAE: 0.08264423906803131		 Val MAE: 0.08923782408237457
             	Algebraic dist: 0.5878337946805087		 Val Algebraic dist: 0.8499630147760565
             	RE1 dist: 0.37419661608609284		 Val RE1 dist: 0.9310534217140891
             	SED dist: 1.2026676698164507		 Val SED dist: 3.4313409978693183

Epoch 45/100: Training Loss: 0.5064454945650968		 Val Loss: 1.8797704523259944
             	Training MAE: 0.08267317712306976		 Val MAE: 0.07963511347770691
             	Algebraic dist: 0.47906832261519		 Val Algebraic dist: 0.8615936799482866
             	RE1 dist: 0.2894675081426447		 Val RE1 dist: 0.9688426798040216
             	SED dist: 0.9653377532958984		 Val SED dist: 3.7139244079589844

Epoch 46/100: Training Loss: 0.5902652740478516		 Val Loss: 4.329433441162109
             	Training MAE: 0.0803685262799263		 Val MAE: 0.09146834909915924
             	Algebraic dist: 0.5678228031505238		 Val Algebraic dist: 0.8461562069979581
             	RE1 dist: 0.3515866886485707		 Val RE1 dist: 1.0179014205932617
             	SED dist: 1.1356543627652256		 Val SED dist: 8.595770402388139

Epoch 47/100: Training Loss: 0.7330441908402876		 Val Loss: 46.29586514559659
             	Training MAE: 0.08024940639734268		 Val MAE: 0.0820559710264206
             	Algebraic dist: 0.6692675677212802		 Val Algebraic dist: 1.265625693581321
             	RE1 dist: 0.47885547984730115		 Val RE1 dist: 2.258270090276545
             	SED dist: 1.4210281372070312		 Val SED dist: 92.53096701882102

Epoch 48/100: Training Loss: 0.924880634654652		 Val Loss: 2.2193785580721768
             	Training MAE: 0.07479304820299149		 Val MAE: 0.08139438927173615
             	Algebraic dist: 0.8046129400079901		 Val Algebraic dist: 0.9255196831443093
             	RE1 dist: 0.630754600871693		 Val RE1 dist: 1.0196328596635298
             	SED dist: 1.810105410489169		 Val SED dist: 4.390216480601918

Epoch 49/100: Training Loss: 0.7396333867853339		 Val Loss: 11.726089477539062
             	Training MAE: 0.07630804181098938		 Val MAE: 0.08903659880161285
             	Algebraic dist: 0.6758213043212891		 Val Algebraic dist: 1.0235393697565252
             	RE1 dist: 0.4592753757130016		 Val RE1 dist: 1.5867805480957031
             	SED dist: 1.43825270912864		 Val SED dist: 23.390053488991477

Epoch 50/100: Training Loss: 0.6930786913091486		 Val Loss: 4.031191739169034
             	Training MAE: 0.0893438309431076		 Val MAE: 0.09282729774713516
             	Algebraic dist: 0.656293045390736		 Val Algebraic dist: 1.2141196511008523
             	RE1 dist: 0.4241766496138139		 Val RE1 dist: 1.6134797876531428
             	SED dist: 1.3302860260009766		 Val SED dist: 8.0000263560902

Epoch 51/100: Training Loss: 0.7875981764359907		 Val Loss: 2.010605898770419
             	Training MAE: 0.08532188832759857		 Val MAE: 0.08115388453006744
             	Algebraic dist: 0.6900458335876465		 Val Algebraic dist: 0.9664564999667081
             	RE1 dist: 0.4863900704817338		 Val RE1 dist: 1.155152147466486
             	SED dist: 1.5244627865878018		 Val SED dist: 3.9744883450594815

Epoch 52/100: Training Loss: 0.852831407026811		 Val Loss: 2.5532058369029653
             	Training MAE: 0.08075714111328125		 Val MAE: 0.08281180262565613
             	Algebraic dist: 0.7542764490300958		 Val Algebraic dist: 1.009324767372825
             	RE1 dist: 0.5642795562744141		 Val RE1 dist: 1.2171302275224165
             	SED dist: 1.660173069347035		 Val SED dist: 5.056551499800249

Epoch 53/100: Training Loss: 0.9244196631691672		 Val Loss: 4.439939325506037
             	Training MAE: 0.07584383338689804		 Val MAE: 0.07341614365577698
             	Algebraic dist: 0.8175156333229758		 Val Algebraic dist: 0.9389205412431196
             	RE1 dist: 0.623674826188521		 Val RE1 dist: 1.1837146065451882
             	SED dist: 1.8081919930197976		 Val SED dist: 8.835997147993607

Epoch 54/100: Training Loss: 0.8125504580411044		 Val Loss: 1.5914110703901811
             	Training MAE: 0.06918469071388245		 Val MAE: 0.07090868800878525
             	Algebraic dist: 0.7287487550215288		 Val Algebraic dist: 0.8994728435169567
             	RE1 dist: 0.5513544949618253		 Val RE1 dist: 0.8742578679865057
             	SED dist: 1.5897946791215376		 Val SED dist: 3.14512114091353

Epoch 55/100: Training Loss: 0.6058872829784047		 Val Loss: 2.76638447154652
             	Training MAE: 0.0747399553656578		 Val MAE: 0.08019471168518066
             	Algebraic dist: 0.6006291996348988		 Val Algebraic dist: 0.9367512789639559
             	RE1 dist: 0.3848039887168191		 Val RE1 dist: 1.0834220539439807
             	SED dist: 1.1718724857677112		 Val SED dist: 5.483699105002663

Epoch 56/100: Training Loss: 0.8062588951804421		 Val Loss: 5.137703982266513
             	Training MAE: 0.07742054015398026		 Val MAE: 0.08632407337427139
             	Algebraic dist: 0.7454466386274858		 Val Algebraic dist: 0.9553057930686257
             	RE1 dist: 0.5131857178427957		 Val RE1 dist: 1.4174001867120916
             	SED dist: 1.5704461877996272		 Val SED dist: 10.218061967329545

Epoch 57/100: Training Loss: 0.9201064543290571		 Val Loss: 3.3443513350053267
             	Training MAE: 0.07753477245569229		 Val MAE: 0.0867466852068901
             	Algebraic dist: 0.8207234469327059		 Val Algebraic dist: 1.1048893495039507
             	RE1 dist: 0.6103057861328125		 Val RE1 dist: 1.413497578014027
             	SED dist: 1.7978975122625178		 Val SED dist: 6.633850791237571

Epoch 58/100: Training Loss: 0.7918777465820312		 Val Loss: 2.743379246104847
             	Training MAE: 0.08394435048103333		 Val MAE: 0.08744806796312332
             	Algebraic dist: 0.7048540115356445		 Val Algebraic dist: 0.9536945169622247
             	RE1 dist: 0.5093874497847124		 Val RE1 dist: 1.1703114076094194
             	SED dist: 1.5347442626953125		 Val SED dist: 5.4311676025390625

Epoch 59/100: Training Loss: 0.6738049333745783		 Val Loss: 2.7113125540993432
             	Training MAE: 0.0787351056933403		 Val MAE: 0.08324311673641205
             	Algebraic dist: 0.6233202760869806		 Val Algebraic dist: 0.9936717640269886
             	RE1 dist: 0.4256292256441983		 Val RE1 dist: 1.1741978905417703
             	SED dist: 1.3040970889004795		 Val SED dist: 5.370914459228516

Epoch 60/100: Training Loss: 0.689137502150102		 Val Loss: 1.5839306224476208
             	Training MAE: 0.07941155880689621		 Val MAE: 0.07706309854984283
             	Algebraic dist: 0.6526966094970703		 Val Algebraic dist: 0.9016035253351385
             	RE1 dist: 0.4459932500665838		 Val RE1 dist: 0.9158697128295898
             	SED dist: 1.3341354023326526		 Val SED dist: 3.125204259699041

Epoch 61/100: Training Loss: 0.6268515586853027		 Val Loss: 1.969565131447532
             	Training MAE: 0.07614950835704803		 Val MAE: 0.08169998228549957
             	Algebraic dist: 0.6067676110701128		 Val Algebraic dist: 0.9199716394597833
             	RE1 dist: 0.39081677523526276		 Val RE1 dist: 1.062219966541637
             	SED dist: 1.2125399329445579		 Val SED dist: 3.890713778409091

Epoch 62/100: Training Loss: 0.8096932497891512		 Val Loss: 3.2417144775390625
             	Training MAE: 0.07723859697580338		 Val MAE: 0.08644270896911621
             	Algebraic dist: 0.7792445096102628		 Val Algebraic dist: 1.488006591796875
             	RE1 dist: 0.5330808812921698		 Val RE1 dist: 1.8654774752530185
             	SED dist: 1.577202016657049		 Val SED dist: 6.429968400435015

Epoch 63/100: Training Loss: 1.8636580380526455		 Val Loss: 2.0698023709383877
             	Training MAE: 0.0793026015162468		 Val MAE: 0.09603867679834366
             	Algebraic dist: 1.2327838377519087		 Val Algebraic dist: 1.043290745128285
             	RE1 dist: 1.2454462918368252		 Val RE1 dist: 1.1498946276578037
             	SED dist: 3.682556845925071		 Val SED dist: 4.0736704739657315

Epoch 64/100: Training Loss: 1.0609946684403853		 Val Loss: 1.6556422493674539
             	Training MAE: 0.08957304060459137		 Val MAE: 0.08192288130521774
             	Algebraic dist: 0.8586632988669656		 Val Algebraic dist: 0.873042106628418
             	RE1 dist: 0.6957808841358532		 Val RE1 dist: 0.8761926130814985
             	SED dist: 2.0657289678400215		 Val SED dist: 3.263357335870916

Epoch 65/100: Training Loss: 1.019957802512429		 Val Loss: 2.885408401489258
             	Training MAE: 0.06996577978134155		 Val MAE: 0.06818412244319916
             	Algebraic dist: 0.8275338086214933		 Val Algebraic dist: 1.3403814489191228
             	RE1 dist: 0.6755268790505149		 Val RE1 dist: 1.52604848688299
             	SED dist: 2.0037879943847656		 Val SED dist: 5.7334466414018115

Epoch 66/100: Training Loss: 0.7375338294289329		 Val Loss: 2.8020376725630327
             	Training MAE: 0.07309860736131668		 Val MAE: 0.08163829892873764
             	Algebraic dist: 0.6949687871066007		 Val Algebraic dist: 0.8438603661277078
             	RE1 dist: 0.4883542060852051		 Val RE1 dist: 1.0479679974642666
             	SED dist: 1.4367600354281338		 Val SED dist: 5.554538033225319

Epoch 67/100: Training Loss: 0.5456081303683195		 Val Loss: 4.1900856711647725
             	Training MAE: 0.08206215500831604		 Val MAE: 0.08318589627742767
             	Algebraic dist: 0.5346124388954856		 Val Algebraic dist: 0.9034174138849432
             	RE1 dist: 0.32763669707558374		 Val RE1 dist: 1.1954851150512695
             	SED dist: 1.0443743792447178		 Val SED dist: 8.327762950550426

Epoch 68/100: Training Loss: 0.4891524748368697		 Val Loss: 1.7560154307972302
             	Training MAE: 0.07105675339698792		 Val MAE: 0.0728735625743866
             	Algebraic dist: 0.507568749514493		 Val Algebraic dist: 0.8163137435913086
             	RE1 dist: 0.30245954340154474		 Val RE1 dist: 0.8986221660267223
             	SED dist: 0.9414158734408292		 Val SED dist: 3.4724273681640625

Epoch 69/100: Training Loss: 0.4797345074740323		 Val Loss: 2.371488397771662
             	Training MAE: 0.07876751571893692		 Val MAE: 0.08614416420459747
             	Algebraic dist: 0.4675195433876731		 Val Algebraic dist: 0.8028610402887518
             	RE1 dist: 0.2774837884035977		 Val RE1 dist: 0.9965263713489879
             	SED dist: 0.9157235405661843		 Val SED dist: 4.68909350308505

Epoch 70/100: Training Loss: 0.49299599907614966		 Val Loss: 2.6261700716885654
             	Training MAE: 0.08283631503582001		 Val MAE: 0.08543986827135086
             	Algebraic dist: 0.47812795639038086		 Val Algebraic dist: 0.854880766435103
             	RE1 dist: 0.27293716777454724		 Val RE1 dist: 1.0417245518077503
             	SED dist: 0.9382277402010831		 Val SED dist: 5.197670329700816

Epoch 71/100: Training Loss: 0.48595177043568005		 Val Loss: 4.387873909690163
             	Training MAE: 0.0804213285446167		 Val MAE: 0.0831732228398323
             	Algebraic dist: 0.47601578452370386		 Val Algebraic dist: 0.9492241252552379
             	RE1 dist: 0.27925610542297363		 Val RE1 dist: 1.5104389190673828
             	SED dist: 0.926692702553489		 Val SED dist: 8.723126498135654

Epoch 72/100: Training Loss: 0.5538672533902255		 Val Loss: 2.231307116421786
             	Training MAE: 0.07875028997659683		 Val MAE: 0.084291972219944
             	Algebraic dist: 0.5569769685918634		 Val Algebraic dist: 0.9062502600929954
             	RE1 dist: 0.3299633806402033		 Val RE1 dist: 0.9597746242176403
             	SED dist: 1.0640689676458186		 Val SED dist: 4.409177953546697

Epoch 73/100: Training Loss: 0.48871907320889557		 Val Loss: 1.7022497003728694
             	Training MAE: 0.08063259720802307		 Val MAE: 0.07338277995586395
             	Algebraic dist: 0.5041340481151234		 Val Algebraic dist: 0.7568492022427645
             	RE1 dist: 0.28658836538141425		 Val RE1 dist: 0.806644699790261
             	SED dist: 0.9317157918756659		 Val SED dist: 3.3646739612926138

Epoch 74/100: Training Loss: 0.6598886576565829		 Val Loss: 1.906922773881392
             	Training MAE: 0.07267492264509201		 Val MAE: 0.07556327432394028
             	Algebraic dist: 0.6239454096013849		 Val Algebraic dist: 0.801406513560902
             	RE1 dist: 0.4183519103310325		 Val RE1 dist: 0.8550324006514116
             	SED dist: 1.281652103770863		 Val SED dist: 3.770692305131392

Epoch 75/100: Training Loss: 1.07244873046875		 Val Loss: 6.363594055175781
             	Training MAE: 0.0748920664191246		 Val MAE: 0.07835976779460907
             	Algebraic dist: 0.8554702238603071		 Val Algebraic dist: 1.172398653897372
             	RE1 dist: 0.7021151455965909		 Val RE1 dist: 1.519466053355824
             	SED dist: 2.1048429662531074		 Val SED dist: 12.677330710671164

Epoch 76/100: Training Loss: 0.6965966658158735		 Val Loss: 3.3057129599831323
             	Training MAE: 0.07216206938028336		 Val MAE: 0.08395422995090485
             	Algebraic dist: 0.6830448670820757		 Val Algebraic dist: 0.9106945558027788
             	RE1 dist: 0.4478042342446067		 Val RE1 dist: 1.164879018610174
             	SED dist: 1.3554475957697087		 Val SED dist: 6.557233637029475

Epoch 77/100: Training Loss: 0.4736057628284801		 Val Loss: 4.182531876997515
             	Training MAE: 0.07636836171150208		 Val MAE: 0.08164982497692108
             	Algebraic dist: 0.4797696200284091		 Val Algebraic dist: 0.9161672592163086
             	RE1 dist: 0.27349643273787066		 Val RE1 dist: 1.1934833526611328
             	SED dist: 0.9059329466386274		 Val SED dist: 8.312178871848367

Epoch 78/100: Training Loss: 0.49835187738591974		 Val Loss: 1.3813942128961736
             	Training MAE: 0.0733422264456749		 Val MAE: 0.08041500300168991
             	Algebraic dist: 0.5055808587507769		 Val Algebraic dist: 0.7434018741954457
             	RE1 dist: 0.3000194159421054		 Val RE1 dist: 0.6832936026833274
             	SED dist: 0.958049860867587		 Val SED dist: 2.716141614046964

Epoch 79/100: Training Loss: 0.5543788996609774		 Val Loss: 1.2098451094193892
             	Training MAE: 0.07982791215181351		 Val MAE: 0.08662764728069305
             	Algebraic dist: 0.539480599490079		 Val Algebraic dist: 0.6833245104009454
             	RE1 dist: 0.3273696249181574		 Val RE1 dist: 0.589399207722057
             	SED dist: 1.064103906804865		 Val SED dist: 2.36698393388228

Epoch 80/100: Training Loss: 0.5461203401738947		 Val Loss: 1.2904135097156872
             	Training MAE: 0.08193138986825943		 Val MAE: 0.07983832061290741
             	Algebraic dist: 0.5376862612637606		 Val Algebraic dist: 0.7267697074196555
             	RE1 dist: 0.3176526806571267		 Val RE1 dist: 0.6318992701443759
             	SED dist: 1.045117898420854		 Val SED dist: 2.5339587818492544

Epoch 81/100: Training Loss: 0.608073277906938		 Val Loss: 5.089724107222124
             	Training MAE: 0.07414726167917252		 Val MAE: 0.08289451897144318
             	Algebraic dist: 0.5988689769398082		 Val Algebraic dist: 0.9973909204656427
             	RE1 dist: 0.36389645663174713		 Val RE1 dist: 1.334593339399858
             	SED dist: 1.17684927853671		 Val SED dist: 10.124933416193182

Epoch 82/100: Training Loss: 0.43506865067915484		 Val Loss: 1.88191067088734
             	Training MAE: 0.07689488679170609		 Val MAE: 0.0858861654996872
             	Algebraic dist: 0.46769874746149237		 Val Algebraic dist: 0.737847154790705
             	RE1 dist: 0.23736624284224075		 Val RE1 dist: 0.7169604301452637
             	SED dist: 0.8286059119484641		 Val SED dist: 3.70972338589755

Epoch 83/100: Training Loss: 0.3943612358786843		 Val Loss: 1.7032082297585227
             	Training MAE: 0.08161001652479172		 Val MAE: 0.08680103719234467
             	Algebraic dist: 0.42421397295865143		 Val Algebraic dist: 0.7459446300159801
             	RE1 dist: 0.21205841411243787		 Val RE1 dist: 0.7787987102161754
             	SED dist: 0.7423741600730203		 Val SED dist: 3.3521784002130683

Epoch 84/100: Training Loss: 0.5807791623202238		 Val Loss: 1.6127473657781428
             	Training MAE: 0.07662072032690048		 Val MAE: 0.07508508116006851
             	Algebraic dist: 0.575230295007879		 Val Algebraic dist: 0.7343632091175426
             	RE1 dist: 0.34483343904668634		 Val RE1 dist: 0.7382313988425515
             	SED dist: 1.1203113035722212		 Val SED dist: 3.1828419078480112

Epoch 85/100: Training Loss: 0.407357475974343		 Val Loss: 1.7455822337757458
             	Training MAE: 0.07412555068731308		 Val MAE: 0.08165937662124634
             	Algebraic dist: 0.4353179931640625		 Val Algebraic dist: 0.7433788126165216
             	RE1 dist: 0.21581948887218128		 Val RE1 dist: 0.8037320050326261
             	SED dist: 0.7757883938876066		 Val SED dist: 3.442368594082919

Epoch 86/100: Training Loss: 0.43558983369307086		 Val Loss: 2.091076070612127
             	Training MAE: 0.07599681615829468		 Val MAE: 0.08157139271497726
             	Algebraic dist: 0.4560084776444869		 Val Algebraic dist: 0.8598175048828125
             	RE1 dist: 0.2344745939428156		 Val RE1 dist: 0.8826358968561346
             	SED dist: 0.830771879716353		 Val SED dist: 4.1328887939453125

Epoch 87/100: Training Loss: 0.5823492136868563		 Val Loss: 2.362164930863814
             	Training MAE: 0.08104337751865387		 Val MAE: 0.08762843161821365
             	Algebraic dist: 0.5805866068059747		 Val Algebraic dist: 1.0120060660622336
             	RE1 dist: 0.3262566219676625		 Val RE1 dist: 1.0396314100785689
             	SED dist: 1.1190881729125977		 Val SED dist: 4.668242714621804

Epoch 88/100: Training Loss: 0.7457686337557706		 Val Loss: 2.54435209794478
             	Training MAE: 0.07067848742008209		 Val MAE: 0.0772496685385704
             	Algebraic dist: 0.6955247358842329		 Val Algebraic dist: 0.9420302997935902
             	RE1 dist: 0.4502464641224254		 Val RE1 dist: 1.0278739929199219
             	SED dist: 1.4550928636030718		 Val SED dist: 5.043248610063032

Epoch 89/100: Training Loss: 0.6010547117753462		 Val Loss: 3.6899303089488638
             	Training MAE: 0.07548428326845169		 Val MAE: 0.09085345268249512
             	Algebraic dist: 0.6069718707691539		 Val Algebraic dist: 1.0423486016013406
             	RE1 dist: 0.3435376557436856		 Val RE1 dist: 1.1933901526711204
             	SED dist: 1.162053715098988		 Val SED dist: 7.31805419921875

Epoch 90/100: Training Loss: 0.6781940026716753		 Val Loss: 4.030338287353516
             	Training MAE: 0.07394429296255112		 Val MAE: 0.0726710706949234
             	Algebraic dist: 0.6467314199967817		 Val Algebraic dist: 1.018026265231046
             	RE1 dist: 0.40390968322753906		 Val RE1 dist: 1.3011380975896663
             	SED dist: 1.3173985047773882		 Val SED dist: 8.01653359153054

Epoch 91/100: Training Loss: 0.4811247912320224		 Val Loss: 5.110640092329546
             	Training MAE: 0.06968814879655838		 Val MAE: 0.09023334085941315
             	Algebraic dist: 0.4937802661548961		 Val Algebraic dist: 0.746491172096946
             	RE1 dist: 0.26418180899186566		 Val RE1 dist: 0.8539601239291105
             	SED dist: 0.9262775074351918		 Val SED dist: 10.159438393332742

Epoch 92/100: Training Loss: 0.4685359434647994		 Val Loss: 5.82921669699929
             	Training MAE: 0.08333592116832733		 Val MAE: 0.0841170996427536
             	Algebraic dist: 0.5137492093172941		 Val Algebraic dist: 0.9767704010009766
             	RE1 dist: 0.250672383741899		 Val RE1 dist: 1.1305246353149414
             	SED dist: 0.8889208706942472		 Val SED dist: 11.6030405217951

Epoch 93/100: Training Loss: 0.46475094014948065		 Val Loss: 2.700208317149769
             	Training MAE: 0.07754041999578476		 Val MAE: 0.08877936005592346
             	Algebraic dist: 0.5042701201005415		 Val Algebraic dist: 0.8828411969271573
             	RE1 dist: 0.24982690811157227		 Val RE1 dist: 0.9891256852583452
             	SED dist: 0.8875939629294656		 Val SED dist: 5.342403758655895

Epoch 94/100: Training Loss: 0.5560143644159491		 Val Loss: 2.7952244498512964
             	Training MAE: 0.08002518862485886		 Val MAE: 0.07942196726799011
             	Algebraic dist: 0.5849397399208762		 Val Algebraic dist: 0.814608400518244
             	RE1 dist: 0.31951193376020953		 Val RE1 dist: 0.8832249207930132
             	SED dist: 1.0675855983387341		 Val SED dist: 5.540701085870916

Epoch 95/100: Training Loss: 0.4358742453835227		 Val Loss: 1.658068917014382
             	Training MAE: 0.0720529556274414		 Val MAE: 0.0855056643486023
             	Algebraic dist: 0.4720818346196955		 Val Algebraic dist: 0.7542152404785156
             	RE1 dist: 0.2285144112326882		 Val RE1 dist: 0.7271611907265403
             	SED dist: 0.8347168835726652		 Val SED dist: 3.2635629827325996

Epoch 96/100: Training Loss: 0.4004237001592463		 Val Loss: 1.226445804942738
             	Training MAE: 0.08195154368877411		 Val MAE: 0.08147598803043365
             	Algebraic dist: 0.42786944996226917		 Val Algebraic dist: 0.7131320346485485
             	RE1 dist: 0.20473133433948865		 Val RE1 dist: 0.5722053701227362
             	SED dist: 0.7543048858642578		 Val SED dist: 2.405834024602717

Epoch 97/100: Training Loss: 0.3915563930164684		 Val Loss: 1.5087262933904475
             	Training MAE: 0.07917772978544235		 Val MAE: 0.09168656170368195
             	Algebraic dist: 0.42615222930908203		 Val Algebraic dist: 0.6783972219987349
             	RE1 dist: 0.1985194899819114		 Val RE1 dist: 0.6283089030872692
             	SED dist: 0.7392435940829191		 Val SED dist: 2.9570048939098013

Epoch 98/100: Training Loss: 0.3780241879549893		 Val Loss: 1.3114856373180042
             	Training MAE: 0.08540937304496765		 Val MAE: 0.0871596708893776
             	Algebraic dist: 0.4021966674111106		 Val Algebraic dist: 0.6772926070473411
             	RE1 dist: 0.17892832105809992		 Val RE1 dist: 0.5725171782753684
             	SED dist: 0.7053936178034003		 Val SED dist: 2.5680795149369673

Epoch 99/100: Training Loss: 0.3674640655517578		 Val Loss: 1.3839613307606091
             	Training MAE: 0.07836128771305084		 Val MAE: 0.07916928082704544
             	Algebraic dist: 0.39737077192826703		 Val Algebraic dist: 0.7735461321744052
             	RE1 dist: 0.1815310391512784		 Val RE1 dist: 0.6413420330394398
             	SED dist: 0.6921733075922186		 Val SED dist: 2.7227271686900747

Epoch 100/100: Training Loss: 0.4827913370999423		 Val Loss: 8.572397405450994
             	Training MAE: 0.07934622466564178		 Val MAE: 0.08955620974302292
             	Algebraic dist: 0.5154639157381925		 Val Algebraic dist: 0.9659869454123757
             	RE1 dist: 0.2504801966927268		 Val RE1 dist: 1.410413221879439
             	SED dist: 0.9216758554632013		 Val SED dist: 17.08251814408736

Epoch 101/100: Training Loss: 0.42122892899946734		 Val Loss: 1.2483976537531072
             	Training MAE: 0.07857248187065125		 Val MAE: 0.08030162751674652
             	Algebraic dist: 0.46031986583362927		 Val Algebraic dist: 0.6357569261030718
             	RE1 dist: 0.2080676338889382		 Val RE1 dist: 0.555757609280673
             	SED dist: 0.7994885878129439		 Val SED dist: 2.450923052701083

Epoch 102/100: Training Loss: 0.34624190763993695		 Val Loss: 2.0586393529718574
             	Training MAE: 0.08033518493175507		 Val MAE: 0.08007432520389557
             	Algebraic dist: 0.38571934266523883		 Val Algebraic dist: 0.7645251534201882
             	RE1 dist: 0.16527416489341043		 Val RE1 dist: 0.7491708235307173
             	SED dist: 0.6476589983159845		 Val SED dist: 4.070492137562145

Epoch 103/100: Training Loss: 0.38591428236527875		 Val Loss: 2.5659826452081855
             	Training MAE: 0.07617475837469101		 Val MAE: 0.08571062237024307
             	Algebraic dist: 0.41994198885830963		 Val Algebraic dist: 0.8419492894952948
             	RE1 dist: 0.18860810453241522		 Val RE1 dist: 0.8632196079600941
             	SED dist: 0.7311867800625887		 Val SED dist: 5.07843052257191

Epoch 104/100: Training Loss: 0.49303674697875977		 Val Loss: 2.7759645635431465
             	Training MAE: 0.07516553997993469		 Val MAE: 0.08712580054998398
             	Algebraic dist: 0.5130381150679155		 Val Algebraic dist: 0.856985785744407
             	RE1 dist: 0.2542868527499112		 Val RE1 dist: 1.004342946139249
             	SED dist: 0.94622464613481		 Val SED dist: 5.495102969082919

Epoch 105/100: Training Loss: 0.4664705016396262		 Val Loss: 7.4456918889826
             	Training MAE: 0.080542653799057		 Val MAE: 0.08783573657274246
             	Algebraic dist: 0.5023502003062855		 Val Algebraic dist: 0.768309853293679
             	RE1 dist: 0.23414674672213467		 Val RE1 dist: 0.9611072540283203
             	SED dist: 0.8878720023415305		 Val SED dist: 14.833720814098012

Epoch 106/100: Training Loss: 0.5596364628184926		 Val Loss: 1.5613353035666726
             	Training MAE: 0.07629900425672531		 Val MAE: 0.06900244951248169
             	Algebraic dist: 0.56744553826072		 Val Algebraic dist: 0.7823091853748668
             	RE1 dist: 0.29825854301452637		 Val RE1 dist: 0.7520868127996271
             	SED dist: 1.0782928466796875		 Val SED dist: 3.086496873335405

Epoch 107/100: Training Loss: 0.656226244839755		 Val Loss: 1.401040424000133
             	Training MAE: 0.06920164078474045		 Val MAE: 0.09260792285203934
             	Algebraic dist: 0.601249174638228		 Val Algebraic dist: 0.7361125946044922
             	RE1 dist: 0.34779026291587134		 Val RE1 dist: 0.5830658132379706
             	SED dist: 1.2768530412153765		 Val SED dist: 2.740869001908736

Epoch 108/100: Training Loss: 0.38902815905484284		 Val Loss: 2.0904735218394888
             	Training MAE: 0.08583207428455353		 Val MAE: 0.081931471824646
             	Algebraic dist: 0.40283627943559125		 Val Algebraic dist: 0.7401562604037198
             	RE1 dist: 0.1808952743356878		 Val RE1 dist: 0.7324159795587714
             	SED dist: 0.7266530123623934		 Val SED dist: 4.130451202392578

