
###########################################################################################################################################################

 learning rate: 0.0001, mlp_hidden_sizes: [1024, 512], jump_frames: 6, use_reconstruction_layer: True
batch_size: 8, norm: True, train_seqeunces: [0, 2, 3, 5], val_sequences: [6, 7, 8], RL_TEST_NAMES: ['fe2fadf89a84e92a', 'f01e8b6f8e10fdd9', 'f1ee9dc6135e5307', 'a41df4fa06fd391b', 'bc0ebb7482f14795', '9bdd34e784c04e3a', '98ebee1c36ecec55'], dataset: Kitti2Flying,
average embeddings: False, model: microsoft/resnet-152, augmentation: True, random crop: True, part: None, get_old_path: False, computer: 1,
RE1 coeff: 0 SED coeff: 0.5, ALG_COEFF: 0, L2_coeff: 1, huber_coeff: 1, frozen layers: 0, trained vit: None, MAX_POOL_SIZE: 3
crop: 224 resize: 256, use conv: True pretrained: None, train_size: 9, norm_mean: tensor([0.5000, 0.5000, 0.5000], device='cuda:0'), norm_std: tensor([0.5000, 0.5000, 0.5000], device='cuda:0'), sched: None seed: 500

train size: 88, val size: 175, test size: 1231

algebraic_truth: 0.0034007277678359637		 val_algebraic_truth: 0.005072918805209073
RE1_truth: 1.2407322752882134e-05		 val_RE1_truth: 2.314964446916499e-05
SED_truth: 9.91733025082133e-05		 val_SED_truth: 0.00018520574932071295

Epoch 1/100: Training Loss: 0.934887019070712		 Val Loss: 3.0783958435058594
             	Training MAE: 0.0680859312415123		 Val MAE: 0.06612192839384079
             	Algebraic dist: 0.7836570739746094		 Val Algebraic dist: 1.3489674654873935
             	RE1 dist: 0.563055385242809		 Val RE1 dist: 1.7701516584916548
             	SED dist: 1.8339842016046697		 Val SED dist: 6.124178106134588

Epoch 2/100: Training Loss: 1.9050667502663352		 Val Loss: 5078.915127840909
             	Training MAE: 0.06743443012237549		 Val MAE: 0.0957900881767273
             	Algebraic dist: 1.1759110364046963		 Val Algebraic dist: 5.175680333917791
             	RE1 dist: 1.2028446197509766		 Val RE1 dist: 193.87839577414772
             	SED dist: 3.77468525279652		 Val SED dist: 10157.76278409091

Epoch 3/100: Training Loss: 1.0204539732499556		 Val Loss: 200.45692027698863
             	Training MAE: 0.0968526229262352		 Val MAE: 0.07838138192892075
             	Algebraic dist: 0.8310717669400302		 Val Algebraic dist: 2.0131438862193716
             	RE1 dist: 0.5918779373168945		 Val RE1 dist: 18.59092296253551
             	SED dist: 1.9731890938498757		 Val SED dist: 400.86922940340907

Epoch 4/100: Training Loss: 1.239135828885165		 Val Loss: 2296.2839133522725
             	Training MAE: 0.0730043277144432		 Val MAE: 0.05974849313497543
             	Algebraic dist: 0.9112651131369851		 Val Algebraic dist: 4.19358999078924
             	RE1 dist: 0.8267146023837003		 Val RE1 dist: 109.01544744318181
             	SED dist: 2.440339695323597		 Val SED dist: 4592.530184659091

Epoch 5/100: Training Loss: 3.3082604841752485		 Val Loss: 5.01849989457564
             	Training MAE: 0.06427539139986038		 Val MAE: 0.08521749824285507
             	Algebraic dist: 1.6684552972966975		 Val Algebraic dist: 1.9008223793723367
             	RE1 dist: 2.352169557051225		 Val RE1 dist: 3.0938984264026987
             	SED dist: 6.583994778719815		 Val SED dist: 9.98664023659446

Epoch 6/100: Training Loss: 1.931996605613015		 Val Loss: 14.207014604048295
             	Training MAE: 0.07353624701499939		 Val MAE: 0.05438923090696335
             	Algebraic dist: 1.2726444764570757		 Val Algebraic dist: 1.8974612842906604
             	RE1 dist: 1.4120227640325373		 Val RE1 dist: 7.197751825506037
             	SED dist: 3.8241622231223364		 Val SED dist: 28.386518998579547

Epoch 7/100: Training Loss: 1.7481217817826704		 Val Loss: 492.47261186079544
             	Training MAE: 0.06839127838611603		 Val MAE: 0.08291462808847427
             	Algebraic dist: 1.196006341414018		 Val Algebraic dist: 3.3859627463600854
             	RE1 dist: 1.287034121426669		 Val RE1 dist: 82.96720192649148
             	SED dist: 3.4604821638627485		 Val SED dist: 984.896484375

Epoch 8/100: Training Loss: 0.7406031868674539		 Val Loss: 4120.776278409091
             	Training MAE: 0.0803617313504219		 Val MAE: 0.0790201723575592
             	Algebraic dist: 0.675569620999423		 Val Algebraic dist: 4.211232272061435
             	RE1 dist: 0.5015754699707031		 Val RE1 dist: 139.9077703302557
             	SED dist: 1.4362442710182883		 Val SED dist: 8241.502130681818

Epoch 9/100: Training Loss: 0.7210143262689764		 Val Loss: 1628.713778409091
             	Training MAE: 0.07185184955596924		 Val MAE: 0.08217690885066986
             	Algebraic dist: 0.6471485658125444		 Val Algebraic dist: 4.750224373557351
             	RE1 dist: 0.4902071085843173		 Val RE1 dist: 159.93798828125
             	SED dist: 1.405252369967374		 Val SED dist: 3257.377130681818

Epoch 10/100: Training Loss: 0.975728381763805		 Val Loss: 512.5464311079545
             	Training MAE: 0.07866351306438446		 Val MAE: 0.07078088819980621
             	Algebraic dist: 0.7988121726296165		 Val Algebraic dist: 2.937280134721236
             	RE1 dist: 0.6765611821954901		 Val RE1 dist: 47.65971790660512
             	SED dist: 1.907786109230735		 Val SED dist: 1025.052645596591

Epoch 11/100: Training Loss: 0.8636980923739347		 Val Loss: 713.7322887073864
             	Training MAE: 0.07176156342029572		 Val MAE: 0.08941280096769333
             	Algebraic dist: 0.7770678780295632		 Val Algebraic dist: 3.8024538213556465
             	RE1 dist: 0.6053577769886364		 Val RE1 dist: 94.66620427911931
             	SED dist: 1.6898826252330432		 Val SED dist: 1427.4040305397727

Epoch 12/100: Training Loss: 0.5400508100336249		 Val Loss: 670.8375799005681
             	Training MAE: 0.07920672744512558		 Val MAE: 0.07641679048538208
             	Algebraic dist: 0.5277310718189586		 Val Algebraic dist: 2.6310547915371982
             	RE1 dist: 0.34456898949363013		 Val RE1 dist: 77.9622969193892
             	SED dist: 1.0362093665383079		 Val SED dist: 1341.6329900568182

Epoch 13/100: Training Loss: 0.5387973785400391		 Val Loss: 76.14581298828125
             	Training MAE: 0.0769616961479187		 Val MAE: 0.07801075279712677
             	Algebraic dist: 0.577876091003418		 Val Algebraic dist: 1.272390365600586
             	RE1 dist: 0.34957036105069245		 Val RE1 dist: 18.979962435635652
             	SED dist: 1.036217602816495		 Val SED dist: 152.249267578125

Epoch 14/100: Training Loss: 0.5360513166947798		 Val Loss: 1.8658152493563565
             	Training MAE: 0.07455369830131531		 Val MAE: 0.06955166161060333
             	Algebraic dist: 0.5433158874511719		 Val Algebraic dist: 0.8537569046020508
             	RE1 dist: 0.3543662808158181		 Val RE1 dist: 1.0928651636297053
             	SED dist: 1.0328242562033914		 Val SED dist: 3.696733301336115

Epoch 15/100: Training Loss: 0.8749752044677734		 Val Loss: 264.0286976207386
             	Training MAE: 0.07077145576477051		 Val MAE: 0.0715939849615097
             	Algebraic dist: 0.7872591018676758		 Val Algebraic dist: 2.9402795271439985
             	RE1 dist: 0.6121752478859641		 Val RE1 dist: 51.84133633700284
             	SED dist: 1.7137945348566228		 Val SED dist: 528.0185546875

Epoch 16/100: Training Loss: 0.8009287227283824		 Val Loss: 1428.8693181818182
             	Training MAE: 0.07077828794717789		 Val MAE: 0.08253983408212662
             	Algebraic dist: 0.7398786544799805		 Val Algebraic dist: 3.9152849370783027
             	RE1 dist: 0.5476881807500665		 Val RE1 dist: 112.16921164772727
             	SED dist: 1.5657575780695134		 Val SED dist: 2857.685724431818

Epoch 17/100: Training Loss: 0.7159279476512562		 Val Loss: 182.4327947443182
             	Training MAE: 0.0760398730635643		 Val MAE: 0.07704133540391922
             	Algebraic dist: 0.7115106149153276		 Val Algebraic dist: 1.6532438451593572
             	RE1 dist: 0.48661665482954547		 Val RE1 dist: 38.07259854403409
             	SED dist: 1.3912246010520242		 Val SED dist: 364.8241521661932

Epoch 18/100: Training Loss: 0.4923963113264604		 Val Loss: 12.700719659978693
             	Training MAE: 0.07563422620296478		 Val MAE: 0.0700092613697052
             	Algebraic dist: 0.5239837819879706		 Val Algebraic dist: 1.0797502344304866
             	RE1 dist: 0.30592675642533734		 Val RE1 dist: 5.835658680308949
             	SED dist: 0.9446412866765802		 Val SED dist: 25.36620261452415

Epoch 19/100: Training Loss: 0.5741388147527521		 Val Loss: 726.3020685369319
             	Training MAE: 0.0696718841791153		 Val MAE: 0.07521343231201172
             	Algebraic dist: 0.6073529503562234		 Val Algebraic dist: 2.3354062167080967
             	RE1 dist: 0.36221642927689984		 Val RE1 dist: 64.8118563565341
             	SED dist: 1.113036502491344		 Val SED dist: 1452.5631214488637

Epoch 20/100: Training Loss: 1.5997208681973545		 Val Loss: 19160.600852272728
             	Training MAE: 0.08014678210020065		 Val MAE: 0.0902479737997055
             	Algebraic dist: 1.1134004592895508		 Val Algebraic dist: 7.070967240767046
             	RE1 dist: 1.1339379223910244		 Val RE1 dist: 286.8653453480114
             	SED dist: 3.154487956653942		 Val SED dist: 38321.13636363636

Epoch 21/100: Training Loss: 1.0376794988458806		 Val Loss: 598.2454279119319
             	Training MAE: 0.0705554187297821		 Val MAE: 0.07074732333421707
             	Algebraic dist: 0.8583967035466974		 Val Algebraic dist: 2.300329728560014
             	RE1 dist: 0.7079744772477583		 Val RE1 dist: 49.86773126775568
             	SED dist: 2.038937655362216		 Val SED dist: 1196.4515269886363

Epoch 22/100: Training Loss: 0.603730938651345		 Val Loss: 104.65198863636364
             	Training MAE: 0.07057294249534607		 Val MAE: 0.07974985241889954
             	Algebraic dist: 0.6443049257451837		 Val Algebraic dist: 1.6346201463179155
             	RE1 dist: 0.3901618610728871		 Val RE1 dist: 13.273007479580967
             	SED dist: 1.1714571172540837		 Val SED dist: 209.2552157315341

Epoch 23/100: Training Loss: 0.6057125438343395		 Val Loss: 398.74081143465907
             	Training MAE: 0.07793304324150085		 Val MAE: 0.07278038561344147
             	Algebraic dist: 0.6101561893116344		 Val Algebraic dist: 2.0424745733087715
             	RE1 dist: 0.38698265769264917		 Val RE1 dist: 43.61687954989347
             	SED dist: 1.169011116027832		 Val SED dist: 797.4419389204545

Epoch 24/100: Training Loss: 0.6171038801019842		 Val Loss: 238.66552734375
             	Training MAE: 0.07401978969573975		 Val MAE: 0.08281014859676361
             	Algebraic dist: 0.637435869737105		 Val Algebraic dist: 1.881486545909535
             	RE1 dist: 0.40164501016790216		 Val RE1 dist: 42.37262240323153
             	SED dist: 1.1949490633877842		 Val SED dist: 477.2828480113636

Epoch 25/100: Training Loss: 0.5859326015819203		 Val Loss: 1969.7475142045455
             	Training MAE: 0.08048909157514572		 Val MAE: 0.07483237236738205
             	Algebraic dist: 0.5861703699285333		 Val Algebraic dist: 3.6442406394264917
             	RE1 dist: 0.35063882307572797		 Val RE1 dist: 127.49501731178977
             	SED dist: 1.1264629364013672		 Val SED dist: 3939.4534801136365

Epoch 26/100: Training Loss: 0.6125064763155851		 Val Loss: 7908.865767045455
             	Training MAE: 0.0763477236032486		 Val MAE: 0.0902009829878807
             	Algebraic dist: 0.6460540077903054		 Val Algebraic dist: 4.025032043457031
             	RE1 dist: 0.3946967991915616		 Val RE1 dist: 140.01878773082387
             	SED dist: 1.1840592297640713		 Val SED dist: 15817.664772727272

Epoch 27/100: Training Loss: 0.4139522205699574		 Val Loss: 256.7601429332386
             	Training MAE: 0.08519823104143143		 Val MAE: 0.08395285904407501
             	Algebraic dist: 0.4448064457286488		 Val Algebraic dist: 2.0544747439297764
             	RE1 dist: 0.23032812638716263		 Val RE1 dist: 30.021290172230113
             	SED dist: 0.7772757790305398		 Val SED dist: 513.4666637073864

Epoch 28/100: Training Loss: 0.4084634780883789		 Val Loss: 407.81440873579544
             	Training MAE: 0.08060096204280853		 Val MAE: 0.08111204952001572
             	Algebraic dist: 0.46749054301868787		 Val Algebraic dist: 2.048506650057706
             	RE1 dist: 0.23133319074457342		 Val RE1 dist: 39.481414794921875
             	SED dist: 0.7716512680053711		 Val SED dist: 815.5798117897727

Epoch 29/100: Training Loss: 0.4917365420948375		 Val Loss: 4904.016335227273
             	Training MAE: 0.0753353163599968		 Val MAE: 0.07767194509506226
             	Algebraic dist: 0.5266401984474876		 Val Algebraic dist: 3.1128453341397373
             	RE1 dist: 0.30426235632462934		 Val RE1 dist: 91.00663063742898
             	SED dist: 0.9433852109042081		 Val SED dist: 9807.982244318182

Epoch 30/100: Training Loss: 0.47208057750355115		 Val Loss: 752.5946377840909
             	Training MAE: 0.07746008783578873		 Val MAE: 0.08561687916517258
             	Algebraic dist: 0.5339642438021573		 Val Algebraic dist: 3.6443810896439985
             	RE1 dist: 0.28652063283053314		 Val RE1 dist: 118.78675426136364
             	SED dist: 0.9020234888250177		 Val SED dist: 1505.1360085227273

Epoch 31/100: Training Loss: 0.34877443313598633		 Val Loss: 30.858936656605113
             	Training MAE: 0.0772344246506691		 Val MAE: 0.06839928030967712
             	Algebraic dist: 0.41242270036177203		 Val Algebraic dist: 1.1509532928466797
             	RE1 dist: 0.19077238169583408		 Val RE1 dist: 11.448614640669389
             	SED dist: 0.6552737842906605		 Val SED dist: 61.68382679332387

Epoch 32/100: Training Loss: 0.405021840875799		 Val Loss: 1634.0944602272727
             	Training MAE: 0.07859835028648376		 Val MAE: 0.08882123976945877
             	Algebraic dist: 0.4761332598599521		 Val Algebraic dist: 3.074719862504439
             	RE1 dist: 0.23907214945012872		 Val RE1 dist: 89.07800847833806
             	SED dist: 0.7663063569502397		 Val SED dist: 3268.129971590909

Epoch 33/100: Training Loss: 0.41951053792780096		 Val Loss: 106.86226029829545
             	Training MAE: 0.08225934207439423		 Val MAE: 0.07615014165639877
             	Algebraic dist: 0.47496448863636365		 Val Algebraic dist: 1.3035343343561345
             	RE1 dist: 0.23434925079345703		 Val RE1 dist: 10.314734719016336
             	SED dist: 0.791704698042436		 Val SED dist: 213.68115234375

Epoch 34/100: Training Loss: 0.3618533394553445		 Val Loss: 68.05109752308239
             	Training MAE: 0.07765625417232513		 Val MAE: 0.08144962787628174
             	Algebraic dist: 0.429543755271218		 Val Algebraic dist: 1.7951051538640803
             	RE1 dist: 0.2065302241932262		 Val RE1 dist: 26.08010309392756
             	SED dist: 0.6814537048339844		 Val SED dist: 136.05553089488637

Epoch 35/100: Training Loss: 0.34424530376087537		 Val Loss: 1830.2164417613637
             	Training MAE: 0.07941436022520065		 Val MAE: 0.07577589154243469
             	Algebraic dist: 0.4148590781471946		 Val Algebraic dist: 3.0469967235218394
             	RE1 dist: 0.19246153397993607		 Val RE1 dist: 119.09996448863636
             	SED dist: 0.6443216583945535		 Val SED dist: 3660.389559659091

Epoch 36/100: Training Loss: 0.34577488899230957		 Val Loss: 256.43081942471593
             	Training MAE: 0.0769776701927185		 Val MAE: 0.07695715874433517
             	Algebraic dist: 0.3862736008384011		 Val Algebraic dist: 1.3101517070423474
             	RE1 dist: 0.1838794621554288		 Val RE1 dist: 20.185535777698863
             	SED dist: 0.6499585238370028		 Val SED dist: 512.81787109375

Epoch 37/100: Training Loss: 0.2941184477372603		 Val Loss: 1145.7359730113637
             	Training MAE: 0.07686533778905869		 Val MAE: 0.07637348771095276
             	Algebraic dist: 0.3698497252030806		 Val Algebraic dist: 2.3026450764049184
             	RE1 dist: 0.15741891210729425		 Val RE1 dist: 48.05244584517045
             	SED dist: 0.5467094508084384		 Val SED dist: 2291.426669034091

Epoch 38/100: Training Loss: 0.3417112177068537		 Val Loss: 1.7962629144841975
             	Training MAE: 0.07413120567798615		 Val MAE: 0.07477857172489166
             	Algebraic dist: 0.42523596503517846		 Val Algebraic dist: 0.7722342231056907
             	RE1 dist: 0.19341581517999823		 Val RE1 dist: 0.9774857434359464
             	SED dist: 0.6443693421103738		 Val SED dist: 3.5530499545010654

Epoch 39/100: Training Loss: 0.2979946353218772		 Val Loss: 9211.560369318182
             	Training MAE: 0.08050893247127533		 Val MAE: 0.0811501294374466
             	Algebraic dist: 0.3588225624778054		 Val Algebraic dist: 5.153961875221946
             	RE1 dist: 0.15550744533538818		 Val RE1 dist: 226.62968306107953
             	SED dist: 0.5504575209184126		 Val SED dist: 18423.071022727272

Epoch 40/100: Training Loss: 0.34748953038995917		 Val Loss: 587.9984463778409
             	Training MAE: 0.07542357593774796		 Val MAE: 0.07804256677627563
             	Algebraic dist: 0.4198504794727672		 Val Algebraic dist: 3.0199085582386362
             	RE1 dist: 0.18907386606389825		 Val RE1 dist: 62.34494850852273
             	SED dist: 0.6544992273504083		 Val SED dist: 1175.9486860795455

Epoch 41/100: Training Loss: 0.329504056410356		 Val Loss: 3678.9250710227275
             	Training MAE: 0.0767737329006195		 Val MAE: 0.08193746209144592
             	Algebraic dist: 0.4271918643604625		 Val Algebraic dist: 3.2347179759632456
             	RE1 dist: 0.18792382153597745		 Val RE1 dist: 77.18226207386364
             	SED dist: 0.6172873757102273		 Val SED dist: 7357.794034090909

Epoch 42/100: Training Loss: 0.38057695735584607		 Val Loss: 3.910173242742365
             	Training MAE: 0.07569796591997147		 Val MAE: 0.07658994197845459
             	Algebraic dist: 0.4731070345098322		 Val Algebraic dist: 0.8057033365423029
             	RE1 dist: 0.2173488356850364		 Val RE1 dist: 1.6777876073663884
             	SED dist: 0.7202503030950372		 Val SED dist: 7.778473593971946

Epoch 43/100: Training Loss: 0.27876801924272016		 Val Loss: 11071.696022727272
             	Training MAE: 0.082013338804245		 Val MAE: 0.0904332846403122
             	Algebraic dist: 0.34172831882130017		 Val Algebraic dist: 3.355988935990767
             	RE1 dist: 0.13692240281538529		 Val RE1 dist: 95.43300559303977
             	SED dist: 0.5096555623141202		 Val SED dist: 22143.323863636364

Epoch 44/100: Training Loss: 0.34292910315773706		 Val Loss: 734.0778586647727
             	Training MAE: 0.08268988877534866		 Val MAE: 0.08561921119689941
             	Algebraic dist: 0.3978109793229537		 Val Algebraic dist: 3.3681987415660513
             	RE1 dist: 0.18796682357788086		 Val RE1 dist: 97.34389426491477
             	SED dist: 0.6374393809925426		 Val SED dist: 1468.1004083806818

Epoch 45/100: Training Loss: 0.395127383145419		 Val Loss: 1744.5610795454545
             	Training MAE: 0.07511598616838455		 Val MAE: 0.07854821532964706
             	Algebraic dist: 0.4910735217007724		 Val Algebraic dist: 2.407378976995295
             	RE1 dist: 0.2205699790607799		 Val RE1 dist: 57.48860307173295
             	SED dist: 0.7494603070345792		 Val SED dist: 3489.073153409091

Epoch 46/100: Training Loss: 0.29971833662553266		 Val Loss: 3270.328125
             	Training MAE: 0.0758553296327591		 Val MAE: 0.0813693255186081
             	Algebraic dist: 0.3858173977244984		 Val Algebraic dist: 3.929656288840554
             	RE1 dist: 0.15581585060466419		 Val RE1 dist: 128.4276788884943
             	SED dist: 0.5580788959156383		 Val SED dist: 6540.600852272727

Epoch 47/100: Training Loss: 0.2964665239507502		 Val Loss: 2134.982421875
             	Training MAE: 0.07597862929105759		 Val MAE: 0.08222298324108124
             	Algebraic dist: 0.36258758198131213		 Val Algebraic dist: 1.5434135090221057
             	RE1 dist: 0.1533572240309282		 Val RE1 dist: 36.8929443359375
             	SED dist: 0.5512215874411843		 Val SED dist: 4269.915127840909

Epoch 48/100: Training Loss: 0.3130819797515869		 Val Loss: 54.12753573330966
             	Training MAE: 0.07991663366556168		 Val MAE: 0.08336245268583298
             	Algebraic dist: 0.3856632492759011		 Val Algebraic dist: 1.2399255579168147
             	RE1 dist: 0.15799355506896973		 Val RE1 dist: 8.419303200461648
             	SED dist: 0.5806739980524237		 Val SED dist: 108.20404607599431

Epoch 49/100: Training Loss: 0.28728157823736017		 Val Loss: 38.70990545099432
             	Training MAE: 0.0778704285621643		 Val MAE: 0.07654456049203873
             	Algebraic dist: 0.3713561404835094		 Val Algebraic dist: 1.2822234413840554
             	RE1 dist: 0.14632428776134143		 Val RE1 dist: 7.40777587890625
             	SED dist: 0.5311892249367454		 Val SED dist: 77.3755049272017

Epoch 50/100: Training Loss: 0.3365948633714156		 Val Loss: 1.4078832106156782
             	Training MAE: 0.07244575768709183		 Val MAE: 0.07154104113578796
             	Algebraic dist: 0.44217187708074396		 Val Algebraic dist: 0.7004929455843839
             	RE1 dist: 0.185626896944913		 Val RE1 dist: 0.716149243441495
             	SED dist: 0.6347513632340864		 Val SED dist: 2.7787316062233667

Epoch 51/100: Training Loss: 0.40040111541748047		 Val Loss: 6518.315340909091
             	Training MAE: 0.07527843862771988		 Val MAE: 0.08981776237487793
             	Algebraic dist: 0.48860333182594995		 Val Algebraic dist: 2.6668786135586826
             	RE1 dist: 0.2242581844329834		 Val RE1 dist: 92.58315207741477
             	SED dist: 0.7597394423051314		 Val SED dist: 13036.576704545454

Epoch 52/100: Training Loss: 0.3027658462524414		 Val Loss: 43.30300625887784
             	Training MAE: 0.08697469532489777		 Val MAE: 0.08060380816459656
             	Algebraic dist: 0.36701440811157227		 Val Algebraic dist: 1.5298321463844993
             	RE1 dist: 0.1461503180590543		 Val RE1 dist: 15.954707752574574
             	SED dist: 0.55162897976962		 Val SED dist: 86.55888227982955

Epoch 53/100: Training Loss: 0.2941674752668901		 Val Loss: 410.04758522727275
             	Training MAE: 0.07533750683069229		 Val MAE: 0.0796322301030159
             	Algebraic dist: 0.378410512750799		 Val Algebraic dist: 1.9738982807506213
             	RE1 dist: 0.15229271758686413		 Val RE1 dist: 47.70015092329545
             	SED dist: 0.5472242615439675		 Val SED dist: 820.0478515625

Epoch 54/100: Training Loss: 0.3129648945548318		 Val Loss: 68.92461048473011
             	Training MAE: 0.07494553923606873		 Val MAE: 0.06897444278001785
             	Algebraic dist: 0.40008081089366565		 Val Algebraic dist: 1.6545746543190696
             	RE1 dist: 0.16624686934731223		 Val RE1 dist: 18.176897915926848
             	SED dist: 0.5853360782970082		 Val SED dist: 137.81174538352272

Epoch 55/100: Training Loss: 0.5487403869628906		 Val Loss: 4985.153053977273
             	Training MAE: 0.07688160240650177		 Val MAE: 0.0883437842130661
             	Algebraic dist: 0.6080362146550958		 Val Algebraic dist: 4.5324953252618965
             	RE1 dist: 0.32002360170537775		 Val RE1 dist: 143.2520197088068
             	SED dist: 1.0543343804099343		 Val SED dist: 9970.240056818182

Epoch 56/100: Training Loss: 0.5905011350458319		 Val Loss: 2342.1921164772725
             	Training MAE: 0.07224396616220474		 Val MAE: 0.06328288465738297
             	Algebraic dist: 0.6255883737043901		 Val Algebraic dist: 3.224784504283558
             	RE1 dist: 0.35235758261247113		 Val RE1 dist: 99.0947598544034
             	SED dist: 1.1421008543534712		 Val SED dist: 4684.342684659091

Epoch 57/100: Training Loss: 0.4961280822753906		 Val Loss: 167.7657470703125
             	Training MAE: 0.06907252967357635		 Val MAE: 0.09350864589214325
             	Algebraic dist: 0.554728464646773		 Val Algebraic dist: 2.361580241810192
             	RE1 dist: 0.2856760892001065		 Val RE1 dist: 34.9222939231179
             	SED dist: 0.9548443013971503		 Val SED dist: 335.467041015625

Epoch 58/100: Training Loss: 0.8157935576005415		 Val Loss: 815.0365767045455
             	Training MAE: 0.08315862715244293		 Val MAE: 0.08478374034166336
             	Algebraic dist: 0.7683651664040305		 Val Algebraic dist: 2.378938674926758
             	RE1 dist: 0.47423540462147107		 Val RE1 dist: 44.21708263050426
             	SED dist: 1.581345644864169		 Val SED dist: 1630.017578125

Epoch 59/100: Training Loss: 0.5704706365411932		 Val Loss: 256.4519708806818
             	Training MAE: 0.08163011074066162		 Val MAE: 0.08265997469425201
             	Algebraic dist: 0.6069664088162509		 Val Algebraic dist: 2.123997601595792
             	RE1 dist: 0.3394413211128928		 Val RE1 dist: 41.76933704723012
             	SED dist: 1.0929791710593484		 Val SED dist: 512.8526278409091

Epoch 60/100: Training Loss: 0.3246026906100186		 Val Loss: 4819.903409090909
             	Training MAE: 0.07658984512090683		 Val MAE: 0.08410690724849701
             	Algebraic dist: 0.39859420602971857		 Val Algebraic dist: 4.2946555397727275
             	RE1 dist: 0.17785990238189697		 Val RE1 dist: 185.55287863991478
             	SED dist: 0.6065292358398438		 Val SED dist: 9639.75

Epoch 61/100: Training Loss: 0.272131009535356		 Val Loss: 1881.7356178977273
             	Training MAE: 0.07677799463272095		 Val MAE: 0.0809234231710434
             	Algebraic dist: 0.3418557427146218		 Val Algebraic dist: 3.162559162486683
             	RE1 dist: 0.13537876172499222		 Val RE1 dist: 91.42992609197444
             	SED dist: 0.501425873149525		 Val SED dist: 3763.415838068182

Epoch 62/100: Training Loss: 0.262347936630249		 Val Loss: 3.271126140247692
             	Training MAE: 0.07678361982107162		 Val MAE: 0.0784367024898529
             	Algebraic dist: 0.3354443203319203		 Val Algebraic dist: 0.8821477890014648
             	RE1 dist: 0.13468662175265225		 Val RE1 dist: 1.4597509557550603
             	SED dist: 0.4816805666143244		 Val SED dist: 6.498159928755327

Epoch 63/100: Training Loss: 0.5485307953574441		 Val Loss: 779.5452769886364
             	Training MAE: 0.07836355268955231		 Val MAE: 0.0758560374379158
             	Algebraic dist: 0.5882504203102805		 Val Algebraic dist: 2.1898377158425073
             	RE1 dist: 0.32678651809692383		 Val RE1 dist: 46.01435713334517
             	SED dist: 1.052424430847168		 Val SED dist: 1559.0461647727273

Epoch 64/100: Training Loss: 0.6147551103071733		 Val Loss: 811.6986860795455
             	Training MAE: 0.07346997410058975		 Val MAE: 0.07513834536075592
             	Algebraic dist: 0.6573176383972168		 Val Algebraic dist: 3.5143280029296875
             	RE1 dist: 0.36421138590032404		 Val RE1 dist: 87.75790682705966
             	SED dist: 1.189874909140847		 Val SED dist: 1623.3528053977273

Epoch 65/100: Training Loss: 0.7553203756159003		 Val Loss: 1.9079002033580432
             	Training MAE: 0.06960082799196243		 Val MAE: 0.06094616279006004
             	Algebraic dist: 0.7565801793878729		 Val Algebraic dist: 1.037514946677468
             	RE1 dist: 0.47282929853959516		 Val RE1 dist: 1.0393252806230024
             	SED dist: 1.4737224578857422		 Val SED dist: 3.785840467973189

Epoch 66/100: Training Loss: 0.6117873625321821		 Val Loss: 2.121172471479936
             	Training MAE: 0.06750490516424179		 Val MAE: 0.08188799768686295
             	Algebraic dist: 0.6579158956354315		 Val Algebraic dist: 0.9380624944513495
             	RE1 dist: 0.37695585597645154		 Val RE1 dist: 1.1470714048905806
             	SED dist: 1.1880409934303977		 Val SED dist: 4.194407376376065

Epoch 67/100: Training Loss: 0.32401262630115857		 Val Loss: 2355.8442826704545
             	Training MAE: 0.08118356019258499		 Val MAE: 0.08788492530584335
             	Algebraic dist: 0.40726193514737213		 Val Algebraic dist: 3.6907164833762427
             	RE1 dist: 0.17437409270893445		 Val RE1 dist: 105.68552468039773
             	SED dist: 0.6003805507313121		 Val SED dist: 4711.625710227273

Epoch 68/100: Training Loss: 0.34112312576987525		 Val Loss: 18296.167613636364
             	Training MAE: 0.08189648389816284		 Val MAE: 0.08985870331525803
             	Algebraic dist: 0.41163860667835583		 Val Algebraic dist: 4.591316569935191
             	RE1 dist: 0.1831293973055753		 Val RE1 dist: 176.32932350852272
             	SED dist: 0.6336359110745516		 Val SED dist: 36592.26988636364

Epoch 69/100: Training Loss: 0.3391486948186701		 Val Loss: 459.57173295454544
             	Training MAE: 0.07562953978776932		 Val MAE: 0.07161248475313187
             	Algebraic dist: 0.42830202796242456		 Val Algebraic dist: 2.072263717651367
             	RE1 dist: 0.1906794634732333		 Val RE1 dist: 48.48720481178977
             	SED dist: 0.6359897960316051		 Val SED dist: 919.1017400568181

Epoch 70/100: Training Loss: 0.4912955544211648		 Val Loss: 31.325200861150567
             	Training MAE: 0.07289808988571167		 Val MAE: 0.08334751427173615
             	Algebraic dist: 0.5703933455727317		 Val Algebraic dist: 1.2491327632557263
             	RE1 dist: 0.29735469818115234		 Val RE1 dist: 5.235661940141157
             	SED dist: 0.9427113099531694		 Val SED dist: 62.59919322620738

Epoch 71/100: Training Loss: 0.5917839136990634		 Val Loss: 116.2818603515625
             	Training MAE: 0.07990860193967819		 Val MAE: 0.07826633751392365
             	Algebraic dist: 0.6292764490300958		 Val Algebraic dist: 1.5174640308726917
             	RE1 dist: 0.35636128078807483		 Val RE1 dist: 14.978462912819602
             	SED dist: 1.137253847989169		 Val SED dist: 232.51624644886363

Epoch 72/100: Training Loss: 0.4874144033952193		 Val Loss: 277.27470259232956
             	Training MAE: 0.06806871294975281		 Val MAE: 0.07606878131628036
             	Algebraic dist: 0.5643482208251953		 Val Algebraic dist: 1.480838255448775
             	RE1 dist: 0.2930124672976407		 Val RE1 dist: 7.834634260697798
             	SED dist: 0.9391828883777965		 Val SED dist: 554.5059481534091

Epoch 73/100: Training Loss: 0.7013537233526056		 Val Loss: 45.03725363991477
             	Training MAE: 0.0854485034942627		 Val MAE: 0.08155672252178192
             	Algebraic dist: 0.7042886560613458		 Val Algebraic dist: 1.4871673583984375
             	RE1 dist: 0.43014101548628375		 Val RE1 dist: 7.109830682927912
             	SED dist: 1.349390376697887		 Val SED dist: 90.0251131924716

Epoch 74/100: Training Loss: 0.6167692704634233		 Val Loss: 296.40602805397725
             	Training MAE: 0.07024300843477249		 Val MAE: 0.07386110723018646
             	Algebraic dist: 0.6802035245028409		 Val Algebraic dist: 2.636404037475586
             	RE1 dist: 0.3928660912947221		 Val RE1 dist: 55.04011674360795
             	SED dist: 1.1956151615489612		 Val SED dist: 592.7696200284091

Epoch 75/100: Training Loss: 0.4833805344321511		 Val Loss: 88.10584050958806
             	Training MAE: 0.07671914249658585		 Val MAE: 0.0861000269651413
             	Algebraic dist: 0.5235212065956809		 Val Algebraic dist: 1.6106718236749822
             	RE1 dist: 0.27932589704340155		 Val RE1 dist: 21.818966952237215
             	SED dist: 0.9231902902776544		 Val SED dist: 176.1571710759943

Epoch 76/100: Training Loss: 0.29566890543157404		 Val Loss: 2993.33203125
             	Training MAE: 0.09222140163183212		 Val MAE: 0.08823848515748978
             	Algebraic dist: 0.3580474853515625		 Val Algebraic dist: 2.6439895629882812
             	RE1 dist: 0.14390102299776944		 Val RE1 dist: 103.84323952414773
             	SED dist: 0.5292122580788352		 Val SED dist: 5986.607244318182

Epoch 77/100: Training Loss: 0.3082541552456943		 Val Loss: 3.011538418856534
             	Training MAE: 0.07601051777601242		 Val MAE: 0.07103809714317322
             	Algebraic dist: 0.3998433893377131		 Val Algebraic dist: 0.8235246484929865
             	RE1 dist: 0.1671522639014504		 Val RE1 dist: 1.3386708172884854
             	SED dist: 0.5735288099809126		 Val SED dist: 5.985253767533735

Epoch 78/100: Training Loss: 0.29130053520202637		 Val Loss: 435.5403497869318
             	Training MAE: 0.06951306760311127		 Val MAE: 0.07352843880653381
             	Algebraic dist: 0.3828102025118741		 Val Algebraic dist: 2.1987993066961113
             	RE1 dist: 0.15861569751392712		 Val RE1 dist: 58.34328946200284
             	SED dist: 0.5454468293623491		 Val SED dist: 871.0366654829545

Epoch 79/100: Training Loss: 0.35378161343661224		 Val Loss: 11108.441051136364
             	Training MAE: 0.07290342450141907		 Val MAE: 0.07697327435016632
             	Algebraic dist: 0.4627715891057795		 Val Algebraic dist: 3.305808674205433
             	RE1 dist: 0.201927358453924		 Val RE1 dist: 129.5040838068182
             	SED dist: 0.667751745744185		 Val SED dist: 22216.83380681818

Epoch 80/100: Training Loss: 0.37994267723777075		 Val Loss: 226.859619140625
             	Training MAE: 0.07390379905700684		 Val MAE: 0.08683627098798752
             	Algebraic dist: 0.4443262273615057		 Val Algebraic dist: 1.820338856090199
             	RE1 dist: 0.20737587321888318		 Val RE1 dist: 15.80010986328125
             	SED dist: 0.7190539186651056		 Val SED dist: 453.66015625

Epoch 81/100: Training Loss: 0.2846870422363281		 Val Loss: 201.447509765625
             	Training MAE: 0.07796688377857208		 Val MAE: 0.07466799765825272
             	Algebraic dist: 0.36867965351451526		 Val Algebraic dist: 1.1835777109319514
             	RE1 dist: 0.14983584664084695		 Val RE1 dist: 14.124278675426137
             	SED dist: 0.5246535647999157		 Val SED dist: 402.85395951704544

Epoch 82/100: Training Loss: 0.29807463559237396		 Val Loss: 54.95672052556818
             	Training MAE: 0.07505353540182114		 Val MAE: 0.07840326428413391
             	Algebraic dist: 0.3770630576393821		 Val Algebraic dist: 1.2380165620283647
             	RE1 dist: 0.15496134757995605		 Val RE1 dist: 15.092443292791193
             	SED dist: 0.5543932914733887		 Val SED dist: 109.86921830610795

Epoch 83/100: Training Loss: 0.2833097848025235		 Val Loss: 1606.0104758522727
             	Training MAE: 0.07573072612285614		 Val MAE: 0.0764114186167717
             	Algebraic dist: 0.34755906191739167		 Val Algebraic dist: 2.037168329412287
             	RE1 dist: 0.1424059976230968		 Val RE1 dist: 50.2269287109375
             	SED dist: 0.5239704305475409		 Val SED dist: 3211.9762073863635

Epoch 84/100: Training Loss: 0.28165125846862793		 Val Loss: 843.3019353693181
             	Training MAE: 0.0782318189740181		 Val MAE: 0.08644085377454758
             	Algebraic dist: 0.3527951240539551		 Val Algebraic dist: 2.1016998291015625
             	RE1 dist: 0.14043638922951437		 Val RE1 dist: 50.10789905894887
             	SED dist: 0.5183392871509899		 Val SED dist: 1686.5466974431818

Epoch 85/100: Training Loss: 0.2672405242919922		 Val Loss: 4908.1953125
             	Training MAE: 0.07931647449731827		 Val MAE: 0.08372927457094193
             	Algebraic dist: 0.3599432381716641		 Val Algebraic dist: 5.720652840354226
             	RE1 dist: 0.13165212761272083		 Val RE1 dist: 266.33152077414775
             	SED dist: 0.48850987174294214		 Val SED dist: 9816.336647727272

Epoch 86/100: Training Loss: 0.25936844132163306		 Val Loss: 383.88525390625
             	Training MAE: 0.07619135081768036		 Val MAE: 0.07722831517457962
             	Algebraic dist: 0.34196561033075507		 Val Algebraic dist: 2.0606250762939453
             	RE1 dist: 0.1315080144188621		 Val RE1 dist: 54.61909623579545
             	SED dist: 0.4758939743041992		 Val SED dist: 767.7245205965909

Epoch 87/100: Training Loss: 0.2935892885381525		 Val Loss: 7952.957386363636
             	Training MAE: 0.07268694788217545		 Val MAE: 0.08305134624242783
             	Algebraic dist: 0.3883648785677823		 Val Algebraic dist: 6.145613930442116
             	RE1 dist: 0.1512931693683971		 Val RE1 dist: 224.25053267045453
             	SED dist: 0.5476628650318492		 Val SED dist: 15905.85653409091

Epoch 88/100: Training Loss: 0.32416941902854224		 Val Loss: 1.3015187870372424
             	Training MAE: 0.07576172053813934		 Val MAE: 0.07358349114656448
             	Algebraic dist: 0.4103911139748313		 Val Algebraic dist: 0.6905415708368475
             	RE1 dist: 0.17444916204972702		 Val RE1 dist: 0.6554462692954324
             	SED dist: 0.6058514768427069		 Val SED dist: 2.5641292225230825

Epoch 89/100: Training Loss: 0.2951208461414684		 Val Loss: 1001.1995738636364
             	Training MAE: 0.07775759696960449		 Val MAE: 0.08970600366592407
             	Algebraic dist: 0.3861004656011408		 Val Algebraic dist: 3.686844912442294
             	RE1 dist: 0.15028798580169678		 Val RE1 dist: 123.8878506747159
             	SED dist: 0.5456315820867365		 Val SED dist: 2002.3361150568182

Epoch 90/100: Training Loss: 0.27890474146062677		 Val Loss: 2396.404474431818
             	Training MAE: 0.07550054788589478		 Val MAE: 0.07373525947332382
             	Algebraic dist: 0.3596415953202681		 Val Algebraic dist: 4.576919208873402
             	RE1 dist: 0.13918349959633566		 Val RE1 dist: 179.9301091974432
             	SED dist: 0.5151647220958363		 Val SED dist: 4792.759943181818

Epoch 91/100: Training Loss: 0.2512334476817738		 Val Loss: 629.2433860085227
             	Training MAE: 0.06783358752727509		 Val MAE: 0.07850813865661621
             	Algebraic dist: 0.3479676896875555		 Val Algebraic dist: 1.8159770965576172
             	RE1 dist: 0.12981980497186835		 Val RE1 dist: 47.4355635209517
             	SED dist: 0.46648541363802826		 Val SED dist: 1258.4379438920455

Epoch 92/100: Training Loss: 0.22527506134726785		 Val Loss: 288.68117453835225
             	Training MAE: 0.07638456672430038		 Val MAE: 0.07572344690561295
             	Algebraic dist: 0.3014807484366677		 Val Algebraic dist: 1.5011329650878906
             	RE1 dist: 0.10194670070301402		 Val RE1 dist: 30.84952891956676
             	SED dist: 0.40764812989668414		 Val SED dist: 577.3181818181819

Epoch 93/100: Training Loss: 0.215928316116333		 Val Loss: 164.7871648615057
             	Training MAE: 0.07405132800340652		 Val MAE: 0.08022695779800415
             	Algebraic dist: 0.2916104360060258		 Val Algebraic dist: 2.0652327104048296
             	RE1 dist: 0.1014988747510043		 Val RE1 dist: 42.1581864790483
             	SED dist: 0.39099606600674713		 Val SED dist: 329.52590110085225

Epoch 94/100: Training Loss: 0.23948467861522327		 Val Loss: 16.94466608220881
             	Training MAE: 0.07588086277246475		 Val MAE: 0.07603474706411362
             	Algebraic dist: 0.3276543833992698		 Val Algebraic dist: 1.003261392766779
             	RE1 dist: 0.1127597527070479		 Val RE1 dist: 5.878970753062855
             	SED dist: 0.43646699732000177		 Val SED dist: 33.84743985262784

Epoch 95/100: Training Loss: 0.24804043769836426		 Val Loss: 48.79102672230113
             	Training MAE: 0.07054758816957474		 Val MAE: 0.07054898142814636
             	Algebraic dist: 0.33154892921447754		 Val Algebraic dist: 1.1523989764126865
             	RE1 dist: 0.12137990648096258		 Val RE1 dist: 6.658737876198509
             	SED dist: 0.4583262530240146		 Val SED dist: 97.54248046875

Epoch 96/100: Training Loss: 0.24518984014337714		 Val Loss: 599.9700816761364
             	Training MAE: 0.07312475144863129		 Val MAE: 0.07769283652305603
             	Algebraic dist: 0.3414908322420987		 Val Algebraic dist: 2.2860553047873755
             	RE1 dist: 0.11935532093048096		 Val RE1 dist: 67.56123490767045
             	SED dist: 0.45015187696977094		 Val SED dist: 1199.8942649147727

Epoch 97/100: Training Loss: 0.24044693600047717		 Val Loss: 1.919794429432262
             	Training MAE: 0.07189345359802246		 Val MAE: 0.07156296074390411
             	Algebraic dist: 0.33677838065407495		 Val Algebraic dist: 0.7261272343722257
             	RE1 dist: 0.11419229073957964		 Val RE1 dist: 0.9237096959894354
             	SED dist: 0.4420134804465554		 Val SED dist: 3.802237770774148

Epoch 98/100: Training Loss: 0.24213669516823508		 Val Loss: 2162.288174715909
             	Training MAE: 0.07316778600215912		 Val MAE: 0.07579008489847183
             	Algebraic dist: 0.31740760803222656		 Val Algebraic dist: 1.5225174643776633
             	RE1 dist: 0.11632603948766534		 Val RE1 dist: 24.431074662642047
             	SED dist: 0.4437817226756703		 Val SED dist: 4324.531605113636

Epoch 99/100: Training Loss: 0.26016850904984906		 Val Loss: 58.59877707741477
             	Training MAE: 0.07597789168357849		 Val MAE: 0.07993868738412857
             	Algebraic dist: 0.3451722101731734		 Val Algebraic dist: 1.323216351595792
             	RE1 dist: 0.12123748389157382		 Val RE1 dist: 14.939541903409092
             	SED dist: 0.477523456920277		 Val SED dist: 117.15167791193181

Epoch 100/100: Training Loss: 0.2110888741233132		 Val Loss: 1615.1919389204545
             	Training MAE: 0.07547669112682343		 Val MAE: 0.08112429082393646
             	Algebraic dist: 0.29023374210704456		 Val Algebraic dist: 3.0136163884943183
             	RE1 dist: 0.09414256702769887		 Val RE1 dist: 75.60940274325284
             	SED dist: 0.37971912730823865		 Val SED dist: 3230.325994318182

Epoch 101/100: Training Loss: 0.24273924394087357		 Val Loss: 74.76613547585227
             	Training MAE: 0.07558706402778625		 Val MAE: 0.08274687081575394
             	Algebraic dist: 0.3280938105149703		 Val Algebraic dist: 1.301108793778853
             	RE1 dist: 0.1132125746120106		 Val RE1 dist: 18.31172041459517
             	SED dist: 0.44284621152010833		 Val SED dist: 149.48342063210228

Epoch 102/100: Training Loss: 0.25728245214982465		 Val Loss: 175.0228604403409
             	Training MAE: 0.0761987641453743		 Val MAE: 0.07555605471134186
             	Algebraic dist: 0.3372201919555664		 Val Algebraic dist: 1.3037586212158203
             	RE1 dist: 0.1210201545195146		 Val RE1 dist: 17.52760176225142
             	SED dist: 0.4710669084028764		 Val SED dist: 350.003662109375

Epoch 103/100: Training Loss: 0.287958101792769		 Val Loss: 14.552794022993607
             	Training MAE: 0.07686515152454376		 Val MAE: 0.07719438523054123
             	Algebraic dist: 0.3781167810613459		 Val Algebraic dist: 1.0363883972167969
             	RE1 dist: 0.13757231018759988		 Val RE1 dist: 3.543803475119851
             	SED dist: 0.5320986834439364		 Val SED dist: 29.06163163618608

Epoch 104/100: Training Loss: 0.3613440990447998		 Val Loss: 1.3887916911732068
             	Training MAE: 0.0737290307879448		 Val MAE: 0.0690927729010582
             	Algebraic dist: 0.4427794543179599		 Val Algebraic dist: 0.658672116019509
             	RE1 dist: 0.18522496656938034		 Val RE1 dist: 0.6645091230219061
             	SED dist: 0.6819649176164106		 Val SED dist: 2.7422996867786753

Epoch 105/100: Training Loss: 0.37756785479458893		 Val Loss: 873.0247691761364
             	Training MAE: 0.06992413103580475		 Val MAE: 0.08258319646120071
             	Algebraic dist: 0.45564985275268555		 Val Algebraic dist: 2.0814569646661933
             	RE1 dist: 0.2021602283824574		 Val RE1 dist: 27.43458973277699
             	SED dist: 0.7176141738891602		 Val SED dist: 1745.9925426136363

Epoch 106/100: Training Loss: 0.33767817237160425		 Val Loss: 306.7577015269886
             	Training MAE: 0.08232301473617554		 Val MAE: 0.07677387446165085
             	Algebraic dist: 0.4271413629705256		 Val Algebraic dist: 1.2536192807284268
             	RE1 dist: 0.1716463023966009		 Val RE1 dist: 14.318625710227273
             	SED dist: 0.6257549199191007		 Val SED dist: 613.4709250710227

Epoch 107/100: Training Loss: 0.3848567442460494		 Val Loss: 6151.691761363636
             	Training MAE: 0.07011818140745163		 Val MAE: 0.08066734671592712
             	Algebraic dist: 0.47645538503473456		 Val Algebraic dist: 4.66564282503995
             	RE1 dist: 0.2109421599995006		 Val RE1 dist: 134.5204523259943
             	SED dist: 0.73205904527144		 Val SED dist: 12303.32528409091

Epoch 108/100: Training Loss: 0.23393531279130417		 Val Loss: 1731.165127840909
             	Training MAE: 0.07535119354724884		 Val MAE: 0.08115880936384201
             	Algebraic dist: 0.31728447567332874		 Val Algebraic dist: 1.7263684706254439
             	RE1 dist: 0.1121536059813066		 Val RE1 dist: 28.91867342862216
             	SED dist: 0.4252445481040261		 Val SED dist: 3462.279119318182

Epoch 109/100: Training Loss: 0.21411644328724255		 Val Loss: 829.0469637784091
             	Training MAE: 0.07559948414564133		 Val MAE: 0.08180860430002213
             	Algebraic dist: 0.2876843105662953		 Val Algebraic dist: 1.564074082808061
             	RE1 dist: 0.09619157964533026		 Val RE1 dist: 29.49110273881392
             	SED dist: 0.38566823439164594		 Val SED dist: 1658.0436789772727

Epoch 110/100: Training Loss: 0.23186870054765182		 Val Loss: 12.354367342862217
             	Training MAE: 0.07763192802667618		 Val MAE: 0.07726376503705978
             	Algebraic dist: 0.30307769775390625		 Val Algebraic dist: 0.9839499213478782
             	RE1 dist: 0.10437284816395152		 Val RE1 dist: 3.6070553172718394
             	SED dist: 0.4189910455183549		 Val SED dist: 24.664817116477273

Epoch 111/100: Training Loss: 0.2334597327492454		 Val Loss: 118.89215642755681
             	Training MAE: 0.07446949928998947		 Val MAE: 0.07579832524061203
             	Algebraic dist: 0.3195585987784646		 Val Algebraic dist: 1.1210922761396929
             	RE1 dist: 0.10802342674948952		 Val RE1 dist: 15.270552201704545
             	SED dist: 0.42521784522316675		 Val SED dist: 237.74205433238637

Epoch 112/100: Training Loss: 0.2223850597034801		 Val Loss: 262.7442072088068
             	Training MAE: 0.07499275356531143		 Val MAE: 0.07750321924686432
             	Algebraic dist: 0.2812798456712203		 Val Algebraic dist: 1.433633804321289
             	RE1 dist: 0.09639402953061191		 Val RE1 dist: 27.501814408735797
             	SED dist: 0.4027941010215066		 Val SED dist: 525.4433149857955

Epoch 113/100: Training Loss: 0.25691153786399146		 Val Loss: 21.98543895374645
             	Training MAE: 0.07467120885848999		 Val MAE: 0.07882929593324661
             	Algebraic dist: 0.335240667516535		 Val Algebraic dist: 0.877012166109952
             	RE1 dist: 0.12061374837701971		 Val RE1 dist: 3.1904491077769888
             	SED dist: 0.47195213491266425		 Val SED dist: 43.924835205078125

Epoch 114/100: Training Loss: 0.20996548912741922		 Val Loss: 1.512590234929865
             	Training MAE: 0.07406129688024521		 Val MAE: 0.06578915566205978
             	Algebraic dist: 0.2814977385781028		 Val Algebraic dist: 0.6498713493347168
             	RE1 dist: 0.09208134087649258		 Val RE1 dist: 0.7173741514032538
             	SED dist: 0.37851658734408294		 Val SED dist: 2.9919565374200996

Epoch 115/100: Training Loss: 0.22487993673844772		 Val Loss: 1.5074048475785689
             	Training MAE: 0.06901656091213226		 Val MAE: 0.07456193119287491
             	Algebraic dist: 0.31157699498263275		 Val Algebraic dist: 0.7357628562233665
             	RE1 dist: 0.10626203363591974		 Val RE1 dist: 0.7191371050747958
             	SED dist: 0.412869930267334		 Val SED dist: 2.9749696904962715

Epoch 116/100: Training Loss: 0.2476792335510254		 Val Loss: 779.1507457386364
             	Training MAE: 0.07847514003515244		 Val MAE: 0.08695149421691895
             	Algebraic dist: 0.33014403689991345		 Val Algebraic dist: 2.6215938221324575
             	RE1 dist: 0.11531268466602672		 Val RE1 dist: 55.69091242009943
             	SED dist: 0.44995546340942383		 Val SED dist: 1558.2421875

Epoch 117/100: Training Loss: 0.27550445903431287		 Val Loss: 1442.7140447443182
             	Training MAE: 0.07684099674224854		 Val MAE: 0.08127617090940475
             	Algebraic dist: 0.35798842256719415		 Val Algebraic dist: 3.3538457697088067
             	RE1 dist: 0.1305661526593295		 Val RE1 dist: 97.2405118075284
             	SED dist: 0.50645958293568		 Val SED dist: 2885.374112215909

Epoch 118/100: Training Loss: 0.24745564027266068		 Val Loss: 27.00368707830256
             	Training MAE: 0.07385558634996414		 Val MAE: 0.07739127427339554
             	Algebraic dist: 0.3271784348921342		 Val Algebraic dist: 0.9521089900623668
             	RE1 dist: 0.11157006567174738		 Val RE1 dist: 8.452204617587002
             	SED dist: 0.4535073367032138		 Val SED dist: 53.96399480646307

Epoch 119/100: Training Loss: 0.2840596545826305		 Val Loss: 375.2010387073864
             	Training MAE: 0.0797656700015068		 Val MAE: 0.08203655481338501
             	Algebraic dist: 0.37007617950439453		 Val Algebraic dist: 2.476713700727983
             	RE1 dist: 0.12922122261740945		 Val RE1 dist: 50.50792902166193
             	SED dist: 0.5205869674682617		 Val SED dist: 750.3478338068181

Epoch 120/100: Training Loss: 0.24637926708568225		 Val Loss: 87.9225741299716
             	Training MAE: 0.07392460107803345		 Val MAE: 0.0690377801656723
             	Algebraic dist: 0.33999926393682306		 Val Algebraic dist: 1.5147337480024858
             	RE1 dist: 0.11489240689711137		 Val RE1 dist: 21.003000432794746
             	SED dist: 0.45137726176868787		 Val SED dist: 175.80846058238637

Epoch 121/100: Training Loss: 0.575079007582231		 Val Loss: 4657.135298295455
             	Training MAE: 0.06893590837717056		 Val MAE: 0.08160504698753357
             	Algebraic dist: 0.5968816930597479		 Val Algebraic dist: 2.2052379954944956
             	RE1 dist: 0.30723725665699353		 Val RE1 dist: 50.1806807084517
             	SED dist: 1.1132248098200017		 Val SED dist: 9314.214488636364

Epoch 122/100: Training Loss: 0.3833038156682795		 Val Loss: 3337.8284801136365
             	Training MAE: 0.07831554859876633		 Val MAE: 0.08426278829574585
             	Algebraic dist: 0.46906523271040484		 Val Algebraic dist: 3.681531385941939
             	RE1 dist: 0.19662579623135654		 Val RE1 dist: 114.06683904474431
             	SED dist: 0.7204059687527743		 Val SED dist: 6675.6015625

Epoch 123/100: Training Loss: 0.26618266105651855		 Val Loss: 2302.484552556818
             	Training MAE: 0.07607920467853546		 Val MAE: 0.08276262879371643
             	Algebraic dist: 0.36099659312855115		 Val Algebraic dist: 3.5066687844016333
             	RE1 dist: 0.1264305223118175		 Val RE1 dist: 86.03997802734375
             	SED dist: 0.48889814723621716		 Val SED dist: 4604.911576704545

Epoch 124/100: Training Loss: 0.3764367537064986		 Val Loss: 1076.3154296875
             	Training MAE: 0.0761394053697586		 Val MAE: 0.08246921002864838
             	Algebraic dist: 0.47202348709106445		 Val Algebraic dist: 2.311871788718484
             	RE1 dist: 0.1943018219687722		 Val RE1 dist: 60.69620028409091
             	SED dist: 0.7091928828846324		 Val SED dist: 2152.575994318182

Epoch 125/100: Training Loss: 0.4944438500837846		 Val Loss: 174.8211004083807
             	Training MAE: 0.07362423837184906		 Val MAE: 0.07264814525842667
             	Algebraic dist: 0.5691899386319247		 Val Algebraic dist: 1.3650048862804065
             	RE1 dist: 0.2695037451657382		 Val RE1 dist: 17.78822742808949
             	SED dist: 0.9475364685058594		 Val SED dist: 349.60287198153407

Epoch 126/100: Training Loss: 0.520758802240545		 Val Loss: 3121.209872159091
             	Training MAE: 0.07461798191070557		 Val MAE: 0.07756701856851578
             	Algebraic dist: 0.5689943920482289		 Val Algebraic dist: 4.515627774325284
             	RE1 dist: 0.2857979210940274		 Val RE1 dist: 138.58983265269887
             	SED dist: 0.999167875810103		 Val SED dist: 6242.371448863636

Epoch 127/100: Training Loss: 0.29712705178694293		 Val Loss: 1336.4047407670455
             	Training MAE: 0.07422858476638794		 Val MAE: 0.09104985743761063
             	Algebraic dist: 0.38767567547884857		 Val Algebraic dist: 2.5679636868563565
             	RE1 dist: 0.14855759794061835		 Val RE1 dist: 81.90720436789773
             	SED dist: 0.5521300489252264		 Val SED dist: 2672.746271306818

Epoch 128/100: Training Loss: 0.25060584328391333		 Val Loss: 2.835085782137784
             	Training MAE: 0.08323903381824493		 Val MAE: 0.07643347233533859
             	Algebraic dist: 0.32117243246598676		 Val Algebraic dist: 0.6875563968311657
             	RE1 dist: 0.11391008983958852		 Val RE1 dist: 0.930177775296298
             	SED dist: 0.4498536803505637		 Val SED dist: 5.628215789794922

Epoch 129/100: Training Loss: 0.2522971846840598		 Val Loss: 31.4003379128196
             	Training MAE: 0.07438695430755615		 Val MAE: 0.07501339912414551
             	Algebraic dist: 0.3486104228279807		 Val Algebraic dist: 1.0269800532947888
             	RE1 dist: 0.12332619320262563		 Val RE1 dist: 4.0023581764914775
             	SED dist: 0.46240901947021484		 Val SED dist: 62.75748512961648

Epoch 130/100: Training Loss: 0.3286356275731867		 Val Loss: 131.2601873224432
             	Training MAE: 0.07095101475715637		 Val MAE: 0.07478750497102737
             	Algebraic dist: 0.4470816525545987		 Val Algebraic dist: 1.3888176137750798
             	RE1 dist: 0.16928974064913663		 Val RE1 dist: 15.514387650923295
             	SED dist: 0.6181795813820579		 Val SED dist: 262.4776500355114

Epoch 131/100: Training Loss: 0.3094841783696955		 Val Loss: 2.881785132668235
             	Training MAE: 0.07387196272611618		 Val MAE: 0.07659576833248138
             	Algebraic dist: 0.4009794755415483		 Val Algebraic dist: 0.7522064555775035
             	RE1 dist: 0.1648546890778975		 Val RE1 dist: 1.131701729514382
             	SED dist: 0.5772698575800116		 Val SED dist: 5.721347808837891

Epoch 132/100: Training Loss: 0.41827275536277075		 Val Loss: 6.1939544677734375
             	Training MAE: 0.07120873034000397		 Val MAE: 0.07053066045045853
             	Algebraic dist: 0.5126465450633656		 Val Algebraic dist: 0.8879697106101296
             	RE1 dist: 0.23194757374850186		 Val RE1 dist: 1.461051420731978
             	SED dist: 0.7973447279496626		 Val SED dist: 12.349652377041904

Epoch 133/100: Training Loss: 0.5069486878134988		 Val Loss: 257.55937056107956
             	Training MAE: 0.07470168173313141		 Val MAE: 0.07528865337371826
             	Algebraic dist: 0.584396709095348		 Val Algebraic dist: 1.843901894309304
             	RE1 dist: 0.2816170779141513		 Val RE1 dist: 25.63201904296875
             	SED dist: 0.9716354716907848		 Val SED dist: 515.0731977982955

Epoch 134/100: Training Loss: 0.4357200102372603		 Val Loss: 2.518329446965998
             	Training MAE: 0.07783972471952438		 Val MAE: 0.09075409173965454
             	Algebraic dist: 0.5175317850979891		 Val Algebraic dist: 1.0379384647716174
             	RE1 dist: 0.23960642381147904		 Val RE1 dist: 1.2322262850674717
             	SED dist: 0.825381105596369		 Val SED dist: 4.977848746559837

Epoch 135/100: Training Loss: 0.5370201631025835		 Val Loss: 278.90811434659093
             	Training MAE: 0.07785343378782272		 Val MAE: 0.06874221563339233
             	Algebraic dist: 0.6075602444735441		 Val Algebraic dist: 1.717261401089755
             	RE1 dist: 0.3063248504291881		 Val RE1 dist: 29.201981977982953
             	SED dist: 1.0282855467362837		 Val SED dist: 557.7743252840909

Epoch 136/100: Training Loss: 0.40402681177312677		 Val Loss: 42.16084983132102
             	Training MAE: 0.06762874871492386		 Val MAE: 0.06970711052417755
             	Algebraic dist: 0.4773095737804066		 Val Algebraic dist: 0.9134161689064719
             	RE1 dist: 0.22000384330749512		 Val RE1 dist: 2.8971887068314985
             	SED dist: 0.7718237963589755		 Val SED dist: 84.28385231711648

Epoch 137/100: Training Loss: 0.24006067622791638		 Val Loss: 1.5340815457430752
             	Training MAE: 0.07120882719755173		 Val MAE: 0.06661030650138855
             	Algebraic dist: 0.3352908437902277		 Val Algebraic dist: 0.7537955370816317
             	RE1 dist: 0.12210258570584384		 Val RE1 dist: 0.7423951409079812
             	SED dist: 0.44109093059193005		 Val SED dist: 3.03421367298473

Epoch 138/100: Training Loss: 0.3442499420859597		 Val Loss: 16.650368430397727
             	Training MAE: 0.07704271376132965		 Val MAE: 0.08666186034679413
             	Algebraic dist: 0.43316650390625		 Val Algebraic dist: 0.9458566145463423
             	RE1 dist: 0.1795186237855391		 Val RE1 dist: 6.594915216619318
             	SED dist: 0.643478740345348		 Val SED dist: 33.24738935990767

Epoch 139/100: Training Loss: 0.28671537746082654		 Val Loss: 1.5206260681152344
             	Training MAE: 0.08049242198467255		 Val MAE: 0.07958810776472092
             	Algebraic dist: 0.37448523261330346		 Val Algebraic dist: 0.6446446938948198
             	RE1 dist: 0.1417825005271218		 Val RE1 dist: 0.7153973145918413
             	SED dist: 0.5247589458118785		 Val SED dist: 2.996133977716619

Epoch 140/100: Training Loss: 0.23726669224825772		 Val Loss: 1.7888268557461826
             	Training MAE: 0.07817458361387253		 Val MAE: 0.06864442676305771
             	Algebraic dist: 0.3134826530109752		 Val Algebraic dist: 0.6884956359863281
             	RE1 dist: 0.11129110509699042		 Val RE1 dist: 0.8596784418279474
             	SED dist: 0.42849952524358575		 Val SED dist: 3.542372616854581

Epoch 141/100: Training Loss: 0.26073297587308014		 Val Loss: 5.568046569824219
             	Training MAE: 0.06797681003808975		 Val MAE: 0.07407571375370026
             	Algebraic dist: 0.3624186949296431		 Val Algebraic dist: 0.7642333290793679
             	RE1 dist: 0.13048112392425537		 Val RE1 dist: 1.6806890314275569
             	SED dist: 0.48511206020008435		 Val SED dist: 11.09568231756037

Epoch 142/100: Training Loss: 0.2872363437305797		 Val Loss: 179.64387650923297
             	Training MAE: 0.08246638625860214		 Val MAE: 0.08417361974716187
             	Algebraic dist: 0.3723177909851074		 Val Algebraic dist: 1.5325539328835227
             	RE1 dist: 0.13778140328147195		 Val RE1 dist: 15.303971724076705
             	SED dist: 0.5235050374811346		 Val SED dist: 359.23459694602275

Epoch 143/100: Training Loss: 0.632860617204146		 Val Loss: 426.4987127130682
             	Training MAE: 0.07222100347280502		 Val MAE: 0.06699321419000626
             	Algebraic dist: 0.6669388684359464		 Val Algebraic dist: 2.2910993749445137
             	RE1 dist: 0.3707644722678445		 Val RE1 dist: 50.10894220525568
             	SED dist: 1.224753900007768		 Val SED dist: 852.9608487215909

Epoch 144/100: Training Loss: 0.5158829255537554		 Val Loss: 5649.554332386364
             	Training MAE: 0.07436487078666687		 Val MAE: 0.09747537225484848
             	Algebraic dist: 0.5988759127530184		 Val Algebraic dist: 3.2682512456720527
             	RE1 dist: 0.29156834428960626		 Val RE1 dist: 81.61702658913352
             	SED dist: 0.9882313121448864		 Val SED dist: 11299.032670454546

Epoch 145/100: Training Loss: 0.3714939897710627		 Val Loss: 1.618081352927468
             	Training MAE: 0.08423427492380142		 Val MAE: 0.06807365268468857
             	Algebraic dist: 0.4571562680331143		 Val Algebraic dist: 0.7950422980568626
             	RE1 dist: 0.1889624378897927		 Val RE1 dist: 0.8222195885398171
             	SED dist: 0.6888803568753329		 Val SED dist: 3.2014860673384233

Epoch 146/100: Training Loss: 0.2800896601243453		 Val Loss: 1186.3211115056818
             	Training MAE: 0.07235753536224365		 Val MAE: 0.08232824504375458
             	Algebraic dist: 0.39310745759443805		 Val Algebraic dist: 3.5115495161576704
             	RE1 dist: 0.1490163803100586		 Val RE1 dist: 111.96208052201705
             	SED dist: 0.5197567939758301		 Val SED dist: 2372.5884232954545

Epoch 147/100: Training Loss: 0.2785137783397328		 Val Loss: 1224.9137961647727
             	Training MAE: 0.07280474156141281		 Val MAE: 0.07865467667579651
             	Algebraic dist: 0.3809164654124867		 Val Algebraic dist: 2.6868984915993432
             	RE1 dist: 0.14328755031932483		 Val RE1 dist: 79.9783047762784
             	SED dist: 0.5162406401200728		 Val SED dist: 2449.7748579545455

Epoch 148/100: Training Loss: 0.3530100258913907		 Val Loss: 167.05381081321022
             	Training MAE: 0.07417652010917664		 Val MAE: 0.08128023147583008
             	Algebraic dist: 0.4288646091114391		 Val Algebraic dist: 1.036813822659579
             	RE1 dist: 0.18464428728277033		 Val RE1 dist: 4.818958976052024
             	SED dist: 0.663582368330522		 Val SED dist: 334.05752840909093

Epoch 149/100: Training Loss: 0.29539962248368695		 Val Loss: 1115.0387961647727
             	Training MAE: 0.08010250329971313		 Val MAE: 0.07938168942928314
             	Algebraic dist: 0.38879771666093305		 Val Algebraic dist: 2.1810096393931997
             	RE1 dist: 0.14410908655686813		 Val RE1 dist: 60.58038330078125
             	SED dist: 0.542336333881725		 Val SED dist: 2230.026455965909

Epoch 150/100: Training Loss: 0.2441218983043324		 Val Loss: 14.23332353071733
             	Training MAE: 0.07134673744440079		 Val MAE: 0.07299689948558807
             	Algebraic dist: 0.3312207352031361		 Val Algebraic dist: 0.9688678221269087
             	RE1 dist: 0.11671416326002641		 Val RE1 dist: 5.461408788507635
             	SED dist: 0.4481690146706321		 Val SED dist: 28.427939675071023

Epoch 151/100: Training Loss: 0.24038121917031027		 Val Loss: 152.12150435014203
             	Training MAE: 0.0782085582613945		 Val MAE: 0.07876114547252655
             	Algebraic dist: 0.3302873047915372		 Val Algebraic dist: 1.3252560875632546
             	RE1 dist: 0.11655380509116432		 Val RE1 dist: 18.23950888893821
             	SED dist: 0.434464541348544		 Val SED dist: 304.1959339488636

Epoch 152/100: Training Loss: 0.3417947942560369		 Val Loss: 15.814842917702414
             	Training MAE: 0.06977865099906921		 Val MAE: 0.07345818728208542
             	Algebraic dist: 0.45413728193803266		 Val Algebraic dist: 0.8995871977372603
             	RE1 dist: 0.18389251015403055		 Val RE1 dist: 5.417686115611684
             	SED dist: 0.6452969637784091		 Val SED dist: 31.58995194868608

Epoch 153/100: Training Loss: 0.20524510470303622		 Val Loss: 6.528287020596591
             	Training MAE: 0.07819179445505142		 Val MAE: 0.07884617894887924
             	Algebraic dist: 0.2837846279144287		 Val Algebraic dist: 0.8491451090032404
             	RE1 dist: 0.09096260504289107		 Val RE1 dist: 2.814240715720437
             	SED dist: 0.36400903354991565		 Val SED dist: 13.012015602805398

Epoch 154/100: Training Loss: 0.2606925530867143		 Val Loss: 2799.7933238636365
             	Training MAE: 0.07755933701992035		 Val MAE: 0.08419648557901382
             	Algebraic dist: 0.3513985980640758		 Val Algebraic dist: 3.764505212957209
             	RE1 dist: 0.12485854192213579		 Val RE1 dist: 117.90064586292614
             	SED dist: 0.4755454496903853		 Val SED dist: 5599.530539772727

Epoch 155/100: Training Loss: 0.33927117694507947		 Val Loss: 8460.066761363636
             	Training MAE: 0.07483670860528946		 Val MAE: 0.08625530451536179
             	Algebraic dist: 0.4341130256652832		 Val Algebraic dist: 4.456081390380859
             	RE1 dist: 0.17546378482471814		 Val RE1 dist: 141.86696555397728
             	SED dist: 0.6358480453491211		 Val SED dist: 16920.069602272728

Epoch 156/100: Training Loss: 0.2952807166359641		 Val Loss: 124.31679465553977
             	Training MAE: 0.08011401444673538		 Val MAE: 0.07623375207185745
             	Algebraic dist: 0.38571617820046167		 Val Algebraic dist: 1.3738032254305752
             	RE1 dist: 0.1482921622016213		 Val RE1 dist: 15.751069502397018
             	SED dist: 0.541966438293457		 Val SED dist: 248.58924449573863

Epoch 157/100: Training Loss: 0.2952303236181086		 Val Loss: 88.2124189897017
             	Training MAE: 0.07855044305324554		 Val MAE: 0.07739901542663574
             	Algebraic dist: 0.3774378082968972		 Val Algebraic dist: 1.215062834999778
             	RE1 dist: 0.14101876995780252		 Val RE1 dist: 11.345892472700639
             	SED dist: 0.543615384535356		 Val SED dist: 176.379150390625

Epoch 158/100: Training Loss: 0.25585430318659		 Val Loss: 7.156262484463778
             	Training MAE: 0.07401077449321747		 Val MAE: 0.0728771761059761
             	Algebraic dist: 0.3438436985015869		 Val Algebraic dist: 0.7365328181873668
             	RE1 dist: 0.12547446380962024		 Val RE1 dist: 2.159632075916637
             	SED dist: 0.4694938659667969		 Val SED dist: 14.27387861772017

Epoch 159/100: Training Loss: 0.21111644398082385		 Val Loss: 611.6509232954545
             	Training MAE: 0.07439273595809937		 Val MAE: 0.07988441735506058
             	Algebraic dist: 0.295813343741677		 Val Algebraic dist: 2.427055532282049
             	RE1 dist: 0.09704676541415128		 Val RE1 dist: 43.76821067116477
             	SED dist: 0.3797125382856889		 Val SED dist: 1223.2507990056818

Epoch 160/100: Training Loss: 0.21765620058233087		 Val Loss: 996.0725319602273
             	Training MAE: 0.07677223533391953		 Val MAE: 0.07874028384685516
             	Algebraic dist: 0.2917446223172275		 Val Algebraic dist: 1.930140408602628
             	RE1 dist: 0.09630378809842197		 Val RE1 dist: 58.17246315696023
             	SED dist: 0.389646053314209		 Val SED dist: 1992.0973011363637

Epoch 161/100: Training Loss: 0.2371436899358576		 Val Loss: 50.33124334161932
             	Training MAE: 0.07598450034856796		 Val MAE: 0.08055339008569717
             	Algebraic dist: 0.3123648166656494		 Val Algebraic dist: 1.0685918981378728
             	RE1 dist: 0.10760069977153432		 Val RE1 dist: 7.462614579634233
             	SED dist: 0.42974922873757104		 Val SED dist: 100.61452414772727

Epoch 162/100: Training Loss: 0.3432294888929887		 Val Loss: 8.174781799316406
             	Training MAE: 0.07732474058866501		 Val MAE: 0.07321479171514511
             	Algebraic dist: 0.43051164800470526		 Val Algebraic dist: 0.9287926933982156
             	RE1 dist: 0.17274637655778366		 Val RE1 dist: 1.5081894614479758
             	SED dist: 0.6404048746282404		 Val SED dist: 16.30844393643466

Epoch 163/100: Training Loss: 0.2590433901006525		 Val Loss: 362.96724076704544
             	Training MAE: 0.07043270021677017		 Val MAE: 0.07464173436164856
             	Algebraic dist: 0.34835219383239746		 Val Algebraic dist: 1.4139435508034446
             	RE1 dist: 0.12038449807600542		 Val RE1 dist: 26.5179443359375
             	SED dist: 0.47865763577547943		 Val SED dist: 725.8928000710227

Epoch 164/100: Training Loss: 0.22138192436911844		 Val Loss: 1261.6354758522727
             	Training MAE: 0.07767433673143387		 Val MAE: 0.08832655102014542
             	Algebraic dist: 0.29810979149558325		 Val Algebraic dist: 2.2327842712402344
             	RE1 dist: 0.09787078337235884		 Val RE1 dist: 55.29063831676137
             	SED dist: 0.3962044282393022		 Val SED dist: 2523.2114701704545

Epoch 165/100: Training Loss: 0.21574068069458008		 Val Loss: 56.81476939808238
             	Training MAE: 0.07670454680919647		 Val MAE: 0.06899189949035645
             	Algebraic dist: 0.30155071345242584		 Val Algebraic dist: 0.9647352045232599
             	RE1 dist: 0.0956072590567849		 Val RE1 dist: 13.706552678888494
             	SED dist: 0.3863889520818537		 Val SED dist: 113.59403852982955

Epoch 166/100: Training Loss: 0.2275038632479581		 Val Loss: 7471.645596590909
             	Training MAE: 0.07550014555454254		 Val MAE: 0.08991583436727524
             	Algebraic dist: 0.30574152686379175		 Val Algebraic dist: 3.2609561573375356
             	RE1 dist: 0.1029145284132524		 Val RE1 dist: 87.23276034268466
             	SED dist: 0.4112638126720082		 Val SED dist: 14943.224431818182

Epoch 167/100: Training Loss: 0.3570518276908181		 Val Loss: 465.6331676136364
             	Training MAE: 0.07998089492321014		 Val MAE: 0.07485288381576538
             	Algebraic dist: 0.4532023776661266		 Val Algebraic dist: 2.2799047990278765
             	RE1 dist: 0.1836284724148837		 Val RE1 dist: 70.01414905894886
             	SED dist: 0.6658289215781472		 Val SED dist: 931.2224786931819

Epoch 168/100: Training Loss: 0.19939025965603915		 Val Loss: 1895.5854048295455
             	Training MAE: 0.07019727677106857		 Val MAE: 0.07379861921072006
             	Algebraic dist: 0.2841259782964533		 Val Algebraic dist: 2.337182478471236
             	RE1 dist: 0.0921121510592374		 Val RE1 dist: 57.32518976384943
             	SED dist: 0.3598798188296231		 Val SED dist: 3791.1257102272725

Epoch 169/100: Training Loss: 0.19971349022605203		 Val Loss: 1482.932705965909
             	Training MAE: 0.07602886110544205		 Val MAE: 0.07507818192243576
             	Algebraic dist: 0.2789887948469682		 Val Algebraic dist: 2.5412987795743076
             	RE1 dist: 0.08922928029840643		 Val RE1 dist: 83.65578946200284
             	SED dist: 0.3547252741726962		 Val SED dist: 2965.8180042613635

Epoch 170/100: Training Loss: 0.3136806921525435		 Val Loss: 36.38024624911222
             	Training MAE: 0.0719473585486412		 Val MAE: 0.07420089840888977
             	Algebraic dist: 0.423785773190585		 Val Algebraic dist: 1.1675167950716885
             	RE1 dist: 0.16300011764873157		 Val RE1 dist: 10.196121909401633
             	SED dist: 0.5870282866738059		 Val SED dist: 72.72008722478694

Epoch 171/100: Training Loss: 0.23900649764321066		 Val Loss: 210.89914772727272
             	Training MAE: 0.0794483944773674		 Val MAE: 0.08449479937553406
             	Algebraic dist: 0.33438619700345124		 Val Algebraic dist: 1.3911971178921787
             	RE1 dist: 0.11051867224953392		 Val RE1 dist: 14.077448064630682
             	SED dist: 0.4300999641418457		 Val SED dist: 421.7431640625

Epoch 172/100: Training Loss: 0.30553449283946643		 Val Loss: 20.17116754705256
             	Training MAE: 0.07361871749162674		 Val MAE: 0.0737035945057869
             	Algebraic dist: 0.4062692035328258		 Val Algebraic dist: 0.952797456221147
             	RE1 dist: 0.15387788685885342		 Val RE1 dist: 4.395663174715909
             	SED dist: 0.5686775554310192		 Val SED dist: 40.30178555575284

Epoch 173/100: Training Loss: 0.2577973495830189		 Val Loss: 180.0440118963068
             	Training MAE: 0.07813605666160583		 Val MAE: 0.07522546499967575
             	Algebraic dist: 0.3397142670371316		 Val Algebraic dist: 0.9258187033913352
             	RE1 dist: 0.11755115335637872		 Val RE1 dist: 10.553489685058594
             	SED dist: 0.4688725038008256		 Val SED dist: 360.0460316051136

Epoch 174/100: Training Loss: 0.22058274529197		 Val Loss: 9574.724431818182
             	Training MAE: 0.0708877444267273		 Val MAE: 0.0788692831993103
             	Algebraic dist: 0.291672793301669		 Val Algebraic dist: 3.86557318947532
             	RE1 dist: 0.09774209152568471		 Val RE1 dist: 130.25984330610797
             	SED dist: 0.40195200660011987		 Val SED dist: 19149.394886363636

Epoch 175/100: Training Loss: 0.19251418113708496		 Val Loss: 53.26948686079545
             	Training MAE: 0.08149488270282745		 Val MAE: 0.08282975852489471
             	Algebraic dist: 0.2516779032620517		 Val Algebraic dist: 0.9062226035378196
             	RE1 dist: 0.07765943353826349		 Val RE1 dist: 5.041963057084517
             	SED dist: 0.33387318524447357		 Val SED dist: 106.48951305042614

Epoch 176/100: Training Loss: 0.19536985050548206		 Val Loss: 997.5661399147727
             	Training MAE: 0.07577014714479446		 Val MAE: 0.07535497099161148
             	Algebraic dist: 0.2642104842446067		 Val Algebraic dist: 2.306798588145863
             	RE1 dist: 0.08655060421336781		 Val RE1 dist: 40.71659989790483
             	SED dist: 0.3460559844970703		 Val SED dist: 1995.0864701704545

Epoch 177/100: Training Loss: 0.19889356873252176		 Val Loss: 2102.7787642045455
             	Training MAE: 0.07198788970708847		 Val MAE: 0.07364492118358612
             	Algebraic dist: 0.27728648619218305		 Val Algebraic dist: 2.9342384338378906
             	RE1 dist: 0.0902699123729359		 Val RE1 dist: 89.9699873490767
             	SED dist: 0.3574363318356601		 Val SED dist: 4205.512428977273

Epoch 178/100: Training Loss: 0.24648445302789862		 Val Loss: 439.49520596590907
             	Training MAE: 0.07847240567207336		 Val MAE: 0.0869157463312149
             	Algebraic dist: 0.3309035301208496		 Val Algebraic dist: 1.5349221663041548
             	RE1 dist: 0.1115742488340898		 Val RE1 dist: 18.55892389470881
             	SED dist: 0.44539703022349963		 Val SED dist: 878.9333274147727

Epoch 179/100: Training Loss: 0.45261417735706677		 Val Loss: 795.4113103693181
             	Training MAE: 0.0781213790178299		 Val MAE: 0.07961466908454895
             	Algebraic dist: 0.5232594229958274		 Val Algebraic dist: 3.6405903209339487
             	RE1 dist: 0.2358733740719882		 Val RE1 dist: 107.52870871803977
             	SED dist: 0.8581497885964133		 Val SED dist: 1590.7693536931818

Epoch 180/100: Training Loss: 0.38320615074851294		 Val Loss: 4898.353693181818
             	Training MAE: 0.07512681931257248		 Val MAE: 0.07975199818611145
             	Algebraic dist: 0.45223522186279297		 Val Algebraic dist: 3.4495960582386362
             	RE1 dist: 0.19067330793900925		 Val RE1 dist: 81.12235329367898
             	SED dist: 0.7224681594155051		 Val SED dist: 9796.651988636364

Epoch 181/100: Training Loss: 0.29557124051180755		 Val Loss: 4844.351207386364
             	Training MAE: 0.0769701600074768		 Val MAE: 0.08123651146888733
             	Algebraic dist: 0.39197002757679333		 Val Algebraic dist: 3.5402956875887783
             	RE1 dist: 0.14262400973926892		 Val RE1 dist: 80.34496515447444
             	SED dist: 0.5452682755210183		 Val SED dist: 9688.644886363636

Epoch 182/100: Training Loss: 0.27930116653442383		 Val Loss: 36.4374306418679
             	Training MAE: 0.07138890773057938		 Val MAE: 0.06961142271757126
             	Algebraic dist: 0.37260510704734107		 Val Algebraic dist: 1.110130483453924
             	RE1 dist: 0.13928075270219284		 Val RE1 dist: 10.282205061479049
             	SED dist: 0.5185151100158691		 Val SED dist: 72.83843439275569

Epoch 183/100: Training Loss: 0.2484814470464533		 Val Loss: 1245.3636363636363
             	Training MAE: 0.07693956792354584		 Val MAE: 0.08161839097738266
             	Algebraic dist: 0.32929409633983264		 Val Algebraic dist: 2.4061735326593574
             	RE1 dist: 0.11717954548922452		 Val RE1 dist: 42.43977494673295
             	SED dist: 0.4506634365428578		 Val SED dist: 2490.6713423295455

Epoch 184/100: Training Loss: 0.2581181526184082		 Val Loss: 3096.239346590909
             	Training MAE: 0.07945232838392258		 Val MAE: 0.08509030938148499
             	Algebraic dist: 0.3449727838689631		 Val Algebraic dist: 3.4767438715154473
             	RE1 dist: 0.12013879689303311		 Val RE1 dist: 114.42530406605114
             	SED dist: 0.46795927394520154		 Val SED dist: 6192.419744318182

Epoch 185/100: Training Loss: 0.24830308827486905		 Val Loss: 588.2596768465909
             	Training MAE: 0.07678854465484619		 Val MAE: 0.0796109214425087
             	Algebraic dist: 0.33980213512073865		 Val Algebraic dist: 2.4768029993230645
             	RE1 dist: 0.11415457725524902		 Val RE1 dist: 58.55270108309659
             	SED dist: 0.4509005546569824		 Val SED dist: 1176.4704367897727

Epoch 186/100: Training Loss: 0.2309642271562056		 Val Loss: 2228.2507102272725
             	Training MAE: 0.07425112277269363		 Val MAE: 0.08168262988328934
             	Algebraic dist: 0.3118645061146129		 Val Algebraic dist: 3.192759773947976
             	RE1 dist: 0.10281512954018333		 Val RE1 dist: 85.1842373934659
             	SED dist: 0.4191210486672141		 Val SED dist: 4456.447443181818

Epoch 187/100: Training Loss: 0.2646761807528409		 Val Loss: 172.07499556107953
             	Training MAE: 0.07818680256605148		 Val MAE: 0.07850281149148941
             	Algebraic dist: 0.35172813588922675		 Val Algebraic dist: 1.708189530806108
             	RE1 dist: 0.12192715298045766		 Val RE1 dist: 16.169662475585938
             	SED dist: 0.4825690009377219		 Val SED dist: 344.1024724786932

Epoch 188/100: Training Loss: 0.35730799761685456		 Val Loss: 3342.5962357954545
             	Training MAE: 0.07561150193214417		 Val MAE: 0.07346755266189575
             	Algebraic dist: 0.4355095083063299		 Val Algebraic dist: 3.0369044217196377
             	RE1 dist: 0.17968645962801846		 Val RE1 dist: 81.64119096235795
             	SED dist: 0.6703447862104936		 Val SED dist: 6685.147017045455

Epoch 189/100: Training Loss: 0.22935769774697043		 Val Loss: 1.3902759552001953
             	Training MAE: 0.07436695694923401		 Val MAE: 0.07321172207593918
             	Algebraic dist: 0.32148484750227496		 Val Algebraic dist: 0.7054619789123535
             	RE1 dist: 0.10357444936578925		 Val RE1 dist: 0.6398458914323286
             	SED dist: 0.41638166254216974		 Val SED dist: 2.741464614868164

Epoch 190/100: Training Loss: 0.2475774504921653		 Val Loss: 12.77445429021662
             	Training MAE: 0.07430572062730789		 Val MAE: 0.07748018950223923
             	Algebraic dist: 0.3407698761333119		 Val Algebraic dist: 0.8413541100241921
             	RE1 dist: 0.11695370890877464		 Val RE1 dist: 3.636882781982422
             	SED dist: 0.4524767182090066		 Val SED dist: 25.5056679465554

Epoch 191/100: Training Loss: 0.29868028380654077		 Val Loss: 1.2315823815085671
             	Training MAE: 0.08362511545419693		 Val MAE: 0.07471199333667755
             	Algebraic dist: 0.3952423875982111		 Val Algebraic dist: 0.5891978523947976
             	RE1 dist: 0.13693269816311923		 Val RE1 dist: 0.5559718825600364
             	SED dist: 0.54418269070712		 Val SED dist: 2.422774228182706



## TEST RESULTS: ##
Test Loss: 647.1979251217533		 Test MAE: 0.07344692945480347
Test Algebraic dist: 0.9625384244051846
Test SED dist: 1294.3552962662336
Test RE1 dist: 18.2449022169237

Trimmed algs: 0.5689796805381775
Trimmed seds: 3.6900796771049498
Trimmed re1s: 0.7142421185970307

Test Algebraic dist truth: 0.004659795141839362
Test SED dist truth: 0.00017223187855311802
Test RE1 dist truth: 2.1533632360689052e-05

plots/Kitti2Flying/SED_0.5__L2_1__huber_1__lr_0.0001__conv__Resnet__use_reconstruction_True/BS_8__ratio_9__frozen_0__seed_500


plots/Kitti2Flying/SED_0.5__L2_1__huber_1__lr_0.0001__conv__Resnet__use_reconstruction_True/BS_8__ratio_9__frozen_0__seed_500 no backup to delete after job done

