
###########################################################################################################################################################

 learning rate: 0.0001, mlp_hidden_sizes: [1024, 512], jump_frames: 6, use_reconstruction_layer: True
batch_size: 8, norm: True, train_seqeunces: [0, 2, 3, 5], val_sequences: [6, 7, 8], RL_TEST_NAMES: ['fe2fadf89a84e92a', 'f01e8b6f8e10fdd9', 'f1ee9dc6135e5307', 'a41df4fa06fd391b', 'bc0ebb7482f14795', '9bdd34e784c04e3a', '98ebee1c36ecec55'], dataset: Sceneflow2Kitti,
average embeddings: False, model: microsoft/resnet-152, augmentation: True, random crop: True, part: head, get_old_path: False, computer: 1,
RE1 coeff: 0 SED coeff: 0.5, ALG_COEFF: 0, L2_coeff: 1, huber_coeff: 1, frozen layers: 0, trained vit: None, MAX_POOL_SIZE: 3
crop: 224 resize: 256, use conv: True pretrained: None, train_size: 0.002, norm_mean: tensor([0.5000, 0.5000, 0.5000], device='cuda:0'), norm_std: tensor([0.5000, 0.5000, 0.5000], device='cuda:0'), sched: None seed: 300

train size: 32, val size: 24, test size: 1064

algebraic_truth: 0.01701110601425171		 val_algebraic_truth: 0.01764678955078125
RE1_truth: 0.0001922974770423025		 val_RE1_truth: 0.00020589431126912436
SED_truth: 0.0015383927384391427		 val_SED_truth: 0.0016471631824970245

Epoch 1/100: Training Loss: 0.109769307076931		 Val Loss: 0.19134279092152914
             	Training MAE: 0.042841337621212006		 Val MAE: 0.04406466335058212
             	Algebraic dist: 0.19620150327682495		 Val Algebraic dist: 0.27863327662150067
             	RE1 dist: 0.04765094071626663		 Val RE1 dist: 0.09396194418271382
             	SED dist: 0.2033979892730713		 Val SED dist: 0.363125205039978

Epoch 2/100: Training Loss: 0.08211321383714676		 Val Loss: 0.1597349445025126
             	Training MAE: 0.053290631622076035		 Val MAE: 0.04661798104643822
             	Algebraic dist: 0.16355252265930176		 Val Algebraic dist: 0.25692127148310345
             	RE1 dist: 0.03047267161309719		 Val RE1 dist: 0.07276700933774312
             	SED dist: 0.1419864296913147		 Val SED dist: 0.30163071552912396

Epoch 3/100: Training Loss: 0.13227805495262146		 Val Loss: 0.14012404282887778
             	Training MAE: 0.05171407014131546		 Val MAE: 0.04262407496571541
             	Algebraic dist: 0.21997463703155518		 Val Algebraic dist: 0.2372304598490397
             	RE1 dist: 0.05301523953676224		 Val RE1 dist: 0.06546071668465932
             	SED dist: 0.24376483261585236		 Val SED dist: 0.2644396821657817

Epoch 4/100: Training Loss: 0.14556385576725006		 Val Loss: 0.2024061679840088
             	Training MAE: 0.042147018015384674		 Val MAE: 0.04944763332605362
             	Algebraic dist: 0.24237418174743652		 Val Algebraic dist: 0.2814058264096578
             	RE1 dist: 0.06071803718805313		 Val RE1 dist: 0.0971357027689616
             	SED dist: 0.27562832832336426		 Val SED dist: 0.38434306780497235

Epoch 5/100: Training Loss: 0.11450707912445068		 Val Loss: 0.14121482769648233
             	Training MAE: 0.04315491393208504		 Val MAE: 0.04710692539811134
             	Algebraic dist: 0.2101556360721588		 Val Algebraic dist: 0.257155974706014
             	RE1 dist: 0.04875104874372482		 Val RE1 dist: 0.055045485496520996
             	SED dist: 0.21307045221328735		 Val SED dist: 0.25974353154500324

Epoch 6/100: Training Loss: 0.08227536082267761		 Val Loss: 0.12793788313865662
             	Training MAE: 0.04787352681159973		 Val MAE: 0.042260028421878815
             	Algebraic dist: 0.16859671473503113		 Val Algebraic dist: 0.23514421780904135
             	RE1 dist: 0.031254421919584274		 Val RE1 dist: 0.05515390634536743
             	SED dist: 0.1463262438774109		 Val SED dist: 0.24032270908355713

Epoch 7/100: Training Loss: 0.13428542017936707		 Val Loss: 0.18498897552490234
             	Training MAE: 0.04563404992222786		 Val MAE: 0.04915044084191322
             	Algebraic dist: 0.2383250892162323		 Val Algebraic dist: 0.29656267166137695
             	RE1 dist: 0.05124880373477936		 Val RE1 dist: 0.0736365020275116
             	SED dist: 0.25168508291244507		 Val SED dist: 0.35090184211730957

Epoch 8/100: Training Loss: 0.1986585110425949		 Val Loss: 0.1779094139734904
             	Training MAE: 0.043905481696128845		 Val MAE: 0.04030751436948776
             	Algebraic dist: 0.2911567687988281		 Val Algebraic dist: 0.3141910632451375
             	RE1 dist: 0.07600098848342896		 Val RE1 dist: 0.0732631782690684
             	SED dist: 0.38077273964881897		 Val SED dist: 0.34099070231119794

Epoch 9/100: Training Loss: 0.1991414576768875		 Val Loss: 0.18585499127705893
             	Training MAE: 0.04582780972123146		 Val MAE: 0.04741368070244789
             	Algebraic dist: 0.29851609468460083		 Val Algebraic dist: 0.32464349269866943
             	RE1 dist: 0.07968643307685852		 Val RE1 dist: 0.07145234942436218
             	SED dist: 0.38098934292793274		 Val SED dist: 0.35389121373494464

Epoch 10/100: Training Loss: 0.16110515594482422		 Val Loss: 0.1357283592224121
             	Training MAE: 0.0468679741024971		 Val MAE: 0.045873720198869705
             	Algebraic dist: 0.2586868703365326		 Val Algebraic dist: 0.2381013830502828
             	RE1 dist: 0.06438490748405457		 Val RE1 dist: 0.05259197950363159
             	SED dist: 0.3038569986820221		 Val SED dist: 0.25007470448811847

Epoch 11/100: Training Loss: 0.06588734686374664		 Val Loss: 0.09566456079483032
             	Training MAE: 0.04294230416417122		 Val MAE: 0.047932934015989304
             	Algebraic dist: 0.1442762315273285		 Val Algebraic dist: 0.19218766689300537
             	RE1 dist: 0.02549930475652218		 Val RE1 dist: 0.04027514159679413
             	SED dist: 0.11577493697404861		 Val SED dist: 0.1728842854499817

Epoch 12/100: Training Loss: 0.0587305948138237		 Val Loss: 0.19686015446980795
             	Training MAE: 0.042255986481904984		 Val MAE: 0.04078682139515877
             	Algebraic dist: 0.13473939895629883		 Val Algebraic dist: 0.290042777856191
             	RE1 dist: 0.02204151265323162		 Val RE1 dist: 0.09371498227119446
             	SED dist: 0.10185641050338745		 Val SED dist: 0.3787250916163127

Epoch 13/100: Training Loss: 0.047247111797332764		 Val Loss: 0.1137457291285197
             	Training MAE: 0.045798707753419876		 Val MAE: 0.04137386381626129
             	Algebraic dist: 0.12095269560813904		 Val Algebraic dist: 0.2219146490097046
             	RE1 dist: 0.017307568341493607		 Val RE1 dist: 0.045782700181007385
             	SED dist: 0.07736030220985413		 Val SED dist: 0.21224099397659302

Epoch 14/100: Training Loss: 0.06753086298704147		 Val Loss: 0.13605942328770956
             	Training MAE: 0.04381059110164642		 Val MAE: 0.06314994394779205
             	Algebraic dist: 0.14495430886745453		 Val Algebraic dist: 0.20977268616358438
             	RE1 dist: 0.02647869661450386		 Val RE1 dist: 0.054399460554122925
             	SED dist: 0.11853322386741638		 Val SED dist: 0.2356436848640442

Epoch 15/100: Training Loss: 0.06440247595310211		 Val Loss: 0.21375439564387003
             	Training MAE: 0.04657861962914467		 Val MAE: 0.05007164552807808
             	Algebraic dist: 0.15529638528823853		 Val Algebraic dist: 0.27596720059712726
             	RE1 dist: 0.02361198700964451		 Val RE1 dist: 0.10375939806302388
             	SED dist: 0.11085812002420425		 Val SED dist: 0.40749327341715497

Epoch 16/100: Training Loss: 0.13312846422195435		 Val Loss: 0.27743836243947345
             	Training MAE: 0.04114494100213051		 Val MAE: 0.048764899373054504
             	Algebraic dist: 0.20819617807865143		 Val Algebraic dist: 0.3360816240310669
             	RE1 dist: 0.059627216309309006		 Val RE1 dist: 0.13445950547854105
             	SED dist: 0.25096577405929565		 Val SED dist: 0.5356140534083048

Epoch 17/100: Training Loss: 0.07999438047409058		 Val Loss: 0.21296938260396323
             	Training MAE: 0.04217955470085144		 Val MAE: 0.05060964822769165
             	Algebraic dist: 0.17065009474754333		 Val Algebraic dist: 0.2897942264874776
             	RE1 dist: 0.031024158000946045		 Val RE1 dist: 0.09847862521807353
             	SED dist: 0.14400425553321838		 Val SED dist: 0.4037107626597087

Epoch 18/100: Training Loss: 0.05938952788710594		 Val Loss: 0.18394223848978677
             	Training MAE: 0.04541317746043205		 Val MAE: 0.04265906289219856
             	Algebraic dist: 0.14864253997802734		 Val Algebraic dist: 0.2586556275685628
             	RE1 dist: 0.020890291780233383		 Val RE1 dist: 0.0886094073454539
             	SED dist: 0.1017494648694992		 Val SED dist: 0.352255384127299

Epoch 19/100: Training Loss: 0.07042092829942703		 Val Loss: 0.21603641907374063
             	Training MAE: 0.05269802361726761		 Val MAE: 0.04255416616797447
             	Algebraic dist: 0.16015461087226868		 Val Algebraic dist: 0.2855532964070638
             	RE1 dist: 0.02412024512887001		 Val RE1 dist: 0.10555782914161682
             	SED dist: 0.11938967555761337		 Val SED dist: 0.41644219557444256

Epoch 20/100: Training Loss: 0.08179892599582672		 Val Loss: 0.23641065756479898
             	Training MAE: 0.04739532619714737		 Val MAE: 0.049901071935892105
             	Algebraic dist: 0.18509292602539062		 Val Algebraic dist: 0.2812931338946025
             	RE1 dist: 0.0285183135420084		 Val RE1 dist: 0.10071526964505513
             	SED dist: 0.14560140669345856		 Val SED dist: 0.44234498341878253

Epoch 21/100: Training Loss: 0.09908723831176758		 Val Loss: 0.16985026995340982
             	Training MAE: 0.040896885097026825		 Val MAE: 0.05165399610996246
             	Algebraic dist: 0.20717188715934753		 Val Algebraic dist: 0.24465872844060263
             	RE1 dist: 0.037326980382204056		 Val RE1 dist: 0.07723945379257202
             	SED dist: 0.1829860508441925		 Val SED dist: 0.3164897362391154

Epoch 22/100: Training Loss: 0.08288776874542236		 Val Loss: 0.13346786300341287
             	Training MAE: 0.04411182552576065		 Val MAE: 0.05149495229125023
             	Algebraic dist: 0.1712367832660675		 Val Algebraic dist: 0.22801202535629272
             	RE1 dist: 0.0329982154071331		 Val RE1 dist: 0.05431711177031199
             	SED dist: 0.14916254580020905		 Val SED dist: 0.24558051427205405

Epoch 23/100: Training Loss: 0.055512018501758575		 Val Loss: 0.1458733876546224
             	Training MAE: 0.04660818725824356		 Val MAE: 0.05521230027079582
             	Algebraic dist: 0.1411372721195221		 Val Algebraic dist: 0.21687831481297812
             	RE1 dist: 0.019727954640984535		 Val RE1 dist: 0.06259730458259583
             	SED dist: 0.09294304251670837		 Val SED dist: 0.26569080352783203

Epoch 24/100: Training Loss: 0.044526513665914536		 Val Loss: 0.15810795625050864
             	Training MAE: 0.04147324711084366		 Val MAE: 0.047126639634370804
             	Algebraic dist: 0.11747369170188904		 Val Algebraic dist: 0.24180801709493002
             	RE1 dist: 0.01589728146791458		 Val RE1 dist: 0.0687242050965627
             	SED dist: 0.07366914302110672		 Val SED dist: 0.28970762093861896

Epoch 25/100: Training Loss: 0.07185003161430359		 Val Loss: 0.16577909390131632
             	Training MAE: 0.04317681863903999		 Val MAE: 0.041429318487644196
             	Algebraic dist: 0.17180953919887543		 Val Algebraic dist: 0.3042212128639221
             	RE1 dist: 0.026454303413629532		 Val RE1 dist: 0.06668439010779063
             	SED dist: 0.12785032391548157		 Val SED dist: 0.3158253033955892

Epoch 26/100: Training Loss: 0.1046081930398941		 Val Loss: 0.1780482530593872
             	Training MAE: 0.043318603187799454		 Val MAE: 0.044238027185201645
             	Algebraic dist: 0.20421753823757172		 Val Algebraic dist: 0.31019266446431476
             	RE1 dist: 0.039484910666942596		 Val RE1 dist: 0.07111576199531555
             	SED dist: 0.1931237131357193		 Val SED dist: 0.33878374099731445

Epoch 27/100: Training Loss: 0.09223315119743347		 Val Loss: 0.17009196678797403
             	Training MAE: 0.042190708220005035		 Val MAE: 0.049721475690603256
             	Algebraic dist: 0.195142924785614		 Val Algebraic dist: 0.2900262673695882
             	RE1 dist: 0.03315092623233795		 Val RE1 dist: 0.06912455956141154
             	SED dist: 0.16874712705612183		 Val SED dist: 0.3209136724472046

Epoch 28/100: Training Loss: 0.12263631820678711		 Val Loss: 0.22258583704630533
             	Training MAE: 0.04378608986735344		 Val MAE: 0.04395356401801109
             	Algebraic dist: 0.2223135232925415		 Val Algebraic dist: 0.3533473014831543
             	RE1 dist: 0.0482020266354084		 Val RE1 dist: 0.08827006816864014
             	SED dist: 0.22882166504859924		 Val SED dist: 0.4290462334950765

Epoch 29/100: Training Loss: 0.16588787734508514		 Val Loss: 0.23608354727427164
             	Training MAE: 0.04271485283970833		 Val MAE: 0.041390709578990936
             	Algebraic dist: 0.2595617175102234		 Val Algebraic dist: 0.37716905275980633
             	RE1 dist: 0.06776424497365952		 Val RE1 dist: 0.09817197918891907
             	SED dist: 0.31568270921707153		 Val SED dist: 0.45696139335632324

Epoch 30/100: Training Loss: 0.1438198834657669		 Val Loss: 0.12040367722511292
             	Training MAE: 0.040861327201128006		 Val MAE: 0.039311472326517105
             	Algebraic dist: 0.2482275813817978		 Val Algebraic dist: 0.2242192029953003
             	RE1 dist: 0.0585353747010231		 Val RE1 dist: 0.05351525048414866
             	SED dist: 0.2724381685256958		 Val SED dist: 0.226318359375

Epoch 31/100: Training Loss: 0.05391747131943703		 Val Loss: 0.18610568841298422
             	Training MAE: 0.045025136321783066		 Val MAE: 0.039905354380607605
             	Algebraic dist: 0.12527503073215485		 Val Algebraic dist: 0.28006688753763836
             	RE1 dist: 0.02117670699954033		 Val RE1 dist: 0.09066986044247945
             	SED dist: 0.09118317067623138		 Val SED dist: 0.3573904832204183

Epoch 32/100: Training Loss: 0.05094373971223831		 Val Loss: 0.15630266070365906
             	Training MAE: 0.04378794506192207		 Val MAE: 0.05241313576698303
             	Algebraic dist: 0.12922148406505585		 Val Algebraic dist: 0.22949159145355225
             	RE1 dist: 0.018266571685671806		 Val RE1 dist: 0.05597421030203501
             	SED dist: 0.08577278256416321		 Val SED dist: 0.28151025374730426

Epoch 33/100: Training Loss: 0.05143122375011444		 Val Loss: 0.19183790683746338
             	Training MAE: 0.04100630059838295		 Val MAE: 0.054773684591054916
             	Algebraic dist: 0.11820898950099945		 Val Algebraic dist: 0.21912066141764322
             	RE1 dist: 0.021022219210863113		 Val RE1 dist: 0.05644187331199646
             	SED dist: 0.08759365975856781		 Val SED dist: 0.34705738226572674

Epoch 34/100: Training Loss: 0.053491801023483276		 Val Loss: 0.2313921848932902
             	Training MAE: 0.04031619802117348		 Val MAE: 0.04104473814368248
             	Algebraic dist: 0.14137667417526245		 Val Algebraic dist: 0.30550070603688556
             	RE1 dist: 0.019657239317893982		 Val RE1 dist: 0.11440591017405193
             	SED dist: 0.09198425710201263		 Val SED dist: 0.4476606448491414

Epoch 35/100: Training Loss: 0.0484815388917923		 Val Loss: 0.2595183253288269
             	Training MAE: 0.04204283282160759		 Val MAE: 0.04293954372406006
             	Algebraic dist: 0.1269187182188034		 Val Algebraic dist: 0.3182361324628194
             	RE1 dist: 0.017227914184331894		 Val RE1 dist: 0.13087543845176697
             	SED dist: 0.08157485723495483		 Val SED dist: 0.5031777222951254

Epoch 36/100: Training Loss: 0.05227664113044739		 Val Loss: 0.219317098458608
             	Training MAE: 0.04058520495891571		 Val MAE: 0.04826952517032623
             	Algebraic dist: 0.13437950611114502		 Val Algebraic dist: 0.2850017348925273
             	RE1 dist: 0.020230503752827644		 Val RE1 dist: 0.09864307443300883
             	SED dist: 0.08951187878847122		 Val SED dist: 0.41187342007954914

Epoch 37/100: Training Loss: 0.06862848997116089		 Val Loss: 0.3044104774792989
             	Training MAE: 0.04096302017569542		 Val MAE: 0.04537457972764969
             	Algebraic dist: 0.15731997787952423		 Val Algebraic dist: 0.3485236167907715
             	RE1 dist: 0.02614568918943405		 Val RE1 dist: 0.1502912441889445
             	SED dist: 0.12213996797800064		 Val SED dist: 0.5908997456232706

Epoch 38/100: Training Loss: 0.06076328083872795		 Val Loss: 0.2481291095415751
             	Training MAE: 0.04155031591653824		 Val MAE: 0.04877414554357529
             	Algebraic dist: 0.15269853174686432		 Val Algebraic dist: 0.2880829970041911
             	RE1 dist: 0.022968851029872894		 Val RE1 dist: 0.11324249704678853
             	SED dist: 0.10604605823755264		 Val SED dist: 0.46651971340179443

Epoch 39/100: Training Loss: 0.05064428970217705		 Val Loss: 0.270211140314738
             	Training MAE: 0.041243501007556915		 Val MAE: 0.04444081708788872
             	Algebraic dist: 0.13216572999954224		 Val Algebraic dist: 0.31720564762751263
             	RE1 dist: 0.01804821752011776		 Val RE1 dist: 0.13584416111310324
             	SED dist: 0.0860871896147728		 Val SED dist: 0.5238104263941447

Epoch 40/100: Training Loss: 0.05759979784488678		 Val Loss: 0.14791154861450195
             	Training MAE: 0.04188178852200508		 Val MAE: 0.05581703037023544
             	Algebraic dist: 0.12772034108638763		 Val Algebraic dist: 0.22411404053370157
             	RE1 dist: 0.022138264030218124		 Val RE1 dist: 0.05885674059391022
             	SED dist: 0.09923164546489716		 Val SED dist: 0.26840577522913617

Epoch 41/100: Training Loss: 0.051678262650966644		 Val Loss: 0.19894703229268393
             	Training MAE: 0.0420289970934391		 Val MAE: 0.04282819852232933
             	Algebraic dist: 0.12820598483085632		 Val Algebraic dist: 0.26697707176208496
             	RE1 dist: 0.018855473026633263		 Val RE1 dist: 0.09657033284505208
             	SED dist: 0.0879012793302536		 Val SED dist: 0.38196690877278644

Epoch 42/100: Training Loss: 0.06815800070762634		 Val Loss: 0.17571874459584555
             	Training MAE: 0.04322343319654465		 Val MAE: 0.04346923157572746
             	Algebraic dist: 0.15505075454711914		 Val Algebraic dist: 0.28981637954711914
             	RE1 dist: 0.025242958217859268		 Val RE1 dist: 0.06946846842765808
             	SED dist: 0.12030006945133209		 Val SED dist: 0.3347619374593099

Epoch 43/100: Training Loss: 0.13679997622966766		 Val Loss: 0.12552578250567117
             	Training MAE: 0.04474441707134247		 Val MAE: 0.05463089421391487
             	Algebraic dist: 0.26076817512512207		 Val Algebraic dist: 0.21313432852427164
             	RE1 dist: 0.054007112979888916		 Val RE1 dist: 0.05066180725892385
             	SED dist: 0.256888210773468		 Val SED dist: 0.22044970591862997

Epoch 44/100: Training Loss: 0.10878558456897736		 Val Loss: 0.17359606424967447
             	Training MAE: 0.042069822549819946		 Val MAE: 0.04777321591973305
             	Algebraic dist: 0.21717700362205505		 Val Algebraic dist: 0.25471123059590656
             	RE1 dist: 0.03812684118747711		 Val RE1 dist: 0.07450168828169505
             	SED dist: 0.20198634266853333		 Val SED dist: 0.3235457142194112

Epoch 45/100: Training Loss: 0.05945239216089249		 Val Loss: 0.15032225847244263
             	Training MAE: 0.04116128012537956		 Val MAE: 0.05047544836997986
             	Algebraic dist: 0.14768239855766296		 Val Algebraic dist: 0.23373200496037802
             	RE1 dist: 0.021194539964199066		 Val RE1 dist: 0.06901344656944275
             	SED dist: 0.10373618453741074		 Val SED dist: 0.28007640441258747

Epoch 46/100: Training Loss: 0.04993751272559166		 Val Loss: 0.10577219724655151
             	Training MAE: 0.04572862386703491		 Val MAE: 0.055939093232154846
             	Algebraic dist: 0.12874042987823486		 Val Algebraic dist: 0.19145667552947998
             	RE1 dist: 0.01803411729633808		 Val RE1 dist: 0.04336333771546682
             	SED dist: 0.08273456990718842		 Val SED dist: 0.1879760225613912

Epoch 47/100: Training Loss: 0.04921695590019226		 Val Loss: 0.1672974427541097
             	Training MAE: 0.045479968190193176		 Val MAE: 0.04381987079977989
             	Algebraic dist: 0.12327104061841965		 Val Algebraic dist: 0.27336007356643677
             	RE1 dist: 0.01755075342953205		 Val RE1 dist: 0.06995553771654765
             	SED dist: 0.08139203488826752		 Val SED dist: 0.31634342670440674

Epoch 48/100: Training Loss: 0.04893752932548523		 Val Loss: 0.1507205367088318
             	Training MAE: 0.04299284145236015		 Val MAE: 0.044441983103752136
             	Algebraic dist: 0.12818366289138794		 Val Algebraic dist: 0.21930529673894247
             	RE1 dist: 0.016127828508615494		 Val RE1 dist: 0.07206928730010986
             	SED dist: 0.08213292062282562		 Val SED dist: 0.28348177671432495

Epoch 49/100: Training Loss: 0.039873868227005005		 Val Loss: 0.15800270438194275
             	Training MAE: 0.04208486154675484		 Val MAE: 0.04303818196058273
             	Algebraic dist: 0.09865748882293701		 Val Algebraic dist: 0.2798577547073364
             	RE1 dist: 0.013335833325982094		 Val RE1 dist: 0.06413567562898
             	SED dist: 0.0640563815832138		 Val SED dist: 0.29995675881703693

Epoch 50/100: Training Loss: 0.12192455679178238		 Val Loss: 0.14822455247243246
             	Training MAE: 0.04086887091398239		 Val MAE: 0.049318455159664154
             	Algebraic dist: 0.23531506955623627		 Val Algebraic dist: 0.229213813940684
             	RE1 dist: 0.0492064394056797		 Val RE1 dist: 0.04487152397632599
             	SED dist: 0.2280707210302353		 Val SED dist: 0.26727888981501263

Epoch 51/100: Training Loss: 0.07247889041900635		 Val Loss: 0.18816874424616495
             	Training MAE: 0.04075561463832855		 Val MAE: 0.04689810052514076
             	Algebraic dist: 0.1675245463848114		 Val Algebraic dist: 0.26443636417388916
             	RE1 dist: 0.026945089921355247		 Val RE1 dist: 0.09052127599716187
             	SED dist: 0.12970934808254242		 Val SED dist: 0.3586957852045695

Epoch 52/100: Training Loss: 0.0635606124997139		 Val Loss: 0.12368566791216533
             	Training MAE: 0.04118744656443596		 Val MAE: 0.04943075031042099
             	Algebraic dist: 0.1368953436613083		 Val Algebraic dist: 0.20783303181330362
             	RE1 dist: 0.026010662317276		 Val RE1 dist: 0.052060882250467934
             	SED dist: 0.1115928441286087		 Val SED dist: 0.22415602207183838

Epoch 53/100: Training Loss: 0.0983148142695427		 Val Loss: 0.2891876697540283
             	Training MAE: 0.042058445513248444		 Val MAE: 0.04087401181459427
             	Algebraic dist: 0.18807673454284668		 Val Algebraic dist: 0.33784600098927814
             	RE1 dist: 0.03762402385473251		 Val RE1 dist: 0.14878280957539877
             	SED dist: 0.18101203441619873		 Val SED dist: 0.5633644262949625

Epoch 54/100: Training Loss: 0.09642615169286728		 Val Loss: 0.3293524781862895
             	Training MAE: 0.04794081673026085		 Val MAE: 0.039594270288944244
             	Algebraic dist: 0.2060103714466095		 Val Algebraic dist: 0.36910518010457355
             	RE1 dist: 0.03616614639759064		 Val RE1 dist: 0.1655505100886027
             	SED dist: 0.17457720637321472		 Val SED dist: 0.6440122922261556

Epoch 55/100: Training Loss: 0.08023413270711899		 Val Loss: 0.2781800826390584
             	Training MAE: 0.043316908180713654		 Val MAE: 0.044920578598976135
             	Algebraic dist: 0.17850074172019958		 Val Algebraic dist: 0.3348614772160848
             	RE1 dist: 0.02843102440237999		 Val RE1 dist: 0.13640859723091125
             	SED dist: 0.14449980854988098		 Val SED dist: 0.5397243499755859

Epoch 56/100: Training Loss: 0.08477537333965302		 Val Loss: 0.3665706316630046
             	Training MAE: 0.041233766824007034		 Val MAE: 0.0605563223361969
             	Algebraic dist: 0.1829625368118286		 Val Algebraic dist: 0.40781378746032715
             	RE1 dist: 0.03210194408893585		 Val RE1 dist: 0.16085455814997354
             	SED dist: 0.15410269796848297		 Val SED dist: 0.6893676122029623

Epoch 57/100: Training Loss: 0.15948425233364105		 Val Loss: 0.23221864302953085
             	Training MAE: 0.04167171195149422		 Val MAE: 0.04529428109526634
             	Algebraic dist: 0.2839512228965759		 Val Algebraic dist: 0.29140828053156537
             	RE1 dist: 0.06475100666284561		 Val RE1 dist: 0.1155424416065216
             	SED dist: 0.3034270405769348		 Val SED dist: 0.44780468940734863

Epoch 58/100: Training Loss: 0.11069398373365402		 Val Loss: 0.15718100468317667
             	Training MAE: 0.04048207774758339		 Val MAE: 0.03970474377274513
             	Algebraic dist: 0.2107641100883484		 Val Algebraic dist: 0.28405574957529706
             	RE1 dist: 0.04410993307828903		 Val RE1 dist: 0.06683082381884257
             	SED dist: 0.20646154880523682		 Val SED dist: 0.29978565375010174

Epoch 59/100: Training Loss: 0.23053871095180511		 Val Loss: 0.2361221710840861
             	Training MAE: 0.04127766564488411		 Val MAE: 0.04164748638868332
             	Algebraic dist: 0.31884169578552246		 Val Algebraic dist: 0.3689708312352498
             	RE1 dist: 0.09283333271741867		 Val RE1 dist: 0.09357911348342896
             	SED dist: 0.44581419229507446		 Val SED dist: 0.45700061321258545

Epoch 60/100: Training Loss: 0.1463649570941925		 Val Loss: 0.18441692988077799
             	Training MAE: 0.043136026710271835		 Val MAE: 0.04196786880493164
             	Algebraic dist: 0.24855071306228638		 Val Algebraic dist: 0.3151216705640157
             	RE1 dist: 0.054508231580257416		 Val RE1 dist: 0.07695478200912476
             	SED dist: 0.2768407464027405		 Val SED dist: 0.3534278869628906

Epoch 61/100: Training Loss: 0.13401208817958832		 Val Loss: 0.15073349078496298
             	Training MAE: 0.040415920317173004		 Val MAE: 0.04117830470204353
             	Algebraic dist: 0.24720950424671173		 Val Algebraic dist: 0.2537025411923726
             	RE1 dist: 0.052595555782318115		 Val RE1 dist: 0.062373017271359764
             	SED dist: 0.2526360750198364		 Val SED dist: 0.28625627358754474

Epoch 62/100: Training Loss: 0.08812662959098816		 Val Loss: 0.16361203789710999
             	Training MAE: 0.04086130112409592		 Val MAE: 0.040929265320301056
             	Algebraic dist: 0.19954180717468262		 Val Algebraic dist: 0.2744554281234741
             	RE1 dist: 0.03321930766105652		 Val RE1 dist: 0.07184730966885884
             	SED dist: 0.16127750277519226		 Val SED dist: 0.3122097849845886

Epoch 63/100: Training Loss: 0.06713289022445679		 Val Loss: 0.18942530949910483
             	Training MAE: 0.04205774888396263		 Val MAE: 0.05992806330323219
             	Algebraic dist: 0.1477985680103302		 Val Algebraic dist: 0.2610304156939189
             	RE1 dist: 0.027289558202028275		 Val RE1 dist: 0.07888158162434895
             	SED dist: 0.11849319934844971		 Val SED dist: 0.3471218744913737

Epoch 64/100: Training Loss: 0.08901098370552063		 Val Loss: 0.20149749517440796
             	Training MAE: 0.04538339748978615		 Val MAE: 0.04486333951354027
             	Algebraic dist: 0.18372079730033875		 Val Algebraic dist: 0.2739349603652954
             	RE1 dist: 0.031407833099365234		 Val RE1 dist: 0.09433581431706746
             	SED dist: 0.16083967685699463		 Val SED dist: 0.3818665345509847

Epoch 65/100: Training Loss: 0.11086096614599228		 Val Loss: 0.4238540331522624
             	Training MAE: 0.04434988275170326		 Val MAE: 0.04174572974443436
             	Algebraic dist: 0.22496740520000458		 Val Algebraic dist: 0.4390518267949422
             	RE1 dist: 0.044328492134809494		 Val RE1 dist: 0.2093478043874105
             	SED dist: 0.20512835681438446		 Val SED dist: 0.8319230079650879

Epoch 66/100: Training Loss: 0.14166101813316345		 Val Loss: 0.38000694910685223
             	Training MAE: 0.042244553565979004		 Val MAE: 0.046823691576719284
             	Algebraic dist: 0.24275608360767365		 Val Algebraic dist: 0.42875786622365314
             	RE1 dist: 0.05928463488817215		 Val RE1 dist: 0.18226454655329385
             	SED dist: 0.2679001986980438		 Val SED dist: 0.7422834237416586

Epoch 67/100: Training Loss: 0.09657778590917587		 Val Loss: 0.2800741990407308
             	Training MAE: 0.04045325145125389		 Val MAE: 0.044855859130620956
             	Algebraic dist: 0.17513634264469147		 Val Algebraic dist: 0.3404138882954915
             	RE1 dist: 0.03732362017035484		 Val RE1 dist: 0.14001765847206116
             	SED dist: 0.17821857333183289		 Val SED dist: 0.5398951371510824

Epoch 68/100: Training Loss: 0.09170590341091156		 Val Loss: 0.30779621998469037
             	Training MAE: 0.042892295867204666		 Val MAE: 0.04235313460230827
             	Algebraic dist: 0.18694937229156494		 Val Algebraic dist: 0.3676166534423828
             	RE1 dist: 0.036522068083286285		 Val RE1 dist: 0.15381792187690735
             	SED dist: 0.1677178144454956		 Val SED dist: 0.5996374686559042

Epoch 69/100: Training Loss: 0.10156106948852539		 Val Loss: 0.4008936882019043
             	Training MAE: 0.040309105068445206		 Val MAE: 0.043449804186820984
             	Algebraic dist: 0.21677540242671967		 Val Algebraic dist: 0.4113776683807373
             	RE1 dist: 0.03965548798441887		 Val RE1 dist: 0.2047478755315145
             	SED dist: 0.18824702501296997		 Val SED dist: 0.7857263882954916

Epoch 70/100: Training Loss: 0.08124305307865143		 Val Loss: 0.49749871095021564
             	Training MAE: 0.04379332810640335		 Val MAE: 0.04150189831852913
             	Algebraic dist: 0.19221770763397217		 Val Algebraic dist: 0.4479093551635742
             	RE1 dist: 0.02885971963405609		 Val RE1 dist: 0.26076459884643555
             	SED dist: 0.14624755084514618		 Val SED dist: 0.9798618952433268

Epoch 71/100: Training Loss: 0.08454220741987228		 Val Loss: 0.3474651575088501
             	Training MAE: 0.04186192527413368		 Val MAE: 0.05437033250927925
             	Algebraic dist: 0.18931403756141663		 Val Algebraic dist: 0.36043938000996906
             	RE1 dist: 0.03302563354372978		 Val RE1 dist: 0.15767189860343933
             	SED dist: 0.1535908728837967		 Val SED dist: 0.6661489009857178

Epoch 72/100: Training Loss: 0.0691923201084137		 Val Loss: 0.3158121705055237
             	Training MAE: 0.0469803661108017		 Val MAE: 0.055548883974552155
             	Algebraic dist: 0.15954503417015076		 Val Algebraic dist: 0.3681646188100179
             	RE1 dist: 0.02728739008307457		 Val RE1 dist: 0.146776020526886
             	SED dist: 0.12078588455915451		 Val SED dist: 0.6082324584325155

Epoch 73/100: Training Loss: 0.05504985898733139		 Val Loss: 0.36423349380493164
             	Training MAE: 0.0428343303501606		 Val MAE: 0.041875798255205154
             	Algebraic dist: 0.14355409145355225		 Val Algebraic dist: 0.3635956843694051
             	RE1 dist: 0.018878696486353874		 Val RE1 dist: 0.18511279424031576
             	SED dist: 0.09433062374591827		 Val SED dist: 0.7126389344533285

Epoch 74/100: Training Loss: 0.06207441911101341		 Val Loss: 0.37378954887390137
             	Training MAE: 0.04239236190915108		 Val MAE: 0.046357400715351105
             	Algebraic dist: 0.1534082144498825		 Val Algebraic dist: 0.371252179145813
             	RE1 dist: 0.02313937246799469		 Val RE1 dist: 0.18410398562749228
             	SED dist: 0.10869249701499939		 Val SED dist: 0.7230440775553385

Epoch 75/100: Training Loss: 0.08724057674407959		 Val Loss: 0.2717089255650838
             	Training MAE: 0.04069739207625389		 Val MAE: 0.04842565581202507
             	Algebraic dist: 0.16912998259067535		 Val Algebraic dist: 0.3445003430048625
             	RE1 dist: 0.03716583177447319		 Val RE1 dist: 0.13099064429601034
             	SED dist: 0.1593886762857437		 Val SED dist: 0.5249043703079224

Epoch 76/100: Training Loss: 0.116598941385746		 Val Loss: 0.5182715257008871
             	Training MAE: 0.04159615933895111		 Val MAE: 0.04104487970471382
             	Algebraic dist: 0.22153186798095703		 Val Algebraic dist: 0.4644763469696045
             	RE1 dist: 0.04789160192012787		 Val RE1 dist: 0.2667959729830424
             	SED dist: 0.21784894168376923		 Val SED dist: 1.021262248357137

Epoch 77/100: Training Loss: 0.12089641392230988		 Val Loss: 0.4503464698791504
             	Training MAE: 0.04770991578698158		 Val MAE: 0.0442037396132946
             	Algebraic dist: 0.23809848725795746		 Val Algebraic dist: 0.4077301025390625
             	RE1 dist: 0.04971541836857796		 Val RE1 dist: 0.23087032636006674
             	SED dist: 0.22362659871578217		 Val SED dist: 0.878909190495809

Epoch 78/100: Training Loss: 0.06795798987150192		 Val Loss: 0.2758586605389913
             	Training MAE: 0.04163511469960213		 Val MAE: 0.054895419627428055
             	Algebraic dist: 0.16887329518795013		 Val Algebraic dist: 0.3204324046770732
             	RE1 dist: 0.02477439120411873		 Val RE1 dist: 0.13794495662053427
             	SED dist: 0.12039437890052795		 Val SED dist: 0.5289604663848877

Epoch 79/100: Training Loss: 0.05829819664359093		 Val Loss: 0.19156432151794434
             	Training MAE: 0.04935571178793907		 Val MAE: 0.05105031281709671
             	Algebraic dist: 0.13981780409812927		 Val Algebraic dist: 0.2667017380396525
             	RE1 dist: 0.020079346373677254		 Val RE1 dist: 0.09319164355595906
             	SED dist: 0.09787954390048981		 Val SED dist: 0.36245111624399823

Epoch 80/100: Training Loss: 0.05039040371775627		 Val Loss: 0.13509664932886759
             	Training MAE: 0.04158959910273552		 Val MAE: 0.04476316273212433
             	Algebraic dist: 0.129995658993721		 Val Algebraic dist: 0.23441656430562338
             	RE1 dist: 0.018672561272978783		 Val RE1 dist: 0.0541041890780131
             	SED dist: 0.08516962081193924		 Val SED dist: 0.2505403955777486

Epoch 81/100: Training Loss: 0.04481074586510658		 Val Loss: 0.17714794476826987
             	Training MAE: 0.03984604403376579		 Val MAE: 0.05323664844036102
             	Algebraic dist: 0.12343300133943558		 Val Algebraic dist: 0.2393892010052999
             	RE1 dist: 0.015453850850462914		 Val RE1 dist: 0.06500767171382904
             	SED dist: 0.07480356097221375		 Val SED dist: 0.31515326102574664

Epoch 82/100: Training Loss: 0.04664387181401253		 Val Loss: 0.161959042151769
             	Training MAE: 0.041197940707206726		 Val MAE: 0.0434982068836689
             	Algebraic dist: 0.12396924942731857		 Val Algebraic dist: 0.24763296047846475
             	RE1 dist: 0.016538701951503754		 Val RE1 dist: 0.07717239360014598
             	SED dist: 0.07789959013462067		 Val SED dist: 0.30610930919647217

Epoch 83/100: Training Loss: 0.04069098085165024		 Val Loss: 0.1712926228841146
             	Training MAE: 0.04415985569357872		 Val MAE: 0.04628777503967285
             	Algebraic dist: 0.11444130539894104		 Val Algebraic dist: 0.2527015209197998
             	RE1 dist: 0.01382369827479124		 Val RE1 dist: 0.07803031802177429
             	SED dist: 0.0651988759636879		 Val SED dist: 0.3216800093650818

Epoch 84/100: Training Loss: 0.04882316291332245		 Val Loss: 0.16634390751520792
             	Training MAE: 0.041037578135728836		 Val MAE: 0.042612165212631226
             	Algebraic dist: 0.12914526462554932		 Val Algebraic dist: 0.24332523345947266
             	RE1 dist: 0.017702220007777214		 Val RE1 dist: 0.07999505599339803
             	SED dist: 0.08253945410251617		 Val SED dist: 0.3169641097386678

Epoch 85/100: Training Loss: 0.04202127456665039		 Val Loss: 0.1359718143939972
             	Training MAE: 0.0397678017616272		 Val MAE: 0.05489005148410797
             	Algebraic dist: 0.12286277115345001		 Val Algebraic dist: 0.21209307511647543
             	RE1 dist: 0.014641509391367435		 Val RE1 dist: 0.051344345013300575
             	SED dist: 0.06917186826467514		 Val SED dist: 0.23587262630462646

Epoch 86/100: Training Loss: 0.033368661999702454		 Val Loss: 0.1914475361506144
             	Training MAE: 0.04014115408062935		 Val MAE: 0.041080884635448456
             	Algebraic dist: 0.10065405815839767		 Val Algebraic dist: 0.27674488226572674
             	RE1 dist: 0.01093376986682415		 Val RE1 dist: 0.09132161736488342
             	SED dist: 0.05170408636331558		 Val SED dist: 0.3677045504252116

Epoch 87/100: Training Loss: 0.05383264273405075		 Val Loss: 0.1891623536745707
             	Training MAE: 0.04049678519368172		 Val MAE: 0.04477478936314583
             	Algebraic dist: 0.14347484707832336		 Val Algebraic dist: 0.26866769790649414
             	RE1 dist: 0.019581910222768784		 Val RE1 dist: 0.09343970815340678
             	SED dist: 0.0927262082695961		 Val SED dist: 0.3616679509480794

Epoch 88/100: Training Loss: 0.06884142011404037		 Val Loss: 0.1603273550669352
             	Training MAE: 0.041606251150369644		 Val MAE: 0.04994441941380501
             	Algebraic dist: 0.1623624861240387		 Val Algebraic dist: 0.2751726110776265
             	RE1 dist: 0.028342556208372116		 Val RE1 dist: 0.059867928425470986
             	SED dist: 0.12215182185173035		 Val SED dist: 0.2861022154490153

Epoch 89/100: Training Loss: 0.09840068966150284		 Val Loss: 0.1440373162428538
             	Training MAE: 0.039968594908714294		 Val MAE: 0.04152779281139374
             	Algebraic dist: 0.20434074103832245		 Val Algebraic dist: 0.25295273462931317
             	RE1 dist: 0.03754459321498871		 Val RE1 dist: 0.06068070729573568
             	SED dist: 0.18183527886867523		 Val SED dist: 0.27254796028137207

Epoch 90/100: Training Loss: 0.09381407499313354		 Val Loss: 0.2013249397277832
             	Training MAE: 0.04052431881427765		 Val MAE: 0.0497913584113121
             	Algebraic dist: 0.1816854178905487		 Val Algebraic dist: 0.29485146204630536
             	RE1 dist: 0.03841106966137886		 Val RE1 dist: 0.06928656498591106
             	SED dist: 0.17250078916549683		 Val SED dist: 0.37444456418355304

Epoch 91/100: Training Loss: 0.08568548411130905		 Val Loss: 0.16952959696451822
             	Training MAE: 0.04427262395620346		 Val MAE: 0.041928891092538834
             	Algebraic dist: 0.17948664724826813		 Val Algebraic dist: 0.3005228837331136
             	RE1 dist: 0.032892849296331406		 Val RE1 dist: 0.06744871536890666
             	SED dist: 0.155186727643013		 Val SED dist: 0.3232784867286682

Epoch 92/100: Training Loss: 0.07028575986623764		 Val Loss: 0.14119655887285867
             	Training MAE: 0.04359009116888046		 Val MAE: 0.0398038849234581
             	Algebraic dist: 0.16676214337348938		 Val Algebraic dist: 0.25879236062367755
             	RE1 dist: 0.025568120181560516		 Val RE1 dist: 0.05945821603139242
             	SED dist: 0.12458746880292892		 Val SED dist: 0.26774338881174725

Epoch 93/100: Training Loss: 0.10881488770246506		 Val Loss: 0.24147331714630127
             	Training MAE: 0.04276090860366821		 Val MAE: 0.05596797540783882
             	Algebraic dist: 0.21547822654247284		 Val Algebraic dist: 0.32850193977355957
             	RE1 dist: 0.0446631982922554		 Val RE1 dist: 0.08147698640823364
             	SED dist: 0.2019892781972885		 Val SED dist: 0.43991486231486004

Epoch 94/100: Training Loss: 0.1238393783569336		 Val Loss: 0.21146418650945029
             	Training MAE: 0.04615528881549835		 Val MAE: 0.06708808988332748
             	Algebraic dist: 0.24041017889976501		 Val Algebraic dist: 0.23280455668767294
             	RE1 dist: 0.04878392815589905		 Val RE1 dist: 0.06252829233805339
             	SED dist: 0.23037564754486084		 Val SED dist: 0.37862682342529297

Epoch 95/100: Training Loss: 0.13083791732788086		 Val Loss: 0.1817354361216227
             	Training MAE: 0.049283117055892944		 Val MAE: 0.0540011003613472
             	Algebraic dist: 0.23827649652957916		 Val Algebraic dist: 0.23093334833780924
             	RE1 dist: 0.049629777669906616		 Val RE1 dist: 0.0713923176129659
             	SED dist: 0.2417336106300354		 Val SED dist: 0.3323630094528198

Epoch 96/100: Training Loss: 0.12994372844696045		 Val Loss: 0.43570129076639813
             	Training MAE: 0.041325781494379044		 Val MAE: 0.042570389807224274
             	Algebraic dist: 0.2244408279657364		 Val Algebraic dist: 0.43285568555196124
             	RE1 dist: 0.0582672581076622		 Val RE1 dist: 0.21980011463165283
             	SED dist: 0.2445993721485138		 Val SED dist: 0.8555050690968832

Epoch 97/100: Training Loss: 0.22086821496486664		 Val Loss: 0.7565377553304037
             	Training MAE: 0.04297053813934326		 Val MAE: 0.04148268699645996
             	Algebraic dist: 0.31267935037612915		 Val Algebraic dist: 0.6117619673411051
             	RE1 dist: 0.09572795778512955		 Val RE1 dist: 0.38488543033599854
             	SED dist: 0.42579343914985657		 Val SED dist: 1.497786045074463

Epoch 98/100: Training Loss: 0.14738835394382477		 Val Loss: 0.44425968329111737
             	Training MAE: 0.051479730755090714		 Val MAE: 0.04911820963025093
             	Algebraic dist: 0.24567276239395142		 Val Algebraic dist: 0.414068341255188
             	RE1 dist: 0.05445423722267151		 Val RE1 dist: 0.20075535774230957
             	SED dist: 0.27427220344543457		 Val SED dist: 0.857213020324707

Epoch 99/100: Training Loss: 0.09028663486242294		 Val Loss: 0.4064675172170003
             	Training MAE: 0.04259956628084183		 Val MAE: 0.051909055560827255
             	Algebraic dist: 0.19464436173439026		 Val Algebraic dist: 0.41422712802886963
             	RE1 dist: 0.034336261451244354		 Val RE1 dist: 0.19758927822113037
             	SED dist: 0.164873868227005		 Val SED dist: 0.7856482664744059

Epoch 100/100: Training Loss: 0.16862501204013824		 Val Loss: 0.2575865586598714
             	Training MAE: 0.04451840743422508		 Val MAE: 0.057723574340343475
             	Algebraic dist: 0.27454984188079834		 Val Algebraic dist: 0.33180660009384155
             	RE1 dist: 0.07375429570674896		 Val RE1 dist: 0.11620987455050151
             	SED dist: 0.32028353214263916		 Val SED dist: 0.48593751589457196

Epoch 101/100: Training Loss: 0.07209248840808868		 Val Loss: 0.26554054021835327
             	Training MAE: 0.04181147739291191		 Val MAE: 0.04098842665553093
             	Algebraic dist: 0.16311860084533691		 Val Algebraic dist: 0.3165045380592346
             	RE1 dist: 0.028141843155026436		 Val RE1 dist: 0.13363011678059897
             	SED dist: 0.12841010093688965		 Val SED dist: 0.5159828265508016

Epoch 102/100: Training Loss: 0.059372708201408386		 Val Loss: 0.17198099692662558
             	Training MAE: 0.05066975951194763		 Val MAE: 0.04575001448392868
             	Algebraic dist: 0.1494213044643402		 Val Algebraic dist: 0.27334064245224
             	RE1 dist: 0.02090306580066681		 Val RE1 dist: 0.0792962908744812
             	SED dist: 0.09872038662433624		 Val SED dist: 0.3268888791402181

Epoch 103/100: Training Loss: 0.03510832414031029		 Val Loss: 0.16633524497350058
             	Training MAE: 0.04481303691864014		 Val MAE: 0.04739472270011902
             	Algebraic dist: 0.09742903709411621		 Val Algebraic dist: 0.25752806663513184
             	RE1 dist: 0.011067384853959084		 Val RE1 dist: 0.07844384014606476
             	SED dist: 0.05325837433338165		 Val SED dist: 0.31460994482040405

Epoch 104/100: Training Loss: 0.04730397090315819		 Val Loss: 0.2806655963261922
             	Training MAE: 0.044520460069179535		 Val MAE: 0.05062830075621605
             	Algebraic dist: 0.12790749967098236		 Val Algebraic dist: 0.34132452805836994
             	RE1 dist: 0.016268042847514153		 Val RE1 dist: 0.13563026984532675
             	SED dist: 0.07795359194278717		 Val SED dist: 0.5405366818110148

Epoch 105/100: Training Loss: 0.0796506330370903		 Val Loss: 0.48269673188527423
             	Training MAE: 0.0414721854031086		 Val MAE: 0.04397296905517578
             	Algebraic dist: 0.1780077964067459		 Val Algebraic dist: 0.43936626116434735
             	RE1 dist: 0.030859243124723434		 Val RE1 dist: 0.2427347699801127
             	SED dist: 0.1439325213432312		 Val SED dist: 0.9472508430480957

Epoch 106/100: Training Loss: 0.13920381665229797		 Val Loss: 0.2824289600054423
             	Training MAE: 0.042541176080703735		 Val MAE: 0.042322222143411636
             	Algebraic dist: 0.2635916471481323		 Val Algebraic dist: 0.31075580914815265
             	RE1 dist: 0.056176166981458664		 Val RE1 dist: 0.14143149058024088
             	SED dist: 0.2627670168876648		 Val SED dist: 0.5490513245264689

Epoch 107/100: Training Loss: 0.08903234452009201		 Val Loss: 0.15620799859364828
             	Training MAE: 0.04248543456196785		 Val MAE: 0.05432630330324173
             	Algebraic dist: 0.18771910667419434		 Val Algebraic dist: 0.2405193050702413
             	RE1 dist: 0.03464227914810181		 Val RE1 dist: 0.07006285587946574
             	SED dist: 0.16201621294021606		 Val SED dist: 0.2873522440592448

Epoch 108/100: Training Loss: 0.06001214683055878		 Val Loss: 0.2215822140375773
             	Training MAE: 0.04329383745789528		 Val MAE: 0.04302065819501877
             	Algebraic dist: 0.15794044733047485		 Val Algebraic dist: 0.30105213324228924
             	RE1 dist: 0.022317590191960335		 Val RE1 dist: 0.1116799811522166
             	SED dist: 0.10385061800479889		 Val SED dist: 0.4272016684214274

Epoch 109/100: Training Loss: 0.06219758093357086		 Val Loss: 0.23453915119171143
             	Training MAE: 0.041046030819416046		 Val MAE: 0.04876450449228287
             	Algebraic dist: 0.1398550271987915		 Val Algebraic dist: 0.28267337878545123
             	RE1 dist: 0.025321457535028458		 Val RE1 dist: 0.0929777721563975
             	SED dist: 0.10928119719028473		 Val SED dist: 0.4376691182454427

Epoch 110/100: Training Loss: 0.04324560984969139		 Val Loss: 0.21182080109914145
             	Training MAE: 0.04364984109997749		 Val MAE: 0.039933085441589355
             	Algebraic dist: 0.11608137935400009		 Val Algebraic dist: 0.2830706834793091
             	RE1 dist: 0.015081523917615414		 Val RE1 dist: 0.10459139943122864
             	SED dist: 0.07065645605325699		 Val SED dist: 0.40892597039540607

Epoch 111/100: Training Loss: 0.04671249911189079		 Val Loss: 0.2068721055984497
             	Training MAE: 0.04180394485592842		 Val MAE: 0.04221130907535553
             	Algebraic dist: 0.1071249395608902		 Val Algebraic dist: 0.28910183906555176
             	RE1 dist: 0.01798008754849434		 Val RE1 dist: 0.10331382354100545
             	SED dist: 0.07814976572990417		 Val SED dist: 0.3979235887527466

Epoch 112/100: Training Loss: 0.030537080019712448		 Val Loss: 0.15063616633415222
             	Training MAE: 0.0401364229619503		 Val MAE: 0.040535714477300644
             	Algebraic dist: 0.0945499837398529		 Val Algebraic dist: 0.24749386310577393
             	RE1 dist: 0.009947452694177628		 Val RE1 dist: 0.07184194525082906
             	SED dist: 0.046159423887729645		 Val SED dist: 0.28614691893259686

Epoch 113/100: Training Loss: 0.04891720041632652		 Val Loss: 0.13111605246861777
             	Training MAE: 0.0395415835082531		 Val MAE: 0.05158023163676262
             	Algebraic dist: 0.12100796401500702		 Val Algebraic dist: 0.22000710169474283
             	RE1 dist: 0.017897633835673332		 Val RE1 dist: 0.051302636663118996
             	SED dist: 0.0830170214176178		 Val SED dist: 0.22742406527201334

Epoch 114/100: Training Loss: 0.048504315316677094		 Val Loss: 0.09820242722829182
             	Training MAE: 0.04011724516749382		 Val MAE: 0.04379848390817642
             	Algebraic dist: 0.1337466686964035		 Val Algebraic dist: 0.20202608903249106
             	RE1 dist: 0.017561426386237144		 Val RE1 dist: 0.04111173997322718
             	SED dist: 0.08211022615432739		 Val SED dist: 0.18035133679707846



## TEST RESULTS: ##
Test Loss: 0.10890883395546362		 Test MAE: 0.04332592822611332
Test Algebraic dist: 0.203413114332615
Test SED dist: 0.20078280169264712
Test RE1 dist: 0.04388406904120194

Trimmed algs: 0.19338807612657546
Trimmed seds: 0.17246886044740678
Trimmed re1s: 0.037439363449811934

Test Algebraic dist truth: 0.0177246968548997
Test SED dist truth: 0.0017248768555490595
Test RE1 dist truth: 0.0002156310203604232

plots/Sceneflow2Kitti/Winners/SED_0.5__L2_1__huber_1__lr_0.0001__conv__Resnet__use_reconstruction_True/BS_8__ratio_0.002__head__frozen_0__seed_300


plots/Sceneflow2Kitti/Winners/SED_0.5__L2_1__huber_1__lr_0.0001__conv__Resnet__use_reconstruction_True/BS_8__ratio_0.002__head__frozen_0__seed_300 no backup to delete after job done

