Epoch 1563/2000: Training Loss: 0.10396580765212791		 Val Loss: 0.30433813730875653
             Training MAE: 0.03621844947338104		 Val MAE: 0.03272382542490959
             Algebraic dist: 0.8380249686863112		 Val Algebraic dist: 1.5115458170572917
             RE1 dist: 0.8012146880661232		 Val RE1 dist: 2.4716196060180664
             SED dist: 0.985632744388304		 Val SED dist: 2.992699940999349

Epoch 1564/2000: Training Loss: 0.13950918722843778		 Val Loss: 0.41430580615997314
             Training MAE: 0.035742439329624176		 Val MAE: 0.04034749045968056
             Algebraic dist: 1.0090442602185234		 Val Algebraic dist: 2.1930853525797525
             RE1 dist: 1.1272570845009624		 Val RE1 dist: 4.593276023864746
             SED dist: 1.3421507019927537		 Val SED dist: 4.085835138956706

Epoch 1565/2000: Training Loss: 0.10248919500820879		 Val Loss: 0.377880056699117
             Training MAE: 0.03410100191831589		 Val MAE: 0.033956706523895264
             Algebraic dist: 0.9072346894637399		 Val Algebraic dist: 1.7712397575378418
             RE1 dist: 0.978704811870188		 Val RE1 dist: 3.7075843811035156
             SED dist: 0.977539504783741		 Val SED dist: 3.7298978169759116

Epoch 1566/2000: Training Loss: 0.08645086703093155		 Val Loss: 0.3669547239939372
             Training MAE: 0.03434540703892708		 Val MAE: 0.033651042729616165
             Algebraic dist: 0.7565004099970278		 Val Algebraic dist: 1.5981664657592773
             RE1 dist: 0.6860201738882756		 Val RE1 dist: 3.167941411336263
             SED dist: 0.8141397669695426		 Val SED dist: 3.618215243021647

Epoch 1567/2000: Training Loss: 0.10739920104759326		 Val Loss: 0.4167950550715129
             Training MAE: 0.035881198942661285		 Val MAE: 0.03419031947851181
             Algebraic dist: 0.8332177314205446		 Val Algebraic dist: 1.7139383951822917
             RE1 dist: 0.7857054558353148		 Val RE1 dist: 3.8011274337768555
             SED dist: 1.0200506016828013		 Val SED dist: 4.117211023966472

Epoch 1568/2000: Training Loss: 0.11869380785071332		 Val Loss: 0.35446858406066895
             Training MAE: 0.037063151597976685		 Val MAE: 0.03408807888627052
             Algebraic dist: 0.9129635907601619		 Val Algebraic dist: 1.799958070119222
             RE1 dist: 0.9633563497792119		 Val RE1 dist: 3.590826670328776
             SED dist: 1.1323919987332993		 Val SED dist: 3.4962021509806314

Epoch 1569/2000: Training Loss: 0.12022697061732196		 Val Loss: 0.380291223526001
             Training MAE: 0.035598114132881165		 Val MAE: 0.03645188361406326
             Algebraic dist: 0.9424265985903533		 Val Algebraic dist: 1.7568505605061848
             RE1 dist: 1.0046392247296763		 Val RE1 dist: 3.5841945012410483
             SED dist: 1.1502583821614583		 Val SED dist: 3.751096725463867

Epoch 1570/2000: Training Loss: 0.11756114683289459		 Val Loss: 0.4866073926289876
             Training MAE: 0.03584176301956177		 Val MAE: 0.035149890929460526
             Algebraic dist: 0.9614324155061141		 Val Algebraic dist: 2.009912649790446
             RE1 dist: 1.0576053564099297		 Val RE1 dist: 5.08896001180013
             SED dist: 1.1243725099425386		 Val SED dist: 4.8160826365153

Epoch 1571/2000: Training Loss: 0.10650234637053116		 Val Loss: 0.37537264823913574
             Training MAE: 0.03533920645713806		 Val MAE: 0.03238014876842499
             Algebraic dist: 0.8686365873917289		 Val Algebraic dist: 1.710929234822591
             RE1 dist: 0.8573347451030344		 Val RE1 dist: 3.5372422536214194
             SED dist: 1.0135114365729734		 Val SED dist: 3.704797108968099

Epoch 1572/2000: Training Loss: 0.11405917181484941		 Val Loss: 0.37581487496693927
             Training MAE: 0.03525826334953308		 Val MAE: 0.0335518978536129
             Algebraic dist: 0.9190517370251642		 Val Algebraic dist: 1.7808626492818196
             RE1 dist: 0.9590027297752491		 Val RE1 dist: 3.679495175679525
             SED dist: 1.0893839960512908		 Val SED dist: 3.7103392283121743

Epoch 1573/2000: Training Loss: 0.10789621740147687		 Val Loss: 0.4595727523167928
             Training MAE: 0.03635238856077194		 Val MAE: 0.03439345955848694
             Algebraic dist: 0.8875714177670686		 Val Algebraic dist: 1.9576036135355632
             RE1 dist: 0.9006511854088824		 Val RE1 dist: 4.766340255737305
             SED dist: 1.0266994531603828		 Val SED dist: 4.545405387878418

Epoch 1574/2000: Training Loss: 0.11980414736098137		 Val Loss: 0.4750433762868245
             Training MAE: 0.034917283803224564		 Val MAE: 0.03456685319542885
             Algebraic dist: 0.9511021047398664		 Val Algebraic dist: 2.0466521581014
             RE1 dist: 1.0305012136265852		 Val RE1 dist: 5.5737044016520185
             SED dist: 1.1474282085031704		 Val SED dist: 4.7000579833984375

Epoch 1575/2000: Training Loss: 0.1747146136518838		 Val Loss: 0.39461390177408856
             Training MAE: 0.03448975086212158		 Val MAE: 0.031142231076955795
             Algebraic dist: 1.3082174771073936		 Val Algebraic dist: 2.026017506917318
             RE1 dist: 1.8638896112856658		 Val RE1 dist: 4.7531998952229815
             SED dist: 1.7001078508902288		 Val SED dist: 3.902491251627604

Epoch 1576/2000: Training Loss: 0.10877959624580714		 Val Loss: 0.39326155185699463
             Training MAE: 0.03433024510741234		 Val MAE: 0.03350970149040222
             Algebraic dist: 0.947755785955899		 Val Algebraic dist: 2.0412349700927734
             RE1 dist: 1.0554229072902515		 Val RE1 dist: 3.8782196044921875
             SED dist: 1.0407187420388926		 Val SED dist: 3.8867791493733725

Epoch 1577/2000: Training Loss: 0.10130502866662067		 Val Loss: 0.45130689938863117
             Training MAE: 0.034063588827848434		 Val MAE: 0.03505365550518036
             Algebraic dist: 0.871550794960796		 Val Algebraic dist: 1.9546265602111816
             RE1 dist: 0.8936995907106261		 Val RE1 dist: 4.87014102935791
             SED dist: 0.9647419141686481		 Val SED dist: 4.463289896647136

Epoch 1578/2000: Training Loss: 0.10493075329324474		 Val Loss: 0.36405396461486816
             Training MAE: 0.034482721239328384		 Val MAE: 0.03321230039000511
             Algebraic dist: 0.8903927457505378		 Val Algebraic dist: 1.8983047803243
             RE1 dist: 0.8900531271229619		 Val RE1 dist: 3.3672545750935874
             SED dist: 0.9999474788057632		 Val SED dist: 3.592034022013346

Epoch 1579/2000: Training Loss: 0.09410132532534392		 Val Loss: 0.33379169305165607
             Training MAE: 0.03445682302117348		 Val MAE: 0.03285675868391991
             Algebraic dist: 0.820092519124349		 Val Algebraic dist: 1.6574549674987793
             RE1 dist: 0.7792146102241848		 Val RE1 dist: 2.935195287068685
             SED dist: 0.8910788384036742		 Val SED dist: 3.2880853017171225

Epoch 1580/2000: Training Loss: 0.10098308756731558		 Val Loss: 0.40398844083150226
             Training MAE: 0.034447651356458664		 Val MAE: 0.03310764208436012
             Algebraic dist: 0.828161156695822		 Val Algebraic dist: 1.7227719624837239
             RE1 dist: 0.779316114342731		 Val RE1 dist: 3.844850540161133
             SED dist: 0.9586266780245132		 Val SED dist: 3.989477793375651

Epoch 1581/2000: Training Loss: 0.10290014571037845		 Val Loss: 0.42783741156260174
             Training MAE: 0.03450293466448784		 Val MAE: 0.03547431156039238
             Algebraic dist: 0.855307482290959		 Val Algebraic dist: 1.776808738708496
             RE1 dist: 0.8202904963838882		 Val RE1 dist: 4.009665489196777
             SED dist: 0.9785127501556838		 Val SED dist: 4.226973533630371

Epoch 1582/2000: Training Loss: 0.10127064110576242		 Val Loss: 0.30734042326609295
             Training MAE: 0.035985905677080154		 Val MAE: 0.03303168714046478
             Algebraic dist: 0.8182661637015964		 Val Algebraic dist: 1.5359110832214355
             RE1 dist: 0.7853065159009851		 Val RE1 dist: 2.834678332010905
             SED dist: 0.9597146960272305		 Val SED dist: 3.022245724995931

Epoch 1583/2000: Training Loss: 0.11549258577650871		 Val Loss: 0.36052874724070233
             Training MAE: 0.03592086210846901		 Val MAE: 0.03456355258822441
             Algebraic dist: 0.9123349397078805		 Val Algebraic dist: 1.9101821581522624
             RE1 dist: 0.9325204379316689		 Val RE1 dist: 3.3787403106689453
             SED dist: 1.1024933967037478		 Val SED dist: 3.5550537109375

Epoch 1584/2000: Training Loss: 0.1264486036438873		 Val Loss: 0.35744015375773114
             Training MAE: 0.036785658448934555		 Val MAE: 0.033166516572237015
             Algebraic dist: 0.9783404806385869		 Val Algebraic dist: 1.8362463315327961
             RE1 dist: 1.0556699227595674		 Val RE1 dist: 3.491429011027018
             SED dist: 1.211285356162251		 Val SED dist: 3.526800791422526

Epoch 1585/2000: Training Loss: 0.10151305405989937		 Val Loss: 0.3651734193166097
             Training MAE: 0.034925688058137894		 Val MAE: 0.04142427071928978
             Algebraic dist: 0.8679935068323992		 Val Algebraic dist: 1.641253153483073
             RE1 dist: 0.8756376072980355		 Val RE1 dist: 3.3333870569864907
             SED dist: 0.9650938614555027		 Val SED dist: 3.5905723571777344

Epoch 1586/2000: Training Loss: 0.13425003272899683		 Val Loss: 0.4238048791885376
             Training MAE: 0.036150749772787094		 Val MAE: 0.03452323004603386
             Algebraic dist: 1.0168040178824163		 Val Algebraic dist: 1.9339909553527832
             RE1 dist: 1.1642698205035666		 Val RE1 dist: 4.883120536804199
             SED dist: 1.2902697134709014		 Val SED dist: 4.189542452494304

Epoch 1587/2000: Training Loss: 0.10807633054429207		 Val Loss: 0.49972935517628986
             Training MAE: 0.034347888082265854		 Val MAE: 0.03452754020690918
             Algebraic dist: 0.9182712167933367		 Val Algebraic dist: 2.0477011998494468
             RE1 dist: 0.9665746274201766		 Val RE1 dist: 5.284285545349121
             SED dist: 1.0323590264804121		 Val SED dist: 4.948482513427734

