###########################################################################################################################################################

                         learning rate: 6e-05,  mlp_hidden_sizes: [1024, 512], batch_size: 32, norm: True, alpha: 10, avg embeddings: False, 
                        crop: 224 resize: 256, use conv: True pretrained: None, seed: 42, angle range: 90, shift range: 110, 
                        train length: 1024, val length: 320, test length: 320, get old path: False, embeddings to use: ['rotated_embeddings', 'original_embeddings'],
                        use_cls: False, frozen layer: 0


Epoch 1/500: Training Loss: 3.2290053367614746		 Val Loss: 1.9067934036254883
	      Training MAE Angle: 0.5038367509841919		 Val MAE Angle: 0.49218130111694336
              Training MSE Angle: 0.340510755777359		 Val MSE Angle: 0.3259779453277588
	      Training MAE Shift: 0.4606650173664093		 Val MAE Shift: 0.33056066036224363
              Training Euclidean Shift: 0.7066625356674194	 Val Euclidean Shift: 0.5144148826599121


Epoch 2/500: Training Loss: 1.0675753355026245		 Val Loss: 0.4631349563598633
	      Training MAE Angle: 0.5011406540870667		 Val MAE Angle: 0.5261461734771729
              Training MSE Angle: 0.3320768475532532		 Val MSE Angle: 0.36827094554901124
	      Training MAE Shift: 0.1963186413049698		 Val MAE Shift: 0.0758215308189392
              Training Euclidean Shift: 0.30605942010879517	 Val Euclidean Shift: 0.11830836534500122


Epoch 3/500: Training Loss: 0.4215262234210968		 Val Loss: 0.6603119850158692
	      Training MAE Angle: 0.5006195306777954		 Val MAE Angle: 0.48264493942260744
              Training MSE Angle: 0.33605217933654785		 Val MSE Angle: 0.31680562496185305
	      Training MAE Shift: 0.0705634206533432		 Val MAE Shift: 0.1435582995414734
              Training Euclidean Shift: 0.11066079884767532	 Val Euclidean Shift: 0.22714226245880126


Epoch 4/500: Training Loss: 0.4366825520992279		 Val Loss: 0.7358484745025635
	      Training MAE Angle: 0.5183262825012207		 Val MAE Angle: 0.5178974628448486
              Training MSE Angle: 0.3545631468296051		 Val MSE Angle: 0.34642395973205564
	      Training MAE Shift: 0.06711186468601227		 Val MAE Shift: 0.17278839349746705
              Training Euclidean Shift: 0.10519073158502579	 Val Euclidean Shift: 0.2643343448638916


Epoch 5/500: Training Loss: 0.38761088252067566		 Val Loss: 0.36616268157958987
	      Training MAE Angle: 0.49923577904701233		 Val MAE Angle: 0.48447189331054685
              Training MSE Angle: 0.3349343538284302		 Val MSE Angle: 0.31732070446014404
	      Training MAE Shift: 0.05459626391530037		 Val MAE Shift: 0.05119414329528808
              Training Euclidean Shift: 0.08560007810592651	 Val Euclidean Shift: 0.08063018918037415


Epoch 6/500: Training Loss: 0.3842896521091461		 Val Loss: 0.42128715515136717
	      Training MAE Angle: 0.5039839148521423		 Val MAE Angle: 0.4810458183288574
              Training MSE Angle: 0.3393934369087219		 Val MSE Angle: 0.3135528087615967
	      Training MAE Shift: 0.048291802406311035		 Val MAE Shift: 0.08389307260513305
              Training Euclidean Shift: 0.0755259320139885	 Val Euclidean Shift: 0.13218884468078612


Epoch 7/500: Training Loss: 0.38441747426986694		 Val Loss: 0.4146270751953125
	      Training MAE Angle: 0.5069616436958313		 Val MAE Angle: 0.5334075927734375
              Training MSE Angle: 0.3411671817302704		 Val MSE Angle: 0.36602139472961426
	      Training MAE Shift: 0.04731913283467293		 Val MAE Shift: 0.054100948572158816
              Training Euclidean Shift: 0.07417906075716019	 Val Euclidean Shift: 0.08474171161651611


Epoch 8/500: Training Loss: 0.38884517550468445		 Val Loss: 0.4048257350921631
	      Training MAE Angle: 0.5036515593528748		 Val MAE Angle: 0.5297883033752442
              Training MSE Angle: 0.34042805433273315		 Val MSE Angle: 0.36071364879608153
	      Training MAE Shift: 0.052521124482154846		 Val MAE Shift: 0.04873375296592712
              Training Euclidean Shift: 0.08192892372608185	 Val Euclidean Shift: 0.07683108448982238


Epoch 9/500: Training Loss: 0.3833119869232178		 Val Loss: 0.39790189266204834
	      Training MAE Angle: 0.5110819935798645		 Val MAE Angle: 0.5307450771331788
              Training MSE Angle: 0.350719690322876		 Val MSE Angle: 0.3694805145263672
	      Training MAE Shift: 0.04129904508590698		 Val MAE Shift: 0.03787636756896973
              Training Euclidean Shift: 0.06492093950510025	 Val Euclidean Shift: 0.05922039151191712


Epoch 10/500: Training Loss: 0.36243635416030884		 Val Loss: 0.3553622245788574
	      Training MAE Angle: 0.4929586946964264		 Val MAE Angle: 0.4946454048156738
              Training MSE Angle: 0.3292562663555145		 Val MSE Angle: 0.32527956962585447
	      Training MAE Shift: 0.042555827647447586		 Val MAE Shift: 0.03750251233577728
              Training Euclidean Shift: 0.06678914278745651	 Val Euclidean Shift: 0.05910756587982178


Epoch 11/500: Training Loss: 0.3796682357788086		 Val Loss: 0.3826359033584595
	      Training MAE Angle: 0.5104216933250427		 Val MAE Angle: 0.5074206352233886
              Training MSE Angle: 0.3445551097393036		 Val MSE Angle: 0.3408054351806641
	      Training MAE Shift: 0.044664811342954636		 Val MAE Shift: 0.03756554424762726
              Training Euclidean Shift: 0.06955329328775406	 Val Euclidean Shift: 0.05978151559829712


Epoch 12/500: Training Loss: 0.3667542338371277		 Val Loss: 0.34948439598083497
	      Training MAE Angle: 0.5059223175048828		 Val MAE Angle: 0.49794278144836424
              Training MSE Angle: 0.33884093165397644		 Val MSE Angle: 0.3311223268508911
	      Training MAE Shift: 0.03888620063662529		 Val MAE Shift: 0.029804491996765138
              Training Euclidean Shift: 0.0610857792198658	 Val Euclidean Shift: 0.04719160497188568


Epoch 13/500: Training Loss: 0.3559061884880066		 Val Loss: 0.36175246238708497
	      Training MAE Angle: 0.4970742464065552		 Val MAE Angle: 0.5113785266876221
              Training MSE Angle: 0.33266159892082214		 Val MSE Angle: 0.3431849002838135
	      Training MAE Shift: 0.03714986890554428		 Val MAE Shift: 0.0279037207365036
              Training Euclidean Shift: 0.058351799845695496	 Val Euclidean Shift: 0.0443703293800354


Epoch 14/500: Training Loss: 0.3747391998767853		 Val Loss: 0.3446235656738281
	      Training MAE Angle: 0.5189052224159241		 Val MAE Angle: 0.4665532112121582
              Training MSE Angle: 0.3520328402519226		 Val MSE Angle: 0.29729037284851073
	      Training MAE Shift: 0.03515581786632538		 Val MAE Shift: 0.04916229844093323
              Training Euclidean Shift: 0.055473532527685165	 Val Euclidean Shift: 0.07782645225524902


Epoch 15/500: Training Loss: 0.3538859784603119		 Val Loss: 0.3641693592071533
	      Training MAE Angle: 0.4932430684566498		 Val MAE Angle: 0.5115698337554931
              Training MSE Angle: 0.32677143812179565		 Val MSE Angle: 0.35035433769226076
	      Training MAE Shift: 0.03796403855085373		 Val MAE Shift: 0.026245206594467163
              Training Euclidean Shift: 0.0593278631567955	 Val Euclidean Shift: 0.0412562757730484


Epoch 16/500: Training Loss: 0.3640589416027069		 Val Loss: 0.35625152587890624
	      Training MAE Angle: 0.5117108821868896		 Val MAE Angle: 0.4911900520324707
              Training MSE Angle: 0.3428610861301422		 Val MSE Angle: 0.3196102142333984
	      Training MAE Shift: 0.03178214654326439		 Val MAE Shift: 0.045923236012458804
              Training Euclidean Shift: 0.049857139587402344	 Val Euclidean Shift: 0.07290700078010559


Epoch 17/500: Training Loss: 0.35273119807243347		 Val Loss: 0.37047524452209474
	      Training MAE Angle: 0.4895262122154236		 Val MAE Angle: 0.5093960762023926
              Training MSE Angle: 0.32229116559028625		 Val MSE Angle: 0.34175117015838624
	      Training MAE Shift: 0.03785373270511627		 Val MAE Shift: 0.03593636155128479
              Training Euclidean Shift: 0.05987147241830826	 Val Euclidean Shift: 0.057368886470794675


Epoch 18/500: Training Loss: 0.37132641673088074		 Val Loss: 0.3274862766265869
	      Training MAE Angle: 0.5093350410461426		 Val MAE Angle: 0.4684445381164551
              Training MSE Angle: 0.3466755449771881		 Val MSE Angle: 0.3011507511138916
	      Training MAE Shift: 0.035372789949178696		 Val MAE Shift: 0.03310975134372711
              Training Euclidean Shift: 0.05538235232234001	 Val Euclidean Shift: 0.05251381993293762


Epoch 19/500: Training Loss: 0.35779517889022827		 Val Loss: 0.3421050548553467
	      Training MAE Angle: 0.4976959824562073		 Val MAE Angle: 0.4891537666320801
              Training MSE Angle: 0.33811521530151367		 Val MSE Angle: 0.3201869010925293
	      Training MAE Shift: 0.032470062375068665		 Val MAE Shift: 0.03338199257850647
              Training Euclidean Shift: 0.05087672173976898	 Val Euclidean Shift: 0.0521894633769989


Epoch 20/500: Training Loss: 0.33717986941337585		 Val Loss: 0.35506956577301024
	      Training MAE Angle: 0.4898310899734497		 Val MAE Angle: 0.4969620704650879
              Training MSE Angle: 0.3203166127204895		 Val MSE Angle: 0.3367895603179932
	      Training MAE Shift: 0.03025679662823677		 Val MAE Shift: 0.02872070372104645
              Training Euclidean Shift: 0.04719894751906395	 Val Euclidean Shift: 0.045569798350334166


Epoch 21/500: Training Loss: 0.33955514430999756		 Val Loss: 0.38892440795898436
	      Training MAE Angle: 0.48792484402656555		 Val MAE Angle: 0.5134177684783936
              Training MSE Angle: 0.3238079845905304		 Val MSE Angle: 0.3445284843444824
	      Training MAE Shift: 0.02790238708257675		 Val MAE Shift: 0.05267999172210693
              Training Euclidean Shift: 0.04383201524615288	 Val Euclidean Shift: 0.08322573900222778


Epoch 22/500: Training Loss: 0.3456544876098633		 Val Loss: 0.3973499298095703
	      Training MAE Angle: 0.4872836470603943		 Val MAE Angle: 0.5004454135894776
              Training MSE Angle: 0.3236311972141266		 Val MSE Angle: 0.32781875133514404
	      Training MAE Shift: 0.032924048602581024		 Val MAE Shift: 0.06580109000205994
              Training Euclidean Shift: 0.05196390673518181	 Val Euclidean Shift: 0.10307064056396484


Epoch 23/500: Training Loss: 0.3730074465274811		 Val Loss: 0.32755632400512696
	      Training MAE Angle: 0.5041768550872803		 Val MAE Angle: 0.47144598960876466
              Training MSE Angle: 0.33913350105285645		 Val MSE Angle: 0.29768612384796145
	      Training MAE Shift: 0.0402926467359066		 Val MAE Shift: 0.04229796528816223
              Training Euclidean Shift: 0.06373243778944016	 Val Euclidean Shift: 0.06661211252212525


Epoch 24/500: Training Loss: 0.3510996103286743		 Val Loss: 0.40223965644836424
	      Training MAE Angle: 0.4956248104572296		 Val MAE Angle: 0.5363933563232421
              Training MSE Angle: 0.32806631922721863		 Val MSE Angle: 0.37107186317443847
	      Training MAE Shift: 0.03538142889738083		 Val MAE Shift: 0.04142420887947083
              Training Euclidean Shift: 0.05558963492512703	 Val Euclidean Shift: 0.06491881012916564


Epoch 25/500: Training Loss: 0.34986457228660583		 Val Loss: 0.3493687868118286
	      Training MAE Angle: 0.49765855073928833		 Val MAE Angle: 0.49399561882019044
              Training MSE Angle: 0.3329693675041199		 Val MSE Angle: 0.331305193901062
	      Training MAE Shift: 0.029224257916212082		 Val MAE Shift: 0.02728712260723114
              Training Euclidean Shift: 0.045882999897003174	 Val Euclidean Shift: 0.04282096326351166


Epoch 26/500: Training Loss: 0.37002161145210266		 Val Loss: 0.36375348567962645
	      Training MAE Angle: 0.506592333316803		 Val MAE Angle: 0.4936563491821289
              Training MSE Angle: 0.342423677444458		 Val MSE Angle: 0.3325606107711792
	      Training MAE Shift: 0.03619008883833885		 Val MAE Shift: 0.039972394704818726
              Training Euclidean Shift: 0.057170577347278595	 Val Euclidean Shift: 0.06238905787467956


Epoch 27/500: Training Loss: 0.36976683139801025		 Val Loss: 0.3767035245895386
	      Training MAE Angle: 0.5137501358985901		 Val MAE Angle: 0.5200444221496582
              Training MSE Angle: 0.34904664754867554		 Val MSE Angle: 0.35322697162628175
	      Training MAE Shift: 0.03248504176735878		 Val MAE Shift: 0.03453074395656586
              Training Euclidean Shift: 0.05098465830087662	 Val Euclidean Shift: 0.05391515493392944


Epoch 28/500: Training Loss: 0.3655056953430176		 Val Loss: 0.3637840747833252
	      Training MAE Angle: 0.4951590597629547		 Val MAE Angle: 0.5012207984924316
              Training MSE Angle: 0.3294275999069214		 Val MSE Angle: 0.33144729137420653
	      Training MAE Shift: 0.03955073654651642		 Val MAE Shift: 0.04015028476715088
              Training Euclidean Shift: 0.06222131848335266	 Val Euclidean Shift: 0.06311013102531433


Epoch 29/500: Training Loss: 0.8565260767936707		 Val Loss: 0.9856642723083496
	      Training MAE Angle: 0.5065568685531616		 Val MAE Angle: 0.5122985363006591
              Training MSE Angle: 0.3403323292732239		 Val MSE Angle: 0.3423774242401123
	      Training MAE Shift: 0.15211661159992218		 Val MAE Shift: 0.20105602741241455
              Training Euclidean Shift: 0.24025866389274597	 Val Euclidean Shift: 0.3118277549743652


Epoch 30/500: Training Loss: 0.6863048076629639		 Val Loss: 0.7750625133514404
	      Training MAE Angle: 0.5032517910003662		 Val MAE Angle: 0.49486370086669923
              Training MSE Angle: 0.334693968296051		 Val MSE Angle: 0.33387835025787355
	      Training MAE Shift: 0.12836265563964844		 Val MAE Shift: 0.16669676303863526
              Training Euclidean Shift: 0.20134088397026062	 Val Euclidean Shift: 0.25696711540222167


Epoch 31/500: Training Loss: 1.02583909034729		 Val Loss: 0.581973648071289
	      Training MAE Angle: 0.4872969090938568		 Val MAE Angle: 0.5010368824005127
              Training MSE Angle: 0.32080626487731934		 Val MSE Angle: 0.3384628057479858
	      Training MAE Shift: 0.18845273554325104		 Val MAE Shift: 0.12421146631240845
              Training Euclidean Shift: 0.2939597964286804	 Val Euclidean Shift: 0.19131095409393312


Epoch 32/500: Training Loss: 0.5414854288101196		 Val Loss: 0.5170034408569336
	      Training MAE Angle: 0.4909026324748993		 Val MAE Angle: 0.5054348945617676
              Training MSE Angle: 0.325483113527298		 Val MSE Angle: 0.33985285758972167
	      Training MAE Shift: 0.10594486445188522		 Val MAE Shift: 0.0969787061214447
              Training Euclidean Shift: 0.16697415709495544	 Val Euclidean Shift: 0.15205776691436768


Epoch 33/500: Training Loss: 0.664108395576477		 Val Loss: 0.4657911777496338
	      Training MAE Angle: 0.5070313811302185		 Val MAE Angle: 0.48050222396850584
              Training MSE Angle: 0.34410008788108826		 Val MSE Angle: 0.30898027420043944
	      Training MAE Shift: 0.12241136282682419		 Val MAE Shift: 0.0907822847366333
              Training Euclidean Shift: 0.19204536080360413	 Val Euclidean Shift: 0.14251081943511962


Epoch 34/500: Training Loss: 0.44525909423828125		 Val Loss: 0.4310892105102539
	      Training MAE Angle: 0.5087839961051941		 Val MAE Angle: 0.516975212097168
              Training MSE Angle: 0.34143558144569397		 Val MSE Angle: 0.3496704578399658
	      Training MAE Shift: 0.07535562664270401		 Val MAE Shift: 0.06668194532394409
              Training Euclidean Shift: 0.11789301782846451	 Val Euclidean Shift: 0.10570594072341918


Epoch 35/500: Training Loss: 0.3862563371658325		 Val Loss: 0.4432868957519531
	      Training MAE Angle: 0.4857713580131531		 Val MAE Angle: 0.49698166847229003
              Training MSE Angle: 0.3204096853733063		 Val MSE Angle: 0.325419020652771
	      Training MAE Shift: 0.06059126555919647		 Val MAE Shift: 0.08641382455825805
              Training Euclidean Shift: 0.09575986117124557	 Val Euclidean Shift: 0.1329751968383789


Epoch 36/500: Training Loss: 0.38476428389549255		 Val Loss: 0.3957366943359375
	      Training MAE Angle: 0.49305620789527893		 Val MAE Angle: 0.49714975357055663
              Training MSE Angle: 0.3234950006008148		 Val MSE Angle: 0.3267136335372925
	      Training MAE Shift: 0.057556550949811935		 Val MAE Shift: 0.06346849203109742
              Training Euclidean Shift: 0.09097561240196228	 Val Euclidean Shift: 0.09941626787185669


Epoch 37/500: Training Loss: 0.3868274986743927		 Val Loss: 0.3709231376647949
	      Training MAE Angle: 0.4958304762840271		 Val MAE Angle: 0.48617043495178225
              Training MSE Angle: 0.3262109160423279		 Val MSE Angle: 0.3192694664001465
	      Training MAE Shift: 0.05785517022013664		 Val MAE Shift: 0.05331011414527893
              Training Euclidean Shift: 0.09120329469442368	 Val Euclidean Shift: 0.0840529203414917


Epoch 38/500: Training Loss: 0.3991037905216217		 Val Loss: 0.381990909576416
	      Training MAE Angle: 0.5033297538757324		 Val MAE Angle: 0.49584312438964845
              Training MSE Angle: 0.34135860204696655		 Val MSE Angle: 0.3332240343093872
	      Training MAE Shift: 0.056027933955192566		 Val MAE Shift: 0.04963671565055847
              Training Euclidean Shift: 0.088081493973732	 Val Euclidean Shift: 0.07755113840103149


Epoch 39/500: Training Loss: 0.3729860186576843		 Val Loss: 0.3953412532806396
	      Training MAE Angle: 0.4874582290649414		 Val MAE Angle: 0.49617533683776854
              Training MSE Angle: 0.3226138949394226		 Val MSE Angle: 0.3262708902359009
	      Training MAE Shift: 0.0531102679669857		 Val MAE Shift: 0.06559862494468689
              Training Euclidean Shift: 0.08392800390720367	 Val Euclidean Shift: 0.10438919067382812


Epoch 40/500: Training Loss: 0.3881132900714874		 Val Loss: 0.3745753765106201
	      Training MAE Angle: 0.50436931848526		 Val MAE Angle: 0.49954948425292967
              Training MSE Angle: 0.34015533328056335		 Val MSE Angle: 0.33422031402587893
	      Training MAE Shift: 0.05217541381716728		 Val MAE Shift: 0.04715409278869629
              Training Euclidean Shift: 0.08236784487962723	 Val Euclidean Shift: 0.07429956793785095


Epoch 41/500: Training Loss: 0.38162440061569214		 Val Loss: 0.3940826416015625
	      Training MAE Angle: 0.50141441822052		 Val MAE Angle: 0.5097614765167237
              Training MSE Angle: 0.33331990242004395		 Val MSE Angle: 0.34779183864593505
	      Training MAE Shift: 0.05277060344815254		 Val MAE Shift: 0.053936856985092166
              Training Euclidean Shift: 0.08312610536813736	 Val Euclidean Shift: 0.08461281061172485


Epoch 42/500: Training Loss: 0.3892899453639984		 Val Loss: 0.4004203796386719
	      Training MAE Angle: 0.5017601847648621		 Val MAE Angle: 0.5156655311584473
              Training MSE Angle: 0.3389454483985901		 Val MSE Angle: 0.34994020462036135
	      Training MAE Shift: 0.05288039892911911		 Val MAE Shift: 0.05211533904075623
              Training Euclidean Shift: 0.08331725001335144	 Val Euclidean Shift: 0.08248426914215087


Epoch 43/500: Training Loss: 0.37752631306648254		 Val Loss: 0.3717348575592041
	      Training MAE Angle: 0.5023857355117798		 Val MAE Angle: 0.4928525447845459
              Training MSE Angle: 0.3350546061992645		 Val MSE Angle: 0.32857542037963866
	      Training MAE Shift: 0.04899745434522629		 Val MAE Shift: 0.04727807641029358
              Training Euclidean Shift: 0.07696584612131119	 Val Euclidean Shift: 0.07474969029426574


Epoch 44/500: Training Loss: 0.3743667006492615		 Val Loss: 0.3853785753250122
	      Training MAE Angle: 0.5019733309745789		 Val MAE Angle: 0.5034308433532715
              Training MSE Angle: 0.33244484663009644		 Val MSE Angle: 0.34068491458892824
	      Training MAE Shift: 0.04931538179516792		 Val MAE Shift: 0.047935512661933896
              Training Euclidean Shift: 0.07802461087703705	 Val Euclidean Shift: 0.07593364119529725


Epoch 45/500: Training Loss: 0.3943585157394409		 Val Loss: 0.3933741807937622
	      Training MAE Angle: 0.5034471154212952		 Val MAE Angle: 0.5005573272705078
              Training MSE Angle: 0.3378519117832184		 Val MSE Angle: 0.33177666664123534
	      Training MAE Shift: 0.05535838380455971		 Val MAE Shift: 0.0622078001499176
              Training Euclidean Shift: 0.08696705102920532	 Val Euclidean Shift: 0.09720100164413452


Epoch 46/500: Training Loss: 0.3694427013397217		 Val Loss: 0.3859247207641602
	      Training MAE Angle: 0.4915525019168854		 Val MAE Angle: 0.505278491973877
              Training MSE Angle: 0.3246959149837494		 Val MSE Angle: 0.33264129161834716
	      Training MAE Shift: 0.04995587468147278		 Val MAE Shift: 0.05707399845123291
              Training Euclidean Shift: 0.07875517755746841	 Val Euclidean Shift: 0.08964091539382935


Epoch 47/500: Training Loss: 0.3908724784851074		 Val Loss: 0.3884307861328125
	      Training MAE Angle: 0.515340268611908		 Val MAE Angle: 0.48468918800354005
              Training MSE Angle: 0.34780651330947876		 Val MSE Angle: 0.3267213344573975
	      Training MAE Shift: 0.04937239736318588		 Val MAE Shift: 0.06039896607398987
              Training Euclidean Shift: 0.07786540687084198	 Val Euclidean Shift: 0.09485981464385987


Epoch 48/500: Training Loss: 0.3783879578113556		 Val Loss: 0.37196102142333987
	      Training MAE Angle: 0.501429557800293		 Val MAE Angle: 0.49840507507324217
              Training MSE Angle: 0.3332374691963196		 Val MSE Angle: 0.3312490463256836
	      Training MAE Shift: 0.050410058349370956		 Val MAE Shift: 0.045791664719581605
              Training Euclidean Shift: 0.07960280776023865	 Val Euclidean Shift: 0.0720058798789978


Epoch 49/500: Training Loss: 0.39166688919067383		 Val Loss: 0.39434208869934084
	      Training MAE Angle: 0.5178461670875549		 Val MAE Angle: 0.5209525108337403
              Training MSE Angle: 0.3498481214046478		 Val MSE Angle: 0.35237874984741213
	      Training MAE Shift: 0.04825398698449135		 Val MAE Shift: 0.04916754066944122
              Training Euclidean Shift: 0.07579483091831207	 Val Euclidean Shift: 0.07652350664138793


Epoch 50/500: Training Loss: 0.368754506111145		 Val Loss: 0.36115620136260984
	      Training MAE Angle: 0.4934660494327545		 Val MAE Angle: 0.49135918617248536
              Training MSE Angle: 0.3274482190608978		 Val MSE Angle: 0.31607396602630616
	      Training MAE Shift: 0.04831212759017944		 Val MAE Shift: 0.04942753314971924
              Training Euclidean Shift: 0.07640240341424942	 Val Euclidean Shift: 0.0780136227607727


Epoch 51/500: Training Loss: 0.37827539443969727		 Val Loss: 0.3800204277038574
	      Training MAE Angle: 0.5004690289497375		 Val MAE Angle: 0.5081124305725098
              Training MSE Angle: 0.33628374338150024		 Val MSE Angle: 0.3403813600540161
	      Training MAE Shift: 0.04735035076737404		 Val MAE Shift: 0.04540257751941681
              Training Euclidean Shift: 0.07480810582637787	 Val Euclidean Shift: 0.0715345323085785


Epoch 52/500: Training Loss: 0.37318098545074463		 Val Loss: 0.3591059446334839
	      Training MAE Angle: 0.5038844347000122		 Val MAE Angle: 0.4687617301940918
              Training MSE Angle: 0.34004247188568115		 Val MSE Angle: 0.3055979013442993
	      Training MAE Shift: 0.04297906160354614		 Val MAE Shift: 0.053949779272079466
              Training Euclidean Shift: 0.06811286509037018	 Val Euclidean Shift: 0.0858568787574768


Epoch 53/500: Training Loss: 0.37349388003349304		 Val Loss: 0.4175104141235352
	      Training MAE Angle: 0.5067740082740784		 Val MAE Angle: 0.5288335800170898
              Training MSE Angle: 0.3403741121292114		 Val MSE Angle: 0.35722813606262205
	      Training MAE Shift: 0.04252805560827255		 Val MAE Shift: 0.060559868812561035
              Training Euclidean Shift: 0.06718616187572479	 Val Euclidean Shift: 0.09514232277870179


Epoch 54/500: Training Loss: 0.36321938037872314		 Val Loss: 0.4273709774017334
	      Training MAE Angle: 0.49989935755729675		 Val MAE Angle: 0.5403948307037354
              Training MSE Angle: 0.328119158744812		 Val MSE Angle: 0.3768787384033203
	      Training MAE Shift: 0.044658541679382324		 Val MAE Shift: 0.05335044860839844
              Training Euclidean Shift: 0.07074631005525589	 Val Euclidean Shift: 0.08341145515441895


Epoch 55/500: Training Loss: 0.3759388029575348		 Val Loss: 0.43198771476745607
	      Training MAE Angle: 0.506472110748291		 Val MAE Angle: 0.4994971752166748
              Training MSE Angle: 0.3391435444355011		 Val MSE Angle: 0.33742332458496094
	      Training MAE Shift: 0.04422420635819435		 Val MAE Shift: 0.08181116580963135
              Training Euclidean Shift: 0.06961095333099365	 Val Euclidean Shift: 0.12700293064117432


Epoch 56/500: Training Loss: 0.33898240327835083		 Val Loss: 0.3711738109588623
	      Training MAE Angle: 0.4789191782474518		 Val MAE Angle: 0.5072489738464355
              Training MSE Angle: 0.30851611495018005		 Val MSE Angle: 0.34036879539489745
	      Training MAE Shift: 0.042018160223960876		 Val MAE Shift: 0.04110725522041321
              Training Euclidean Shift: 0.06627202779054642	 Val Euclidean Shift: 0.0642751157283783


Epoch 57/500: Training Loss: 0.359295129776001		 Val Loss: 0.36385765075683596
	      Training MAE Angle: 0.49414175748825073		 Val MAE Angle: 0.493833065032959
              Training MSE Angle: 0.3270409107208252		 Val MSE Angle: 0.3304307460784912
	      Training MAE Shift: 0.04211334511637688		 Val MAE Shift: 0.04200520515441895
              Training Euclidean Shift: 0.06669484823942184	 Val Euclidean Shift: 0.06825806498527527


Epoch 58/500: Training Loss: 0.373940646648407		 Val Loss: 0.3743442535400391
	      Training MAE Angle: 0.49953505396842957		 Val MAE Angle: 0.49983582496643064
              Training MSE Angle: 0.335209459066391		 Val MSE Angle: 0.33694164752960204
	      Training MAE Shift: 0.0441538468003273		 Val MAE Shift: 0.04225295484066009
              Training Euclidean Shift: 0.0695761889219284	 Val Euclidean Shift: 0.06681274175643921


Epoch 59/500: Training Loss: 0.3871491253376007		 Val Loss: 0.3846647024154663
	      Training MAE Angle: 0.5196966528892517		 Val MAE Angle: 0.5161527156829834
              Training MSE Angle: 0.35353758931159973		 Val MSE Angle: 0.3475497245788574
	      Training MAE Shift: 0.043101582676172256		 Val MAE Shift: 0.047512418031692503
              Training Euclidean Shift: 0.06801629811525345	 Val Euclidean Shift: 0.07504559755325317


Epoch 60/500: Training Loss: 0.3716466426849365		 Val Loss: 0.3586334466934204
	      Training MAE Angle: 0.509170413017273		 Val MAE Angle: 0.485797643661499
              Training MSE Angle: 0.3424018323421478		 Val MSE Angle: 0.3169438600540161
	      Training MAE Shift: 0.040498752146959305		 Val MAE Shift: 0.0441843181848526
              Training Euclidean Shift: 0.06402386724948883	 Val Euclidean Shift: 0.07041536569595337


Epoch 61/500: Training Loss: 0.3685261607170105		 Val Loss: 0.3441189765930176
	      Training MAE Angle: 0.5010514259338379		 Val MAE Angle: 0.48189005851745603
              Training MSE Angle: 0.3377857506275177		 Val MSE Angle: 0.3182399749755859
	      Training MAE Shift: 0.041460443288087845		 Val MAE Shift: 0.03622770309448242
              Training Euclidean Shift: 0.06560444086790085	 Val Euclidean Shift: 0.057086008787155154


Epoch 62/500: Training Loss: 0.3661802113056183		 Val Loss: 0.3712817430496216
	      Training MAE Angle: 0.5014345049858093		 Val MAE Angle: 0.4920956611633301
              Training MSE Angle: 0.33604806661605835		 Val MSE Angle: 0.3260952949523926
	      Training MAE Shift: 0.03882473334670067		 Val MAE Shift: 0.05298985838890076
              Training Euclidean Shift: 0.06099516153335571	 Val Euclidean Shift: 0.0836936891078949


Epoch 63/500: Training Loss: 0.36168181896209717		 Val Loss: 0.4675922870635986
	      Training MAE Angle: 0.5004590749740601		 Val MAE Angle: 0.5226464748382569
              Training MSE Angle: 0.33025097846984863		 Val MSE Angle: 0.366353178024292
	      Training MAE Shift: 0.041580695658922195		 Val MAE Shift: 0.08196566700935363
              Training Euclidean Shift: 0.0655607059597969	 Val Euclidean Shift: 0.12659164667129516


Epoch 64/500: Training Loss: 0.3748735189437866		 Val Loss: 0.3505906581878662
	      Training MAE Angle: 0.5136008262634277		 Val MAE Angle: 0.5007775306701661
              Training MSE Angle: 0.34455984830856323		 Val MSE Angle: 0.32837011814117434
	      Training MAE Shift: 0.040916845202445984		 Val MAE Shift: 0.03476435244083405
              Training Euclidean Shift: 0.06441855430603027	 Val Euclidean Shift: 0.05494632124900818


Epoch 65/500: Training Loss: 0.3727530837059021		 Val Loss: 0.3573185682296753
	      Training MAE Angle: 0.5089508891105652		 Val MAE Angle: 0.492355489730835
              Training MSE Angle: 0.34023821353912354		 Val MSE Angle: 0.32802960872650144
	      Training MAE Shift: 0.04127831012010574		 Val MAE Shift: 0.040159037709236144
              Training Euclidean Shift: 0.06533703207969666	 Val Euclidean Shift: 0.06309558153152466


Epoch 66/500: Training Loss: 0.3531234860420227		 Val Loss: 0.37798395156860354
	      Training MAE Angle: 0.48658499121665955		 Val MAE Angle: 0.5131579399108886
              Training MSE Angle: 0.3243275284767151		 Val MSE Angle: 0.34892218112945556
	      Training MAE Shift: 0.04000713303685188		 Val MAE Shift: 0.03981284499168396
              Training Euclidean Shift: 0.06324739754199982	 Val Euclidean Shift: 0.062482768297195436


Epoch 67/500: Training Loss: 0.35463133454322815		 Val Loss: 0.4609817028045654
	      Training MAE Angle: 0.4921012818813324		 Val MAE Angle: 0.4996931076049805
              Training MSE Angle: 0.3249741196632385		 Val MSE Angle: 0.3366208553314209
	      Training MAE Shift: 0.041389741003513336		 Val MAE Shift: 0.09255351424217224
              Training Euclidean Shift: 0.06516000628471375	 Val Euclidean Shift: 0.14217073917388917


Epoch 68/500: Training Loss: 0.3466741740703583		 Val Loss: 0.373361873626709
	      Training MAE Angle: 0.48237282037734985		 Val MAE Angle: 0.505855655670166
              Training MSE Angle: 0.31470686197280884		 Val MSE Angle: 0.3414208173751831
	      Training MAE Shift: 0.04202108830213547		 Val MAE Shift: 0.039465323090553284
              Training Euclidean Shift: 0.0661701112985611	 Val Euclidean Shift: 0.0633921504020691


Epoch 69/500: Training Loss: 0.3691265881061554		 Val Loss: 0.33242044448852537
	      Training MAE Angle: 0.5055599808692932		 Val MAE Angle: 0.47474331855773927
              Training MSE Angle: 0.3408315181732178		 Val MSE Angle: 0.3073087215423584
	      Training MAE Shift: 0.03956048563122749		 Val MAE Shift: 0.035318753123283385
              Training Euclidean Shift: 0.062486596405506134	 Val Euclidean Shift: 0.057052016258239746


Epoch 70/500: Training Loss: 0.35931962728500366		 Val Loss: 0.396880054473877
	      Training MAE Angle: 0.49827006459236145		 Val MAE Angle: 0.5175776481628418
              Training MSE Angle: 0.3319724500179291		 Val MSE Angle: 0.34751999378204346
	      Training MAE Shift: 0.03831206262111664		 Val MAE Shift: 0.05090782642364502
              Training Euclidean Shift: 0.06072648614645004	 Val Euclidean Shift: 0.08013128638267517


Epoch 71/500: Training Loss: 0.3800819218158722		 Val Loss: 0.3756298303604126
	      Training MAE Angle: 0.5166332125663757		 Val MAE Angle: 0.5021073818206787
              Training MSE Angle: 0.35102564096450806		 Val MSE Angle: 0.33957853317260744
	      Training MAE Shift: 0.040193408727645874		 Val MAE Shift: 0.047305834293365476
              Training Euclidean Shift: 0.06337845325469971	 Val Euclidean Shift: 0.0746668517589569


Epoch 72/500: Training Loss: 0.36673563718795776		 Val Loss: 0.3468250036239624
	      Training MAE Angle: 0.5081110596656799		 Val MAE Angle: 0.4952338218688965
              Training MSE Angle: 0.33913561701774597		 Val MSE Angle: 0.3201303958892822
	      Training MAE Shift: 0.037132181227207184		 Val MAE Shift: 0.034424522519111635
              Training Euclidean Shift: 0.05875508859753609	 Val Euclidean Shift: 0.05537242293357849


Epoch 73/500: Training Loss: 0.3804170489311218		 Val Loss: 0.35027036666870115
	      Training MAE Angle: 0.5165385007858276		 Val MAE Angle: 0.4862856864929199
              Training MSE Angle: 0.35095685720443726		 Val MSE Angle: 0.31662416458129883
	      Training MAE Shift: 0.03903757408261299		 Val MAE Shift: 0.04402928352355957
              Training Euclidean Shift: 0.061734359711408615	 Val Euclidean Shift: 0.06917070746421813


Epoch 74/500: Training Loss: 0.3721204102039337		 Val Loss: 0.336061429977417
	      Training MAE Angle: 0.5118837952613831		 Val MAE Angle: 0.4881876468658447
              Training MSE Angle: 0.347728967666626		 Val MSE Angle: 0.31778640747070314
	      Training MAE Shift: 0.036110494285821915		 Val MAE Shift: 0.03147539496421814
              Training Euclidean Shift: 0.056969959288835526	 Val Euclidean Shift: 0.049894082546234134


Epoch 75/500: Training Loss: 0.3492997884750366		 Val Loss: 0.37397942543029783
	      Training MAE Angle: 0.4941291809082031		 Val MAE Angle: 0.5108057022094726
              Training MSE Angle: 0.32471105456352234		 Val MSE Angle: 0.3426942825317383
	      Training MAE Shift: 0.03569445386528969		 Val MAE Shift: 0.04277299046516418
              Training Euclidean Shift: 0.05649075657129288	 Val Euclidean Shift: 0.06715700626373292


Epoch 76/500: Training Loss: 0.3595915734767914		 Val Loss: 0.34814317226409913
	      Training MAE Angle: 0.49923110008239746		 Val MAE Angle: 0.4830643177032471
              Training MSE Angle: 0.3366920053958893		 Val MSE Angle: 0.3205533027648926
	      Training MAE Shift: 0.03429090604186058		 Val MAE Shift: 0.03831005394458771
              Training Euclidean Shift: 0.05388293042778969	 Val Euclidean Shift: 0.06019424200057984


Epoch 77/500: Training Loss: 0.3737974464893341		 Val Loss: 0.36333212852478025
	      Training MAE Angle: 0.5156069397926331		 Val MAE Angle: 0.49947347640991213
              Training MSE Angle: 0.3497411012649536		 Val MSE Angle: 0.33831474781036375
	      Training MAE Shift: 0.03586072102189064		 Val MAE Shift: 0.03690119981765747
              Training Euclidean Shift: 0.056189753115177155	 Val Euclidean Shift: 0.05796430110931396


Epoch 78/500: Training Loss: 0.3545573949813843		 Val Loss: 0.3749587297439575
	      Training MAE Angle: 0.49820491671562195		 Val MAE Angle: 0.5071877479553223
              Training MSE Angle: 0.3248313069343567		 Val MSE Angle: 0.33598737716674804
	      Training MAE Shift: 0.037933725863695145		 Val MAE Shift: 0.048745852708816526
              Training Euclidean Shift: 0.05997210741043091	 Val Euclidean Shift: 0.07782216668128968


Epoch 79/500: Training Loss: 0.3612506687641144		 Val Loss: 0.34937798976898193
	      Training MAE Angle: 0.5020297765731812		 Val MAE Angle: 0.494229793548584
              Training MSE Angle: 0.33351457118988037		 Val MSE Angle: 0.3212494611740112
	      Training MAE Shift: 0.03642214462161064		 Val MAE Shift: 0.03846883773803711
              Training Euclidean Shift: 0.057476647198200226	 Val Euclidean Shift: 0.05982847809791565


Epoch 80/500: Training Loss: 0.37617745995521545		 Val Loss: 0.36941163539886473
	      Training MAE Angle: 0.5157203674316406		 Val MAE Angle: 0.5001749515533447
              Training MSE Angle: 0.3514254093170166		 Val MSE Angle: 0.3354471683502197
	      Training MAE Shift: 0.03628155216574669		 Val MAE Shift: 0.043238741159439084
              Training Euclidean Shift: 0.05754099041223526	 Val Euclidean Shift: 0.06758254766464233


Epoch 81/500: Training Loss: 0.344245046377182		 Val Loss: 0.37740087509155273
	      Training MAE Angle: 0.48841193318367004		 Val MAE Angle: 0.5038798332214356
              Training MSE Angle: 0.31998947262763977		 Val MSE Angle: 0.3355038404464722
	      Training MAE Shift: 0.03489592671394348		 Val MAE Shift: 0.05027647018432617
              Training Euclidean Shift: 0.054935697466135025	 Val Euclidean Shift: 0.07851153612136841


Epoch 82/500: Training Loss: 0.3499322831630707		 Val Loss: 0.4678539276123047
	      Training MAE Angle: 0.49152255058288574		 Val MAE Angle: 0.5000308513641357
              Training MSE Angle: 0.32554537057876587		 Val MSE Angle: 0.3298449754714966
	      Training MAE Shift: 0.0352570004761219		 Val MAE Shift: 0.09549070596694946
              Training Euclidean Shift: 0.055743828415870667	 Val Euclidean Shift: 0.1489035964012146


Epoch 83/500: Training Loss: 0.39501914381980896		 Val Loss: 0.3869487762451172
	      Training MAE Angle: 0.5204426050186157		 Val MAE Angle: 0.504707670211792
              Training MSE Angle: 0.3522222936153412		 Val MSE Angle: 0.343673849105835
	      Training MAE Shift: 0.04872090741991997		 Val MAE Shift: 0.05190986394882202
              Training Euclidean Shift: 0.07626011967658997	 Val Euclidean Shift: 0.08232500553131103


Epoch 84/500: Training Loss: 0.36340293288230896		 Val Loss: 0.3783217668533325
	      Training MAE Angle: 0.49793314933776855		 Val MAE Angle: 0.5060561180114747
              Training MSE Angle: 0.32917866110801697		 Val MSE Angle: 0.34045889377593996
	      Training MAE Shift: 0.039873234927654266		 Val MAE Shift: 0.04494932293891907
              Training Euclidean Shift: 0.06275566667318344	 Val Euclidean Shift: 0.07098568677902221


Epoch 85/500: Training Loss: 0.36329275369644165		 Val Loss: 0.3811888933181763
	      Training MAE Angle: 0.5016733407974243		 Val MAE Angle: 0.5059465885162353
              Training MSE Angle: 0.3373401463031769		 Val MSE Angle: 0.338910174369812
	      Training MAE Shift: 0.037592969834804535		 Val MAE Shift: 0.04744882881641388
              Training Euclidean Shift: 0.05912897363305092	 Val Euclidean Shift: 0.07423391342163085


Epoch 86/500: Training Loss: 0.45306283235549927		 Val Loss: 0.656144094467163
	      Training MAE Angle: 0.5072198510169983		 Val MAE Angle: 0.4882004737854004
              Training MSE Angle: 0.33839964866638184		 Val MSE Angle: 0.3198776483535767
	      Training MAE Shift: 0.07283462584018707		 Val MAE Shift: 0.15291919708251953
              Training Euclidean Shift: 0.1141432449221611	 Val Euclidean Shift: 0.23341917991638184


Epoch 87/500: Training Loss: 0.4008820950984955		 Val Loss: 0.4136758804321289
	      Training MAE Angle: 0.4871020019054413		 Val MAE Angle: 0.5178659915924072
              Training MSE Angle: 0.3195950388908386		 Val MSE Angle: 0.3514709949493408
	      Training MAE Shift: 0.06714726239442825		 Val MAE Shift: 0.06155318021774292
              Training Euclidean Shift: 0.10595276206731796	 Val Euclidean Shift: 0.09611364006996155


Epoch 88/500: Training Loss: 0.40268224477767944		 Val Loss: 0.4311193943023682
	      Training MAE Angle: 0.5162403583526611		 Val MAE Angle: 0.5017042636871338
              Training MSE Angle: 0.3531963527202606		 Val MSE Angle: 0.3486238956451416
	      Training MAE Shift: 0.052718598395586014		 Val MAE Shift: 0.07757843136787415
              Training Euclidean Shift: 0.08334547281265259	 Val Euclidean Shift: 0.11958873271942139


Epoch 89/500: Training Loss: 0.37426048517227173		 Val Loss: 0.39585371017456056
	      Training MAE Angle: 0.49646440148353577		 Val MAE Angle: 0.5102083683013916
              Training MSE Angle: 0.33053985238075256		 Val MSE Angle: 0.34290461540222167
	      Training MAE Shift: 0.04905003309249878		 Val MAE Shift: 0.05692708492279053
              Training Euclidean Shift: 0.07745323330163956	 Val Euclidean Shift: 0.09036113023757934


Epoch 90/500: Training Loss: 0.3644939959049225		 Val Loss: 0.39090538024902344
	      Training MAE Angle: 0.4975217580795288		 Val MAE Angle: 0.5270890712738037
              Training MSE Angle: 0.33174756169319153		 Val MSE Angle: 0.363407039642334
	      Training MAE Shift: 0.042071714997291565		 Val MAE Shift: 0.03884627223014832
              Training Euclidean Shift: 0.0665488988161087	 Val Euclidean Shift: 0.06036810874938965


Epoch 91/500: Training Loss: 0.3599083423614502		 Val Loss: 0.3750238180160522
	      Training MAE Angle: 0.4939432144165039		 Val MAE Angle: 0.5017223834991456
              Training MSE Angle: 0.3267647325992584		 Val MSE Angle: 0.33246707916259766
	      Training MAE Shift: 0.04232237488031387		 Val MAE Shift: 0.05035684108734131
              Training Euclidean Shift: 0.06698022782802582	 Val Euclidean Shift: 0.07968217134475708


Epoch 92/500: Training Loss: 0.3563399016857147		 Val Loss: 0.34895853996276854
	      Training MAE Angle: 0.48997625708580017		 Val MAE Angle: 0.4804810047149658
              Training MSE Angle: 0.32758331298828125		 Val MSE Angle: 0.31586599349975586
	      Training MAE Shift: 0.0405915305018425		 Val MAE Shift: 0.04214159250259399
              Training Euclidean Shift: 0.06377045810222626	 Val Euclidean Shift: 0.0656865119934082


Epoch 93/500: Training Loss: 0.36645081639289856		 Val Loss: 0.4102453708648682
	      Training MAE Angle: 0.5044481158256531		 Val MAE Angle: 0.5155245304107666
              Training MSE Angle: 0.3353308439254761		 Val MSE Angle: 0.350331449508667
	      Training MAE Shift: 0.04092639312148094		 Val MAE Shift: 0.063354229927063
              Training Euclidean Shift: 0.06434816122055054	 Val Euclidean Shift: 0.09835594892501831


Epoch 94/500: Training Loss: 0.38002514839172363		 Val Loss: 0.37088019847869874
	      Training MAE Angle: 0.5168651342391968		 Val MAE Angle: 0.5102075576782227
              Training MSE Angle: 0.34948572516441345		 Val MSE Angle: 0.3348151922225952
	      Training MAE Shift: 0.03980181738734245		 Val MAE Shift: 0.0451123833656311
              Training Euclidean Shift: 0.06254391372203827	 Val Euclidean Shift: 0.07122015953063965


Epoch 95/500: Training Loss: 0.36049187183380127		 Val Loss: 0.37144949436187746
	      Training MAE Angle: 0.5011512041091919		 Val MAE Angle: 0.5119419574737549
              Training MSE Angle: 0.3323352336883545		 Val MSE Angle: 0.35029551982879636
	      Training MAE Shift: 0.03793581575155258		 Val MAE Shift: 0.03256002962589264
              Training Euclidean Shift: 0.060236234217882156	 Val Euclidean Shift: 0.05113263130187988


Epoch 96/500: Training Loss: 0.3707744777202606		 Val Loss: 0.3440139055252075
	      Training MAE Angle: 0.5150635838508606		 Val MAE Angle: 0.48432340621948244
              Training MSE Angle: 0.3491257131099701		 Val MSE Angle: 0.314238977432251
	      Training MAE Shift: 0.03386523947119713		 Val MAE Shift: 0.03886452615261078
              Training Euclidean Shift: 0.05322059243917465	 Val Euclidean Shift: 0.061512809991836545


Epoch 97/500: Training Loss: 0.3533724844455719		 Val Loss: 0.351718807220459
	      Training MAE Angle: 0.49096474051475525		 Val MAE Angle: 0.49695634841918945
              Training MSE Angle: 0.3245161175727844		 Val MSE Angle: 0.3262633323669434
	      Training MAE Shift: 0.03583192825317383		 Val MAE Shift: 0.03555778861045837
              Training Euclidean Shift: 0.05692421272397041	 Val Euclidean Shift: 0.05685877799987793


Epoch 98/500: Training Loss: 0.36779481172561646		 Val Loss: 0.3635550022125244
	      Training MAE Angle: 0.5146373510360718		 Val MAE Angle: 0.5050758838653564
              Training MSE Angle: 0.3461272120475769		 Val MSE Angle: 0.3370896577835083
	      Training MAE Shift: 0.03403226658701897		 Val MAE Shift: 0.0362648606300354
              Training Euclidean Shift: 0.053644731640815735	 Val Euclidean Shift: 0.0579623818397522


Epoch 99/500: Training Loss: 0.36826473474502563		 Val Loss: 0.3863569498062134
	      Training MAE Angle: 0.5061973929405212		 Val MAE Angle: 0.49930696487426757
              Training MSE Angle: 0.3396673798561096		 Val MSE Angle: 0.329638409614563
	      Training MAE Shift: 0.03737059235572815		 Val MAE Shift: 0.05934596061706543
              Training Euclidean Shift: 0.05894068256020546	 Val Euclidean Shift: 0.09182259440422058


Epoch 100/500: Training Loss: 0.3669789433479309		 Val Loss: 0.3950586080551147
	      Training MAE Angle: 0.5092968344688416		 Val MAE Angle: 0.498321008682251
              Training MSE Angle: 0.3374057710170746		 Val MSE Angle: 0.3329732418060303
	      Training MAE Shift: 0.038997672498226166		 Val MAE Shift: 0.0627946138381958
              Training Euclidean Shift: 0.061426401138305664	 Val Euclidean Shift: 0.09780513644218444


Epoch 101/500: Training Loss: 0.35304850339889526		 Val Loss: 0.3809258699417114
	      Training MAE Angle: 0.492439329624176		 Val MAE Angle: 0.5090683937072754
              Training MSE Angle: 0.3259432315826416		 Val MSE Angle: 0.3457942008972168
	      Training MAE Shift: 0.037914641201496124		 Val MAE Shift: 0.04576776027679443
              Training Euclidean Shift: 0.059824101626873016	 Val Euclidean Shift: 0.07162414193153381


Epoch 102/500: Training Loss: 0.3337176442146301		 Val Loss: 0.37362234592437743
	      Training MAE Angle: 0.47693365812301636		 Val MAE Angle: 0.5121853828430176
              Training MSE Angle: 0.31146419048309326		 Val MSE Angle: 0.3466290235519409
	      Training MAE Shift: 0.03381175547838211		 Val MAE Shift: 0.03753078877925873
              Training Euclidean Shift: 0.053382690995931625	 Val Euclidean Shift: 0.059362107515335084


