Epoch 2/100:  Training Loss: 0.15397963334810366 Val Loss: 0.22330463610197368 last sv: 0.0
            Training MAE: 0.22972410917282104 Val MAE: 0.2762216627597809
            algebraic dist: 66.5775313188326 val algebraic dist: 82.13899671052631
            RE1 dist: 3.7910516545636015 val RE1 dist: 5.203731496710526
            SED dist: 15.208906938325992 val SED dist: 20.863478618421052

Epoch 3/100:  Training Loss: 0.08749628277077023 Val Loss: 0.23288150185032894 last sv: 0.0
            Training MAE: 0.15266288816928864 Val MAE: 0.2550354599952698
            algebraic dist: 31.655615449476873 val algebraic dist: 62.30564692982456
            RE1 dist: 2.6698369097604626 val RE1 dist: 6.583992598684211
            SED dist: 10.71442537685848 val SED dist: 26.424945175438598

Epoch 4/100:  Training Loss: 0.0627862241299667 Val Loss: 0.243785400390625 last sv: 0.0
            Training MAE: 0.12009358406066895 Val MAE: 0.25546711683273315
            algebraic dist: 19.103119837555067 val algebraic dist: 47.05240679824561
            RE1 dist: 2.0634366342149644 val RE1 dist: 6.158253837719299
            SED dist: 8.284369514902258 val SED dist: 24.710117872807018

Epoch 5/100:  Training Loss: 0.054146317133294326 Val Loss: 0.2573857678865132 last sv: 0.0
            Training MAE: 0.10976165533065796 Val MAE: 0.24580895900726318
            algebraic dist: 14.213184239055616 val algebraic dist: 54.72829495614035
            RE1 dist: 1.6650604382485545 val RE1 dist: 8.434770422149123
            SED dist: 6.690289871283039 val SED dist: 33.865334429824564

Epoch 6/100:  Training Loss: 0.05054400355805384 Val Loss: 0.2568530059279057 last sv: 0.0
            Training MAE: 0.1046527624130249 Val MAE: 0.24214410781860352
            algebraic dist: 11.819110080534141 val algebraic dist: 46.45247807017544
            RE1 dist: 1.508157066311605 val RE1 dist: 8.964016584429825
            SED dist: 6.060731862610132 val SED dist: 35.995038377192984

Epoch 7/100:  Training Loss: 0.047574774284194744 Val Loss: 0.2373499177631579 last sv: 0.0
            Training MAE: 0.1003161072731018 Val MAE: 0.24516718089580536
            algebraic dist: 10.372145598155287 val algebraic dist: 37.19816611842105
            RE1 dist: 1.3796906996403497 val RE1 dist: 6.412837171052631
            SED dist: 5.5436721331222465 val SED dist: 25.76637609649123

Epoch 8/100:  Training Loss: 0.04511740764332238 Val Loss: 0.25796176843475876 last sv: 0.0
            Training MAE: 0.09723655134439468 Val MAE: 0.2507003843784332
            algebraic dist: 9.28888826748348 val algebraic dist: 36.07446546052632
            RE1 dist: 1.2645640100151432 val RE1 dist: 7.357147752192983
            SED dist: 5.082090403014868 val SED dist: 29.56513432017544

Epoch 9/100:  Training Loss: 0.04249296314390746 Val Loss: 0.22807212428042764 last sv: 0.0
            Training MAE: 0.09199653565883636 Val MAE: 0.2478160560131073
            algebraic dist: 8.817917878407213 val algebraic dist: 35.429336622807014
            RE1 dist: 1.1903636781129543 val RE1 dist: 5.21468475877193
            SED dist: 4.78570529752891 val SED dist: 20.932242324561404

Epoch 10/100:  Training Loss: 0.0395880795785509 Val Loss: 0.24504064727247807 last sv: 0.0
            Training MAE: 0.08587556332349777 Val MAE: 0.2474706619977951
            algebraic dist: 8.456221391450992 val algebraic dist: 38.13726973684211
            RE1 dist: 1.1394791792142758 val RE1 dist: 6.943174342105263
            SED dist: 4.584554932716134 val SED dist: 27.87779879385965

Epoch 11/100:  Training Loss: 0.03691156950291033 Val Loss: 0.23459556178042762 last sv: 0.0
            Training MAE: 0.08215369284152985 Val MAE: 0.24732349812984467
            algebraic dist: 8.252395697102148 val algebraic dist: 36.80969572368421
            RE1 dist: 1.0492093930685573 val RE1 dist: 5.951750959429824
            SED dist: 4.221580740638767 val SED dist: 23.896858552631578

Epoch 12/100:  Training Loss: 0.033681922021941466 Val Loss: 0.24073918928179824 last sv: 0.0
            Training MAE: 0.07807894051074982 Val MAE: 0.24939604103565216
            algebraic dist: 7.84171890057131 val algebraic dist: 34.47498355263158
            RE1 dist: 0.956058182905424 val RE1 dist: 6.194167351973684
            SED dist: 3.8554770851975495 val SED dist: 24.874851973684212

Epoch 13/100:  Training Loss: 0.030078730394136537 Val Loss: 0.23701739394873902 last sv: 0.0
            Training MAE: 0.0748058557510376 Val MAE: 0.24751265347003937
            algebraic dist: 8.444523076128855 val algebraic dist: 38.591165021929825
            RE1 dist: 0.9562295922098706 val RE1 dist: 6.296642680921052
            SED dist: 3.8637254353661894 val SED dist: 25.27780975877193

Epoch 14/100:  Training Loss: 0.02563128702440976 Val Loss: 0.24228378563596492 last sv: 0.0
            Training MAE: 0.06975968927145004 Val MAE: 0.24761353433132172
            algebraic dist: 8.61258270666988 val algebraic dist: 39.77016173245614
            RE1 dist: 0.8940445820140418 val RE1 dist: 7.028229851973684
            SED dist: 3.606664985287032 val SED dist: 28.20737390350877

Epoch 15/100:  Training Loss: 0.0232891217202342 Val Loss: 0.24362064830043859 last sv: 0.0
            Training MAE: 0.06625354290008545 Val MAE: 0.25414806604385376
            algebraic dist: 8.560010195828745 val algebraic dist: 37.805888157894735
            RE1 dist: 0.8454349870723775 val RE1 dist: 6.299277686403509
            SED dist: 3.4030154055960904 val SED dist: 25.285833333333333

Epoch 16/100:  Training Loss: 0.01957331039832027 Val Loss: 0.23811234323601974 last sv: 0.0
            Training MAE: 0.061615556478500366 Val MAE: 0.2446029931306839
            algebraic dist: 9.150237902670705 val algebraic dist: 32.45635964912281
            RE1 dist: 0.7838237611207668 val RE1 dist: 5.81398163377193
            SED dist: 3.1518350340721364 val SED dist: 23.34187225877193

Epoch 17/100:  Training Loss: 0.015955245442327425 Val Loss: 0.24030341968201754 last sv: 0.0
            Training MAE: 0.05602272227406502 Val MAE: 0.2450314611196518
            algebraic dist: 9.32076636495044 val algebraic dist: 33.10779057017544
            RE1 dist: 0.729570632464035 val RE1 dist: 6.565465323464912
            SED dist: 2.931490591444108 val SED dist: 26.363344298245615

Epoch 18/100:  Training Loss: 0.014212253335288968 Val Loss: 0.234819550095943 last sv: 0.0
            Training MAE: 0.0524357333779335 Val MAE: 0.24715477228164673
            algebraic dist: 8.351865255885187 val algebraic dist: 32.973511513157895
            RE1 dist: 0.6939105063282971 val RE1 dist: 5.889496299342105
            SED dist: 2.786765212004405 val SED dist: 23.65139254385965

Epoch 19/100:  Training Loss: 0.013572023828649311 Val Loss: 0.24776652018229167 last sv: 0.0
            Training MAE: 0.05099724978208542 Val MAE: 0.2489134967327118
            algebraic dist: 7.709236581945209 val algebraic dist: 32.88671875
            RE1 dist: 0.6713434967175455 val RE1 dist: 6.668948739035088
            SED dist: 2.697247341340859 val SED dist: 26.77013706140351

Epoch 20/100:  Training Loss: 0.012812850758892848 Val Loss: 0.2653389699835526 last sv: 0.0
            Training MAE: 0.04917050898075104 Val MAE: 0.24643267691135406
            algebraic dist: 7.419229246971366 val algebraic dist: 35.4528399122807
            RE1 dist: 0.6475047645064702 val RE1 dist: 8.942201206140352
            SED dist: 2.601087124862335 val SED dist: 35.93163925438596

Epoch 21/100:  Training Loss: 0.012139569295135363 Val Loss: 0.24954219349643642 last sv: 0.0
            Training MAE: 0.04774673655629158 Val MAE: 0.23957005143165588
            algebraic dist: 6.8732146544603525 val algebraic dist: 31.007615131578948
            RE1 dist: 0.5975712847604625 val RE1 dist: 8.18043791118421
            SED dist: 2.402228670498348 val SED dist: 32.86322094298246

Epoch 22/100:  Training Loss: 0.0116638402056589 Val Loss: 0.24314050507127194 last sv: 0.0
            Training MAE: 0.0464065819978714 Val MAE: 0.2396421879529953
            algebraic dist: 6.652816436364262 val algebraic dist: 32.18572368421053
            RE1 dist: 0.5969255086083769 val RE1 dist: 7.576621436403509
            SED dist: 2.3975784368977147 val SED dist: 30.431946271929824

Epoch 23/100:  Training Loss: 0.011297250109096981 Val Loss: 0.24481040553042763 last sv: 0.0
            Training MAE: 0.045942697674036026 Val MAE: 0.24436689913272858
            algebraic dist: 6.401235975357929 val algebraic dist: 29.613349780701753
            RE1 dist: 0.5761490204260737 val RE1 dist: 6.884400356359649
            SED dist: 2.3142904542091136 val SED dist: 27.643807565789473

Epoch 24/100:  Training Loss: 0.011210216824703806 Val Loss: 0.2393542908785636 last sv: 0.0
            Training MAE: 0.04518388211727142 Val MAE: 0.24654941260814667
            algebraic dist: 6.057519853902808 val algebraic dist: 27.100438596491227
            RE1 dist: 0.5684592629319246 val RE1 dist: 6.490359100877193
            SED dist: 2.283199898471916 val SED dist: 26.064605263157894

Epoch 25/100:  Training Loss: 0.010419713242988755 Val Loss: 0.23699758429276316 last sv: 0.0
            Training MAE: 0.04332379624247551 Val MAE: 0.24609695374965668
            algebraic dist: 5.839619506298183 val algebraic dist: 29.41441885964912
            RE1 dist: 0.5395048032248073 val RE1 dist: 6.434446957236842
            SED dist: 2.166892702884086 val SED dist: 25.83721217105263

Epoch 26/100:  Training Loss: 0.010513347676146922 Val Loss: 0.240309052049068 last sv: 0.0
            Training MAE: 0.04328371584415436 Val MAE: 0.2501220703125
            algebraic dist: 5.740852255128028 val algebraic dist: 26.573837719298247
            RE1 dist: 0.5547717594365191 val RE1 dist: 6.206811951754386
            SED dist: 2.228500702307613 val SED dist: 24.91360471491228

Epoch 27/100:  Training Loss: 0.009985530954100487 Val Loss: 0.24642479612116228 last sv: 0.0
            Training MAE: 0.0425831638276577 Val MAE: 0.2452346533536911
            algebraic dist: 5.451467640074339 val algebraic dist: 28.059141995614034
            RE1 dist: 0.5125894756569211 val RE1 dist: 7.198693119517544
            SED dist: 2.059257204837211 val SED dist: 28.915860745614037

Epoch 28/100:  Training Loss: 0.009602433259266588 Val Loss: 0.23905558268229166 last sv: 0.0
            Training MAE: 0.041579827666282654 Val MAE: 0.244646355509758
            algebraic dist: 5.307684944589758 val algebraic dist: 26.247798793859648
            RE1 dist: 0.5030294409932544 val RE1 dist: 6.421768092105263
            SED dist: 2.0206339159726046 val SED dist: 25.79310855263158

Epoch 29/100:  Training Loss: 0.009279112458754216 Val Loss: 0.2357262112801535 last sv: 0.0
            Training MAE: 0.0408671572804451 Val MAE: 0.24262750148773193
            algebraic dist: 5.0372911360820485 val algebraic dist: 26.14296326754386
            RE1 dist: 0.4767640235665611 val RE1 dist: 6.159105674342105
            SED dist: 1.9148212718543502 val SED dist: 24.731365131578947

Epoch 30/100:  Training Loss: 0.009088415406348947 Val Loss: 0.25155087119654607 last sv: 0.0
            Training MAE: 0.040011852979660034 Val MAE: 0.24601000547409058
            algebraic dist: 4.936895025984306 val algebraic dist: 24.253234649122806
            RE1 dist: 0.48343127414518516 val RE1 dist: 6.932252604166667
            SED dist: 1.941408938773403 val SED dist: 27.86797697368421

Epoch 31/100:  Training Loss: 0.008977084432929622 Val Loss: 0.24651810495476972 last sv: 0.0
            Training MAE: 0.039620138704776764 Val MAE: 0.24592556059360504
            algebraic dist: 4.790826873107103 val algebraic dist: 29.594470942982458
            RE1 dist: 0.4734205338398265 val RE1 dist: 7.190823739035087
            SED dist: 1.9013511892982518 val SED dist: 28.884095394736843

Epoch 32/100:  Training Loss: 0.008771431078469701 Val Loss: 0.24088665878563598 last sv: 0.0
            Training MAE: 0.03913867101073265 Val MAE: 0.24175477027893066
            algebraic dist: 4.64212426004956 val algebraic dist: 25.933807565789472
            RE1 dist: 0.45460402702970126 val RE1 dist: 6.82640076754386
            SED dist: 1.8260051710490088 val SED dist: 27.41546875

Epoch 33/100:  Training Loss: 0.008315053805380666 Val Loss: 0.24357856616639253 last sv: 0.0
            Training MAE: 0.03823075070977211 Val MAE: 0.23969805240631104
            algebraic dist: 4.4722333059436945 val algebraic dist: 25.490688048245612
            RE1 dist: 0.43507287785870385 val RE1 dist: 6.996445997807018
            SED dist: 1.7476276952264593 val SED dist: 28.087409539473683

Epoch 34/100:  Training Loss: 0.00830901719400011 Val Loss: 0.2326649662486294 last sv: 0.0
            Training MAE: 0.03773678466677666 Val MAE: 0.2431165724992752
            algebraic dist: 4.403383498674972 val algebraic dist: 23.066622807017545
            RE1 dist: 0.4485970719795395 val RE1 dist: 5.72258634868421
            SED dist: 1.8020391926366328 val SED dist: 22.983209978070175

Epoch 35/100:  Training Loss: 0.008318643212843571 Val Loss: 0.23639588473135964 last sv: 0.0
            Training MAE: 0.037643447518348694 Val MAE: 0.24109429121017456
            algebraic dist: 4.365031910362748 val algebraic dist: 23.290888157894738
            RE1 dist: 0.4413342917018 val RE1 dist: 6.485966282894736
            SED dist: 1.7721261852113162 val SED dist: 26.055268640350878

Epoch 36/100:  Training Loss: 0.007931926702087672 Val Loss: 0.2557918722587719 last sv: 0.0
            Training MAE: 0.036917105317115784 Val MAE: 0.24498672783374786
            algebraic dist: 4.1625796414681995 val algebraic dist: 24.65385690789474
            RE1 dist: 0.42418818536834046 val RE1 dist: 7.81164336622807
            SED dist: 1.702964614666506 val SED dist: 31.376537828947367

Epoch 37/100:  Training Loss: 0.0077027959445499635 Val Loss: 0.24223844829358554 last sv: 0.0
            Training MAE: 0.03669239208102226 Val MAE: 0.2413276582956314
            algebraic dist: 4.131214561966547 val algebraic dist: 23.457787828947367
            RE1 dist: 0.4106144842072205 val RE1 dist: 7.168546463815789
            SED dist: 1.6489468881212141 val SED dist: 28.795668859649123

Epoch 38/100:  Training Loss: 0.007674716117623619 Val Loss: 0.24067845394736842 last sv: 0.0
            Training MAE: 0.03639863058924675 Val MAE: 0.24020889401435852
            algebraic dist: 4.031794476614125 val algebraic dist: 22.714721765350877
            RE1 dist: 0.41060409881995114 val RE1 dist: 6.6858203125
            SED dist: 1.6485148022353386 val SED dist: 26.854449013157893

