###########################################################################################################################################################

                         learning rate: 6e-05,  mlp_hidden_sizes: [1024, 512], batch_size: 32, norm: True, alpha: 10, avg embeddings: False, 
                        crop: 224 resize: 256, use conv: False pretrained: None, seed: 42, angle range: 90, shift range: 110, 
                        train length: 2048, val length: 320, test length: 320, get old path: False, embeddings to use: ['rotated_embeddings'],
                        use_cls: False


Epoch 1/200: Training Loss: 1.4220234155654907		 Val Loss: 0.9838397026062011
	      Training MAE Angle: 0.5064109563827515		 Val MAE Angle: 0.48950958251953125
              Training MSE Angle: 0.338941752910614		 Val MSE Angle: 0.319980525970459
	      Training MAE Shift: 0.2393283247947693		 Val MAE Shift: 0.2068857431411743
              Training Euclidean Shift: 0.36992397904396057	 Val Euclidean Shift: 0.32156643867492674


Epoch 2/200: Training Loss: 0.6626860499382019		 Val Loss: 0.5116988182067871
	      Training MAE Angle: 0.49494028091430664		 Val MAE Angle: 0.4877323150634766
              Training MSE Angle: 0.32759198546409607		 Val MSE Angle: 0.31559162139892577
	      Training MAE Shift: 0.13226129114627838		 Val MAE Shift: 0.10653047561645508
              Training Euclidean Shift: 0.20726102590560913	 Val Euclidean Shift: 0.16602957248687744


Epoch 3/200: Training Loss: 0.4890041947364807		 Val Loss: 0.4969468116760254
	      Training MAE Angle: 0.5032540559768677		 Val MAE Angle: 0.5125606060028076
              Training MSE Angle: 0.3357725739479065		 Val MSE Angle: 0.34523260593414307
	      Training MAE Shift: 0.08798855543136597		 Val MAE Shift: 0.08190199732780457
              Training Euclidean Shift: 0.1387326568365097	 Val Euclidean Shift: 0.12895787954330445


Epoch 4/200: Training Loss: 0.42139559984207153		 Val Loss: 0.379909086227417
	      Training MAE Angle: 0.4980611503124237		 Val MAE Angle: 0.4793962001800537
              Training MSE Angle: 0.32597875595092773		 Val MSE Angle: 0.3082451820373535
	      Training MAE Shift: 0.07155691832304001		 Val MAE Shift: 0.06170034408569336
              Training Euclidean Shift: 0.11281395703554153	 Val Euclidean Shift: 0.09813240170478821


Epoch 5/200: Training Loss: 0.3796501159667969		 Val Loss: 0.39559206962585447
	      Training MAE Angle: 0.4944736361503601		 Val MAE Angle: 0.5190228462219239
              Training MSE Angle: 0.31972160935401917		 Val MSE Angle: 0.34497547149658203
	      Training MAE Shift: 0.054867204278707504		 Val MAE Shift: 0.05057421922683716
              Training Euclidean Shift: 0.08634597808122635	 Val Euclidean Shift: 0.08102983236312866


Epoch 6/200: Training Loss: 0.3571368157863617		 Val Loss: 0.3517207860946655
	      Training MAE Angle: 0.4936334490776062		 Val MAE Angle: 0.5048502922058106
              Training MSE Angle: 0.3167566955089569		 Val MSE Angle: 0.3194054126739502
	      Training MAE Shift: 0.04433312639594078		 Val MAE Shift: 0.04100348651409149
              Training Euclidean Shift: 0.06995175778865814	 Val Euclidean Shift: 0.065369713306427


Epoch 7/200: Training Loss: 0.36050671339035034		 Val Loss: 0.3744023561477661
	      Training MAE Angle: 0.4987286627292633		 Val MAE Angle: 0.5089133262634278
              Training MSE Angle: 0.3171059191226959		 Val MSE Angle: 0.324995231628418
	      Training MAE Shift: 0.04390828311443329		 Val MAE Shift: 0.047528085112571714
              Training Euclidean Shift: 0.06910980492830276	 Val Euclidean Shift: 0.07459952235221863


Epoch 8/200: Training Loss: 0.36755064129829407		 Val Loss: 0.3569352388381958
	      Training MAE Angle: 0.5021255612373352		 Val MAE Angle: 0.5143669128417969
              Training MSE Angle: 0.3172338604927063		 Val MSE Angle: 0.3238675117492676
	      Training MAE Shift: 0.046788290143013		 Val MAE Shift: 0.042753863334655764
              Training Euclidean Shift: 0.07367368787527084	 Val Euclidean Shift: 0.06683076024055482


Epoch 9/200: Training Loss: 0.35637229681015015		 Val Loss: 0.37079968452453616
	      Training MAE Angle: 0.5046055316925049		 Val MAE Angle: 0.5234230041503907
              Training MSE Angle: 0.32002928853034973		 Val MSE Angle: 0.329282283782959
	      Training MAE Shift: 0.04076064005494118		 Val MAE Shift: 0.0444152981042862
              Training Euclidean Shift: 0.06392268091440201	 Val Euclidean Shift: 0.07012488842010497


Epoch 10/200: Training Loss: 0.3359554708003998		 Val Loss: 0.3507845878601074
	      Training MAE Angle: 0.4933534562587738		 Val MAE Angle: 0.5080418109893798
              Training MSE Angle: 0.30061808228492737		 Val MSE Angle: 0.3157383918762207
	      Training MAE Shift: 0.04006708040833473		 Val MAE Shift: 0.04254498779773712
              Training Euclidean Shift: 0.06289232522249222	 Val Euclidean Shift: 0.06785849928855896


Epoch 11/200: Training Loss: 0.3465177118778229		 Val Loss: 0.349163556098938
	      Training MAE Angle: 0.5087071657180786		 Val MAE Angle: 0.5121342658996582
              Training MSE Angle: 0.3165043592453003		 Val MSE Angle: 0.3221418857574463
	      Training MAE Shift: 0.036488331854343414		 Val MAE Shift: 0.036247465014457705
              Training Euclidean Shift: 0.05747684836387634	 Val Euclidean Shift: 0.057617342472076415


Epoch 12/200: Training Loss: 0.338850200176239		 Val Loss: 0.3320996999740601
	      Training MAE Angle: 0.502583384513855		 Val MAE Angle: 0.49462146759033204
              Training MSE Angle: 0.3079639673233032		 Val MSE Angle: 0.2983316659927368
	      Training MAE Shift: 0.037253279238939285		 Val MAE Shift: 0.038703170418739316
              Training Euclidean Shift: 0.0586211271584034	 Val Euclidean Shift: 0.06119842529296875


Epoch 13/200: Training Loss: 0.324665904045105		 Val Loss: 0.3606848239898682
	      Training MAE Angle: 0.49298176169395447		 Val MAE Angle: 0.5144299983978271
              Training MSE Angle: 0.29318514466285706		 Val MSE Angle: 0.3317209959030151
	      Training MAE Shift: 0.036968860775232315		 Val MAE Shift: 0.03967501521110535
              Training Euclidean Shift: 0.058411527425050735	 Val Euclidean Shift: 0.06220716834068298


Epoch 14/200: Training Loss: 0.33045729994773865		 Val Loss: 0.3054691553115845
	      Training MAE Angle: 0.49304983019828796		 Val MAE Angle: 0.4723109245300293
              Training MSE Angle: 0.2973741292953491		 Val MSE Angle: 0.27427358627319337
	      Training MAE Shift: 0.03717946633696556		 Val MAE Shift: 0.04217056035995483
              Training Euclidean Shift: 0.05862746760249138	 Val Euclidean Shift: 0.06628599762916565


Epoch 15/200: Training Loss: 0.3186454474925995		 Val Loss: 0.32421021461486815
	      Training MAE Angle: 0.4867974817752838		 Val MAE Angle: 0.4921104431152344
              Training MSE Angle: 0.28908437490463257		 Val MSE Angle: 0.300351619720459
	      Training MAE Shift: 0.035939741879701614		 Val MAE Shift: 0.03442499041557312
              Training Euclidean Shift: 0.056359950453042984	 Val Euclidean Shift: 0.053936046361923215


Epoch 16/200: Training Loss: 0.3112703561782837		 Val Loss: 0.312652063369751
	      Training MAE Angle: 0.48383697867393494		 Val MAE Angle: 0.490032434463501
              Training MSE Angle: 0.28321099281311035		 Val MSE Angle: 0.2819538116455078
	      Training MAE Shift: 0.03542957082390785		 Val MAE Shift: 0.037614470720291136
              Training Euclidean Shift: 0.05583910271525383	 Val Euclidean Shift: 0.05888282060623169


Epoch 17/200: Training Loss: 0.3135609030723572		 Val Loss: 0.30439119338989257
	      Training MAE Angle: 0.48999741673469543		 Val MAE Angle: 0.48541889190673826
              Training MSE Angle: 0.2907491624355316		 Val MSE Angle: 0.28561224937438967
	      Training MAE Shift: 0.033967722207307816		 Val MAE Shift: 0.03216912150382996
              Training Euclidean Shift: 0.053169410675764084	 Val Euclidean Shift: 0.05044811964035034


Epoch 18/200: Training Loss: 0.3130060136318207		 Val Loss: 0.3164745092391968
	      Training MAE Angle: 0.49057528376579285		 Val MAE Angle: 0.5016244411468506
              Training MSE Angle: 0.2888627350330353		 Val MSE Angle: 0.2948288917541504
	      Training MAE Shift: 0.033703770488500595		 Val MAE Shift: 0.03293311297893524
              Training Euclidean Shift: 0.05289854481816292	 Val Euclidean Shift: 0.051831573247909546


Epoch 19/200: Training Loss: 0.3080406188964844		 Val Loss: 0.317841100692749
	      Training MAE Angle: 0.4824804663658142		 Val MAE Angle: 0.4827554225921631
              Training MSE Angle: 0.2808072566986084		 Val MSE Angle: 0.2888225793838501
	      Training MAE Shift: 0.03471405431628227		 Val MAE Shift: 0.034451812505722046
              Training Euclidean Shift: 0.05497119203209877	 Val Euclidean Shift: 0.054694604873657224


Epoch 20/200: Training Loss: 0.3040145933628082		 Val Loss: 0.2839791297912598
	      Training MAE Angle: 0.47867077589035034		 Val MAE Angle: 0.4503471374511719
              Training MSE Angle: 0.2807691991329193		 Val MSE Angle: 0.2534541368484497
	      Training MAE Shift: 0.03222602978348732		 Val MAE Shift: 0.035331088304519656
              Training Euclidean Shift: 0.050729867070913315	 Val Euclidean Shift: 0.05552574396133423


Epoch 21/200: Training Loss: 0.3243068754673004		 Val Loss: 0.3194046258926392
	      Training MAE Angle: 0.4768698811531067		 Val MAE Angle: 0.4906464576721191
              Training MSE Angle: 0.28010863065719604		 Val MSE Angle: 0.2792254209518433
	      Training MAE Shift: 0.04506319761276245		 Val MAE Shift: 0.04769476056098938
              Training Euclidean Shift: 0.07047205418348312	 Val Euclidean Shift: 0.07440794706344604


Epoch 22/200: Training Loss: 0.3122199773788452		 Val Loss: 0.27020654678344724
	      Training MAE Angle: 0.47078144550323486		 Val MAE Angle: 0.4383708000183105
              Training MSE Angle: 0.27520594000816345		 Val MSE Angle: 0.24790000915527344
	      Training MAE Shift: 0.041774850338697433		 Val MAE Shift: 0.03147430717945099
              Training Euclidean Shift: 0.0657549574971199	 Val Euclidean Shift: 0.04951215386390686


Epoch 23/200: Training Loss: 0.2996472716331482		 Val Loss: 0.2935264348983765
	      Training MAE Angle: 0.4699862003326416		 Val MAE Angle: 0.457960844039917
              Training MSE Angle: 0.2700882852077484		 Val MSE Angle: 0.25774173736572265
	      Training MAE Shift: 0.036245133727788925		 Val MAE Shift: 0.043344318866729736
              Training Euclidean Shift: 0.05682847276329994	 Val Euclidean Shift: 0.06745296716690063


Epoch 24/200: Training Loss: 0.3065919280052185		 Val Loss: 0.3044850826263428
	      Training MAE Angle: 0.4719270169734955		 Val MAE Angle: 0.474969482421875
              Training MSE Angle: 0.28022369742393494		 Val MSE Angle: 0.2781867504119873
	      Training MAE Shift: 0.03648504614830017		 Val MAE Shift: 0.033017325401306155
              Training Euclidean Shift: 0.05751730501651764	 Val Euclidean Shift: 0.05228370428085327


Epoch 25/200: Training Loss: 0.2953034043312073		 Val Loss: 0.29065957069396975
	      Training MAE Angle: 0.474890798330307		 Val MAE Angle: 0.46614413261413573
              Training MSE Angle: 0.2720663249492645		 Val MSE Angle: 0.26722354888916017
	      Training MAE Shift: 0.03217407688498497		 Val MAE Shift: 0.031973880529403684
              Training Euclidean Shift: 0.05057087913155556	 Val Euclidean Shift: 0.05060577392578125


Epoch 26/200: Training Loss: 0.29448333382606506		 Val Loss: 0.31504881381988525
	      Training MAE Angle: 0.46640896797180176		 Val MAE Angle: 0.48047800064086915
              Training MSE Angle: 0.26828768849372864		 Val MSE Angle: 0.2731934547424316
	      Training MAE Shift: 0.034119971096515656		 Val MAE Shift: 0.044846200942993165
              Training Euclidean Shift: 0.05382112041115761	 Val Euclidean Shift: 0.07007722854614258


Epoch 27/200: Training Loss: 0.2999492883682251		 Val Loss: 0.2923407793045044
	      Training MAE Angle: 0.47699835896492004		 Val MAE Angle: 0.48089942932128904
              Training MSE Angle: 0.27548420429229736		 Val MSE Angle: 0.26951701641082765
	      Training MAE Shift: 0.03380903974175453		 Val MAE Shift: 0.031369149684906006
              Training Euclidean Shift: 0.05295383557677269	 Val Euclidean Shift: 0.049201399087905884


Epoch 28/200: Training Loss: 0.2839776277542114		 Val Loss: 0.2856306552886963
	      Training MAE Angle: 0.4604473412036896		 Val MAE Angle: 0.46050233840942384
              Training MSE Angle: 0.2630121409893036		 Val MSE Angle: 0.2620085716247559
	      Training MAE Shift: 0.031076310202479362		 Val MAE Shift: 0.03461128175258636
              Training Euclidean Shift: 0.048793915659189224	 Val Euclidean Shift: 0.05376368761062622


Epoch 29/200: Training Loss: 0.2792353630065918		 Val Loss: 0.2917160987854004
	      Training MAE Angle: 0.4548981189727783		 Val MAE Angle: 0.47316317558288573
              Training MSE Angle: 0.2601481080055237		 Val MSE Angle: 0.26630985736846924
	      Training MAE Shift: 0.030067741870880127		 Val MAE Shift: 0.03472109436988831
              Training Euclidean Shift: 0.04733741655945778	 Val Euclidean Shift: 0.05405304431915283


Epoch 30/200: Training Loss: 0.2887721061706543		 Val Loss: 0.27069013118743895
	      Training MAE Angle: 0.46560153365135193		 Val MAE Angle: 0.4266932964324951
              Training MSE Angle: 0.2646685242652893		 Val MSE Angle: 0.2447901487350464
	      Training MAE Shift: 0.03227507323026657		 Val MAE Shift: 0.032711178064346313
              Training Euclidean Shift: 0.05092588812112808	 Val Euclidean Shift: 0.0517891526222229


Epoch 31/200: Training Loss: 0.2960823178291321		 Val Loss: 0.2821825981140137
	      Training MAE Angle: 0.460949182510376		 Val MAE Angle: 0.45555891990661623
              Training MSE Angle: 0.26660820841789246		 Val MSE Angle: 0.2571969270706177
	      Training MAE Shift: 0.0351007916033268		 Val MAE Shift: 0.03547919392585754
              Training Euclidean Shift: 0.055267058312892914	 Val Euclidean Shift: 0.056186634302139285


Epoch 32/200: Training Loss: 0.29525119066238403		 Val Loss: 0.2884855270385742
	      Training MAE Angle: 0.4668674170970917		 Val MAE Angle: 0.447092342376709
              Training MSE Angle: 0.2676924467086792		 Val MSE Angle: 0.2626958847045898
	      Training MAE Shift: 0.03553517535328865		 Val MAE Shift: 0.031030622124671937
              Training Euclidean Shift: 0.05591525509953499	 Val Euclidean Shift: 0.049093782901763916


Epoch 33/200: Training Loss: 0.27326950430870056		 Val Loss: 0.2845526456832886
	      Training MAE Angle: 0.44048792123794556		 Val MAE Angle: 0.43155860900878906
              Training MSE Angle: 0.2490016520023346		 Val MSE Angle: 0.24859328269958497
	      Training MAE Shift: 0.03258397802710533		 Val MAE Shift: 0.04721779525279999
              Training Euclidean Shift: 0.0513286329805851	 Val Euclidean Shift: 0.07292028069496155


Epoch 34/200: Training Loss: 0.28364381194114685		 Val Loss: 0.27189974784851073
	      Training MAE Angle: 0.4506891965866089		 Val MAE Angle: 0.43818140029907227
              Training MSE Angle: 0.2566698491573334		 Val MSE Angle: 0.2517570734024048
	      Training MAE Shift: 0.03564195707440376		 Val MAE Shift: 0.03195174336433411
              Training Euclidean Shift: 0.055827755481004715	 Val Euclidean Shift: 0.0500542163848877


Epoch 35/200: Training Loss: 0.28893905878067017		 Val Loss: 0.2839898824691772
	      Training MAE Angle: 0.46123790740966797		 Val MAE Angle: 0.4424568176269531
              Training MSE Angle: 0.26434412598609924		 Val MSE Angle: 0.25255551338195803
	      Training MAE Shift: 0.032273776829242706		 Val MAE Shift: 0.0394502192735672
              Training Euclidean Shift: 0.05093324929475784	 Val Euclidean Shift: 0.06146937608718872


Epoch 36/200: Training Loss: 0.27754250168800354		 Val Loss: 0.2885258913040161
	      Training MAE Angle: 0.43353861570358276		 Val MAE Angle: 0.4464026927947998
              Training MSE Angle: 0.2472502440214157		 Val MSE Angle: 0.2524181604385376
	      Training MAE Shift: 0.036348745226860046		 Val MAE Shift: 0.04302138388156891
              Training Euclidean Shift: 0.057217564433813095	 Val Euclidean Shift: 0.06756851077079773


Epoch 37/200: Training Loss: 0.2581249475479126		 Val Loss: 0.25521044731140136
	      Training MAE Angle: 0.4190266728401184		 Val MAE Angle: 0.404298210144043
              Training MSE Angle: 0.2316826432943344		 Val MSE Angle: 0.22782957553863525
	      Training MAE Shift: 0.03564475476741791		 Val MAE Shift: 0.04000263512134552
              Training Euclidean Shift: 0.05580345168709755	 Val Euclidean Shift: 0.06301026940345764


Epoch 38/200: Training Loss: 0.268597275018692		 Val Loss: 0.2259434223175049
	      Training MAE Angle: 0.4292850196361542		 Val MAE Angle: 0.37535319328308103
              Training MSE Angle: 0.24578098952770233		 Val MSE Angle: 0.2050413131713867
	      Training MAE Shift: 0.03185700252652168		 Val MAE Shift: 0.034208875894546506
              Training Euclidean Shift: 0.04995853453874588	 Val Euclidean Shift: 0.053909522294998166


Epoch 39/200: Training Loss: 0.26865318417549133		 Val Loss: 0.2619049310684204
	      Training MAE Angle: 0.42786478996276855		 Val MAE Angle: 0.40747294425964353
              Training MSE Angle: 0.24152693152427673		 Val MSE Angle: 0.23016846179962158
	      Training MAE Shift: 0.03554756939411163		 Val MAE Shift: 0.03675170838832855
              Training Euclidean Shift: 0.055536456406116486	 Val Euclidean Shift: 0.059121906757354736


Epoch 40/200: Training Loss: 0.25990667939186096		 Val Loss: 0.2700138330459595
	      Training MAE Angle: 0.4071013331413269		 Val MAE Angle: 0.38823986053466797
              Training MSE Angle: 0.23462960124015808		 Val MSE Angle: 0.22653353214263916
	      Training MAE Shift: 0.03424082696437836		 Val MAE Shift: 0.04373374283313751
              Training Euclidean Shift: 0.0539272166788578	 Val Euclidean Shift: 0.06862214803695679


Epoch 41/200: Training Loss: 0.27592793107032776		 Val Loss: 0.25229129791259763
	      Training MAE Angle: 0.4271624684333801		 Val MAE Angle: 0.3935214996337891
              Training MSE Angle: 0.24712970852851868		 Val MSE Angle: 0.22555794715881347
	      Training MAE Shift: 0.038255322724580765		 Val MAE Shift: 0.033767348527908324
              Training Euclidean Shift: 0.060027383267879486	 Val Euclidean Shift: 0.0534080445766449


Epoch 42/200: Training Loss: 0.2510521411895752		 Val Loss: 0.22488651275634766
	      Training MAE Angle: 0.399358868598938		 Val MAE Angle: 0.3627558469772339
              Training MSE Angle: 0.2225951850414276		 Val MSE Angle: 0.1993868112564087
	      Training MAE Shift: 0.03625359386205673		 Val MAE Shift: 0.03476516008377075
              Training Euclidean Shift: 0.056857090443372726	 Val Euclidean Shift: 0.05548180341720581


Epoch 43/200: Training Loss: 0.23571495711803436		 Val Loss: 0.2296996831893921
	      Training MAE Angle: 0.3862295150756836		 Val MAE Angle: 0.3729859828948975
              Training MSE Angle: 0.21419700980186462		 Val MSE Angle: 0.2140934705734253
	      Training MAE Shift: 0.031289540231227875		 Val MAE Shift: 0.02954235076904297
              Training Euclidean Shift: 0.04933369159698486	 Val Euclidean Shift: 0.04653058648109436


Epoch 44/200: Training Loss: 0.24618539214134216		 Val Loss: 0.22060158252716064
	      Training MAE Angle: 0.3886817991733551		 Val MAE Angle: 0.3656966209411621
              Training MSE Angle: 0.22288872301578522		 Val MSE Angle: 0.20435714721679688
	      Training MAE Shift: 0.03218572959303856		 Val MAE Shift: 0.03024201691150665
              Training Euclidean Shift: 0.0506131686270237	 Val Euclidean Shift: 0.04763951897621155


Epoch 45/200: Training Loss: 0.2684774398803711		 Val Loss: 0.34850006103515624
	      Training MAE Angle: 0.40431419014930725		 Val MAE Angle: 0.4140020370483398
              Training MSE Angle: 0.23248623311519623		 Val MSE Angle: 0.23593220710754395
	      Training MAE Shift: 0.038209933787584305		 Val MAE Shift: 0.06855995655059814
              Training Euclidean Shift: 0.06030617654323578	 Val Euclidean Shift: 0.10692436695098877


Epoch 46/200: Training Loss: 0.28387802839279175		 Val Loss: 0.25221331119537355
	      Training MAE Angle: 0.3897732198238373		 Val MAE Angle: 0.3623762845993042
              Training MSE Angle: 0.21775749325752258		 Val MSE Angle: 0.21252634525299072
	      Training MAE Shift: 0.054638706147670746		 Val MAE Shift: 0.04329587817192078
              Training Euclidean Shift: 0.0858493223786354	 Val Euclidean Shift: 0.06797288060188293


Epoch 47/200: Training Loss: 0.4934239983558655		 Val Loss: 0.3349698543548584
	      Training MAE Angle: 0.4459144175052643		 Val MAE Angle: 0.4616063117980957
              Training MSE Angle: 0.26313313841819763		 Val MSE Angle: 0.2713897705078125
	      Training MAE Shift: 0.10069681704044342		 Val MAE Shift: 0.058955597877502444
              Training Euclidean Shift: 0.15772132575511932	 Val Euclidean Shift: 0.09218300580978393


Epoch 48/200: Training Loss: 0.31420233845710754		 Val Loss: 0.27101352214813235
	      Training MAE Angle: 0.45887476205825806		 Val MAE Angle: 0.41884665489196776
              Training MSE Angle: 0.2666499614715576		 Val MSE Angle: 0.2384619951248169
	      Training MAE Shift: 0.04786667972803116		 Val MAE Shift: 0.04159090518951416
              Training Euclidean Shift: 0.07548944652080536	 Val Euclidean Shift: 0.06573881506919861


Epoch 49/200: Training Loss: 0.43885552883148193		 Val Loss: 0.3475672483444214
	      Training MAE Angle: 0.45277804136276245		 Val MAE Angle: 0.4273733615875244
              Training MSE Angle: 0.2692934274673462		 Val MSE Angle: 0.24613490104675292
	      Training MAE Shift: 0.08773836493492126		 Val MAE Shift: 0.07145314812660217
              Training Euclidean Shift: 0.13695891201496124	 Val Euclidean Shift: 0.11251388788223267


Epoch 50/200: Training Loss: 0.3404295742511749		 Val Loss: 0.27546350955963134
	      Training MAE Angle: 0.4598199725151062		 Val MAE Angle: 0.4174337863922119
              Training MSE Angle: 0.2715165317058563		 Val MSE Angle: 0.2318488359451294
	      Training MAE Shift: 0.0571160763502121		 Val MAE Shift: 0.04972752332687378
              Training Euclidean Shift: 0.08962339162826538	 Val Euclidean Shift: 0.07772473096847535


Epoch 51/200: Training Loss: 0.28235751390457153		 Val Loss: 0.2397836923599243
	      Training MAE Angle: 0.42807069420814514		 Val MAE Angle: 0.36973142623901367
              Training MSE Angle: 0.24326179921627045		 Val MSE Angle: 0.20559306144714357
	      Training MAE Shift: 0.042655400931835175		 Val MAE Shift: 0.04294785261154175
              Training Euclidean Shift: 0.06696765124797821	 Val Euclidean Shift: 0.06757552623748779


Epoch 52/200: Training Loss: 0.26708585023880005		 Val Loss: 0.24743061065673827
	      Training MAE Angle: 0.4108039438724518		 Val MAE Angle: 0.39157178401947024
              Training MSE Angle: 0.2368600219488144		 Val MSE Angle: 0.2199496030807495
	      Training MAE Shift: 0.03640170767903328		 Val MAE Shift: 0.034058097004890445
              Training Euclidean Shift: 0.05730266124010086	 Val Euclidean Shift: 0.05404539108276367


Epoch 53/200: Training Loss: 0.2535048723220825		 Val Loss: 0.326025390625
	      Training MAE Angle: 0.387898325920105		 Val MAE Angle: 0.3910649299621582
              Training MSE Angle: 0.21973110735416412		 Val MSE Angle: 0.22668569087982177
	      Training MAE Shift: 0.04026545584201813		 Val MAE Shift: 0.07554452419281006
              Training Euclidean Shift: 0.06282830238342285	 Val Euclidean Shift: 0.12008805274963379


Epoch 54/200: Training Loss: 0.2606208026409149		 Val Loss: 0.23622276782989501
	      Training MAE Angle: 0.3968847990036011		 Val MAE Angle: 0.3685473442077637
              Training MSE Angle: 0.22376540303230286		 Val MSE Angle: 0.20874290466308593
	      Training MAE Shift: 0.041522279381752014		 Val MAE Shift: 0.033495005965232846
              Training Euclidean Shift: 0.06534011662006378	 Val Euclidean Shift: 0.052670258283615115


Epoch 55/200: Training Loss: 0.24068918824195862		 Val Loss: 0.2067185640335083
	      Training MAE Angle: 0.38296690583229065		 Val MAE Angle: 0.3492006778717041
              Training MSE Angle: 0.21678350865840912		 Val MSE Angle: 0.1885606288909912
	      Training MAE Shift: 0.03324976935982704		 Val MAE Shift: 0.03147256672382355
              Training Euclidean Shift: 0.05234907567501068	 Val Euclidean Shift: 0.04924366176128388


Epoch 56/200: Training Loss: 0.227886363863945		 Val Loss: 0.21712629795074462
	      Training MAE Angle: 0.3695857524871826		 Val MAE Angle: 0.34594011306762695
              Training MSE Angle: 0.20360100269317627		 Val MSE Angle: 0.19535632133483888
	      Training MAE Shift: 0.032231058925390244		 Val MAE Shift: 0.0328877180814743
              Training Euclidean Shift: 0.05083895102143288	 Val Euclidean Shift: 0.05197204947471619


Epoch 57/200: Training Loss: 0.22715212404727936		 Val Loss: 0.1767909288406372
	      Training MAE Angle: 0.37342050671577454		 Val MAE Angle: 0.32090249061584475
              Training MSE Angle: 0.20856717228889465		 Val MSE Angle: 0.16213715076446533
	      Training MAE Shift: 0.028399914503097534		 Val MAE Shift: 0.027364197373390197
              Training Euclidean Shift: 0.04467922821640968	 Val Euclidean Shift: 0.043646296858787535


Epoch 58/200: Training Loss: 0.23058871924877167		 Val Loss: 0.2313598871231079
	      Training MAE Angle: 0.37066078186035156		 Val MAE Angle: 0.3739888668060303
              Training MSE Angle: 0.2093794047832489		 Val MSE Angle: 0.21265759468078613
	      Training MAE Shift: 0.0303740743547678		 Val MAE Shift: 0.031814444065094
              Training Euclidean Shift: 0.047761477530002594	 Val Euclidean Shift: 0.05006339550018311


Epoch 59/200: Training Loss: 0.2280682474374771		 Val Loss: 0.2762985467910767
	      Training MAE Angle: 0.365203320980072		 Val MAE Angle: 0.38834025859832766
              Training MSE Angle: 0.20211009681224823		 Val MSE Angle: 0.21319198608398438
	      Training MAE Shift: 0.03433544561266899		 Val MAE Shift: 0.04484125375747681
              Training Euclidean Shift: 0.05415993556380272	 Val Euclidean Shift: 0.07033127546310425


Epoch 60/200: Training Loss: 0.2850550711154938		 Val Loss: 0.2869762182235718
	      Training MAE Angle: 0.3952997922897339		 Val MAE Angle: 0.3709070920944214
              Training MSE Angle: 0.2269265353679657		 Val MSE Angle: 0.22383322715759277
	      Training MAE Shift: 0.05051029101014137		 Val MAE Shift: 0.05955686569213867
              Training Euclidean Shift: 0.07973835617303848	 Val Euclidean Shift: 0.09311360716819764


Epoch 61/200: Training Loss: 0.2388654500246048		 Val Loss: 0.2442406415939331
	      Training MAE Angle: 0.36669787764549255		 Val MAE Angle: 0.35671613216400144
              Training MSE Angle: 0.20655004680156708		 Val MSE Angle: 0.2126230239868164
	      Training MAE Shift: 0.04045012965798378		 Val MAE Shift: 0.042782926559448244
              Training Euclidean Shift: 0.0634554997086525	 Val Euclidean Shift: 0.06614209413528442


Epoch 62/200: Training Loss: 0.23357723653316498		 Val Loss: 0.223372220993042
	      Training MAE Angle: 0.369268536567688		 Val MAE Angle: 0.3640563488006592
              Training MSE Angle: 0.21220454573631287		 Val MSE Angle: 0.19923956394195558
	      Training MAE Shift: 0.032933566719293594		 Val MAE Shift: 0.031246045231819154
              Training Euclidean Shift: 0.0516047477722168	 Val Euclidean Shift: 0.04909818470478058


Epoch 63/200: Training Loss: 0.2183164358139038		 Val Loss: 0.1912747859954834
	      Training MAE Angle: 0.3607703149318695		 Val MAE Angle: 0.3334255933761597
              Training MSE Angle: 0.19752053916454315		 Val MSE Angle: 0.17267881631851195
	      Training MAE Shift: 0.030632931739091873		 Val MAE Shift: 0.0315841406583786
              Training Euclidean Shift: 0.04845357686281204	 Val Euclidean Shift: 0.04960573017597199


Epoch 64/200: Training Loss: 0.2052077054977417		 Val Loss: 0.23300106525421144
	      Training MAE Angle: 0.34871429204940796		 Val MAE Angle: 0.3616481781005859
              Training MSE Angle: 0.18917030096054077		 Val MSE Angle: 0.20872666835784912
	      Training MAE Shift: 0.028048483654856682		 Val MAE Shift: 0.02982165515422821
              Training Euclidean Shift: 0.04400699585676193	 Val Euclidean Shift: 0.047248974442481995


Epoch 65/200: Training Loss: 0.22662465274333954		 Val Loss: 0.2231731414794922
	      Training MAE Angle: 0.35667791962623596		 Val MAE Angle: 0.32954721450805663
              Training MSE Angle: 0.19609728455543518		 Val MSE Angle: 0.16845304965972902
	      Training MAE Shift: 0.03419528156518936		 Val MAE Shift: 0.046668174862861636
              Training Euclidean Shift: 0.053898900747299194	 Val Euclidean Shift: 0.07237921357154846


Epoch 66/200: Training Loss: 0.22294287383556366		 Val Loss: 0.22687916755676268
	      Training MAE Angle: 0.360629141330719		 Val MAE Angle: 0.35377547740936277
              Training MSE Angle: 0.1973237842321396		 Val MSE Angle: 0.20086295604705812
	      Training MAE Shift: 0.0342223234474659		 Val MAE Shift: 0.033041343092918396
              Training Euclidean Shift: 0.05397753790020943	 Val Euclidean Shift: 0.05154505372047424


Epoch 67/200: Training Loss: 0.21676239371299744		 Val Loss: 0.2351161479949951
	      Training MAE Angle: 0.3606818914413452		 Val MAE Angle: 0.36995759010314944
              Training MSE Angle: 0.2001487910747528		 Val MSE Angle: 0.2179624319076538
	      Training MAE Shift: 0.02824140340089798		 Val MAE Shift: 0.027845710515975952
              Training Euclidean Shift: 0.04447155445814133	 Val Euclidean Shift: 0.04405211210250855


Epoch 68/200: Training Loss: 0.20784644782543182		 Val Loss: 0.1985447645187378
	      Training MAE Angle: 0.3532240390777588		 Val MAE Angle: 0.33321850299835204
              Training MSE Angle: 0.19300071895122528		 Val MSE Angle: 0.17865618467330932
	      Training MAE Shift: 0.027186237275600433		 Val MAE Shift: 0.028717830777168274
              Training Euclidean Shift: 0.042729057371616364	 Val Euclidean Shift: 0.045345228910446164


Epoch 69/200: Training Loss: 0.2189110368490219		 Val Loss: 0.20476953983306884
	      Training MAE Angle: 0.3586636781692505		 Val MAE Angle: 0.3252281188964844
              Training MSE Angle: 0.200372576713562		 Val MSE Angle: 0.18415467739105223
	      Training MAE Shift: 0.027454538270831108		 Val MAE Shift: 0.028427672386169434
              Training Euclidean Shift: 0.04314592853188515	 Val Euclidean Shift: 0.04548132717609406


Epoch 70/200: Training Loss: 0.22070208191871643		 Val Loss: 0.2330843210220337
	      Training MAE Angle: 0.36408349871635437		 Val MAE Angle: 0.3715514659881592
              Training MSE Angle: 0.2037280797958374		 Val MSE Angle: 0.2120044469833374
	      Training MAE Shift: 0.028006719425320625		 Val MAE Shift: 0.03204528987407684
              Training Euclidean Shift: 0.04431851953268051	 Val Euclidean Shift: 0.050215280055999754


Epoch 71/200: Training Loss: 0.201759472489357		 Val Loss: 0.2084291934967041
	      Training MAE Angle: 0.33951687812805176		 Val MAE Angle: 0.34699771404266355
              Training MSE Angle: 0.1845703423023224		 Val MSE Angle: 0.1915958881378174
	      Training MAE Shift: 0.027291592210531235		 Val MAE Shift: 0.028748735785484314
              Training Euclidean Shift: 0.04324868693947792	 Val Euclidean Shift: 0.04561932682991028


Epoch 72/200: Training Loss: 0.20948722958564758		 Val Loss: 0.19371452331542968
	      Training MAE Angle: 0.34702277183532715		 Val MAE Angle: 0.3296764135360718
              Training MSE Angle: 0.18881940841674805		 Val MSE Angle: 0.1745423913002014
	      Training MAE Shift: 0.03038215823471546		 Val MAE Shift: 0.031057289242744444
              Training Euclidean Shift: 0.04792153835296631	 Val Euclidean Shift: 0.04846158921718598


Epoch 73/200: Training Loss: 0.20038260519504547		 Val Loss: 0.20830941200256348
	      Training MAE Angle: 0.3387872278690338		 Val MAE Angle: 0.3343289852142334
              Training MSE Angle: 0.18128395080566406		 Val MSE Angle: 0.19616096019744872
	      Training MAE Shift: 0.028859542682766914		 Val MAE Shift: 0.02620764672756195
              Training Euclidean Shift: 0.045632440596818924	 Val Euclidean Shift: 0.04117485284805298


Epoch 74/200: Training Loss: 0.1969323307275772		 Val Loss: 0.19441953897476197
	      Training MAE Angle: 0.33474308252334595		 Val MAE Angle: 0.3330791473388672
              Training MSE Angle: 0.18216434121131897		 Val MSE Angle: 0.17239139080047608
	      Training MAE Shift: 0.02562130242586136		 Val MAE Shift: 0.027330219745635986
              Training Euclidean Shift: 0.04036303237080574	 Val Euclidean Shift: 0.043110582232475284


Epoch 75/200: Training Loss: 0.2042866051197052		 Val Loss: 0.18741912841796876
	      Training MAE Angle: 0.3453872501850128		 Val MAE Angle: 0.31182568073272704
              Training MSE Angle: 0.18786555528640747		 Val MSE Angle: 0.17108259201049805
	      Training MAE Shift: 0.026768676936626434		 Val MAE Shift: 0.029234811663627625
              Training Euclidean Shift: 0.04209763556718826	 Val Euclidean Shift: 0.04595819413661957


Epoch 76/200: Training Loss: 0.20024652779102325		 Val Loss: 0.20677561759948732
	      Training MAE Angle: 0.33587074279785156		 Val MAE Angle: 0.334796142578125
              Training MSE Angle: 0.18274223804473877		 Val MSE Angle: 0.18346912860870362
	      Training MAE Shift: 0.028196366503834724		 Val MAE Shift: 0.03257553577423096
              Training Euclidean Shift: 0.044422753155231476	 Val Euclidean Shift: 0.05131243467330933


Epoch 77/200: Training Loss: 0.191391721367836		 Val Loss: 0.18652979135513306
	      Training MAE Angle: 0.3309042453765869		 Val MAE Angle: 0.3193613767623901
              Training MSE Angle: 0.17615383863449097		 Val MSE Angle: 0.16651268005371095
	      Training MAE Shift: 0.026279129087924957		 Val MAE Shift: 0.028328537940979004
              Training Euclidean Shift: 0.041414353996515274	 Val Euclidean Shift: 0.044912314414978026


Epoch 78/200: Training Loss: 0.19023577868938446		 Val Loss: 0.20895605087280272
	      Training MAE Angle: 0.3294236958026886		 Val MAE Angle: 0.33783974647521975
              Training MSE Angle: 0.17731492221355438		 Val MSE Angle: 0.19505836963653564
	      Training MAE Shift: 0.02486426569521427		 Val MAE Shift: 0.02624201476573944
              Training Euclidean Shift: 0.03906162083148956	 Val Euclidean Shift: 0.04076627492904663


Epoch 79/200: Training Loss: 0.2082824409008026		 Val Loss: 0.21203277111053467
	      Training MAE Angle: 0.340629905462265		 Val MAE Angle: 0.3223552227020264
              Training MSE Angle: 0.19077181816101074		 Val MSE Angle: 0.19133124351501465
	      Training MAE Shift: 0.028543274849653244		 Val MAE Shift: 0.028854179382324218
              Training Euclidean Shift: 0.045079778879880905	 Val Euclidean Shift: 0.04613944888114929


Epoch 80/200: Training Loss: 0.19732940196990967		 Val Loss: 0.18666138648986816
	      Training MAE Angle: 0.33090725541114807		 Val MAE Angle: 0.3189247608184814
              Training MSE Angle: 0.17925412952899933		 Val MSE Angle: 0.16373963356018068
	      Training MAE Shift: 0.02752608247101307		 Val MAE Shift: 0.027685546875
              Training Euclidean Shift: 0.04351272061467171	 Val Euclidean Shift: 0.04391228556632996


Epoch 81/200: Training Loss: 0.20432090759277344		 Val Loss: 0.17850065231323242
	      Training MAE Angle: 0.34446898102760315		 Val MAE Angle: 0.31984126567840576
              Training MSE Angle: 0.18743854761123657		 Val MSE Angle: 0.16364303827285767
	      Training MAE Shift: 0.027852222323417664		 Val MAE Shift: 0.025485050678253175
              Training Euclidean Shift: 0.04372817277908325	 Val Euclidean Shift: 0.040094023942947386


Epoch 82/200: Training Loss: 0.19179722666740417		 Val Loss: 0.17753238677978517
	      Training MAE Angle: 0.33139416575431824		 Val MAE Angle: 0.30883030891418456
              Training MSE Angle: 0.17726737260818481		 Val MSE Angle: 0.1585099220275879
	      Training MAE Shift: 0.02594688907265663		 Val MAE Shift: 0.026143285632133483
              Training Euclidean Shift: 0.04074401035904884	 Val Euclidean Shift: 0.04094324707984924


Epoch 83/200: Training Loss: 0.18247994780540466		 Val Loss: 0.18621588945388795
	      Training MAE Angle: 0.31721168756484985		 Val MAE Angle: 0.3121703386306763
              Training MSE Angle: 0.1664288192987442		 Val MSE Angle: 0.17075505256652831
	      Training MAE Shift: 0.026045702397823334		 Val MAE Shift: 0.027572119235992433
              Training Euclidean Shift: 0.041212666779756546	 Val Euclidean Shift: 0.04314561486244202


Epoch 84/200: Training Loss: 0.1862940490245819		 Val Loss: 0.17938549518585206
	      Training MAE Angle: 0.3203169107437134		 Val MAE Angle: 0.3097832202911377
              Training MSE Angle: 0.16959835588932037		 Val MSE Angle: 0.16075875759124755
	      Training MAE Shift: 0.027746642008423805		 Val MAE Shift: 0.028801032900810243
              Training Euclidean Shift: 0.043651316314935684	 Val Euclidean Shift: 0.0450288712978363


Epoch 85/200: Training Loss: 0.1978963017463684		 Val Loss: 0.20232787132263183
	      Training MAE Angle: 0.33471134305000305		 Val MAE Angle: 0.34040236473083496
              Training MSE Angle: 0.18183504045009613		 Val MSE Angle: 0.1906249165534973
	      Training MAE Shift: 0.027341727167367935		 Val MAE Shift: 0.024836081266403198
              Training Euclidean Shift: 0.04315618425607681	 Val Euclidean Shift: 0.03917587399482727


Epoch 86/200: Training Loss: 0.2650398910045624		 Val Loss: 0.2499150514602661
	      Training MAE Angle: 0.3577340245246887		 Val MAE Angle: 0.35779011249542236
              Training MSE Angle: 0.19992274045944214		 Val MSE Angle: 0.21324796676635743
	      Training MAE Shift: 0.05156343802809715		 Val MAE Shift: 0.044333642721176146
              Training Euclidean Shift: 0.08122309297323227	 Val Euclidean Shift: 0.07005928754806519


Epoch 87/200: Training Loss: 0.23066557943820953		 Val Loss: 0.2000838041305542
	      Training MAE Angle: 0.3546854853630066		 Val MAE Angle: 0.3234249114990234
              Training MSE Angle: 0.1960999071598053		 Val MSE Angle: 0.17321696281433105
	      Training MAE Shift: 0.04024999216198921		 Val MAE Shift: 0.03693414628505707
              Training Euclidean Shift: 0.06309684365987778	 Val Euclidean Shift: 0.05804516673088074


Epoch 88/200: Training Loss: 0.2075997292995453		 Val Loss: 0.21096246242523192
	      Training MAE Angle: 0.33283910155296326		 Val MAE Angle: 0.3291116237640381
              Training MSE Angle: 0.1805516481399536		 Val MSE Angle: 0.17797656059265138
	      Training MAE Shift: 0.034854236990213394		 Val MAE Shift: 0.04286487698554993
              Training Euclidean Shift: 0.05488044396042824	 Val Euclidean Shift: 0.0672402024269104


Epoch 89/200: Training Loss: 0.19373458623886108		 Val Loss: 0.20946135520935058
	      Training MAE Angle: 0.3220350742340088		 Val MAE Angle: 0.31576406955718994
              Training MSE Angle: 0.17053332924842834		 Val MSE Angle: 0.18658255338668822
	      Training MAE Shift: 0.03235647827386856		 Val MAE Shift: 0.032719409465789794
              Training Euclidean Shift: 0.05080347880721092	 Val Euclidean Shift: 0.05129716396331787


Epoch 90/200: Training Loss: 0.19666025042533875		 Val Loss: 0.18965903520584107
	      Training MAE Angle: 0.324098140001297		 Val MAE Angle: 0.3091153621673584
              Training MSE Angle: 0.17367330193519592		 Val MSE Angle: 0.16816558837890624
	      Training MAE Shift: 0.031297583132982254		 Val MAE Shift: 0.031983986496925354
              Training Euclidean Shift: 0.04913376644253731	 Val Euclidean Shift: 0.05029021501541138


Epoch 91/200: Training Loss: 0.1924593299627304		 Val Loss: 0.18936229944229127
	      Training MAE Angle: 0.32271260023117065		 Val MAE Angle: 0.2903874158859253
              Training MSE Angle: 0.17234088480472565		 Val MSE Angle: 0.14196102619171141
	      Training MAE Shift: 0.0300345066934824		 Val MAE Shift: 0.034053438901901247
              Training Euclidean Shift: 0.04742776229977608	 Val Euclidean Shift: 0.05284073352813721


Epoch 92/200: Training Loss: 0.18620173633098602		 Val Loss: 0.1793747663497925
	      Training MAE Angle: 0.3147692382335663		 Val MAE Angle: 0.30815725326538085
              Training MSE Angle: 0.16874301433563232		 Val MSE Angle: 0.16111249923706056
	      Training MAE Shift: 0.029157860204577446		 Val MAE Shift: 0.02730461061000824
              Training Euclidean Shift: 0.04579208046197891	 Val Euclidean Shift: 0.0435504674911499


Epoch 93/200: Training Loss: 0.18924164772033691		 Val Loss: 0.17610976696014405
	      Training MAE Angle: 0.31163981556892395		 Val MAE Angle: 0.29529807567596433
              Training MSE Angle: 0.16595983505249023		 Val MSE Angle: 0.15282113552093507
	      Training MAE Shift: 0.03255639597773552		 Val MAE Shift: 0.03420924842357635
              Training Euclidean Shift: 0.05125743895769119	 Val Euclidean Shift: 0.05406594276428223


Epoch 94/200: Training Loss: 0.18070964515209198		 Val Loss: 0.18528783321380615
	      Training MAE Angle: 0.30910494923591614		 Val MAE Angle: 0.3090389251708984
              Training MSE Angle: 0.16306327283382416		 Val MSE Angle: 0.16825604438781738
	      Training MAE Shift: 0.027914714068174362		 Val MAE Shift: 0.031422340869903566
              Training Euclidean Shift: 0.04405311867594719	 Val Euclidean Shift: 0.04958285391330719


Epoch 95/200: Training Loss: 0.20550017058849335		 Val Loss: 0.18866816759109498
	      Training MAE Angle: 0.33329764008522034		 Val MAE Angle: 0.2928450107574463
              Training MSE Angle: 0.1817159205675125		 Val MSE Angle: 0.16048989295959473
	      Training MAE Shift: 0.031161537393927574		 Val MAE Shift: 0.03553323447704315
              Training Euclidean Shift: 0.04876229912042618	 Val Euclidean Shift: 0.05553117990493774


Epoch 96/200: Training Loss: 0.19981366395950317		 Val Loss: 0.17555128335952758
	      Training MAE Angle: 0.3207307755947113		 Val MAE Angle: 0.2922485589981079
              Training MSE Angle: 0.17217789590358734		 Val MSE Angle: 0.15462062358856202
	      Training MAE Shift: 0.03368157893419266		 Val MAE Shift: 0.03210643231868744
              Training Euclidean Shift: 0.05327524617314339	 Val Euclidean Shift: 0.05074637532234192


Epoch 97/200: Training Loss: 0.18461591005325317		 Val Loss: 0.217299747467041
	      Training MAE Angle: 0.30454403162002563		 Val MAE Angle: 0.3173225402832031
              Training MSE Angle: 0.16188357770442963		 Val MSE Angle: 0.1756664514541626
	      Training MAE Shift: 0.029825061559677124		 Val MAE Shift: 0.04269297420978546
              Training Euclidean Shift: 0.04683374986052513	 Val Euclidean Shift: 0.06700040102005005


Epoch 98/200: Training Loss: 0.18942594528198242		 Val Loss: 0.21241433620452882
	      Training MAE Angle: 0.31334853172302246		 Val MAE Angle: 0.3273296356201172
              Training MSE Angle: 0.1650198996067047		 Val MSE Angle: 0.19460349082946776
	      Training MAE Shift: 0.03242405131459236		 Val MAE Shift: 0.028357473015785218
              Training Euclidean Shift: 0.05129051208496094	 Val Euclidean Shift: 0.044839903712272644


Epoch 99/200: Training Loss: 0.18805785477161407		 Val Loss: 0.1837227463722229
	      Training MAE Angle: 0.3088792562484741		 Val MAE Angle: 0.31222608089447024
              Training MSE Angle: 0.16606420278549194		 Val MSE Angle: 0.16805349588394164
	      Training MAE Shift: 0.03037748485803604		 Val MAE Shift: 0.026501265168190003
              Training Euclidean Shift: 0.0479116253554821	 Val Euclidean Shift: 0.04149621427059173


Epoch 100/200: Training Loss: 0.17844513058662415		 Val Loss: 0.15331462621688843
	      Training MAE Angle: 0.3107585310935974		 Val MAE Angle: 0.28004271984100343
              Training MSE Angle: 0.16329814493656158		 Val MSE Angle: 0.13535670042037964
	      Training MAE Shift: 0.027532706037163734		 Val MAE Shift: 0.028495436906814574
              Training Euclidean Shift: 0.043470047414302826	 Val Euclidean Shift: 0.045102089643478394


Epoch 101/200: Training Loss: 0.18134640157222748		 Val Loss: 0.19838764667510986
	      Training MAE Angle: 0.3041202127933502		 Val MAE Angle: 0.31894636154174805
              Training MSE Angle: 0.15941256284713745		 Val MSE Angle: 0.1774306058883667
	      Training MAE Shift: 0.030390281230211258		 Val MAE Shift: 0.03303176760673523
              Training Euclidean Shift: 0.047540389001369476	 Val Euclidean Shift: 0.05216208696365356


Epoch 102/200: Training Loss: 0.18206772208213806		 Val Loss: 0.17430216073989868
	      Training MAE Angle: 0.3042294383049011		 Val MAE Angle: 0.2888632297515869
              Training MSE Angle: 0.16059637069702148		 Val MSE Angle: 0.15757815837860106
	      Training MAE Shift: 0.03161365166306496		 Val MAE Shift: 0.03032035231590271
              Training Euclidean Shift: 0.049655940383672714	 Val Euclidean Shift: 0.04717562198638916


Epoch 103/200: Training Loss: 0.18172208964824677		 Val Loss: 0.17711515426635743
	      Training MAE Angle: 0.31202253699302673		 Val MAE Angle: 0.2970134258270264
              Training MSE Angle: 0.16393698751926422		 Val MSE Angle: 0.16551207304000853
	      Training MAE Shift: 0.028477229177951813		 Val MAE Shift: 0.024398602545261383
              Training Euclidean Shift: 0.04503365978598595	 Val Euclidean Shift: 0.038458168506622314


Epoch 104/200: Training Loss: 0.18455442786216736		 Val Loss: 0.18634459972381592
	      Training MAE Angle: 0.3157050907611847		 Val MAE Angle: 0.31004133224487307
              Training MSE Angle: 0.17069754004478455		 Val MSE Angle: 0.1700904607772827
	      Training MAE Shift: 0.02549014426767826		 Val MAE Shift: 0.026616296172142027
              Training Euclidean Shift: 0.040132131427526474	 Val Euclidean Shift: 0.042075029015541075


Epoch 105/200: Training Loss: 0.1644097864627838		 Val Loss: 0.1590248703956604
	      Training MAE Angle: 0.29231274127960205		 Val MAE Angle: 0.2629333257675171
              Training MSE Angle: 0.14987406134605408		 Val MSE Angle: 0.1435765504837036
	      Training MAE Shift: 0.025753822177648544		 Val MAE Shift: 0.024850620329380034
              Training Euclidean Shift: 0.04034912958741188	 Val Euclidean Shift: 0.03937533497810364


Epoch 106/200: Training Loss: 0.19599512219429016		 Val Loss: 0.17948838472366332
	      Training MAE Angle: 0.31954342126846313		 Val MAE Angle: 0.29906306266784666
              Training MSE Angle: 0.17679846286773682		 Val MSE Angle: 0.15588769912719727
	      Training MAE Shift: 0.029823843389749527		 Val MAE Shift: 0.033974087238311766
              Training Euclidean Shift: 0.04689730331301689	 Val Euclidean Shift: 0.053042083978652954


Epoch 107/200: Training Loss: 0.18040303885936737		 Val Loss: 0.34935262203216555
	      Training MAE Angle: 0.30080869793891907		 Val MAE Angle: 0.3135194778442383
              Training MSE Angle: 0.15794414281845093		 Val MSE Angle: 0.17163527011871338
	      Training MAE Shift: 0.03006201982498169		 Val MAE Shift: 0.08202962875366211
              Training Euclidean Shift: 0.047151487320661545	 Val Euclidean Shift: 0.12989635467529298


Epoch 108/200: Training Loss: 0.2018958330154419		 Val Loss: 0.1524403929710388
	      Training MAE Angle: 0.3176279664039612		 Val MAE Angle: 0.26950883865356445
              Training MSE Angle: 0.1705183982849121		 Val MSE Angle: 0.1319897413253784
	      Training MAE Shift: 0.03626054525375366		 Val MAE Shift: 0.031302613019943235
              Training Euclidean Shift: 0.05693807080388069	 Val Euclidean Shift: 0.04983500242233276


Epoch 109/200: Training Loss: 0.17242074012756348		 Val Loss: 0.17665318250656128
	      Training MAE Angle: 0.2961064279079437		 Val MAE Angle: 0.288059663772583
              Training MSE Angle: 0.15538781881332397		 Val MSE Angle: 0.15917208194732665
	      Training MAE Shift: 0.02772524394094944		 Val MAE Shift: 0.025538966059684753
              Training Euclidean Shift: 0.043547991663217545	 Val Euclidean Shift: 0.040703320503234865


Epoch 110/200: Training Loss: 0.16835908591747284		 Val Loss: 0.15891604423522948
	      Training MAE Angle: 0.297730028629303		 Val MAE Angle: 0.2873050689697266
              Training MSE Angle: 0.15434898436069489		 Val MSE Angle: 0.14196205139160156
	      Training MAE Shift: 0.02612239122390747		 Val MAE Shift: 0.027866625785827638
              Training Euclidean Shift: 0.040908996015787125	 Val Euclidean Shift: 0.043767261505126956


Epoch 111/200: Training Loss: 0.17016567289829254		 Val Loss: 0.17500368356704712
	      Training MAE Angle: 0.2930212914943695		 Val MAE Angle: 0.28285670280456543
              Training MSE Angle: 0.15112842619419098		 Val MSE Angle: 0.15419421195983887
	      Training MAE Shift: 0.028661703690886497		 Val MAE Shift: 0.03017970621585846
              Training Euclidean Shift: 0.04506333917379379	 Val Euclidean Shift: 0.047269999980926514


Epoch 112/200: Training Loss: 0.17692570388317108		 Val Loss: 0.15130695104598998
	      Training MAE Angle: 0.300862580537796		 Val MAE Angle: 0.27666735649108887
              Training MSE Angle: 0.15842720866203308		 Val MSE Angle: 0.13415184020996093
	      Training MAE Shift: 0.027977392077445984		 Val MAE Shift: 0.0285160094499588
              Training Euclidean Shift: 0.04395361989736557	 Val Euclidean Shift: 0.044856292009353635


Epoch 113/200: Training Loss: 0.17547309398651123		 Val Loss: 0.17526061534881593
	      Training MAE Angle: 0.3012332618236542		 Val MAE Angle: 0.29635474681854246
              Training MSE Angle: 0.15948598086833954		 Val MSE Angle: 0.15715172290802001
	      Training MAE Shift: 0.027293488383293152		 Val MAE Shift: 0.027292713522911072
              Training Euclidean Shift: 0.04282538592815399	 Val Euclidean Shift: 0.04376411437988281


Epoch 114/200: Training Loss: 0.1756981909275055		 Val Loss: 0.1948575496673584
	      Training MAE Angle: 0.30243635177612305		 Val MAE Angle: 0.320016074180603
              Training MSE Angle: 0.15910737216472626		 Val MSE Angle: 0.17710068225860595
	      Training MAE Shift: 0.02662031352519989		 Val MAE Shift: 0.0275277704000473
              Training Euclidean Shift: 0.04183753579854965	 Val Euclidean Shift: 0.0436116635799408


Epoch 115/200: Training Loss: 0.18660897016525269		 Val Loss: 0.16424281597137452
	      Training MAE Angle: 0.31028932332992554		 Val MAE Angle: 0.2921180486679077
              Training MSE Angle: 0.16733570396900177		 Val MSE Angle: 0.14312182664871215
	      Training MAE Shift: 0.029073607176542282		 Val MAE Shift: 0.030347320437431335
              Training Euclidean Shift: 0.04593464359641075	 Val Euclidean Shift: 0.04804613590240479


Epoch 116/200: Training Loss: 0.1753624677658081		 Val Loss: 0.20719823837280274
	      Training MAE Angle: 0.3080282509326935		 Val MAE Angle: 0.32232420444488524
              Training MSE Angle: 0.16252882778644562		 Val MSE Angle: 0.18978735208511352
	      Training MAE Shift: 0.026030104607343674		 Val MAE Shift: 0.028047996759414672
              Training Euclidean Shift: 0.04092863202095032	 Val Euclidean Shift: 0.045128422975540164


Epoch 117/200: Training Loss: 0.1561141312122345		 Val Loss: 0.17603590488433837
	      Training MAE Angle: 0.28317657113075256		 Val MAE Angle: 0.286211633682251
              Training MSE Angle: 0.1436951756477356		 Val MSE Angle: 0.1593878984451294
	      Training MAE Shift: 0.024617347866296768		 Val MAE Shift: 0.026124319434165953
              Training Euclidean Shift: 0.03871192783117294	 Val Euclidean Shift: 0.041132548451423646


Epoch 118/200: Training Loss: 0.17089086771011353		 Val Loss: 0.17920248508453368
	      Training MAE Angle: 0.29713356494903564		 Val MAE Angle: 0.3084935426712036
              Training MSE Angle: 0.15599946677684784		 Val MSE Angle: 0.16267999410629272
	      Training MAE Shift: 0.025002241134643555		 Val MAE Shift: 0.030530309677124022
              Training Euclidean Shift: 0.03938733786344528	 Val Euclidean Shift: 0.04790215194225311


Epoch 119/200: Training Loss: 0.16714099049568176		 Val Loss: 0.17430068254470826
	      Training MAE Angle: 0.28626567125320435		 Val MAE Angle: 0.2936079502105713
              Training MSE Angle: 0.14533282816410065		 Val MSE Angle: 0.1590816020965576
	      Training MAE Shift: 0.030864974483847618		 Val MAE Shift: 0.026991567015647887
              Training Euclidean Shift: 0.04874184727668762	 Val Euclidean Shift: 0.04249344766139984


Epoch 120/200: Training Loss: 0.16463352739810944		 Val Loss: 0.132975172996521
	      Training MAE Angle: 0.2892044186592102		 Val MAE Angle: 0.2545865535736084
              Training MSE Angle: 0.14793287217617035		 Val MSE Angle: 0.11421654224395753
	      Training MAE Shift: 0.02649691142141819		 Val MAE Shift: 0.02607572078704834
              Training Euclidean Shift: 0.041752468794584274	 Val Euclidean Shift: 0.04095822274684906


Epoch 121/200: Training Loss: 0.16180992126464844		 Val Loss: 0.16665464639663696
	      Training MAE Angle: 0.29187071323394775		 Val MAE Angle: 0.2757785558700562
              Training MSE Angle: 0.14921991527080536		 Val MSE Angle: 0.1488032579421997
	      Training MAE Shift: 0.02410755679011345		 Val MAE Shift: 0.026005670428276062
              Training Euclidean Shift: 0.0379842109978199	 Val Euclidean Shift: 0.041255295276641846


Epoch 122/200: Training Loss: 0.1660320907831192		 Val Loss: 0.1648324251174927
	      Training MAE Angle: 0.2833033502101898		 Val MAE Angle: 0.27970759868621825
              Training MSE Angle: 0.1462969332933426		 Val MSE Angle: 0.144270658493042
	      Training MAE Shift: 0.02620846964418888		 Val MAE Shift: 0.03018379807472229
              Training Euclidean Shift: 0.04136369377374649	 Val Euclidean Shift: 0.04781198501586914


Epoch 123/200: Training Loss: 0.2652322053909302		 Val Loss: 0.236814546585083
	      Training MAE Angle: 0.3688378632068634		 Val MAE Angle: 0.3617835521697998
              Training MSE Angle: 0.20448613166809082		 Val MSE Angle: 0.1987627387046814
	      Training MAE Shift: 0.052204679697752		 Val MAE Shift: 0.04540773332118988
              Training Euclidean Shift: 0.08224962651729584	 Val Euclidean Shift: 0.07094460725784302


Epoch 124/200: Training Loss: 0.2169104665517807		 Val Loss: 0.20110578536987306
	      Training MAE Angle: 0.34309396147727966		 Val MAE Angle: 0.32521121501922606
              Training MSE Angle: 0.1899002641439438		 Val MSE Angle: 0.17663793563842772
	      Training MAE Shift: 0.03725292161107063		 Val MAE Shift: 0.03561870753765106
              Training Euclidean Shift: 0.05877331644296646	 Val Euclidean Shift: 0.056075280904769896


