###########################################################################################################################################################

 learning rate: 0.0001, mlp_hidden_sizes: [1024, 512], jump_frames: 6, use_reconstruction_layer: True
batch_size: 8, norm: True, train_seqeunces: [0, 2, 3, 5], val_sequences: [6, 7, 8], RL_TEST_NAMES: ['fe2fadf89a84e92a', 'f01e8b6f8e10fdd9', 'f1ee9dc6135e5307', 'a41df4fa06fd391b', 'bc0ebb7482f14795', '9bdd34e784c04e3a', '98ebee1c36ecec55'], dataset: Stereo,
average embeddings: False, model: microsoft/resnet-152, augmentation: True, random crop: True, part: head, get_old_path: False,
RE1 coeff: 0 SED coeff: 0.5, ALG_COEFF: 0, L2_coeff: 1, huber_coeff: 1, frozen layers: 0, trained vit: None,
crop: 224 resize: 256, use conv: True pretrained: None, train_size: 0.05, norm_mean: tensor([0.5000, 0.5000, 0.5000], device='cuda:0'), norm_std: tensor([0.5000, 0.5000, 0.5000], device='cuda:0'), sched: None seed: 42, 

algebraic_truth: 0.01684680230477277		 val_algebraic_truth: 0.017137702392495197
RE1_truth: 0.00019017068723983625		 val_RE1_truth: 0.00019978768313708514
SED_truth: 0.0015213626491672853		 val_SED_truth: 0.0015982961201149485

Epoch 1/8000: Training Loss: 4622.426930147059		 Val Loss: 3925.0444972826085
             	Training MAE: 0.18714460730552673		 Val MAE: 0.14685355126857758
             	Algebraic dist: 1236.8732766544117		 Val Algebraic dist: 528.7535241168479
             	RE1 dist: 3678141.6470588236		 Val RE1 dist: 243960.39130434784
             	SED dist: 9244.588235294117		 Val SED dist: 7849.886548913043

Epoch 2/8000: Training Loss: 3801.0707720588234		 Val Loss: 3431.728260869565
             	Training MAE: 0.15857131779193878		 Val MAE: 0.15914128720760345
             	Algebraic dist: 302.29908662683823		 Val Algebraic dist: 148.052001953125
             	RE1 dist: 86745.07352941176		 Val RE1 dist: 21135.07608695652
             	SED dist: 7601.913143382353		 Val SED dist: 6863.207201086957

Epoch 3/8000: Training Loss: 3144.646599264706		 Val Loss: 3155.0594429347825
             	Training MAE: 0.1658308357000351		 Val MAE: 0.1790161430835724
             	Algebraic dist: 64.11644071691177		 Val Algebraic dist: 40.29624607252038
             	RE1 dist: 5364.558823529412		 Val RE1 dist: 1826.414402173913
             	SED dist: 6288.995863970588		 Val SED dist: 6309.786684782609

Epoch 4/8000: Training Loss: 2154.6038602941176		 Val Loss: 2054.956351902174
             	Training MAE: 0.1810104250907898		 Val MAE: 0.19250674545764923
             	Algebraic dist: 20.03828519933364		 Val Algebraic dist: 14.869249426800272
             	RE1 dist: 661.3684512867648		 Val RE1 dist: 244.0396569293478
             	SED dist: 4308.868106617647		 Val SED dist: 4109.531589673913

Epoch 5/8000: Training Loss: 1381.9455422794117		 Val Loss: 953.6257642663044
             	Training MAE: 0.18236087262630463		 Val MAE: 0.17371277511119843
             	Algebraic dist: 11.139158361098346		 Val Algebraic dist: 15.510491412618887
             	RE1 dist: 163.88404756433823		 Val RE1 dist: 252.7813773777174
             	SED dist: 2763.53125		 Val SED dist: 1906.913383152174

Epoch 6/8000: Training Loss: 341.29084329044116		 Val Loss: 64.29170028023098
             	Training MAE: 0.17127226293087006		 Val MAE: 0.1690913289785385
             	Algebraic dist: 13.608910953297334		 Val Algebraic dist: 16.246566109035324
             	RE1 dist: 223.13318589154412		 Val RE1 dist: 354.03952955163044
             	SED dist: 682.2817670036765		 Val SED dist: 128.31087593410325

Epoch 7/8000: Training Loss: 28.624231675091913		 Val Loss: 17.90191119650136
             	Training MAE: 0.17176933586597443		 Val MAE: 0.17652609944343567
             	Algebraic dist: 13.598119399126839		 Val Algebraic dist: 15.485632854959238
             	RE1 dist: 228.01292509191177		 Val RE1 dist: 256.6322605298913
             	SED dist: 56.968017578125		 Val SED dist: 35.5055807362432

Epoch 8/8000: Training Loss: 9.436742446001839		 Val Loss: 8.554965475331182
             	Training MAE: 0.1810341477394104		 Val MAE: 0.1865096390247345
             	Algebraic dist: 13.209892721737132		 Val Algebraic dist: 18.549679963485055
             	RE1 dist: 229.38073012408088		 Val RE1 dist: 344.23212466032606
             	SED dist: 18.555662267348346		 Val SED dist: 16.777128800101902

Epoch 9/8000: Training Loss: 4.624627506031709		 Val Loss: 5.664481784986413
             	Training MAE: 0.19918732345104218		 Val MAE: 0.2090180218219757
             	Algebraic dist: 13.94636984432445		 Val Algebraic dist: 20.87181688391644
             	RE1 dist: 238.70700252757354		 Val RE1 dist: 384.07723335597825
             	SED dist: 8.898375567267923		 Val SED dist: 10.963948788850203

Epoch 10/8000: Training Loss: 3.4468307495117188		 Val Loss: 4.234168011209239
             	Training MAE: 0.21918267011642456		 Val MAE: 0.2255629599094391
             	Algebraic dist: 16.798557057100183		 Val Algebraic dist: 23.372606360394023
             	RE1 dist: 344.04509420955884		 Val RE1 dist: 562.3713485054348
             	SED dist: 6.5159912109375		 Val SED dist: 8.084945678710938

Epoch 11/8000: Training Loss: 2.8544087129480697		 Val Loss: 4.291167549465014
             	Training MAE: 0.23219774663448334		 Val MAE: 0.242896169424057
             	Algebraic dist: 23.002764533547793		 Val Algebraic dist: 42.49976912788723
             	RE1 dist: 700.7776309742648		 Val RE1 dist: 1447.2909307065217
             	SED dist: 5.327254800235524		 Val SED dist: 8.192277991253397

