Epoch 14/80:  Training Loss: 0.7684020323900399 Val Loss: 0.6303874554550438
            Training MAE: 0.24271193146705627 Val MAE: 0.2904876172542572
            algebraic dist: 85.02320518997797 val algebraic dist: 77.7942269736842
            RE1 dist: 6.414319546737334 val RE1 dist: 4.4290765487938595
            SED dist: 25.740346227973568 val SED dist: 17.7602850877193

Epoch 15/80:  Training Loss: 0.7645703958519755 Val Loss: 0.6119280256304824
            Training MAE: 0.24198676645755768 Val MAE: 0.295663982629776
            algebraic dist: 84.2823599256608 val algebraic dist: 88.21995614035087
            RE1 dist: 6.381006719782489 val RE1 dist: 4.249454152960526
            SED dist: 25.6047890280837 val SED dist: 17.043244243421054

Epoch 16/80:  Training Loss: 0.766241468521992 Val Loss: 0.6096178128426535
            Training MAE: 0.24114660918712616 Val MAE: 0.29540055990219116
            algebraic dist: 84.00002581222466 val algebraic dist: 88.78703947368422
            RE1 dist: 6.40465448186261 val RE1 dist: 4.228990885416667
            SED dist: 25.701406336040748 val SED dist: 16.963053728070175

Epoch 17/80:  Training Loss: 0.7578765600263284 Val Loss: 0.7619610060307017
            Training MAE: 0.23898376524448395 Val MAE: 0.2813189923763275
            algebraic dist: 77.72258741740089 val algebraic dist: 64.83665570175438
            RE1 dist: 6.312544633638491 val RE1 dist: 5.723185649671053
            SED dist: 25.33103963036894 val SED dist: 22.96604577850877

Epoch 18/80:  Training Loss: 0.7532938818574477 Val Loss: 0.6165662263569079
            Training MAE: 0.23627594113349915 Val MAE: 0.28731662034988403
            algebraic dist: 72.12421702918502 val algebraic dist: 74.28683662280702
            RE1 dist: 6.259444585455672 val RE1 dist: 4.307961554276316
            SED dist: 25.120786154322687 val SED dist: 17.28627467105263

Epoch 19/80:  Training Loss: 0.7367687477414303 Val Loss: 0.6250447591145833
            Training MAE: 0.23398718237876892 Val MAE: 0.28419584035873413
            algebraic dist: 65.24786618942731 val algebraic dist: 76.74246162280701
            RE1 dist: 6.08645159347467 val RE1 dist: 4.400341282894737
            SED dist: 24.431006074476873 val SED dist: 17.653414199561404

Epoch 20/80:  Training Loss: 0.6988757297331016 Val Loss: 0.7229310581140351
            Training MAE: 0.23344440758228302 Val MAE: 0.2807157337665558
            algebraic dist: 64.65375912031938 val algebraic dist: 71.6066995614035
            RE1 dist: 5.700524418364537 val RE1 dist: 5.361410019188597
            SED dist: 22.881724084526432 val SED dist: 21.52112801535088

Epoch 21/80:  Training Loss: 0.6574311781559746 Val Loss: 0.7226085354989035
            Training MAE: 0.23360173404216766 Val MAE: 0.2814004719257355
            algebraic dist: 62.583326163270925 val algebraic dist: 82.77560855263158
            RE1 dist: 5.281794207736784 val RE1 dist: 5.3855845668859645
            SED dist: 21.20208820897577 val SED dist: 21.61010964912281

Epoch 22/80:  Training Loss: 0.6137549446542883 Val Loss: 0.8934208813048246
            Training MAE: 0.23331865668296814 Val MAE: 0.2785089910030365
            algebraic dist: 63.44355296668502 val algebraic dist: 73.29463815789474
            RE1 dist: 4.846670545670429 val RE1 dist: 7.078647889254386
            SED dist: 19.44984684746696 val SED dist: 28.423368969298245

Epoch 23/80:  Training Loss: 0.5644994391218681 Val Loss: 1.2390601014254385
            Training MAE: 0.2333413064479828 Val MAE: 0.2830023169517517
            algebraic dist: 60.00627667263216 val algebraic dist: 85.13723684210527
            RE1 dist: 4.357485330052313 val RE1 dist: 10.529521655701755
            SED dist: 17.48826619286894 val SED dist: 42.31232730263158

Epoch 24/80:  Training Loss: 0.520739349499673 Val Loss: 1.0386569695723684
            Training MAE: 0.23315031826496124 Val MAE: 0.28073522448539734
            algebraic dist: 58.6467424972467 val algebraic dist: 100.82774122807018
            RE1 dist: 3.9220400906869495 val RE1 dist: 8.541493969298246
            SED dist: 15.736800273609582 val SED dist: 34.2827850877193

Epoch 25/80:  Training Loss: 0.47355221651724255 Val Loss: 1.0097699081688596
            Training MAE: 0.23276178538799286 Val MAE: 0.2835874855518341
            algebraic dist: 57.38939461729075 val algebraic dist: 101.74888157894736
            RE1 dist: 3.4592527145856278 val RE1 dist: 8.252601425438597
            SED dist: 13.878173828125 val SED dist: 33.097719298245615

Epoch 26/80:  Training Loss: 0.44155255288279527 Val Loss: 1.027765042489035
            Training MAE: 0.2321900874376297 Val MAE: 0.27844542264938354
            algebraic dist: 53.98832427037445 val algebraic dist: 96.08436403508772
            RE1 dist: 3.1446336922666576 val RE1 dist: 8.47092927631579
            SED dist: 12.616429265900331 val SED dist: 34.015101425438594

Epoch 27/80:  Training Loss: 0.4194060002129509 Val Loss: 1.0267532723410089
            Training MAE: 0.23028810322284698 Val MAE: 0.2785272002220154
            algebraic dist: 51.23502460765418 val algebraic dist: 96.56781798245613
            RE1 dist: 2.9334195174834803 val RE1 dist: 8.462558936403509
            SED dist: 11.769288184884362 val SED dist: 33.94614309210527

Epoch 28/80:  Training Loss: 0.39464595979530903 Val Loss: 1.0502845737390352
            Training MAE: 0.22922028601169586 Val MAE: 0.2739124000072479
            algebraic dist: 49.568148575165196 val algebraic dist: 78.89330592105263
            RE1 dist: 2.695340463243392 val RE1 dist: 8.696617324561403
            SED dist: 10.812422563325992 val SED dist: 34.90535361842105

Epoch 29/80:  Training Loss: 0.37028863041411414 Val Loss: 1.0997982627467104
            Training MAE: 0.22746703028678894 Val MAE: 0.2753673791885376
            algebraic dist: 46.01784915335903 val algebraic dist: 89.10109100877193
            RE1 dist: 2.460845812826955 val RE1 dist: 9.194476425438596
            SED dist: 9.87225314909141 val SED dist: 36.90910635964912

Epoch 30/80:  Training Loss: 0.3560919068458322 Val Loss: 1.0699536561129386
            Training MAE: 0.22582599520683289 Val MAE: 0.2744700014591217
            algebraic dist: 44.303272129680614 val algebraic dist: 100.08239035087719
            RE1 dist: 2.326805887768447 val RE1 dist: 8.912197779605263
            SED dist: 9.33358428551762 val SED dist: 35.75081962719298

Epoch 31/80:  Training Loss: 0.33927591466693624 Val Loss: 1.19883574904057
            Training MAE: 0.22390303015708923 Val MAE: 0.2740834355354309
            algebraic dist: 41.195428655011014 val algebraic dist: 98.82189692982456
            RE1 dist: 2.168340876238987 val RE1 dist: 10.184808114035087
            SED dist: 8.69641866137803 val SED dist: 40.8684649122807

Epoch 32/80:  Training Loss: 0.32487245803362474 Val Loss: 1.087547029194079
            Training MAE: 0.22171072661876678 Val MAE: 0.2722371220588684
            algebraic dist: 39.79510686261013 val algebraic dist: 90.2624451754386
            RE1 dist: 2.0403576821482656 val RE1 dist: 9.08788240131579
            SED dist: 8.184172374036343 val SED dist: 36.45841282894737

Epoch 33/80:  Training Loss: 0.31376200940640486 Val Loss: 1.4278881407620614
            Training MAE: 0.21913526952266693 Val MAE: 0.27282342314720154
            algebraic dist: 37.613233927588105 val algebraic dist: 86.31709429824562
            RE1 dist: 1.9459604943901432 val RE1 dist: 12.445109649122807
            SED dist: 7.804228795257434 val SED dist: 49.98774671052632

Epoch 34/80:  Training Loss: 0.30374229531981345 Val Loss: 1.1274731873629387
            Training MAE: 0.21698981523513794 Val MAE: 0.2717075049877167
            algebraic dist: 36.4507889936674 val algebraic dist: 78.43135964912281
            RE1 dist: 1.8566539613160793 val RE1 dist: 9.447542489035088
            SED dist: 7.446110527946035 val SED dist: 37.92579495614035

Epoch 35/80:  Training Loss: 0.2951711579041334 Val Loss: 1.2163617907072368
            Training MAE: 0.21252761781215668 Val MAE: 0.2739940881729126
            algebraic dist: 34.4342347535793 val algebraic dist: 94.8738596491228
            RE1 dist: 1.8019769475323513 val RE1 dist: 10.321487801535088
            SED dist: 7.224842760531388 val SED dist: 41.39923793859649

