
###########################################################################################################################################################

                         learning rate: 6e-05,  mlp_hidden_sizes: [1024, 512], batch_size: 4, norm: True, alpha: 10, avg embeddings: False, 
                        crop: 224 resize: 256, use conv: True pretrained: None, seed: 42, angle range: 30, shift range: 32, 
                        train length: 4048, val length: 320, test length: 320, get old path: False, embeddings to use: ['rotated_embeddings', 'original_embeddings'],
                        use_cls: False, frozen layer: 0


Epoch 1/2000: Training Loss: 1.0756347415004324		 Val Loss: 0.2588092565536499
		Training MAE Angle: 0.3901329191305892		 Val MAE Angle: 0.19658681154251098
              Training MSE Angle: 0.23424715486910974		 Val MSE Angle: 0.06606679558753967
		Training MAE Shift: 0.19345670255276526		 Val MAE Shift: 0.10220471620559693
              Training Euclidean Shift: 0.30066958340731537	 Val Euclidean Shift: 0.16189539432525635


Epoch 2/2000: Training Loss: 0.16120643766501205		 Val Loss: 0.14266760349273683
		Training MAE Angle: 0.15701844287012875		 Val MAE Angle: 0.12960515022277833
              Training MSE Angle: 0.04236070911874884		 Val MSE Angle: 0.03308768570423126
		Training MAE Shift: 0.08060150749598567		 Val MAE Shift: 0.07523139119148255
              Training Euclidean Shift: 0.1263358753189268	 Val Euclidean Shift: 0.11909642219543456


Epoch 3/2000: Training Loss: 0.1207801683146963		 Val Loss: 0.15400339365005494
		Training MAE Angle: 0.1138028608480461		 Val MAE Angle: 0.1239471673965454
              Training MSE Angle: 0.02521548817751436		 Val MSE Angle: 0.029339507222175598
		Training MAE Shift: 0.07164238941056926		 Val MAE Shift: 0.08393318653106689
              Training Euclidean Shift: 0.11263371644755125	 Val Euclidean Shift: 0.13113317489624024


Epoch 4/2000: Training Loss: 0.12371791492808949		 Val Loss: 0.0849355399608612
		Training MAE Angle: 0.10441755965764343		 Val MAE Angle: 0.09468424916267396
              Training MSE Angle: 0.021442500027743252		 Val MSE Angle: 0.02184647023677826
		Training MAE Shift: 0.07256414390835367		 Val MAE Shift: 0.05839020013809204
              Training Euclidean Shift: 0.11399168836269453	 Val Euclidean Shift: 0.09113045334815979


Epoch 5/2000: Training Loss: 0.0765343692462906		 Val Loss: 0.11553149223327637
		Training MAE Angle: 0.07791096985104527		 Val MAE Angle: 0.11318274736404418
              Training MSE Angle: 0.013479715279439692		 Val MSE Angle: 0.024505189061164855
		Training MAE Shift: 0.05688610755407763		 Val MAE Shift: 0.07427411675453185
              Training Euclidean Shift: 0.08963272788307884	 Val Euclidean Shift: 0.1151401162147522


Epoch 6/2000: Training Loss: 0.07131779335233063		 Val Loss: 0.08374699354171752
		Training MAE Angle: 0.07027138268994719		 Val MAE Angle: 0.06947320103645324
              Training MSE Angle: 0.011063871647529451		 Val MSE Angle: 0.015513059496879578
		Training MAE Shift: 0.05561624685295014		 Val MAE Shift: 0.05522767901420593
              Training Euclidean Shift: 0.08740293178633739	 Val Euclidean Shift: 0.0879768431186676


Epoch 7/2000: Training Loss: 0.08913203001964705		 Val Loss: 0.11412705183029175
		Training MAE Angle: 0.07566663116334456		 Val MAE Angle: 0.07693145275115967
              Training MSE Angle: 0.01298569313622275		 Val MSE Angle: 0.016070887446403503
		Training MAE Shift: 0.060769111271432266		 Val MAE Shift: 0.06665867567062378
              Training Euclidean Shift: 0.09577889122039433	 Val Euclidean Shift: 0.1056756854057312


Epoch 8/2000: Training Loss: 0.06921940829914078		 Val Loss: 0.09031219482421875
		Training MAE Angle: 0.06549729660094492		 Val MAE Angle: 0.07946115136146545
              Training MSE Angle: 0.009158586796093365		 Val MSE Angle: 0.01480962336063385
		Training MAE Shift: 0.05443380378451743		 Val MAE Shift: 0.06040105223655701
              Training Euclidean Shift: 0.08580372927217145	 Val Euclidean Shift: 0.09524086117744446


Epoch 9/2000: Training Loss: 0.0700742774330109		 Val Loss: 0.03955679535865784
		Training MAE Angle: 0.06511724419273407		 Val MAE Angle: 0.05059007406234741
              Training MSE Angle: 0.009754965899018902		 Val MSE Angle: 0.005053681880235672
		Training MAE Shift: 0.05386129763757758		 Val MAE Shift: 0.039713576436042786
              Training Euclidean Shift: 0.08489902028924391	 Val Euclidean Shift: 0.0630847692489624


Epoch 10/2000: Training Loss: 0.05416842977048851		 Val Loss: 0.14518520832061768
		Training MAE Angle: 0.05762232904848845		 Val MAE Angle: 0.11554418802261353
              Training MSE Angle: 0.00866202309197588		 Val MSE Angle: 0.020908229053020477
		Training MAE Shift: 0.04681256260325315		 Val MAE Shift: 0.08588014245033264
              Training Euclidean Shift: 0.07366569428575839	 Val Euclidean Shift: 0.1357050657272339


Epoch 11/2000: Training Loss: 0.0581649282704229		 Val Loss: 0.043019577860832214
		Training MAE Angle: 0.057220930167337654		 Val MAE Angle: 0.055473965406417844
              Training MSE Angle: 0.008311297111360453		 Val MSE Angle: 0.008521647751331329
		Training MAE Shift: 0.048571356671600945		 Val MAE Shift: 0.03903288245201111
              Training Euclidean Shift: 0.07674674083121681	 Val Euclidean Shift: 0.06073795557022095


Epoch 12/2000: Training Loss: 0.06525100738163522		 Val Loss: 0.0665894865989685
		Training MAE Angle: 0.06143630634654652		 Val MAE Angle: 0.09509732127189637
              Training MSE Angle: 0.009178940957713976		 Val MSE Angle: 0.01778579205274582
		Training MAE Shift: 0.0505507962976991		 Val MAE Shift: 0.04930224120616913
              Training Euclidean Shift: 0.07928888976809535	 Val Euclidean Shift: 0.07758818864822388


Epoch 13/2000: Training Loss: 0.04978364635361984		 Val Loss: 0.05682659149169922
		Training MAE Angle: 0.052231038511977364		 Val MAE Angle: 0.05459049344062805
              Training MSE Angle: 0.005999164618993465		 Val MSE Angle: 0.005073684453964234
		Training MAE Shift: 0.0456362373744075		 Val MAE Shift: 0.05031171441078186
              Training Euclidean Shift: 0.07175883568322705	 Val Euclidean Shift: 0.08024483919143677


Epoch 14/2000: Training Loss: 0.04792049845216774		 Val Loss: 0.08859922885894775
		Training MAE Angle: 0.05251586672816823		 Val MAE Angle: 0.07041090130805969
              Training MSE Angle: 0.0058723796497691765		 Val MSE Angle: 0.008643739670515061
		Training MAE Shift: 0.045168921881513634		 Val MAE Shift: 0.06918996572494507
              Training Euclidean Shift: 0.07081782676485687	 Val Euclidean Shift: 0.1077431321144104


Epoch 15/2000: Training Loss: 0.04392044911742682		 Val Loss: 0.08580336570739747
		Training MAE Angle: 0.054458670936554314		 Val MAE Angle: 0.07487440705299378
              Training MSE Angle: 0.007091996226857303		 Val MSE Angle: 0.013567160069942474
		Training MAE Shift: 0.04215195621897581		 Val MAE Shift: 0.057642579078674316
              Training Euclidean Shift: 0.06631380767219151	 Val Euclidean Shift: 0.09032081365585327


Epoch 16/2000: Training Loss: 0.04254569178042204		 Val Loss: 0.03953230679035187
		Training MAE Angle: 0.05390428460162619		 Val MAE Angle: 0.0430981308221817
              Training MSE Angle: 0.007938689393959497		 Val MSE Angle: 0.006271715462207794
		Training MAE Shift: 0.040664593692824776		 Val MAE Shift: 0.03584778904914856
              Training Euclidean Shift: 0.06397028685558455	 Val Euclidean Shift: 0.05628250241279602


Epoch 17/2000: Training Loss: 0.04797437916631284		 Val Loss: 0.03639692664146423
		Training MAE Angle: 0.05200006839314939		 Val MAE Angle: 0.059016954898834226
              Training MSE Angle: 0.00659442183528493		 Val MSE Angle: 0.006002039089798928
		Training MAE Shift: 0.04301879340009727		 Val MAE Shift: 0.03758564293384552
              Training Euclidean Shift: 0.0679038051559991	 Val Euclidean Shift: 0.05952104926109314


Epoch 18/2000: Training Loss: 0.03536507828904706		 Val Loss: 0.04046964943408966
		Training MAE Angle: 0.04406249004861583		 Val MAE Angle: 0.03932260870933533
              Training MSE Angle: 0.004705593520002403		 Val MSE Angle: 0.005315769091248512
		Training MAE Shift: 0.03786440988774356		 Val MAE Shift: 0.03567357361316681
              Training Euclidean Shift: 0.05965831439956846	 Val Euclidean Shift: 0.05690248012542724


Epoch 19/2000: Training Loss: 0.03186477691288522		 Val Loss: 0.05555802583694458
		Training MAE Angle: 0.0445718576785604		 Val MAE Angle: 0.06469290852546691
              Training MSE Angle: 0.0047506103402541085		 Val MSE Angle: 0.010752995312213898
		Training MAE Shift: 0.03551662957715423		 Val MAE Shift: 0.050280213356018066
              Training Euclidean Shift: 0.055841800252439476	 Val Euclidean Shift: 0.07878516316413879


Epoch 20/2000: Training Loss: 0.05169251408030393		 Val Loss: 0.0787387728691101
		Training MAE Angle: 0.056043172542285545		 Val MAE Angle: 0.08620067834854125
              Training MSE Angle: 0.007664853405104324		 Val MSE Angle: 0.012308399379253387
		Training MAE Shift: 0.04602159718750965		 Val MAE Shift: 0.06014204025268555
              Training Euclidean Shift: 0.07250834830664835	 Val Euclidean Shift: 0.09333314895629882


Epoch 21/2000: Training Loss: 0.03770085662721174		 Val Loss: 0.042189288139343264
		Training MAE Angle: 0.0460198971593804		 Val MAE Angle: 0.060806024074554446
              Training MSE Angle: 0.0045925515442497645		 Val MSE Angle: 0.0070045672357082365
		Training MAE Shift: 0.039197503342458855		 Val MAE Shift: 0.045903337001800534
              Training Euclidean Shift: 0.06180111127408597	 Val Euclidean Shift: 0.07156110405921937


Epoch 22/2000: Training Loss: 0.04506473013534847		 Val Loss: 0.05623685717582703
		Training MAE Angle: 0.0492914825560076		 Val MAE Angle: 0.059116470813751223
              Training MSE Angle: 0.00583101496866098		 Val MSE Angle: 0.007316981256008148
		Training MAE Shift: 0.041167251677381195		 Val MAE Shift: 0.04602915048599243
              Training Euclidean Shift: 0.06484417670329097	 Val Euclidean Shift: 0.07359966039657592


Epoch 23/2000: Training Loss: 0.03536403037813812		 Val Loss: 0.02962367832660675
		Training MAE Angle: 0.043329649763144996		 Val MAE Angle: 0.045265105366706845
              Training MSE Angle: 0.0046930374364136706		 Val MSE Angle: 0.004088466987013817
		Training MAE Shift: 0.037606514489697845		 Val MAE Shift: 0.03753670752048492
              Training Euclidean Shift: 0.05918097590269308	 Val Euclidean Shift: 0.05842804312705994


Epoch 24/2000: Training Loss: 0.030878317685937694		 Val Loss: 0.06180711388587952
		Training MAE Angle: 0.04440021514892578		 Val MAE Angle: 0.05668045282363891
              Training MSE Angle: 0.005142397088966822		 Val MSE Angle: 0.010257772356271743
		Training MAE Shift: 0.033994957392394776		 Val MAE Shift: 0.046384021639823914
              Training Euclidean Shift: 0.05348695219741037	 Val Euclidean Shift: 0.07423653602600097


Epoch 25/2000: Training Loss: 0.03864446647553576		 Val Loss: 0.03757009506225586
		Training MAE Angle: 0.04491779644027529		 Val MAE Angle: 0.037426027655601504
              Training MSE Angle: 0.004774891811868419		 Val MSE Angle: 0.003181351348757744
		Training MAE Shift: 0.03951613610912218		 Val MAE Shift: 0.03697050511837006
              Training Euclidean Shift: 0.06210795692775561	 Val Euclidean Shift: 0.058422571420669554


Epoch 26/2000: Training Loss: 0.03470629665691391		 Val Loss: 0.11662541627883911
		Training MAE Angle: 0.044721064360245415		 Val MAE Angle: 0.06013321280479431
              Training MSE Angle: 0.004864850063097807		 Val MSE Angle: 0.007636764645576477
		Training MAE Shift: 0.036406030767991135		 Val MAE Shift: 0.08469197750091553
              Training Euclidean Shift: 0.057420082243063705	 Val Euclidean Shift: 0.13267942667007446


Epoch 27/2000: Training Loss: 0.049737101015837296		 Val Loss: 0.03302672207355499
		Training MAE Angle: 0.05319377084965762		 Val MAE Angle: 0.035520443320274354
              Training MSE Angle: 0.0072370056107110186		 Val MSE Angle: 0.002857670933008194
		Training MAE Shift: 0.043274129332289864		 Val MAE Shift: 0.035250693559646606
              Training Euclidean Shift: 0.06814258560361598	 Val Euclidean Shift: 0.05594926476478577


Epoch 28/2000: Training Loss: 0.047400195608025955		 Val Loss: 0.028251731395721437
		Training MAE Angle: 0.05144543327361699		 Val MAE Angle: 0.039588052034378055
              Training MSE Angle: 0.008252039257245573		 Val MSE Angle: 0.006704342365264892
		Training MAE Shift: 0.03973331376026742		 Val MAE Shift: 0.030225887894630432
              Training Euclidean Shift: 0.06268642259680707	 Val Euclidean Shift: 0.047929948568344115


Epoch 29/2000: Training Loss: 0.06215974182008283		 Val Loss: 0.042162182927131656
		Training MAE Angle: 0.05842086354734398		 Val MAE Angle: 0.051270300149917604
              Training MSE Angle: 0.010008420868824593		 Val MSE Angle: 0.009043621271848679
		Training MAE Shift: 0.04827076078874792		 Val MAE Shift: 0.03615408539772034
              Training Euclidean Shift: 0.07582536327980252	 Val Euclidean Shift: 0.05634692907333374


Epoch 30/2000: Training Loss: 0.028991840573638794		 Val Loss: 0.0296191930770874
		Training MAE Angle: 0.03981741803436883		 Val MAE Angle: 0.04323031306266785
              Training MSE Angle: 0.003998623535095939		 Val MSE Angle: 0.003903825208544731
		Training MAE Shift: 0.03374222992908342		 Val MAE Shift: 0.0311850905418396
              Training Euclidean Shift: 0.05310653415122051	 Val Euclidean Shift: 0.04959564507007599


Epoch 31/2000: Training Loss: 0.026034528558904476		 Val Loss: 0.02810053825378418
		Training MAE Angle: 0.03649938907547902		 Val MAE Angle: 0.03948024213314057
              Training MSE Angle: 0.0032823104632230616		 Val MSE Angle: 0.005185389518737793
		Training MAE Shift: 0.03214294825617975		 Val MAE Shift: 0.03204299211502075
              Training Euclidean Shift: 0.05046781155431695	 Val Euclidean Shift: 0.050187569856643674


Epoch 32/2000: Training Loss: 0.027814701140633686		 Val Loss: 0.08164756298065186
		Training MAE Angle: 0.03851914311586161		 Val MAE Angle: 0.09063881635665894
              Training MSE Angle: 0.004194536227953764		 Val MSE Angle: 0.019746759533882143
		Training MAE Shift: 0.031944414372500694		 Val MAE Shift: 0.052972257137298584
              Training Euclidean Shift: 0.050168026106159676	 Val Euclidean Shift: 0.08472391366958618


Epoch 33/2000: Training Loss: 0.031482240428095276		 Val Loss: 0.05191934108734131
		Training MAE Angle: 0.0406939427372024		 Val MAE Angle: 0.07853223085403442
              Training MSE Angle: 0.004151788153667224		 Val MSE Angle: 0.01126497909426689
		Training MAE Shift: 0.03546058519084463		 Val MAE Shift: 0.046140095591545104
              Training Euclidean Shift: 0.055807452899194046	 Val Euclidean Shift: 0.0722514808177948


Epoch 34/2000: Training Loss: 0.028984623935382828		 Val Loss: 0.04017465114593506
		Training MAE Angle: 0.04179042318592901		 Val MAE Angle: 0.03757123053073883
              Training MSE Angle: 0.004199700393224422		 Val MSE Angle: 0.006966660171747208
		Training MAE Shift: 0.034412625278880005		 Val MAE Shift: 0.03153652846813202
              Training Euclidean Shift: 0.05408065026927843	 Val Euclidean Shift: 0.04986856579780578


Epoch 35/2000: Training Loss: 0.02863471215892686		 Val Loss: 0.030081477761268616
		Training MAE Angle: 0.03816675857121765		 Val MAE Angle: 0.03290907442569733
              Training MSE Angle: 0.003783533695658205		 Val MSE Angle: 0.003877456113696098
		Training MAE Shift: 0.03309335821702075		 Val MAE Shift: 0.03475712537765503
              Training Euclidean Shift: 0.05214970102423264	 Val Euclidean Shift: 0.05435377359390259


Epoch 36/2000: Training Loss: 0.028828466362632782		 Val Loss: 0.19810363054275512
		Training MAE Angle: 0.04183010433031165		 Val MAE Angle: 0.1317304015159607
              Training MSE Angle: 0.004621364382415892		 Val MSE Angle: 0.03320648372173309
		Training MAE Shift: 0.032506275553948326		 Val MAE Shift: 0.10267534255981445
              Training Euclidean Shift: 0.0512069393052414	 Val Euclidean Shift: 0.1593189001083374


Epoch 37/2000: Training Loss: 0.025442886729485432		 Val Loss: 0.018303394317626953
		Training MAE Angle: 0.03863616611646569		 Val MAE Angle: 0.034330525994300844
              Training MSE Angle: 0.00369687796581404		 Val MSE Angle: 0.0022776084020733832
		Training MAE Shift: 0.030843721548087982		 Val MAE Shift: 0.028171288967132568
              Training Euclidean Shift: 0.048498587174849075	 Val Euclidean Shift: 0.044878795742988586


Epoch 38/2000: Training Loss: 0.0627397718165703		 Val Loss: 0.0411108672618866
		Training MAE Angle: 0.056680490848104004		 Val MAE Angle: 0.04591707587242126
              Training MSE Angle: 0.009927243583287174		 Val MSE Angle: 0.008118130266666412
		Training MAE Shift: 0.04559243243673573		 Val MAE Shift: 0.03771358132362366
              Training Euclidean Shift: 0.07164725955767123	 Val Euclidean Shift: 0.05851650834083557


Epoch 39/2000: Training Loss: 0.030938525444905277		 Val Loss: 0.04343030154705048
		Training MAE Angle: 0.04092295273490574		 Val MAE Angle: 0.04186781644821167
              Training MSE Angle: 0.004352246348565746		 Val MSE Angle: 0.007361859083175659
		Training MAE Shift: 0.03427444050905733		 Val MAE Shift: 0.041910764575004575
              Training Euclidean Shift: 0.05372747413725721	 Val Euclidean Shift: 0.06617713570594788


Epoch 40/2000: Training Loss: 0.021520914296387684		 Val Loss: 0.019278986752033232
		Training MAE Angle: 0.03618652358827855		 Val MAE Angle: 0.03248412907123566
              Training MSE Angle: 0.0032751143214259696		 Val MSE Angle: 0.0036102090030908584
		Training MAE Shift: 0.028617564868550056		 Val MAE Shift: 0.024251314997673034
              Training Euclidean Shift: 0.04512582183355399	 Val Euclidean Shift: 0.038120612502098083


Epoch 41/2000: Training Loss: 0.02906892987579225		 Val Loss: 0.07275692820549011
		Training MAE Angle: 0.03930587919333235		 Val MAE Angle: 0.05138440132141113
              Training MSE Angle: 0.00426924605614583		 Val MSE Angle: 0.006021105125546456
		Training MAE Shift: 0.03177904046100119		 Val MAE Shift: 0.053791511058807376
              Training Euclidean Shift: 0.04993003347645635	 Val Euclidean Shift: 0.08481755256652831


Epoch 42/2000: Training Loss: 0.03060268319171408		 Val Loss: 0.03398958444595337
		Training MAE Angle: 0.04001544680991192		 Val MAE Angle: 0.0551318883895874
              Training MSE Angle: 0.004120791382469208		 Val MSE Angle: 0.0069558098912239075
		Training MAE Shift: 0.0332099929628636		 Val MAE Shift: 0.03781293630599976
              Training Euclidean Shift: 0.0522492110964809	 Val Euclidean Shift: 0.05984125733375549


Epoch 43/2000: Training Loss: 0.027779827947201935		 Val Loss: 0.018398293852806093
		Training MAE Angle: 0.0376745721568232		 Val MAE Angle: 0.029426372051239012
              Training MSE Angle: 0.004112730384344169		 Val MSE Angle: 0.0017378823831677437
		Training MAE Shift: 0.031143422183311974		 Val MAE Shift: 0.030338159203529357
              Training Euclidean Shift: 0.048914279862354866	 Val Euclidean Shift: 0.047718432545661923


Epoch 44/2000: Training Loss: 0.02758969808284473		 Val Loss: 0.01649148464202881
		Training MAE Angle: 0.037529074627420174		 Val MAE Angle: 0.03291015923023224
              Training MSE Angle: 0.0036563873291015625		 Val MSE Angle: 0.0020693788304924966
		Training MAE Shift: 0.030003025597734413		 Val MAE Shift: 0.026645562052726744
              Training Euclidean Shift: 0.04722162857357221	 Val Euclidean Shift: 0.04131326675415039


Epoch 45/2000: Training Loss: 0.02217790166379906		 Val Loss: 0.03791615068912506
		Training MAE Angle: 0.03327445833108171		 Val MAE Angle: 0.040809637308120726
              Training MSE Angle: 0.003029038312406879		 Val MSE Angle: 0.004732892662286758
		Training MAE Shift: 0.028212963827985077		 Val MAE Shift: 0.04064520001411438
              Training Euclidean Shift: 0.04459076153902197	 Val Euclidean Shift: 0.06350152492523194


Epoch 46/2000: Training Loss: 0.02804039589501181		 Val Loss: 0.08501425385475159
		Training MAE Angle: 0.03768088600852273		 Val MAE Angle: 0.06959547400474549
              Training MSE Angle: 0.003683927030902606		 Val MSE Angle: 0.009286613762378692
		Training MAE Shift: 0.032121006207975006		 Val MAE Shift: 0.07203975319862366
              Training Euclidean Shift: 0.050707647451770164	 Val Euclidean Shift: 0.11169099807739258


Epoch 47/2000: Training Loss: 0.02310843335781173		 Val Loss: 0.02108435779809952
		Training MAE Angle: 0.03511871368046335		 Val MAE Angle: 0.038993197679519656
              Training MSE Angle: 0.0033027939645669207		 Val MSE Angle: 0.0025141814723610876
		Training MAE Shift: 0.029582824631641975		 Val MAE Shift: 0.026450580358505248
              Training Euclidean Shift: 0.04665693652488497	 Val Euclidean Shift: 0.04156959652900696


Epoch 48/2000: Training Loss: 0.02011469513060076		 Val Loss: 0.020638324320316315
		Training MAE Angle: 0.037373497552080116		 Val MAE Angle: 0.029718372225761413
              Training MSE Angle: 0.004016622253086256		 Val MSE Angle: 0.0024329222738742828
		Training MAE Shift: 0.027018626216843193		 Val MAE Shift: 0.027806365489959718
              Training Euclidean Shift: 0.04255889998123109	 Val Euclidean Shift: 0.04335913360118866


Epoch 49/2000: Training Loss: 0.028863659960479134		 Val Loss: 0.05026302933692932
		Training MAE Angle: 0.03943998540343032		 Val MAE Angle: 0.050896060466766355
              Training MSE Angle: 0.004256094868475269		 Val MSE Angle: 0.005213047936558723
		Training MAE Shift: 0.032208276831585426		 Val MAE Shift: 0.04716530442237854
              Training Euclidean Shift: 0.05063492695804641	 Val Euclidean Shift: 0.07208352088928223


Epoch 50/2000: Training Loss: 0.019167722920655262		 Val Loss: 0.025806644558906557
		Training MAE Angle: 0.03345792943781072		 Val MAE Angle: 0.0466612309217453
              Training MSE Angle: 0.002816147955038802		 Val MSE Angle: 0.0036702953279018403
		Training MAE Shift: 0.02773433805925573		 Val MAE Shift: 0.032755342125892636
              Training Euclidean Shift: 0.043620245258798714	 Val Euclidean Shift: 0.05261144042015076


Epoch 51/2000: Training Loss: 0.029107287938415768		 Val Loss: 0.03602531254291534
		Training MAE Angle: 0.03441601779621109		 Val MAE Angle: 0.04160204529762268
              Training MSE Angle: 0.0033155813989903145		 Val MSE Angle: 0.005738703161478042
		Training MAE Shift: 0.03039713433608707		 Val MAE Shift: 0.040447700023651126
              Training Euclidean Shift: 0.047793030267647606	 Val Euclidean Shift: 0.06314403414726258


Epoch 52/2000: Training Loss: 0.028276656456144432		 Val Loss: 0.04528750777244568
		Training MAE Angle: 0.03754524939616207		 Val MAE Angle: 0.04838278889656067
              Training MSE Angle: 0.0034524317786627607		 Val MSE Angle: 0.005526243895292282
		Training MAE Shift: 0.03238772592054526		 Val MAE Shift: 0.04107907116413116
              Training Euclidean Shift: 0.051235470375995865	 Val Euclidean Shift: 0.06540613174438477


Epoch 53/2000: Training Loss: 0.022911495842010136		 Val Loss: 0.03357199728488922
		Training MAE Angle: 0.034136843775572044		 Val MAE Angle: 0.03777682185173035
              Training MSE Angle: 0.003154926856044724		 Val MSE Angle: 0.003257530555129051
		Training MAE Shift: 0.027821120537316845		 Val MAE Shift: 0.039117956161499025
              Training Euclidean Shift: 0.04378799016296628	 Val Euclidean Shift: 0.06143526434898376


Epoch 54/2000: Training Loss: 0.020556270840610912		 Val Loss: 0.02552991211414337
		Training MAE Angle: 0.03248693443569741		 Val MAE Angle: 0.03637675046920776
              Training MSE Angle: 0.0027514561834071465		 Val MSE Angle: 0.00480276569724083
		Training MAE Shift: 0.027546011883279552		 Val MAE Shift: 0.028957724571228027
              Training Euclidean Shift: 0.04327502269518705	 Val Euclidean Shift: 0.04559263288974762


Epoch 55/2000: Training Loss: 0.03148958711284894		 Val Loss: 0.039745202660560607
		Training MAE Angle: 0.03836145514084888		 Val MAE Angle: 0.04589678347110748
              Training MSE Angle: 0.003717333667363103		 Val MSE Angle: 0.004882587864995003
		Training MAE Shift: 0.03347198199848884		 Val MAE Shift: 0.043728142976760864
              Training Euclidean Shift: 0.05275007858577924	 Val Euclidean Shift: 0.06875873804092407


Epoch 56/2000: Training Loss: 0.027207655397799648		 Val Loss: 0.03372087776660919
		Training MAE Angle: 0.03916657489279042		 Val MAE Angle: 0.04548530876636505
              Training MSE Angle: 0.004447053072480816		 Val MSE Angle: 0.004522605240345002
		Training MAE Shift: 0.030892343860369896		 Val MAE Shift: 0.0399722695350647
              Training Euclidean Shift: 0.048560594852733986	 Val Euclidean Shift: 0.06197990775108338


Epoch 57/2000: Training Loss: 0.02098990429060261		 Val Loss: 0.04616334736347198
		Training MAE Angle: 0.035889203369381874		 Val MAE Angle: 0.046369656920433044
              Training MSE Angle: 0.0034905554277623596		 Val MSE Angle: 0.004622891172766685
		Training MAE Shift: 0.026775546695875084		 Val MAE Shift: 0.0434634268283844
              Training Euclidean Shift: 0.042121054155553284	 Val Euclidean Shift: 0.06754334568977356


Epoch 58/2000: Training Loss: 0.019781663012598816		 Val Loss: 0.032729116082191465
		Training MAE Angle: 0.033324418802977554		 Val MAE Angle: 0.04577110409736633
              Training MSE Angle: 0.0032662631494725647		 Val MSE Angle: 0.00626264363527298
		Training MAE Shift: 0.026092640496054184		 Val MAE Shift: 0.034498566389083864
              Training Euclidean Shift: 0.0409586307088377	 Val Euclidean Shift: 0.054660475254058837


Epoch 59/2000: Training Loss: 0.020241910761052914		 Val Loss: 0.017080870270729066
		Training MAE Angle: 0.03629842011824898		 Val MAE Angle: 0.03169462382793427
              Training MSE Angle: 0.003926140988768325		 Val MSE Angle: 0.002780492417514324
		Training MAE Shift: 0.026096628588650066		 Val MAE Shift: 0.026389077305793762
              Training Euclidean Shift: 0.04127723331979141	 Val Euclidean Shift: 0.04177299737930298


Epoch 60/2000: Training Loss: 0.02045647051965766		 Val Loss: 0.01689872592687607
		Training MAE Angle: 0.03397995115740026		 Val MAE Angle: 0.02759251892566681
              Training MSE Angle: 0.0029864454929065328		 Val MSE Angle: 0.0015058719553053379
		Training MAE Shift: 0.027419740503484554		 Val MAE Shift: 0.026651841402053834
              Training Euclidean Shift: 0.04319177408934582	 Val Euclidean Shift: 0.04193197786808014


Epoch 61/2000: Training Loss: 0.016571003457774288		 Val Loss: 0.014127413928508758
		Training MAE Angle: 0.033682544240838455		 Val MAE Angle: 0.029441654682159424
              Training MSE Angle: 0.003002097248559884		 Val MSE Angle: 0.0021723493933677672
		Training MAE Shift: 0.02484525899170887		 Val MAE Shift: 0.02600342035293579
              Training Euclidean Shift: 0.0391534307728643	 Val Euclidean Shift: 0.04032916128635407


Epoch 62/2000: Training Loss: 0.019478266418215786		 Val Loss: 0.0193178653717041
		Training MAE Angle: 0.03356104688682104		 Val MAE Angle: 0.03412400782108307
              Training MSE Angle: 0.0031496880082744856		 Val MSE Angle: 0.0035656869411468508
		Training MAE Shift: 0.02716859056073215		 Val MAE Shift: 0.02707912027835846
              Training Euclidean Shift: 0.042761067627918106	 Val Euclidean Shift: 0.04318590462207794


Epoch 63/2000: Training Loss: 0.014967667726659964		 Val Loss: 0.023630304634571074
		Training MAE Angle: 0.03001634876718634		 Val MAE Angle: 0.03035350739955902
              Training MSE Angle: 0.002449475493826885		 Val MSE Angle: 0.005133897066116333
		Training MAE Shift: 0.02393257005412588		 Val MAE Shift: 0.029531499743461607
              Training Euclidean Shift: 0.03776690893964805	 Val Euclidean Shift: 0.04658425748348236


Epoch 64/2000: Training Loss: 0.019296346445799816		 Val Loss: 0.05723907351493836
		Training MAE Angle: 0.03155302907167216		 Val MAE Angle: 0.09443247318267822
              Training MSE Angle: 0.0026320054125880065		 Val MSE Angle: 0.012835469841957093
		Training MAE Shift: 0.02646164272142493		 Val MAE Shift: 0.04403028190135956
              Training Euclidean Shift: 0.04162712624892887	 Val Euclidean Shift: 0.0689363420009613


Epoch 65/2000: Training Loss: 0.026676718896556748		 Val Loss: 0.01638777256011963
		Training MAE Angle: 0.037321343252310166		 Val MAE Angle: 0.026332759857177736
              Training MSE Angle: 0.004022901237246548		 Val MSE Angle: 0.0013430033810436725
		Training MAE Shift: 0.030865482662035072		 Val MAE Shift: 0.02784331738948822
              Training Euclidean Shift: 0.048599164005324776	 Val Euclidean Shift: 0.043803685903549196


Epoch 66/2000: Training Loss: 0.02002229992108854		 Val Loss: 0.01524038016796112
		Training MAE Angle: 0.03251601584815225		 Val MAE Angle: 0.025001281499862672
              Training MSE Angle: 0.0031985628746243806		 Val MSE Angle: 0.0016861291602253913
		Training MAE Shift: 0.026474924426776146		 Val MAE Shift: 0.02486397176980972
              Training Euclidean Shift: 0.041647330574367356	 Val Euclidean Shift: 0.03890031278133392


Epoch 67/2000: Training Loss: 0.01867432650841272		 Val Loss: 0.018199367821216582
		Training MAE Angle: 0.03045087558007523		 Val MAE Angle: 0.034331053495407104
              Training MSE Angle: 0.0025704625566957497		 Val MSE Angle: 0.002952307648956776
		Training MAE Shift: 0.02513722845688168		 Val MAE Shift: 0.023816022276878356
              Training Euclidean Shift: 0.03960855958961215	 Val Euclidean Shift: 0.03758929669857025


Epoch 68/2000: Training Loss: 0.023805931151620014		 Val Loss: 0.019377556443214417
		Training MAE Angle: 0.03338608345966565		 Val MAE Angle: 0.035834258794784545
              Training MSE Angle: 0.0029532638463107023		 Val MSE Angle: 0.002951432578265667
		Training MAE Shift: 0.028370989169999073		 Val MAE Shift: 0.028982970118522643
              Training Euclidean Shift: 0.044667349502503166	 Val Euclidean Shift: 0.046390244364738466


Epoch 69/2000: Training Loss: 0.020130312018714874		 Val Loss: 0.025448450446128847
		Training MAE Angle: 0.033969784913798096		 Val MAE Angle: 0.043106836080551145
              Training MSE Angle: 0.003189963785555994		 Val MSE Angle: 0.004429551213979721
		Training MAE Shift: 0.025200975742264698		 Val MAE Shift: 0.028829115629196166
              Training Euclidean Shift: 0.03964317457478037	 Val Euclidean Shift: 0.04494994878768921


Epoch 70/2000: Training Loss: 0.021717540831433926		 Val Loss: 0.017808447778224944
		Training MAE Angle: 0.03164468546629894		 Val MAE Angle: 0.030336320400238037
              Training MSE Angle: 0.0026523386065667796		 Val MSE Angle: 0.002530307695269585
		Training MAE Shift: 0.026500283493826042		 Val MAE Shift: 0.028048822283744813
              Training Euclidean Shift: 0.04174546856182837	 Val Euclidean Shift: 0.04425365626811981


Epoch 71/2000: Training Loss: 0.01616955557359537		 Val Loss: 0.02328066825866699
		Training MAE Angle: 0.02956736417627146		 Val MAE Angle: 0.03766452372074127
              Training MSE Angle: 0.0024104108923508716		 Val MSE Angle: 0.004566869139671326
		Training MAE Shift: 0.023617482468073547		 Val MAE Shift: 0.0270729660987854
              Training Euclidean Shift: 0.0372239704659805	 Val Euclidean Shift: 0.042968529462814334


Epoch 72/2000: Training Loss: 0.02380813628788522		 Val Loss: 0.023190835118293764
		Training MAE Angle: 0.03535548877339118		 Val MAE Angle: 0.02942039370536804
              Training MSE Angle: 0.003722376974203841		 Val MSE Angle: 0.001658545807003975
		Training MAE Shift: 0.027822492622104088		 Val MAE Shift: 0.028138718008995055
              Training Euclidean Shift: 0.04400612525789163	 Val Euclidean Shift: 0.04401496946811676


Epoch 73/2000: Training Loss: 0.019140170025731262		 Val Loss: 0.021883942186832428
		Training MAE Angle: 0.0313687927638118		 Val MAE Angle: 0.044307667016983035
              Training MSE Angle: 0.0032852122434985495		 Val MSE Angle: 0.004238138347864151
		Training MAE Shift: 0.025718992406671696		 Val MAE Shift: 0.029727697372436523
              Training Euclidean Shift: 0.040415077812586846	 Val Euclidean Shift: 0.04638037979602814


Epoch 74/2000: Training Loss: 0.02444224301063025		 Val Loss: 0.022744913399219514
		Training MAE Angle: 0.036690014624312935		 Val MAE Angle: 0.03358539342880249
              Training MSE Angle: 0.003600695152056547		 Val MSE Angle: 0.001872020959854126
		Training MAE Shift: 0.029074144928822876		 Val MAE Shift: 0.035342493653297426
              Training Euclidean Shift: 0.045747689107661194	 Val Euclidean Shift: 0.054792392253875735


Epoch 75/2000: Training Loss: 0.017003909401271656		 Val Loss: 0.021252384781837462
		Training MAE Angle: 0.03175463318353585		 Val MAE Angle: 0.0733344316482544
              Training MSE Angle: 0.003221599009668403		 Val MSE Angle: 0.008629536628723145
		Training MAE Shift: 0.024361700879726486		 Val MAE Shift: 0.02467934936285019
              Training Euclidean Shift: 0.03829049875613729	 Val Euclidean Shift: 0.039320945739746094


Epoch 76/2000: Training Loss: 0.018201973127282185		 Val Loss: 0.02483702003955841
		Training MAE Angle: 0.03392226705438064		 Val MAE Angle: 0.03030180335044861
              Training MSE Angle: 0.0036008553542638483		 Val MSE Angle: 0.002634327858686447
		Training MAE Shift: 0.025163944530864006		 Val MAE Shift: 0.030298468470573426
              Training Euclidean Shift: 0.039552635826141	 Val Euclidean Shift: 0.04762610197067261


Epoch 77/2000: Training Loss: 0.023295877479281822		 Val Loss: 0.028515326976776122
		Training MAE Angle: 0.03391464142931309		 Val MAE Angle: 0.03474840521812439
              Training MSE Angle: 0.0030513349257910204		 Val MSE Angle: 0.0023004472255706786
		Training MAE Shift: 0.029848613286678028		 Val MAE Shift: 0.03035949170589447
              Training Euclidean Shift: 0.04703819516148021	 Val Euclidean Shift: 0.04829005300998688


Epoch 78/2000: Training Loss: 0.018662692058698933		 Val Loss: 0.01847594976425171
		Training MAE Angle: 0.03034135381223656		 Val MAE Angle: 0.03130959570407867
              Training MSE Angle: 0.002364462778973485		 Val MSE Angle: 0.0022048819810152054
		Training MAE Shift: 0.026481456907370346		 Val MAE Shift: 0.025199344754219054
              Training Euclidean Shift: 0.04162515104994943	 Val Euclidean Shift: 0.03941411077976227


Epoch 79/2000: Training Loss: 0.021977769527510693		 Val Loss: 0.03398140966892242
		Training MAE Angle: 0.03305700550908628		 Val MAE Angle: 0.04154413640499115
              Training MSE Angle: 0.0029714875541656856		 Val MSE Angle: 0.00328221395611763
		Training MAE Shift: 0.026276207724107582		 Val MAE Shift: 0.040410754084587094
              Training Euclidean Shift: 0.04138663823425534	 Val Euclidean Shift: 0.06343691349029541


Epoch 80/2000: Training Loss: 0.015675187582083843		 Val Loss: 0.0653069257736206
		Training MAE Angle: 0.027095559086253048		 Val MAE Angle: 0.07188631892204285
              Training MSE Angle: 0.0016998885412932384		 Val MSE Angle: 0.007902865111827851
		Training MAE Shift: 0.023784418822277206		 Val MAE Shift: 0.059845030307769775
              Training Euclidean Shift: 0.03741846725403556	 Val Euclidean Shift: 0.09262921810150146


Epoch 81/2000: Training Loss: 0.014676968570754461		 Val Loss: 0.018307386338710784
		Training MAE Angle: 0.02855579278214647		 Val MAE Angle: 0.033525124192237854
              Training MSE Angle: 0.0024093662797226734		 Val MSE Angle: 0.0020504552870988847
		Training MAE Shift: 0.023088504203223427		 Val MAE Shift: 0.02825324535369873
              Training Euclidean Shift: 0.03632582788882048	 Val Euclidean Shift: 0.04361627101898193


Epoch 82/2000: Training Loss: 0.010640457213631731		 Val Loss: 0.03780550956726074
		Training MAE Angle: 0.024982972578568893		 Val MAE Angle: 0.058124113082885745
              Training MSE Angle: 0.0014493722218298628		 Val MSE Angle: 0.004918929934501648
		Training MAE Shift: 0.02097688079351493		 Val MAE Shift: 0.042647933959960936
              Training Euclidean Shift: 0.032947751373170395	 Val Euclidean Shift: 0.06777349710464478


Epoch 83/2000: Training Loss: 0.05515516228355438		 Val Loss: 0.03819705247879028
		Training MAE Angle: 0.047348553955319374		 Val MAE Angle: 0.045487725734710695
              Training MSE Angle: 0.005768470613381608		 Val MSE Angle: 0.0034818537533283234
		Training MAE Shift: 0.043222031574475434		 Val MAE Shift: 0.0384958028793335
              Training Euclidean Shift: 0.06796115377674931	 Val Euclidean Shift: 0.060918611288070676


Epoch 84/2000: Training Loss: 0.038283434781161224		 Val Loss: 0.04751262664794922
		Training MAE Angle: 0.04179707628936164		 Val MAE Angle: 0.0393801748752594
              Training MSE Angle: 0.004135392400115847		 Val MSE Angle: 0.004123637080192566
		Training MAE Shift: 0.03899125336658342		 Val MAE Shift: 0.0408453494310379
              Training Euclidean Shift: 0.06139474047031327	 Val Euclidean Shift: 0.06387837529182434


Epoch 85/2000: Training Loss: 0.030421547267747963		 Val Loss: 0.025959402322769165
		Training MAE Angle: 0.03739957093250139		 Val MAE Angle: 0.03759943246841431
              Training MSE Angle: 0.0033142422970104594		 Val MSE Angle: 0.002931707352399826
		Training MAE Shift: 0.03523171843276193		 Val MAE Shift: 0.034194779396057126
              Training Euclidean Shift: 0.05552697841357808	 Val Euclidean Shift: 0.05343436598777771


Epoch 86/2000: Training Loss: 0.026334195268955155		 Val Loss: 0.039905247092247007
		Training MAE Angle: 0.03791119647120299		 Val MAE Angle: 0.04870101809501648
              Training MSE Angle: 0.003574184042662971		 Val MSE Angle: 0.004950784891843796
		Training MAE Shift: 0.03133438132968345		 Val MAE Shift: 0.04388522505760193
              Training Euclidean Shift: 0.04964696936927765	 Val Euclidean Shift: 0.06922415494918824


Epoch 87/2000: Training Loss: 0.019756309599744473		 Val Loss: 0.020837146043777465
		Training MAE Angle: 0.031026583886429256		 Val MAE Angle: 0.026833391189575194
              Training MSE Angle: 0.0021471965454312653		 Val MSE Angle: 0.0015222206711769104
		Training MAE Shift: 0.028659034623458923		 Val MAE Shift: 0.029065251350402832
              Training Euclidean Shift: 0.04505595859331576	 Val Euclidean Shift: 0.045955118536949155


Epoch 88/2000: Training Loss: 0.018174503160559612		 Val Loss: 0.023102474212646485
		Training MAE Angle: 0.027845531584245884		 Val MAE Angle: 0.03002830445766449
              Training MSE Angle: 0.001832218038234786		 Val MSE Angle: 0.002794749103486538
		Training MAE Shift: 0.025882127256732685		 Val MAE Shift: 0.03173598051071167
              Training Euclidean Shift: 0.04061176465905231	 Val Euclidean Shift: 0.0503842294216156


Epoch 89/2000: Training Loss: 0.01652346486630647		 Val Loss: 0.038065627217292786
		Training MAE Angle: 0.029974194854615704		 Val MAE Angle: 0.04754377901554108
              Training MSE Angle: 0.00209032264151592		 Val MSE Angle: 0.004745117574930191
		Training MAE Shift: 0.02513686658836636		 Val MAE Shift: 0.034034553170204165
              Training Euclidean Shift: 0.03968120846352558	 Val Euclidean Shift: 0.054252415895462036


Epoch 90/2000: Training Loss: 0.029574226484939514		 Val Loss: 0.024284742772579193
		Training MAE Angle: 0.035933185471847595		 Val MAE Angle: 0.035650843381881715
              Training MSE Angle: 0.0036260217074820175		 Val MSE Angle: 0.0028550950810313225
		Training MAE Shift: 0.03214053956887468		 Val MAE Shift: 0.030692076683044432
              Training Euclidean Shift: 0.0504636199106812	 Val Euclidean Shift: 0.04846137464046478


Epoch 91/2000: Training Loss: 0.017240239697482746		 Val Loss: 0.020610585808753967
		Training MAE Angle: 0.03105995117911237		 Val MAE Angle: 0.024552515149116515
              Training MSE Angle: 0.002681755972473989		 Val MSE Angle: 0.001540880836546421
		Training MAE Shift: 0.024652366110458675		 Val MAE Shift: 0.026438412070274354
              Training Euclidean Shift: 0.03888474340024202	 Val Euclidean Shift: 0.04200103282928467


Epoch 92/2000: Training Loss: 0.014697515917389761		 Val Loss: 0.015898501873016356
		Training MAE Angle: 0.026240836961467274		 Val MAE Angle: 0.02448493093252182
              Training MSE Angle: 0.001699421952364473		 Val MSE Angle: 0.0018797287717461585
		Training MAE Shift: 0.023119385534595596		 Val MAE Shift: 0.02577865421772003
              Training Euclidean Shift: 0.03646364702066414	 Val Euclidean Shift: 0.04003017246723175


Epoch 93/2000: Training Loss: 0.017886719684827		 Val Loss: 0.02217458337545395
		Training MAE Angle: 0.030480407443442364		 Val MAE Angle: 0.030364802479743956
              Training MSE Angle: 0.002791261720091929		 Val MSE Angle: 0.005390426889061928
		Training MAE Shift: 0.02498875870535025		 Val MAE Shift: 0.025618690252304076
              Training Euclidean Shift: 0.03925827463624977	 Val Euclidean Shift: 0.040545502305030824


Epoch 94/2000: Training Loss: 0.024589715739012707		 Val Loss: 0.11061638593673706
		Training MAE Angle: 0.03577863746009796		 Val MAE Angle: 0.07291832566261292
              Training MSE Angle: 0.0038834628851517386		 Val MSE Angle: 0.010322178900241851
		Training MAE Shift: 0.028603512307871944		 Val MAE Shift: 0.0713182270526886
              Training Euclidean Shift: 0.0450592078710262	 Val Euclidean Shift: 0.1144292712211609


Epoch 95/2000: Training Loss: 0.025976816184907093		 Val Loss: 0.017996691167354584
		Training MAE Angle: 0.03528941761363636		 Val MAE Angle: 0.040329718589782716
              Training MSE Angle: 0.002736561854366257		 Val MSE Angle: 0.0026761870831251144
		Training MAE Shift: 0.03280244231695243		 Val MAE Shift: 0.029396140575408937
              Training Euclidean Shift: 0.051583448417573105	 Val Euclidean Shift: 0.04656038880348205


Epoch 96/2000: Training Loss: 0.018922996144049724		 Val Loss: 0.029649952054023744
		Training MAE Angle: 0.03066403686764683		 Val MAE Angle: 0.041547966003417966
              Training MSE Angle: 0.0023273620680858025		 Val MSE Angle: 0.003964081779122353
		Training MAE Shift: 0.027916250492744293		 Val MAE Shift: 0.035293951630592346
              Training Euclidean Shift: 0.0439422064619102	 Val Euclidean Shift: 0.05402730703353882


Epoch 97/2000: Training Loss: 0.023810573246168053		 Val Loss: 0.013722981512546539
		Training MAE Angle: 0.032358738744682945		 Val MAE Angle: 0.025182008743286133
              Training MSE Angle: 0.002486741118751496		 Val MSE Angle: 0.0013219614513218403
		Training MAE Shift: 0.03123808284050862		 Val MAE Shift: 0.024769794940948487
              Training Euclidean Shift: 0.04920195779310385	 Val Euclidean Shift: 0.03895389437675476


Epoch 98/2000: Training Loss: 0.021585447514952408		 Val Loss: 0.025371873378753663
		Training MAE Angle: 0.03239488413211385		 Val MAE Angle: 0.03193797767162323
              Training MSE Angle: 0.0027035903553717694		 Val MSE Angle: 0.007130759209394455
		Training MAE Shift: 0.027878373036742683		 Val MAE Shift: 0.023838265240192412
              Training Euclidean Shift: 0.04381066725659276	 Val Euclidean Shift: 0.03795715570449829


Epoch 99/2000: Training Loss: 0.012151871745294262		 Val Loss: 0.013707825541496277
		Training MAE Angle: 0.02747746607060489		 Val MAE Angle: 0.02210051566362381
              Training MSE Angle: 0.0019329611962963		 Val MSE Angle: 0.0009979682974517346
		Training MAE Shift: 0.02168239058242014		 Val MAE Shift: 0.022307592630386352
              Training Euclidean Shift: 0.03418656300179101	 Val Euclidean Shift: 0.035338810086250304


Epoch 100/2000: Training Loss: 0.013903604665763765		 Val Loss: 0.014315760135650635
		Training MAE Angle: 0.02740372593694996		 Val MAE Angle: 0.028745809197425844
              Training MSE Angle: 0.00206943015336048		 Val MSE Angle: 0.0019116712734103202
		Training MAE Shift: 0.022497851858025955		 Val MAE Shift: 0.026652052998542786
              Training Euclidean Shift: 0.03539364705443854	 Val Euclidean Shift: 0.04205426871776581


Epoch 101/2000: Training Loss: 0.014138010650755388		 Val Loss: 0.08698194026947022
		Training MAE Angle: 0.02815175150694112		 Val MAE Angle: 0.08411373496055603
              Training MSE Angle: 0.0024710919546044392		 Val MSE Angle: 0.012022438645362853
		Training MAE Shift: 0.02194749319506257		 Val MAE Shift: 0.06793652772903443
              Training Euclidean Shift: 0.03450234605389622	 Val Euclidean Shift: 0.10417051315307617


Epoch 102/2000: Training Loss: 0.015270209595148743		 Val Loss: 0.01544012427330017
		Training MAE Angle: 0.027373607921977287		 Val MAE Angle: 0.026728209853172303
              Training MSE Angle: 0.0019202083938206608		 Val MSE Angle: 0.004189171269536019
		Training MAE Shift: 0.023717868940632336		 Val MAE Shift: 0.021019701659679414
              Training Euclidean Shift: 0.03720260137625834	 Val Euclidean Shift: 0.0328559398651123


Epoch 103/2000: Training Loss: 0.018935326059816383		 Val Loss: 0.020602299273014067
		Training MAE Angle: 0.030376928125916733		 Val MAE Angle: 0.03559274077415466
              Training MSE Angle: 0.002559086550836978		 Val MSE Angle: 0.005359929800033569
		Training MAE Shift: 0.02449160225306575		 Val MAE Shift: 0.022923922538757323
              Training Euclidean Shift: 0.038467052896974586	 Val Euclidean Shift: 0.03646866977214813


Epoch 104/2000: Training Loss: 0.014989255445276796		 Val Loss: 0.01669638603925705
		Training MAE Angle: 0.028526313691271152		 Val MAE Angle: 0.024771735072135925
              Training MSE Angle: 0.0020875843617284722		 Val MSE Angle: 0.002746285684406757
		Training MAE Shift: 0.023558332043674152		 Val MAE Shift: 0.024519406259059906
              Training Euclidean Shift: 0.03707611325230052	 Val Euclidean Shift: 0.03867712318897247


