
###########################################################################################################################################################

                         learning rate: 6e-05,  mlp_hidden_sizes: [1024, 512], batch_size: 4, norm: True, alpha: 10, avg embeddings: False, 
                        crop: 224 resize: 256, use conv: True pretrained: None, seed: 42, angle range: 30, shift range: 32, 
                        train length: 256, val length: 320, test length: 320, get old path: False, embeddings to use: ['rotated_embeddings', 'original_embeddings'],
                        use_cls: False, frozen layer: 0


Epoch 1/1000: Training Loss: 3.7056944370269775		 Val Loss: 3.1680282592773437
		Training MAE Angle: 0.494571328163147		 Val MAE Angle: 0.47186622619628904
              Training MSE Angle: 0.3281060457229614		 Val MSE Angle: 0.3046887874603271
		Training MAE Shift: 0.5018086433410645		 Val MAE Shift: 0.4584378719329834
              Training Euclidean Shift: 0.7688234448432922	 Val Euclidean Shift: 0.7050290107727051


Epoch 2/1000: Training Loss: 2.123927593231201		 Val Loss: 0.760580587387085
		Training MAE Angle: 0.4976749122142792		 Val MAE Angle: 0.5174380302429199
              Training MSE Angle: 0.3305557072162628		 Val MSE Angle: 0.34418697357177735
		Training MAE Shift: 0.3436613082885742		 Val MAE Shift: 0.15976552963256835
              Training Euclidean Shift: 0.5303611159324646	 Val Euclidean Shift: 0.2512360572814941


Epoch 3/1000: Training Loss: 0.815807044506073		 Val Loss: 0.6326952457427979
		Training MAE Angle: 0.47891971468925476		 Val MAE Angle: 0.48116216659545896
              Training MSE Angle: 0.319359689950943		 Val MSE Angle: 0.3177292823791504
		Training MAE Shift: 0.17052136361598969		 Val MAE Shift: 0.13583590984344482
              Training Euclidean Shift: 0.26597681641578674	 Val Euclidean Shift: 0.21480748653411866


Epoch 4/1000: Training Loss: 0.6510441303253174		 Val Loss: 0.5773891925811767
		Training MAE Angle: 0.45513156056404114		 Val MAE Angle: 0.47940263748168943
              Training MSE Angle: 0.2996463179588318		 Val MSE Angle: 0.30798256397247314
		Training MAE Shift: 0.13755573332309723		 Val MAE Shift: 0.12366650104522706
              Training Euclidean Shift: 0.21387110650539398	 Val Euclidean Shift: 0.1966681718826294


Epoch 5/1000: Training Loss: 0.512186586856842		 Val Loss: 0.5437566757202148
		Training MAE Angle: 0.4439839720726013		 Val MAE Angle: 0.4572876453399658
              Training MSE Angle: 0.27392446994781494		 Val MSE Angle: 0.2802198171615601
		Training MAE Shift: 0.12051407247781754		 Val MAE Shift: 0.1263706922531128
              Training Euclidean Shift: 0.18778516352176666	 Val Euclidean Shift: 0.19885711669921874


Epoch 6/1000: Training Loss: 0.5582170486450195		 Val Loss: 2.78842716217041
		Training MAE Angle: 0.459994375705719		 Val MAE Angle: 0.4650111198425293
              Training MSE Angle: 0.28868556022644043		 Val MSE Angle: 0.299500846862793
		Training MAE Shift: 0.1198573186993599		 Val MAE Shift: 0.41504735946655275
              Training Euclidean Shift: 0.18778668344020844	 Val Euclidean Shift: 0.6434542179107666


Epoch 7/1000: Training Loss: 0.6390587687492371		 Val Loss: 0.37729926109313966
		Training MAE Angle: 0.3667450249195099		 Val MAE Angle: 0.3337472200393677
              Training MSE Angle: 0.2039661407470703		 Val MSE Angle: 0.1599040985107422
		Training MAE Shift: 0.15933360159397125		 Val MAE Shift: 0.10736143589019775
              Training Euclidean Shift: 0.2474106252193451	 Val Euclidean Shift: 0.1696377158164978


Epoch 8/1000: Training Loss: 0.3641788959503174		 Val Loss: 0.5264490127563477
		Training MAE Angle: 0.2619960606098175		 Val MAE Angle: 0.2191014051437378
              Training MSE Angle: 0.11593487113714218		 Val MSE Angle: 0.08389322757720948
		Training MAE Shift: 0.12074350565671921		 Val MAE Shift: 0.1558559775352478
              Training Euclidean Shift: 0.19001780450344086	 Val Euclidean Shift: 0.2475491762161255


Epoch 9/1000: Training Loss: 0.3188074231147766		 Val Loss: 0.5483219146728515
		Training MAE Angle: 0.19978833198547363		 Val MAE Angle: 0.23891816139221192
              Training MSE Angle: 0.06671323627233505		 Val MSE Angle: 0.08738794326782226
		Training MAE Shift: 0.12196474522352219		 Val MAE Shift: 0.176779305934906
              Training Euclidean Shift: 0.19182878732681274	 Val Euclidean Shift: 0.2766855001449585


Epoch 10/1000: Training Loss: 0.22531239688396454		 Val Loss: 0.2372828722000122
		Training MAE Angle: 0.17752259969711304		 Val MAE Angle: 0.20079176425933837
              Training MSE Angle: 0.0511343888938427		 Val MSE Angle: 0.06343351602554322
		Training MAE Shift: 0.10047124326229095		 Val MAE Shift: 0.1008310317993164
              Training Euclidean Shift: 0.15693563222885132	 Val Euclidean Shift: 0.15815049409866333


Epoch 11/1000: Training Loss: 0.21050995588302612		 Val Loss: 0.2422929048538208
		Training MAE Angle: 0.18559323251247406		 Val MAE Angle: 0.16671991348266602
              Training MSE Angle: 0.06018705293536186		 Val MSE Angle: 0.04681379199028015
		Training MAE Shift: 0.09537019580602646		 Val MAE Shift: 0.10610861778259277
              Training Euclidean Shift: 0.15012846887111664	 Val Euclidean Shift: 0.16655635833740234


Epoch 12/1000: Training Loss: 0.23986896872520447		 Val Loss: 0.2128316879272461
		Training MAE Angle: 0.18461857736110687		 Val MAE Angle: 0.15879114866256713
              Training MSE Angle: 0.05933469533920288		 Val MSE Angle: 0.04336226284503937
		Training MAE Shift: 0.10333757847547531		 Val MAE Shift: 0.09756572246551513
              Training Euclidean Shift: 0.16286703944206238	 Val Euclidean Shift: 0.15262504816055297


Epoch 13/1000: Training Loss: 0.47956109046936035		 Val Loss: 0.33185834884643556
		Training MAE Angle: 0.22919364273548126		 Val MAE Angle: 0.21391911506652833
              Training MSE Angle: 0.09164563566446304		 Val MSE Angle: 0.0699435293674469
		Training MAE Shift: 0.14271177351474762		 Val MAE Shift: 0.12228899002075196
              Training Euclidean Shift: 0.2239200621843338	 Val Euclidean Shift: 0.1948959469795227


Epoch 14/1000: Training Loss: 0.2661600410938263		 Val Loss: 0.2770257472991943
		Training MAE Angle: 0.18477755784988403		 Val MAE Angle: 0.18506209850311278
              Training MSE Angle: 0.05516832321882248		 Val MSE Angle: 0.06492359042167664
		Training MAE Shift: 0.11232984811067581		 Val MAE Shift: 0.11137031316757202
              Training Euclidean Shift: 0.17622388899326324	 Val Euclidean Shift: 0.17763402462005615


Epoch 15/1000: Training Loss: 0.16645531356334686		 Val Loss: 0.2357481002807617
		Training MAE Angle: 0.17003434896469116		 Val MAE Angle: 0.20947611331939697
              Training MSE Angle: 0.04614292085170746		 Val MSE Angle: 0.06976005434989929
		Training MAE Shift: 0.0834156796336174		 Val MAE Shift: 0.0971461296081543
              Training Euclidean Shift: 0.13232234120368958	 Val Euclidean Shift: 0.15120357275009155


Epoch 16/1000: Training Loss: 0.22820143401622772		 Val Loss: 0.16293025016784668
		Training MAE Angle: 0.17464013397693634		 Val MAE Angle: 0.1680671453475952
              Training MSE Angle: 0.05027109012007713		 Val MSE Angle: 0.04494514167308807
		Training MAE Shift: 0.09871961176395416		 Val MAE Shift: 0.08206983208656311
              Training Euclidean Shift: 0.15671846270561218	 Val Euclidean Shift: 0.12865545749664306


Epoch 17/1000: Training Loss: 0.19401390850543976		 Val Loss: 0.17805546522140503
		Training MAE Angle: 0.1463070511817932		 Val MAE Angle: 0.16470006704330445
              Training MSE Angle: 0.0357627272605896		 Val MSE Angle: 0.04883269965648651
		Training MAE Shift: 0.0997917428612709		 Val MAE Shift: 0.08230486512184143
              Training Euclidean Shift: 0.15548314154148102	 Val Euclidean Shift: 0.13040463924407958


Epoch 18/1000: Training Loss: 0.1829329878091812		 Val Loss: 0.1294360876083374
		Training MAE Angle: 0.1445128321647644		 Val MAE Angle: 0.13506454229354858
              Training MSE Angle: 0.03631146252155304		 Val MSE Angle: 0.03222256004810333
		Training MAE Shift: 0.08790954202413559		 Val MAE Shift: 0.07516210675239562
              Training Euclidean Shift: 0.13853266835212708	 Val Euclidean Shift: 0.11728458404541016


Epoch 19/1000: Training Loss: 0.16497741639614105		 Val Loss: 0.18920470476150514
		Training MAE Angle: 0.13726261258125305		 Val MAE Angle: 0.13493306636810304
              Training MSE Angle: 0.0379885695874691		 Val MSE Angle: 0.03480682373046875
		Training MAE Shift: 0.08671721071004868		 Val MAE Shift: 0.0894637644290924
              Training Euclidean Shift: 0.13612782955169678	 Val Euclidean Shift: 0.14268138408660888


Epoch 20/1000: Training Loss: 0.18959546089172363		 Val Loss: 0.28039333820343015
		Training MAE Angle: 0.14910157024860382		 Val MAE Angle: 0.1642560601234436
              Training MSE Angle: 0.03933288902044296		 Val MSE Angle: 0.049274951219558716
		Training MAE Shift: 0.09383462369441986		 Val MAE Shift: 0.11240319013595582
              Training Euclidean Shift: 0.1471904069185257	 Val Euclidean Shift: 0.1738468289375305


Epoch 21/1000: Training Loss: 0.3100605309009552		 Val Loss: 0.3276097774505615
		Training MAE Angle: 0.16920199990272522		 Val MAE Angle: 0.2034055471420288
              Training MSE Angle: 0.052613694220781326		 Val MSE Angle: 0.07077976465225219
		Training MAE Shift: 0.12338152527809143		 Val MAE Shift: 0.12376116514205933
              Training Euclidean Shift: 0.19359077513217926	 Val Euclidean Shift: 0.19341599941253662


Epoch 22/1000: Training Loss: 0.24472904205322266		 Val Loss: 0.15413932800292968
		Training MAE Angle: 0.15800879895687103		 Val MAE Angle: 0.13688844442367554
              Training MSE Angle: 0.045431774109601974		 Val MSE Angle: 0.03562376499176025
		Training MAE Shift: 0.10248386114835739		 Val MAE Shift: 0.08040105104446411
              Training Euclidean Shift: 0.1612209528684616	 Val Euclidean Shift: 0.12664949893951416


Epoch 23/1000: Training Loss: 0.1337764710187912		 Val Loss: 0.1629517674446106
		Training MAE Angle: 0.14868612587451935		 Val MAE Angle: 0.15521678924560547
              Training MSE Angle: 0.040496960282325745		 Val MSE Angle: 0.04348998367786407
		Training MAE Shift: 0.07505826652050018		 Val MAE Shift: 0.08223723769187927
              Training Euclidean Shift: 0.11628881841897964	 Val Euclidean Shift: 0.1303435206413269


Epoch 24/1000: Training Loss: 0.16526176035404205		 Val Loss: 0.18527864217758178
		Training MAE Angle: 0.14652179181575775		 Val MAE Angle: 0.17190202474594116
              Training MSE Angle: 0.03610070049762726		 Val MSE Angle: 0.04707308113574982
		Training MAE Shift: 0.08527049422264099		 Val MAE Shift: 0.09228803515434265
              Training Euclidean Shift: 0.13482853770256042	 Val Euclidean Shift: 0.14636112451553346


