###########################################################################################################################################################

                         learning rate: 6e-05,  mlp_hidden_sizes: [1024, 512], batch_size: 32, norm: True, alpha: 10, avg embeddings: False, 
                        crop: 224 resize: 256, use conv: True pretrained: None, seed: 42, angle range: 90, shift range: 110, 
                        train length: 9216, val length: 1600, test length: 1600, get old path: False, embeddings to use: ['rotated_embeddings', 'original_embeddings'],
                        use_cls: False, frozen layer: 4


Epoch 1/300: Training Loss: 0.7909080187479655		 Val Loss: 0.42995868682861327
	      Training MAE Angle: 0.4993799527486165		 Val MAE Angle: 0.5018539428710938
              Training MSE Angle: 0.332784997092353		 Val MSE Angle: 0.33324031829833983
	      Training MAE Shift: 0.11614698833889431		 Val MAE Shift: 0.06585772514343262
              Training Euclidean Shift: 0.1797022819519043	 Val Euclidean Shift: 0.10366841316223145


Epoch 2/300: Training Loss: 0.37567705578274196		 Val Loss: 0.41414398193359375
	      Training MAE Angle: 0.49881776173909503		 Val MAE Angle: 0.5059859466552734
              Training MSE Angle: 0.33336173163519967		 Val MSE Angle: 0.3438074493408203
	      Training MAE Shift: 0.04601677589946323		 Val MAE Shift: 0.06199286460876465
              Training Euclidean Shift: 0.07224192221959432	 Val Euclidean Shift: 0.09820819854736328


Epoch 3/300: Training Loss: 0.3746045430501302		 Val Loss: 0.3514092254638672
	      Training MAE Angle: 0.49876764085557723		 Val MAE Angle: 0.4918962478637695
              Training MSE Angle: 0.33389679590861004		 Val MSE Angle: 0.32189384460449216
	      Training MAE Shift: 0.044865310192108154		 Val MAE Shift: 0.03928815126419068
              Training Euclidean Shift: 0.07065399487813313	 Val Euclidean Shift: 0.061870880126953125


Epoch 4/300: Training Loss: 0.3632556332482232		 Val Loss: 0.3560700225830078
	      Training MAE Angle: 0.5082391632927789		 Val MAE Angle: 0.49792301177978515
              Training MSE Angle: 0.3414343198140462		 Val MSE Angle: 0.3347599411010742
	      Training MAE Shift: 0.03197315335273743		 Val MAE Shift: 0.03140926122665405
              Training Euclidean Shift: 0.05019365085495843	 Val Euclidean Shift: 0.0490202522277832


Epoch 5/300: Training Loss: 0.355764733420478		 Val Loss: 0.3638066482543945
	      Training MAE Angle: 0.5010601679484049		 Val MAE Angle: 0.508697624206543
              Training MSE Angle: 0.33445188734266496		 Val MSE Angle: 0.33887126922607425
	      Training MAE Shift: 0.031271388133366905		 Val MAE Shift: 0.034995152950286865
              Training Euclidean Shift: 0.049202024936676025	 Val Euclidean Shift: 0.055309724807739255


Epoch 6/300: Training Loss: 0.35307494799296063		 Val Loss: 0.3580113220214844
	      Training MAE Angle: 0.4997095531887478		 Val MAE Angle: 0.5106174850463867
              Training MSE Angle: 0.3352091842227512		 Val MSE Angle: 0.3441653823852539
	      Training MAE Shift: 0.028906378481123183		 Val MAE Shift: 0.023458936214447022
              Training Euclidean Shift: 0.04539271195729574	 Val Euclidean Shift: 0.03669501304626465


Epoch 7/300: Training Loss: 0.3453855514526367		 Val Loss: 0.3489828872680664
	      Training MAE Angle: 0.498033258650038		 Val MAE Angle: 0.5044872283935546
              Training MSE Angle: 0.3313567903306749		 Val MSE Angle: 0.338199577331543
	      Training MAE Shift: 0.025410922037230596		 Val MAE Shift: 0.01985134482383728
              Training Euclidean Shift: 0.03991788294580248	 Val Euclidean Shift: 0.031296062469482425


Epoch 8/300: Training Loss: 0.3449098798963759		 Val Loss: 0.34789993286132814
	      Training MAE Angle: 0.5010469224717882		 Val MAE Angle: 0.5012696075439453
              Training MSE Angle: 0.33188274171617294		 Val MSE Angle: 0.3348725891113281
	      Training MAE Shift: 0.02388982309235467		 Val MAE Shift: 0.021542418003082275
              Training Euclidean Shift: 0.03753622041808234	 Val Euclidean Shift: 0.03405644178390503


Epoch 9/300: Training Loss: 0.32274606492784286		 Val Loss: 0.42410152435302734
	      Training MAE Angle: 0.4967030949062771		 Val MAE Angle: 0.5089398574829102
              Training MSE Angle: 0.30115609698825413		 Val MSE Angle: 0.379708366394043
	      Training MAE Shift: 0.03185113933351305		 Val MAE Shift: 0.04832275390625
              Training Euclidean Shift: 0.05001378059387207	 Val Euclidean Shift: 0.07555384635925293


Epoch 10/300: Training Loss: 0.2879320780436198		 Val Loss: 0.27882755279541016
	      Training MAE Angle: 0.4781363805135091		 Val MAE Angle: 0.4551842498779297
              Training MSE Angle: 0.2663235929277208		 Val MSE Angle: 0.2580205154418945
	      Training MAE Shift: 0.03263922863536411		 Val MAE Shift: 0.03375963926315308
              Training Euclidean Shift: 0.05136843191252814	 Val Euclidean Shift: 0.053309173583984376


Epoch 11/300: Training Loss: 0.2642105420430501		 Val Loss: 0.22889265060424804
	      Training MAE Angle: 0.44567574395073783		 Val MAE Angle: 0.38469181060791013
              Training MSE Angle: 0.24338830841912162		 Val MSE Angle: 0.20689586639404298
	      Training MAE Shift: 0.031890938679377236		 Val MAE Shift: 0.03430069446563721
              Training Euclidean Shift: 0.050124403503206044	 Val Euclidean Shift: 0.05433348655700684


Epoch 12/300: Training Loss: 0.24799230363633898		 Val Loss: 0.20490989685058594
	      Training MAE Angle: 0.3994629383087158		 Val MAE Angle: 0.3618947982788086
              Training MSE Angle: 0.2212205727895101		 Val MSE Angle: 0.18873186111450196
	      Training MAE Shift: 0.035733557409710355		 Val MAE Shift: 0.028822810649871827
              Training Euclidean Shift: 0.0562167763710022	 Val Euclidean Shift: 0.04536649703979492


Epoch 13/300: Training Loss: 0.22077171007792154		 Val Loss: 0.16894018173217773
	      Training MAE Angle: 0.3639533519744873		 Val MAE Angle: 0.2984862518310547
              Training MSE Angle: 0.19990298483106825		 Val MSE Angle: 0.1433229351043701
	      Training MAE Shift: 0.03214538097381592		 Val MAE Shift: 0.03826246500015259
              Training Euclidean Shift: 0.050476517942216664	 Val Euclidean Shift: 0.060612025260925295


Epoch 14/300: Training Loss: 0.17321219709184435		 Val Loss: 0.14362627029418945
	      Training MAE Angle: 0.3056107097201877		 Val MAE Angle: 0.25919477462768553
              Training MSE Angle: 0.15290070904625785		 Val MSE Angle: 0.1253372001647949
	      Training MAE Shift: 0.030973570214377508		 Val MAE Shift: 0.02989362716674805
              Training Euclidean Shift: 0.048612111144595675	 Val Euclidean Shift: 0.04701135635375977


Epoch 15/300: Training Loss: 0.1539498037762112		 Val Loss: 0.12957983016967772
	      Training MAE Angle: 0.2800191773308648		 Val MAE Angle: 0.2470448875427246
              Training MSE Angle: 0.13690990871853298		 Val MSE Angle: 0.1105803394317627
	      Training MAE Shift: 0.028301358222961426		 Val MAE Shift: 0.03198187828063965
              Training Euclidean Shift: 0.04437178704473707	 Val Euclidean Shift: 0.04976887226104736


Epoch 16/300: Training Loss: 0.1411356528600057		 Val Loss: 0.1541624164581299
	      Training MAE Angle: 0.2623625066545274		 Val MAE Angle: 0.2620075225830078
              Training MSE Angle: 0.12545723385281032		 Val MSE Angle: 0.13720858573913575
	      Training MAE Shift: 0.02708885735935635		 Val MAE Shift: 0.028862550258636474
              Training Euclidean Shift: 0.042511194944381714	 Val Euclidean Shift: 0.045263237953186035


Epoch 17/300: Training Loss: 0.14122006628248426		 Val Loss: 0.11910365104675293
	      Training MAE Angle: 0.25883637534247506		 Val MAE Angle: 0.22081779479980468
              Training MSE Angle: 0.12446773052215576		 Val MSE Angle: 0.10385986328125
	      Training MAE Shift: 0.027842478619681463		 Val MAE Shift: 0.025693514347076417
              Training Euclidean Shift: 0.0436223480436537	 Val Euclidean Shift: 0.04031834602355957


Epoch 18/300: Training Loss: 0.13127607769436306		 Val Loss: 0.1381656265258789
	      Training MAE Angle: 0.2466539806789822		 Val MAE Angle: 0.23641170501708986
              Training MSE Angle: 0.11712249120076497		 Val MSE Angle: 0.11411069869995118
	      Training MAE Shift: 0.02550221648481157		 Val MAE Shift: 0.025247879028320312
              Training Euclidean Shift: 0.0400411155488756	 Val Euclidean Shift: 0.03993996620178222


Epoch 19/300: Training Loss: 0.13466698593563503		 Val Loss: 0.12794328689575196
	      Training MAE Angle: 0.2439381546444363		 Val MAE Angle: 0.23055776596069336
              Training MSE Angle: 0.11555364396837023		 Val MSE Angle: 0.10925339698791504
	      Training MAE Shift: 0.02787615524397956		 Val MAE Shift: 0.02873025894165039
              Training Euclidean Shift: 0.043824960788091026	 Val Euclidean Shift: 0.045050244331359866


Epoch 20/300: Training Loss: 0.1268385648727417		 Val Loss: 0.11533982276916505
	      Training MAE Angle: 0.23652646276685926		 Val MAE Angle: 0.21418895721435546
              Training MSE Angle: 0.11045441362592909		 Val MSE Angle: 0.09971717834472656
	      Training MAE Shift: 0.02735571066538493		 Val MAE Shift: 0.026485729217529296
              Training Euclidean Shift: 0.04312106635835436	 Val Euclidean Shift: 0.04186975002288818


Epoch 21/300: Training Loss: 0.11263537406921387		 Val Loss: 0.10195945739746094
	      Training MAE Angle: 0.2189195156097412		 Val MAE Angle: 0.1982666778564453
              Training MSE Angle: 0.10003803173700969		 Val MSE Angle: 0.08897294044494629
	      Training MAE Shift: 0.02404214276207818		 Val MAE Shift: 0.025328443050384522
              Training Euclidean Shift: 0.037714733017815485	 Val Euclidean Shift: 0.03999965906143189


Epoch 22/300: Training Loss: 0.11669984128740099		 Val Loss: 0.09395030975341796
	      Training MAE Angle: 0.2230768468644884		 Val MAE Angle: 0.17779613494873048
              Training MSE Angle: 0.10262051555845472		 Val MSE Angle: 0.07776072025299072
	      Training MAE Shift: 0.02528140279981825		 Val MAE Shift: 0.023685948848724367
              Training Euclidean Shift: 0.03972976737552219	 Val Euclidean Shift: 0.037273097038269046


Epoch 23/300: Training Loss: 0.11268254121144612		 Val Loss: 0.09762166023254394
	      Training MAE Angle: 0.21371248033311632		 Val MAE Angle: 0.1877223014831543
              Training MSE Angle: 0.0987167755762736		 Val MSE Angle: 0.08649563789367676
	      Training MAE Shift: 0.025161006384425692		 Val MAE Shift: 0.02176746129989624
              Training Euclidean Shift: 0.03960547182295057	 Val Euclidean Shift: 0.034199366569519045


Epoch 24/300: Training Loss: 0.11350313822428386		 Val Loss: 0.11315638542175294
	      Training MAE Angle: 0.2166351212395562		 Val MAE Angle: 0.2031729316711426
              Training MSE Angle: 0.09968413247002496		 Val MSE Angle: 0.09827503204345703
	      Training MAE Shift: 0.02490060528119405		 Val MAE Shift: 0.028817780017852783
              Training Euclidean Shift: 0.03914249605602688	 Val Euclidean Shift: 0.04509462833404541


Epoch 25/300: Training Loss: 0.10716638300153944		 Val Loss: 0.10666078567504883
	      Training MAE Angle: 0.20693861113654244		 Val MAE Angle: 0.19406658172607422
              Training MSE Angle: 0.09436578883065118		 Val MSE Angle: 0.09521767616271973
	      Training MAE Shift: 0.024423826071951125		 Val MAE Shift: 0.021236262321472167
              Training Euclidean Shift: 0.03837083776791891	 Val Euclidean Shift: 0.03338473320007324


Epoch 26/300: Training Loss: 0.10643133852216932		 Val Loss: 0.09672597885131835
	      Training MAE Angle: 0.20653698179456922		 Val MAE Angle: 0.19285379409790038
              Training MSE Angle: 0.09485681189431085		 Val MSE Angle: 0.08349322319030762
	      Training MAE Shift: 0.02264236741595798		 Val MAE Shift: 0.02310481071472168
              Training Euclidean Shift: 0.035488135284847684	 Val Euclidean Shift: 0.036061527729034426


Epoch 27/300: Training Loss: 0.1102892557779948		 Val Loss: 0.11095744132995605
	      Training MAE Angle: 0.20783868100908068		 Val MAE Angle: 0.2043472099304199
              Training MSE Angle: 0.09571400615904066		 Val MSE Angle: 0.09499388694763183
	      Training MAE Shift: 0.02506167193253835		 Val MAE Shift: 0.02603966951370239
              Training Euclidean Shift: 0.03941684299045139	 Val Euclidean Shift: 0.04075309753417969


Epoch 28/300: Training Loss: 0.10964035987854004		 Val Loss: 0.09694026947021485
	      Training MAE Angle: 0.20830567677815756		 Val MAE Angle: 0.18831180572509765
              Training MSE Angle: 0.0969367159737481		 Val MSE Angle: 0.08229385375976563
	      Training MAE Shift: 0.023853326837221783		 Val MAE Shift: 0.026031367778778076
              Training Euclidean Shift: 0.037535644239849515	 Val Euclidean Shift: 0.040809068679809574


Epoch 29/300: Training Loss: 0.10847241348690456		 Val Loss: 0.10311068534851074
	      Training MAE Angle: 0.2041949298646715		 Val MAE Angle: 0.193520450592041
              Training MSE Angle: 0.09500247902340359		 Val MSE Angle: 0.08852664947509765
	      Training MAE Shift: 0.023709214395946927		 Val MAE Shift: 0.026560697555541992
              Training Euclidean Shift: 0.03729211621814304	 Val Euclidean Shift: 0.04214800357818604


Epoch 30/300: Training Loss: 0.1007786128256056		 Val Loss: 0.09028951644897461
	      Training MAE Angle: 0.19689292377895778		 Val MAE Angle: 0.17801841735839843
              Training MSE Angle: 0.09019559621810913		 Val MSE Angle: 0.0791837739944458
	      Training MAE Shift: 0.02159313029713101		 Val MAE Shift: 0.020602025985717774
              Training Euclidean Shift: 0.033849232726626925	 Val Euclidean Shift: 0.03267243146896362


Epoch 31/300: Training Loss: 0.09834879636764526		 Val Loss: 0.08983994483947753
	      Training MAE Angle: 0.19464494122399223		 Val MAE Angle: 0.17113319396972657
              Training MSE Angle: 0.08726753791173299		 Val MSE Angle: 0.0791770315170288
	      Training MAE Shift: 0.022539011306232877		 Val MAE Shift: 0.020090925693511962
              Training Euclidean Shift: 0.03546223706669278	 Val Euclidean Shift: 0.03166347503662109


Epoch 32/300: Training Loss: 0.09832451740900676		 Val Loss: 0.08829747200012207
	      Training MAE Angle: 0.19123591317070854		 Val MAE Angle: 0.16794271469116212
              Training MSE Angle: 0.08603336413701375		 Val MSE Angle: 0.07525281429290771
	      Training MAE Shift: 0.02301560839017232		 Val MAE Shift: 0.027270479202270506
              Training Euclidean Shift: 0.0362209247218238	 Val Euclidean Shift: 0.04286518096923828


Epoch 33/300: Training Loss: 0.10352779097027248		 Val Loss: 0.09500462532043458
	      Training MAE Angle: 0.1961045132742988		 Val MAE Angle: 0.1926784896850586
              Training MSE Angle: 0.09129914310243395		 Val MSE Angle: 0.08133005142211915
	      Training MAE Shift: 0.023205738928582933		 Val MAE Shift: 0.022515435218811036
              Training Euclidean Shift: 0.03657814198070102	 Val Euclidean Shift: 0.03536502122879028


Epoch 34/300: Training Loss: 0.09403184387418959		 Val Loss: 0.09298274993896484
	      Training MAE Angle: 0.1868290768729316		 Val MAE Angle: 0.173997745513916
              Training MSE Angle: 0.08356249332427979		 Val MSE Angle: 0.07837534427642823
	      Training MAE Shift: 0.022186219692230225		 Val MAE Shift: 0.02716676950454712
              Training Euclidean Shift: 0.03487537304560343	 Val Euclidean Shift: 0.042517499923706056


Epoch 35/300: Training Loss: 0.1000004874335395		 Val Loss: 0.08845738410949706
	      Training MAE Angle: 0.1914573245578342		 Val MAE Angle: 0.17201770782470704
              Training MSE Angle: 0.08930087089538574		 Val MSE Angle: 0.0793677568435669
	      Training MAE Shift: 0.021744895312521193		 Val MAE Shift: 0.019588547945022582
              Training Euclidean Shift: 0.03415954113006592	 Val Euclidean Shift: 0.030914881229400636


Epoch 36/300: Training Loss: 0.09908413887023926		 Val Loss: 0.10551617622375488
	      Training MAE Angle: 0.18564653396606445		 Val MAE Angle: 0.1930511474609375
              Training MSE Angle: 0.08499712414211696		 Val MSE Angle: 0.09170714378356934
	      Training MAE Shift: 0.0241764055358039		 Val MAE Shift: 0.02214660167694092
              Training Euclidean Shift: 0.037990705834494695	 Val Euclidean Shift: 0.0350084924697876


Epoch 37/300: Training Loss: 0.09875848558213976		 Val Loss: 0.09078455924987792
	      Training MAE Angle: 0.18644589847988552		 Val MAE Angle: 0.167731876373291
              Training MSE Angle: 0.08549336592356364		 Val MSE Angle: 0.08130243301391601
	      Training MAE Shift: 0.024139727155367535		 Val MAE Shift: 0.02214460849761963
              Training Euclidean Shift: 0.037916753027174205	 Val Euclidean Shift: 0.034919872283935546


Epoch 38/300: Training Loss: 0.09070485830307007		 Val Loss: 0.0916431999206543
	      Training MAE Angle: 0.17754757404327393		 Val MAE Angle: 0.16533391952514648
              Training MSE Angle: 0.08065999878777398		 Val MSE Angle: 0.08133101463317871
	      Training MAE Shift: 0.021292668249871995		 Val MAE Shift: 0.020489015579223634
              Training Euclidean Shift: 0.033458981249067515	 Val Euclidean Shift: 0.032165875434875486


Epoch 39/300: Training Loss: 0.0913532707426283		 Val Loss: 0.1082911491394043
	      Training MAE Angle: 0.17792930867936876		 Val MAE Angle: 0.18181325912475585
              Training MSE Angle: 0.08118812905417548		 Val MSE Angle: 0.09288921356201171
	      Training MAE Shift: 0.021564467085732356		 Val MAE Shift: 0.026887924671173097
              Training Euclidean Shift: 0.033837272061242	 Val Euclidean Shift: 0.04205461502075195


Epoch 40/300: Training Loss: 0.08749060498343574		 Val Loss: 0.0967803955078125
	      Training MAE Angle: 0.17672210269504124		 Val MAE Angle: 0.19042295455932617
              Training MSE Angle: 0.07799278365241157		 Val MSE Angle: 0.08618867874145508
	      Training MAE Shift: 0.020458761188719008		 Val MAE Shift: 0.021638245582580568
              Training Euclidean Shift: 0.0322111447652181	 Val Euclidean Shift: 0.03408780097961426


Epoch 41/300: Training Loss: 0.09023517370223999		 Val Loss: 0.08889850616455078
	      Training MAE Angle: 0.1782298485438029		 Val MAE Angle: 0.16483306884765625
              Training MSE Angle: 0.08089122507307264		 Val MSE Angle: 0.08072122573852539
	      Training MAE Shift: 0.0206119351916843		 Val MAE Shift: 0.01908404231071472
              Training Euclidean Shift: 0.032355937692854136	 Val Euclidean Shift: 0.02994323968887329


Epoch 42/300: Training Loss: 0.0941384302245246		 Val Loss: 0.09301947593688965
	      Training MAE Angle: 0.18004979027642143		 Val MAE Angle: 0.18078506469726563
              Training MSE Angle: 0.08517356713612874		 Val MSE Angle: 0.0840436840057373
	      Training MAE Shift: 0.019854091935687594		 Val MAE Shift: 0.020572357177734375
              Training Euclidean Shift: 0.03125197688738505	 Val Euclidean Shift: 0.032575838565826416


Epoch 43/300: Training Loss: 0.08909616867701213		 Val Loss: 0.08434557914733887
	      Training MAE Angle: 0.17534446716308594		 Val MAE Angle: 0.16506771087646485
              Training MSE Angle: 0.07903715636995104		 Val MSE Angle: 0.07036760330200195
	      Training MAE Shift: 0.02089679737885793		 Val MAE Shift: 0.024084248542785645
              Training Euclidean Shift: 0.032834877570470176	 Val Euclidean Shift: 0.03807690382003784


Epoch 44/300: Training Loss: 0.08708257807625665		 Val Loss: 0.08570625305175782
	      Training MAE Angle: 0.17190035184224448		 Val MAE Angle: 0.15988900184631347
              Training MSE Angle: 0.07851901319291857		 Val MSE Angle: 0.07582395553588867
	      Training MAE Shift: 0.019716958204905193		 Val MAE Shift: 0.02039949655532837
              Training Euclidean Shift: 0.03101915783352322	 Val Euclidean Shift: 0.03206530332565308


Epoch 45/300: Training Loss: 0.09369106425179376		 Val Loss: 0.07946781158447265
	      Training MAE Angle: 0.17934099833170572		 Val MAE Angle: 0.15598482131958008
              Training MSE Angle: 0.08334143956502278		 Val MSE Angle: 0.06943981170654297
	      Training MAE Shift: 0.021824755602412753		 Val MAE Shift: 0.021957485675811766
              Training Euclidean Shift: 0.03426668710178799	 Val Euclidean Shift: 0.03415879487991333


Epoch 46/300: Training Loss: 0.09092679950926039		 Val Loss: 0.09489768981933594
	      Training MAE Angle: 0.1738877163992988		 Val MAE Angle: 0.15544478416442872
              Training MSE Angle: 0.08128468857871161		 Val MSE Angle: 0.07770153522491455
	      Training MAE Shift: 0.020397275686264038		 Val MAE Shift: 0.024222290515899657
              Training Euclidean Shift: 0.032098856237199574	 Val Euclidean Shift: 0.03849555492401123


Epoch 47/300: Training Loss: 0.09022286203172472		 Val Loss: 0.0750655174255371
	      Training MAE Angle: 0.1715012788772583		 Val MAE Angle: 0.14946648597717285
              Training MSE Angle: 0.07892999384138319		 Val MSE Angle: 0.06164999008178711
	      Training MAE Shift: 0.02157250377866957		 Val MAE Shift: 0.026342592239379882
              Training Euclidean Shift: 0.03396837247742547	 Val Euclidean Shift: 0.04134752750396729


Epoch 48/300: Training Loss: 0.08348951737085979		 Val Loss: 0.08705616950988769
	      Training MAE Angle: 0.16789986027611625		 Val MAE Angle: 0.1755783462524414
              Training MSE Angle: 0.07522955205705431		 Val MSE Angle: 0.07773297309875488
	      Training MAE Shift: 0.019764686624209087		 Val MAE Shift: 0.02086907148361206
              Training Euclidean Shift: 0.031073500712712605	 Val Euclidean Shift: 0.03267183303833008


Epoch 49/300: Training Loss: 0.08272453149159749		 Val Loss: 0.10291065216064453
	      Training MAE Angle: 0.16324220763312447		 Val MAE Angle: 0.16850109100341798
              Training MSE Angle: 0.07359536488850911		 Val MSE Angle: 0.0927877426147461
	      Training MAE Shift: 0.02039324575000339		 Val MAE Shift: 0.02130577087402344
              Training Euclidean Shift: 0.0320385562049018	 Val Euclidean Shift: 0.03336680889129639


Epoch 50/300: Training Loss: 0.09299645158979628		 Val Loss: 0.11347278594970703
	      Training MAE Angle: 0.17064184612698025		 Val MAE Angle: 0.17935836791992188
              Training MSE Angle: 0.08194241921106975		 Val MSE Angle: 0.09425697326660157
	      Training MAE Shift: 0.021830429633458454		 Val MAE Shift: 0.028944411277770997
              Training Euclidean Shift: 0.03435272309515211	 Val Euclidean Shift: 0.045647110939025876


Epoch 51/300: Training Loss: 0.08253610796398586		 Val Loss: 0.08080318450927734
	      Training MAE Angle: 0.16047483020358616		 Val MAE Angle: 0.1524902629852295
              Training MSE Angle: 0.07101559638977051		 Val MSE Angle: 0.06837958812713624
	      Training MAE Shift: 0.022508809963862102		 Val MAE Shift: 0.02266902446746826
              Training Euclidean Shift: 0.035388787587483726	 Val Euclidean Shift: 0.03557534694671631


Epoch 52/300: Training Loss: 0.09354584084616767		 Val Loss: 0.08362838745117188
	      Training MAE Angle: 0.16645141442616782		 Val MAE Angle: 0.14557271003723143
              Training MSE Angle: 0.0781523651546902		 Val MSE Angle: 0.06460423946380615
	      Training MAE Shift: 0.025684510668118794		 Val MAE Shift: 0.028838703632354735
              Training Euclidean Shift: 0.04036169581943088	 Val Euclidean Shift: 0.04516242980957031


Epoch 53/300: Training Loss: 0.08574235439300537		 Val Loss: 0.0816863250732422
	      Training MAE Angle: 0.1618690225813124		 Val MAE Angle: 0.15475117683410644
              Training MSE Angle: 0.07321656412548488		 Val MSE Angle: 0.07080986022949219
	      Training MAE Shift: 0.0233946293592453		 Val MAE Shift: 0.022334270477294922
              Training Euclidean Shift: 0.03676240974002414	 Val Euclidean Shift: 0.035322940349578856


Epoch 54/300: Training Loss: 0.08441733651691014		 Val Loss: 0.09363381385803222
	      Training MAE Angle: 0.16208207607269287		 Val MAE Angle: 0.15742952346801758
              Training MSE Angle: 0.07414809862772624		 Val MSE Angle: 0.07934912204742432
	      Training MAE Shift: 0.020789818631278142		 Val MAE Shift: 0.024526689052581787
              Training Euclidean Shift: 0.032719416750801936	 Val Euclidean Shift: 0.03830549955368042


Epoch 55/300: Training Loss: 0.07752333747016059		 Val Loss: 0.07005216598510743
	      Training MAE Angle: 0.15426839722527397		 Val MAE Angle: 0.13994359016418456
              Training MSE Angle: 0.06848171684477064		 Val MSE Angle: 0.06110734462738037
	      Training MAE Shift: 0.020335864689615037		 Val MAE Shift: 0.018515255451202393
              Training Euclidean Shift: 0.03197670645183987	 Val Euclidean Shift: 0.029182984828948974


Epoch 56/300: Training Loss: 0.0807893607351515		 Val Loss: 0.09725295066833496
	      Training MAE Angle: 0.1538313759697808		 Val MAE Angle: 0.165993595123291
              Training MSE Angle: 0.07113242149353027		 Val MSE Angle: 0.08082015037536622
	      Training MAE Shift: 0.020622337857882183		 Val MAE Shift: 0.019521422386169433
              Training Euclidean Shift: 0.03245503703753153	 Val Euclidean Shift: 0.030809714794158935


