Epoch 1588/2000: Training Loss: 0.1248866509700167		 Val Loss: 0.40597907702128094
             Training MAE: 0.03626631945371628		 Val MAE: 0.034937672317028046
             Algebraic dist: 0.9944490073383718		 Val Algebraic dist: 1.8278552691141765
             RE1 dist: 1.1188426363295403		 Val RE1 dist: 4.214293797810872
             SED dist: 1.1969083703082541		 Val SED dist: 4.0111128489176435

Epoch 1589/2000: Training Loss: 0.1217143846594769		 Val Loss: 0.3983190854390462
             Training MAE: 0.03485112264752388		 Val MAE: 0.033524028956890106
             Algebraic dist: 0.9443099533302196		 Val Algebraic dist: 1.7773442268371582
             RE1 dist: 1.0243200772050498		 Val RE1 dist: 3.975998878479004
             SED dist: 1.166871554609658		 Val SED dist: 3.9351011912027993

Epoch 1590/2000: Training Loss: 0.12148005720497905		 Val Loss: 0.3497881094614665
             Training MAE: 0.03546949103474617		 Val MAE: 0.03405015543103218
             Algebraic dist: 0.9503675820170969		 Val Algebraic dist: 1.7263903617858887
             RE1 dist: 1.0263721631920857		 Val RE1 dist: 3.3485596974690757
             SED dist: 1.1633729796478713		 Val SED dist: 3.449127515157064

Epoch 1591/2000: Training Loss: 0.10807118899580362		 Val Loss: 0.3763405481974284
             Training MAE: 0.03523898124694824		 Val MAE: 0.03655929118394852
             Algebraic dist: 0.8657580942347429		 Val Algebraic dist: 1.5860368410746257
             RE1 dist: 0.8558603922526041		 Val RE1 dist: 3.142369588216146
             SED dist: 1.0286941528320312		 Val SED dist: 3.709789276123047

Epoch 1592/2000: Training Loss: 0.1188597610031349		 Val Loss: 0.4328008492787679
             Training MAE: 0.03663311153650284		 Val MAE: 0.033998649567365646
             Algebraic dist: 0.8967510720957881		 Val Algebraic dist: 2.1728102366129556
             RE1 dist: 0.9211607117583787		 Val RE1 dist: 4.161569595336914
             SED dist: 1.1343319657920063		 Val SED dist: 4.279420852661133

Epoch 1593/2000: Training Loss: 0.11870327548704286		 Val Loss: 0.3348950544993083
             Training MAE: 0.03565015271306038		 Val MAE: 0.03323201835155487
             Algebraic dist: 0.9365582673445992		 Val Algebraic dist: 1.6455278396606445
             RE1 dist: 0.989381762518399		 Val RE1 dist: 2.707402229309082
             SED dist: 1.1351594786713088		 Val SED dist: 3.299462000528971

Epoch 1594/2000: Training Loss: 0.13455223691636237		 Val Loss: 0.3870950937271118
             Training MAE: 0.03557714819908142		 Val MAE: 0.032609980553388596
             Algebraic dist: 0.9945861152980638		 Val Algebraic dist: 1.8178887367248535
             RE1 dist: 1.1066924385402515		 Val RE1 dist: 3.834872245788574
             SED dist: 1.2935807601265286		 Val SED dist: 3.8237101236979165

Epoch 1595/2000: Training Loss: 0.11299655748450238		 Val Loss: 0.4871951738993327
             Training MAE: 0.03471118211746216		 Val MAE: 0.035451844334602356
             Algebraic dist: 0.9074317821557971		 Val Algebraic dist: 1.9275468190511067
             RE1 dist: 0.9223578632741735		 Val RE1 dist: 4.557664235432942
             SED dist: 1.0793709132982336		 Val SED dist: 4.82053788503011

Epoch 1596/2000: Training Loss: 0.15817208220993262		 Val Loss: 0.4348788261413574
             Training MAE: 0.03631192073225975		 Val MAE: 0.032429035753011703
             Algebraic dist: 1.1604418547257134		 Val Algebraic dist: 1.918461004892985
             RE1 dist: 1.5180023856784985		 Val RE1 dist: 4.79103151957194
             SED dist: 1.5303705187811367		 Val SED dist: 4.302354494730632

Epoch 1597/2000: Training Loss: 0.11679222272789996		 Val Loss: 0.36193589369455975
             Training MAE: 0.03479025140404701		 Val MAE: 0.035097815096378326
             Algebraic dist: 0.9436965057815331		 Val Algebraic dist: 1.6903516451517742
             RE1 dist: 1.037769925767097		 Val RE1 dist: 3.710209846496582
             SED dist: 1.1182989590409873		 Val SED dist: 3.568797747294108

Epoch 1598/2000: Training Loss: 0.11442426322163016		 Val Loss: 0.3776821295420329
             Training MAE: 0.03501144051551819		 Val MAE: 0.035851169377565384
             Algebraic dist: 0.9000747791234998		 Val Algebraic dist: 2.022039254506429
             RE1 dist: 0.9369752303413723		 Val RE1 dist: 3.6251211166381836
             SED dist: 1.092851942864017		 Val SED dist: 3.7268546422322593

Epoch 1599/2000: Training Loss: 0.12370101265285326		 Val Loss: 0.3605927626291911
             Training MAE: 0.035200078040361404		 Val MAE: 0.03729354962706566
             Algebraic dist: 0.9743724214857903		 Val Algebraic dist: 1.8152259190877278
             RE1 dist: 1.0868721561155457		 Val RE1 dist: 3.3156725565592446
             SED dist: 1.1863748301630435		 Val SED dist: 3.5533571243286133

Epoch 1600/2000: Training Loss: 0.12181052608766417		 Val Loss: 0.45619678497314453
             Training MAE: 0.035461340099573135		 Val MAE: 0.035296861082315445
             Algebraic dist: 0.966953222302423		 Val Algebraic dist: 1.8104090690612793
             RE1 dist: 1.061413529990376		 Val RE1 dist: 4.023906707763672
             SED dist: 1.1668194756991621		 Val SED dist: 4.510578155517578

Epoch 1601/2000: Training Loss: 0.12177868165831635		 Val Loss: 0.3548187017440796
             Training MAE: 0.035909682512283325		 Val MAE: 0.03365509957075119
             Algebraic dist: 0.9340742912845336		 Val Algebraic dist: 1.6577094395955403
             RE1 dist: 0.9694507985875227		 Val RE1 dist: 3.2308133443196616
             SED dist: 1.164951269177423		 Val SED dist: 3.498356819152832

Epoch 1602/2000: Training Loss: 0.10480523454970207		 Val Loss: 0.39309942722320557
             Training MAE: 0.03422179073095322		 Val MAE: 0.03410520404577255
             Algebraic dist: 0.8471095872961957		 Val Algebraic dist: 1.6927660306294758
             RE1 dist: 0.8172552689262058		 Val RE1 dist: 3.4982325236002603
             SED dist: 0.9969724572223165		 Val SED dist: 3.8803256352742515

Epoch 1603/2000: Training Loss: 0.12466537088587665		 Val Loss: 1.21253768603007
             Training MAE: 0.03511036932468414		 Val MAE: 0.03461339697241783
             Algebraic dist: 0.9655379143314086		 Val Algebraic dist: 3.8661378224690757
             RE1 dist: 1.0426737467447917		 Val RE1 dist: 13.964234670003256
             SED dist: 1.1953374890313633		 Val SED dist: 12.074109395345053

Epoch 1604/2000: Training Loss: 0.1591308427893597		 Val Loss: 0.391094446182251
             Training MAE: 0.03701311722397804		 Val MAE: 0.03387276828289032
             Algebraic dist: 1.1752768253934556		 Val Algebraic dist: 1.9180442492167156
             RE1 dist: 1.634974051212919		 Val RE1 dist: 4.200357437133789
             SED dist: 1.539501466612885		 Val SED dist: 3.863872845967611

Epoch 1605/2000: Training Loss: 0.10064924627110577		 Val Loss: 0.45071208477020264
             Training MAE: 0.03402811288833618		 Val MAE: 0.03360515832901001
             Algebraic dist: 0.872318212536798		 Val Algebraic dist: 1.870419979095459
             RE1 dist: 0.9017783455226732		 Val RE1 dist: 4.502529144287109
             SED dist: 0.9581663712211277		 Val SED dist: 4.457833607991536

Epoch 1606/2000: Training Loss: 0.11640949525694916		 Val Loss: 0.5899483760197958
             Training MAE: 0.035695433616638184		 Val MAE: 0.03603075444698334
             Algebraic dist: 0.940541916999264		 Val Algebraic dist: 2.2996257146199546
             RE1 dist: 0.9952021059782609		 Val RE1 dist: 6.741116841634114
             SED dist: 1.1124210081238677		 Val SED dist: 5.848117192586263

Epoch 1607/2000: Training Loss: 0.1013706870701002		 Val Loss: 0.7044221560160319
             Training MAE: 0.03473712503910065		 Val MAE: 0.033561307936906815
             Algebraic dist: 0.8483268074367357		 Val Algebraic dist: 2.4372568130493164
             RE1 dist: 0.853323563285496		 Val RE1 dist: 6.57344118754069
             SED dist: 0.9628384355185688		 Val SED dist: 6.992623647054036

Epoch 1608/2000: Training Loss: 0.13112047444219174		 Val Loss: 0.49639642238616943
             Training MAE: 0.03573692962527275		 Val MAE: 0.03294391930103302
             Algebraic dist: 1.0062764485677083		 Val Algebraic dist: 1.995330015818278
             RE1 dist: 1.1558327052904211		 Val RE1 dist: 5.211414337158203
             SED dist: 1.259767504705899		 Val SED dist: 4.914513270060222

Epoch 1609/2000: Training Loss: 0.10751437449800795		 Val Loss: 0.37076560656229657
             Training MAE: 0.03480587527155876		 Val MAE: 0.0332028903067112
             Algebraic dist: 0.8896522521972656		 Val Algebraic dist: 1.7339998881022136
             RE1 dist: 0.909499182217363		 Val RE1 dist: 3.400083541870117
             SED dist: 1.0245687512383945		 Val SED dist: 3.6586329142252603

Epoch 1610/2000: Training Loss: 0.11555800230606743		 Val Loss: 0.4247306187947591
             Training MAE: 0.03615672513842583		 Val MAE: 0.034424617886543274
             Algebraic dist: 0.9257432135982789		 Val Algebraic dist: 2.1989663441975913
             RE1 dist: 0.9754530312358469		 Val RE1 dist: 4.134342511494954
             SED dist: 1.1029265030570652		 Val SED dist: 4.19835885365804

Epoch 1611/2000: Training Loss: 0.14193149234937585		 Val Loss: 0.3821074962615967
             Training MAE: 0.0355754978954792		 Val MAE: 0.03188244625926018
             Algebraic dist: 1.0774960725203804		 Val Algebraic dist: 1.859585444132487
             RE1 dist: 1.278845192729563		 Val RE1 dist: 4.3514658610026045
             SED dist: 1.3684676902881567		 Val SED dist: 3.7738192876180015

Epoch 1612/2000: Training Loss: 0.10052516494972119		 Val Loss: 0.34980976581573486
             Training MAE: 0.03470797836780548		 Val MAE: 0.03407464176416397
             Algebraic dist: 0.8575076227602751		 Val Algebraic dist: 1.65031894048055
             RE1 dist: 0.8808673361073369		 Val RE1 dist: 3.236163775126139
             SED dist: 0.9554696566816689		 Val SED dist: 3.4472920099894204

Epoch 1613/2000: Training Loss: 0.09515702897223874		 Val Loss: 0.3258306384086609
             Training MAE: 0.03486160188913345		 Val MAE: 0.034853726625442505
             Algebraic dist: 0.7967103598774343		 Val Algebraic dist: 1.545125961303711
             RE1 dist: 0.7287069127179574		 Val RE1 dist: 2.548710028330485
             SED dist: 0.8995810798976732		 Val SED dist: 3.2059685389200845

Epoch 1614/2000: Training Loss: 0.15714081473972485		 Val Loss: 0.5115719238917033
             Training MAE: 0.03555019572377205		 Val MAE: 0.03217898681759834
             Algebraic dist: 1.0771447886591372		 Val Algebraic dist: 2.5568567911783853
             RE1 dist: 1.3161089247551516		 Val RE1 dist: 5.596213658650716
             SED dist: 1.5184863546620244		 Val SED dist: 5.069923400878906

Epoch 1615/2000: Training Loss: 0.14900756227797357		 Val Loss: 0.4392780065536499
             Training MAE: 0.03411928564310074		 Val MAE: 0.03227000683546066
             Algebraic dist: 1.1606629965961843		 Val Algebraic dist: 1.955595334370931
             RE1 dist: 1.5260413349538609		 Val RE1 dist: 4.759154001871745
             SED dist: 1.4431250751882359		 Val SED dist: 4.346863746643066

Epoch 1616/2000: Training Loss: 0.1115749124167622		 Val Loss: 0.5618470907211304
             Training MAE: 0.034451354295015335		 Val MAE: 0.0354343056678772
             Algebraic dist: 0.9479507225147192		 Val Algebraic dist: 2.23624579111735
             RE1 dist: 1.028438181116961		 Val RE1 dist: 6.401938756306966
             SED dist: 1.067662667537081		 Val SED dist: 5.568522135416667

Epoch 1617/2000: Training Loss: 0.13231564950251926		 Val Loss: 0.37803014119466144
             Training MAE: 0.0369805246591568		 Val MAE: 0.03225081041455269
             Algebraic dist: 1.027011816052423		 Val Algebraic dist: 1.7929563522338867
             RE1 dist: 1.185482080431952		 Val RE1 dist: 3.8021345138549805
             SED dist: 1.2698532325634058		 Val SED dist: 3.7337417602539062

Epoch 1618/2000: Training Loss: 0.13457377060599948		 Val Loss: 0.5126887162526449
             Training MAE: 0.03457842767238617		 Val MAE: 0.0324244350194931
             Algebraic dist: 1.071435126705446		 Val Algebraic dist: 2.095209757486979
             RE1 dist: 1.2852744503297668		 Val RE1 dist: 5.704196929931641
             SED dist: 1.2973391767861187		 Val SED dist: 5.08005936940511

Epoch 1619/2000: Training Loss: 0.12277202329773834		 Val Loss: 0.41032155354817706
             Training MAE: 0.03494051843881607		 Val MAE: 0.032867565751075745
             Algebraic dist: 1.0118066538935122		 Val Algebraic dist: 1.8719062805175781
             RE1 dist: 1.1625490050384963		 Val RE1 dist: 4.2546688715616865
             SED dist: 1.178938160771909		 Val SED dist: 4.056273142496745

Epoch 1620/2000: Training Loss: 0.09631329688473024		 Val Loss: 0.4039399226506551
             Training MAE: 0.034702833741903305		 Val MAE: 0.036684080958366394
             Algebraic dist: 0.823478090590325		 Val Algebraic dist: 1.6912706693013508
             RE1 dist: 0.8160997473675272		 Val RE1 dist: 3.6064430872599282
             SED dist: 0.913013181824615		 Val SED dist: 3.985820770263672

Epoch 1621/2000: Training Loss: 0.12818705517312753		 Val Loss: 0.5085324843724569
             Training MAE: 0.03600269928574562		 Val MAE: 0.03341136500239372
             Algebraic dist: 0.9131470832271852		 Val Algebraic dist: 2.1138453483581543
             RE1 dist: 0.9978233005689539		 Val RE1 dist: 5.9251047770182295
             SED dist: 1.2284905253977016		 Val SED dist: 5.036629358927409

Epoch 1622/2000: Training Loss: 0.11324704902759497		 Val Loss: 0.46689140796661377
             Training MAE: 0.03502989932894707		 Val MAE: 0.03566400706768036
             Algebraic dist: 0.9593209529268569		 Val Algebraic dist: 1.963265101114909
             RE1 dist: 1.0793946860493093		 Val RE1 dist: 4.971027374267578
             SED dist: 1.0834197998046875		 Val SED dist: 4.618802706400554

Epoch 1623/2000: Training Loss: 0.09661675190580064		 Val Loss: 0.31909839312235516
             Training MAE: 0.03433476760983467		 Val MAE: 0.035669390112161636
             Algebraic dist: 0.8320895761683367		 Val Algebraic dist: 1.5572522481282551
             RE1 dist: 0.824477209561113		 Val RE1 dist: 2.847706158955892
             SED dist: 0.9166780001875283		 Val SED dist: 3.1392345428466797

Epoch 1624/2000: Training Loss: 0.11200765250385672		 Val Loss: 0.37974433104197186
             Training MAE: 0.0351734384894371		 Val MAE: 0.03417495638132095
             Algebraic dist: 0.891454613727072		 Val Algebraic dist: 1.738930066426595
             RE1 dist: 0.9008918983348901		 Val RE1 dist: 3.5155696868896484
             SED dist: 1.0685140637383945		 Val SED dist: 3.746906598409017

Epoch 1625/2000: Training Loss: 0.1778906393742216		 Val Loss: 0.5585436026255289
             Training MAE: 0.035456568002700806		 Val MAE: 0.03323163464665413
             Algebraic dist: 1.2858787204908289		 Val Algebraic dist: 2.2865991592407227
             RE1 dist: 1.847471817680027		 Val RE1 dist: 6.457038879394531
             SED dist: 1.7297604325888813		 Val SED dist: 5.5397383371988935

Epoch 1626/2000: Training Loss: 0.10445008761640909		 Val Loss: 0.3790656328201294
             Training MAE: 0.033941492438316345		 Val MAE: 0.03332515433430672
             Algebraic dist: 0.9120518781136775		 Val Algebraic dist: 1.7656585375467937
             RE1 dist: 0.994451882182688		 Val RE1 dist: 3.869330088297526
             SED dist: 0.9973538163779438		 Val SED dist: 3.742701530456543

Epoch 1627/2000: Training Loss: 0.1352599047232365		 Val Loss: 0.41699568430582684
             Training MAE: 0.035533033311367035		 Val MAE: 0.031571097671985626
             Algebraic dist: 1.026408541029778		 Val Algebraic dist: 2.2334535916646323
             RE1 dist: 1.2385297028914741		 Val RE1 dist: 4.593926429748535
             SED dist: 1.3017439911330955		 Val SED dist: 4.127302487691243

Epoch 1628/2000: Training Loss: 0.11005344252655472		 Val Loss: 0.41177598635355633
             Training MAE: 0.034957386553287506		 Val MAE: 0.032268352806568146
             Algebraic dist: 0.9435375047766644		 Val Algebraic dist: 1.8986061414082844
             RE1 dist: 1.0553018321161685		 Val RE1 dist: 4.517029762268066
             SED dist: 1.052393484806669		 Val SED dist: 4.071041425069173

Epoch 1629/2000: Training Loss: 0.09322310876155245		 Val Loss: 0.3321122129758199
             Training MAE: 0.03506777808070183		 Val MAE: 0.0333111509680748
             Algebraic dist: 0.8173834759256114		 Val Algebraic dist: 1.6139659881591797
             RE1 dist: 0.7997586347054744		 Val RE1 dist: 2.98121706644694
             SED dist: 0.8820950604867244		 Val SED dist: 3.2713708877563477

Epoch 1630/2000: Training Loss: 0.1451378006866013		 Val Loss: 0.6574142376581827
             Training MAE: 0.03497479110956192		 Val MAE: 0.03380435332655907
             Algebraic dist: 1.1048994202544724		 Val Algebraic dist: 2.6400580406188965
             RE1 dist: 1.3521840192269587		 Val RE1 dist: 8.443594614664713
             SED dist: 1.401793106742527		 Val SED dist: 6.52645746866862

Epoch 1631/2000: Training Loss: 0.1087101646091627		 Val Loss: 0.36638836065928143
             Training MAE: 0.034706197679042816		 Val MAE: 0.032092586159706116
             Algebraic dist: 0.9315069447393003		 Val Algebraic dist: 1.8388841946919758
             RE1 dist: 1.0049895134525022		 Val RE1 dist: 3.649308204650879
             SED dist: 1.0386602429376133		 Val SED dist: 3.616875330607096

Epoch 1632/2000: Training Loss: 0.08838880925938702		 Val Loss: 0.44701238473256427
             Training MAE: 0.03394194319844246		 Val MAE: 0.03444085642695427
             Algebraic dist: 0.7786770143370697		 Val Algebraic dist: 1.8098944028218586
             RE1 dist: 0.7080868707186934		 Val RE1 dist: 4.062963485717773
             SED dist: 0.8339715487715127		 Val SED dist: 4.41765817006429

Epoch 1633/2000: Training Loss: 0.10636483759119891		 Val Loss: 0.32684580485026044
             Training MAE: 0.03534986451268196		 Val MAE: 0.033165961503982544
             Algebraic dist: 0.8336515564849412		 Val Algebraic dist: 1.624244213104248
             RE1 dist: 0.7927968121957087		 Val RE1 dist: 2.825749079386393
             SED dist: 1.0106662252674932		 Val SED dist: 3.2189763387044272

Epoch 1634/2000: Training Loss: 0.1022853920425194		 Val Loss: 0.36243903636932373
             Training MAE: 0.03532261401414871		 Val MAE: 0.03285834938287735
             Algebraic dist: 0.8265113830566406		 Val Algebraic dist: 1.8183096249898274
             RE1 dist: 0.7809680994006171		 Val RE1 dist: 3.0534817377726235
             SED dist: 0.9703940792360167		 Val SED dist: 3.574710210164388

Epoch 1635/2000: Training Loss: 0.09664939106374547		 Val Loss: 0.5230340560277303
             Training MAE: 0.03494410961866379		 Val MAE: 0.03856005519628525
             Algebraic dist: 0.7962854910587919		 Val Algebraic dist: 2.3816415468851724
             RE1 dist: 0.73028912751571		 Val RE1 dist: 4.573893864949544
             SED dist: 0.9141349792480469		 Val SED dist: 5.174759229024251

Epoch 1636/2000: Training Loss: 0.13536053809566775		 Val Loss: 0.4106779098510742
             Training MAE: 0.03604993596673012		 Val MAE: 0.03810469061136246
             Algebraic dist: 1.0101415661798008		 Val Algebraic dist: 1.862014929453532
             RE1 dist: 1.134680595950804		 Val RE1 dist: 4.080785751342773
             SED dist: 1.3012999382571897		 Val SED dist: 4.053870519002278

Epoch 1637/2000: Training Loss: 0.11282196597776552		 Val Loss: 0.34276000658671063
             Training MAE: 0.03569645434617996		 Val MAE: 0.03289526328444481
             Algebraic dist: 0.9033291028893512		 Val Algebraic dist: 1.6878743171691895
             RE1 dist: 0.9693593564240829		 Val RE1 dist: 3.022643725077311
             SED dist: 1.0766838184301404		 Val SED dist: 3.377843221028646

Epoch 1638/2000: Training Loss: 0.11737683890522391		 Val Loss: 0.35759735107421875
             Training MAE: 0.034239791333675385		 Val MAE: 0.03255116939544678
             Algebraic dist: 0.9330124785934669		 Val Algebraic dist: 1.7448749542236328
             RE1 dist: 0.9951051352680593		 Val RE1 dist: 3.2458553314208984
             SED dist: 1.1235662266828013		 Val SED dist: 3.5276222229003906

Epoch 1639/2000: Training Loss: 0.1041923053022744		 Val Loss: 0.5742998520533243
             Training MAE: 0.03583836555480957		 Val MAE: 0.035635851323604584
             Algebraic dist: 0.846359031787817		 Val Algebraic dist: 2.157189687093099
             RE1 dist: 0.8196532207986583		 Val RE1 dist: 5.776051203409831
             SED dist: 0.9892755038496377		 Val SED dist: 5.690859476725261

Epoch 1640/2000: Training Loss: 0.11716419717539912		 Val Loss: 0.3686066468556722
             Training MAE: 0.03495865315198898		 Val MAE: 0.03324730694293976
             Algebraic dist: 0.9453018851902174		 Val Algebraic dist: 1.65906556447347
             RE1 dist: 1.0274660414543704		 Val RE1 dist: 3.2348505655924478
             SED dist: 1.1211733610733696		 Val SED dist: 3.636227289835612

Epoch 1641/2000: Training Loss: 0.11895790652952333		 Val Loss: 0.3904941876729329
             Training MAE: 0.035856012254953384		 Val MAE: 0.03774721547961235
             Algebraic dist: 0.9396713920261549		 Val Algebraic dist: 1.7259033521016438
             RE1 dist: 1.0072244837664175		 Val RE1 dist: 3.8314336140950522
             SED dist: 1.137634719627491		 Val SED dist: 3.8505398432413735

Epoch 1642/2000: Training Loss: 0.10084194376848746		 Val Loss: 0.36135868231455487
             Training MAE: 0.035847678780555725		 Val MAE: 0.033295270055532455
             Algebraic dist: 0.8116411955460258		 Val Algebraic dist: 1.5896690686543782
             RE1 dist: 0.787058180656986		 Val RE1 dist: 3.265542984008789
             SED dist: 0.9552371260048687		 Val SED dist: 3.562830924987793

Epoch 1643/2000: Training Loss: 0.1202897196230681		 Val Loss: 0.3402475913365682
             Training MAE: 0.034468669444322586		 Val MAE: 0.03355769068002701
             Algebraic dist: 0.9485650546308877		 Val Algebraic dist: 1.637123743693034
             RE1 dist: 1.0172468544780344		 Val RE1 dist: 2.9119558334350586
             SED dist: 1.1525730741196785		 Val SED dist: 3.3509766260782876

Epoch 1644/2000: Training Loss: 0.09018556622491367		 Val Loss: 0.33176755905151367
             Training MAE: 0.03478485345840454		 Val MAE: 0.034401994198560715
             Algebraic dist: 0.7549570608830106		 Val Algebraic dist: 1.591607888539632
             RE1 dist: 0.6591316997141078		 Val RE1 dist: 2.65889581044515
             SED dist: 0.8494808362877887		 Val SED dist: 3.26493771870931

Epoch 1645/2000: Training Loss: 0.12521876459536346		 Val Loss: 0.32090528806050617
             Training MAE: 0.03528876230120659		 Val MAE: 0.036298610270023346
             Algebraic dist: 0.9727319910906363		 Val Algebraic dist: 1.727982997894287
             RE1 dist: 1.0612493321515513		 Val RE1 dist: 2.920472780863444
             SED dist: 1.2007336823836616		 Val SED dist: 3.157651901245117

Epoch 1646/2000: Training Loss: 0.11044575511545375		 Val Loss: 0.3284083604812622
             Training MAE: 0.03548802062869072		 Val MAE: 0.03672896698117256
             Algebraic dist: 0.8761485003042913		 Val Algebraic dist: 1.6632280349731445
             RE1 dist: 0.8674033897510474		 Val RE1 dist: 2.9902928670247397
             SED dist: 1.0520622142847034		 Val SED dist: 3.2313515345255532

Epoch 1647/2000: Training Loss: 0.10729488428088202		 Val Loss: 0.34659528732299805
             Training MAE: 0.03513161838054657		 Val MAE: 0.036576759070158005
             Algebraic dist: 0.8728087052055027		 Val Algebraic dist: 1.546941598256429
             RE1 dist: 0.885379017263219		 Val RE1 dist: 3.0987466176350913
             SED dist: 1.021742115850034		 Val SED dist: 3.412217140197754

Epoch 1648/2000: Training Loss: 0.11131742726201596		 Val Loss: 2.1468512217203775
             Training MAE: 0.03638354316353798		 Val MAE: 0.036958541721105576
             Algebraic dist: 0.8342395174330559		 Val Algebraic dist: 5.202308654785156
             RE1 dist: 0.8214303168697633		 Val RE1 dist: 21.949679056803387
             SED dist: 1.0578287096991055		 Val SED dist: 21.413111368815105

Epoch 1649/2000: Training Loss: 0.14281018575032553		 Val Loss: 0.43656420707702637
             Training MAE: 0.035692282021045685		 Val MAE: 0.032441120594739914
             Algebraic dist: 1.0481460129005322		 Val Algebraic dist: 1.9333351453145344
             RE1 dist: 1.3752747687740603		 Val RE1 dist: 4.86495844523112
             SED dist: 1.378080948539402		 Val SED dist: 4.319184939066569

Epoch 1650/2000: Training Loss: 0.09569491510805876		 Val Loss: 0.41289377212524414
             Training MAE: 0.03402114659547806		 Val MAE: 0.03269963711500168
             Algebraic dist: 0.8411308509716089		 Val Algebraic dist: 1.8492488861083984
             RE1 dist: 0.8689007413560066		 Val RE1 dist: 4.3257036209106445
             SED dist: 0.9085981949515964		 Val SED dist: 4.081434885660808

Epoch 1651/2000: Training Loss: 0.08787671379421068		 Val Loss: 0.41489100456237793
             Training MAE: 0.033576492220163345		 Val MAE: 0.03252670541405678
             Algebraic dist: 0.7836327483688575		 Val Algebraic dist: 1.7914109230041504
             RE1 dist: 0.7561534384022588		 Val RE1 dist: 4.0667111078898115
             SED dist: 0.8301519863847373		 Val SED dist: 4.099374453226726

Epoch 1652/2000: Training Loss: 0.102644643921783		 Val Loss: 0.5640296936035156
             Training MAE: 0.03511706367135048		 Val MAE: 0.03417103365063667
             Algebraic dist: 0.8340561908224354		 Val Algebraic dist: 2.1809361775716147
             RE1 dist: 0.8271942691526551		 Val RE1 dist: 5.4527435302734375
             SED dist: 0.9749355592589447		 Val SED dist: 5.5876038869222

Epoch 1653/2000: Training Loss: 0.12262946971948596		 Val Loss: 0.36563976605733234
             Training MAE: 0.0360923632979393		 Val MAE: 0.032645661383867264
             Algebraic dist: 0.9569751905358356		 Val Algebraic dist: 1.7481083869934082
             RE1 dist: 1.028857908387115		 Val RE1 dist: 3.584245045979818
             SED dist: 1.1732998170714448		 Val SED dist: 3.607492446899414

Epoch 1654/2000: Training Loss: 0.09026744400245557		 Val Loss: 0.39395912488301593
             Training MAE: 0.0347461923956871		 Val MAE: 0.03446824848651886
             Algebraic dist: 0.7779280621072521		 Val Algebraic dist: 1.6815797487894695
             RE1 dist: 0.7121285701143569		 Val RE1 dist: 3.7130635579427085
             SED dist: 0.851573778235394		 Val SED dist: 3.8883959452311196

Epoch 1655/2000: Training Loss: 0.14327169501263162		 Val Loss: 0.44209007422129315
             Training MAE: 0.0362607017159462		 Val MAE: 0.040408045053482056
             Algebraic dist: 1.0419558096623076		 Val Algebraic dist: 1.8929045995076497
             RE1 dist: 1.2114036670629529		 Val RE1 dist: 4.630673090616862
             SED dist: 1.3791864367498867		 Val SED dist: 4.36278502146403

Epoch 1656/2000: Training Loss: 0.1486074751701908		 Val Loss: 0.5628387928009033
             Training MAE: 0.03496134653687477		 Val MAE: 0.03194279968738556
             Algebraic dist: 1.122967485068501		 Val Algebraic dist: 2.314562956492106
             RE1 dist: 1.3952445431032043		 Val RE1 dist: 6.935244242350261
             SED dist: 1.4363804692807405		 Val SED dist: 5.5831298828125

Epoch 1657/2000: Training Loss: 0.09322598360586858		 Val Loss: 0.40421632925669354
             Training MAE: 0.03409565985202789		 Val MAE: 0.032431766390800476
             Algebraic dist: 0.823183750760728		 Val Algebraic dist: 1.759804089864095
             RE1 dist: 0.8213729858398438		 Val RE1 dist: 3.9126761754353843
             SED dist: 0.8838191930798517		 Val SED dist: 3.993030548095703

Epoch 1658/2000: Training Loss: 0.09563715561576512		 Val Loss: 0.33066652218500775
             Training MAE: 0.034851476550102234		 Val MAE: 0.032856546342372894
             Algebraic dist: 0.788434788800668		 Val Algebraic dist: 1.670270284016927
             RE1 dist: 0.7232573136039402		 Val RE1 dist: 2.5164504051208496
             SED dist: 0.9046317943628284		 Val SED dist: 3.256938616434733

Epoch 1659/2000: Training Loss: 0.13066562707873358		 Val Loss: 0.38153870900472003
             Training MAE: 0.03551473096013069		 Val MAE: 0.03336535394191742
             Algebraic dist: 0.9898919368135757		 Val Algebraic dist: 1.776163101196289
             RE1 dist: 1.1630392765653306		 Val RE1 dist: 3.6920035680135093
             SED dist: 1.2554439599963203		 Val SED dist: 3.7667996088663735

Epoch 1660/2000: Training Loss: 0.09226141805234163		 Val Loss: 0.327239453792572
             Training MAE: 0.034984853118658066		 Val MAE: 0.03282490372657776
             Algebraic dist: 0.7841084798177084		 Val Algebraic dist: 1.606145699818929
             RE1 dist: 0.7198795373888983		 Val RE1 dist: 2.827320098876953
             SED dist: 0.8711869612984036		 Val SED dist: 3.2223593393961587

Epoch 1661/2000: Training Loss: 0.09434223175048828		 Val Loss: 0.5916532278060913
             Training MAE: 0.034832071512937546		 Val MAE: 0.037397973239421844
             Algebraic dist: 0.7936437302741451		 Val Algebraic dist: 2.1880911191304526
             RE1 dist: 0.7279082588527513		 Val RE1 dist: 5.635682423909505
             SED dist: 0.8912730009659476		 Val SED dist: 5.861318588256836

Epoch 1662/2000: Training Loss: 0.10583735894465791		 Val Loss: 0.3160651723543803
             Training MAE: 0.03702131658792496		 Val MAE: 0.03778252378106117
             Algebraic dist: 0.8387355528016022		 Val Algebraic dist: 1.5293467839558919
             RE1 dist: 0.8310782391092052		 Val RE1 dist: 2.6530989011128745
             SED dist: 1.003776218580163		 Val SED dist: 3.1048351923624673

Epoch 1663/2000: Training Loss: 0.1137499187303626		 Val Loss: 0.33744359016418457
             Training MAE: 0.03474419191479683		 Val MAE: 0.03439907357096672
             Algebraic dist: 0.8963354912357054		 Val Algebraic dist: 1.5651790301005046
             RE1 dist: 0.9157160330509794		 Val RE1 dist: 2.9505910873413086
             SED dist: 1.0858681720236074		 Val SED dist: 3.3227128982543945

Epoch 1664/2000: Training Loss: 0.10429527448571246		 Val Loss: 0.6158459186553955
             Training MAE: 0.035966161638498306		 Val MAE: 0.036978524178266525
             Algebraic dist: 0.8355080977730129		 Val Algebraic dist: 2.275580406188965
             RE1 dist: 0.7808497332144475		 Val RE1 dist: 6.016722997029622
             SED dist: 0.9891037871872169		 Val SED dist: 6.103061040242513

Epoch 1665/2000: Training Loss: 0.1306637888369353		 Val Loss: 0.6976242065429688
             Training MAE: 0.03507288917899132		 Val MAE: 0.03777053952217102
             Algebraic dist: 1.0029107798700747		 Val Algebraic dist: 2.497856616973877
             RE1 dist: 1.108150095179461		 Val RE1 dist: 7.3909454345703125
             SED dist: 1.255868773529495		 Val SED dist: 6.9229736328125

Epoch 1666/2000: Training Loss: 0.10222559389860733		 Val Loss: 0.5085501273473104
             Training MAE: 0.03487024083733559		 Val MAE: 0.03306019306182861
             Algebraic dist: 0.8464236604994622		 Val Algebraic dist: 1.9776452382405598
             RE1 dist: 0.8275426228841146		 Val RE1 dist: 4.81359322865804
             SED dist: 0.9710526397262794		 Val SED dist: 5.034719467163086

Epoch 1667/2000: Training Loss: 0.14332586094953012		 Val Loss: 0.42278623580932617
             Training MAE: 0.0354093499481678		 Val MAE: 0.03601345047354698
             Algebraic dist: 1.050733815068784		 Val Algebraic dist: 1.8977471987406414
             RE1 dist: 1.2383412900178328		 Val RE1 dist: 4.472542444864909
             SED dist: 1.3819212982620017		 Val SED dist: 4.178113619486491

Epoch 1668/2000: Training Loss: 0.10263141687365546		 Val Loss: 0.35677961508433026
             Training MAE: 0.034373749047517776		 Val MAE: 0.035228975117206573
             Algebraic dist: 0.8605033763940784		 Val Algebraic dist: 1.6871522267659504
             RE1 dist: 0.8941072104633718		 Val RE1 dist: 3.421525001525879
             SED dist: 0.9767232701398324		 Val SED dist: 3.517337163289388

Epoch 1669/2000: Training Loss: 0.09948033180789671		 Val Loss: 0.4413758118947347
             Training MAE: 0.03479471802711487		 Val MAE: 0.04171351343393326
             Algebraic dist: 0.8230291173078012		 Val Algebraic dist: 1.7424297332763672
             RE1 dist: 0.7821547466775646		 Val RE1 dist: 3.747518539428711
             SED dist: 0.9430987593056499		 Val SED dist: 4.350855827331543

Epoch 1670/2000: Training Loss: 0.11531654993693034		 Val Loss: 0.46230125427246094
             Training MAE: 0.03511359170079231		 Val MAE: 0.03294936195015907
             Algebraic dist: 0.9124523660411006		 Val Algebraic dist: 2.254960854848226
             RE1 dist: 0.9181924902874491		 Val RE1 dist: 4.1843821207682295
             SED dist: 1.101147527280061		 Val SED dist: 4.573838233947754

Epoch 1671/2000: Training Loss: 0.18415539506552875		 Val Loss: 0.3995417356491089
             Training MAE: 0.03468647599220276		 Val MAE: 0.031779512763023376
             Algebraic dist: 1.2929427658302197		 Val Algebraic dist: 2.0895188649495444
             RE1 dist: 1.8958335544752039		 Val RE1 dist: 4.256636619567871
             SED dist: 1.7938651485719543		 Val SED dist: 3.9511032104492188

Epoch 1672/2000: Training Loss: 0.09741444518600685		 Val Loss: 0.36940574645996094
             Training MAE: 0.03452740237116814		 Val MAE: 0.03517690673470497
             Algebraic dist: 0.8531702013983242		 Val Algebraic dist: 1.6906382242838542
             RE1 dist: 0.8800509356070256		 Val RE1 dist: 3.317253748575846
             SED dist: 0.9253623520118602		 Val SED dist: 3.6438891092936196

Epoch 1673/2000: Training Loss: 0.08882915109827899		 Val Loss: 0.5575536092122396
             Training MAE: 0.034692417830228806		 Val MAE: 0.040207572281360626
             Algebraic dist: 0.7654072305430537		 Val Algebraic dist: 2.13184388478597
             RE1 dist: 0.6881952700407609		 Val RE1 dist: 5.651958465576172
             SED dist: 0.8367835887964221		 Val SED dist: 5.51527468363444

Epoch 1674/2000: Training Loss: 0.09864382812942284		 Val Loss: 0.31515200932820636
             Training MAE: 0.036947302520275116		 Val MAE: 0.034538574516773224
             Algebraic dist: 0.8029526973116226		 Val Algebraic dist: 1.572157382965088
             RE1 dist: 0.7516297050144362		 Val RE1 dist: 2.498291015625
             SED dist: 0.9310119186622509		 Val SED dist: 3.0990848541259766

Epoch 1675/2000: Training Loss: 0.13318915989087976		 Val Loss: 0.385830283164978
             Training MAE: 0.03553646430373192		 Val MAE: 0.03489765152335167
             Algebraic dist: 0.9897854570029438		 Val Algebraic dist: 1.7876648902893066
             RE1 dist: 1.0913453033004983		 Val RE1 dist: 4.112436294555664
             SED dist: 1.279109014981035		 Val SED dist: 3.8086058298746743

Epoch 1676/2000: Training Loss: 0.10595364501510841		 Val Loss: 0.42260098457336426
             Training MAE: 0.03448900952935219		 Val MAE: 0.034875210374593735
             Algebraic dist: 0.8810415959012681		 Val Algebraic dist: 1.8094646135965984
             RE1 dist: 0.891605321911798		 Val RE1 dist: 4.197986920674642
             SED dist: 1.0093325186466826		 Val SED dist: 4.17543888092041

Epoch 1677/2000: Training Loss: 0.12359816786171733		 Val Loss: 0.4492410024007161
             Training MAE: 0.035102665424346924		 Val MAE: 0.039693571627140045
             Algebraic dist: 0.961846945942312		 Val Algebraic dist: 2.2001649538675943
             RE1 dist: 1.0487559221792913		 Val RE1 dist: 4.511216481526692
             SED dist: 1.1847944397857224		 Val SED dist: 4.4352671305338545

Epoch 1678/2000: Training Loss: 0.12337174622908882		 Val Loss: 0.39015575249989826
             Training MAE: 0.034468233585357666		 Val MAE: 0.03249707818031311
             Algebraic dist: 0.9979330975076427		 Val Algebraic dist: 1.7937838236490886
             RE1 dist: 1.1602584175441577		 Val RE1 dist: 3.8948160807291665
             SED dist: 1.1857502149498982		 Val SED dist: 3.8536291122436523

Epoch 1679/2000: Training Loss: 0.08279160485751387		 Val Loss: 0.41697971026102704
             Training MAE: 0.03419492393732071		 Val MAE: 0.033448267728090286
             Algebraic dist: 0.7381276116854902		 Val Algebraic dist: 1.6867588361104329
             RE1 dist: 0.6433197242626245		 Val RE1 dist: 3.553950627644857
             SED dist: 0.7771670576454937		 Val SED dist: 4.117500305175781

Epoch 1680/2000: Training Loss: 0.1165404250656349		 Val Loss: 0.39166661103566486
             Training MAE: 0.035756245255470276		 Val MAE: 0.03720651939511299
             Algebraic dist: 0.8925556791001472		 Val Algebraic dist: 1.9624686241149902
             RE1 dist: 0.8979065936544667		 Val RE1 dist: 3.611940066019694
             SED dist: 1.1120667388473733		 Val SED dist: 3.8637364705403647

Epoch 1681/2000: Training Loss: 0.10402909569118333		 Val Loss: 0.40406187375386554
             Training MAE: 0.034245871007442474		 Val MAE: 0.033454298973083496
             Algebraic dist: 0.8505270584769871		 Val Algebraic dist: 1.7031133969624836
             RE1 dist: 0.8705239226852638		 Val RE1 dist: 3.7063096364339194
             SED dist: 0.9899713267450747		 Val SED dist: 3.9890638987223306

Epoch 1682/2000: Training Loss: 0.12859804733939792		 Val Loss: 0.34195204575856525
             Training MAE: 0.036176182329654694		 Val MAE: 0.03472789004445076
             Algebraic dist: 0.9567125845646512		 Val Algebraic dist: 1.7202555338541667
             RE1 dist: 1.030707317849864		 Val RE1 dist: 3.457555135091146
             SED dist: 1.2320223822109941		 Val SED dist: 3.3699124654134116

Epoch 1683/2000: Training Loss: 0.11158693009528561		 Val Loss: 0.3531103531519572
             Training MAE: 0.036217350512742996		 Val MAE: 0.03228982537984848
             Algebraic dist: 0.9298124451568162		 Val Algebraic dist: 1.6881518363952637
             RE1 dist: 0.9761674300484036		 Val RE1 dist: 3.5576788584391275
             SED dist: 1.0640475508095562		 Val SED dist: 3.482377370198568

Epoch 1684/2000: Training Loss: 0.11298769107763318		 Val Loss: 0.507149338722229
             Training MAE: 0.03597607836127281		 Val MAE: 0.03550261631608009
             Algebraic dist: 0.8822378628495811		 Val Algebraic dist: 2.0518247286478677
             RE1 dist: 0.8768370808034703		 Val RE1 dist: 5.6189619700113935
             SED dist: 1.076379858929178		 Val SED dist: 5.018950780232747

Epoch 1685/2000: Training Loss: 0.09459461682084677		 Val Loss: 0.3533833821614583
             Training MAE: 0.035580139607191086		 Val MAE: 0.03443480283021927
             Algebraic dist: 0.809457640716995		 Val Algebraic dist: 1.7748200098673503
             RE1 dist: 0.7860506030096523		 Val RE1 dist: 3.035244623819987
             SED dist: 0.8944166432256284		 Val SED dist: 3.4830191930135093

Epoch 1686/2000: Training Loss: 0.11990100750024768		 Val Loss: 0.35299686590830487
             Training MAE: 0.035059548914432526		 Val MAE: 0.033106885850429535
             Algebraic dist: 0.9582093833149343		 Val Algebraic dist: 1.786272366841634
             RE1 dist: 1.0083894591400588		 Val RE1 dist: 3.3268232345581055
             SED dist: 1.1479498821756113		 Val SED dist: 3.482020060221354

Epoch 1687/2000: Training Loss: 0.10563381858493971		 Val Loss: 0.4696410497029622
             Training MAE: 0.034296195954084396		 Val MAE: 0.039606135338544846
             Algebraic dist: 0.8661768816519475		 Val Algebraic dist: 1.87820037206014
             RE1 dist: 0.8737031687860903		 Val RE1 dist: 4.601877212524414
             SED dist: 1.0059313566788384		 Val SED dist: 4.637973149617513

Epoch 1688/2000: Training Loss: 0.11172700964886209		 Val Loss: 0.3408502737681071
             Training MAE: 0.03497231379151344		 Val MAE: 0.0340048149228096
             Algebraic dist: 0.8933896050936934		 Val Algebraic dist: 1.789501667022705
             RE1 dist: 0.9402817435886549		 Val RE1 dist: 3.0900052388509116
             SED dist: 1.0662813048431838		 Val SED dist: 3.3583027521769204

Epoch 1689/2000: Training Loss: 0.10078050088191377		 Val Loss: 0.4108104705810547
             Training MAE: 0.03486914932727814		 Val MAE: 0.03360334783792496
             Algebraic dist: 0.830388939898947		 Val Algebraic dist: 1.7639315923055012
             RE1 dist: 0.7762351105178612		 Val RE1 dist: 4.154011090596517
             SED dist: 0.9559023207512455		 Val SED dist: 4.056556383768718

Epoch 1690/2000: Training Loss: 0.11987726239190585		 Val Loss: 0.5085684061050415
             Training MAE: 0.0358772799372673		 Val MAE: 0.03562656417489052
             Algebraic dist: 0.9472924937372622		 Val Algebraic dist: 2.0392605463663735
             RE1 dist: 1.0104344685872395		 Val RE1 dist: 5.387465794881185
             SED dist: 1.1466468037038609		 Val SED dist: 5.0343017578125

Epoch 1691/2000: Training Loss: 0.0865204437919285		 Val Loss: 0.3093910018603007
             Training MAE: 0.03494367375969887		 Val MAE: 0.03329921141266823
             Algebraic dist: 0.7441622416178385		 Val Algebraic dist: 1.4508010546366374
             RE1 dist: 0.653065612350685		 Val RE1 dist: 2.5250908533732095
             SED dist: 0.8130651280499887		 Val SED dist: 3.0415401458740234

Epoch 1692/2000: Training Loss: 0.11888770780701569		 Val Loss: 0.4183793067932129
             Training MAE: 0.03663944825530052		 Val MAE: 0.036211926490068436
             Algebraic dist: 0.8993248317552649		 Val Algebraic dist: 1.7995028495788574
             RE1 dist: 0.9314149497211843		 Val RE1 dist: 4.042728424072266
             SED dist: 1.1342969148055366		 Val SED dist: 4.1325327555338545

Epoch 1693/2000: Training Loss: 0.09374919145003609		 Val Loss: 0.338652769724528
             Training MAE: 0.0354599691927433		 Val MAE: 0.039833519607782364
             Algebraic dist: 0.7954084976859714		 Val Algebraic dist: 1.5413365364074707
             RE1 dist: 0.740441640218099		 Val RE1 dist: 2.8496643702189126
             SED dist: 0.8852551778157552		 Val SED dist: 3.327493985493978

Epoch 1694/2000: Training Loss: 0.10665109883184018		 Val Loss: 0.31538381179173786
             Training MAE: 0.03680194169282913		 Val MAE: 0.033542700111866
             Algebraic dist: 0.8268114172894022		 Val Algebraic dist: 1.6162058512369792
             RE1 dist: 0.7902035920516305		 Val RE1 dist: 2.6719131469726562
             SED dist: 1.0113463470901267		 Val SED dist: 3.103361129760742

Epoch 1695/2000: Training Loss: 0.09843542955923772		 Val Loss: 0.5141328573226929
             Training MAE: 0.03525906428694725		 Val MAE: 0.03993905335664749
             Algebraic dist: 0.7978035747141078		 Val Algebraic dist: 2.3196679751078286
             RE1 dist: 0.7386559196140455		 Val RE1 dist: 4.392038345336914
             SED dist: 0.9313426363295403		 Val SED dist: 5.081248601277669

Epoch 1696/2000: Training Loss: 0.15031828396562216		 Val Loss: 0.4240465561548869
             Training MAE: 0.03689810633659363		 Val MAE: 0.03390570729970932
             Algebraic dist: 1.1007918205814085		 Val Algebraic dist: 1.8989550272623699
             RE1 dist: 1.3569550445114358		 Val RE1 dist: 4.777999560038249
             SED dist: 1.449703271838202		 Val SED dist: 4.192252159118652

Epoch 1697/2000: Training Loss: 0.08991286374520564		 Val Loss: 0.5236608982086182
             Training MAE: 0.03462807461619377		 Val MAE: 0.03755940869450569
             Algebraic dist: 0.790410912555197		 Val Algebraic dist: 2.410865624745687
             RE1 dist: 0.7472227345342222		 Val RE1 dist: 4.85462220509847
             SED dist: 0.848988463913185		 Val SED dist: 5.1821794509887695

Epoch 1698/2000: Training Loss: 0.16277238597040591		 Val Loss: 0.3877548774083455
             Training MAE: 0.035996582359075546		 Val MAE: 0.03342990204691887
             Algebraic dist: 1.187208424443784		 Val Algebraic dist: 1.8516640663146973
             RE1 dist: 1.558476434237715		 Val RE1 dist: 4.181878725687663
             SED dist: 1.5772464033486187		 Val SED dist: 3.8309539159139

Epoch 1699/2000: Training Loss: 0.09126433773317198		 Val Loss: 0.3288123408953349
             Training MAE: 0.03401470556855202		 Val MAE: 0.03249918669462204
             Algebraic dist: 0.8051330455835315		 Val Algebraic dist: 1.6411515871683757
             RE1 dist: 0.7629557623379473		 Val RE1 dist: 3.0331541697184243
             SED dist: 0.863479835399683		 Val SED dist: 3.239368756612142

Epoch 1700/2000: Training Loss: 0.11580134820247041		 Val Loss: 0.4758549928665161
             Training MAE: 0.03517674282193184		 Val MAE: 0.032610081136226654
             Algebraic dist: 0.9097869430763134		 Val Algebraic dist: 1.9460708300272624
             RE1 dist: 0.9485084423120471		 Val RE1 dist: 4.974344571431478
             SED dist: 1.106214219245358		 Val SED dist: 4.7099564870198565

Epoch 1701/2000: Training Loss: 0.10734344565350076		 Val Loss: 0.5137887001037598
             Training MAE: 0.03470541164278984		 Val MAE: 0.03304712474346161
             Algebraic dist: 0.873999720034392		 Val Algebraic dist: 1.9818366368611653
             RE1 dist: 0.8825783660446388		 Val RE1 dist: 5.148159980773926
             SED dist: 1.0224253336588542		 Val SED dist: 5.0893904368082685

Epoch 1702/2000: Training Loss: 0.09269947936569435		 Val Loss: 0.4058496157328288
             Training MAE: 0.03523724153637886		 Val MAE: 0.035889722406864166
             Algebraic dist: 0.7942203024159307		 Val Algebraic dist: 1.653782844543457
             RE1 dist: 0.7263679504394531		 Val RE1 dist: 3.5064112345377603
             SED dist: 0.8753234752710315		 Val SED dist: 4.005682627360026

Epoch 1703/2000: Training Loss: 0.09711819800777712		 Val Loss: 0.37831640243530273
             Training MAE: 0.034632597118616104		 Val MAE: 0.03443583846092224
             Algebraic dist: 0.7931779502094656		 Val Algebraic dist: 1.598400592803955
             RE1 dist: 0.7213847395302593		 Val RE1 dist: 3.315479278564453
             SED dist: 0.9188318114349807		 Val SED dist: 3.730372111002604

Epoch 1704/2000: Training Loss: 0.10329416523809018		 Val Loss: 0.6774365107218424
             Training MAE: 0.035734906792640686		 Val MAE: 0.03511855751276016
             Algebraic dist: 0.8278726771257926		 Val Algebraic dist: 2.454768180847168
             RE1 dist: 0.7802668585293535		 Val RE1 dist: 6.9901777903238935
             SED dist: 0.9791805986045063		 Val SED dist: 6.7214101155598955

Epoch 1705/2000: Training Loss: 0.13176861362180847		 Val Loss: 0.3714692195256551
             Training MAE: 0.03597753867506981		 Val MAE: 0.03497559204697609
             Algebraic dist: 0.9685183538906816		 Val Algebraic dist: 1.8302874565124512
             RE1 dist: 1.0710147360096807		 Val RE1 dist: 3.757409413655599
             SED dist: 1.263939014379529		 Val SED dist: 3.6642395655314126

Epoch 1706/2000: Training Loss: 0.1352961858113607		 Val Loss: 0.4907742341359456
             Training MAE: 0.037004563957452774		 Val MAE: 0.03660624101758003
             Algebraic dist: 1.0224855948185576		 Val Algebraic dist: 2.49776299794515
             RE1 dist: 1.1726150512695312		 Val RE1 dist: 5.121926307678223
             SED dist: 1.2982778134553328		 Val SED dist: 4.856875737508138

Epoch 1707/2000: Training Loss: 0.12086322342140088		 Val Loss: 0.35035773118336994
             Training MAE: 0.036165252327919006		 Val MAE: 0.036108601838350296
             Algebraic dist: 0.9819759424181952		 Val Algebraic dist: 1.8527331352233887
             RE1 dist: 1.123808929885643		 Val RE1 dist: 3.331273078918457
             SED dist: 1.1568823551786118		 Val SED dist: 3.4524879455566406

Epoch 1708/2000: Training Loss: 0.10723623331042303		 Val Loss: 0.3959896961847941
             Training MAE: 0.03565683215856552		 Val MAE: 0.036323025822639465
             Algebraic dist: 0.8719735076462013		 Val Algebraic dist: 1.9838631947835286
             RE1 dist: 0.8775542438894078		 Val RE1 dist: 3.3929096857706704
             SED dist: 1.0204823811848958		 Val SED dist: 3.907099405924479

Epoch 1709/2000: Training Loss: 0.09743454836416936		 Val Loss: 0.33579667409261066
             Training MAE: 0.03541474789381027		 Val MAE: 0.03659539297223091
             Algebraic dist: 0.791977592136549		 Val Algebraic dist: 1.6727749506632488
             RE1 dist: 0.7211026730744735		 Val RE1 dist: 2.6113263765970864
             SED dist: 0.9211094068444293		 Val SED dist: 3.303645451863607

Epoch 1710/2000: Training Loss: 0.12192328079887059		 Val Loss: 0.5523995161056519
             Training MAE: 0.03564630448818207		 Val MAE: 0.035899024456739426
             Algebraic dist: 0.9480190553526947		 Val Algebraic dist: 2.1610652605692544
             RE1 dist: 0.9925127996914629		 Val RE1 dist: 5.5946044921875
             SED dist: 1.1668432484502378		 Val SED dist: 5.472211201985677

Epoch 1711/2000: Training Loss: 0.1336648636969967		 Val Loss: 0.4706757068634033
             Training MAE: 0.03595786169171333		 Val MAE: 0.03244194760918617
             Algebraic dist: 1.0303604568260303		 Val Algebraic dist: 2.079598585764567
             RE1 dist: 1.1778482630632925		 Val RE1 dist: 5.666238149007161
             SED dist: 1.284527543662251		 Val SED dist: 4.660375277201335

Epoch 1712/2000: Training Loss: 0.11286511628524117		 Val Loss: 0.3467572530110677
             Training MAE: 0.03424878045916557		 Val MAE: 0.03450667858123779
             Algebraic dist: 0.9316126505533854		 Val Algebraic dist: 1.71808926264445
             RE1 dist: 1.005033520684726		 Val RE1 dist: 3.2202733357747397
             SED dist: 1.0798024716584578		 Val SED dist: 3.4174181620279946

Epoch 1713/2000: Training Loss: 0.10686186085576596		 Val Loss: 0.4486170212427775
             Training MAE: 0.03527100384235382		 Val MAE: 0.037861406803131104
             Algebraic dist: 0.8581082440804744		 Val Algebraic dist: 2.236569404602051
             RE1 dist: 0.8504663550335428		 Val RE1 dist: 4.398554801940918
             SED dist: 1.0165819914444634		 Val SED dist: 4.43162727355957

Epoch 1714/2000: Training Loss: 0.11033050564752109		 Val Loss: 0.9049894014994303
             Training MAE: 0.03493538498878479		 Val MAE: 0.03736027702689171
             Algebraic dist: 0.8971345873846523		 Val Algebraic dist: 2.9513982137044272
             RE1 dist: 0.9055763465770776		 Val RE1 dist: 9.104456583658854
             SED dist: 1.0522856781448142		 Val SED dist: 8.994363149007162

Epoch 1715/2000: Training Loss: 0.17699751646622366		 Val Loss: 0.38383734226226807
             Training MAE: 0.0362967886030674		 Val MAE: 0.03275809437036514
             Algebraic dist: 1.2133059294327446		 Val Algebraic dist: 1.8616469701131184
             RE1 dist: 1.683235057886096		 Val RE1 dist: 3.7930240631103516
             SED dist: 1.718671162923177		 Val SED dist: 3.7906646728515625

Epoch 1716/2000: Training Loss: 0.101192529650702		 Val Loss: 0.4043955405553182
             Training MAE: 0.03531700000166893		 Val MAE: 0.03957316279411316
             Algebraic dist: 0.8504212973774343		 Val Algebraic dist: 1.9709846178690593
             RE1 dist: 0.8450609290081522		 Val RE1 dist: 3.655412038167318
             SED dist: 0.960723434669384		 Val SED dist: 3.9858245849609375

Epoch 1717/2000: Training Loss: 0.14354589711064877		 Val Loss: 0.4504871765772502
             Training MAE: 0.03550126031041145		 Val MAE: 0.035700466483831406
             Algebraic dist: 1.0389844369197236		 Val Algebraic dist: 1.9905964533487956
             RE1 dist: 1.2106338722118433		 Val RE1 dist: 5.262836456298828
             SED dist: 1.3829186480978262		 Val SED dist: 4.4541015625

Epoch 1718/2000: Training Loss: 0.12945725261301233		 Val Loss: 0.33809693654378253
             Training MAE: 0.035917237401008606		 Val MAE: 0.040222570300102234
             Algebraic dist: 0.9690764054008152		 Val Algebraic dist: 1.7337579727172852
             RE1 dist: 1.0933806930763135		 Val RE1 dist: 2.8773266474405923
             SED dist: 1.2419794054998867		 Val SED dist: 3.321455955505371

Epoch 1719/2000: Training Loss: 0.1184577250826186		 Val Loss: 0.728896697362264
             Training MAE: 0.0348234660923481		 Val MAE: 0.035218603909015656
             Algebraic dist: 0.9142195660135021		 Val Algebraic dist: 2.611462116241455
             RE1 dist: 0.9738221099411232		 Val RE1 dist: 7.182516733805339
             SED dist: 1.133073557978091		 Val SED dist: 7.235532124837239

Epoch 1720/2000: Training Loss: 0.1277792557426121		 Val Loss: 0.4010586341222127
             Training MAE: 0.03685864061117172		 Val MAE: 0.03728441521525383
             Algebraic dist: 0.9637656833814539		 Val Algebraic dist: 1.7704873085021973
             RE1 dist: 1.0860141256581182		 Val RE1 dist: 4.020848910013835
             SED dist: 1.2239608764648438		 Val SED dist: 3.956925392150879

Epoch 1721/2000: Training Loss: 0.11481618881225586		 Val Loss: 0.34064475695292157
             Training MAE: 0.03639823570847511		 Val MAE: 0.03986898064613342
             Algebraic dist: 0.8850343123726223		 Val Algebraic dist: 1.708974043528239
             RE1 dist: 0.8892737126004868		 Val RE1 dist: 3.206064224243164
             SED dist: 1.0934225994607676		 Val SED dist: 3.348110834757487

Epoch 1722/2000: Training Loss: 0.12424030856809755		 Val Loss: 0.39295212427775067
             Training MAE: 0.035396967083215714		 Val MAE: 0.034442100673913956
             Algebraic dist: 0.9621512371560802		 Val Algebraic dist: 1.699838638305664
             RE1 dist: 1.1114295185476109		 Val RE1 dist: 3.626837412516276
             SED dist: 1.1915867017663044		 Val SED dist: 3.8796170552571616

Epoch 1723/2000: Training Loss: 0.09301222925600798		 Val Loss: 0.37064321835835773
             Training MAE: 0.03562253713607788		 Val MAE: 0.03558225929737091
             Algebraic dist: 0.7712567647298177		 Val Algebraic dist: 1.5588976542154949
             RE1 dist: 0.698438450910043		 Val RE1 dist: 3.066481908162435
             SED dist: 0.8770194122756737		 Val SED dist: 3.6524836222330728

Epoch 1724/2000: Training Loss: 0.10718374666960342		 Val Loss: 0.41758020718892414
             Training MAE: 0.03554533049464226		 Val MAE: 0.03278234601020813
             Algebraic dist: 0.8032246465268342		 Val Algebraic dist: 2.0596043268839517
             RE1 dist: 0.7533220484636832		 Val RE1 dist: 3.525490125020345
             SED dist: 1.0172380088032156		 Val SED dist: 4.124998410542806

Epoch 1725/2000: Training Loss: 0.12208611032237178		 Val Loss: 0.3526482979456584
             Training MAE: 0.036507684737443924		 Val MAE: 0.03262680768966675
             Algebraic dist: 0.9258233775263247		 Val Algebraic dist: 1.7492868105570476
             RE1 dist: 0.9698479693868886		 Val RE1 dist: 3.345762252807617
             SED dist: 1.1665661576865376		 Val SED dist: 3.47742493947347

Epoch 1726/2000: Training Loss: 0.11295834140501161		 Val Loss: 0.33305855592091876
             Training MAE: 0.03441347926855087		 Val MAE: 0.03442709520459175
             Algebraic dist: 0.8911576754804971		 Val Algebraic dist: 1.7436006863911946
             RE1 dist: 0.916101538616678		 Val RE1 dist: 2.790781021118164
             SED dist: 1.0783658234969429		 Val SED dist: 3.2790018717447915

Epoch 1727/2000: Training Loss: 0.10638136103533316		 Val Loss: 0.8615973790486654
             Training MAE: 0.0356745682656765		 Val MAE: 0.036459606140851974
             Algebraic dist: 0.8400176227956578		 Val Algebraic dist: 2.9095309575398765
             RE1 dist: 0.8107786316802537		 Val RE1 dist: 8.359469731648764
             SED dist: 1.0102039281872734		 Val SED dist: 8.561083475748697

Epoch 1728/2000: Training Loss: 0.15681095399718353		 Val Loss: 0.4004375139872233
             Training MAE: 0.03498125076293945		 Val MAE: 0.03697385638952255
             Algebraic dist: 1.1402383334394814		 Val Algebraic dist: 2.1051929791768393
             RE1 dist: 1.407347748245018		 Val RE1 dist: 4.021058400472005
             SED dist: 1.5175249403801516		 Val SED dist: 3.9525588353474936

Epoch 1729/2000: Training Loss: 0.1151414332182511		 Val Loss: 0.3519081672032674
             Training MAE: 0.03524768725037575		 Val MAE: 0.03364918380975723
             Algebraic dist: 0.9625473022460938		 Val Algebraic dist: 1.7811435063680012
             RE1 dist: 1.0410512288411458		 Val RE1 dist: 3.276684125264486
             SED dist: 1.1009262748386548		 Val SED dist: 3.46962038675944

Epoch 1730/2000: Training Loss: 0.09760077103324559		 Val Loss: 0.5104968150456747
             Training MAE: 0.03567207232117653		 Val MAE: 0.03334391117095947
             Algebraic dist: 0.8167217641636946		 Val Algebraic dist: 1.9947258631388347
             RE1 dist: 0.7619830698206804		 Val RE1 dist: 4.867928822835286
             SED dist: 0.9236423105433367		 Val SED dist: 5.053353309631348

Epoch 1731/2000: Training Loss: 0.09191800545955049		 Val Loss: 0.410603125890096
             Training MAE: 0.036672644317150116		 Val MAE: 0.0346500501036644
             Algebraic dist: 0.7418077441229336		 Val Algebraic dist: 1.6309653917948406
             RE1 dist: 0.6340005294136379		 Val RE1 dist: 3.506946881612142
             SED dist: 0.8632497372834579		 Val SED dist: 4.052131652832031

Epoch 1732/2000: Training Loss: 0.1202380415322124		 Val Loss: 0.35556745529174805
             Training MAE: 0.035815805196762085		 Val MAE: 0.03392026945948601
             Algebraic dist: 0.9229515739109205		 Val Algebraic dist: 1.7027371724446614
             RE1 dist: 0.9355560523876245		 Val RE1 dist: 3.182742436726888
             SED dist: 1.1488620923913044		 Val SED dist: 3.5054489771525064

Epoch 1733/2000: Training Loss: 0.16540263355642126		 Val Loss: 0.39856481552124023
             Training MAE: 0.03660867363214493		 Val MAE: 0.031820692121982574
             Algebraic dist: 1.1794305331465127		 Val Algebraic dist: 1.9610969225565593
             RE1 dist: 1.4956849692524343		 Val RE1 dist: 4.417216936747233
             SED dist: 1.6008351643880208		 Val SED dist: 3.941110610961914

Epoch 1734/2000: Training Loss: 0.10254134993622269		 Val Loss: 0.472176194190979
             Training MAE: 0.034494783729314804		 Val MAE: 0.03327280282974243
             Algebraic dist: 0.891275709953861		 Val Algebraic dist: 1.9735976854960124
             RE1 dist: 0.955783346424932		 Val RE1 dist: 5.010096549987793
             SED dist: 0.9769073707469995		 Val SED dist: 4.672824223836263

Epoch 1735/2000: Training Loss: 0.1000269737796507		 Val Loss: 0.3907044728597005
             Training MAE: 0.03433215990662575		 Val MAE: 0.03710052743554115
             Algebraic dist: 0.8289812060369961		 Val Algebraic dist: 1.6782269477844238
             RE1 dist: 0.818027164625085		 Val RE1 dist: 3.54485289255778
             SED dist: 0.9496111662491508		 Val SED dist: 3.852757136027018

Epoch 1736/2000: Training Loss: 0.10061818274898805		 Val Loss: 0.3704894781112671
             Training MAE: 0.03812647983431816		 Val MAE: 0.03531613200902939
             Algebraic dist: 0.8094578065733978		 Val Algebraic dist: 1.8425054550170898
             RE1 dist: 0.7712107672207598		 Val RE1 dist: 2.9576876958211265
             SED dist: 0.9488225743390512		 Val SED dist: 3.651667912801107

Epoch 1737/2000: Training Loss: 0.15274105901303497		 Val Loss: 0.5017995039621989
             Training MAE: 0.03533918038010597		 Val MAE: 0.033216919749975204
             Algebraic dist: 1.0963180099708447		 Val Algebraic dist: 2.0517325401306152
             RE1 dist: 1.3375759401183198		 Val RE1 dist: 5.405566533406575
             SED dist: 1.4766069495159646		 Val SED dist: 4.970832824707031

Epoch 1738/2000: Training Loss: 0.09992699692214745		 Val Loss: 0.35181403160095215
             Training MAE: 0.03400232270359993		 Val MAE: 0.03668830171227455
             Algebraic dist: 0.847122855808424		 Val Algebraic dist: 1.6710912386576335
             RE1 dist: 0.8499696151069973		 Val RE1 dist: 3.3705434799194336
             SED dist: 0.9498940067014833		 Val SED dist: 3.4650729497273765

Epoch 1739/2000: Training Loss: 0.09652800490890724		 Val Loss: 0.3245024085044861
             Training MAE: 0.034840650856494904		 Val MAE: 0.03425589203834534
             Algebraic dist: 0.7961754729782325		 Val Algebraic dist: 1.5342025756835938
             RE1 dist: 0.7336628678916157		 Val RE1 dist: 2.6627187728881836
             SED dist: 0.9128566133803215		 Val SED dist: 3.1924610137939453

Epoch 1740/2000: Training Loss: 0.12111702518186708		 Val Loss: 0.42986003557840985
             Training MAE: 0.035890497267246246		 Val MAE: 0.032308429479599
             Algebraic dist: 0.9204824143561764		 Val Algebraic dist: 1.8596835136413574
             RE1 dist: 0.9421241870824841		 Val RE1 dist: 4.697404543558757
             SED dist: 1.1576177624688633		 Val SED dist: 4.24991512298584

Epoch 1741/2000: Training Loss: 0.11704388217649599		 Val Loss: 0.3524640401204427
             Training MAE: 0.035910580307245255		 Val MAE: 0.036124058067798615
             Algebraic dist: 0.9117923128432122		 Val Algebraic dist: 1.8003172874450684
             RE1 dist: 0.9597386899201766		 Val RE1 dist: 3.3312371571858725
             SED dist: 1.117366403773211		 Val SED dist: 3.4734061559041343

Epoch 1742/2000: Training Loss: 0.11132664611374123		 Val Loss: 0.41614707310994464
             Training MAE: 0.036178745329380035		 Val MAE: 0.033724188804626465
             Algebraic dist: 0.9159607265306555		 Val Algebraic dist: 1.7870516777038574
             RE1 dist: 0.9673918572025023		 Val RE1 dist: 3.9237664540608725
             SED dist: 1.0610824806102808		 Val SED dist: 4.110947926839192

Epoch 1743/2000: Training Loss: 0.11423321737759355		 Val Loss: 0.4361641804377238
             Training MAE: 0.036376215517520905		 Val MAE: 0.03986450284719467
             Algebraic dist: 0.9170413362807122		 Val Algebraic dist: 1.7844289143880208
             RE1 dist: 0.9811833699544271		 Val RE1 dist: 4.038936297098796
             SED dist: 1.0892045394234036		 Val SED dist: 4.302724520365397

Epoch 1744/2000: Training Loss: 0.12441877005756766		 Val Loss: 0.4797723690668742
             Training MAE: 0.034939296543598175		 Val MAE: 0.03617371246218681
             Algebraic dist: 0.9663580189580503		 Val Algebraic dist: 1.9834683736165364
             RE1 dist: 1.047786767931952		 Val RE1 dist: 4.832059224446614
             SED dist: 1.192748138870018		 Val SED dist: 4.745522816975911

Epoch 1745/2000: Training Loss: 0.0844631678816201		 Val Loss: 0.31407848993937176
             Training MAE: 0.03533150628209114		 Val MAE: 0.03356418013572693
             Algebraic dist: 0.7332383307857789		 Val Algebraic dist: 1.440083662668864
             RE1 dist: 0.64324951171875		 Val RE1 dist: 2.4432034492492676
             SED dist: 0.7921187359353771		 Val SED dist: 3.0883938471476235

Epoch 1746/2000: Training Loss: 0.08842602328977724		 Val Loss: 0.35329238573710126
             Training MAE: 0.036608774214982986		 Val MAE: 0.03394338861107826
             Algebraic dist: 0.7240051601244055		 Val Algebraic dist: 1.4551191329956055
             RE1 dist: 0.5966508284859036		 Val RE1 dist: 2.648597558339437
             SED dist: 0.8281892969988395		 Val SED dist: 3.479445775349935

Epoch 1747/2000: Training Loss: 0.09797193693078082		 Val Loss: 0.5843532880147299
             Training MAE: 0.03599927946925163		 Val MAE: 0.03413107618689537
             Algebraic dist: 0.7759886479032212		 Val Algebraic dist: 2.114461898803711
             RE1 dist: 0.6898570959118829		 Val RE1 dist: 5.022126833597819
             SED dist: 0.9244784479555876		 Val SED dist: 5.788763046264648

Epoch 1748/2000: Training Loss: 0.12086174453514209		 Val Loss: 0.340110182762146
             Training MAE: 0.035374872386455536		 Val MAE: 0.0359458401799202
             Algebraic dist: 0.875274215919384		 Val Algebraic dist: 1.7873048782348633
             RE1 dist: 0.8878853839376698		 Val RE1 dist: 3.1791292826334634
             SED dist: 1.1541077987007473		 Val SED dist: 3.3496888478597007

Epoch 1749/2000: Training Loss: 0.09417082606882289		 Val Loss: 0.36223963896433514
             Training MAE: 0.035363417118787766		 Val MAE: 0.04193422943353653
             Algebraic dist: 0.7983096025992131		 Val Algebraic dist: 1.8134215672810872
             RE1 dist: 0.7467473347981771		 Val RE1 dist: 3.178767204284668
             SED dist: 0.8893856103869452		 Val SED dist: 3.5584497451782227

Epoch 1750/2000: Training Loss: 0.10283381697060405		 Val Loss: 0.3696591854095459
             Training MAE: 0.03593355789780617		 Val MAE: 0.03365219011902809
             Algebraic dist: 0.8331979392231375		 Val Algebraic dist: 1.5794386863708496
             RE1 dist: 0.7730448626089788		 Val RE1 dist: 3.209763209025065
             SED dist: 0.9743287459663723		 Val SED dist: 3.643829027811686

Epoch 1751/2000: Training Loss: 0.10483689930128015		 Val Loss: 0.36465883255004883
             Training MAE: 0.03510056063532829		 Val MAE: 0.03615255281329155
             Algebraic dist: 0.8439895519311877		 Val Algebraic dist: 1.5900610287984211
             RE1 dist: 0.7901404007621433		 Val RE1 dist: 3.1886021296183267
             SED dist: 0.9953844374504642		 Val SED dist: 3.593346913655599

Epoch 1752/2000: Training Loss: 0.10568394177201865		 Val Loss: 0.3231563965479533
             Training MAE: 0.03554027900099754		 Val MAE: 0.03319128602743149
             Algebraic dist: 0.8411349973816803		 Val Algebraic dist: 1.6579694747924805
             RE1 dist: 0.8131556856459465		 Val RE1 dist: 2.6181411743164062
             SED dist: 1.0031150043874546		 Val SED dist: 3.1801656087239585

Epoch 1753/2000: Training Loss: 0.12627292024916498		 Val Loss: 0.3665351867675781
             Training MAE: 0.0379023514688015		 Val MAE: 0.038016870617866516
             Algebraic dist: 0.9397427102793818		 Val Algebraic dist: 1.9535107612609863
             RE1 dist: 1.0034513611724412		 Val RE1 dist: 3.4064712524414062
             SED dist: 1.205939140872679		 Val SED dist: 3.6110575993855796

Epoch 1754/2000: Training Loss: 0.09521215549413709		 Val Loss: 0.35915080706278485
             Training MAE: 0.035069603472948074		 Val MAE: 0.03399384766817093
             Algebraic dist: 0.8042548912158911		 Val Algebraic dist: 1.5925437609354656
             RE1 dist: 0.7436577064403589		 Val RE1 dist: 3.2721850077311196
             SED dist: 0.9003127277761266		 Val SED dist: 3.540013631184896

Epoch 1755/2000: Training Loss: 0.08936795635499815		 Val Loss: 0.3364282449086507
             Training MAE: 0.035264551639556885		 Val MAE: 0.035852499306201935
             Algebraic dist: 0.7423817731332087		 Val Algebraic dist: 1.6838080088297527
             RE1 dist: 0.6449795598569124		 Val RE1 dist: 2.674083391825358
             SED dist: 0.8401344962742018		 Val SED dist: 3.309772491455078

Epoch 1756/2000: Training Loss: 0.10074486248735068		 Val Loss: 0.32219229141871136
             Training MAE: 0.03524152189493179		 Val MAE: 0.03580161929130554
             Algebraic dist: 0.802513951840608		 Val Algebraic dist: 1.4436063766479492
             RE1 dist: 0.7170457701752151		 Val RE1 dist: 2.588137149810791
             SED dist: 0.9536936663199163		 Val SED dist: 3.1674184799194336

Epoch 1757/2000: Training Loss: 0.10975809373717377		 Val Loss: 0.32521748542785645
             Training MAE: 0.03650863468647003		 Val MAE: 0.034686341881752014
             Algebraic dist: 0.8567577306775079		 Val Algebraic dist: 1.6369258562723796
             RE1 dist: 0.8196913677713146		 Val RE1 dist: 2.9835030237833657
             SED dist: 1.0427051488903984		 Val SED dist: 3.200916608174642

Epoch 1758/2000: Training Loss: 0.15004985919897107		 Val Loss: 0.41792043050130206
             Training MAE: 0.03707645460963249		 Val MAE: 0.033875711262226105
             Algebraic dist: 1.059133667876755		 Val Algebraic dist: 1.8929823239644368
             RE1 dist: 1.2566592451454937		 Val RE1 dist: 4.69297472635905
             SED dist: 1.4447348774343296		 Val SED dist: 4.131523768107097

Epoch 1759/2000: Training Loss: 0.08743119585341301		 Val Loss: 0.34207721551259357
             Training MAE: 0.033728696405887604		 Val MAE: 0.03281856328248978
             Algebraic dist: 0.775772758152174		 Val Algebraic dist: 1.6340748469034831
             RE1 dist: 0.7399166494176008		 Val RE1 dist: 3.1565748850504556
             SED dist: 0.825593202010445		 Val SED dist: 3.3712520599365234

Epoch 1760/2000: Training Loss: 0.09456877777541893		 Val Loss: 0.3305506706237793
             Training MAE: 0.03560877591371536		 Val MAE: 0.03750357776880264
             Algebraic dist: 0.792892677196558		 Val Algebraic dist: 1.5676024754842122
             RE1 dist: 0.7378404036812161		 Val RE1 dist: 2.7351675033569336
             SED dist: 0.8929570515950521		 Val SED dist: 3.2502454121907554

Epoch 1761/2000: Training Loss: 0.0995819672294285		 Val Loss: 0.8999543984731039
             Training MAE: 0.036277178674936295		 Val MAE: 0.038588348776102066
             Algebraic dist: 0.80015210137851		 Val Algebraic dist: 2.876206080118815
             RE1 dist: 0.7281727998153024		 Val RE1 dist: 8.01125399271647
             SED dist: 0.9411481774371603		 Val SED dist: 8.941560745239258

Epoch 1762/2000: Training Loss: 0.18274688720703125		 Val Loss: 0.38483766714731854
             Training MAE: 0.036860011518001556		 Val MAE: 0.03761149197816849
             Algebraic dist: 1.218650928442029		 Val Algebraic dist: 1.9598569869995117
             RE1 dist: 1.6224751126938972		 Val RE1 dist: 4.002761205037435
             SED dist: 1.773279715275419		 Val SED dist: 3.7954651514689126

Epoch 1763/2000: Training Loss: 0.10430446569470392		 Val Loss: 0.34374749660491943
             Training MAE: 0.03376733884215355		 Val MAE: 0.032579731196165085
             Algebraic dist: 0.8593175031136775		 Val Algebraic dist: 1.6417152086893718
             RE1 dist: 0.9043660371199899		 Val RE1 dist: 3.0475145975748696
             SED dist: 0.993605903957201		 Val SED dist: 3.3874877293904624

Epoch 1764/2000: Training Loss: 0.08852154275645381		 Val Loss: 0.4414096673329671
             Training MAE: 0.03508473187685013		 Val MAE: 0.03512412682175636
             Algebraic dist: 0.7475615791652513		 Val Algebraic dist: 1.7483296394348145
             RE1 dist: 0.6611561429673347		 Val RE1 dist: 3.820171356201172
             SED dist: 0.8326925194781759		 Val SED dist: 4.360300381978353

Epoch 1765/2000: Training Loss: 0.10176809283270352		 Val Loss: 0.47550586859385174
             Training MAE: 0.035695336759090424		 Val MAE: 0.03610052168369293
             Algebraic dist: 0.8049863732379415		 Val Algebraic dist: 1.8285589218139648
             RE1 dist: 0.7322964322739753		 Val RE1 dist: 4.3186079661051435
             SED dist: 0.9633163231006567		 Val SED dist: 4.700089454650879

Epoch 1766/2000: Training Loss: 0.09932309302730837		 Val Loss: 0.3271952470143636
             Training MAE: 0.03827214613556862		 Val MAE: 0.036588095128536224
             Algebraic dist: 0.7672655962515569		 Val Algebraic dist: 1.630682150522868
             RE1 dist: 0.6874531179234602		 Val RE1 dist: 2.4540786743164062
             SED dist: 0.9344119749207428		 Val SED dist: 3.2178519566853843

Epoch 1767/2000: Training Loss: 0.1312619775965594		 Val Loss: 0.5329840183258057
             Training MAE: 0.03740492835640907		 Val MAE: 0.03266945108771324
             Algebraic dist: 0.9782430676446445		 Val Algebraic dist: 2.0262014071146646
             RE1 dist: 1.0467748227326765		 Val RE1 dist: 5.261544227600098
             SED dist: 1.256862253382586		 Val SED dist: 5.279836018880208

Epoch 1768/2000: Training Loss: 0.09670270698657935		 Val Loss: 0.30850770076115924
             Training MAE: 0.035622864961624146		 Val MAE: 0.03451227396726608
             Algebraic dist: 0.7998632348102072		 Val Algebraic dist: 1.5167492230733235
             RE1 dist: 0.7584166043046592		 Val RE1 dist: 2.5118743578592935
             SED dist: 0.9139951623004415		 Val SED dist: 3.032256762186686

Epoch 1769/2000: Training Loss: 0.11750924760016843		 Val Loss: 0.3391461769739787
             Training MAE: 0.03692052140831947		 Val MAE: 0.0388864241540432
             Algebraic dist: 0.8949511984120244		 Val Algebraic dist: 1.555480162302653
             RE1 dist: 0.881072555763134		 Val RE1 dist: 2.726808230082194
             SED dist: 1.119305817977242		 Val SED dist: 3.3346579869588218

Epoch 1770/2000: Training Loss: 0.09795215164405713		 Val Loss: 0.34000277519226074
             Training MAE: 0.03604290634393692		 Val MAE: 0.034930434077978134
             Algebraic dist: 0.7805901679439821		 Val Algebraic dist: 1.4758521715799968
             RE1 dist: 0.7054176883421083		 Val RE1 dist: 2.75379212697347
             SED dist: 0.9249142632968184		 Val SED dist: 3.3464126586914062

Epoch 1771/2000: Training Loss: 0.08937201983686807		 Val Loss: 0.28841493527094525
             Training MAE: 0.03590996563434601		 Val MAE: 0.03422205150127411
             Algebraic dist: 0.7186168173085088		 Val Algebraic dist: 1.3336564699808757
             RE1 dist: 0.5946197509765625		 Val RE1 dist: 2.1164560317993164
             SED dist: 0.8379925714022871		 Val SED dist: 2.8289210001627603

Epoch 1772/2000: Training Loss: 0.11843787759974383		 Val Loss: 0.33848702907562256
             Training MAE: 0.037091705948114395		 Val MAE: 0.041661057621240616
             Algebraic dist: 0.8830616163170856		 Val Algebraic dist: 1.705085277557373
             RE1 dist: 0.841648046521173		 Val RE1 dist: 2.76104736328125
             SED dist: 1.1274912737417913		 Val SED dist: 3.321819305419922

Epoch 1773/2000: Training Loss: 0.10437712462052055		 Val Loss: 0.38143789768218994
             Training MAE: 0.036473747342824936		 Val MAE: 0.039260949939489365
             Algebraic dist: 0.8303255274675895		 Val Algebraic dist: 1.5760436058044434
             RE1 dist: 0.7931817649067312		 Val RE1 dist: 3.05037530263265
             SED dist: 0.9889619246773098		 Val SED dist: 3.755086580912272

Epoch 1774/2000: Training Loss: 0.12913550501284393		 Val Loss: 0.34092644850413006
             Training MAE: 0.03786554932594299		 Val MAE: 0.033454060554504395
             Algebraic dist: 0.9339916947959126		 Val Algebraic dist: 1.7562956809997559
             RE1 dist: 0.9642997409986414		 Val RE1 dist: 2.863318125406901
             SED dist: 1.2331433503524116		 Val SED dist: 3.358245849609375

Epoch 1775/2000: Training Loss: 0.10391650683637979		 Val Loss: 0.3685057957967122
             Training MAE: 0.0362839438021183		 Val MAE: 0.0330657884478569
             Algebraic dist: 0.8444503010183141		 Val Algebraic dist: 1.6084070205688477
             RE1 dist: 0.8236253710760586		 Val RE1 dist: 3.3291680018107095
             SED dist: 0.9856655839560688		 Val SED dist: 3.633082707722982

Epoch 1776/2000: Training Loss: 0.1061465291009433		 Val Loss: 0.2921024759610494
             Training MAE: 0.03460743650794029		 Val MAE: 0.033600810915231705
             Algebraic dist: 0.8324019943458446		 Val Algebraic dist: 1.4071056048075359
             RE1 dist: 0.8119171806003737		 Val RE1 dist: 2.3292972246805825
             SED dist: 1.0091150256170742		 Val SED dist: 2.8681484858194985

Epoch 1777/2000: Training Loss: 0.08758647891058438		 Val Loss: 0.27689019838968915
             Training MAE: 0.0365593396127224		 Val MAE: 0.03759590536355972
             Algebraic dist: 0.7014208807461504		 Val Algebraic dist: 1.3881923357645671
             RE1 dist: 0.5656006301658741		 Val RE1 dist: 1.9960112571716309
             SED dist: 0.8184890194215636		 Val SED dist: 2.711838722229004

Epoch 1778/2000: Training Loss: 0.12849247973898184		 Val Loss: 0.32259955008824664
             Training MAE: 0.0363665409386158		 Val MAE: 0.036639489233493805
             Algebraic dist: 0.9209420577339504		 Val Algebraic dist: 1.5838212966918945
             RE1 dist: 0.9427781035934669		 Val RE1 dist: 2.8948656717936196
             SED dist: 1.22959546075351		 Val SED dist: 3.1728897094726562

Epoch 1779/2000: Training Loss: 0.08747070423070935		 Val Loss: 0.309889296690623
             Training MAE: 0.03568846732378006		 Val MAE: 0.03503820672631264
             Algebraic dist: 0.7329133075216542		 Val Algebraic dist: 1.5157615343729656
             RE1 dist: 0.6351660576419554		 Val RE1 dist: 2.1441176732381186
             SED dist: 0.8207562764485677		 Val SED dist: 3.044397989908854

Epoch 1780/2000: Training Loss: 0.10861751998680225		 Val Loss: 0.2993066906929016
             Training MAE: 0.03596954792737961		 Val MAE: 0.036516353487968445
             Algebraic dist: 0.8250046329221864		 Val Algebraic dist: 1.425264835357666
             RE1 dist: 0.7698053553484488		 Val RE1 dist: 2.2521788279215493
             SED dist: 1.0310028739597485		 Val SED dist: 2.9381278355916343

Epoch 1781/2000: Training Loss: 0.12805884817372198		 Val Loss: 0.4412660598754883
             Training MAE: 0.037626463919878006		 Val MAE: 0.03317936137318611
             Algebraic dist: 0.9296416130618773		 Val Algebraic dist: 1.8266981442769368
             RE1 dist: 0.9684098838032156		 Val RE1 dist: 4.272976239522298
             SED dist: 1.2236130203025928		 Val SED dist: 4.361114501953125

Epoch 1782/2000: Training Loss: 0.09130969945935236		 Val Loss: 0.3043870727221171
             Training MAE: 0.03517324477434158		 Val MAE: 0.033854205161333084
             Algebraic dist: 0.75362103227256		 Val Algebraic dist: 1.3955849011739094
             RE1 dist: 0.6482975171959918		 Val RE1 dist: 2.327186107635498
             SED dist: 0.8592063793237659		 Val SED dist: 2.989727338155111

Epoch 1783/2000: Training Loss: 0.10157583070837933		 Val Loss: 0.47274986902872723
             Training MAE: 0.037101637572050095		 Val MAE: 0.03951973468065262
             Algebraic dist: 0.790297522061113		 Val Algebraic dist: 1.7687005996704102
             RE1 dist: 0.6827364935391191		 Val RE1 dist: 4.078803698221843
             SED dist: 0.9585325821586277		 Val SED dist: 4.667243957519531

Epoch 1784/2000: Training Loss: 0.09355719193168309		 Val Loss: 0.30712105830510456
             Training MAE: 0.03826802596449852		 Val MAE: 0.03864860534667969
             Algebraic dist: 0.7355555105900419		 Val Algebraic dist: 1.386811892191569
             RE1 dist: 0.6257511083630548		 Val RE1 dist: 2.270681858062744
             SED dist: 0.8762982133506001		 Val SED dist: 3.011951128641764

Epoch 1785/2000: Training Loss: 0.1053250285162442		 Val Loss: 0.32049065828323364
             Training MAE: 0.03565061464905739		 Val MAE: 0.03415616229176521
             Algebraic dist: 0.8002063364222429		 Val Algebraic dist: 1.5370243390401204
             RE1 dist: 0.7232588063115659		 Val RE1 dist: 2.4992987314860025
             SED dist: 0.9973879827969316		 Val SED dist: 3.152369817097982

Epoch 1786/2000: Training Loss: 0.0976313438968382		 Val Loss: 0.608071486155192
             Training MAE: 0.03684559091925621		 Val MAE: 0.03432495519518852
             Algebraic dist: 0.7654830822046252		 Val Algebraic dist: 2.113659699757894
             RE1 dist: 0.6815935770670573		 Val RE1 dist: 4.972063382466634
             SED dist: 0.9199687570765398		 Val SED dist: 6.025053024291992

Epoch 1787/2000: Training Loss: 0.13669092758842136		 Val Loss: 0.49536462624867755
             Training MAE: 0.03816995024681091		 Val MAE: 0.033047474920749664
             Algebraic dist: 0.9629767597585485		 Val Algebraic dist: 1.904144287109375
             RE1 dist: 1.0760139797044836		 Val RE1 dist: 4.761641184488933
             SED dist: 1.3091579934825068		 Val SED dist: 4.901929219563802

Epoch 1788/2000: Training Loss: 0.10384374425031137		 Val Loss: 0.38609886169433594
             Training MAE: 0.037435151636600494		 Val MAE: 0.03644895553588867
             Algebraic dist: 0.7885905279629473		 Val Algebraic dist: 1.838268756866455
             RE1 dist: 0.7307433529176574		 Val RE1 dist: 3.0634098052978516
             SED dist: 0.9814052858214447		 Val SED dist: 3.8038740158081055

Epoch 1789/2000: Training Loss: 0.10959418614705403		 Val Loss: 0.35622962315877277
             Training MAE: 0.0369909442961216		 Val MAE: 0.040144871920347214
             Algebraic dist: 0.8078985905301743		 Val Algebraic dist: 1.4759217898050945
             RE1 dist: 0.7361912381821785		 Val RE1 dist: 2.784582773844401
             SED dist: 1.03786523791327		 Val SED dist: 3.5011113484700522

Epoch 1790/2000: Training Loss: 0.12712250585141388		 Val Loss: 0.35200826327006024
             Training MAE: 0.03812423720955849		 Val MAE: 0.035336099565029144
             Algebraic dist: 0.9093103823454484		 Val Algebraic dist: 1.4979233741760254
             RE1 dist: 0.9144758141559103		 Val RE1 dist: 2.815394401550293
             SED dist: 1.2130674279254416		 Val SED dist: 3.46605650583903

Epoch 1791/2000: Training Loss: 0.12810673921004587		 Val Loss: 0.3214013973871867
             Training MAE: 0.03583507239818573		 Val MAE: 0.03812609612941742
             Algebraic dist: 0.9223198268724524		 Val Algebraic dist: 1.5755581855773926
             RE1 dist: 0.9779007400291554		 Val RE1 dist: 2.717742919921875
             SED dist: 1.2271307240361753		 Val SED dist: 3.1579742431640625

Epoch 1792/2000: Training Loss: 0.11605099664218184		 Val Loss: 0.3152018189430237
             Training MAE: 0.035228826105594635		 Val MAE: 0.03938420116901398
             Algebraic dist: 0.8956010790838711		 Val Algebraic dist: 1.503442605336507
             RE1 dist: 0.9157922164253567		 Val RE1 dist: 2.654990832010905
             SED dist: 1.1076598236526267		 Val SED dist: 3.0923423767089844

Epoch 1793/2000: Training Loss: 0.12104491911072662		 Val Loss: 0.364845871925354
             Training MAE: 0.03643389791250229		 Val MAE: 0.037828315049409866
             Algebraic dist: 0.8861155855482903		 Val Algebraic dist: 1.7438147862752278
             RE1 dist: 0.9041924960371377		 Val RE1 dist: 3.0107030868530273
             SED dist: 1.1548821269602016		 Val SED dist: 3.592291514078776

Epoch 1794/2000: Training Loss: 0.09362960898357889		 Val Loss: 0.39331408341725665
             Training MAE: 0.035612549632787704		 Val MAE: 0.03435872495174408
             Algebraic dist: 0.7453582321388134		 Val Algebraic dist: 1.515164057413737
             RE1 dist: 0.6341034709543422		 Val RE1 dist: 3.0055789947509766
             SED dist: 0.8811964504960654		 Val SED dist: 3.8785244623819985

Epoch 1795/2000: Training Loss: 0.138973001120747		 Val Loss: 0.37058866024017334
             Training MAE: 0.036511972546577454		 Val MAE: 0.032498303800821304
             Algebraic dist: 0.9312273108440897		 Val Algebraic dist: 1.7405481338500977
             RE1 dist: 1.029615208722543		 Val RE1 dist: 3.678342819213867
             SED dist: 1.333135964213938		 Val SED dist: 3.6568711598714194

Epoch 1796/2000: Training Loss: 0.1013247517571933		 Val Loss: 0.3552986780802409
             Training MAE: 0.036279287189245224		 Val MAE: 0.04143931344151497
             Algebraic dist: 0.8291282653808594		 Val Algebraic dist: 1.5421816507975261
             RE1 dist: 0.8145356109176857		 Val RE1 dist: 3.0855013529459634
             SED dist: 0.9594922273055367		 Val SED dist: 3.489757537841797

Epoch 1797/2000: Training Loss: 0.0906341110450634		 Val Loss: 0.32203272978464764
             Training MAE: 0.035926565527915955		 Val MAE: 0.03492329269647598
             Algebraic dist: 0.7309398927550385		 Val Algebraic dist: 1.4293753306070964
             RE1 dist: 0.6218857143236243		 Val RE1 dist: 2.377547105153402
             SED dist: 0.8508025459621263		 Val SED dist: 3.1657918294270835

Epoch 1798/2000: Training Loss: 0.1409697325333305		 Val Loss: 0.352941632270813
             Training MAE: 0.03764079138636589		 Val MAE: 0.04080120846629143
             Algebraic dist: 0.9977660248245018		 Val Algebraic dist: 1.5735904375712078
             RE1 dist: 1.0755664991295857		 Val RE1 dist: 2.978017807006836
             SED dist: 1.3520732271498528		 Val SED dist: 3.468354860941569

Epoch 1799/2000: Training Loss: 0.11148810732191887		 Val Loss: 0.38319385051727295
             Training MAE: 0.036422278732061386		 Val MAE: 0.03803165629506111
             Algebraic dist: 0.8539426499518795		 Val Algebraic dist: 1.618684450785319
             RE1 dist: 0.8383023358773494		 Val RE1 dist: 3.290912628173828
             SED dist: 1.0598953910495923		 Val SED dist: 3.7753464380900064

Epoch 1800/2000: Training Loss: 0.12048999122951341		 Val Loss: 0.371709148089091
             Training MAE: 0.036127593368291855		 Val MAE: 0.03599366173148155
             Algebraic dist: 0.8903819097988848		 Val Algebraic dist: 1.8966296513875325
             RE1 dist: 0.9017667355744735		 Val RE1 dist: 3.24858824412028
             SED dist: 1.1495152349057405		 Val SED dist: 3.664278030395508

Epoch 1801/2000: Training Loss: 0.10201680141946544		 Val Loss: 0.31466299295425415
             Training MAE: 0.03518266975879669		 Val MAE: 0.03454655781388283
             Algebraic dist: 0.8244167825450068		 Val Algebraic dist: 1.5671148300170898
             RE1 dist: 0.8050301593282948		 Val RE1 dist: 2.518624782562256
             SED dist: 0.9678469671719316		 Val SED dist: 3.094127337137858

Epoch 1802/2000: Training Loss: 0.0922561728436014		 Val Loss: 0.35713664690653485
             Training MAE: 0.035278234630823135		 Val MAE: 0.032966602593660355
             Algebraic dist: 0.7236637170763983		 Val Algebraic dist: 1.7638400395711262
             RE1 dist: 0.6036836375360903		 Val RE1 dist: 2.570587952931722
             SED dist: 0.8672198419985564		 Val SED dist: 3.5178874333699546

Epoch 1803/2000: Training Loss: 0.11277821444082951		 Val Loss: 0.35274843374888104
             Training MAE: 0.03721959888935089		 Val MAE: 0.03488323092460632
             Algebraic dist: 0.8407054845837579		 Val Algebraic dist: 1.4948398272196453
             RE1 dist: 0.8179073610167572		 Val RE1 dist: 2.9187224706014
             SED dist: 1.0708597155584805		 Val SED dist: 3.472585678100586

Epoch 1804/2000: Training Loss: 0.11070943915325662		 Val Loss: 0.4355611403783162
             Training MAE: 0.03567894548177719		 Val MAE: 0.03439683839678764
             Algebraic dist: 0.8201051242109658		 Val Algebraic dist: 1.6884589195251465
             RE1 dist: 0.7678752843884454		 Val RE1 dist: 3.3946669896443686
             SED dist: 1.0514618141063745		 Val SED dist: 4.30018933614095

Epoch 1805/2000: Training Loss: 0.13029528355252915		 Val Loss: 1.0877563953399658
             Training MAE: 0.03621561452746391		 Val MAE: 0.04073949530720711
             Algebraic dist: 0.9266193776890852		 Val Algebraic dist: 3.3501125971476235
             RE1 dist: 0.9276151795318162		 Val RE1 dist: 10.700920104980469
             SED dist: 1.247037472932235		 Val SED dist: 10.815577189127604

Epoch 1806/2000: Training Loss: 0.16713646874911542		 Val Loss: 0.467981497446696
             Training MAE: 0.03627060353755951		 Val MAE: 0.036077409982681274
             Algebraic dist: 1.1224772135416667		 Val Algebraic dist: 1.895455042521159
             RE1 dist: 1.505062158556952		 Val RE1 dist: 4.628822008768718
             SED dist: 1.6185097072435461		 Val SED dist: 4.626885096232097

Epoch 1807/2000: Training Loss: 0.10014219560484955		 Val Loss: 0.36283989747365314
             Training MAE: 0.035629987716674805		 Val MAE: 0.03359464555978775
             Algebraic dist: 0.8326211459394814		 Val Algebraic dist: 1.64728577931722
             RE1 dist: 0.8328016529912534		 Val RE1 dist: 3.412123362223307
             SED dist: 0.9489742776621943		 Val SED dist: 3.5769125620524087

Epoch 1808/2000: Training Loss: 0.09439194029656009		 Val Loss: 0.3465565840403239
             Training MAE: 0.03628681227564812		 Val MAE: 0.03349139913916588
             Algebraic dist: 0.7839611440465071		 Val Algebraic dist: 1.7327062288920085
             RE1 dist: 0.7257188990496207		 Val RE1 dist: 2.7772210439046225
             SED dist: 0.8894526163736979		 Val SED dist: 3.4135284423828125

Epoch 1809/2000: Training Loss: 0.09628244759379953		 Val Loss: 0.3822023073832194
             Training MAE: 0.03603160381317139		 Val MAE: 0.036722373217344284
             Algebraic dist: 0.7732222736745641		 Val Algebraic dist: 1.9089233080546062
             RE1 dist: 0.6853119670480922		 Val RE1 dist: 3.152890205383301
             SED dist: 0.9077234682829484		 Val SED dist: 3.7673473358154297

Epoch 1810/2000: Training Loss: 0.1021538471830064		 Val Loss: 0.31862862904866535
             Training MAE: 0.03557458147406578		 Val MAE: 0.03521141782402992
             Algebraic dist: 0.8001434768455616		 Val Algebraic dist: 1.470235029856364
             RE1 dist: 0.7301511902740037		 Val RE1 dist: 2.6840988794962564
             SED dist: 0.967060254967731		 Val SED dist: 3.132289250691732

Epoch 1811/2000: Training Loss: 0.07262032964955205		 Val Loss: 0.2708090941111247
             Training MAE: 0.03483952209353447		 Val MAE: 0.03462124615907669
             Algebraic dist: 0.6312700907389323		 Val Algebraic dist: 1.247519890467326
             RE1 dist: 0.47213982844698255		 Val RE1 dist: 1.8361900647481282
             SED dist: 0.6713381781094316		 Val SED dist: 2.651102066040039

Epoch 1812/2000: Training Loss: 0.13739403434421704		 Val Loss: 0.35699196656545
             Training MAE: 0.03591376915574074		 Val MAE: 0.03669456019997597
             Algebraic dist: 0.9782270348590353		 Val Algebraic dist: 1.641283353169759
             RE1 dist: 1.052339526190274		 Val RE1 dist: 3.4016650517781577
             SED dist: 1.3196858945100203		 Val SED dist: 3.516860008239746

Epoch 1813/2000: Training Loss: 0.08448261454485465		 Val Loss: 0.32479604085286456
             Training MAE: 0.036119431257247925		 Val MAE: 0.03644413501024246
             Algebraic dist: 0.7127799987792969		 Val Algebraic dist: 1.4378113746643066
             RE1 dist: 0.6093295553456182		 Val RE1 dist: 2.472088177998861
             SED dist: 0.7904823966648268		 Val SED dist: 3.1923398971557617

Epoch 1814/2000: Training Loss: 0.14404661759086276		 Val Loss: 0.4288675785064697
             Training MAE: 0.036539942026138306		 Val MAE: 0.03249845281243324
             Algebraic dist: 1.014361174210258		 Val Algebraic dist: 1.8104179700215657
             RE1 dist: 1.1322158592334692		 Val RE1 dist: 4.272572199503581
             SED dist: 1.3856656724128171		 Val SED dist: 4.2404740651448565

Epoch 1815/2000: Training Loss: 0.08350301825481912		 Val Loss: 0.4155375162760417
             Training MAE: 0.03475642949342728		 Val MAE: 0.03526782989501953
             Algebraic dist: 0.7231051127115885		 Val Algebraic dist: 1.653943379720052
             RE1 dist: 0.6410251562146173		 Val RE1 dist: 3.5555947621663413
             SED dist: 0.7829007687775985		 Val SED dist: 4.101764996846517

Epoch 1816/2000: Training Loss: 0.11885819918867471		 Val Loss: 0.5567638874053955
             Training MAE: 0.03696921095252037		 Val MAE: 0.040280647575855255
             Algebraic dist: 0.896272631659024		 Val Algebraic dist: 2.1108638445536294
             RE1 dist: 0.8799064746801404		 Val RE1 dist: 5.63682746887207
             SED dist: 1.1321755008421082		 Val SED dist: 5.508170445760091

Epoch 1817/2000: Training Loss: 0.08879782497019008		 Val Loss: 0.35670586427052814
             Training MAE: 0.03505389764904976		 Val MAE: 0.037324801087379456
             Algebraic dist: 0.7403485394906306		 Val Algebraic dist: 1.5231871604919434
             RE1 dist: 0.640832541645437		 Val RE1 dist: 2.8279542922973633
             SED dist: 0.8347234311311141		 Val SED dist: 3.510666529337565

Epoch 1818/2000: Training Loss: 0.14423869312673376		 Val Loss: 0.4515495300292969
             Training MAE: 0.036831729114055634		 Val MAE: 0.033784206956624985
             Algebraic dist: 1.0278483957484148		 Val Algebraic dist: 1.8335940043131511
             RE1 dist: 1.152497664741848		 Val RE1 dist: 4.24239985148112
             SED dist: 1.387175629104393		 Val SED dist: 4.465404510498047

Epoch 1819/2000: Training Loss: 0.11354610885398975		 Val Loss: 0.5639750560124716
             Training MAE: 0.03570093959569931		 Val MAE: 0.03293711319565773
             Algebraic dist: 0.9039454805678215		 Val Algebraic dist: 2.151946226755778
             RE1 dist: 0.9365280814792799		 Val RE1 dist: 5.914581298828125
             SED dist: 1.08321668099666		 Val SED dist: 5.58885129292806

Epoch 1820/2000: Training Loss: 0.12143244259599326		 Val Loss: 0.44809603691101074
             Training MAE: 0.035931799560785294		 Val MAE: 0.032671116292476654
             Algebraic dist: 0.9316668303116508		 Val Algebraic dist: 1.8701546986897786
             RE1 dist: 0.9817808952884398		 Val RE1 dist: 4.768697420756022
             SED dist: 1.161017376443614		 Val SED dist: 4.431557655334473

Epoch 1821/2000: Training Loss: 0.08978068310281505		 Val Loss: 0.3435586293538411
             Training MAE: 0.034502316266298294		 Val MAE: 0.03383605182170868
             Algebraic dist: 0.7704864723094995		 Val Algebraic dist: 1.536986509958903
             RE1 dist: 0.6816948047582654		 Val RE1 dist: 2.8038717905680337
             SED dist: 0.8458746205205503		 Val SED dist: 3.3832473754882812

Epoch 1822/2000: Training Loss: 0.11698497551074927		 Val Loss: 0.4594876766204834
             Training MAE: 0.03580614924430847		 Val MAE: 0.03675005957484245
             Algebraic dist: 0.9084654545438462		 Val Algebraic dist: 1.8659528096516926
             RE1 dist: 0.913900955863621		 Val RE1 dist: 4.573570887247722
             SED dist: 1.11611463021541		 Val SED dist: 4.540998140970866

Epoch 1823/2000: Training Loss: 0.10970919374106587		 Val Loss: 0.3267350395520528
             Training MAE: 0.035407260060310364		 Val MAE: 0.042348187416791916
             Algebraic dist: 0.8663108383399852		 Val Algebraic dist: 1.4805782636006672
             RE1 dist: 0.8524522643158401		 Val RE1 dist: 2.568710962931315
             SED dist: 1.0434539352638135		 Val SED dist: 3.2022905349731445

Epoch 1824/2000: Training Loss: 0.1289408310599949		 Val Loss: 0.40239910284678143
             Training MAE: 0.037243619561195374		 Val MAE: 0.03382821008563042
             Algebraic dist: 0.949438896732054		 Val Algebraic dist: 1.7234382629394531
             RE1 dist: 0.9934626040251359		 Val RE1 dist: 3.8958142598470054
             SED dist: 1.2328479048134624		 Val SED dist: 3.9730021158854165

Epoch 1825/2000: Training Loss: 0.09857432047526042		 Val Loss: 0.3670010566711426
             Training MAE: 0.03601444885134697		 Val MAE: 0.03556551784276962
             Algebraic dist: 0.8073873105256454		 Val Algebraic dist: 1.5871108373006184
             RE1 dist: 0.7401253520578578		 Val RE1 dist: 3.2524379094441733
             SED dist: 0.9316081171450408		 Val SED dist: 3.6164890925089517

Epoch 1826/2000: Training Loss: 0.1131040877190189		 Val Loss: 0.4762773911158244
             Training MAE: 0.036587465554475784		 Val MAE: 0.03397209197282791
             Algebraic dist: 0.8315863125566123		 Val Algebraic dist: 1.9049286842346191
             RE1 dist: 0.8043508667876755		 Val RE1 dist: 4.748190561930339
             SED dist: 1.0744949561962183		 Val SED dist: 4.712863922119141

Epoch 1827/2000: Training Loss: 0.09271497311799423		 Val Loss: 0.4064147075017293
             Training MAE: 0.03448789566755295		 Val MAE: 0.03276732191443443
             Algebraic dist: 0.7849443408026211		 Val Algebraic dist: 1.6980659166971843
             RE1 dist: 0.717359072920205		 Val RE1 dist: 3.843524932861328
             SED dist: 0.8756271583446558		 Val SED dist: 4.012681643168132

Epoch 1828/2000: Training Loss: 0.09670823553334111		 Val Loss: 0.4428726037343343
             Training MAE: 0.03584010899066925		 Val MAE: 0.033997006714344025
             Algebraic dist: 0.7595974466075068		 Val Algebraic dist: 1.7605918248494465
             RE1 dist: 0.6599702144014663		 Val RE1 dist: 4.002847035725911
             SED dist: 0.9115247864654099		 Val SED dist: 4.376369476318359

Epoch 1829/2000: Training Loss: 0.08888702807219132		 Val Loss: 0.3296001156171163
             Training MAE: 0.03483160585165024		 Val MAE: 0.034291822463274
             Algebraic dist: 0.7448481131291044		 Val Algebraic dist: 1.4381650288899739
             RE1 dist: 0.6526212830474412		 Val RE1 dist: 2.556429386138916
             SED dist: 0.8358042620230413		 Val SED dist: 3.2426347732543945

Epoch 1830/2000: Training Loss: 0.10217558819314708		 Val Loss: 0.5911482572555542
             Training MAE: 0.03540068864822388		 Val MAE: 0.03451821580529213
             Algebraic dist: 0.7880258974821671		 Val Algebraic dist: 2.1303860346476235
             RE1 dist: 0.6979138471078181		 Val RE1 dist: 5.411635080973308
             SED dist: 0.9666094572647758		 Val SED dist: 5.8567962646484375

Epoch 1831/2000: Training Loss: 0.10708862802256709		 Val Loss: 0.3795054356257121
             Training MAE: 0.03655004873871803		 Val MAE: 0.036297962069511414
             Algebraic dist: 0.8462594073751698		 Val Algebraic dist: 1.6165979703267415
             RE1 dist: 0.8104881065479224		 Val RE1 dist: 3.343851407368978
             SED dist: 1.0159145852793818		 Val SED dist: 3.7401650746663413

Epoch 1832/2000: Training Loss: 0.09928634201270947		 Val Loss: 0.30305808782577515
             Training MAE: 0.03762701526284218		 Val MAE: 0.0330410972237587
             Algebraic dist: 0.7738239454186481		 Val Algebraic dist: 1.4937782287597656
             RE1 dist: 0.6658786828967108		 Val RE1 dist: 2.5042265256245932
             SED dist: 0.93345056063887		 Val SED dist: 2.9778258005777993

Epoch 1833/2000: Training Loss: 0.09749091189840565		 Val Loss: 0.3186979691187541
             Training MAE: 0.035521041601896286		 Val MAE: 0.038282640278339386
             Algebraic dist: 0.7748342873393625		 Val Algebraic dist: 1.606355349222819
             RE1 dist: 0.672152975331182		 Val RE1 dist: 2.4146010080973306
             SED dist: 0.9198502250339674		 Val SED dist: 3.1290648778279624

Epoch 1834/2000: Training Loss: 0.13309445588485055		 Val Loss: 0.3843979438145955
             Training MAE: 0.0355021208524704		 Val MAE: 0.040839046239852905
             Algebraic dist: 0.9360270845717278		 Val Algebraic dist: 1.9180612564086914
             RE1 dist: 0.9926521190698596		 Val RE1 dist: 3.4862855275472007
             SED dist: 1.2760063945383266		 Val SED dist: 3.783450126647949

