
###########################################################################################################################################################

 learning rate: 0.0001, mlp_hidden_sizes: [1024, 512], jump_frames: 6, use_reconstruction_layer: True
batch_size: 8, norm: True, train_seqeunces: [0, 2, 3, 5], val_sequences: [6, 7, 8], RL_TEST_NAMES: ['fe2fadf89a84e92a', 'f01e8b6f8e10fdd9', 'f1ee9dc6135e5307', 'a41df4fa06fd391b', 'bc0ebb7482f14795', '9bdd34e784c04e3a', '98ebee1c36ecec55'], dataset: Sceneflow2Kitti,
average embeddings: False, model: facebook/dino-vitb16, augmentation: True, random crop: True, part: head, get_old_path: False, computer: 1,
RE1 coeff: 0 SED coeff: 0.5, ALG_COEFF: 0, L2_coeff: 1, huber_coeff: 1, frozen layers: 0, trained vit: None, MAX_POOL_SIZE: 7
crop: 224 resize: 256, use conv: True pretrained: None, train_size: 0.002, norm_mean: tensor([0.5000, 0.5000, 0.5000], device='cuda:0'), norm_std: tensor([0.5000, 0.5000, 0.5000], device='cuda:0'), sched: None seed: 42

train size: 32, val size: 24, test size: 1064

algebraic_truth: 0.0173153318464756		 val_algebraic_truth: 0.017709316064914066
RE1_truth: 0.00019726560276467353		 val_RE1_truth: 0.0002060011417294542
SED_truth: 0.0015781213296577334		 val_SED_truth: 0.0016480069607496262

Epoch 1/100: Training Loss: 0.16795288026332855		 Val Loss: 0.09542876482009888
             	Training MAE: 0.049296826124191284		 Val MAE: 0.046553727239370346
             	Algebraic dist: 0.25524982810020447		 Val Algebraic dist: 0.1880351702372233
             	RE1 dist: 0.07252681255340576		 Val RE1 dist: 0.03189223756392797
             	SED dist: 0.31726211309432983		 Val SED dist: 0.16433576742808023

Epoch 2/100: Training Loss: 0.14145641028881073		 Val Loss: 0.14641188581784567
             	Training MAE: 0.041427116841077805		 Val MAE: 0.05648238584399223
             	Algebraic dist: 0.22303983569145203		 Val Algebraic dist: 0.2530949115753174
             	RE1 dist: 0.06572122871875763		 Val RE1 dist: 0.055657416582107544
             	SED dist: 0.26810628175735474		 Val SED dist: 0.2685139973958333

Epoch 3/100: Training Loss: 0.11625835299491882		 Val Loss: 0.12295638521512349
             	Training MAE: 0.0531497523188591		 Val MAE: 0.053581591695547104
             	Algebraic dist: 0.20418685674667358		 Val Algebraic dist: 0.23119946320851645
             	RE1 dist: 0.04911675304174423		 Val RE1 dist: 0.04036626219749451
             	SED dist: 0.21121743321418762		 Val SED dist: 0.22170265515645346

Epoch 4/100: Training Loss: 0.11245326697826385		 Val Loss: 0.24046150843302408
             	Training MAE: 0.04173446446657181		 Val MAE: 0.044920701533555984
             	Algebraic dist: 0.2062854915857315		 Val Algebraic dist: 0.32957251866658527
             	RE1 dist: 0.04831545799970627		 Val RE1 dist: 0.09323675433794658
             	SED dist: 0.2097592055797577		 Val SED dist: 0.459258238474528

Epoch 5/100: Training Loss: 0.18298476934432983		 Val Loss: 0.1907701094945272
             	Training MAE: 0.03858596831560135		 Val MAE: 0.05004577338695526
             	Algebraic dist: 0.2851836085319519		 Val Algebraic dist: 0.3150109847386678
             	RE1 dist: 0.07531552761793137		 Val RE1 dist: 0.06858620047569275
             	SED dist: 0.35216668248176575		 Val SED dist: 0.36238078276316327

Epoch 6/100: Training Loss: 0.19238129258155823		 Val Loss: 0.1885149876276652
             	Training MAE: 0.04726642370223999		 Val MAE: 0.05431373044848442
             	Algebraic dist: 0.2947723865509033		 Val Algebraic dist: 0.30842673778533936
             	RE1 dist: 0.07504470646381378		 Val RE1 dist: 0.0635400116443634
             	SED dist: 0.36724165081977844		 Val SED dist: 0.35465439160664874

Epoch 7/100: Training Loss: 0.18238946795463562		 Val Loss: 0.08182460069656372
             	Training MAE: 0.04281016066670418		 Val MAE: 0.03900778293609619
             	Algebraic dist: 0.27704206109046936		 Val Algebraic dist: 0.17153412103652954
             	RE1 dist: 0.07937601953744888		 Val RE1 dist: 0.031203019122282665
             	SED dist: 0.3488304018974304		 Val SED dist: 0.14846420288085938

Epoch 8/100: Training Loss: 0.10605393350124359		 Val Loss: 0.14264585574467978
             	Training MAE: 0.04003096744418144		 Val MAE: 0.03869650885462761
             	Algebraic dist: 0.18106454610824585		 Val Algebraic dist: 0.25249238808949787
             	RE1 dist: 0.05221810191869736		 Val RE1 dist: 0.05619506041208903
             	SED dist: 0.1981019228696823		 Val SED dist: 0.27103543281555176

Epoch 9/100: Training Loss: 0.12103874236345291		 Val Loss: 0.07759581009546916
             	Training MAE: 0.03761180117726326		 Val MAE: 0.03890013322234154
             	Algebraic dist: 0.21114087104797363		 Val Algebraic dist: 0.1629947622617086
             	RE1 dist: 0.05938030779361725		 Val RE1 dist: 0.02760011951128642
             	SED dist: 0.22868657112121582		 Val SED dist: 0.14119346936543783

Epoch 10/100: Training Loss: 0.06076215207576752		 Val Loss: 0.09430821736653645
             	Training MAE: 0.03694064915180206		 Val MAE: 0.04121079295873642
             	Algebraic dist: 0.15529665350914001		 Val Algebraic dist: 0.18926926453908285
             	RE1 dist: 0.02200125716626644		 Val RE1 dist: 0.03576892366011938
             	SED dist: 0.10831966251134872		 Val SED dist: 0.17434593041737875

Epoch 11/100: Training Loss: 0.0804271399974823		 Val Loss: 0.14186514417330423
             	Training MAE: 0.03936271741986275		 Val MAE: 0.0467306450009346
             	Algebraic dist: 0.16609057784080505		 Val Algebraic dist: 0.2641002337137858
             	RE1 dist: 0.03436315059661865		 Val RE1 dist: 0.050281256437301636
             	SED dist: 0.147086501121521		 Val SED dist: 0.2625174919764201

Epoch 12/100: Training Loss: 0.10380186140537262		 Val Loss: 0.10673009355862935
             	Training MAE: 0.03966842219233513		 Val MAE: 0.03878479823470116
             	Algebraic dist: 0.22367139160633087		 Val Algebraic dist: 0.20825902620951334
             	RE1 dist: 0.03951956704258919		 Val RE1 dist: 0.0409689595301946
             	SED dist: 0.1934014856815338		 Val SED dist: 0.19980899492899576

Epoch 13/100: Training Loss: 0.07946838438510895		 Val Loss: 0.09518437584241231
             	Training MAE: 0.036531202495098114		 Val MAE: 0.03920188546180725
             	Algebraic dist: 0.18315957486629486		 Val Algebraic dist: 0.19804632663726807
             	RE1 dist: 0.0325780026614666		 Val RE1 dist: 0.033383158346017204
             	SED dist: 0.14580200612545013		 Val SED dist: 0.17661293347676596

Epoch 14/100: Training Loss: 0.08578646183013916		 Val Loss: 0.1006853977839152
             	Training MAE: 0.037806589156389236		 Val MAE: 0.0389120988547802
             	Algebraic dist: 0.17597603797912598		 Val Algebraic dist: 0.18642735481262207
             	RE1 dist: 0.03717122972011566		 Val RE1 dist: 0.039800902207692467
             	SED dist: 0.15813101828098297		 Val SED dist: 0.18698455890019736

Epoch 15/100: Training Loss: 0.07448554784059525		 Val Loss: 0.0783695677916209
             	Training MAE: 0.03683928772807121		 Val MAE: 0.04288502037525177
             	Algebraic dist: 0.16799697279930115		 Val Algebraic dist: 0.1749205787976583
             	RE1 dist: 0.03229961916804314		 Val RE1 dist: 0.028035645683606465
             	SED dist: 0.1356557458639145		 Val SED dist: 0.14043970902760824

Epoch 16/100: Training Loss: 0.061692845076322556		 Val Loss: 0.09823539853096008
             	Training MAE: 0.03913426399230957		 Val MAE: 0.0397564060986042
             	Algebraic dist: 0.15245184302330017		 Val Algebraic dist: 0.16962711016337076
             	RE1 dist: 0.025804869830608368		 Val RE1 dist: 0.03973006457090378
             	SED dist: 0.10951364040374756		 Val SED dist: 0.1825648546218872

Epoch 17/100: Training Loss: 0.053013574331998825		 Val Loss: 0.13436869780222574
             	Training MAE: 0.03984912857413292		 Val MAE: 0.044026464223861694
             	Algebraic dist: 0.12798534333705902		 Val Algebraic dist: 0.2068490982055664
             	RE1 dist: 0.02093331702053547		 Val RE1 dist: 0.05460920433203379
             	SED dist: 0.09191630780696869		 Val SED dist: 0.2503063678741455

Epoch 18/100: Training Loss: 0.05076770484447479		 Val Loss: 0.21375576655069986
             	Training MAE: 0.03941330686211586		 Val MAE: 0.039328206330537796
             	Algebraic dist: 0.11733059585094452		 Val Algebraic dist: 0.2875378727912903
             	RE1 dist: 0.021815109997987747		 Val RE1 dist: 0.09134446581204732
             	SED dist: 0.08764781057834625		 Val SED dist: 0.41334104537963867

Epoch 19/100: Training Loss: 0.08074647188186646		 Val Loss: 0.19110798835754395
             	Training MAE: 0.0393935963511467		 Val MAE: 0.0385458879172802
             	Algebraic dist: 0.16968849301338196		 Val Algebraic dist: 0.2633952697118123
             	RE1 dist: 0.03405194357037544		 Val RE1 dist: 0.07949317991733551
             	SED dist: 0.14749911427497864		 Val SED dist: 0.3673996130625407

Epoch 20/100: Training Loss: 0.0446404367685318		 Val Loss: 0.1846613883972168
             	Training MAE: 0.0366867259144783		 Val MAE: 0.03738297522068024
             	Algebraic dist: 0.1275121420621872		 Val Algebraic dist: 0.2570625940958659
             	RE1 dist: 0.016299447044730186		 Val RE1 dist: 0.07772745688756307
             	SED dist: 0.07610764354467392		 Val SED dist: 0.35604504744211835

Epoch 21/100: Training Loss: 0.06905224919319153		 Val Loss: 0.21542692184448242
             	Training MAE: 0.03691158816218376		 Val MAE: 0.03924928978085518
             	Algebraic dist: 0.16712146997451782		 Val Algebraic dist: 0.28649723529815674
             	RE1 dist: 0.026113592088222504		 Val RE1 dist: 0.09077863891919453
             	SED dist: 0.12489055842161179		 Val SED dist: 0.4156930446624756

Epoch 22/100: Training Loss: 0.0936964601278305		 Val Loss: 0.21151487032572427
             	Training MAE: 0.0372672937810421		 Val MAE: 0.03642048314213753
             	Algebraic dist: 0.20715147256851196		 Val Algebraic dist: 0.2688188950220744
             	RE1 dist: 0.03650066629052162		 Val RE1 dist: 0.09059452017148335
             	SED dist: 0.17402426898479462		 Val SED dist: 0.4098563591639201

Epoch 23/100: Training Loss: 0.1157531887292862		 Val Loss: 0.10171850522359212
             	Training MAE: 0.037834592163562775		 Val MAE: 0.03663991764187813
             	Algebraic dist: 0.23189598321914673		 Val Algebraic dist: 0.1854065259297689
             	RE1 dist: 0.04278261959552765		 Val RE1 dist: 0.04030068218708038
             	SED dist: 0.2180754840373993		 Val SED dist: 0.1901723345120748

Epoch 24/100: Training Loss: 0.08855478465557098		 Val Loss: 0.10159719983736674
             	Training MAE: 0.037431634962558746		 Val MAE: 0.03835083544254303
             	Algebraic dist: 0.18553191423416138		 Val Algebraic dist: 0.18728635708491007
             	RE1 dist: 0.033124543726444244		 Val RE1 dist: 0.040711971620718636
             	SED dist: 0.16376551985740662		 Val SED dist: 0.18941962718963623

Epoch 25/100: Training Loss: 0.09909273684024811		 Val Loss: 0.10350094238917033
             	Training MAE: 0.036654677242040634		 Val MAE: 0.039555180817842484
             	Algebraic dist: 0.20663905143737793		 Val Algebraic dist: 0.21644880374272665
             	RE1 dist: 0.03910879045724869		 Val RE1 dist: 0.0384861429532369
             	SED dist: 0.18492886424064636		 Val SED dist: 0.19293880462646484

Epoch 26/100: Training Loss: 0.11838261038064957		 Val Loss: 0.07753981153170268
             	Training MAE: 0.0385889895260334		 Val MAE: 0.03626597672700882
             	Algebraic dist: 0.22541363537311554		 Val Algebraic dist: 0.164329727490743
             	RE1 dist: 0.047258198261260986		 Val RE1 dist: 0.030133227507273357
             	SED dist: 0.2231273353099823		 Val SED dist: 0.1419814725716909

Epoch 27/100: Training Loss: 0.08836992084980011		 Val Loss: 0.09033241868019104
             	Training MAE: 0.03824324160814285		 Val MAE: 0.03851846605539322
             	Algebraic dist: 0.19814994931221008		 Val Algebraic dist: 0.17538599173227945
             	RE1 dist: 0.033289410173892975		 Val RE1 dist: 0.0361656000216802
             	SED dist: 0.1632290780544281		 Val SED dist: 0.16632472475369772

Epoch 28/100: Training Loss: 0.09063198417425156		 Val Loss: 0.09768128395080566
             	Training MAE: 0.03737485408782959		 Val MAE: 0.04209117218852043
             	Algebraic dist: 0.18262501060962677		 Val Algebraic dist: 0.17876368761062622
             	RE1 dist: 0.03772407025098801		 Val RE1 dist: 0.03926908473173777
             	SED dist: 0.16793009638786316		 Val SED dist: 0.18065194288889566

Epoch 29/100: Training Loss: 0.05922025814652443		 Val Loss: 0.12094635764757793
             	Training MAE: 0.04221465066075325		 Val MAE: 0.043927960097789764
             	Algebraic dist: 0.15413706004619598		 Val Algebraic dist: 0.20513304074605307
             	RE1 dist: 0.0215083509683609		 Val RE1 dist: 0.04910452167193095
             	SED dist: 0.10371167957782745		 Val SED dist: 0.224676251411438

Epoch 30/100: Training Loss: 0.053060710430145264		 Val Loss: 0.09169068932533264
             	Training MAE: 0.04002603515982628		 Val MAE: 0.04045344144105911
             	Algebraic dist: 0.13707508146762848		 Val Algebraic dist: 0.19126381476720175
             	RE1 dist: 0.01993909291923046		 Val RE1 dist: 0.03293506304423014
             	SED dist: 0.09208270907402039		 Val SED dist: 0.16839218139648438

Epoch 31/100: Training Loss: 0.06950029730796814		 Val Loss: 0.09179965655008952
             	Training MAE: 0.03708915784955025		 Val MAE: 0.04006930813193321
             	Algebraic dist: 0.16990253329277039		 Val Algebraic dist: 0.17347906033198038
             	RE1 dist: 0.027224887162446976		 Val RE1 dist: 0.034446075558662415
             	SED dist: 0.12581218779087067		 Val SED dist: 0.1669769287109375

Epoch 32/100: Training Loss: 0.041886117309331894		 Val Loss: 0.14497114221254984
             	Training MAE: 0.037358153611421585		 Val MAE: 0.037073127925395966
             	Algebraic dist: 0.12096963077783585		 Val Algebraic dist: 0.20619740088780722
             	RE1 dist: 0.014585861936211586		 Val RE1 dist: 0.062110960483551025
             	SED dist: 0.07046312093734741		 Val SED dist: 0.2764982183774312

Epoch 33/100: Training Loss: 0.06826460361480713		 Val Loss: 0.09044909477233887
             	Training MAE: 0.037818990647792816		 Val MAE: 0.03930949792265892
             	Algebraic dist: 0.14850705862045288		 Val Algebraic dist: 0.17627408107121786
             	RE1 dist: 0.027361948043107986		 Val RE1 dist: 0.03552068521579107
             	SED dist: 0.12308001518249512		 Val SED dist: 0.16706538200378418

Epoch 34/100: Training Loss: 0.08017197251319885		 Val Loss: 0.18740342060724893
             	Training MAE: 0.03948352485895157		 Val MAE: 0.04067884013056755
             	Algebraic dist: 0.17803055047988892		 Val Algebraic dist: 0.24655540784200033
             	RE1 dist: 0.030141755938529968		 Val RE1 dist: 0.07958738009134929
             	SED dist: 0.1464238166809082		 Val SED dist: 0.3580249547958374

Epoch 35/100: Training Loss: 0.07651416957378387		 Val Loss: 0.20516977707544962
             	Training MAE: 0.040987368673086166		 Val MAE: 0.04467303305864334
             	Algebraic dist: 0.18160170316696167		 Val Algebraic dist: 0.25391964117685956
             	RE1 dist: 0.02841239795088768		 Val RE1 dist: 0.0874236027399699
             	SED dist: 0.13838158547878265		 Val SED dist: 0.39454038937886554

Epoch 36/100: Training Loss: 0.07187139987945557		 Val Loss: 0.25205113490422565
             	Training MAE: 0.04263211041688919		 Val MAE: 0.03931974619626999
             	Algebraic dist: 0.14361625909805298		 Val Algebraic dist: 0.31420813004175824
             	RE1 dist: 0.03168735280632973		 Val RE1 dist: 0.10656326015790303
             	SED dist: 0.12877456843852997		 Val SED dist: 0.48787347475687665

Epoch 37/100: Training Loss: 0.07306890189647675		 Val Loss: 0.17029253641764322
             	Training MAE: 0.037198856472969055		 Val MAE: 0.04372333735227585
             	Algebraic dist: 0.1709521859884262		 Val Algebraic dist: 0.25583207607269287
             	RE1 dist: 0.028567977249622345		 Val RE1 dist: 0.06814352671305339
             	SED dist: 0.13276657462120056		 Val SED dist: 0.3239476482073466

Epoch 38/100: Training Loss: 0.057417482137680054		 Val Loss: 0.11356095472971599
             	Training MAE: 0.039462924003601074		 Val MAE: 0.04213422164320946
             	Algebraic dist: 0.16115383803844452		 Val Algebraic dist: 0.19016015529632568
             	RE1 dist: 0.01915278099477291		 Val RE1 dist: 0.045987521608670555
             	SED dist: 0.10095907747745514		 Val SED dist: 0.21237212419509888

Epoch 39/100: Training Loss: 0.05229131877422333		 Val Loss: 0.1565979023774465
             	Training MAE: 0.04436526075005531		 Val MAE: 0.048007041215896606
             	Algebraic dist: 0.13067151606082916		 Val Algebraic dist: 0.22901179393132529
             	RE1 dist: 0.019017105922102928		 Val RE1 dist: 0.06126175324122111
             	SED dist: 0.08864667266607285		 Val SED dist: 0.29207976659138996

Epoch 40/100: Training Loss: 0.04437857121229172		 Val Loss: 0.06606477995713551
             	Training MAE: 0.038856495171785355		 Val MAE: 0.042088426649570465
             	Algebraic dist: 0.11112961173057556		 Val Algebraic dist: 0.14392761389414468
             	RE1 dist: 0.017550796270370483		 Val RE1 dist: 0.023958588639895122
             	SED dist: 0.07496580481529236		 Val SED dist: 0.1174978216489156

Epoch 41/100: Training Loss: 0.04911724850535393		 Val Loss: 0.08155760169029236
             	Training MAE: 0.041226256638765335		 Val MAE: 0.04121416434645653
             	Algebraic dist: 0.1341412514448166		 Val Algebraic dist: 0.16320371627807617
             	RE1 dist: 0.01679384708404541		 Val RE1 dist: 0.030876420438289642
             	SED dist: 0.0837370976805687		 Val SED dist: 0.14482184251149496

Epoch 42/100: Training Loss: 0.06532242894172668		 Val Loss: 0.1307944655418396
             	Training MAE: 0.04022270441055298		 Val MAE: 0.045309729874134064
             	Algebraic dist: 0.1604577749967575		 Val Algebraic dist: 0.2202448844909668
             	RE1 dist: 0.023719988763332367		 Val RE1 dist: 0.05102280775705973
             	SED dist: 0.116173654794693		 Val SED dist: 0.24547350406646729

Epoch 43/100: Training Loss: 0.04452410712838173		 Val Loss: 0.10342734058698018
             	Training MAE: 0.041534505784511566		 Val MAE: 0.04311922937631607
             	Algebraic dist: 0.11907316744327545		 Val Algebraic dist: 0.1897366444269816
             	RE1 dist: 0.015937920659780502		 Val RE1 dist: 0.03721185773611069
             	SED dist: 0.07454289495944977		 Val SED dist: 0.18534493446350098

Epoch 44/100: Training Loss: 0.07993007451295853		 Val Loss: 0.07381051778793335
             	Training MAE: 0.04348253831267357		 Val MAE: 0.04780711978673935
             	Algebraic dist: 0.17973864078521729		 Val Algebraic dist: 0.16247904300689697
             	RE1 dist: 0.029784347862005234		 Val RE1 dist: 0.026581108570098877
             	SED dist: 0.14439702033996582		 Val SED dist: 0.13000773390134177

Epoch 45/100: Training Loss: 0.09209774434566498		 Val Loss: 0.07879031201203664
             	Training MAE: 0.04420597106218338		 Val MAE: 0.04354536533355713
             	Algebraic dist: 0.2074759155511856		 Val Algebraic dist: 0.1823593576749166
             	RE1 dist: 0.032274387776851654		 Val RE1 dist: 0.025833698610464733
             	SED dist: 0.16819754242897034		 Val SED dist: 0.14021403590838113

Epoch 46/100: Training Loss: 0.09801839292049408		 Val Loss: 0.1396893858909607
             	Training MAE: 0.044240452349185944		 Val MAE: 0.04673260450363159
             	Algebraic dist: 0.20132391154766083		 Val Algebraic dist: 0.22077125310897827
             	RE1 dist: 0.036568641662597656		 Val RE1 dist: 0.05655450622240702
             	SED dist: 0.18023917078971863		 Val SED dist: 0.2626216212908427

Epoch 47/100: Training Loss: 0.07487653195858002		 Val Loss: 0.12986992796262106
             	Training MAE: 0.03972784802317619		 Val MAE: 0.04570743441581726
             	Algebraic dist: 0.15324729681015015		 Val Algebraic dist: 0.21259917815526327
             	RE1 dist: 0.03090970776975155		 Val RE1 dist: 0.05062763889630636
             	SED dist: 0.13551366329193115		 Val SED dist: 0.24353679021199545

Epoch 48/100: Training Loss: 0.05385686084628105		 Val Loss: 0.1611578663190206
             	Training MAE: 0.04278206080198288		 Val MAE: 0.037802986800670624
             	Algebraic dist: 0.14225612580776215		 Val Algebraic dist: 0.23448574542999268
             	RE1 dist: 0.01810508966445923		 Val RE1 dist: 0.0673634906609853
             	SED dist: 0.09251181781291962		 Val SED dist: 0.3088703155517578

Epoch 49/100: Training Loss: 0.059455882757902145		 Val Loss: 0.16899909575780234
             	Training MAE: 0.03998880460858345		 Val MAE: 0.04356888681650162
             	Algebraic dist: 0.1464349329471588		 Val Algebraic dist: 0.22958550850550333
             	RE1 dist: 0.021028146147727966		 Val RE1 dist: 0.06989976763725281
             	SED dist: 0.10465264320373535		 Val SED dist: 0.3205957015355428

Epoch 50/100: Training Loss: 0.07902386784553528		 Val Loss: 0.09016970793406169
             	Training MAE: 0.038204118609428406		 Val MAE: 0.04430151730775833
             	Algebraic dist: 0.1659400463104248		 Val Algebraic dist: 0.17784633239110312
             	RE1 dist: 0.03294051066040993		 Val RE1 dist: 0.034430193404356636
             	SED dist: 0.14453071355819702		 Val SED dist: 0.16478570302327475

Epoch 51/100: Training Loss: 0.09318365156650543		 Val Loss: 0.1119477649529775
             	Training MAE: 0.04340922459959984		 Val MAE: 0.04037865996360779
             	Algebraic dist: 0.2020283043384552		 Val Algebraic dist: 0.20047829548517862
             	RE1 dist: 0.03277740627527237		 Val RE1 dist: 0.04247197012106577
             	SED dist: 0.1704426407814026		 Val SED dist: 0.2085782289505005

Epoch 52/100: Training Loss: 0.09482448548078537		 Val Loss: 0.25189963976542157
             	Training MAE: 0.04293610528111458		 Val MAE: 0.045644450932741165
             	Algebraic dist: 0.1993912160396576		 Val Algebraic dist: 0.29840924342473346
             	RE1 dist: 0.034499604254961014		 Val RE1 dist: 0.10347869992256165
             	SED dist: 0.1740293800830841		 Val SED dist: 0.4868728717168172

Epoch 53/100: Training Loss: 0.050526801496744156		 Val Loss: 0.3055382966995239
             	Training MAE: 0.041337981820106506		 Val MAE: 0.03743232041597366
             	Algebraic dist: 0.13781329989433289		 Val Algebraic dist: 0.3574390411376953
             	RE1 dist: 0.018191389739513397		 Val RE1 dist: 0.13206334908803305
             	SED dist: 0.08665181696414948		 Val SED dist: 0.5977138678232828

Epoch 54/100: Training Loss: 0.048431117087602615		 Val Loss: 0.1707183321317037
             	Training MAE: 0.03713511675596237		 Val MAE: 0.04260705038905144
             	Algebraic dist: 0.13191397488117218		 Val Algebraic dist: 0.25178911288579303
             	RE1 dist: 0.01769174449145794		 Val RE1 dist: 0.07221615811189015
             	SED dist: 0.08352601528167725		 Val SED dist: 0.326114018758138

Epoch 55/100: Training Loss: 0.03812316060066223		 Val Loss: 0.1963228384653727
             	Training MAE: 0.03954269364476204		 Val MAE: 0.03933645039796829
             	Algebraic dist: 0.11475616693496704		 Val Algebraic dist: 0.2636935313542684
             	RE1 dist: 0.013410104438662529		 Val RE1 dist: 0.08491021394729614
             	SED dist: 0.062364913523197174		 Val SED dist: 0.3758898576100667

Epoch 56/100: Training Loss: 0.04094083234667778		 Val Loss: 0.12866737445195517
             	Training MAE: 0.039597876369953156		 Val MAE: 0.04207935556769371
             	Algebraic dist: 0.1234988421201706		 Val Algebraic dist: 0.200554629166921
             	RE1 dist: 0.014100335538387299		 Val RE1 dist: 0.052217721939086914
             	SED dist: 0.06779738515615463		 Val SED dist: 0.24259527524312338

Epoch 57/100: Training Loss: 0.041901398450136185		 Val Loss: 0.1101999282836914
             	Training MAE: 0.037949297577142715		 Val MAE: 0.04318678379058838
             	Algebraic dist: 0.11343381553888321		 Val Algebraic dist: 0.17611908912658691
             	RE1 dist: 0.015767153352499008		 Val RE1 dist: 0.04281862576802572
             	SED dist: 0.07029087841510773		 Val SED dist: 0.2014102339744568

Epoch 58/100: Training Loss: 0.028037013486027718		 Val Loss: 0.11244041721026103
             	Training MAE: 0.040542952716350555		 Val MAE: 0.03905683010816574
             	Algebraic dist: 0.09269917756319046		 Val Algebraic dist: 0.19196887811024985
             	RE1 dist: 0.008306575939059258		 Val RE1 dist: 0.04670728246370951
             	SED dist: 0.0419149287045002		 Val SED dist: 0.21086637179056802

Epoch 59/100: Training Loss: 0.027415309101343155		 Val Loss: 0.11586660146713257
             	Training MAE: 0.036664534360170364		 Val MAE: 0.03919662535190582
             	Algebraic dist: 0.09101863205432892		 Val Algebraic dist: 0.19138928254445395
             	RE1 dist: 0.008497526869177818		 Val RE1 dist: 0.04717405637105306
             	SED dist: 0.04154088348150253		 Val SED dist: 0.21795050303141275

Epoch 60/100: Training Loss: 0.03471110016107559		 Val Loss: 0.1278468370437622
             	Training MAE: 0.037977345287799835		 Val MAE: 0.039123184978961945
             	Algebraic dist: 0.10410293936729431		 Val Algebraic dist: 0.20572185516357422
             	RE1 dist: 0.012061326764523983		 Val RE1 dist: 0.05087224145730337
             	SED dist: 0.055915430188179016		 Val SED dist: 0.24014830589294434

Epoch 61/100: Training Loss: 0.030836712568998337		 Val Loss: 0.08926017085711162
             	Training MAE: 0.03684418275952339		 Val MAE: 0.03683849796652794
             	Algebraic dist: 0.09524106234312057		 Val Algebraic dist: 0.1658823291460673
             	RE1 dist: 0.00999024324119091		 Val RE1 dist: 0.03641370435555776
             	SED dist: 0.04841432720422745		 Val SED dist: 0.165096382300059

Epoch 62/100: Training Loss: 0.041381560266017914		 Val Loss: 0.06953342755635579
             	Training MAE: 0.03824746981263161		 Val MAE: 0.03620676323771477
             	Algebraic dist: 0.10525792092084885		 Val Algebraic dist: 0.1626628835995992
             	RE1 dist: 0.015536358579993248		 Val RE1 dist: 0.02536845455567042
             	SED dist: 0.06926710158586502		 Val SED dist: 0.1259210705757141

Epoch 63/100: Training Loss: 0.04270152747631073		 Val Loss: 0.08982434868812561
             	Training MAE: 0.03669360652565956		 Val MAE: 0.03764193877577782
             	Algebraic dist: 0.1150413453578949		 Val Algebraic dist: 0.1819772720336914
             	RE1 dist: 0.015068436041474342		 Val RE1 dist: 0.03349728137254715
             	SED dist: 0.07221024483442307		 Val SED dist: 0.165753702322642

Epoch 64/100: Training Loss: 0.049611520022153854		 Val Loss: 0.12669952710469565
             	Training MAE: 0.037229910492897034		 Val MAE: 0.0380701906979084
             	Algebraic dist: 0.13182103633880615		 Val Algebraic dist: 0.20059903462727866
             	RE1 dist: 0.017831183969974518		 Val RE1 dist: 0.05055247743924459
             	SED dist: 0.08588746190071106		 Val SED dist: 0.2389329473177592

Epoch 65/100: Training Loss: 0.036233946681022644		 Val Loss: 0.11037929852803548
             	Training MAE: 0.037881698459386826		 Val MAE: 0.04099423810839653
             	Algebraic dist: 0.11101265251636505		 Val Algebraic dist: 0.19245672225952148
             	RE1 dist: 0.012092326767742634		 Val RE1 dist: 0.043522968888282776
             	SED dist: 0.05903225392103195		 Val SED dist: 0.20642069975535074

Epoch 66/100: Training Loss: 0.04288210719823837		 Val Loss: 0.09020753701527913
             	Training MAE: 0.039615802466869354		 Val MAE: 0.03708667308092117
             	Algebraic dist: 0.10882432013750076		 Val Algebraic dist: 0.1686956286430359
             	RE1 dist: 0.015613347291946411		 Val RE1 dist: 0.03501769155263901
             	SED dist: 0.07182846963405609		 Val SED dist: 0.16688642899195352

Epoch 67/100: Training Loss: 0.04247315973043442		 Val Loss: 0.1331739823023478
             	Training MAE: 0.037988245487213135		 Val MAE: 0.04022829979658127
             	Algebraic dist: 0.11029022932052612		 Val Algebraic dist: 0.19402543703715006
             	RE1 dist: 0.01556445099413395		 Val RE1 dist: 0.05555767814318339
             	SED dist: 0.07141490280628204		 Val SED dist: 0.24974801143010458

Epoch 68/100: Training Loss: 0.03569914028048515		 Val Loss: 0.1061090628306071
             	Training MAE: 0.03708525002002716		 Val MAE: 0.036452073603868484
             	Algebraic dist: 0.1047394648194313		 Val Algebraic dist: 0.1898742119471232
             	RE1 dist: 0.012262580916285515		 Val RE1 dist: 0.04175247251987457
             	SED dist: 0.058031417429447174		 Val SED dist: 0.19901980956395468

Epoch 69/100: Training Loss: 0.02352473884820938		 Val Loss: 0.12630067269007364
             	Training MAE: 0.036187559366226196		 Val MAE: 0.036707401275634766
             	Algebraic dist: 0.08327801525592804		 Val Algebraic dist: 0.20913318792978922
             	RE1 dist: 0.006686280481517315		 Val RE1 dist: 0.05122049649556478
             	SED dist: 0.033799733966588974		 Val SED dist: 0.23930925130844116

Epoch 70/100: Training Loss: 0.024839414283633232		 Val Loss: 0.08017210165659587
             	Training MAE: 0.03652429208159447		 Val MAE: 0.03982215002179146
             	Algebraic dist: 0.0801805704832077		 Val Algebraic dist: 0.1585978070894877
             	RE1 dist: 0.007252023555338383		 Val RE1 dist: 0.0308637668689092
             	SED dist: 0.03637121617794037		 Val SED dist: 0.14436139663060507

Epoch 71/100: Training Loss: 0.03793206810951233		 Val Loss: 0.08858595291773479
             	Training MAE: 0.036897316575050354		 Val MAE: 0.037421051412820816
             	Algebraic dist: 0.11440059542655945		 Val Algebraic dist: 0.16438118616739908
             	RE1 dist: 0.01323916669934988		 Val RE1 dist: 0.03438245256741842
             	SED dist: 0.06252263486385345		 Val SED dist: 0.1638040542602539

Epoch 72/100: Training Loss: 0.03801826015114784		 Val Loss: 0.11998617649078369
             	Training MAE: 0.03688807785511017		 Val MAE: 0.03634199872612953
             	Algebraic dist: 0.09380573034286499		 Val Algebraic dist: 0.2075450817743937
             	RE1 dist: 0.014143163338303566		 Val RE1 dist: 0.04787225524584452
             	SED dist: 0.06274828314781189		 Val SED dist: 0.22689034541447958

Epoch 73/100: Training Loss: 0.023290880024433136		 Val Loss: 0.09058357278505962
             	Training MAE: 0.03726771101355553		 Val MAE: 0.04054682329297066
             	Algebraic dist: 0.07717056572437286		 Val Algebraic dist: 0.17258455355962118
             	RE1 dist: 0.006456325296312571		 Val RE1 dist: 0.03517573078473409
             	SED dist: 0.03326725214719772		 Val SED dist: 0.1640581488609314

Epoch 74/100: Training Loss: 0.04161018133163452		 Val Loss: 0.1282866100470225
             	Training MAE: 0.03759201243519783		 Val MAE: 0.03826894983649254
             	Algebraic dist: 0.12168587744235992		 Val Algebraic dist: 0.20960976680119833
             	RE1 dist: 0.013532552868127823		 Val RE1 dist: 0.051758443315823875
             	SED dist: 0.06979282200336456		 Val SED dist: 0.24162973960240683

Epoch 75/100: Training Loss: 0.06706985086202621		 Val Loss: 0.31531723340352374
             	Training MAE: 0.037119749933481216		 Val MAE: 0.04287541285157204
             	Algebraic dist: 0.15602149069309235		 Val Algebraic dist: 0.3924183448155721
             	RE1 dist: 0.02688833326101303		 Val RE1 dist: 0.12817005316416422
             	SED dist: 0.12085762619972229		 Val SED dist: 0.6156776746114095

Epoch 76/100: Training Loss: 0.11674967408180237		 Val Loss: 0.3801806370417277
             	Training MAE: 0.03962155431509018		 Val MAE: 0.04343686252832413
             	Algebraic dist: 0.22964318096637726		 Val Algebraic dist: 0.390704870223999
             	RE1 dist: 0.04454488307237625		 Val RE1 dist: 0.16056345899899802
             	SED dist: 0.21950788795948029		 Val SED dist: 0.7451947530110677

Epoch 77/100: Training Loss: 0.09401200711727142		 Val Loss: 0.07549603780110677
             	Training MAE: 0.046690233051776886		 Val MAE: 0.04375028610229492
             	Algebraic dist: 0.20023885369300842		 Val Algebraic dist: 0.16511112451553345
             	RE1 dist: 0.03575360029935837		 Val RE1 dist: 0.025971288482348125
             	SED dist: 0.17090940475463867		 Val SED dist: 0.13249721129735312

Epoch 78/100: Training Loss: 0.05259210988879204		 Val Loss: 0.06819670399030049
             	Training MAE: 0.04192330688238144		 Val MAE: 0.04344058036804199
             	Algebraic dist: 0.14031952619552612		 Val Algebraic dist: 0.1566165586312612
             	RE1 dist: 0.016490070149302483		 Val RE1 dist: 0.024048686027526855
             	SED dist: 0.09034609794616699		 Val SED dist: 0.12109434604644775

Epoch 79/100: Training Loss: 0.058976247906684875		 Val Loss: 0.18636403481165567
             	Training MAE: 0.03981344774365425		 Val MAE: 0.04141579940915108
             	Algebraic dist: 0.14271852374076843		 Val Algebraic dist: 0.2494065761566162
             	RE1 dist: 0.02199077606201172		 Val RE1 dist: 0.07706438501675923
             	SED dist: 0.10392267256975174		 Val SED dist: 0.35821767648061115

Epoch 80/100: Training Loss: 0.043632104992866516		 Val Loss: 0.1590684950351715
             	Training MAE: 0.043828919529914856		 Val MAE: 0.041718050837516785
             	Algebraic dist: 0.10524756461381912		 Val Algebraic dist: 0.23138662179311117
             	RE1 dist: 0.01517800334841013		 Val RE1 dist: 0.06426554918289185
             	SED dist: 0.07184337824583054		 Val SED dist: 0.2996862332026164

Epoch 81/100: Training Loss: 0.037947915494441986		 Val Loss: 0.2048373818397522
             	Training MAE: 0.04008821025490761		 Val MAE: 0.05017690360546112
             	Algebraic dist: 0.11329975724220276		 Val Algebraic dist: 0.29869286219278973
             	RE1 dist: 0.012801757082343102		 Val RE1 dist: 0.080593208471934
             	SED dist: 0.061748944222927094		 Val SED dist: 0.38998440901438397

Epoch 82/100: Training Loss: 0.03985663503408432		 Val Loss: 0.3228669762611389
             	Training MAE: 0.04133065044879913		 Val MAE: 0.04091787338256836
             	Algebraic dist: 0.11655425280332565		 Val Algebraic dist: 0.3600347439448039
             	RE1 dist: 0.01222502626478672		 Val RE1 dist: 0.13809091846148172
             	SED dist: 0.06514701247215271		 Val SED dist: 0.631143053372701

Epoch 83/100: Training Loss: 0.06172554939985275		 Val Loss: 0.1348871092001597
             	Training MAE: 0.037453945726156235		 Val MAE: 0.04127717763185501
             	Algebraic dist: 0.15686459839344025		 Val Algebraic dist: 0.21404210726420084
             	RE1 dist: 0.02238563261926174		 Val RE1 dist: 0.05442890524864197
             	SED dist: 0.11002346873283386		 Val SED dist: 0.2553942799568176

Epoch 84/100: Training Loss: 0.032613568007946014		 Val Loss: 0.1401844024658203
             	Training MAE: 0.03974011912941933		 Val MAE: 0.04056768864393234
             	Algebraic dist: 0.098207026720047		 Val Algebraic dist: 0.2162746787071228
             	RE1 dist: 0.010589436627924442		 Val RE1 dist: 0.05858271320660909
             	SED dist: 0.051328275352716446		 Val SED dist: 0.26603013277053833

Epoch 85/100: Training Loss: 0.03460588678717613		 Val Loss: 0.14511966705322266
             	Training MAE: 0.03866838663816452		 Val MAE: 0.04144057631492615
             	Algebraic dist: 0.10637370496988297		 Val Algebraic dist: 0.21521490812301636
             	RE1 dist: 0.011529793031513691		 Val RE1 dist: 0.0606611967086792
             	SED dist: 0.05555348843336105		 Val SED dist: 0.27582011620203656

Epoch 86/100: Training Loss: 0.06676464527845383		 Val Loss: 0.1538758079210917
             	Training MAE: 0.04049362242221832		 Val MAE: 0.03796764835715294
             	Algebraic dist: 0.1569531261920929		 Val Algebraic dist: 0.2676875392595927
             	RE1 dist: 0.025604434311389923		 Val RE1 dist: 0.05705178280671438
             	SED dist: 0.11921876668930054		 Val SED dist: 0.29429715871810913

Epoch 87/100: Training Loss: 0.0783340185880661		 Val Loss: 0.14724600315093994
             	Training MAE: 0.038735706359148026		 Val MAE: 0.04056635499000549
             	Algebraic dist: 0.18152013421058655		 Val Algebraic dist: 0.25801531473795575
             	RE1 dist: 0.027090679854154587		 Val RE1 dist: 0.05726736783981323
             	SED dist: 0.14297576248645782		 Val SED dist: 0.27780715624491376

Epoch 88/100: Training Loss: 0.06907538324594498		 Val Loss: 0.08358507355054219
             	Training MAE: 0.03731819987297058		 Val MAE: 0.04198423773050308
             	Algebraic dist: 0.16264335811138153		 Val Algebraic dist: 0.1778587500254313
             	RE1 dist: 0.02486327476799488		 Val RE1 dist: 0.02824772149324417
             	SED dist: 0.12477665394544601		 Val SED dist: 0.1504141887029012

Epoch 89/100: Training Loss: 0.03497018665075302		 Val Loss: 0.09228684504826863
             	Training MAE: 0.038125209510326385		 Val MAE: 0.03992335870862007
             	Algebraic dist: 0.09853394329547882		 Val Algebraic dist: 0.19498433669408163
             	RE1 dist: 0.012279522605240345		 Val RE1 dist: 0.033491854866345726
             	SED dist: 0.056413426995277405		 Val SED dist: 0.17056510845820108

Epoch 90/100: Training Loss: 0.06328455358743668		 Val Loss: 0.09438159068425496
             	Training MAE: 0.038446612656116486		 Val MAE: 0.0395851768553257
             	Algebraic dist: 0.1554499864578247		 Val Algebraic dist: 0.19948029518127441
             	RE1 dist: 0.021686825901269913		 Val RE1 dist: 0.03299332161744436
             	SED dist: 0.11286851763725281		 Val SED dist: 0.17215832074483237

Epoch 91/100: Training Loss: 0.07984168827533722		 Val Loss: 0.08319079379240672
             	Training MAE: 0.037260543555021286		 Val MAE: 0.036843664944171906
             	Algebraic dist: 0.1913091242313385		 Val Algebraic dist: 0.15879825750986734
             	RE1 dist: 0.02878531441092491		 Val RE1 dist: 0.031778340538342796
             	SED dist: 0.14633654057979584		 Val SED dist: 0.15304791927337646

Epoch 92/100: Training Loss: 0.06056950241327286		 Val Loss: 0.14825226863225302
             	Training MAE: 0.03747864440083504		 Val MAE: 0.037365030497312546
             	Algebraic dist: 0.15503546595573425		 Val Algebraic dist: 0.23078433672587076
             	RE1 dist: 0.022114910185337067		 Val RE1 dist: 0.05944331487019857
             	SED dist: 0.10778979957103729		 Val SED dist: 0.28267528613408405

Epoch 93/100: Training Loss: 0.05364169180393219		 Val Loss: 0.15753263235092163
             	Training MAE: 0.038248930126428604		 Val MAE: 0.04177456349134445
             	Algebraic dist: 0.14724382758140564		 Val Algebraic dist: 0.22825862963994345
             	RE1 dist: 0.018283981829881668		 Val RE1 dist: 0.06670818726221721
             	SED dist: 0.09361445158720016		 Val SED dist: 0.30048900842666626

Epoch 94/100: Training Loss: 0.10318823903799057		 Val Loss: 0.49535588423411053
             	Training MAE: 0.039747487753629684		 Val MAE: 0.04714972898364067
             	Algebraic dist: 0.20735515654087067		 Val Algebraic dist: 0.4948996305465698
             	RE1 dist: 0.03844158351421356		 Val RE1 dist: 0.2041118542353312
             	SED dist: 0.19235347211360931		 Val SED dist: 0.9730022748311361

Epoch 95/100: Training Loss: 0.10683079808950424		 Val Loss: 0.40819962819417316
             	Training MAE: 0.04485560581088066		 Val MAE: 0.05517764762043953
             	Algebraic dist: 0.21065495908260345		 Val Algebraic dist: 0.45958733558654785
             	RE1 dist: 0.040524791926145554		 Val RE1 dist: 0.15380524595578512
             	SED dist: 0.1978093981742859		 Val SED dist: 0.7927044232686361

Epoch 96/100: Training Loss: 0.07813897728919983		 Val Loss: 0.2742740909258525
             	Training MAE: 0.04185371845960617		 Val MAE: 0.04559965059161186
             	Algebraic dist: 0.1734999716281891		 Val Algebraic dist: 0.31270378828048706
             	RE1 dist: 0.026279646903276443		 Val RE1 dist: 0.11900787552197774
             	SED dist: 0.14127586781978607		 Val SED dist: 0.5320891539255778

Epoch 97/100: Training Loss: 0.05417795479297638		 Val Loss: 0.19354798396428427
             	Training MAE: 0.04820895567536354		 Val MAE: 0.041902683675289154
             	Algebraic dist: 0.1438988447189331		 Val Algebraic dist: 0.24897352854410806
             	RE1 dist: 0.018747759982943535		 Val RE1 dist: 0.08500051498413086
             	SED dist: 0.09029660373926163		 Val SED dist: 0.3721141417821248

Epoch 98/100: Training Loss: 0.040443312376737595		 Val Loss: 0.08359202742576599
             	Training MAE: 0.04044355824589729		 Val MAE: 0.047413066029548645
             	Algebraic dist: 0.11425049602985382		 Val Algebraic dist: 0.16733890771865845
             	RE1 dist: 0.01321873627603054		 Val RE1 dist: 0.03220406423012415
             	SED dist: 0.06666955351829529		 Val SED dist: 0.14999584356943765

Epoch 99/100: Training Loss: 0.03384189307689667		 Val Loss: 0.10465031862258911
             	Training MAE: 0.04390880838036537		 Val MAE: 0.03827877715229988
             	Algebraic dist: 0.10475323349237442		 Val Algebraic dist: 0.178831418355306
             	RE1 dist: 0.010264772921800613		 Val RE1 dist: 0.04262653489907583
             	SED dist: 0.052293021231889725		 Val SED dist: 0.19494116306304932

Epoch 100/100: Training Loss: 0.029128924012184143		 Val Loss: 0.12191046277681987
             	Training MAE: 0.0374322347342968		 Val MAE: 0.040713172405958176
             	Algebraic dist: 0.09187361598014832		 Val Algebraic dist: 0.19960514704386392
             	RE1 dist: 0.009476200677454472		 Val RE1 dist: 0.04957170784473419
             	SED dist: 0.0449252650141716		 Val SED dist: 0.2296349803606669

Epoch 101/100: Training Loss: 0.029742524027824402		 Val Loss: 0.08084088563919067
             	Training MAE: 0.038007114082574844		 Val MAE: 0.039035364985466
             	Algebraic dist: 0.0926043838262558		 Val Algebraic dist: 0.16183094183603922
             	RE1 dist: 0.00992557592689991		 Val RE1 dist: 0.03167840838432312
             	SED dist: 0.045885100960731506		 Val SED dist: 0.14642183979352316

Epoch 102/100: Training Loss: 0.03790717571973801		 Val Loss: 0.08227087557315826
             	Training MAE: 0.036653850227594376		 Val MAE: 0.03769729658961296
             	Algebraic dist: 0.10427097976207733		 Val Algebraic dist: 0.17715835571289062
             	RE1 dist: 0.013283944688737392		 Val RE1 dist: 0.029365502297878265
             	SED dist: 0.06256580352783203		 Val SED dist: 0.15091640750567117

Epoch 103/100: Training Loss: 0.07620695233345032		 Val Loss: 0.0847830871740977
             	Training MAE: 0.038470737636089325		 Val MAE: 0.042898744344711304
             	Algebraic dist: 0.17252330482006073		 Val Algebraic dist: 0.17676949501037598
             	RE1 dist: 0.03038225881755352		 Val RE1 dist: 0.03129843374093374
             	SED dist: 0.13858170807361603		 Val SED dist: 0.15452922383944193

Epoch 104/100: Training Loss: 0.11115269362926483		 Val Loss: 0.15268405278523764
             	Training MAE: 0.04034554958343506		 Val MAE: 0.03644607588648796
             	Algebraic dist: 0.21639250218868256		 Val Algebraic dist: 0.2466933329900106
             	RE1 dist: 0.04195753112435341		 Val RE1 dist: 0.059811885158220925
             	SED dist: 0.20813575387001038		 Val SED dist: 0.2923031846682231

Epoch 105/100: Training Loss: 0.059760719537734985		 Val Loss: 0.2046895424524943
             	Training MAE: 0.037560392171144485		 Val MAE: 0.042466528713703156
             	Algebraic dist: 0.13963283598423004		 Val Algebraic dist: 0.28133058547973633
             	RE1 dist: 0.0217172522097826		 Val RE1 dist: 0.08334827423095703
             	SED dist: 0.10619716346263885		 Val SED dist: 0.39134995142618817

Epoch 106/100: Training Loss: 0.039851851761341095		 Val Loss: 0.30864375829696655
             	Training MAE: 0.039569683372974396		 Val MAE: 0.03882976993918419
             	Algebraic dist: 0.12144211679697037		 Val Algebraic dist: 0.3423900604248047
             	RE1 dist: 0.012294045649468899		 Val RE1 dist: 0.13599669933319092
             	SED dist: 0.06565356254577637		 Val SED dist: 0.6035059293111166

Epoch 107/100: Training Loss: 0.0540086105465889		 Val Loss: 0.251267671585083
             	Training MAE: 0.039100952446460724		 Val MAE: 0.04839085787534714
             	Algebraic dist: 0.13622383773326874		 Val Algebraic dist: 0.32219680150349933
             	RE1 dist: 0.02051684632897377		 Val RE1 dist: 0.10107668240865071
             	SED dist: 0.09422840923070908		 Val SED dist: 0.48234450817108154

Epoch 108/100: Training Loss: 0.047259919345378876		 Val Loss: 0.12696075439453125
             	Training MAE: 0.04264272749423981		 Val MAE: 0.0458640493452549
             	Algebraic dist: 0.13192781805992126		 Val Algebraic dist: 0.1859289606412252
             	RE1 dist: 0.01623477041721344		 Val RE1 dist: 0.04771942893664042
             	SED dist: 0.07967384159564972		 Val SED dist: 0.23312614361445108

Epoch 109/100: Training Loss: 0.02623843215405941		 Val Loss: 0.09756118059158325
             	Training MAE: 0.036842599511146545		 Val MAE: 0.03776169568300247
             	Algebraic dist: 0.07990971207618713		 Val Algebraic dist: 0.17926273743311563
             	RE1 dist: 0.008398040197789669		 Val RE1 dist: 0.03889015316963196
             	SED dist: 0.03924836590886116		 Val SED dist: 0.1816704273223877

Epoch 110/100: Training Loss: 0.03022337332367897		 Val Loss: 0.11316494146982829
             	Training MAE: 0.03727293387055397		 Val MAE: 0.042365677654743195
             	Algebraic dist: 0.09093315899372101		 Val Algebraic dist: 0.17851078510284424
             	RE1 dist: 0.010239088907837868		 Val RE1 dist: 0.044217864672342934
             	SED dist: 0.04708780720829964		 Val SED dist: 0.20809694131215414

Epoch 111/100: Training Loss: 0.03416949510574341		 Val Loss: 0.07872871557871501
             	Training MAE: 0.03837863728404045		 Val MAE: 0.03907465934753418
             	Algebraic dist: 0.0899583101272583		 Val Algebraic dist: 0.15462714433670044
             	RE1 dist: 0.012136721983551979		 Val RE1 dist: 0.029897749423980713
             	SED dist: 0.054791778326034546		 Val SED dist: 0.14344589908917746

Epoch 112/100: Training Loss: 0.03963105380535126		 Val Loss: 0.0813752810160319
             	Training MAE: 0.036897409707307816		 Val MAE: 0.03785715252161026
             	Algebraic dist: 0.11122439801692963		 Val Algebraic dist: 0.18453296025594076
             	RE1 dist: 0.013286136090755463		 Val RE1 dist: 0.029079531629880268
             	SED dist: 0.06604176759719849		 Val SED dist: 0.14938414096832275

Epoch 113/100: Training Loss: 0.05842093378305435		 Val Loss: 0.1598818302154541
             	Training MAE: 0.036735836416482925		 Val MAE: 0.04073764756321907
             	Algebraic dist: 0.1608211100101471		 Val Algebraic dist: 0.2954241434733073
             	RE1 dist: 0.021093938499689102		 Val RE1 dist: 0.056757534543673195
             	SED dist: 0.10358420014381409		 Val SED dist: 0.304778516292572

Epoch 114/100: Training Loss: 0.09387830644845963		 Val Loss: 0.07966044545173645
             	Training MAE: 0.038077615201473236		 Val MAE: 0.04147183522582054
             	Algebraic dist: 0.19316424429416656		 Val Algebraic dist: 0.17720921834309897
             	RE1 dist: 0.03615307807922363		 Val RE1 dist: 0.026571388045946758
             	SED dist: 0.1737421452999115		 Val SED dist: 0.14421712358792624

Epoch 115/100: Training Loss: 0.09455697983503342		 Val Loss: 0.11242947975794475
             	Training MAE: 0.039981670677661896		 Val MAE: 0.04238110035657883
             	Algebraic dist: 0.20386523008346558		 Val Algebraic dist: 0.19546099503835043
             	RE1 dist: 0.035330504179000854		 Val RE1 dist: 0.03946985801060995
             	SED dist: 0.1749216467142105		 Val SED dist: 0.20633415381113687

Epoch 116/100: Training Loss: 0.052086375653743744		 Val Loss: 0.1424850026766459
             	Training MAE: 0.03984443098306656		 Val MAE: 0.04900791868567467
             	Algebraic dist: 0.1366586685180664		 Val Algebraic dist: 0.20049146811167398
             	RE1 dist: 0.01844719424843788		 Val RE1 dist: 0.055723448594411217
             	SED dist: 0.0903124213218689		 Val SED dist: 0.26601743698120117

Epoch 117/100: Training Loss: 0.03864641860127449		 Val Loss: 0.17326400677363077
             	Training MAE: 0.04341673478484154		 Val MAE: 0.043176621198654175
             	Algebraic dist: 0.10468989610671997		 Val Algebraic dist: 0.23925703763961792
             	RE1 dist: 0.01313246600329876		 Val RE1 dist: 0.07350123425324757
             	SED dist: 0.062083542346954346		 Val SED dist: 0.33074867725372314

Epoch 118/100: Training Loss: 0.032171979546546936		 Val Loss: 0.14908558130264282
             	Training MAE: 0.03810019791126251		 Val MAE: 0.03816762566566467
             	Algebraic dist: 0.09819183498620987		 Val Algebraic dist: 0.22199990351994833
             	RE1 dist: 0.010720320977270603		 Val RE1 dist: 0.061817591389020286
             	SED dist: 0.05071692168712616		 Val SED dist: 0.28376158078511554

Epoch 119/100: Training Loss: 0.029013630002737045		 Val Loss: 0.11849037806193034
             	Training MAE: 0.03667266294360161		 Val MAE: 0.03645167127251625
             	Algebraic dist: 0.09334614872932434		 Val Algebraic dist: 0.19856896003087363
             	RE1 dist: 0.00901104137301445		 Val RE1 dist: 0.04744775096575419
             	SED dist: 0.04470312222838402		 Val SED dist: 0.22381601730982462

Epoch 120/100: Training Loss: 0.030666925013065338		 Val Loss: 0.13898159066836038
             	Training MAE: 0.03754695504903793		 Val MAE: 0.03785846009850502
             	Algebraic dist: 0.09836457669734955		 Val Algebraic dist: 0.21894709269205728
             	RE1 dist: 0.009618655778467655		 Val RE1 dist: 0.05688215792179108
             	SED dist: 0.047891996800899506		 Val SED dist: 0.2641455928484599

Epoch 121/100: Training Loss: 0.023975107818841934		 Val Loss: 0.16376519203186035
             	Training MAE: 0.03754834458231926		 Val MAE: 0.04360322654247284
             	Algebraic dist: 0.08558077365159988		 Val Algebraic dist: 0.23824681838353476
             	RE1 dist: 0.006866838783025742		 Val RE1 dist: 0.0642082691192627
             	SED dist: 0.03449542075395584		 Val SED dist: 0.303979754447937

Epoch 122/100: Training Loss: 0.04472384229302406		 Val Loss: 0.2613961696624756
             	Training MAE: 0.03647375479340553		 Val MAE: 0.039962559938430786
             	Algebraic dist: 0.12593461573123932		 Val Algebraic dist: 0.3354372978210449
             	RE1 dist: 0.016371523961424828		 Val RE1 dist: 0.10889613628387451
             	SED dist: 0.07618125528097153		 Val SED dist: 0.5067385037740072

Epoch 123/100: Training Loss: 0.06054389104247093		 Val Loss: 0.150628000497818
             	Training MAE: 0.037210557609796524		 Val MAE: 0.03906447812914848
             	Algebraic dist: 0.15623989701271057		 Val Algebraic dist: 0.22177773714065552
             	RE1 dist: 0.02254282496869564		 Val RE1 dist: 0.0607307900985082
             	SED dist: 0.10769373178482056		 Val SED dist: 0.28639278809229535

Epoch 124/100: Training Loss: 0.06705061346292496		 Val Loss: 0.08690778414408366
             	Training MAE: 0.03818240016698837		 Val MAE: 0.040991343557834625
             	Algebraic dist: 0.15417854487895966		 Val Algebraic dist: 0.17712342739105225
             	RE1 dist: 0.02573937363922596		 Val RE1 dist: 0.028101300199826557
             	SED dist: 0.12048695981502533		 Val SED dist: 0.15583819150924683

Epoch 125/100: Training Loss: 0.09657162427902222		 Val Loss: 0.187157412370046
             	Training MAE: 0.037266235798597336		 Val MAE: 0.040463995188474655
             	Algebraic dist: 0.20044055581092834		 Val Algebraic dist: 0.30116021633148193
             	RE1 dist: 0.035582758486270905		 Val RE1 dist: 0.0695630411307017
             	SED dist: 0.1797473132610321		 Val SED dist: 0.36014747619628906

Epoch 126/100: Training Loss: 0.08576589077711105		 Val Loss: 0.09691094358762105
             	Training MAE: 0.03730512782931328		 Val MAE: 0.04127303883433342
             	Algebraic dist: 0.18473629653453827		 Val Algebraic dist: 0.18809495369593301
             	RE1 dist: 0.031957946717739105		 Val RE1 dist: 0.03655889630317688
             	SED dist: 0.15829592943191528		 Val SED dist: 0.17887713511784872

Epoch 127/100: Training Loss: 0.040148939937353134		 Val Loss: 0.11194079120953877
             	Training MAE: 0.04202418774366379		 Val MAE: 0.04321637004613876
             	Algebraic dist: 0.12044882774353027		 Val Algebraic dist: 0.1986156702041626
             	RE1 dist: 0.01344107836484909		 Val RE1 dist: 0.0455880214770635
             	SED dist: 0.06564868986606598		 Val SED dist: 0.20863171418507895

Epoch 128/100: Training Loss: 0.0406314991414547		 Val Loss: 0.13983596364657083
             	Training MAE: 0.037963926792144775		 Val MAE: 0.039736468344926834
             	Algebraic dist: 0.11993695795536041		 Val Algebraic dist: 0.208761195341746
             	RE1 dist: 0.014081018045544624		 Val RE1 dist: 0.058455357948939
             	SED dist: 0.0677231103181839		 Val SED dist: 0.2657159169514974

Epoch 129/100: Training Loss: 0.027622800320386887		 Val Loss: 0.08103193839391072
             	Training MAE: 0.04080495983362198		 Val MAE: 0.04014341160655022
             	Algebraic dist: 0.08712678402662277		 Val Algebraic dist: 0.15443581342697144
             	RE1 dist: 0.008265459910035133		 Val RE1 dist: 0.031518012285232544
             	SED dist: 0.04101770371198654		 Val SED dist: 0.1472374697526296

Epoch 130/100: Training Loss: 0.02797098085284233		 Val Loss: 0.09477266669273376
             	Training MAE: 0.038553331047296524		 Val MAE: 0.03890388086438179
             	Algebraic dist: 0.0904657319188118		 Val Algebraic dist: 0.18230299154917398
             	RE1 dist: 0.008307922631502151		 Val RE1 dist: 0.03571354846159617
             	SED dist: 0.042349085211753845		 Val SED dist: 0.17596431573232016

Epoch 131/100: Training Loss: 0.03054538555443287		 Val Loss: 0.1177780528863271
             	Training MAE: 0.03926868736743927		 Val MAE: 0.04025280103087425
             	Algebraic dist: 0.09937574714422226		 Val Algebraic dist: 0.1899102528889974
             	RE1 dist: 0.009565547108650208		 Val RE1 dist: 0.04897914330164591
             	SED dist: 0.04726135730743408		 Val SED dist: 0.22020467122395834

Epoch 132/100: Training Loss: 0.03413000702857971		 Val Loss: 0.07039482394854228
             	Training MAE: 0.03762032464146614		 Val MAE: 0.037229228764772415
             	Algebraic dist: 0.096357062458992		 Val Algebraic dist: 0.1615212361017863
             	RE1 dist: 0.01192269567400217		 Val RE1 dist: 0.023975277940432232
             	SED dist: 0.05487554520368576		 Val SED dist: 0.12748992443084717

Epoch 133/100: Training Loss: 0.04755222052335739		 Val Loss: 0.10496657093365987
             	Training MAE: 0.039892833679914474		 Val MAE: 0.04393155127763748
             	Algebraic dist: 0.12314827740192413		 Val Algebraic dist: 0.18314961592356363
             	RE1 dist: 0.01716938428580761		 Val RE1 dist: 0.04093714306751887
             	SED dist: 0.08115057647228241		 Val SED dist: 0.1935392220815023

Epoch 134/100: Training Loss: 0.02886304259300232		 Val Loss: 0.12157575289408366
             	Training MAE: 0.03776852786540985		 Val MAE: 0.03946462273597717
             	Algebraic dist: 0.09506876766681671		 Val Algebraic dist: 0.18934337298075357
             	RE1 dist: 0.008867383003234863		 Val RE1 dist: 0.05012792348861694
             	SED dist: 0.04425838589668274		 Val SED dist: 0.22922285397847494

Epoch 135/100: Training Loss: 0.03588871657848358		 Val Loss: 0.12749409675598145
             	Training MAE: 0.03875463083386421		 Val MAE: 0.0364961214363575
             	Algebraic dist: 0.1114681214094162		 Val Algebraic dist: 0.20143946011861166
             	RE1 dist: 0.0117258969694376		 Val RE1 dist: 0.05307608346144358
             	SED dist: 0.05807500332593918		 Val SED dist: 0.24176653226216635

Epoch 136/100: Training Loss: 0.03669281303882599		 Val Loss: 0.07878231008847554
             	Training MAE: 0.03636903688311577		 Val MAE: 0.0389629490673542
             	Algebraic dist: 0.10170581191778183		 Val Algebraic dist: 0.15973581870396933
             	RE1 dist: 0.012599986046552658		 Val RE1 dist: 0.029375324646631878
             	SED dist: 0.06020728498697281		 Val SED dist: 0.1433104674021403

Epoch 137/100: Training Loss: 0.028133518993854523		 Val Loss: 0.07942494253317516
             	Training MAE: 0.036384519189596176		 Val MAE: 0.04083619266748428
             	Algebraic dist: 0.09564091265201569		 Val Algebraic dist: 0.16646134853363037
             	RE1 dist: 0.008655691519379616		 Val RE1 dist: 0.027583050231138866
             	SED dist: 0.04310443997383118		 Val SED dist: 0.14127044876416525

Epoch 138/100: Training Loss: 0.027491796761751175		 Val Loss: 0.08199675877888997
             	Training MAE: 0.03651006147265434		 Val MAE: 0.03633788973093033
             	Algebraic dist: 0.09431420266628265		 Val Algebraic dist: 0.16350569327672324
             	RE1 dist: 0.008406328037381172		 Val RE1 dist: 0.03033612420161565
             	SED dist: 0.041721586138010025		 Val SED dist: 0.15079500277837118

Epoch 139/100: Training Loss: 0.026579389348626137		 Val Loss: 0.1534872849782308
             	Training MAE: 0.03722594678401947		 Val MAE: 0.04379115253686905
             	Algebraic dist: 0.08791318535804749		 Val Algebraic dist: 0.2385553518931071
             	RE1 dist: 0.00767295528203249		 Val RE1 dist: 0.058271234234174095
             	SED dist: 0.03986090049147606		 Val SED dist: 0.29150887330373126

Epoch 140/100: Training Loss: 0.029157321900129318		 Val Loss: 0.1150154173374176
             	Training MAE: 0.0402272492647171		 Val MAE: 0.0381280891597271
             	Algebraic dist: 0.09626404196023941		 Val Algebraic dist: 0.18860665957132974
             	RE1 dist: 0.008448241278529167		 Val RE1 dist: 0.046042283376057945
             	SED dist: 0.04428645968437195		 Val SED dist: 0.21635836362838745

Epoch 141/100: Training Loss: 0.0319381058216095		 Val Loss: 0.12036211291948955
             	Training MAE: 0.03652118518948555		 Val MAE: 0.03698276728391647
             	Algebraic dist: 0.09835401177406311		 Val Algebraic dist: 0.19454407691955566
             	RE1 dist: 0.009994342923164368		 Val RE1 dist: 0.04893895983695984
             	SED dist: 0.05064515769481659		 Val SED dist: 0.2272688349088033

Epoch 142/100: Training Loss: 0.0363340824842453		 Val Loss: 0.10821867982546489
             	Training MAE: 0.03730343282222748		 Val MAE: 0.04394311085343361
             	Algebraic dist: 0.10046045482158661		 Val Algebraic dist: 0.21314918994903564
             	RE1 dist: 0.01304022315889597		 Val RE1 dist: 0.03872005144755045
             	SED dist: 0.0593094602227211		 Val SED dist: 0.19889734188715616

Epoch 143/100: Training Loss: 0.03730514645576477		 Val Loss: 0.07871228456497192
             	Training MAE: 0.03813280537724495		 Val MAE: 0.03635260462760925
             	Algebraic dist: 0.1155557706952095		 Val Algebraic dist: 0.16301998496055603
             	RE1 dist: 0.011792132630944252		 Val RE1 dist: 0.029246839384237926
             	SED dist: 0.06101497262716293		 Val SED dist: 0.14430569609006247

Epoch 144/100: Training Loss: 0.04963541030883789		 Val Loss: 0.2572863499323527
             	Training MAE: 0.03693554922938347		 Val MAE: 0.04167947173118591
             	Algebraic dist: 0.13236449658870697		 Val Algebraic dist: 0.3211404283841451
             	RE1 dist: 0.01724976673722267		 Val RE1 dist: 0.10620559255282085
             	SED dist: 0.08597369492053986		 Val SED dist: 0.49994635581970215

Epoch 145/100: Training Loss: 0.05668989196419716		 Val Loss: 0.24002766609191895
             	Training MAE: 0.037914980202913284		 Val MAE: 0.038162000477313995
             	Algebraic dist: 0.15976747870445251		 Val Algebraic dist: 0.28711263338724774
             	RE1 dist: 0.019884424284100533		 Val RE1 dist: 0.10294123490651448
             	SED dist: 0.09980125725269318		 Val SED dist: 0.46654733022054035

Epoch 146/100: Training Loss: 0.13966210186481476		 Val Loss: 0.09933561086654663
             	Training MAE: 0.039553117007017136		 Val MAE: 0.03749757632613182
             	Algebraic dist: 0.24690783023834229		 Val Algebraic dist: 0.1994386911392212
             	RE1 dist: 0.05070697143673897		 Val RE1 dist: 0.03628894438346227
             	SED dist: 0.26522359251976013		 Val SED dist: 0.18492774168650308

Epoch 147/100: Training Loss: 0.059871312230825424		 Val Loss: 0.08904654781023662
             	Training MAE: 0.039797622710466385		 Val MAE: 0.044333457946777344
             	Algebraic dist: 0.1650775820016861		 Val Algebraic dist: 0.18504581848780313
             	RE1 dist: 0.020912012085318565		 Val RE1 dist: 0.03164380540450414
             	SED dist: 0.1055956780910492		 Val SED dist: 0.1625741720199585

Epoch 148/100: Training Loss: 0.06736072152853012		 Val Loss: 0.10088319579760234
             	Training MAE: 0.042125508189201355		 Val MAE: 0.036719389259815216
             	Algebraic dist: 0.16779957711696625		 Val Algebraic dist: 0.18271480003992716
             	RE1 dist: 0.024286562576889992		 Val RE1 dist: 0.0404948020974795
             	SED dist: 0.1199152022600174		 Val SED dist: 0.1884989341100057

Epoch 149/100: Training Loss: 0.06011616811156273		 Val Loss: 0.21028709411621094
             	Training MAE: 0.038740113377571106		 Val MAE: 0.03942766785621643
             	Algebraic dist: 0.15175992250442505		 Val Algebraic dist: 0.274233877658844
             	RE1 dist: 0.021581411361694336		 Val RE1 dist: 0.08680807550748189
             	SED dist: 0.10638082772493362		 Val SED dist: 0.4067564010620117

Epoch 150/100: Training Loss: 0.05155103653669357		 Val Loss: 0.1778594652811686
             	Training MAE: 0.03876703977584839		 Val MAE: 0.04220039024949074
             	Algebraic dist: 0.1358027458190918		 Val Algebraic dist: 0.2540386915206909
             	RE1 dist: 0.01801128312945366		 Val RE1 dist: 0.07227863371372223
             	SED dist: 0.08944537490606308		 Val SED dist: 0.34107192357381183

Epoch 151/100: Training Loss: 0.0496913306415081		 Val Loss: 0.15596631169319153
             	Training MAE: 0.04337361827492714		 Val MAE: 0.047098558396101
             	Algebraic dist: 0.12745054066181183		 Val Algebraic dist: 0.2596724232037862
             	RE1 dist: 0.017564335837960243		 Val RE1 dist: 0.060536012053489685
             	SED dist: 0.08422882854938507		 Val SED dist: 0.2947189013163249

Epoch 152/100: Training Loss: 0.07059402018785477		 Val Loss: 0.09834808111190796
             	Training MAE: 0.03877146542072296		 Val MAE: 0.044099368155002594
             	Algebraic dist: 0.1682838797569275		 Val Algebraic dist: 0.18255120515823364
             	RE1 dist: 0.02637556567788124		 Val RE1 dist: 0.03947615126768748
             	SED dist: 0.12736563384532928		 Val SED dist: 0.1810175577799479

Epoch 153/100: Training Loss: 0.06597934663295746		 Val Loss: 0.21231424808502197
             	Training MAE: 0.04500128701329231		 Val MAE: 0.0458592064678669
             	Algebraic dist: 0.15572316944599152		 Val Algebraic dist: 0.3363415002822876
             	RE1 dist: 0.024611204862594604		 Val RE1 dist: 0.07410390178362529
             	SED dist: 0.11609247326850891		 Val SED dist: 0.40827473004659015

Epoch 154/100: Training Loss: 0.12661617994308472		 Val Loss: 0.1137731671333313
             	Training MAE: 0.03902686387300491		 Val MAE: 0.04201293736696243
             	Algebraic dist: 0.2506525218486786		 Val Algebraic dist: 0.21349992354710898
             	RE1 dist: 0.04775262624025345		 Val RE1 dist: 0.04047491898139318
             	SED dist: 0.23925602436065674		 Val SED dist: 0.20876131455103555

Epoch 155/100: Training Loss: 0.12178494036197662		 Val Loss: 0.1269198457400004
             	Training MAE: 0.04011473432183266		 Val MAE: 0.03756726533174515
             	Algebraic dist: 0.23229864239692688		 Val Algebraic dist: 0.20990838607152304
             	RE1 dist: 0.04586028307676315		 Val RE1 dist: 0.05110877255598704
             	SED dist: 0.22928781807422638		 Val SED dist: 0.2404491901397705

Epoch 156/100: Training Loss: 0.08451124280691147		 Val Loss: 0.33757344881693524
             	Training MAE: 0.039129097014665604		 Val MAE: 0.038521088659763336
             	Algebraic dist: 0.19121301174163818		 Val Algebraic dist: 0.3843718369801839
             	RE1 dist: 0.031123634427785873		 Val RE1 dist: 0.14515363176663718
             	SED dist: 0.1552119106054306		 Val SED dist: 0.6601630051930746

Epoch 157/100: Training Loss: 0.0868508592247963		 Val Loss: 0.25745822985967
             	Training MAE: 0.03772347792983055		 Val MAE: 0.03944193944334984
             	Algebraic dist: 0.19889631867408752		 Val Algebraic dist: 0.3326842784881592
             	RE1 dist: 0.03362935408949852		 Val RE1 dist: 0.10749123493830363
             	SED dist: 0.1602758914232254		 Val SED dist: 0.5000413258870443

Epoch 158/100: Training Loss: 0.11902789771556854		 Val Loss: 0.08489724000295003
             	Training MAE: 0.03668927401304245		 Val MAE: 0.03744414448738098
             	Algebraic dist: 0.23095345497131348		 Val Algebraic dist: 0.16920197010040283
             	RE1 dist: 0.045695215463638306		 Val RE1 dist: 0.031366961697737374
             	SED dist: 0.22488130629062653		 Val SED dist: 0.15656395753224692

Epoch 159/100: Training Loss: 0.14331917464733124		 Val Loss: 0.6253867546717325
             	Training MAE: 0.039561737328767776		 Val MAE: 0.05353749543428421
             	Algebraic dist: 0.26200106739997864		 Val Algebraic dist: 0.6160549720128378
             	RE1 dist: 0.06070221588015556		 Val RE1 dist: 0.23409316937128702
             	SED dist: 0.2727760374546051		 Val SED dist: 1.2290252049763997

Epoch 160/100: Training Loss: 0.3458656072616577		 Val Loss: 0.39723241329193115
             	Training MAE: 0.04211430624127388		 Val MAE: 0.04138429835438728
             	Algebraic dist: 0.3852691352367401		 Val Algebraic dist: 0.4844961166381836
             	RE1 dist: 0.1464676856994629		 Val RE1 dist: 0.14806056022644043
             	SED dist: 0.6764139533042908		 Val SED dist: 0.7799848715464274

Epoch 161/100: Training Loss: 0.29823946952819824		 Val Loss: 0.1508698264757792
             	Training MAE: 0.039495568722486496		 Val MAE: 0.0396704375743866
             	Algebraic dist: 0.4124242663383484		 Val Algebraic dist: 0.26717795928319293
             	RE1 dist: 0.1253250688314438		 Val RE1 dist: 0.05984674394130707
             	SED dist: 0.5825423002243042		 Val SED dist: 0.2878253658612569

Epoch 162/100: Training Loss: 0.1439029425382614		 Val Loss: 0.1951947013537089
             	Training MAE: 0.043782275170087814		 Val MAE: 0.037180908024311066
             	Algebraic dist: 0.2725945711135864		 Val Algebraic dist: 0.32134781281153363
             	RE1 dist: 0.0568397156894207		 Val RE1 dist: 0.07886134584744771
             	SED dist: 0.27217867970466614		 Val SED dist: 0.37728333473205566

Epoch 163/100: Training Loss: 0.2782149016857147		 Val Loss: 0.3548014958699544
             	Training MAE: 0.03954340144991875		 Val MAE: 0.043674856424331665
             	Algebraic dist: 0.3886866569519043		 Val Algebraic dist: 0.4666012128194173
             	RE1 dist: 0.12240862846374512		 Val RE1 dist: 0.13308167457580566
             	SED dist: 0.542725145816803		 Val SED dist: 0.6943566004435221

Epoch 164/100: Training Loss: 0.24517738819122314		 Val Loss: 0.2005604306856791
             	Training MAE: 0.03791557624936104		 Val MAE: 0.03920073062181473
             	Algebraic dist: 0.36353087425231934		 Val Algebraic dist: 0.3154938618342082
             	RE1 dist: 0.11095525324344635		 Val RE1 dist: 0.07979491353034973
             	SED dist: 0.47680264711380005		 Val SED dist: 0.3856169780095418

Epoch 165/100: Training Loss: 0.20132805407047272		 Val Loss: 0.22955294450124106
             	Training MAE: 0.03931589797139168		 Val MAE: 0.045594628900289536
             	Algebraic dist: 0.3311465084552765		 Val Algebraic dist: 0.3276192943255107
             	RE1 dist: 0.084376260638237		 Val RE1 dist: 0.09714074929555257
             	SED dist: 0.3886762857437134		 Val SED dist: 0.4425887664159139

Epoch 166/100: Training Loss: 0.16887164115905762		 Val Loss: 0.25768136978149414
             	Training MAE: 0.04796453192830086		 Val MAE: 0.06792500615119934
             	Algebraic dist: 0.2684113383293152		 Val Algebraic dist: 0.3482753435770671
             	RE1 dist: 0.07494396716356277		 Val RE1 dist: 0.09175795316696167
             	SED dist: 0.31984955072402954		 Val SED dist: 0.4784679015477498

Epoch 167/100: Training Loss: 0.1318289190530777		 Val Loss: 0.1745305061340332
             	Training MAE: 0.06056658551096916		 Val MAE: 0.05567990615963936
             	Algebraic dist: 0.24521854519844055		 Val Algebraic dist: 0.2891395092010498
             	RE1 dist: 0.056636225432157516		 Val RE1 dist: 0.06557104488213857
             	SED dist: 0.23551957309246063		 Val SED dist: 0.32574649651845294

Epoch 168/100: Training Loss: 0.13721558451652527		 Val Loss: 0.11596733331680298
             	Training MAE: 0.04293986037373543		 Val MAE: 0.03622332215309143
             	Algebraic dist: 0.26973244547843933		 Val Algebraic dist: 0.20081319411595663
             	RE1 dist: 0.0603572316467762		 Val RE1 dist: 0.05163170397281647
             	SED dist: 0.2584768831729889		 Val SED dist: 0.21890034278233847

Epoch 169/100: Training Loss: 0.07055343687534332		 Val Loss: 0.20865408579508463
             	Training MAE: 0.03611509129405022		 Val MAE: 0.03951796889305115
             	Algebraic dist: 0.1658996343612671		 Val Algebraic dist: 0.2647421558698018
             	RE1 dist: 0.030837874859571457		 Val RE1 dist: 0.09625486532847087
             	SED dist: 0.12807373702526093		 Val SED dist: 0.4017219543457031

Epoch 170/100: Training Loss: 0.047454677522182465		 Val Loss: 0.26835769414901733
             	Training MAE: 0.03588906303048134		 Val MAE: 0.03635229542851448
             	Algebraic dist: 0.1338810920715332		 Val Algebraic dist: 0.2946702241897583
             	RE1 dist: 0.019970716908574104		 Val RE1 dist: 0.12604333957036337
             	SED dist: 0.08189918845891953		 Val SED dist: 0.5236872831980387

Epoch 171/100: Training Loss: 0.054311010986566544		 Val Loss: 0.22658181190490723
             	Training MAE: 0.035572636872529984		 Val MAE: 0.0387878343462944
             	Algebraic dist: 0.13820093870162964		 Val Algebraic dist: 0.27854446570078534
             	RE1 dist: 0.024292051792144775		 Val RE1 dist: 0.10761496424674988
             	SED dist: 0.0956677794456482		 Val SED dist: 0.43842899799346924

Epoch 172/100: Training Loss: 0.04215710610151291		 Val Loss: 0.1761242945988973
             	Training MAE: 0.03571958839893341		 Val MAE: 0.03662042319774628
             	Algebraic dist: 0.12791937589645386		 Val Algebraic dist: 0.2559642195701599
             	RE1 dist: 0.016173310577869415		 Val RE1 dist: 0.07760856052239735
             	SED dist: 0.07135957479476929		 Val SED dist: 0.3390272855758667

Epoch 173/100: Training Loss: 0.04927155375480652		 Val Loss: 0.15781421462694803
             	Training MAE: 0.036031968891620636		 Val MAE: 0.03688626363873482
             	Algebraic dist: 0.1330660879611969		 Val Algebraic dist: 0.2272979418436686
             	RE1 dist: 0.020875506103038788		 Val RE1 dist: 0.07071552673975627
             	SED dist: 0.08545327186584473		 Val SED dist: 0.30236045519510907

Epoch 174/100: Training Loss: 0.04583674669265747		 Val Loss: 0.12792319059371948
             	Training MAE: 0.037446990609169006		 Val MAE: 0.03915901482105255
             	Algebraic dist: 0.13032333552837372		 Val Algebraic dist: 0.22451440493265787
             	RE1 dist: 0.019414160400629044		 Val RE1 dist: 0.055560837189356484
             	SED dist: 0.0783531442284584		 Val SED dist: 0.24216826756795248

Epoch 175/100: Training Loss: 0.07027483731508255		 Val Loss: 0.21520914634068808
             	Training MAE: 0.03830666467547417		 Val MAE: 0.040567997843027115
             	Algebraic dist: 0.17684510350227356		 Val Algebraic dist: 0.26606959104537964
             	RE1 dist: 0.029787711799144745		 Val RE1 dist: 0.09704936544100444
             	SED dist: 0.12711837887763977		 Val SED dist: 0.41595518589019775

Epoch 176/100: Training Loss: 0.05579649657011032		 Val Loss: 0.17991270621617636
             	Training MAE: 0.041651420295238495		 Val MAE: 0.039908166974782944
             	Algebraic dist: 0.15351435542106628		 Val Algebraic dist: 0.24497314294179282
             	RE1 dist: 0.02117396891117096		 Val RE1 dist: 0.08016945421695709
             	SED dist: 0.09715622663497925		 Val SED dist: 0.3459610939025879

Epoch 177/100: Training Loss: 0.04700383171439171		 Val Loss: 0.14466152588526407
             	Training MAE: 0.03705490380525589		 Val MAE: 0.0373237207531929
             	Algebraic dist: 0.12874196469783783		 Val Algebraic dist: 0.209315816561381
             	RE1 dist: 0.020075613632798195		 Val RE1 dist: 0.06652070085207622
             	SED dist: 0.08073592185974121		 Val SED dist: 0.2758825421333313

Epoch 178/100: Training Loss: 0.04030090570449829		 Val Loss: 0.14502962430318198
             	Training MAE: 0.03601449355483055		 Val MAE: 0.03588388115167618
             	Algebraic dist: 0.12204609811306		 Val Algebraic dist: 0.21169952551523843
             	RE1 dist: 0.01495357695966959		 Val RE1 dist: 0.06485341986020406
             	SED dist: 0.06748531758785248		 Val SED dist: 0.2770393490791321

Epoch 179/100: Training Loss: 0.044005028903484344		 Val Loss: 0.19604227940241495
             	Training MAE: 0.035740241408348083		 Val MAE: 0.03633703663945198
             	Algebraic dist: 0.11149290204048157		 Val Algebraic dist: 0.2547008991241455
             	RE1 dist: 0.01862318441271782		 Val RE1 dist: 0.0870579183101654
             	SED dist: 0.07497145235538483		 Val SED dist: 0.3790160020192464

Epoch 180/100: Training Loss: 0.04017713665962219		 Val Loss: 0.08619531989097595
             	Training MAE: 0.0359833724796772		 Val MAE: 0.03778500482439995
             	Algebraic dist: 0.11790772527456284		 Val Algebraic dist: 0.16943291823069254
             	RE1 dist: 0.01567392796278		 Val RE1 dist: 0.03470100462436676
             	SED dist: 0.06722058355808258		 Val SED dist: 0.15856785575548807

Epoch 181/100: Training Loss: 0.08343855291604996		 Val Loss: 0.10381895303726196
             	Training MAE: 0.03559418395161629		 Val MAE: 0.03852873295545578
             	Algebraic dist: 0.18381860852241516		 Val Algebraic dist: 0.21355430285135904
             	RE1 dist: 0.038974933326244354		 Val RE1 dist: 0.04003202666838964
             	SED dist: 0.1538766622543335		 Val SED dist: 0.19408039251963297

Epoch 182/100: Training Loss: 0.06397394090890884		 Val Loss: 0.1081958810488383
             	Training MAE: 0.039111580699682236		 Val MAE: 0.041048575192689896
             	Algebraic dist: 0.15818211436271667		 Val Algebraic dist: 0.2042196790377299
             	RE1 dist: 0.025554925203323364		 Val RE1 dist: 0.044237226247787476
             	SED dist: 0.11431876569986343		 Val SED dist: 0.20197649796803793

Epoch 183/100: Training Loss: 0.04430557042360306		 Val Loss: 0.1253816286722819
             	Training MAE: 0.038625169545412064		 Val MAE: 0.0363956093788147
             	Algebraic dist: 0.1262054592370987		 Val Algebraic dist: 0.21068108081817627
             	RE1 dist: 0.017479021102190018		 Val RE1 dist: 0.05497432748476664
             	SED dist: 0.07505492866039276		 Val SED dist: 0.23763173818588257

Epoch 184/100: Training Loss: 0.047515831887722015		 Val Loss: 0.08632012208302815
             	Training MAE: 0.036608848720788956		 Val MAE: 0.037023209035396576
             	Algebraic dist: 0.13567262887954712		 Val Algebraic dist: 0.17660711208979288
             	RE1 dist: 0.018060069531202316		 Val RE1 dist: 0.03441323091586431
             	SED dist: 0.0818704292178154		 Val SED dist: 0.15913261969884238

Epoch 185/100: Training Loss: 0.060081638395786285		 Val Loss: 0.10019266605377197
             	Training MAE: 0.03661065921187401		 Val MAE: 0.037140123546123505
             	Algebraic dist: 0.15131720900535583		 Val Algebraic dist: 0.18928972880045572
             	RE1 dist: 0.02529008314013481		 Val RE1 dist: 0.04026212294896444
             	SED dist: 0.10700969398021698		 Val SED dist: 0.18715864419937134

Epoch 186/100: Training Loss: 0.04222669079899788		 Val Loss: 0.11162995298703511
             	Training MAE: 0.037397392094135284		 Val MAE: 0.038974907249212265
             	Algebraic dist: 0.11818008869886398		 Val Algebraic dist: 0.2257035175959269
             	RE1 dist: 0.015967028215527534		 Val RE1 dist: 0.0443434069554011
             	SED dist: 0.07120677083730698		 Val SED dist: 0.20966114600499472

Epoch 187/100: Training Loss: 0.03770175948739052		 Val Loss: 0.09068644046783447
             	Training MAE: 0.03694038465619087		 Val MAE: 0.036906056106090546
             	Algebraic dist: 0.10632949322462082		 Val Algebraic dist: 0.18014071385065714
             	RE1 dist: 0.014363390393555164		 Val RE1 dist: 0.035069224735101066
             	SED dist: 0.06213373690843582		 Val SED dist: 0.16807866096496582

Epoch 188/100: Training Loss: 0.0524866059422493		 Val Loss: 0.1235901415348053
             	Training MAE: 0.035752635449171066		 Val MAE: 0.03656746447086334
             	Algebraic dist: 0.13901358842849731		 Val Algebraic dist: 0.20583957433700562
             	RE1 dist: 0.020795410498976707		 Val RE1 dist: 0.051479438940684
             	SED dist: 0.09186816960573196		 Val SED dist: 0.23397332429885864

Epoch 189/100: Training Loss: 0.03645719587802887		 Val Loss: 0.07409390807151794
             	Training MAE: 0.03661741316318512		 Val MAE: 0.03716835752129555
             	Algebraic dist: 0.10142049938440323		 Val Algebraic dist: 0.15920640031496683
             	RE1 dist: 0.013862895779311657		 Val RE1 dist: 0.027845342953999836
             	SED dist: 0.05971396714448929		 Val SED dist: 0.1348380446434021

Epoch 190/100: Training Loss: 0.03879985213279724		 Val Loss: 0.08963459730148315
             	Training MAE: 0.037379514425992966		 Val MAE: 0.043527912348508835
             	Algebraic dist: 0.11442803591489792		 Val Algebraic dist: 0.18418510754903158
             	RE1 dist: 0.01418455969542265		 Val RE1 dist: 0.0337691456079483
             	SED dist: 0.06429237127304077		 Val SED dist: 0.1638579765955607

Epoch 191/100: Training Loss: 0.05697673186659813		 Val Loss: 0.09353802601496379
             	Training MAE: 0.040997155010700226		 Val MAE: 0.03868458792567253
             	Algebraic dist: 0.14976951479911804		 Val Algebraic dist: 0.19364277521769205
             	RE1 dist: 0.02187575027346611		 Val RE1 dist: 0.03586262712876002
             	SED dist: 0.09971847385168076		 Val SED dist: 0.1735402743021647

Epoch 192/100: Training Loss: 0.05317319557070732		 Val Loss: 0.07785910367965698
             	Training MAE: 0.03606235235929489		 Val MAE: 0.03897353634238243
             	Algebraic dist: 0.14738300442695618		 Val Algebraic dist: 0.16329018274943033
             	RE1 dist: 0.02104214020073414		 Val RE1 dist: 0.029549365242322285
             	SED dist: 0.09325332939624786		 Val SED dist: 0.14085829257965088

Epoch 193/100: Training Loss: 0.03771457448601723		 Val Loss: 0.14251594742139181
             	Training MAE: 0.037337105721235275		 Val MAE: 0.03813405707478523
             	Algebraic dist: 0.11616083979606628		 Val Algebraic dist: 0.22261820236841837
             	RE1 dist: 0.013009358197450638		 Val RE1 dist: 0.06077146530151367
             	SED dist: 0.06210549920797348		 Val SED dist: 0.27130113045374554

Epoch 194/100: Training Loss: 0.03035697713494301		 Val Loss: 0.1309613585472107
             	Training MAE: 0.037860434502363205		 Val MAE: 0.04032839834690094
             	Algebraic dist: 0.09197014570236206		 Val Algebraic dist: 0.21024533112843832
             	RE1 dist: 0.010793639346957207		 Val RE1 dist: 0.054091249903043113
             	SED dist: 0.04729675501585007		 Val SED dist: 0.24721626440684

Epoch 195/100: Training Loss: 0.03894350677728653		 Val Loss: 0.06985139846801758
             	Training MAE: 0.03768187761306763		 Val MAE: 0.038234397768974304
             	Algebraic dist: 0.10478419065475464		 Val Algebraic dist: 0.14913061261177063
             	RE1 dist: 0.015016457065939903		 Val RE1 dist: 0.02806694557269414
             	SED dist: 0.06446012854576111		 Val SED dist: 0.12623244524002075

