###########################################################################################################################################################

                         learning rate: 6e-05,  mlp_hidden_sizes: [1024, 512], batch_size: 32, norm: True, alpha: 10, avg embeddings: False, 
                        crop: 224 resize: 256, use conv: False pretrained: None, seed: 42, angle range: 90, shift range: 110, 
                        train length: 2048, val length: 320, test length: 320, get old path: False, embeddings to use: ['mul_embedding'],
                        use_cls: True


Epoch 1/200: Training Loss: 3.721534252166748		 Val Loss: 3.63922233581543
	      Training MAE Angle: 0.4994877576828003		 Val MAE Angle: 0.5175608634948731
              Training MSE Angle: 0.33309873938560486		 Val MSE Angle: 0.34781029224395754
	      Training MAE Shift: 0.5052875280380249		 Val MAE Shift: 0.49139976501464844
              Training Euclidean Shift: 0.772198498249054	 Val Euclidean Shift: 0.758211898803711


Epoch 2/200: Training Loss: 3.66426944732666		 Val Loss: 3.804901123046875
	      Training MAE Angle: 0.5005093216896057		 Val MAE Angle: 0.49087371826171877
              Training MSE Angle: 0.3324635624885559		 Val MSE Angle: 0.3213062047958374
	      Training MAE Shift: 0.4986685514450073		 Val MAE Shift: 0.5166396617889404
              Training Euclidean Shift: 0.7645063400268555	 Val Euclidean Shift: 0.7884756088256836


Epoch 3/200: Training Loss: 3.706331253051758		 Val Loss: 3.599789047241211
	      Training MAE Angle: 0.5001749992370605		 Val MAE Angle: 0.4943118095397949
              Training MSE Angle: 0.3330747187137604		 Val MSE Angle: 0.33534889221191405
	      Training MAE Shift: 0.5024667382240295		 Val MAE Shift: 0.499070930480957
              Training Euclidean Shift: 0.7681136727333069	 Val Euclidean Shift: 0.7558024406433106


Epoch 4/200: Training Loss: 3.66849946975708		 Val Loss: 3.5438568115234377
	      Training MAE Angle: 0.49247080087661743		 Val MAE Angle: 0.48433856964111327
              Training MSE Angle: 0.32760846614837646		 Val MSE Angle: 0.3236215353012085
	      Training MAE Shift: 0.5030114650726318		 Val MAE Shift: 0.48402700424194334
              Training Euclidean Shift: 0.7677742838859558	 Val Euclidean Shift: 0.743320894241333


Epoch 5/200: Training Loss: 3.668583631515503		 Val Loss: 3.4018688201904297
	      Training MAE Angle: 0.4897921085357666		 Val MAE Angle: 0.5094865322113037
              Training MSE Angle: 0.3241558074951172		 Val MSE Angle: 0.34403965473175047
	      Training MAE Shift: 0.5001049637794495		 Val MAE Shift: 0.47209897041320803
              Training Euclidean Shift: 0.7643648386001587	 Val Euclidean Shift: 0.7244908809661865


Epoch 6/200: Training Loss: 3.585296154022217		 Val Loss: 3.4290542602539062
	      Training MAE Angle: 0.5142577886581421		 Val MAE Angle: 0.5146709442138672
              Training MSE Angle: 0.348347008228302		 Val MSE Angle: 0.3488478183746338
	      Training MAE Shift: 0.49179863929748535		 Val MAE Shift: 0.47417001724243163
              Training Euclidean Shift: 0.7530407905578613	 Val Euclidean Shift: 0.7284897327423095


Epoch 7/200: Training Loss: 3.267183303833008		 Val Loss: 3.5111007690429688
	      Training MAE Angle: 0.507128119468689		 Val MAE Angle: 0.47872748374938967
              Training MSE Angle: 0.34114930033683777		 Val MSE Angle: 0.3069040775299072
	      Training MAE Shift: 0.4540790021419525		 Val MAE Shift: 0.48864221572875977
              Training Euclidean Shift: 0.7053486108779907	 Val Euclidean Shift: 0.7435824871063232


Epoch 8/200: Training Loss: 3.0674500465393066		 Val Loss: 2.817059135437012
	      Training MAE Angle: 0.49608513712882996		 Val MAE Angle: 0.47054100036621094
              Training MSE Angle: 0.3297966718673706		 Val MSE Angle: 0.3052858352661133
	      Training MAE Shift: 0.438115656375885		 Val MAE Shift: 0.4120655536651611
              Training Euclidean Shift: 0.6830901503562927	 Val Euclidean Shift: 0.650813627243042


Epoch 9/200: Training Loss: 2.5433006286621094		 Val Loss: 2.287654495239258
	      Training MAE Angle: 0.5077733397483826		 Val MAE Angle: 0.5151656627655029
              Training MSE Angle: 0.34133145213127136		 Val MSE Angle: 0.3501272439956665
	      Training MAE Shift: 0.3810606598854065		 Val MAE Shift: 0.3423330307006836
              Training Euclidean Shift: 0.6015933156013489	 Val Euclidean Shift: 0.5418085098266602


Epoch 10/200: Training Loss: 1.7440297603607178		 Val Loss: 1.5072618484497071
	      Training MAE Angle: 0.511030912399292		 Val MAE Angle: 0.5012542247772217
              Training MSE Angle: 0.3471516966819763		 Val MSE Angle: 0.3341733455657959
	      Training MAE Shift: 0.2876008450984955		 Val MAE Shift: 0.25449965000152586
              Training Euclidean Shift: 0.45394790172576904	 Val Euclidean Shift: 0.4025160789489746


Epoch 11/200: Training Loss: 0.9992413520812988		 Val Loss: 1.184518814086914
	      Training MAE Angle: 0.4993833601474762		 Val MAE Angle: 0.4971024513244629
              Training MSE Angle: 0.3333245813846588		 Val MSE Angle: 0.33522393703460696
	      Training MAE Shift: 0.19153082370758057		 Val MAE Shift: 0.2168971538543701
              Training Euclidean Shift: 0.3020000457763672	 Val Euclidean Shift: 0.34219810962677


Epoch 12/200: Training Loss: 1.05046546459198		 Val Loss: 0.9934890747070313
	      Training MAE Angle: 0.508491575717926		 Val MAE Angle: 0.46853322982788087
              Training MSE Angle: 0.3391582667827606		 Val MSE Angle: 0.30399298667907715
	      Training MAE Shift: 0.199641615152359		 Val MAE Shift: 0.19405375719070433
              Training Euclidean Shift: 0.3132579028606415	 Val Euclidean Shift: 0.3058950901031494


Epoch 13/200: Training Loss: 0.8536616563796997		 Val Loss: 0.890753173828125
	      Training MAE Angle: 0.5123461484909058		 Val MAE Angle: 0.49879865646362304
              Training MSE Angle: 0.34525638818740845		 Val MSE Angle: 0.3258501529693604
	      Training MAE Shift: 0.16601009666919708		 Val MAE Shift: 0.1668921947479248
              Training Euclidean Shift: 0.25874093174934387	 Val Euclidean Shift: 0.2612070322036743


Epoch 14/200: Training Loss: 1.044327735900879		 Val Loss: 1.470737361907959
	      Training MAE Angle: 0.5024549961090088		 Val MAE Angle: 0.5108748435974121
              Training MSE Angle: 0.33629438281059265		 Val MSE Angle: 0.3470531702041626
	      Training MAE Shift: 0.19414977729320526		 Val MAE Shift: 0.25106120109558105
              Training Euclidean Shift: 0.3028392195701599	 Val Euclidean Shift: 0.3958899974822998


Epoch 15/200: Training Loss: 0.9470980167388916		 Val Loss: 0.6951824188232422
	      Training MAE Angle: 0.4946535527706146		 Val MAE Angle: 0.49594917297363283
              Training MSE Angle: 0.3265661299228668		 Val MSE Angle: 0.3322625160217285
	      Training MAE Shift: 0.18355318903923035		 Val MAE Shift: 0.14188501834869385
              Training Euclidean Shift: 0.28978538513183594	 Val Euclidean Shift: 0.21928112506866454


Epoch 16/200: Training Loss: 0.8627772927284241		 Val Loss: 1.1513537406921386
	      Training MAE Angle: 0.5008004903793335		 Val MAE Angle: 0.49976491928100586
              Training MSE Angle: 0.33389928936958313		 Val MSE Angle: 0.33977556228637695
	      Training MAE Shift: 0.1627117395401001		 Val MAE Shift: 0.21130900382995604
              Training Euclidean Shift: 0.25476232171058655	 Val Euclidean Shift: 0.33468215465545653


Epoch 17/200: Training Loss: 0.7580056190490723		 Val Loss: 0.5806002616882324
	      Training MAE Angle: 0.5075309872627258		 Val MAE Angle: 0.49773540496826174
              Training MSE Angle: 0.33905890583992004		 Val MSE Angle: 0.32572312355041505
	      Training MAE Shift: 0.14742881059646606		 Val MAE Shift: 0.121151602268219
              Training Euclidean Shift: 0.23016200959682465	 Val Euclidean Shift: 0.18614840507507324


Epoch 18/200: Training Loss: 0.5926392674446106		 Val Loss: 0.6550613403320312
	      Training MAE Angle: 0.49140873551368713		 Val MAE Angle: 0.47943267822265623
              Training MSE Angle: 0.3262992203235626		 Val MSE Angle: 0.3126194953918457
	      Training MAE Shift: 0.11932408809661865		 Val MAE Shift: 0.13052064180374146
              Training Euclidean Shift: 0.18485674262046814	 Val Euclidean Shift: 0.20748374462127686


Epoch 19/200: Training Loss: 0.5884995460510254		 Val Loss: 0.5468698501586914
	      Training MAE Angle: 0.5065938830375671		 Val MAE Angle: 0.5015668869018555
              Training MSE Angle: 0.3364396095275879		 Val MSE Angle: 0.33619911670684816
	      Training MAE Shift: 0.11795810610055923		 Val MAE Shift: 0.10917296409606933
              Training Euclidean Shift: 0.18291984498500824	 Val Euclidean Shift: 0.16679222583770753


Epoch 20/200: Training Loss: 0.5667145848274231		 Val Loss: 0.5177949428558349
	      Training MAE Angle: 0.503983736038208		 Val MAE Angle: 0.4668145179748535
              Training MSE Angle: 0.33627527952194214		 Val MSE Angle: 0.2933218002319336
	      Training MAE Shift: 0.11156266927719116		 Val MAE Shift: 0.11165229082107545
              Training Euclidean Shift: 0.17080143094062805	 Val Euclidean Shift: 0.1717273473739624


Epoch 21/200: Training Loss: 0.5812880396842957		 Val Loss: 0.7655136585235596
	      Training MAE Angle: 0.5009263753890991		 Val MAE Angle: 0.509119987487793
              Training MSE Angle: 0.3352337181568146		 Val MSE Angle: 0.33937313556671145
	      Training MAE Shift: 0.11381881684064865		 Val MAE Shift: 0.1521611452102661
              Training Euclidean Shift: 0.17537109553813934	 Val Euclidean Shift: 0.23401060104370117


Epoch 22/200: Training Loss: 0.6153370141983032		 Val Loss: 0.6696866035461426
	      Training MAE Angle: 0.4950850307941437		 Val MAE Angle: 0.4975071907043457
              Training MSE Angle: 0.32440388202667236		 Val MSE Angle: 0.32464988231658937
	      Training MAE Shift: 0.12526382505893707		 Val MAE Shift: 0.1317030668258667
              Training Euclidean Shift: 0.1929636299610138	 Val Euclidean Shift: 0.20289599895477295


Epoch 23/200: Training Loss: 0.6831386089324951		 Val Loss: 0.5907652854919434
	      Training MAE Angle: 0.501224160194397		 Val MAE Angle: 0.4835094451904297
              Training MSE Angle: 0.33093371987342834		 Val MSE Angle: 0.3083946704864502
	      Training MAE Shift: 0.1372370719909668		 Val MAE Shift: 0.12023730278015136
              Training Euclidean Shift: 0.2148289680480957	 Val Euclidean Shift: 0.18579927682876587


Epoch 24/200: Training Loss: 0.5767325758934021		 Val Loss: 0.5945841789245605
	      Training MAE Angle: 0.49935033917427063		 Val MAE Angle: 0.5241012573242188
              Training MSE Angle: 0.33131375908851624		 Val MSE Angle: 0.3531649589538574
	      Training MAE Shift: 0.1141742691397667		 Val MAE Shift: 0.11159254312515259
              Training Euclidean Shift: 0.17709581553936005	 Val Euclidean Shift: 0.17172625064849853


Epoch 25/200: Training Loss: 0.5311985611915588		 Val Loss: 0.5699409008026123
	      Training MAE Angle: 0.5017596483230591		 Val MAE Angle: 0.4773398399353027
              Training MSE Angle: 0.3298560380935669		 Val MSE Angle: 0.3047631740570068
	      Training MAE Shift: 0.10147392749786377		 Val MAE Shift: 0.11993052959442138
              Training Euclidean Shift: 0.15668031573295593	 Val Euclidean Shift: 0.18176662921905518


Epoch 26/200: Training Loss: 0.5656485557556152		 Val Loss: 0.4954083919525146
	      Training MAE Angle: 0.4978850483894348		 Val MAE Angle: 0.47072954177856446
              Training MSE Angle: 0.32306969165802		 Val MSE Angle: 0.28680922985076907
	      Training MAE Shift: 0.11265673488378525		 Val MAE Shift: 0.09955931305885315
              Training Euclidean Shift: 0.17446491122245789	 Val Euclidean Shift: 0.1536932110786438


Epoch 27/200: Training Loss: 0.5247042179107666		 Val Loss: 0.49472870826721194
	      Training MAE Angle: 0.49907392263412476		 Val MAE Angle: 0.4733911037445068
              Training MSE Angle: 0.3228442072868347		 Val MSE Angle: 0.3005885362625122
	      Training MAE Shift: 0.10148004442453384		 Val MAE Shift: 0.10026278495788574
              Training Euclidean Shift: 0.15664924681186676	 Val Euclidean Shift: 0.1525305390357971


Epoch 28/200: Training Loss: 0.4622765779495239		 Val Loss: 0.5105383396148682
	      Training MAE Angle: 0.49107834696769714		 Val MAE Angle: 0.49284934997558594
              Training MSE Angle: 0.31767767667770386		 Val MSE Angle: 0.30937559604644777
	      Training MAE Shift: 0.0889812633395195		 Val MAE Shift: 0.09373050928115845
              Training Euclidean Shift: 0.13640832901000977	 Val Euclidean Shift: 0.1442979097366333


Epoch 29/200: Training Loss: 0.6252059936523438		 Val Loss: 0.5646609306335449
	      Training MAE Angle: 0.49067631363868713		 Val MAE Angle: 0.47023983001708985
              Training MSE Angle: 0.3142082989215851		 Val MSE Angle: 0.2925575256347656
	      Training MAE Shift: 0.12504920363426208		 Val MAE Shift: 0.12499715089797973
              Training Euclidean Shift: 0.19428494572639465	 Val Euclidean Shift: 0.19288995265960693


Epoch 30/200: Training Loss: 0.5214410424232483		 Val Loss: 0.5953260898590088
	      Training MAE Angle: 0.4965475797653198		 Val MAE Angle: 0.501050615310669
              Training MSE Angle: 0.31420841813087463		 Val MSE Angle: 0.3305697441101074
	      Training MAE Shift: 0.10568667203187943		 Val MAE Shift: 0.12264200448989868
              Training Euclidean Shift: 0.16335606575012207	 Val Euclidean Shift: 0.18816688060760497


Epoch 31/200: Training Loss: 0.4636560082435608		 Val Loss: 0.4671467781066895
	      Training MAE Angle: 0.47056978940963745		 Val MAE Angle: 0.46834912300109866
              Training MSE Angle: 0.28306278586387634		 Val MSE Angle: 0.2880108118057251
	      Training MAE Shift: 0.09948093444108963		 Val MAE Shift: 0.0982392430305481
              Training Euclidean Shift: 0.15287968516349792	 Val Euclidean Shift: 0.15201438665390016


Epoch 32/200: Training Loss: 0.6726526618003845		 Val Loss: 1.432915496826172
	      Training MAE Angle: 0.48115113377571106		 Val MAE Angle: 0.46481857299804685
              Training MSE Angle: 0.30009979009628296		 Val MSE Angle: 0.284697437286377
	      Training MAE Shift: 0.12994195520877838		 Val MAE Shift: 0.250095272064209
              Training Euclidean Shift: 0.2036624401807785	 Val Euclidean Shift: 0.3890772819519043


Epoch 33/200: Training Loss: 0.9148426651954651		 Val Loss: 0.8260710716247559
	      Training MAE Angle: 0.47995367646217346		 Val MAE Angle: 0.44119834899902344
              Training MSE Angle: 0.3035033047199249		 Val MSE Angle: 0.2619903564453125
	      Training MAE Shift: 0.1832994520664215		 Val MAE Shift: 0.17334775924682616
              Training Euclidean Shift: 0.28768953680992126	 Val Euclidean Shift: 0.27142045497894285


Epoch 34/200: Training Loss: 0.61936354637146		 Val Loss: 0.6704868793487548
	      Training MAE Angle: 0.46770474314689636		 Val MAE Angle: 0.46323451995849607
              Training MSE Angle: 0.2899079918861389		 Val MSE Angle: 0.30777318477630616
	      Training MAE Shift: 0.13180865347385406		 Val MAE Shift: 0.1379258394241333
              Training Euclidean Shift: 0.20556053519248962	 Val Euclidean Shift: 0.21723101139068604


Epoch 35/200: Training Loss: 0.4907453954219818		 Val Loss: 0.4805811882019043
	      Training MAE Angle: 0.4509865343570709		 Val MAE Angle: 0.418603515625
              Training MSE Angle: 0.27096986770629883		 Val MSE Angle: 0.24796831607818604
	      Training MAE Shift: 0.10902959108352661		 Val MAE Shift: 0.11020723581314087
              Training Euclidean Shift: 0.1688394695520401	 Val Euclidean Shift: 0.17144415378570557


Epoch 36/200: Training Loss: 0.4740569293498993		 Val Loss: 0.4124290466308594
	      Training MAE Angle: 0.4369361996650696		 Val MAE Angle: 0.4011378288269043
              Training MSE Angle: 0.2666202187538147		 Val MSE Angle: 0.2219083547592163
	      Training MAE Shift: 0.10522612929344177		 Val MAE Shift: 0.09776469469070434
              Training Euclidean Shift: 0.1630607694387436	 Val Euclidean Shift: 0.15087502002716063


Epoch 37/200: Training Loss: 0.41759419441223145		 Val Loss: 0.41924386024475097
	      Training MAE Angle: 0.44324904680252075		 Val MAE Angle: 0.4075021266937256
              Training MSE Angle: 0.2691190540790558		 Val MSE Angle: 0.24425652027130126
	      Training MAE Shift: 0.0885058343410492		 Val MAE Shift: 0.09509546160697938
              Training Euclidean Shift: 0.1369067281484604	 Val Euclidean Shift: 0.1456547498703003


Epoch 38/200: Training Loss: 0.4167262613773346		 Val Loss: 0.398465633392334
	      Training MAE Angle: 0.43251240253448486		 Val MAE Angle: 0.4043696403503418
              Training MSE Angle: 0.2600323557853699		 Val MSE Angle: 0.22829024791717528
	      Training MAE Shift: 0.09345126152038574		 Val MAE Shift: 0.09198954105377197
              Training Euclidean Shift: 0.14390569925308228	 Val Euclidean Shift: 0.14296417236328124


Epoch 39/200: Training Loss: 0.3817466199398041		 Val Loss: 0.3831269979476929
	      Training MAE Angle: 0.4074932634830475		 Val MAE Angle: 0.38244004249572755
              Training MSE Angle: 0.23605959117412567		 Val MSE Angle: 0.22225282192230225
	      Training MAE Shift: 0.08917339891195297		 Val MAE Shift: 0.09153292179107667
              Training Euclidean Shift: 0.1371157169342041	 Val Euclidean Shift: 0.1410237431526184


Epoch 40/200: Training Loss: 0.40699219703674316		 Val Loss: 0.4328155517578125
	      Training MAE Angle: 0.4107351005077362		 Val MAE Angle: 0.3902135848999023
              Training MSE Angle: 0.24389107525348663		 Val MSE Angle: 0.23896431922912598
	      Training MAE Shift: 0.09304207563400269		 Val MAE Shift: 0.09830302000045776
              Training Euclidean Shift: 0.14379285275936127	 Val Euclidean Shift: 0.15199828147888184


Epoch 41/200: Training Loss: 0.3699159026145935		 Val Loss: 0.3475924491882324
	      Training MAE Angle: 0.4108738601207733		 Val MAE Angle: 0.39811546802520753
              Training MSE Angle: 0.24004217982292175		 Val MSE Angle: 0.21227810382843018
	      Training MAE Shift: 0.08376827836036682		 Val MAE Shift: 0.08548440933227539
              Training Euclidean Shift: 0.12888240814208984	 Val Euclidean Shift: 0.1303339719772339


Epoch 42/200: Training Loss: 0.6178468465805054		 Val Loss: 0.5345522403717041
	      Training MAE Angle: 0.43202105164527893		 Val MAE Angle: 0.3947945833206177
              Training MSE Angle: 0.2622961103916168		 Val MSE Angle: 0.23129372596740722
	      Training MAE Shift: 0.1311519294977188		 Val MAE Shift: 0.1308160424232483
              Training Euclidean Shift: 0.20488791167736053	 Val Euclidean Shift: 0.20272717475891114


Epoch 43/200: Training Loss: 0.5313103199005127		 Val Loss: 0.440398645401001
	      Training MAE Angle: 0.4222625195980072		 Val MAE Angle: 0.3687633752822876
              Training MSE Angle: 0.2542164921760559		 Val MSE Angle: 0.21087319850921632
	      Training MAE Shift: 0.12219183892011642		 Val MAE Shift: 0.11084496974945068
              Training Euclidean Shift: 0.1896413117647171	 Val Euclidean Shift: 0.1704903244972229


Epoch 44/200: Training Loss: 0.42862555384635925		 Val Loss: 0.35794315338134763
	      Training MAE Angle: 0.40164273977279663		 Val MAE Angle: 0.3749358654022217
              Training MSE Angle: 0.2330934703350067		 Val MSE Angle: 0.21146633625030517
	      Training MAE Shift: 0.10257922857999802		 Val MAE Shift: 0.08930115699768067
              Training Euclidean Shift: 0.15897470712661743	 Val Euclidean Shift: 0.13831355571746826


Epoch 45/200: Training Loss: 0.4186507761478424		 Val Loss: 0.39304821491241454
	      Training MAE Angle: 0.3953341245651245		 Val MAE Angle: 0.3508671760559082
              Training MSE Angle: 0.2326907217502594		 Val MSE Angle: 0.19852714538574218
	      Training MAE Shift: 0.09839919954538345		 Val MAE Shift: 0.1081740140914917
              Training Euclidean Shift: 0.15191975235939026	 Val Euclidean Shift: 0.16619770526885985


Epoch 46/200: Training Loss: 0.3614572584629059		 Val Loss: 0.37358808517456055
	      Training MAE Angle: 0.37035316228866577		 Val MAE Angle: 0.36395893096923826
              Training MSE Angle: 0.21003113687038422		 Val MSE Angle: 0.207251238822937
	      Training MAE Shift: 0.0881604477763176		 Val MAE Shift: 0.09515786170959473
              Training Euclidean Shift: 0.1364016979932785	 Val Euclidean Shift: 0.14600856304168702


Epoch 47/200: Training Loss: 0.3428271412849426		 Val Loss: 0.36475090980529784
	      Training MAE Angle: 0.38746726512908936		 Val MAE Angle: 0.3976172208786011
              Training MSE Angle: 0.22373078763484955		 Val MSE Angle: 0.2397230386734009
	      Training MAE Shift: 0.08026114106178284		 Val MAE Shift: 0.08451352119445801
              Training Euclidean Shift: 0.12445563077926636	 Val Euclidean Shift: 0.12913249731063842


Epoch 48/200: Training Loss: 0.3580871522426605		 Val Loss: 0.4057311058044434
	      Training MAE Angle: 0.4088895320892334		 Val MAE Angle: 0.3675809144973755
              Training MSE Angle: 0.23998871445655823		 Val MSE Angle: 0.21313152313232422
	      Training MAE Shift: 0.07941735535860062		 Val MAE Shift: 0.09718573689460755
              Training Euclidean Shift: 0.12274490296840668	 Val Euclidean Shift: 0.1486639618873596


Epoch 49/200: Training Loss: 0.34587806463241577		 Val Loss: 0.3037507772445679
	      Training MAE Angle: 0.39939630031585693		 Val MAE Angle: 0.3753471612930298
              Training MSE Angle: 0.2329530268907547		 Val MSE Angle: 0.20488712787628174
	      Training MAE Shift: 0.07809353619813919		 Val MAE Shift: 0.07059683799743652
              Training Euclidean Shift: 0.12028680741786957	 Val Euclidean Shift: 0.11020001173019409


Epoch 50/200: Training Loss: 0.33081966638565063		 Val Loss: 0.40506720542907715
	      Training MAE Angle: 0.37539395689964294		 Val MAE Angle: 0.3558997392654419
              Training MSE Angle: 0.2112821489572525		 Val MSE Angle: 0.20636861324310302
	      Training MAE Shift: 0.07912959903478622		 Val MAE Shift: 0.1079936146736145
              Training Euclidean Shift: 0.12296868860721588	 Val Euclidean Shift: 0.16986755132675171


Epoch 51/200: Training Loss: 0.3554268777370453		 Val Loss: 0.286918568611145
	      Training MAE Angle: 0.38980790972709656		 Val MAE Angle: 0.32950544357299805
              Training MSE Angle: 0.22545234858989716		 Val MSE Angle: 0.17119789123535156
	      Training MAE Shift: 0.08283437043428421		 Val MAE Shift: 0.08002160787582398
              Training Euclidean Shift: 0.1280319094657898	 Val Euclidean Shift: 0.12190040349960327


Epoch 52/200: Training Loss: 0.3381771147251129		 Val Loss: 0.34129860401153567
	      Training MAE Angle: 0.37301796674728394		 Val MAE Angle: 0.3574178457260132
              Training MSE Angle: 0.21227358281612396		 Val MSE Angle: 0.19823228120803832
	      Training MAE Shift: 0.08221667259931564		 Val MAE Shift: 0.08262507915496826
              Training Euclidean Shift: 0.12737184762954712	 Val Euclidean Shift: 0.12865439653396607


Epoch 53/200: Training Loss: 0.3096630275249481		 Val Loss: 0.30717692375183103
	      Training MAE Angle: 0.37652716040611267		 Val MAE Angle: 0.3323968887329102
              Training MSE Angle: 0.21433477103710175		 Val MSE Angle: 0.18651750087738037
	      Training MAE Shift: 0.07067524641752243		 Val MAE Shift: 0.07972832918167114
              Training Euclidean Shift: 0.10942672938108444	 Val Euclidean Shift: 0.123612380027771


Epoch 54/200: Training Loss: 0.3111683130264282		 Val Loss: 0.2748193025588989
	      Training MAE Angle: 0.3545963764190674		 Val MAE Angle: 0.322100830078125
              Training MSE Angle: 0.19378992915153503		 Val MSE Angle: 0.17067124843597412
	      Training MAE Shift: 0.07969381660223007		 Val MAE Shift: 0.07468231916427612
              Training Euclidean Shift: 0.12383227795362473	 Val Euclidean Shift: 0.11485265493392945


Epoch 55/200: Training Loss: 0.2942715883255005		 Val Loss: 0.2558430194854736
	      Training MAE Angle: 0.3662250339984894		 Val MAE Angle: 0.33917238712310793
              Training MSE Angle: 0.2070777416229248		 Val MSE Angle: 0.17677614688873292
	      Training MAE Shift: 0.06822474300861359		 Val MAE Shift: 0.06362328529357911
              Training Euclidean Shift: 0.10574964433908463	 Val Euclidean Shift: 0.09861820936203003


Epoch 56/200: Training Loss: 0.2821260392665863		 Val Loss: 0.275602912902832
	      Training MAE Angle: 0.36044904589653015		 Val MAE Angle: 0.33919146060943606
              Training MSE Angle: 0.20274361968040466		 Val MSE Angle: 0.18100063800811766
	      Training MAE Shift: 0.06549115478992462		 Val MAE Shift: 0.07268427610397339
              Training Euclidean Shift: 0.10166773945093155	 Val Euclidean Shift: 0.11201742887496949


Epoch 57/200: Training Loss: 0.264761358499527		 Val Loss: 0.32422561645507814
	      Training MAE Angle: 0.35719016194343567		 Val MAE Angle: 0.3393210172653198
              Training MSE Angle: 0.19780802726745605		 Val MSE Angle: 0.18755731582641602
	      Training MAE Shift: 0.059914104640483856		 Val MAE Shift: 0.0830366849899292
              Training Euclidean Shift: 0.09291625767946243	 Val Euclidean Shift: 0.12879362106323242


Epoch 58/200: Training Loss: 0.3240868151187897		 Val Loss: 0.42337884902954104
	      Training MAE Angle: 0.35625773668289185		 Val MAE Angle: 0.3495748043060303
              Training MSE Angle: 0.20201343297958374		 Val MSE Angle: 0.20245966911315919
	      Training MAE Shift: 0.07891705632209778		 Val MAE Shift: 0.11078063249588013
              Training Euclidean Shift: 0.12283950299024582	 Val Euclidean Shift: 0.17351038455963136


Epoch 59/200: Training Loss: 0.35033977031707764		 Val Loss: 0.29576973915100097
	      Training MAE Angle: 0.3677479326725006		 Val MAE Angle: 0.3404713153839111
              Training MSE Angle: 0.2102830559015274		 Val MSE Angle: 0.19926904439926146
	      Training MAE Shift: 0.08618883788585663		 Val MAE Shift: 0.07185091972351074
              Training Euclidean Shift: 0.13350336253643036	 Val Euclidean Shift: 0.11198112964630128


Epoch 60/200: Training Loss: 0.276839941740036		 Val Loss: 0.28629987239837645
	      Training MAE Angle: 0.3507954478263855		 Val MAE Angle: 0.3476630687713623
              Training MSE Angle: 0.19294269382953644		 Val MSE Angle: 0.2109421968460083
	      Training MAE Shift: 0.0674496740102768		 Val MAE Shift: 0.06258049011230468
              Training Euclidean Shift: 0.10452675819396973	 Val Euclidean Shift: 0.09743934869766235


Epoch 61/200: Training Loss: 0.3007790744304657		 Val Loss: 0.3307600259780884
	      Training MAE Angle: 0.35643360018730164		 Val MAE Angle: 0.3338631153106689
              Training MSE Angle: 0.20082199573516846		 Val MSE Angle: 0.17974369525909423
	      Training MAE Shift: 0.0733492374420166		 Val MAE Shift: 0.09156968593597412
              Training Euclidean Shift: 0.11431041359901428	 Val Euclidean Shift: 0.14169496297836304


Epoch 62/200: Training Loss: 0.301175057888031		 Val Loss: 0.25153398513793945
	      Training MAE Angle: 0.3639611303806305		 Val MAE Angle: 0.33326473236083987
              Training MSE Angle: 0.21158021688461304		 Val MSE Angle: 0.1894613027572632
	      Training MAE Shift: 0.07001296430826187		 Val MAE Shift: 0.05821901559829712
              Training Euclidean Shift: 0.10857181251049042	 Val Euclidean Shift: 0.09116694927215577


Epoch 63/200: Training Loss: 0.2479967474937439		 Val Loss: 0.2943753242492676
	      Training MAE Angle: 0.3404484689235687		 Val MAE Angle: 0.35918641090393066
              Training MSE Angle: 0.18944299221038818		 Val MSE Angle: 0.20957229137420655
	      Training MAE Shift: 0.05706242471933365		 Val MAE Shift: 0.06596179604530335
              Training Euclidean Shift: 0.0893116146326065	 Val Euclidean Shift: 0.10065323114395142


Epoch 64/200: Training Loss: 0.25081774592399597		 Val Loss: 0.24103918075561523
	      Training MAE Angle: 0.34241747856140137		 Val MAE Angle: 0.31708788871765137
              Training MSE Angle: 0.18854570388793945		 Val MSE Angle: 0.186462926864624
	      Training MAE Shift: 0.056901104748249054		 Val MAE Shift: 0.0572534441947937
              Training Euclidean Shift: 0.08843156695365906	 Val Euclidean Shift: 0.08872476816177369


Epoch 65/200: Training Loss: 0.2540217638015747		 Val Loss: 0.24217541217803956
	      Training MAE Angle: 0.34091517329216003		 Val MAE Angle: 0.3081672191619873
              Training MSE Angle: 0.19321608543395996		 Val MSE Angle: 0.17092390060424806
	      Training MAE Shift: 0.05735129863023758		 Val MAE Shift: 0.059165972471237185
              Training Euclidean Shift: 0.08951292186975479	 Val Euclidean Shift: 0.09298312664031982


Epoch 66/200: Training Loss: 0.24702903628349304		 Val Loss: 0.18780317306518554
	      Training MAE Angle: 0.3473752737045288		 Val MAE Angle: 0.28140671253204347
              Training MSE Angle: 0.19490082561969757		 Val MSE Angle: 0.14085241556167602
	      Training MAE Shift: 0.05272432416677475		 Val MAE Shift: 0.04972082674503327
              Training Euclidean Shift: 0.08235292881727219	 Val Euclidean Shift: 0.07770452499389649


Epoch 67/200: Training Loss: 0.27261319756507874		 Val Loss: 0.2722573518753052
	      Training MAE Angle: 0.35783249139785767		 Val MAE Angle: 0.33858718872070315
              Training MSE Angle: 0.20367476344108582		 Val MSE Angle: 0.18494900465011596
	      Training MAE Shift: 0.05924211069941521		 Val MAE Shift: 0.07027561664581299
              Training Euclidean Shift: 0.09309214353561401	 Val Euclidean Shift: 0.11139661073684692


Epoch 68/200: Training Loss: 0.2545992136001587		 Val Loss: 0.24809858798980713
	      Training MAE Angle: 0.34522169828414917		 Val MAE Angle: 0.3431683540344238
              Training MSE Angle: 0.19321389496326447		 Val MSE Angle: 0.18153512477874756
	      Training MAE Shift: 0.056720342487096786		 Val MAE Shift: 0.05870324373245239
              Training Euclidean Shift: 0.08906617015600204	 Val Euclidean Shift: 0.09138320684432984


Epoch 69/200: Training Loss: 0.25294986367225647		 Val Loss: 0.22082161903381348
	      Training MAE Angle: 0.3391141891479492		 Val MAE Angle: 0.2912104845046997
              Training MSE Angle: 0.19304203987121582		 Val MSE Angle: 0.1567926287651062
	      Training MAE Shift: 0.0570237897336483		 Val MAE Shift: 0.05897945761680603
              Training Euclidean Shift: 0.08928117156028748	 Val Euclidean Shift: 0.09096192717552185


Epoch 70/200: Training Loss: 0.22486837208271027		 Val Loss: 0.2536001205444336
	      Training MAE Angle: 0.31270116567611694		 Val MAE Angle: 0.3250913619995117
              Training MSE Angle: 0.16973549127578735		 Val MSE Angle: 0.17666279077529906
	      Training MAE Shift: 0.054093096405267715		 Val MAE Shift: 0.0656841516494751
              Training Euclidean Shift: 0.08460287749767303	 Val Euclidean Shift: 0.10273301601409912


Epoch 71/200: Training Loss: 0.2701193690299988		 Val Loss: 0.23783860206604004
	      Training MAE Angle: 0.33666175603866577		 Val MAE Angle: 0.2827900409698486
              Training MSE Angle: 0.18951451778411865		 Val MSE Angle: 0.1543750762939453
	      Training MAE Shift: 0.06488126516342163		 Val MAE Shift: 0.06797946691513061
              Training Euclidean Shift: 0.1015007421374321	 Val Euclidean Shift: 0.1053931474685669


Epoch 72/200: Training Loss: 0.24644392728805542		 Val Loss: 0.22938957214355468
	      Training MAE Angle: 0.3206566870212555		 Val MAE Angle: 0.2908816337585449
              Training MSE Angle: 0.17345164716243744		 Val MSE Angle: 0.15115747451782227
	      Training MAE Shift: 0.06163962185382843		 Val MAE Shift: 0.06236909627914429
              Training Euclidean Shift: 0.09641554206609726	 Val Euclidean Shift: 0.0986567497253418


Epoch 73/200: Training Loss: 0.2546736001968384		 Val Loss: 0.2646902084350586
	      Training MAE Angle: 0.32026922702789307		 Val MAE Angle: 0.31664888858795165
              Training MSE Angle: 0.17439039051532745		 Val MSE Angle: 0.17200844287872313
	      Training MAE Shift: 0.06461406499147415		 Val MAE Shift: 0.07019616365432739
              Training Euclidean Shift: 0.10132954269647598	 Val Euclidean Shift: 0.110040283203125


Epoch 74/200: Training Loss: 0.2307908833026886		 Val Loss: 0.19976694583892823
	      Training MAE Angle: 0.3201768100261688		 Val MAE Angle: 0.28121998310089114
              Training MSE Angle: 0.17455215752124786		 Val MSE Angle: 0.15345150232315063
	      Training MAE Shift: 0.05504925176501274		 Val MAE Shift: 0.04661279022693634
              Training Euclidean Shift: 0.08578184992074966	 Val Euclidean Shift: 0.07385962605476379


Epoch 75/200: Training Loss: 0.2236771583557129		 Val Loss: 0.2912668466567993
	      Training MAE Angle: 0.3100071847438812		 Val MAE Angle: 0.34214737415313723
              Training MSE Angle: 0.1723668873310089		 Val MSE Angle: 0.21115455627441407
	      Training MAE Shift: 0.05286061391234398		 Val MAE Shift: 0.06163199543952942
              Training Euclidean Shift: 0.0825897678732872	 Val Euclidean Shift: 0.09594131112098694


Epoch 76/200: Training Loss: 0.24744948744773865		 Val Loss: 0.23452696800231934
	      Training MAE Angle: 0.328263521194458		 Val MAE Angle: 0.30064222812652586
              Training MSE Angle: 0.18154986202716827		 Val MSE Angle: 0.16965134143829347
	      Training MAE Shift: 0.05944707989692688		 Val MAE Shift: 0.06147047281265259
              Training Euclidean Shift: 0.09381218999624252	 Val Euclidean Shift: 0.09626014232635498


Epoch 77/200: Training Loss: 0.22267930209636688		 Val Loss: 0.190027916431427
	      Training MAE Angle: 0.3136163353919983		 Val MAE Angle: 0.2619063377380371
              Training MSE Angle: 0.17131629586219788		 Val MSE Angle: 0.11959967613220215
	      Training MAE Shift: 0.05182285234332085		 Val MAE Shift: 0.052559322118759154
              Training Euclidean Shift: 0.08104688674211502	 Val Euclidean Shift: 0.08274707794189454


Epoch 78/200: Training Loss: 0.22347727417945862		 Val Loss: 0.19640712738037108
	      Training MAE Angle: 0.31106242537498474		 Val MAE Angle: 0.2811486482620239
              Training MSE Angle: 0.16850091516971588		 Val MSE Angle: 0.15335880517959594
	      Training MAE Shift: 0.05509303882718086		 Val MAE Shift: 0.049679923057556155
              Training Euclidean Shift: 0.08574657887220383	 Val Euclidean Shift: 0.07831147909164429


Epoch 79/200: Training Loss: 0.24534031748771667		 Val Loss: 0.23943767547607422
	      Training MAE Angle: 0.3036770820617676		 Val MAE Angle: 0.29170880317687986
              Training MSE Angle: 0.16648676991462708		 Val MSE Angle: 0.15703048706054687
	      Training MAE Shift: 0.06197333335876465		 Val MAE Shift: 0.06572836637496948
              Training Euclidean Shift: 0.096720851957798	 Val Euclidean Shift: 0.10414594411849976


Epoch 80/200: Training Loss: 0.2227240949869156		 Val Loss: 0.19535062313079835
	      Training MAE Angle: 0.308148592710495		 Val MAE Angle: 0.29090213775634766
              Training MSE Angle: 0.1692412793636322		 Val MSE Angle: 0.15205968618392945
	      Training MAE Shift: 0.05279863625764847		 Val MAE Shift: 0.044904693961143494
              Training Euclidean Shift: 0.08231887966394424	 Val Euclidean Shift: 0.07028028964996338


Epoch 81/200: Training Loss: 0.21060249209403992		 Val Loss: 0.22703404426574708
	      Training MAE Angle: 0.3034783899784088		 Val MAE Angle: 0.3149831771850586
              Training MSE Angle: 0.1624857783317566		 Val MSE Angle: 0.17821608781814574
	      Training MAE Shift: 0.051119111478328705		 Val MAE Shift: 0.05193927884101868
              Training Euclidean Shift: 0.08008786290884018	 Val Euclidean Shift: 0.08154525756835937


Epoch 82/200: Training Loss: 0.33586910367012024		 Val Loss: 1.80577392578125
	      Training MAE Angle: 0.30592024326324463		 Val MAE Angle: 0.4373746395111084
              Training MSE Angle: 0.1728925257921219		 Val MSE Angle: 0.32553901672363283
	      Training MAE Shift: 0.07534631341695786		 Val MAE Shift: 0.26466176509857176
              Training Euclidean Shift: 0.11798455566167831	 Val Euclidean Shift: 0.4235032081604004


Epoch 83/200: Training Loss: 0.8337368965148926		 Val Loss: 1.0092970848083496
	      Training MAE Angle: 0.3865710198879242		 Val MAE Angle: 0.3544483661651611
              Training MSE Angle: 0.23752805590629578		 Val MSE Angle: 0.23511834144592286
	      Training MAE Shift: 0.17750635743141174		 Val MAE Shift: 0.21172986030578614
              Training Euclidean Shift: 0.277817040681839	 Val Euclidean Shift: 0.33348498344421384


Epoch 84/200: Training Loss: 0.5353603959083557		 Val Loss: 0.3398242235183716
	      Training MAE Angle: 0.3541232943534851		 Val MAE Angle: 0.31599719524383546
              Training MSE Angle: 0.20819783210754395		 Val MSE Angle: 0.18327021598815918
	      Training MAE Shift: 0.1287352293729782		 Val MAE Shift: 0.0914523184299469
              Training Euclidean Shift: 0.20154526829719543	 Val Euclidean Shift: 0.141950786113739


Epoch 85/200: Training Loss: 0.30046916007995605		 Val Loss: 0.2844081401824951
	      Training MAE Angle: 0.3278363347053528		 Val MAE Angle: 0.31157398223876953
              Training MSE Angle: 0.18805843591690063		 Val MSE Angle: 0.18628816604614257
	      Training MAE Shift: 0.07518227398395538		 Val MAE Shift: 0.0719144344329834
              Training Euclidean Shift: 0.11790511012077332	 Val Euclidean Shift: 0.11170045137405396


Epoch 86/200: Training Loss: 0.2562016248703003		 Val Loss: 0.31165945529937744
	      Training MAE Angle: 0.33152300119400024		 Val MAE Angle: 0.3206184387207031
              Training MSE Angle: 0.18424585461616516		 Val MSE Angle: 0.18130453824996948
	      Training MAE Shift: 0.06190788373351097		 Val MAE Shift: 0.08177580237388611
              Training Euclidean Shift: 0.09640856832265854	 Val Euclidean Shift: 0.12919838428497316


Epoch 87/200: Training Loss: 0.2373267263174057		 Val Loss: 0.2525696039199829
	      Training MAE Angle: 0.30733317136764526		 Val MAE Angle: 0.32076449394226075
              Training MSE Angle: 0.16583015024662018		 Val MSE Angle: 0.18139371871948243
	      Training MAE Shift: 0.06213437393307686		 Val MAE Shift: 0.06275277137756348
              Training Euclidean Shift: 0.09745758771896362	 Val Euclidean Shift: 0.09777429699897766


Epoch 88/200: Training Loss: 0.25017794966697693		 Val Loss: 0.19889620542526246
	      Training MAE Angle: 0.33134713768959045		 Val MAE Angle: 0.28541452884674073
              Training MSE Angle: 0.1819417029619217		 Val MSE Angle: 0.14998977184295653
	      Training MAE Shift: 0.05878589674830437		 Val MAE Shift: 0.051849478483200075
              Training Euclidean Shift: 0.09194639325141907	 Val Euclidean Shift: 0.08094545602798461


Epoch 89/200: Training Loss: 0.216192364692688		 Val Loss: 0.21117706298828126
	      Training MAE Angle: 0.30596089363098145		 Val MAE Angle: 0.2819081783294678
              Training MSE Angle: 0.16817373037338257		 Val MSE Angle: 0.16393575668334961
	      Training MAE Shift: 0.05045783892273903		 Val MAE Shift: 0.05187011957168579
              Training Euclidean Shift: 0.07888717204332352	 Val Euclidean Shift: 0.08102359771728515


Epoch 90/200: Training Loss: 0.2133166640996933		 Val Loss: 0.23243336677551268
	      Training MAE Angle: 0.2990821301937103		 Val MAE Angle: 0.2800543546676636
              Training MSE Angle: 0.1662774533033371		 Val MSE Angle: 0.14799935817718507
	      Training MAE Shift: 0.049803998321294785		 Val MAE Shift: 0.05889831185340881
              Training Euclidean Shift: 0.0780244916677475	 Val Euclidean Shift: 0.09227930903434753


Epoch 91/200: Training Loss: 0.20641641318798065		 Val Loss: 0.2318864345550537
	      Training MAE Angle: 0.2915826737880707		 Val MAE Angle: 0.2724658966064453
              Training MSE Angle: 0.1550060212612152		 Val MSE Angle: 0.15262824296951294
	      Training MAE Shift: 0.051617708057165146		 Val MAE Shift: 0.06293626427650452
              Training Euclidean Shift: 0.08088543266057968	 Val Euclidean Shift: 0.09978649020195007


Epoch 92/200: Training Loss: 0.20676785707473755		 Val Loss: 0.17836334705352783
	      Training MAE Angle: 0.29419031739234924		 Val MAE Angle: 0.2634604454040527
              Training MSE Angle: 0.15937653183937073		 Val MSE Angle: 0.13909950256347656
	      Training MAE Shift: 0.04903543367981911		 Val MAE Shift: 0.0480513870716095
              Training Euclidean Shift: 0.07677567005157471	 Val Euclidean Shift: 0.07548021674156188


Epoch 93/200: Training Loss: 0.19977983832359314		 Val Loss: 0.1680802583694458
	      Training MAE Angle: 0.2838177978992462		 Val MAE Angle: 0.26110866069793703
              Training MSE Angle: 0.15474656224250793		 Val MSE Angle: 0.12999720573425294
	      Training MAE Shift: 0.04804850369691849		 Val MAE Shift: 0.044781294465065
              Training Euclidean Shift: 0.07528746873140335	 Val Euclidean Shift: 0.07005916237831115


Epoch 94/200: Training Loss: 0.1928883045911789		 Val Loss: 0.19283453226089478
	      Training MAE Angle: 0.2863081991672516		 Val MAE Angle: 0.2862377166748047
              Training MSE Angle: 0.15391339361667633		 Val MSE Angle: 0.15236085653305054
	      Training MAE Shift: 0.0455007329583168		 Val MAE Shift: 0.045256972312927246
              Training Euclidean Shift: 0.07126778364181519	 Val Euclidean Shift: 0.07101365923881531


Epoch 95/200: Training Loss: 0.20867444574832916		 Val Loss: 0.19259971380233765
	      Training MAE Angle: 0.2949138283729553		 Val MAE Angle: 0.2737277984619141
              Training MSE Angle: 0.167544424533844		 Val MSE Angle: 0.14465537071228027
	      Training MAE Shift: 0.04595489427447319		 Val MAE Shift: 0.04871406853199005
              Training Euclidean Shift: 0.07203235477209091	 Val Euclidean Shift: 0.07599889636039733


Epoch 96/200: Training Loss: 0.18901777267456055		 Val Loss: 0.19721444845199584
	      Training MAE Angle: 0.27481555938720703		 Val MAE Angle: 0.2658911943435669
              Training MSE Angle: 0.14890055358409882		 Val MSE Angle: 0.1504672050476074
	      Training MAE Shift: 0.044673457741737366		 Val MAE Shift: 0.04939113855361939
              Training Euclidean Shift: 0.06996522098779678	 Val Euclidean Shift: 0.07731337547302246


Epoch 97/200: Training Loss: 0.18397386372089386		 Val Loss: 0.203123140335083
	      Training MAE Angle: 0.27456387877464294		 Val MAE Angle: 0.2928182125091553
              Training MSE Angle: 0.14424090087413788		 Val MSE Angle: 0.15184608697891236
	      Training MAE Shift: 0.04596430063247681		 Val MAE Shift: 0.05160849690437317
              Training Euclidean Shift: 0.07218191772699356	 Val Euclidean Shift: 0.08053673505783081


Epoch 98/200: Training Loss: 0.19673758745193481		 Val Loss: 0.22758119106292723
	      Training MAE Angle: 0.28927305340766907		 Val MAE Angle: 0.2945357322692871
              Training MSE Angle: 0.15675540268421173		 Val MSE Angle: 0.1585780143737793
	      Training MAE Shift: 0.045563388615846634		 Val MAE Shift: 0.05628604292869568
              Training Euclidean Shift: 0.0712054893374443	 Val Euclidean Shift: 0.08796690106391906


Epoch 99/200: Training Loss: 0.17657196521759033		 Val Loss: 0.1665586471557617
	      Training MAE Angle: 0.2694243788719177		 Val MAE Angle: 0.24879682064056396
              Training MSE Angle: 0.13852356374263763		 Val MSE Angle: 0.1265867233276367
	      Training MAE Shift: 0.04395468533039093		 Val MAE Shift: 0.044618287682533266
              Training Euclidean Shift: 0.06883896887302399	 Val Euclidean Shift: 0.0708401083946228


Epoch 100/200: Training Loss: 0.19341492652893066		 Val Loss: 0.2025064468383789
	      Training MAE Angle: 0.27636992931365967		 Val MAE Angle: 0.2797271490097046
              Training MSE Angle: 0.1503010094165802		 Val MSE Angle: 0.15074816942214966
	      Training MAE Shift: 0.04884755611419678		 Val MAE Shift: 0.05350768566131592
              Training Euclidean Shift: 0.07654804736375809	 Val Euclidean Shift: 0.08375824689865112


Epoch 101/200: Training Loss: 0.19381822645664215		 Val Loss: 0.18225107192993165
	      Training MAE Angle: 0.27409693598747253		 Val MAE Angle: 0.2402902603149414
              Training MSE Angle: 0.14588628709316254		 Val MSE Angle: 0.13832483291625977
	      Training MAE Shift: 0.04968005791306496		 Val MAE Shift: 0.04841558635234833
              Training Euclidean Shift: 0.07784044742584229	 Val Euclidean Shift: 0.07533822059631348


Epoch 102/200: Training Loss: 0.18181127309799194		 Val Loss: 0.19224810600280762
	      Training MAE Angle: 0.27033108472824097		 Val MAE Angle: 0.264332914352417
              Training MSE Angle: 0.14372316002845764		 Val MSE Angle: 0.14933500289916993
	      Training MAE Shift: 0.04516572877764702		 Val MAE Shift: 0.049278146028518675
              Training Euclidean Shift: 0.0707540288567543	 Val Euclidean Shift: 0.07808490991592407


Epoch 103/200: Training Loss: 0.18936829268932343		 Val Loss: 0.14362283945083618
	      Training MAE Angle: 0.28393033146858215		 Val MAE Angle: 0.23102028369903566
              Training MSE Angle: 0.15316101908683777		 Val MSE Angle: 0.11783076524734497
	      Training MAE Shift: 0.04241923242807388		 Val MAE Shift: 0.03712727427482605
              Training Euclidean Shift: 0.06663470715284348	 Val Euclidean Shift: 0.05821101069450378


Epoch 104/200: Training Loss: 0.18528056144714355		 Val Loss: 0.2029655694961548
	      Training MAE Angle: 0.27794092893600464		 Val MAE Angle: 0.2879150152206421
              Training MSE Angle: 0.152004212141037		 Val MSE Angle: 0.16284188032150268
	      Training MAE Shift: 0.04189581423997879		 Val MAE Shift: 0.04433186054229736
              Training Euclidean Shift: 0.06548240035772324	 Val Euclidean Shift: 0.06986697912216186


step: Nan in img1
## TEST RESULTS: ##
Test Loss: 0.2922801077365875 
Test MAE Shift: 0.04707588255405426		 Test Euclidean Shift: 0.07401100546121597
Test MAE Angle: 0.41068023443222046		 Test MSE Angle: 0.24444887042045593

###########################################################################################################################################################

                         learning rate: 6e-05,  mlp_hidden_sizes: [1024, 512], batch_size: 32, norm: True, alpha: 10, avg embeddings: False, 
                        crop: 224 resize: 256, use conv: False pretrained: None, seed: 42, angle range: 90, shift range: 110, 
                        train length: 2048, val length: 320, test length: 320, get old path: False, embeddings to use: ['mul_embedding'],
                        use_cls: True


##### CONTINUE TRAINING #####

Epoch 105/200: Training Loss: 0.18477971851825714		 Val Loss: 0.15241163969039917
	      Training MAE Angle: 0.2751222848892212		 Val MAE Angle: 0.2247223138809204
              Training MSE Angle: 0.14844588935375214		 Val MSE Angle: 0.12209371328353882
	      Training MAE Shift: 0.043377675116062164		 Val MAE Shift: 0.039694130420684814
              Training Euclidean Shift: 0.06831790506839752	 Val Euclidean Shift: 0.0615666925907135


Epoch 106/200: Training Loss: 0.19033238291740417		 Val Loss: 0.19873558282852172
	      Training MAE Angle: 0.2775975167751312		 Val MAE Angle: 0.2676676273345947
              Training MSE Angle: 0.15341147780418396		 Val MSE Angle: 0.14308360815048218
	      Training MAE Shift: 0.044587984681129456		 Val MAE Shift: 0.05433264970779419
              Training Euclidean Shift: 0.0697326734662056	 Val Euclidean Shift: 0.08503843545913696


Epoch 107/200: Training Loss: 0.1865220069885254		 Val Loss: 0.17919483184814453
	      Training MAE Angle: 0.2748855948448181		 Val MAE Angle: 0.2728163719177246
              Training MSE Angle: 0.15193811058998108		 Val MSE Angle: 0.12872999906539917
	      Training MAE Shift: 0.04358328506350517		 Val MAE Shift: 0.049676382541656496
              Training Euclidean Shift: 0.06846240162849426	 Val Euclidean Shift: 0.07730731964111329


Epoch 108/200: Training Loss: 0.17187660932540894		 Val Loss: 0.15435326099395752
	      Training MAE Angle: 0.2594621181488037		 Val MAE Angle: 0.2359612226486206
              Training MSE Angle: 0.13684731721878052		 Val MSE Angle: 0.11877627372741699
	      Training MAE Shift: 0.04294106736779213		 Val MAE Shift: 0.0428773432970047
              Training Euclidean Shift: 0.06740770488977432	 Val Euclidean Shift: 0.06638802886009217


Epoch 109/200: Training Loss: 0.16766217350959778		 Val Loss: 0.1467544913291931
	      Training MAE Angle: 0.25832870602607727		 Val MAE Angle: 0.23903753757476806
              Training MSE Angle: 0.13905321061611176		 Val MSE Angle: 0.11512109041213989
	      Training MAE Shift: 0.040455564856529236		 Val MAE Shift: 0.042351150512695314
              Training Euclidean Shift: 0.06325813382863998	 Val Euclidean Shift: 0.06690917015075684


Epoch 110/200: Training Loss: 0.17591966688632965		 Val Loss: 0.1775113582611084
	      Training MAE Angle: 0.25905272364616394		 Val MAE Angle: 0.268626070022583
              Training MSE Angle: 0.14133575558662415		 Val MSE Angle: 0.14556053876876832
	      Training MAE Shift: 0.04246801137924194		 Val MAE Shift: 0.04170116186141968
              Training Euclidean Shift: 0.0662502646446228	 Val Euclidean Shift: 0.06564617156982422


Epoch 111/200: Training Loss: 0.17659471929073334		 Val Loss: 0.19095979928970336
	      Training MAE Angle: 0.2589157223701477		 Val MAE Angle: 0.23161721229553223
              Training MSE Angle: 0.13563582301139832		 Val MSE Angle: 0.11686128377914429
	      Training MAE Shift: 0.046507030725479126		 Val MAE Shift: 0.06384397149085999
              Training Euclidean Shift: 0.07262637466192245	 Val Euclidean Shift: 0.09935282468795777


Epoch 112/200: Training Loss: 0.16505281627178192		 Val Loss: 0.14231542348861695
	      Training MAE Angle: 0.23989444971084595		 Val MAE Angle: 0.21692090034484862
              Training MSE Angle: 0.12100263684988022		 Val MSE Angle: 0.09967575669288635
	      Training MAE Shift: 0.048837821930646896		 Val MAE Shift: 0.048851728439331055
              Training Euclidean Shift: 0.07664607465267181	 Val Euclidean Shift: 0.07738333344459533


Epoch 113/200: Training Loss: 0.16781075298786163		 Val Loss: 0.13849472999572754
	      Training MAE Angle: 0.2573815882205963		 Val MAE Angle: 0.21246113777160644
              Training MSE Angle: 0.13614432513713837		 Val MSE Angle: 0.09944298267364501
	      Training MAE Shift: 0.04140032082796097		 Val MAE Shift: 0.04508001506328583
              Training Euclidean Shift: 0.06520199030637741	 Val Euclidean Shift: 0.07001357078552246


Epoch 114/200: Training Loss: 0.17038723826408386		 Val Loss: 0.1660456657409668
	      Training MAE Angle: 0.2595061659812927		 Val MAE Angle: 0.25293259620666503
              Training MSE Angle: 0.1370321661233902		 Val MSE Angle: 0.13754103183746338
	      Training MAE Shift: 0.0423877090215683		 Val MAE Shift: 0.0388110876083374
              Training Euclidean Shift: 0.06617563217878342	 Val Euclidean Shift: 0.060085737705230714


Epoch 115/200: Training Loss: 0.1685592383146286		 Val Loss: 0.16104685068130492
	      Training MAE Angle: 0.24962158501148224		 Val MAE Angle: 0.22227752208709717
              Training MSE Angle: 0.13117165863513947		 Val MSE Angle: 0.11309391260147095
	      Training MAE Shift: 0.043429113924503326		 Val MAE Shift: 0.047135943174362184
              Training Euclidean Shift: 0.06833181530237198	 Val Euclidean Shift: 0.07454690337181091


Epoch 116/200: Training Loss: 0.17555274069309235		 Val Loss: 0.19433709383010864
	      Training MAE Angle: 0.24032749235630035		 Val MAE Angle: 0.25376837253570556
              Training MSE Angle: 0.12457261979579926		 Val MSE Angle: 0.14379526376724244
	      Training MAE Shift: 0.05121775344014168		 Val MAE Shift: 0.054523831605911253
              Training Euclidean Shift: 0.0800328478217125	 Val Euclidean Shift: 0.0844357967376709


Epoch 117/200: Training Loss: 0.18500679731369019		 Val Loss: 0.20395755767822266
	      Training MAE Angle: 0.25448766350746155		 Val MAE Angle: 0.25861248970031736
              Training MSE Angle: 0.13546712696552277		 Val MSE Angle: 0.15846595764160157
	      Training MAE Shift: 0.051312923431396484		 Val MAE Shift: 0.04823465645313263
              Training Euclidean Shift: 0.08065522462129593	 Val Euclidean Shift: 0.07574933767318726


Epoch 118/200: Training Loss: 0.16579706966876984		 Val Loss: 0.18888864517211915
	      Training MAE Angle: 0.2484908401966095		 Val MAE Angle: 0.24780592918395997
              Training MSE Angle: 0.13190561532974243		 Val MSE Angle: 0.14327939748764038
	      Training MAE Shift: 0.04238574951887131		 Val MAE Shift: 0.049433726072311404
              Training Euclidean Shift: 0.06650916486978531	 Val Euclidean Shift: 0.07764434814453125


Epoch 119/200: Training Loss: 0.16090872883796692		 Val Loss: 0.23597822189331055
	      Training MAE Angle: 0.24446003139019012		 Val MAE Angle: 0.2793076753616333
              Training MSE Angle: 0.1272238940000534		 Val MSE Angle: 0.1828850269317627
	      Training MAE Shift: 0.043139535933732986		 Val MAE Shift: 0.04816406965255737
              Training Euclidean Shift: 0.06746651977300644	 Val Euclidean Shift: 0.07638435959815978


Epoch 120/200: Training Loss: 0.1606106460094452		 Val Loss: 0.17231742143630982
	      Training MAE Angle: 0.24684087932109833		 Val MAE Angle: 0.23000640869140626
              Training MSE Angle: 0.12725983560085297		 Val MSE Angle: 0.12553948163986206
	      Training MAE Shift: 0.04300759732723236		 Val MAE Shift: 0.048961541056632994
              Training Euclidean Shift: 0.06738536804914474	 Val Euclidean Shift: 0.07730146646499633


Epoch 121/200: Training Loss: 0.1667143851518631		 Val Loss: 0.1785246968269348
	      Training MAE Angle: 0.2454812079668045		 Val MAE Angle: 0.24193596839904785
              Training MSE Angle: 0.12799589335918427		 Val MSE Angle: 0.14302680492401124
	      Training MAE Shift: 0.0455096960067749		 Val MAE Shift: 0.04310832023620605
              Training Euclidean Shift: 0.07135376334190369	 Val Euclidean Shift: 0.06765124201774597


Epoch 122/200: Training Loss: 0.15528911352157593		 Val Loss: 0.17321542501449586
	      Training MAE Angle: 0.2392551451921463		 Val MAE Angle: 0.21880488395690917
              Training MSE Angle: 0.11983233690261841		 Val MSE Angle: 0.12325747013092041
	      Training MAE Shift: 0.043617814779281616		 Val MAE Shift: 0.05171326398849487
              Training Euclidean Shift: 0.06876996159553528	 Val Euclidean Shift: 0.08136204481124878


Epoch 123/200: Training Loss: 0.17108765244483948		 Val Loss: 0.19525504112243652
	      Training MAE Angle: 0.24497774243354797		 Val MAE Angle: 0.24451348781585694
              Training MSE Angle: 0.1279841810464859		 Val MSE Angle: 0.12236135005950928
	      Training MAE Shift: 0.04729641601443291		 Val MAE Shift: 0.06341884732246399
              Training Euclidean Shift: 0.07450192421674728	 Val Euclidean Shift: 0.099190753698349


Epoch 124/200: Training Loss: 0.16004352271556854		 Val Loss: 0.17437435388565065
	      Training MAE Angle: 0.24148014187812805		 Val MAE Angle: 0.2379206657409668
              Training MSE Angle: 0.11994844675064087		 Val MSE Angle: 0.1379406213760376
	      Training MAE Shift: 0.046228449791669846		 Val MAE Shift: 0.04554932713508606
              Training Euclidean Shift: 0.07237693667411804	 Val Euclidean Shift: 0.07138406038284302


Epoch 125/200: Training Loss: 0.16874749958515167		 Val Loss: 0.17634979486465455
	      Training MAE Angle: 0.23879049718379974		 Val MAE Angle: 0.2340256929397583
              Training MSE Angle: 0.1309463232755661		 Val MSE Angle: 0.13019741773605348
	      Training MAE Shift: 0.04455002397298813		 Val MAE Shift: 0.050981062650680545
              Training Euclidean Shift: 0.06985152512788773	 Val Euclidean Shift: 0.07953108549118042


Epoch 126/200: Training Loss: 0.16637074947357178		 Val Loss: 0.16254990100860595
	      Training MAE Angle: 0.2481987178325653		 Val MAE Angle: 0.22940855026245116
              Training MSE Angle: 0.12957482039928436		 Val MSE Angle: 0.12830110788345336
	      Training MAE Shift: 0.04500584304332733		 Val MAE Shift: 0.04197136163711548
              Training Euclidean Shift: 0.07043205201625824	 Val Euclidean Shift: 0.06559521555900574


Epoch 127/200: Training Loss: 0.1600293517112732		 Val Loss: 0.16612714529037476
	      Training MAE Angle: 0.24917013943195343		 Val MAE Angle: 0.2247976303100586
              Training MSE Angle: 0.12784387171268463		 Val MSE Angle: 0.12473101615905761
	      Training MAE Shift: 0.04231377691030502		 Val MAE Shift: 0.041781184077262876
              Training Euclidean Shift: 0.06625542044639587	 Val Euclidean Shift: 0.06533496379852295


Epoch 128/200: Training Loss: 0.16866499185562134		 Val Loss: 0.18712905645370484
	      Training MAE Angle: 0.24514132738113403		 Val MAE Angle: 0.2370526075363159
              Training MSE Angle: 0.13109146058559418		 Val MSE Angle: 0.13993955850601197
	      Training MAE Shift: 0.044540755450725555		 Val MAE Shift: 0.04926791489124298
              Training Euclidean Shift: 0.06982343643903732	 Val Euclidean Shift: 0.07624475955963135


Epoch 129/200: Training Loss: 0.16110730171203613		 Val Loss: 0.1474279522895813
	      Training MAE Angle: 0.24586881697177887		 Val MAE Angle: 0.2197117567062378
              Training MSE Angle: 0.12783558666706085		 Val MSE Angle: 0.10401308536529541
	      Training MAE Shift: 0.04220455512404442		 Val MAE Shift: 0.04610041379928589
              Training Euclidean Shift: 0.06610400974750519	 Val Euclidean Shift: 0.07312609553337097


Epoch 130/200: Training Loss: 0.15250246226787567		 Val Loss: 0.2283759593963623
	      Training MAE Angle: 0.23010285198688507		 Val MAE Angle: 0.27302539348602295
              Training MSE Angle: 0.12163491547107697		 Val MSE Angle: 0.1718546509742737
	      Training MAE Shift: 0.04107852652668953		 Val MAE Shift: 0.04558611512184143
              Training Euclidean Shift: 0.0646696388721466	 Val Euclidean Shift: 0.07220783233642578


Epoch 131/200: Training Loss: 0.17525078356266022		 Val Loss: 0.14331291913986205
	      Training MAE Angle: 0.2468496412038803		 Val MAE Angle: 0.22023367881774902
              Training MSE Angle: 0.13396263122558594		 Val MSE Angle: 0.10705711841583251
	      Training MAE Shift: 0.04811364784836769		 Val MAE Shift: 0.043936946988105775
              Training Euclidean Shift: 0.0751320868730545	 Val Euclidean Shift: 0.0688826322555542


Epoch 132/200: Training Loss: 0.1503257155418396		 Val Loss: 0.17126145362854003
	      Training MAE Angle: 0.23049801588058472		 Val MAE Angle: 0.2411816120147705
              Training MSE Angle: 0.11612024903297424		 Val MSE Angle: 0.1335935115814209
	      Training MAE Shift: 0.04269580915570259		 Val MAE Shift: 0.040182960033416745
              Training Euclidean Shift: 0.06676243990659714	 Val Euclidean Shift: 0.06322823166847229


Epoch 133/200: Training Loss: 0.16310937702655792		 Val Loss: 0.18863086700439452
	      Training MAE Angle: 0.23361138999462128		 Val MAE Angle: 0.23317379951477052
              Training MSE Angle: 0.12365240603685379		 Val MSE Angle: 0.1424088478088379
	      Training MAE Shift: 0.04623887687921524		 Val MAE Shift: 0.05103328824043274
              Training Euclidean Shift: 0.07252612709999084	 Val Euclidean Shift: 0.07980601787567139


Epoch 134/200: Training Loss: 0.16492590308189392		 Val Loss: 0.17155998945236206
	      Training MAE Angle: 0.23810632526874542		 Val MAE Angle: 0.24773757457733153
              Training MSE Angle: 0.12749068439006805		 Val MSE Angle: 0.13020715713500977
	      Training MAE Shift: 0.042847588658332825		 Val MAE Shift: 0.04619041085243225
              Training Euclidean Shift: 0.06748972833156586	 Val Euclidean Shift: 0.07137516736984253


Epoch 135/200: Training Loss: 0.16232123970985413		 Val Loss: 0.17114531993865967
	      Training MAE Angle: 0.23455996811389923		 Val MAE Angle: 0.23334219455718994
              Training MSE Angle: 0.12571364641189575		 Val MSE Angle: 0.13863134384155273
	      Training MAE Shift: 0.04488760977983475		 Val MAE Shift: 0.04211483001708984
              Training Euclidean Shift: 0.07069408893585205	 Val Euclidean Shift: 0.06611897349357605


Epoch 136/200: Training Loss: 0.1491953730583191		 Val Loss: 0.13363864421844482
	      Training MAE Angle: 0.22980090975761414		 Val MAE Angle: 0.20670585632324218
              Training MSE Angle: 0.11869800835847855		 Val MSE Angle: 0.1078641653060913
	      Training MAE Shift: 0.04150540009140968		 Val MAE Shift: 0.03717328310012817
              Training Euclidean Shift: 0.06511007249355316	 Val Euclidean Shift: 0.057873308658599854


Epoch 137/200: Training Loss: 0.15405499935150146		 Val Loss: 0.18384547233581544
	      Training MAE Angle: 0.23136363923549652		 Val MAE Angle: 0.25119781494140625
              Training MSE Angle: 0.12312202900648117		 Val MSE Angle: 0.1317012906074524
	      Training MAE Shift: 0.040664587169885635		 Val MAE Shift: 0.051133972406387326
              Training Euclidean Shift: 0.06432602554559708	 Val Euclidean Shift: 0.08087786436080932


Epoch 138/200: Training Loss: 0.16037920117378235		 Val Loss: 0.23076848983764647
	      Training MAE Angle: 0.23216289281845093		 Val MAE Angle: 0.24994161128997802
              Training MSE Angle: 0.12365571409463882		 Val MSE Angle: 0.15317562818527222
	      Training MAE Shift: 0.04455607011914253		 Val MAE Shift: 0.06547260284423828
              Training Euclidean Shift: 0.0700950026512146	 Val Euclidean Shift: 0.10240726470947266


Epoch 139/200: Training Loss: 0.1665460467338562		 Val Loss: 0.13861384391784667
	      Training MAE Angle: 0.24123194813728333		 Val MAE Angle: 0.20880320072174072
              Training MSE Angle: 0.13087855279445648		 Val MSE Angle: 0.1099821925163269
	      Training MAE Shift: 0.044237568974494934		 Val MAE Shift: 0.04021819829940796
              Training Euclidean Shift: 0.06939879804849625	 Val Euclidean Shift: 0.06230774521827698


Epoch 140/200: Training Loss: 0.15328176319599152		 Val Loss: 0.15848779678344727
	      Training MAE Angle: 0.23770076036453247		 Val MAE Angle: 0.22581076622009277
              Training MSE Angle: 0.12346400320529938		 Val MSE Angle: 0.11224896907806396
	      Training MAE Shift: 0.04069877043366432		 Val MAE Shift: 0.044758164882659913
              Training Euclidean Shift: 0.06366632133722305	 Val Euclidean Shift: 0.07070796489715576


Epoch 141/200: Training Loss: 0.15326371788978577		 Val Loss: 0.1694069504737854
	      Training MAE Angle: 0.23053225874900818		 Val MAE Angle: 0.2390697956085205
              Training MSE Angle: 0.12213669717311859		 Val MSE Angle: 0.13160008192062378
	      Training MAE Shift: 0.041247379034757614		 Val MAE Shift: 0.04521993696689606
              Training Euclidean Shift: 0.06465699523687363	 Val Euclidean Shift: 0.07026016712188721


Epoch 142/200: Training Loss: 0.16137605905532837		 Val Loss: 0.15861191749572753
	      Training MAE Angle: 0.22987690567970276		 Val MAE Angle: 0.23034684658050536
              Training MSE Angle: 0.12319568544626236		 Val MSE Angle: 0.12133474349975586
	      Training MAE Shift: 0.045755088329315186		 Val MAE Shift: 0.04417843222618103
              Training Euclidean Shift: 0.07168209552764893	 Val Euclidean Shift: 0.06873646974563599


Epoch 143/200: Training Loss: 0.15162426233291626		 Val Loss: 0.12347924709320068
	      Training MAE Angle: 0.22878175973892212		 Val MAE Angle: 0.1839930772781372
              Training MSE Angle: 0.11837491393089294		 Val MSE Angle: 0.08526274561882019
	      Training MAE Shift: 0.042728912085294724		 Val MAE Shift: 0.04283625483512878
              Training Euclidean Shift: 0.06673027575016022	 Val Euclidean Shift: 0.06673795580863953


Epoch 144/200: Training Loss: 0.1731436848640442		 Val Loss: 0.16164530515670777
	      Training MAE Angle: 0.24045208096504211		 Val MAE Angle: 0.23921210765838624
              Training MSE Angle: 0.13370013236999512		 Val MSE Angle: 0.12575511932373046
	      Training MAE Shift: 0.045615192502737045		 Val MAE Shift: 0.04432435035705566
              Training Euclidean Shift: 0.07142795622348785	 Val Euclidean Shift: 0.06966789960861205


Epoch 145/200: Training Loss: 0.14572736620903015		 Val Loss: 0.1482266068458557
	      Training MAE Angle: 0.22404004633426666		 Val MAE Angle: 0.20827312469482423
              Training MSE Angle: 0.11376647651195526		 Val MSE Angle: 0.10889744758605957
	      Training MAE Shift: 0.041057683527469635		 Val MAE Shift: 0.04274270534515381
              Training Euclidean Shift: 0.06453317403793335	 Val Euclidean Shift: 0.06749186515808106


Epoch 146/200: Training Loss: 0.14650468528270721		 Val Loss: 0.1420833945274353
	      Training MAE Angle: 0.22397658228874207		 Val MAE Angle: 0.206055212020874
              Training MSE Angle: 0.11783485859632492		 Val MSE Angle: 0.09571308493614197
	      Training MAE Shift: 0.03946855664253235		 Val MAE Shift: 0.04668495357036591
              Training Euclidean Shift: 0.061953380703926086	 Val Euclidean Shift: 0.07380196452140808


Epoch 147/200: Training Loss: 0.15707941353321075		 Val Loss: 0.14431962966918946
	      Training MAE Angle: 0.23191316425800323		 Val MAE Angle: 0.2024993419647217
              Training MSE Angle: 0.12413022667169571		 Val MSE Angle: 0.10412650108337403
	      Training MAE Shift: 0.04223094880580902		 Val MAE Shift: 0.04373439252376556
              Training Euclidean Shift: 0.06638754159212112	 Val Euclidean Shift: 0.0691368579864502


Epoch 148/200: Training Loss: 0.1397756040096283		 Val Loss: 0.1614640474319458
	      Training MAE Angle: 0.21606193482875824		 Val MAE Angle: 0.21876320838928223
              Training MSE Angle: 0.10938768088817596		 Val MSE Angle: 0.10956063270568847
	      Training MAE Shift: 0.040607668459415436		 Val MAE Shift: 0.05171251893043518
              Training Euclidean Shift: 0.06371213495731354	 Val Euclidean Shift: 0.08172998428344727


Epoch 149/200: Training Loss: 0.14442095160484314		 Val Loss: 0.16027379035949707
	      Training MAE Angle: 0.21275366842746735		 Val MAE Angle: 0.22303423881530762
              Training MSE Angle: 0.11025825887918472		 Val MSE Angle: 0.12211449146270752
	      Training MAE Shift: 0.04336722195148468		 Val MAE Shift: 0.04386401772499084
              Training Euclidean Shift: 0.06792331486940384	 Val Euclidean Shift: 0.06773226261138916


Epoch 150/200: Training Loss: 0.14795544743537903		 Val Loss: 0.15960330963134767
	      Training MAE Angle: 0.21863451600074768		 Val MAE Angle: 0.22874388694763184
              Training MSE Angle: 0.11109820753335953		 Val MSE Angle: 0.12078500986099243
	      Training MAE Shift: 0.04361899197101593		 Val MAE Shift: 0.04345227777957916
              Training Euclidean Shift: 0.06815750151872635	 Val Euclidean Shift: 0.06783804297447205


Epoch 151/200: Training Loss: 0.14110766351222992		 Val Loss: 0.12894256114959718
	      Training MAE Angle: 0.2127046287059784		 Val MAE Angle: 0.18035762310028075
              Training MSE Angle: 0.11237125098705292		 Val MSE Angle: 0.08235669732093812
	      Training MAE Shift: 0.03943872079253197		 Val MAE Shift: 0.04732911586761475
              Training Euclidean Shift: 0.06203613430261612	 Val Euclidean Shift: 0.07407973408699035


Epoch 152/200: Training Loss: 0.14671362936496735		 Val Loss: 0.14877909421920776
	      Training MAE Angle: 0.21658043563365936		 Val MAE Angle: 0.199531626701355
              Training MSE Angle: 0.11451363563537598		 Val MSE Angle: 0.10384047031402588
	      Training MAE Shift: 0.04259354621171951		 Val MAE Shift: 0.04829266965389252
              Training Euclidean Shift: 0.06714506447315216	 Val Euclidean Shift: 0.0758605182170868


Epoch 153/200: Training Loss: 0.132124662399292		 Val Loss: 0.16053472757339476
	      Training MAE Angle: 0.2089904546737671		 Val MAE Angle: 0.21563162803649902
              Training MSE Angle: 0.10123758018016815		 Val MSE Angle: 0.11816033124923705
	      Training MAE Shift: 0.0411260686814785		 Val MAE Shift: 0.047671002149581906
              Training Euclidean Shift: 0.06455245614051819	 Val Euclidean Shift: 0.07499004602432251


Epoch 154/200: Training Loss: 0.14764948189258575		 Val Loss: 0.19589213132858277
	      Training MAE Angle: 0.21701174974441528		 Val MAE Angle: 0.249072265625
              Training MSE Angle: 0.11450578272342682		 Val MSE Angle: 0.1587059497833252
	      Training MAE Shift: 0.04306802898645401		 Val MAE Shift: 0.04086529016494751
              Training Euclidean Shift: 0.06749008595943451	 Val Euclidean Shift: 0.06432359218597412


Epoch 155/200: Training Loss: 0.1556001603603363		 Val Loss: 0.19623247385025025
	      Training MAE Angle: 0.21653886139392853		 Val MAE Angle: 0.21990807056427003
              Training MSE Angle: 0.11294038593769073		 Val MSE Angle: 0.12035194635391236
	      Training MAE Shift: 0.04687109589576721		 Val MAE Shift: 0.05280923843383789
              Training Euclidean Shift: 0.07373633235692978	 Val Euclidean Shift: 0.08321686387062073


Epoch 156/200: Training Loss: 0.15197615325450897		 Val Loss: 0.1594105362892151
	      Training MAE Angle: 0.21909663081169128		 Val MAE Angle: 0.21124701499938964
              Training MSE Angle: 0.11965616792440414		 Val MSE Angle: 0.1123516321182251
	      Training MAE Shift: 0.04171285033226013		 Val MAE Shift: 0.04493114948272705
              Training Euclidean Shift: 0.06536088138818741	 Val Euclidean Shift: 0.0710983157157898


Epoch 157/200: Training Loss: 0.1453731209039688		 Val Loss: 0.1590847849845886
	      Training MAE Angle: 0.21562255918979645		 Val MAE Angle: 0.21635985374450684
              Training MSE Angle: 0.11410820484161377		 Val MSE Angle: 0.11853675842285157
	      Training MAE Shift: 0.041031431406736374		 Val MAE Shift: 0.04554072916507721
              Training Euclidean Shift: 0.0639917328953743	 Val Euclidean Shift: 0.07128649353981018


Epoch 158/200: Training Loss: 0.1426522135734558		 Val Loss: 0.18301225900650026
	      Training MAE Angle: 0.21249257028102875		 Val MAE Angle: 0.2246020555496216
              Training MSE Angle: 0.10698066651821136		 Val MSE Angle: 0.13718762397766113
	      Training MAE Shift: 0.04447207227349281		 Val MAE Shift: 0.04967021942138672
              Training Euclidean Shift: 0.06970363855361938	 Val Euclidean Shift: 0.07708539962768554


Epoch 159/200: Training Loss: 0.1431722342967987		 Val Loss: 0.1422807455062866
	      Training MAE Angle: 0.21380260586738586		 Val MAE Angle: 0.18865511417388917
              Training MSE Angle: 0.11228671669960022		 Val MSE Angle: 0.09091214537620544
	      Training MAE Shift: 0.04091816022992134		 Val MAE Shift: 0.041946372389793395
              Training Euclidean Shift: 0.06392870098352432	 Val Euclidean Shift: 0.0660837709903717


Epoch 160/200: Training Loss: 0.1302768588066101		 Val Loss: 0.15779650211334229
	      Training MAE Angle: 0.19822180271148682		 Val MAE Angle: 0.21879112720489502
              Training MSE Angle: 0.10117831826210022		 Val MSE Angle: 0.12819859981536866
	      Training MAE Shift: 0.03883354365825653		 Val MAE Shift: 0.04236808121204376
              Training Euclidean Shift: 0.06105169281363487	 Val Euclidean Shift: 0.06601719260215759


Epoch 161/200: Training Loss: 0.14398501813411713		 Val Loss: 0.1760292887687683
	      Training MAE Angle: 0.21366119384765625		 Val MAE Angle: 0.23895463943481446
              Training MSE Angle: 0.11253517121076584		 Val MSE Angle: 0.13473868370056152
	      Training MAE Shift: 0.042064521461725235		 Val MAE Shift: 0.04782232344150543
              Training Euclidean Shift: 0.06569774448871613	 Val Euclidean Shift: 0.0750416100025177


Epoch 162/200: Training Loss: 0.14684627950191498		 Val Loss: 0.13365720510482787
	      Training MAE Angle: 0.22170302271842957		 Val MAE Angle: 0.19090802669525148
              Training MSE Angle: 0.11544696241617203		 Val MSE Angle: 0.0826963722705841
	      Training MAE Shift: 0.04148466885089874		 Val MAE Shift: 0.04166455268859863
              Training Euclidean Shift: 0.06513579189777374	 Val Euclidean Shift: 0.06599774956703186


Epoch 163/200: Training Loss: 0.1563704013824463		 Val Loss: 0.18316785097122193
	      Training MAE Angle: 0.21220313012599945		 Val MAE Angle: 0.224045729637146
              Training MSE Angle: 0.11193421483039856		 Val MSE Angle: 0.13593534231185914
	      Training MAE Shift: 0.04877238720655441		 Val MAE Shift: 0.05195583701133728
              Training Euclidean Shift: 0.07640037685632706	 Val Euclidean Shift: 0.0804283618927002


Epoch 164/200: Training Loss: 0.1518421620130539		 Val Loss: 0.16925315856933593
	      Training MAE Angle: 0.21998050808906555		 Val MAE Angle: 0.19572482109069825
              Training MSE Angle: 0.11685919761657715		 Val MSE Angle: 0.11068739891052246
	      Training MAE Shift: 0.04424741119146347		 Val MAE Shift: 0.049573755264282225
              Training Euclidean Shift: 0.0696660578250885	 Val Euclidean Shift: 0.07711421847343444


Epoch 165/200: Training Loss: 0.1535026580095291		 Val Loss: 0.17257729768753052
	      Training MAE Angle: 0.21273992955684662		 Val MAE Angle: 0.21397705078125
              Training MSE Angle: 0.11022939532995224		 Val MSE Angle: 0.11760263442993164
	      Training MAE Shift: 0.04773823544383049		 Val MAE Shift: 0.05037853121757507
              Training Euclidean Shift: 0.07484052330255508	 Val Euclidean Shift: 0.0799789309501648


Epoch 166/200: Training Loss: 0.1484014093875885		 Val Loss: 0.11647896766662598
	      Training MAE Angle: 0.2246934324502945		 Val MAE Angle: 0.1904611110687256
              Training MSE Angle: 0.11714265495538712		 Val MSE Angle: 0.08822376728057861
	      Training MAE Shift: 0.04226723685860634		 Val MAE Shift: 0.03999673128128052
              Training Euclidean Shift: 0.06585083156824112	 Val Euclidean Shift: 0.06249979734420776


Epoch 167/200: Training Loss: 0.13009215891361237		 Val Loss: 0.12436456680297851
	      Training MAE Angle: 0.20110425353050232		 Val MAE Angle: 0.1940896987915039
              Training MSE Angle: 0.10099028795957565		 Val MSE Angle: 0.09484447836875916
	      Training MAE Shift: 0.03987191617488861		 Val MAE Shift: 0.04024696946144104
              Training Euclidean Shift: 0.06256705522537231	 Val Euclidean Shift: 0.06292998194694518


Epoch 168/200: Training Loss: 0.11628583818674088		 Val Loss: 0.13597172498703003
	      Training MAE Angle: 0.18760019540786743		 Val MAE Angle: 0.19964429140090942
              Training MSE Angle: 0.0878719910979271		 Val MSE Angle: 0.1042507529258728
	      Training MAE Shift: 0.03892621770501137		 Val MAE Shift: 0.0404442697763443
              Training Euclidean Shift: 0.06122672185301781	 Val Euclidean Shift: 0.0638274908065796


Epoch 169/200: Training Loss: 0.12906914949417114		 Val Loss: 0.13179749250411987
	      Training MAE Angle: 0.19697876274585724		 Val MAE Angle: 0.1922473907470703
              Training MSE Angle: 0.0980527251958847		 Val MSE Angle: 0.0881218135356903
	      Training MAE Shift: 0.04045384004712105		 Val MAE Shift: 0.047739171981811525
              Training Euclidean Shift: 0.06349284201860428	 Val Euclidean Shift: 0.07445591688156128


Epoch 170/200: Training Loss: 0.11804459244012833		 Val Loss: 0.12929277420043944
	      Training MAE Angle: 0.18387338519096375		 Val MAE Angle: 0.2036405086517334
              Training MSE Angle: 0.09048982709646225		 Val MSE Angle: 0.1032065987586975
	      Training MAE Shift: 0.039279643446207047		 Val MAE Shift: 0.037970900535583496
              Training Euclidean Shift: 0.06122662499547005	 Val Euclidean Shift: 0.058772850036621097


Epoch 171/200: Training Loss: 0.1287418156862259		 Val Loss: 0.11795608997344971
	      Training MAE Angle: 0.19949676096439362		 Val MAE Angle: 0.16838510036468507
              Training MSE Angle: 0.09823036193847656		 Val MSE Angle: 0.0908898115158081
	      Training MAE Shift: 0.0395091213285923		 Val MAE Shift: 0.03900536894798279
              Training Euclidean Shift: 0.062037304043769836	 Val Euclidean Shift: 0.06146982908248901


Epoch 172/200: Training Loss: 0.10964794456958771		 Val Loss: 0.12051572799682617
	      Training MAE Angle: 0.17703789472579956		 Val MAE Angle: 0.18353862762451173
              Training MSE Angle: 0.08420393615961075		 Val MSE Angle: 0.09423854947090149
	      Training MAE Shift: 0.03731958940625191		 Val MAE Shift: 0.038311156630516055
              Training Euclidean Shift: 0.05837898701429367	 Val Euclidean Shift: 0.06033868789672851


Epoch 173/200: Training Loss: 0.12225434184074402		 Val Loss: 0.17633454799652098
	      Training MAE Angle: 0.19488203525543213		 Val MAE Angle: 0.22907607555389403
              Training MSE Angle: 0.09888174384832382		 Val MSE Angle: 0.13850057125091553
	      Training MAE Shift: 0.03559378162026405		 Val MAE Shift: 0.04226825535297394
              Training Euclidean Shift: 0.05571965128183365	 Val Euclidean Shift: 0.0663905382156372


Epoch 174/200: Training Loss: 0.12842386960983276		 Val Loss: 0.142781662940979
	      Training MAE Angle: 0.2030559927225113		 Val MAE Angle: 0.19713382720947265
              Training MSE Angle: 0.09939385950565338		 Val MSE Angle: 0.10644290447235108
	      Training MAE Shift: 0.04059550166130066		 Val MAE Shift: 0.046333256363868716
              Training Euclidean Shift: 0.06349911540746689	 Val Euclidean Shift: 0.07218528389930726


Epoch 175/200: Training Loss: 0.14184358716011047		 Val Loss: 0.14398030042648316
	      Training MAE Angle: 0.21510489284992218		 Val MAE Angle: 0.20603475570678711
              Training MSE Angle: 0.11283194273710251		 Val MSE Angle: 0.11127694845199584
	      Training MAE Shift: 0.039412401616573334		 Val MAE Shift: 0.03934048116207123
              Training Euclidean Shift: 0.061873942613601685	 Val Euclidean Shift: 0.06180711388587952


Epoch 176/200: Training Loss: 0.12323465198278427		 Val Loss: 0.1324824571609497
	      Training MAE Angle: 0.19931939244270325		 Val MAE Angle: 0.2007976770401001
              Training MSE Angle: 0.09794243425130844		 Val MSE Angle: 0.10160707235336304
	      Training MAE Shift: 0.03670286759734154		 Val MAE Shift: 0.040843048691749574
              Training Euclidean Shift: 0.05770985037088394	 Val Euclidean Shift: 0.06407240629196168


Epoch 177/200: Training Loss: 0.13300389051437378		 Val Loss: 0.1323086738586426
	      Training MAE Angle: 0.20352235436439514		 Val MAE Angle: 0.2025519847869873
              Training MSE Angle: 0.10407696664333344		 Val MSE Angle: 0.09894027709960937
	      Training MAE Shift: 0.037908829748630524		 Val MAE Shift: 0.042570090293884276
              Training Euclidean Shift: 0.0591873824596405	 Val Euclidean Shift: 0.06675187945365905


Epoch 178/200: Training Loss: 0.13965491950511932		 Val Loss: 0.12981139421463012
	      Training MAE Angle: 0.21734604239463806		 Val MAE Angle: 0.19309039115905763
              Training MSE Angle: 0.11360149085521698		 Val MSE Angle: 0.0985892653465271
	      Training MAE Shift: 0.03817112743854523		 Val MAE Shift: 0.03984021544456482
              Training Euclidean Shift: 0.05982986092567444	 Val Euclidean Shift: 0.06230794191360474


Epoch 179/200: Training Loss: 0.1259293258190155		 Val Loss: 0.20134916305541992
	      Training MAE Angle: 0.19846095144748688		 Val MAE Angle: 0.25388450622558595
              Training MSE Angle: 0.10037156939506531		 Val MSE Angle: 0.16752145290374756
	      Training MAE Shift: 0.037798311561346054		 Val MAE Shift: 0.040160912275314334
              Training Euclidean Shift: 0.059421032667160034	 Val Euclidean Shift: 0.06281722784042358


Epoch 180/200: Training Loss: 0.13201728463172913		 Val Loss: 0.15630310773849487
	      Training MAE Angle: 0.2028457671403885		 Val MAE Angle: 0.22725777626037597
              Training MSE Angle: 0.09975495934486389		 Val MSE Angle: 0.12582042217254638
	      Training MAE Shift: 0.042523644864559174		 Val MAE Shift: 0.039632537961006166
              Training Euclidean Shift: 0.06674377620220184	 Val Euclidean Shift: 0.062089741230010986


Epoch 181/200: Training Loss: 0.12709598243236542		 Val Loss: 0.14268121719360352
	      Training MAE Angle: 0.19446726143360138		 Val MAE Angle: 0.20558030605316163
              Training MSE Angle: 0.09749974310398102		 Val MSE Angle: 0.11318472623825074
	      Training MAE Shift: 0.04010209068655968		 Val MAE Shift: 0.03760479092597961
              Training Euclidean Shift: 0.06304493546485901	 Val Euclidean Shift: 0.05819137096405029


Epoch 182/200: Training Loss: 0.12030746787786484		 Val Loss: 0.14451723098754882
	      Training MAE Angle: 0.18752768635749817		 Val MAE Angle: 0.1968769311904907
              Training MSE Angle: 0.09257754683494568		 Val MSE Angle: 0.11131280660629272
	      Training MAE Shift: 0.03946627676486969		 Val MAE Shift: 0.03997631669044495
              Training Euclidean Shift: 0.06161583214998245	 Val Euclidean Shift: 0.06350709199905395


Epoch 183/200: Training Loss: 0.13442985713481903		 Val Loss: 0.11602672338485717
	      Training MAE Angle: 0.20746028423309326		 Val MAE Angle: 0.17901939153671265
              Training MSE Angle: 0.10746459662914276		 Val MSE Angle: 0.08878318667411804
	      Training MAE Shift: 0.03862161934375763		 Val MAE Shift: 0.03761674761772156
              Training Euclidean Shift: 0.06059211865067482	 Val Euclidean Shift: 0.059260213375091554


Epoch 184/200: Training Loss: 0.14757949113845825		 Val Loss: 0.1116793155670166
	      Training MAE Angle: 0.21271798014640808		 Val MAE Angle: 0.17054545879364014
              Training MSE Angle: 0.1125434935092926		 Val MSE Angle: 0.0778581142425537
	      Training MAE Shift: 0.04266539588570595		 Val MAE Shift: 0.04067128300666809
              Training Euclidean Shift: 0.06645117700099945	 Val Euclidean Shift: 0.06359139680862427


Epoch 185/200: Training Loss: 0.12673193216323853		 Val Loss: 0.10975934267044067
	      Training MAE Angle: 0.19624225795269012		 Val MAE Angle: 0.17646641731262208
              Training MSE Angle: 0.09926476329565048		 Val MSE Angle: 0.08575533032417297
	      Training MAE Shift: 0.03867195546627045		 Val MAE Shift: 0.03298005163669586
              Training Euclidean Shift: 0.06073714792728424	 Val Euclidean Shift: 0.05147111415863037


Epoch 186/200: Training Loss: 0.12011934816837311		 Val Loss: 0.11916009187698365
	      Training MAE Angle: 0.19357562065124512		 Val MAE Angle: 0.1897222876548767
              Training MSE Angle: 0.09322955459356308		 Val MSE Angle: 0.08697528243064881
	      Training MAE Shift: 0.038465261459350586		 Val MAE Shift: 0.04273770451545715
              Training Euclidean Shift: 0.06022267788648605	 Val Euclidean Shift: 0.06623008251190185


Epoch 187/200: Training Loss: 0.13207215070724487		 Val Loss: 0.12797925472259522
	      Training MAE Angle: 0.19574874639511108		 Val MAE Angle: 0.19857800006866455
              Training MSE Angle: 0.10401282459497452		 Val MSE Angle: 0.10127710103988648
	      Training MAE Shift: 0.03948935866355896		 Val MAE Shift: 0.03803749084472656
              Training Euclidean Shift: 0.061997294425964355	 Val Euclidean Shift: 0.05974894165992737


Epoch 188/200: Training Loss: 0.1293247789144516		 Val Loss: 0.11775176525115967
	      Training MAE Angle: 0.19516295194625854		 Val MAE Angle: 0.17704087495803833
              Training MSE Angle: 0.09588495641946793		 Val MSE Angle: 0.09021809697151184
	      Training MAE Shift: 0.04243036359548569		 Val MAE Shift: 0.03885033130645752
              Training Euclidean Shift: 0.06653657555580139	 Val Euclidean Shift: 0.06085897088050842


Epoch 189/200: Training Loss: 0.13233913481235504		 Val Loss: 0.10968362092971802
	      Training MAE Angle: 0.20091427862644196		 Val MAE Angle: 0.17873846292495726
              Training MSE Angle: 0.10577093064785004		 Val MSE Angle: 0.08156657218933105
	      Training MAE Shift: 0.03764056786894798		 Val MAE Shift: 0.03891181945800781
              Training Euclidean Shift: 0.059212882071733475	 Val Euclidean Shift: 0.061197036504745485


Epoch 190/200: Training Loss: 0.11278682947158813		 Val Loss: 0.12032612562179565
	      Training MAE Angle: 0.17546933889389038		 Val MAE Angle: 0.15972782373428346
              Training MSE Angle: 0.08550527691841125		 Val MSE Angle: 0.0753684937953949
	      Training MAE Shift: 0.0372430719435215		 Val MAE Shift: 0.04450426995754242
              Training Euclidean Shift: 0.05824592709541321	 Val Euclidean Shift: 0.07059958577156067


Epoch 191/200: Training Loss: 0.14860965311527252		 Val Loss: 0.17182707786560059
	      Training MAE Angle: 0.21414770185947418		 Val MAE Angle: 0.2482847213745117
              Training MSE Angle: 0.11967542767524719		 Val MSE Angle: 0.1348706841468811
	      Training MAE Shift: 0.039991263300180435		 Val MAE Shift: 0.04033559858798981
              Training Euclidean Shift: 0.06262953579425812	 Val Euclidean Shift: 0.06285650730133056


Epoch 192/200: Training Loss: 0.1194470077753067		 Val Loss: 0.1337717056274414
	      Training MAE Angle: 0.19610728323459625		 Val MAE Angle: 0.18923068046569824
              Training MSE Angle: 0.0934508815407753		 Val MSE Angle: 0.09940147995948792
	      Training MAE Shift: 0.037188246846199036		 Val MAE Shift: 0.04215576052665711
              Training Euclidean Shift: 0.05837845802307129	 Val Euclidean Shift: 0.06681777834892273


Epoch 193/200: Training Loss: 0.13891270756721497		 Val Loss: 0.13258334398269653
	      Training MAE Angle: 0.20505498349666595		 Val MAE Angle: 0.185919189453125
              Training MSE Angle: 0.10816957801580429		 Val MSE Angle: 0.0867962121963501
	      Training MAE Shift: 0.0398755706846714		 Val MAE Shift: 0.04676947295665741
              Training Euclidean Shift: 0.06240594759583473	 Val Euclidean Shift: 0.07388439178466796


Epoch 194/200: Training Loss: 0.1286468207836151		 Val Loss: 0.12019650936126709
	      Training MAE Angle: 0.18761005997657776		 Val MAE Angle: 0.17740952968597412
              Training MSE Angle: 0.09146258980035782		 Val MSE Angle: 0.08943852186203002
	      Training MAE Shift: 0.04405403509736061		 Val MAE Shift: 0.04146921634674072
              Training Euclidean Shift: 0.06902020424604416	 Val Euclidean Shift: 0.06439887285232544


Epoch 195/200: Training Loss: 0.1126427873969078		 Val Loss: 0.1297948718070984
	      Training MAE Angle: 0.17595084011554718		 Val MAE Angle: 0.18143175840377807
              Training MSE Angle: 0.08626332879066467		 Val MSE Angle: 0.09497208595275879
	      Training MAE Shift: 0.03756192699074745		 Val MAE Shift: 0.04363974928855896
              Training Euclidean Shift: 0.05918632820248604	 Val Euclidean Shift: 0.06794162392616272


Epoch 196/200: Training Loss: 0.1165354773402214		 Val Loss: 0.12854886054992676
	      Training MAE Angle: 0.18245364725589752		 Val MAE Angle: 0.18884814977645875
              Training MSE Angle: 0.08989133685827255		 Val MSE Angle: 0.09525355100631713
	      Training MAE Shift: 0.0375528559088707		 Val MAE Shift: 0.03983260691165924
              Training Euclidean Shift: 0.058846455067396164	 Val Euclidean Shift: 0.06232444047927856


Epoch 197/200: Training Loss: 0.12483061850070953		 Val Loss: 0.15228549242019654
	      Training MAE Angle: 0.1932390332221985		 Val MAE Angle: 0.20389208793640137
              Training MSE Angle: 0.09847762435674667		 Val MSE Angle: 0.11570048332214355
	      Training MAE Shift: 0.03690822795033455		 Val MAE Shift: 0.04274648725986481
              Training Euclidean Shift: 0.05786249786615372	 Val Euclidean Shift: 0.06749137043952942


Epoch 198/200: Training Loss: 0.12240789085626602		 Val Loss: 0.12238855361938476
	      Training MAE Angle: 0.18176332116127014		 Val MAE Angle: 0.18439460992813111
              Training MSE Angle: 0.09249283373355865		 Val MSE Angle: 0.10324342250823974
	      Training MAE Shift: 0.04050985351204872		 Val MAE Shift: 0.03269448578357696
              Training Euclidean Shift: 0.0632443055510521	 Val Euclidean Shift: 0.05166081190109253


Epoch 199/200: Training Loss: 0.11670777201652527		 Val Loss: 0.0959247350692749
	      Training MAE Angle: 0.18049633502960205		 Val MAE Angle: 0.1717671513557434
              Training MSE Angle: 0.08822673559188843		 Val MSE Angle: 0.0732026994228363
	      Training MAE Shift: 0.038449063897132874		 Val MAE Shift: 0.035866978764534
              Training Euclidean Shift: 0.06049490347504616	 Val Euclidean Shift: 0.05721043348312378


Epoch 200/200: Training Loss: 0.10948479175567627		 Val Loss: 0.1111308217048645
	      Training MAE Angle: 0.17422424256801605		 Val MAE Angle: 0.16908478736877441
              Training MSE Angle: 0.08606959879398346		 Val MSE Angle: 0.0805888056755066
	      Training MAE Shift: 0.03548863157629967		 Val MAE Shift: 0.03433031439781189
              Training Euclidean Shift: 0.055888354778289795	 Val Euclidean Shift: 0.053613299131393434


## TEST RESULTS: ##
Test Loss: 0.20387515425682068 
Test MAE Shift: 0.0418073907494545		 Test Euclidean Shift: 0.0656808614730835
Test MAE Angle: 0.2933735251426697		 Test MSE Angle: 0.16059193015098572

