
###########################################################################################################################################################

 learning rate: 0.0001, mlp_hidden_sizes: [1024, 512], jump_frames: 6, use_reconstruction_layer: True
batch_size: 8, norm: True, train_seqeunces: [0, 2, 3, 5], val_sequences: [6, 7, 8], RL_TEST_NAMES: ['fe2fadf89a84e92a', 'f01e8b6f8e10fdd9', 'f1ee9dc6135e5307', 'a41df4fa06fd391b', 'bc0ebb7482f14795', '9bdd34e784c04e3a', '98ebee1c36ecec55'], dataset: Kitti2Flying,
average embeddings: False, model: facebook/dino-vitb16, augmentation: True, random crop: True, part: None, get_old_path: False, computer: 1,
RE1 coeff: 0 SED coeff: 0.5, ALG_COEFF: 0, L2_coeff: 1, huber_coeff: 1, frozen layers: 0, trained vit: None, MAX_POOL_SIZE: 7
crop: 224 resize: 256, use conv: True pretrained: None, train_size: 9, norm_mean: tensor([0.5000, 0.5000, 0.5000], device='cuda:0'), norm_std: tensor([0.5000, 0.5000, 0.5000], device='cuda:0'), sched: None seed: 300

train size: 88, val size: 175, test size: 1231

algebraic_truth: 0.0033722939816388216		 val_algebraic_truth: 0.005201063372872092
RE1_truth: 1.2405084403739734e-05		 val_RE1_truth: 2.3934445132247426e-05
SED_truth: 9.921520144085993e-05		 val_SED_truth: 0.0001914388161491264

Epoch 1/100: Training Loss: 0.6015460707924583		 Val Loss: 0.7659632075916637
             	Training MAE: 0.06184498965740204		 Val MAE: 0.07863166183233261
             	Algebraic dist: 0.5483925559303977		 Val Algebraic dist: 0.5143547058105469
             	RE1 dist: 0.27873141115361993		 Val RE1 dist: 0.3063157254999334
             	SED dist: 1.172175407409668		 Val SED dist: 1.488327373157848

Epoch 2/100: Training Loss: 0.4400895725597035		 Val Loss: 1.5028346668590198
             	Training MAE: 0.07679329812526703		 Val MAE: 0.09773733466863632
             	Algebraic dist: 0.45363816347989167		 Val Algebraic dist: 0.6763486862182617
             	RE1 dist: 0.18392341787164862		 Val RE1 dist: 0.54393009705977
             	SED dist: 0.8372347571633079		 Val SED dist: 2.9346046447753906

Epoch 3/100: Training Loss: 0.5942852713844993		 Val Loss: 0.8235992084849965
             	Training MAE: 0.07974020391702652		 Val MAE: 0.050480276346206665
             	Algebraic dist: 0.5463695092634722		 Val Algebraic dist: 0.5798838355324485
             	RE1 dist: 0.257603948766535		 Val RE1 dist: 0.3572678565979004
             	SED dist: 1.1389952572909268		 Val SED dist: 1.6223284981467507

Epoch 4/100: Training Loss: 0.4366271279074929		 Val Loss: 1.2861678383567117
             	Training MAE: 0.05914321169257164		 Val MAE: 0.08139526098966599
             	Algebraic dist: 0.46645116806030273		 Val Algebraic dist: 0.7429767955433239
             	RE1 dist: 0.2001037814400413		 Val RE1 dist: 0.5648781603032892
             	SED dist: 0.8443658135154031		 Val SED dist: 2.5254450711337

Epoch 5/100: Training Loss: 0.9438307502053		 Val Loss: 0.9643043171275746
             	Training MAE: 0.07673779875040054		 Val MAE: 0.06189199164509773
             	Algebraic dist: 0.7423719926313921		 Val Algebraic dist: 0.5600585070523348
             	RE1 dist: 0.4395115158774636		 Val RE1 dist: 0.4111056327819824
             	SED dist: 1.8452082547274502		 Val SED dist: 1.9001069502397017

Epoch 6/100: Training Loss: 0.6680048595775258		 Val Loss: 0.774839227849787
             	Training MAE: 0.07815401256084442		 Val MAE: 0.08108001202344894
             	Algebraic dist: 0.5613801696083762		 Val Algebraic dist: 0.5172273028980602
             	RE1 dist: 0.293947544964877		 Val RE1 dist: 0.3094767223704945
             	SED dist: 1.2918588464910334		 Val SED dist: 1.5031559684059836

Epoch 7/100: Training Loss: 0.36237564953890716		 Val Loss: 1.0595705725929954
             	Training MAE: 0.06578797101974487		 Val MAE: 0.06497760862112045
             	Algebraic dist: 0.3940901756286621		 Val Algebraic dist: 0.7245344682173296
             	RE1 dist: 0.15634460882707077		 Val RE1 dist: 0.4730920358137651
             	SED dist: 0.692740180275657		 Val SED dist: 2.088473233309659

Epoch 8/100: Training Loss: 1.4524517926302822		 Val Loss: 0.7988310727206144
             	Training MAE: 0.07273246347904205		 Val MAE: 0.0794219970703125
             	Algebraic dist: 0.889900727705522		 Val Algebraic dist: 0.485395995053378
             	RE1 dist: 0.6946206092834473		 Val RE1 dist: 0.3231225230477073
             	SED dist: 2.8673100904984907		 Val SED dist: 1.5529878789728337

Epoch 9/100: Training Loss: 1.0902826135808772		 Val Loss: 0.8291366750543768
             	Training MAE: 0.08364352583885193		 Val MAE: 0.07183659076690674
             	Algebraic dist: 0.7563187859275124		 Val Algebraic dist: 0.5480095689946954
             	RE1 dist: 0.49909015135331586		 Val RE1 dist: 0.3414930430325595
             	SED dist: 2.1302684437144888		 Val SED dist: 1.62181940945712

Epoch 10/100: Training Loss: 0.9055617939342152		 Val Loss: 1.921747554432262
             	Training MAE: 0.05980241298675537		 Val MAE: 0.05925489217042923
             	Algebraic dist: 0.7494883970780806		 Val Algebraic dist: 1.0832613164728337
             	RE1 dist: 0.460811354897239		 Val RE1 dist: 0.9379756233908914
             	SED dist: 1.7830389196222478		 Val SED dist: 3.816297010941939

Epoch 11/100: Training Loss: 1.3843643882057883		 Val Loss: 0.9921629645607688
             	Training MAE: 0.07909373193979263		 Val MAE: 0.07166454941034317
             	Algebraic dist: 0.9218476902354847		 Val Algebraic dist: 0.5263557867570356
             	RE1 dist: 0.6781373457475142		 Val RE1 dist: 0.39108510450883344
             	SED dist: 2.7235464616255327		 Val SED dist: 1.9480323791503906

Epoch 12/100: Training Loss: 0.565580194646662		 Val Loss: 0.8410212776877664
             	Training MAE: 0.062330473214387894		 Val MAE: 0.05356571078300476
             	Algebraic dist: 0.5368120020086115		 Val Algebraic dist: 0.5165737758983265
             	RE1 dist: 0.27447373216802423		 Val RE1 dist: 0.3505003669045188
             	SED dist: 1.101209120316939		 Val SED dist: 1.6568903489546343

Epoch 13/100: Training Loss: 0.8522051897915927		 Val Loss: 1.0125458457253196
             	Training MAE: 0.0607161745429039		 Val MAE: 0.07373428344726562
             	Algebraic dist: 0.7166332765059038		 Val Algebraic dist: 0.530290733684193
             	RE1 dist: 0.4231301220980557		 Val RE1 dist: 0.40909775820645417
             	SED dist: 1.6754915064031428		 Val SED dist: 1.9867161837491123

Epoch 14/100: Training Loss: 0.752179665998979		 Val Loss: 0.8644700483842329
             	Training MAE: 0.08159637451171875		 Val MAE: 0.07068204879760742
             	Algebraic dist: 0.6336204788901589		 Val Algebraic dist: 0.5690797025507147
             	RE1 dist: 0.3456953005357222		 Val RE1 dist: 0.35708262703635474
             	SED dist: 1.4566057378595525		 Val SED dist: 1.693572304465554

Epoch 15/100: Training Loss: 0.7467969547618519		 Val Loss: 1.0052206733010032
             	Training MAE: 0.06681559979915619		 Val MAE: 0.06259632855653763
             	Algebraic dist: 0.6700481501492587		 Val Algebraic dist: 0.6994471116499468
             	RE1 dist: 0.38042393597689544		 Val RE1 dist: 0.43976554003628815
             	SED dist: 1.461180253462358		 Val SED dist: 1.9813738736239346

Epoch 16/100: Training Loss: 0.42718081040815875		 Val Loss: 0.8364347111095082
             	Training MAE: 0.0687490925192833		 Val MAE: 0.07733957469463348
             	Algebraic dist: 0.43970043008977716		 Val Algebraic dist: 0.5126743750138716
             	RE1 dist: 0.19271837581287732		 Val RE1 dist: 0.33638943325389514
             	SED dist: 0.8204097747802734		 Val SED dist: 1.6307504827325994

Epoch 17/100: Training Loss: 0.4034744609485973		 Val Loss: 0.861012112010609
             	Training MAE: 0.07406200468540192		 Val MAE: 0.06510656327009201
             	Algebraic dist: 0.4236624457619407		 Val Algebraic dist: 0.5345337607643821
             	RE1 dist: 0.17121265151283957		 Val RE1 dist: 0.37335629896684125
             	SED dist: 0.7680912884798917		 Val SED dist: 1.691206325184215

Epoch 18/100: Training Loss: 0.3895121921192516		 Val Loss: 1.4547020305286755
             	Training MAE: 0.06177966669201851		 Val MAE: 0.07511598616838455
             	Algebraic dist: 0.43722985007546167		 Val Algebraic dist: 0.7193150520324707
             	RE1 dist: 0.1813146634535356		 Val RE1 dist: 0.6189490665089
             	SED dist: 0.7501244978471235		 Val SED dist: 2.869557640769265

Epoch 19/100: Training Loss: 0.5788964358243075		 Val Loss: 1.180075385353782
             	Training MAE: 0.08235210925340652		 Val MAE: 0.07382992655038834
             	Algebraic dist: 0.5345335440202192		 Val Algebraic dist: 0.7985397685657848
             	RE1 dist: 0.2567153843966397		 Val RE1 dist: 0.5300829627297141
             	SED dist: 1.1091066707264294		 Val SED dist: 2.321703303943981

Epoch 20/100: Training Loss: 0.6659965081648394		 Val Loss: 0.827844272960316
             	Training MAE: 0.06802144646644592		 Val MAE: 0.06852087378501892
             	Algebraic dist: 0.6197101853110574		 Val Algebraic dist: 0.5459625070745294
             	RE1 dist: 0.33114897121082654		 Val RE1 dist: 0.3486534465443004
             	SED dist: 1.2980618910356		 Val SED dist: 1.6221911690451882

Epoch 21/100: Training Loss: 0.3864174322648482		 Val Loss: 1.1369639309969815
             	Training MAE: 0.06588274985551834		 Val MAE: 0.06761536002159119
             	Algebraic dist: 0.42212681336836383		 Val Algebraic dist: 0.6494421525435015
             	RE1 dist: 0.17424423044378107		 Val RE1 dist: 0.49628444151444867
             	SED dist: 0.7413576299493964		 Val SED dist: 2.241193944757635

Epoch 22/100: Training Loss: 0.45457046682184393		 Val Loss: 1.0142881220037288
             	Training MAE: 0.07240429520606995		 Val MAE: 0.07813971489667892
             	Algebraic dist: 0.48358414389870386		 Val Algebraic dist: 0.5461783842606978
             	RE1 dist: 0.2036804502660578		 Val RE1 dist: 0.4141105738553134
             	SED dist: 0.8719537041404031		 Val SED dist: 1.985464096069336

Epoch 23/100: Training Loss: 0.6906816742636941		 Val Loss: 1.0703315734863281
             	Training MAE: 0.07735848426818848		 Val MAE: 0.06920738518238068
             	Algebraic dist: 0.6200174418362704		 Val Algebraic dist: 0.7345507361672141
             	RE1 dist: 0.3223678848960183		 Val RE1 dist: 0.4548048106106845
             	SED dist: 1.339007551019842		 Val SED dist: 2.106626857410778

Epoch 24/100: Training Loss: 0.8476837331598456		 Val Loss: 1.249995318326083
             	Training MAE: 0.07525135576725006		 Val MAE: 0.0814109519124031
             	Algebraic dist: 0.6936522830616344		 Val Algebraic dist: 0.780170353976163
             	RE1 dist: 0.3961397517811168		 Val RE1 dist: 0.5508364764126864
             	SED dist: 1.655143217606978		 Val SED dist: 2.45296929099343

Epoch 25/100: Training Loss: 0.643641862002286		 Val Loss: 0.7520969564264471
             	Training MAE: 0.07740051299333572		 Val MAE: 0.05969268083572388
             	Algebraic dist: 0.5794930024580522		 Val Algebraic dist: 0.4818143844604492
             	RE1 dist: 0.29645239223133435		 Val RE1 dist: 0.31586887619712134
             	SED dist: 1.2438207973133435		 Val SED dist: 1.4768343838778408

Epoch 26/100: Training Loss: 0.5501828627152876		 Val Loss: 0.9559458819302645
             	Training MAE: 0.06245122849941254		 Val MAE: 0.08325406163930893
             	Algebraic dist: 0.5435640161687677		 Val Algebraic dist: 0.4894169027155096
             	RE1 dist: 0.25969201868230646		 Val RE1 dist: 0.36727324399081146
             	SED dist: 1.0701627731323242		 Val SED dist: 1.8625266335227273

Epoch 27/100: Training Loss: 0.4950881004333496		 Val Loss: 1.1891775131225586
             	Training MAE: 0.08572907745838165		 Val MAE: 0.061703942716121674
             	Algebraic dist: 0.4764418601989746		 Val Algebraic dist: 0.7630365545099432
             	RE1 dist: 0.2089360627261075		 Val RE1 dist: 0.5207025354558771
             	SED dist: 0.9370278445157137		 Val SED dist: 2.349935705011541

Epoch 28/100: Training Loss: 0.6508523334156383		 Val Loss: 0.8896493044766512
             	Training MAE: 0.059861477464437485		 Val MAE: 0.06881649792194366
             	Algebraic dist: 0.6280542720447887		 Val Algebraic dist: 0.5819259123368696
             	RE1 dist: 0.3239063566381281		 Val RE1 dist: 0.38339515165849164
             	SED dist: 1.2739741585471414		 Val SED dist: 1.745574257590554

Epoch 29/100: Training Loss: 0.35329903255809436		 Val Loss: 0.8310441970825195
             	Training MAE: 0.07390045374631882		 Val MAE: 0.08144977688789368
             	Algebraic dist: 0.3798237713900479		 Val Algebraic dist: 0.5030125271190297
             	RE1 dist: 0.15083925290541214		 Val RE1 dist: 0.32375506921248004
             	SED dist: 0.6678387468511408		 Val SED dist: 1.615064100785689

Epoch 30/100: Training Loss: 0.32647280259565875		 Val Loss: 0.7848087657581676
             	Training MAE: 0.07006998360157013		 Val MAE: 0.06797543913125992
             	Algebraic dist: 0.3812339956110174		 Val Algebraic dist: 0.477255951274525
             	RE1 dist: 0.14009008624336936		 Val RE1 dist: 0.3272208300503818
             	SED dist: 0.6174240979281339		 Val SED dist: 1.5365978587757458

Epoch 31/100: Training Loss: 0.3415952812541615		 Val Loss: 0.717821251262318
             	Training MAE: 0.07651360332965851		 Val MAE: 0.08373165875673294
             	Algebraic dist: 0.38385716351595794		 Val Algebraic dist: 0.4565789049321955
             	RE1 dist: 0.1412745172327215		 Val RE1 dist: 0.27666711807250977
             	SED dist: 0.6414179368452593		 Val SED dist: 1.3857209465720437

Epoch 32/100: Training Loss: 0.4350832158868963		 Val Loss: 1.0555194507945667
             	Training MAE: 0.07181107997894287		 Val MAE: 0.05734555050730705
             	Algebraic dist: 0.4536505178971724		 Val Algebraic dist: 0.7078510631214489
             	RE1 dist: 0.1951238675550981		 Val RE1 dist: 0.4624457359313965
             	SED dist: 0.8329472108320757		 Val SED dist: 2.0850113955411045

Epoch 33/100: Training Loss: 0.5456480112942782		 Val Loss: 1.110350782221014
             	Training MAE: 0.06947460770606995		 Val MAE: 0.07459501177072525
             	Algebraic dist: 0.5458675731312145		 Val Algebraic dist: 0.6459757631475275
             	RE1 dist: 0.25604911284013226		 Val RE1 dist: 0.4592379223216664
             	SED dist: 1.056575515053489		 Val SED dist: 2.1815244501287285

Epoch 34/100: Training Loss: 0.4177595485340465		 Val Loss: 1.3247520273382014
             	Training MAE: 0.06800777465105057		 Val MAE: 0.06900585442781448
             	Algebraic dist: 0.44504222002896393		 Val Algebraic dist: 0.6527318954467773
             	RE1 dist: 0.18939523263411087		 Val RE1 dist: 0.5559510317715731
             	SED dist: 0.8023686842484907		 Val SED dist: 2.6156328374689277

Epoch 35/100: Training Loss: 0.45752369273792615		 Val Loss: 0.7689038189974698
             	Training MAE: 0.07037701457738876		 Val MAE: 0.07844281196594238
             	Algebraic dist: 0.4533975774591619		 Val Algebraic dist: 0.5204263166947798
             	RE1 dist: 0.20228450948541815		 Val RE1 dist: 0.3075741637836803
             	SED dist: 0.8798937364058061		 Val SED dist: 1.4944158033891157

Epoch 36/100: Training Loss: 0.42106251283125445		 Val Loss: 0.8392289768565785
             	Training MAE: 0.07774388790130615		 Val MAE: 0.07512778043746948
             	Algebraic dist: 0.426088809967041		 Val Algebraic dist: 0.5033877979625355
             	RE1 dist: 0.175795316696167		 Val RE1 dist: 0.3389739556746049
             	SED dist: 0.7994282462380149		 Val SED dist: 1.638701005415483

Epoch 37/100: Training Loss: 0.43115073984319513		 Val Loss: 0.9293551011518999
             	Training MAE: 0.07628418505191803		 Val MAE: 0.06802453100681305
             	Algebraic dist: 0.44944407723166724		 Val Algebraic dist: 0.49089995297518646
             	RE1 dist: 0.18880861455743964		 Val RE1 dist: 0.37360334396362305
             	SED dist: 0.8210368589921431		 Val SED dist: 1.8256763111461292

Epoch 38/100: Training Loss: 0.4443690993569114		 Val Loss: 0.7543699091131036
             	Training MAE: 0.06636274605989456		 Val MAE: 0.08030785620212555
             	Algebraic dist: 0.4561369635842063		 Val Algebraic dist: 0.45160865783691406
             	RE1 dist: 0.19770882346413352		 Val RE1 dist: 0.29375490275296295
             	SED dist: 0.8564014434814453		 Val SED dist: 1.4630728634920986

Epoch 39/100: Training Loss: 0.523899728601629		 Val Loss: 1.4605822129683061
             	Training MAE: 0.07906827330589294		 Val MAE: 0.0644507184624672
             	Algebraic dist: 0.5059588172219016		 Val Algebraic dist: 0.7668568871238015
             	RE1 dist: 0.23751826719804245		 Val RE1 dist: 0.6348256197842684
             	SED dist: 1.0032150962136008		 Val SED dist: 2.8908511075106533

Epoch 40/100: Training Loss: 0.8618125048550692		 Val Loss: 1.2946444424715908
             	Training MAE: 0.059703536331653595		 Val MAE: 0.07296046614646912
             	Algebraic dist: 0.7107846953652122		 Val Algebraic dist: 0.6894122470508922
             	RE1 dist: 0.42745195735584607		 Val RE1 dist: 0.5586770664561879
             	SED dist: 1.6961557214910334		 Val SED dist: 2.551735271107067

Epoch 41/100: Training Loss: 0.778526479547674		 Val Loss: 1.2360848513516514
             	Training MAE: 0.07998453825712204		 Val MAE: 0.07123017311096191
             	Algebraic dist: 0.6882221915505149		 Val Algebraic dist: 0.8296653574163263
             	RE1 dist: 0.3761020573702725		 Val RE1 dist: 0.5394494750282981
             	SED dist: 1.5115026994185015		 Val SED dist: 2.4362903941761362

Epoch 42/100: Training Loss: 0.5673333948308771		 Val Loss: 1.3598179383711382
             	Training MAE: 0.07743984460830688		 Val MAE: 0.08508199453353882
             	Algebraic dist: 0.5525149432095614		 Val Algebraic dist: 0.6705692898143422
             	RE1 dist: 0.24970280040394177		 Val RE1 dist: 0.5247076641429554
             	SED dist: 1.0919401862404563		 Val SED dist: 2.667837316339666

Epoch 43/100: Training Loss: 0.4826581261374734		 Val Loss: 0.9753604368730024
             	Training MAE: 0.07531966269016266		 Val MAE: 0.06317457556724548
             	Algebraic dist: 0.4825130809437145		 Val Algebraic dist: 0.6563679521734064
             	RE1 dist: 0.21210080927068536		 Val RE1 dist: 0.42887358231977984
             	SED dist: 0.9242650812322443		 Val SED dist: 1.9212233803488992

Epoch 44/100: Training Loss: 0.6077978394248269		 Val Loss: 0.9018423774025657
             	Training MAE: 0.06713561713695526		 Val MAE: 0.06884951889514923
             	Algebraic dist: 0.5925788445906206		 Val Algebraic dist: 0.5288841074163263
             	RE1 dist: 0.30477946454828436		 Val RE1 dist: 0.3680400848388672
             	SED dist: 1.1830807599154385		 Val SED dist: 1.7699284987016157

Epoch 45/100: Training Loss: 0.403457988392223		 Val Loss: 0.8457841873168945
             	Training MAE: 0.0647355392575264		 Val MAE: 0.0676441490650177
             	Algebraic dist: 0.45488188483498315		 Val Algebraic dist: 0.5044240951538086
             	RE1 dist: 0.18443254991011185		 Val RE1 dist: 0.34647943756797095
             	SED dist: 0.776369181546298		 Val SED dist: 1.658839832652699

Epoch 46/100: Training Loss: 0.38421700217507104		 Val Loss: 0.9814700213345614
             	Training MAE: 0.07230564206838608		 Val MAE: 0.07309755682945251
             	Algebraic dist: 0.41394016959450464		 Val Algebraic dist: 0.5729754187844016
             	RE1 dist: 0.16765196756883102		 Val RE1 dist: 0.39495195042003284
             	SED dist: 0.7312097549438477		 Val SED dist: 1.9252385226162998

Epoch 47/100: Training Loss: 0.5925439487804066		 Val Loss: 0.9142650257457386
             	Training MAE: 0.06934230029582977		 Val MAE: 0.0596943162381649
             	Algebraic dist: 0.5779857635498047		 Val Algebraic dist: 0.6083839156410911
             	RE1 dist: 0.2841739004308527		 Val RE1 dist: 0.38094615936279297
             	SED dist: 1.1493264111605557		 Val SED dist: 1.800921700217507

Epoch 48/100: Training Loss: 0.5695308772000399		 Val Loss: 0.933639873157848
             	Training MAE: 0.06522750109434128		 Val MAE: 0.07480945438146591
             	Algebraic dist: 0.55517747185447		 Val Algebraic dist: 0.5726058266379617
             	RE1 dist: 0.2686790553006259		 Val RE1 dist: 0.3862202384255149
             	SED dist: 1.107578537680886		 Val SED dist: 1.8278888355601917

Epoch 49/100: Training Loss: 0.4271924278952859		 Val Loss: 0.8625089471990411
             	Training MAE: 0.07081308215856552		 Val MAE: 0.07606624811887741
             	Algebraic dist: 0.45221814242276276		 Val Algebraic dist: 0.5726032257080078
             	RE1 dist: 0.19160452756014737		 Val RE1 dist: 0.3540698398243297
             	SED dist: 0.8186853582208807		 Val SED dist: 1.6842406879771838

Epoch 50/100: Training Loss: 0.7302025881680575		 Val Loss: 1.5922626148570667
             	Training MAE: 0.07950068265199661		 Val MAE: 0.07869293540716171
             	Algebraic dist: 0.6192949901927601		 Val Algebraic dist: 0.8327800577337091
             	RE1 dist: 0.3353637565266002		 Val RE1 dist: 0.6791135181080211
             	SED dist: 1.4153491800481623		 Val SED dist: 3.14078070900657

Epoch 51/100: Training Loss: 0.5318776910955255		 Val Loss: 0.8563468239524148
             	Training MAE: 0.07266160845756531		 Val MAE: 0.06802961975336075
             	Algebraic dist: 0.5471169731833718		 Val Algebraic dist: 0.5382820042696866
             	RE1 dist: 0.25101653012362396		 Val RE1 dist: 0.3549172661521218
             	SED dist: 1.0261743718927556		 Val SED dist: 1.6796030564741655

Epoch 52/100: Training Loss: 0.3855561776594682		 Val Loss: 0.9282019355080344
             	Training MAE: 0.06385423988103867		 Val MAE: 0.06497765332460403
             	Algebraic dist: 0.43908808448097925		 Val Algebraic dist: 0.6370368870821866
             	RE1 dist: 0.17755778269334274		 Val RE1 dist: 0.39880938963456586
             	SED dist: 0.7409370595758612		 Val SED dist: 1.825781908902255

Epoch 53/100: Training Loss: 0.7218155427412554		 Val Loss: 0.8656852028586648
             	Training MAE: 0.07500122487545013		 Val MAE: 0.07065750658512115
             	Algebraic dist: 0.6107385375282981		 Val Algebraic dist: 0.6058322299610485
             	RE1 dist: 0.3484281193126332		 Val RE1 dist: 0.3710898486050693
             	SED dist: 1.4035737297751687		 Val SED dist: 1.6960248080166904

Epoch 54/100: Training Loss: 0.9124116897583008		 Val Loss: 1.3745893131602893
             	Training MAE: 0.06447615474462509		 Val MAE: 0.06235085800290108
             	Algebraic dist: 0.7437952215021307		 Val Algebraic dist: 0.7799950512972745
             	RE1 dist: 0.4595711014487527		 Val RE1 dist: 0.618981274691495
             	SED dist: 1.7935664437033914		 Val SED dist: 2.720183632590554

Epoch 55/100: Training Loss: 0.4593333764509721		 Val Loss: 0.7874737652865323
             	Training MAE: 0.06811504811048508		 Val MAE: 0.07705851644277573
             	Algebraic dist: 0.47674898667769		 Val Algebraic dist: 0.4899783134460449
             	RE1 dist: 0.2118008786981756		 Val RE1 dist: 0.3204962123524059
             	SED dist: 0.8849652897227894		 Val SED dist: 1.5330992611971768

Epoch 56/100: Training Loss: 0.3570596521550959		 Val Loss: 0.8101675727150657
             	Training MAE: 0.07141801714897156		 Val MAE: 0.07139278203248978
             	Algebraic dist: 0.38924958489157935		 Val Algebraic dist: 0.4992690086364746
             	RE1 dist: 0.15624947981400925		 Val RE1 dist: 0.3275306224822998
             	SED dist: 0.6779357736760919		 Val SED dist: 1.5843086242675781

Epoch 57/100: Training Loss: 0.40809605338356714		 Val Loss: 0.8013058575716886
             	Training MAE: 0.07152808457612991		 Val MAE: 0.07372906804084778
             	Algebraic dist: 0.46055923808704724		 Val Algebraic dist: 0.5083215453407981
             	RE1 dist: 0.1852843544699929		 Val RE1 dist: 0.33200708302584564
             	SED dist: 0.779960112138228		 Val SED dist: 1.5643092068758877

Epoch 58/100: Training Loss: 0.38643104379827325		 Val Loss: 1.1008760278875178
             	Training MAE: 0.06640040129423141		 Val MAE: 0.07008349150419235
             	Algebraic dist: 0.41460756822065875		 Val Algebraic dist: 0.6331823088906028
             	RE1 dist: 0.1719282323663885		 Val RE1 dist: 0.4719503576105291
             	SED dist: 0.7409945401278409		 Val SED dist: 2.166921442205256

Epoch 59/100: Training Loss: 0.506074992093173		 Val Loss: 0.8811718333851207
             	Training MAE: 0.07290224730968475		 Val MAE: 0.07205382734537125
             	Algebraic dist: 0.5355148748918013		 Val Algebraic dist: 0.4955512827092951
             	RE1 dist: 0.23771188475868918		 Val RE1 dist: 0.35278651931069116
             	SED dist: 0.9742651852694425		 Val SED dist: 1.7256663929332385

Epoch 60/100: Training Loss: 0.3626671487634832		 Val Loss: 1.0560333945534446
             	Training MAE: 0.0673510879278183		 Val MAE: 0.0663900375366211
             	Algebraic dist: 0.4062746654857289		 Val Algebraic dist: 0.542400143363259
             	RE1 dist: 0.1603189381686124		 Val RE1 dist: 0.42719953710382635
             	SED dist: 0.6927138241854581		 Val SED dist: 2.0803815668279473

Epoch 61/100: Training Loss: 0.46041505986993964		 Val Loss: 0.926814079284668
             	Training MAE: 0.07781916856765747		 Val MAE: 0.07390868663787842
             	Algebraic dist: 0.4537115530534224		 Val Algebraic dist: 0.5216150283813477
             	RE1 dist: 0.20423355969515714		 Val RE1 dist: 0.37847124446522107
             	SED dist: 0.8775426691228693		 Val SED dist: 1.8151167089288884

Epoch 62/100: Training Loss: 0.34319058331576263		 Val Loss: 0.9342529123479669
             	Training MAE: 0.066304512321949		 Val MAE: 0.061856504529714584
             	Algebraic dist: 0.40653124722567474		 Val Algebraic dist: 0.6345598480918191
             	RE1 dist: 0.1514212651686235		 Val RE1 dist: 0.4002538160844283
             	SED dist: 0.6544111425226385		 Val SED dist: 1.8399512551047585

Epoch 63/100: Training Loss: 0.3981741991910068		 Val Loss: 0.7756235816261985
             	Training MAE: 0.07066362351179123		 Val MAE: 0.07306627929210663
             	Algebraic dist: 0.42434974150224164		 Val Algebraic dist: 0.5090911171653054
             	RE1 dist: 0.17615463516928934		 Val RE1 dist: 0.318948203867132
             	SED dist: 0.7607970671220259		 Val SED dist: 1.5136169086803088

Epoch 64/100: Training Loss: 0.5262919339266691		 Val Loss: 1.596649863503196
             	Training MAE: 0.07331532984972		 Val MAE: 0.07865604758262634
             	Algebraic dist: 0.5030173388394442		 Val Algebraic dist: 0.7533310976895419
             	RE1 dist: 0.2324641617861661		 Val RE1 dist: 0.6587099162015048
             	SED dist: 1.0144989707253196		 Val SED dist: 3.1495285034179688

Epoch 65/100: Training Loss: 0.557214390147816		 Val Loss: 0.860329194502397
             	Training MAE: 0.07861657440662384		 Val MAE: 0.07449303567409515
             	Algebraic dist: 0.5356446179476652		 Val Algebraic dist: 0.47667655077847565
             	RE1 dist: 0.24661753394386984		 Val RE1 dist: 0.3347907066345215
             	SED dist: 1.070490230213512		 Val SED dist: 1.6815631172873757

Epoch 66/100: Training Loss: 0.3759732246398926		 Val Loss: 0.7384675632823597
             	Training MAE: 0.0742419883608818		 Val MAE: 0.07430873811244965
             	Algebraic dist: 0.40514976328069513		 Val Algebraic dist: 0.472136454148726
             	RE1 dist: 0.16626728664744983		 Val RE1 dist: 0.3013498132879084
             	SED dist: 0.7129939686168324		 Val SED dist: 1.43803241036155

Epoch 67/100: Training Loss: 0.47097158432006836		 Val Loss: 0.8853161551735618
             	Training MAE: 0.06733180582523346		 Val MAE: 0.0703129917383194
             	Algebraic dist: 0.4804979671131481		 Val Algebraic dist: 0.5998957373879172
             	RE1 dist: 0.22108333761041815		 Val RE1 dist: 0.3789851882240989
             	SED dist: 0.9088674892078746		 Val SED dist: 1.7355879003351384

Epoch 68/100: Training Loss: 0.38016314940019086		 Val Loss: 0.8890630548650568
             	Training MAE: 0.06963566690683365		 Val MAE: 0.06509436666965485
             	Algebraic dist: 0.42668459632179956		 Val Algebraic dist: 0.5341895276849921
             	RE1 dist: 0.17034843834963712		 Val RE1 dist: 0.36990724910389294
             	SED dist: 0.7257585525512695		 Val SED dist: 1.7474366968328303

Epoch 69/100: Training Loss: 0.3493040908466686		 Val Loss: 0.8549551530317827
             	Training MAE: 0.0714077353477478		 Val MAE: 0.07829160243272781
             	Algebraic dist: 0.381538217717951		 Val Algebraic dist: 0.49046932567249646
             	RE1 dist: 0.15213567560369318		 Val RE1 dist: 0.33850095488808374
             	SED dist: 0.6623150218616832		 Val SED dist: 1.6666393280029297

Epoch 70/100: Training Loss: 0.33368769558993255		 Val Loss: 0.7215021306818182
             	Training MAE: 0.07352710515260696		 Val MAE: 0.07244013249874115
             	Algebraic dist: 0.37299589677290484		 Val Algebraic dist: 0.4991509264165705
             	RE1 dist: 0.13977723771875555		 Val RE1 dist: 0.2979015653783625
             	SED dist: 0.6291688138788397		 Val SED dist: 1.405983404679732

Epoch 71/100: Training Loss: 0.32903257283297455		 Val Loss: 0.8454964377663352
             	Training MAE: 0.07254952937364578		 Val MAE: 0.06946028023958206
             	Algebraic dist: 0.37897777557373047		 Val Algebraic dist: 0.500932823527943
             	RE1 dist: 0.13993333686481824		 Val RE1 dist: 0.35061595656655054
             	SED dist: 0.6209141557866876		 Val SED dist: 1.6567129655317827

Epoch 72/100: Training Loss: 0.2982322736219926		 Val Loss: 0.7979506579312411
             	Training MAE: 0.06544933468103409		 Val MAE: 0.06895018368959427
             	Algebraic dist: 0.3545674193989147		 Val Algebraic dist: 0.4934086366133256
             	RE1 dist: 0.1281898238442161		 Val RE1 dist: 0.3292839527130127
             	SED dist: 0.5653892863880504		 Val SED dist: 1.562067378651012

Epoch 73/100: Training Loss: 0.33072614669799805		 Val Loss: 0.7933457114479758
             	Training MAE: 0.07297458499670029		 Val MAE: 0.07380929589271545
             	Algebraic dist: 0.3731304948980158		 Val Algebraic dist: 0.5232366648587313
             	RE1 dist: 0.14299695058302445		 Val RE1 dist: 0.3283200047232888
             	SED dist: 0.6237933852455833		 Val SED dist: 1.548316782171076

Epoch 74/100: Training Loss: 0.3152168664065274		 Val Loss: 0.834653767672452
             	Training MAE: 0.07081720978021622		 Val MAE: 0.06894292682409286
             	Algebraic dist: 0.3655331785028631		 Val Algebraic dist: 0.5240136059847745
             	RE1 dist: 0.13785127076235684		 Val RE1 dist: 0.3421025276184082
             	SED dist: 0.5949091911315918		 Val SED dist: 1.6354768926447087

Epoch 75/100: Training Loss: 0.39452362060546875		 Val Loss: 1.1100181232799182
             	Training MAE: 0.06880681961774826		 Val MAE: 0.06725601106882095
             	Algebraic dist: 0.4158487319946289		 Val Algebraic dist: 0.5774491917003285
             	RE1 dist: 0.17455950650301846		 Val RE1 dist: 0.47040705247358844
             	SED dist: 0.7552241412076083		 Val SED dist: 2.1876194693825464

Epoch 76/100: Training Loss: 0.42546944184736774		 Val Loss: 1.0060480291193181
             	Training MAE: 0.07305049896240234		 Val MAE: 0.07603800296783447
             	Algebraic dist: 0.45843284780328925		 Val Algebraic dist: 0.51294452493841
             	RE1 dist: 0.1884077245538885		 Val RE1 dist: 0.3984671939503063
             	SED dist: 0.8127002716064453		 Val SED dist: 1.9713171178644353

Epoch 77/100: Training Loss: 0.4718164964155717		 Val Loss: 0.80840388211337
             	Training MAE: 0.07079732418060303		 Val MAE: 0.06413402408361435
             	Algebraic dist: 0.4867597926746715		 Val Algebraic dist: 0.4746187816966664
             	RE1 dist: 0.2082777890292081		 Val RE1 dist: 0.336263353174383
             	SED dist: 0.9078013680197976		 Val SED dist: 1.5867651159113103

Epoch 78/100: Training Loss: 0.36590896953235974		 Val Loss: 0.8563785552978516
             	Training MAE: 0.07094211131334305		 Val MAE: 0.08029600977897644
             	Algebraic dist: 0.41480003703724255		 Val Algebraic dist: 0.556916973807595
             	RE1 dist: 0.16226254809986462		 Val RE1 dist: 0.34643030166625977
             	SED dist: 0.6958241896195845		 Val SED dist: 1.6671430414373225

Epoch 79/100: Training Loss: 0.41274261474609375		 Val Loss: 1.0670626380226829
             	Training MAE: 0.07725308835506439		 Val MAE: 0.06749268621206284
             	Algebraic dist: 0.4383702278137207		 Val Algebraic dist: 0.6736385172063654
             	RE1 dist: 0.17676449905742297		 Val RE1 dist: 0.4830946922302246
             	SED dist: 0.7831911607222124		 Val SED dist: 2.10147406838157

Epoch 80/100: Training Loss: 0.4644258672540838		 Val Loss: 0.9954818378795277
             	Training MAE: 0.06631433963775635		 Val MAE: 0.0762757882475853
             	Algebraic dist: 0.4972765662453391		 Val Algebraic dist: 0.5697979493574663
             	RE1 dist: 0.21369054100730203		 Val RE1 dist: 0.40223858573219995
             	SED dist: 0.8968674919822		 Val SED dist: 1.949977007779208

Epoch 81/100: Training Loss: 0.3887664621526545		 Val Loss: 0.807019753889604
             	Training MAE: 0.07695566117763519		 Val MAE: 0.08312717825174332
             	Algebraic dist: 0.4319069168784402		 Val Algebraic dist: 0.5066991285844282
             	RE1 dist: 0.1655003157528964		 Val RE1 dist: 0.31558281725103204
             	SED dist: 0.7355615442449396		 Val SED dist: 1.5648047707297585

Epoch 82/100: Training Loss: 0.38310510461980646		 Val Loss: 0.8173694610595703
             	Training MAE: 0.08056691288948059		 Val MAE: 0.0647200420498848
             	Algebraic dist: 0.4056494019248269		 Val Algebraic dist: 0.4751273502003063
             	RE1 dist: 0.1581753600727428		 Val RE1 dist: 0.3376611796292392
             	SED dist: 0.7198397029529918		 Val SED dist: 1.6042149283669211

Epoch 83/100: Training Loss: 0.35998769239945844		 Val Loss: 0.9101975180886008
             	Training MAE: 0.06248485669493675		 Val MAE: 0.07251276820898056
             	Algebraic dist: 0.40412404320456763		 Val Algebraic dist: 0.57843524759466
             	RE1 dist: 0.16154897212982178		 Val RE1 dist: 0.3880019621415572
             	SED dist: 0.6906427470120516		 Val SED dist: 1.7832931171764026

Epoch 84/100: Training Loss: 0.37316768819635565		 Val Loss: 0.9445896148681641
             	Training MAE: 0.07468544691801071		 Val MAE: 0.07007363438606262
             	Algebraic dist: 0.40547696026888763		 Val Algebraic dist: 0.5149585983969949
             	RE1 dist: 0.1590524370020086		 Val RE1 dist: 0.3848459070379084
             	SED dist: 0.7068657875061035		 Val SED dist: 1.8543637015602805

Epoch 85/100: Training Loss: 0.39976041967218573		 Val Loss: 1.4055634411898525
             	Training MAE: 0.07200205326080322		 Val MAE: 0.07115818560123444
             	Algebraic dist: 0.426384145563299		 Val Algebraic dist: 0.758888071233576
             	RE1 dist: 0.1782564575021917		 Val RE1 dist: 0.5989981564608488
             	SED dist: 0.7627540068192915		 Val SED dist: 2.775311730124734

Epoch 86/100: Training Loss: 0.5865531401200728		 Val Loss: 1.062758445739746
             	Training MAE: 0.067902110517025		 Val MAE: 0.06316555291414261
             	Algebraic dist: 0.5724461295387961		 Val Algebraic dist: 0.7421855926513672
             	RE1 dist: 0.27734205939553		 Val RE1 dist: 0.478654991496693
             	SED dist: 1.1400042447176846		 Val SED dist: 2.0961373069069604

Epoch 87/100: Training Loss: 0.5675995566628196		 Val Loss: 0.8420476913452148
             	Training MAE: 0.06896065175533295		 Val MAE: 0.07100211828947067
             	Algebraic dist: 0.5397762385281649		 Val Algebraic dist: 0.5721232240850275
             	RE1 dist: 0.26403695886785333		 Val RE1 dist: 0.35167817635969684
             	SED dist: 1.1010867032137783		 Val SED dist: 1.6484284834428267

Epoch 88/100: Training Loss: 0.3831657496365634		 Val Loss: 0.7786925055763938
             	Training MAE: 0.06574533134698868		 Val MAE: 0.07316774129867554
             	Algebraic dist: 0.4182900948957963		 Val Algebraic dist: 0.45946801792491565
             	RE1 dist: 0.17333390495993875		 Val RE1 dist: 0.3158194585279985
             	SED dist: 0.7347570766102184		 Val SED dist: 1.5196182944557883

Epoch 89/100: Training Loss: 0.3100239797071977		 Val Loss: 0.7735775167291815
             	Training MAE: 0.0762818232178688		 Val MAE: 0.07316973060369492
             	Algebraic dist: 0.3517213517969305		 Val Algebraic dist: 0.5013109987432306
             	RE1 dist: 0.12942292473532938		 Val RE1 dist: 0.31633108312433417
             	SED dist: 0.578954740004106		 Val SED dist: 1.5094056562943892

Epoch 90/100: Training Loss: 0.4382471171292392		 Val Loss: 1.5488631508567117
             	Training MAE: 0.0698472112417221		 Val MAE: 0.06792812049388885
             	Algebraic dist: 0.46979279951615766		 Val Algebraic dist: 0.832877592606978
             	RE1 dist: 0.20448407259854404		 Val RE1 dist: 0.691873160275546
             	SED dist: 0.8417158126831055		 Val SED dist: 3.064745469526811

Epoch 91/100: Training Loss: 1.5772075653076172		 Val Loss: 1.5053901672363281
             	Training MAE: 0.05897559970617294		 Val MAE: 0.05053640902042389
             	Algebraic dist: 1.054952621459961		 Val Algebraic dist: 0.9731721011075106
             	RE1 dist: 0.8280295458706942		 Val RE1 dist: 0.7229487245733087
             	SED dist: 3.12663442438299		 Val SED dist: 2.9870567321777344

Epoch 92/100: Training Loss: 0.9701760898936879		 Val Loss: 1.9564600857821377
             	Training MAE: 0.06538776308298111		 Val MAE: 0.07251077145338058
             	Algebraic dist: 0.7908366810191761		 Val Algebraic dist: 1.0232404362071643
             	RE1 dist: 0.48228376561945135		 Val RE1 dist: 0.8758771202780984
             	SED dist: 1.9086414683948865		 Val SED dist: 3.8758107965642754

Epoch 93/100: Training Loss: 0.6411939100785689		 Val Loss: 0.8452575856989081
             	Training MAE: 0.07103735208511353		 Val MAE: 0.07159095257520676
             	Algebraic dist: 0.6119877208362926		 Val Algebraic dist: 0.5386963757601652
             	RE1 dist: 0.3047465844587846		 Val RE1 dist: 0.342353799126365
             	SED dist: 1.246512066234242		 Val SED dist: 1.6542932336980647

Epoch 94/100: Training Loss: 0.488257191397927		 Val Loss: 0.9525346755981445
             	Training MAE: 0.07363264262676239		 Val MAE: 0.0668545588850975
             	Algebraic dist: 0.49779103019020776		 Val Algebraic dist: 0.651279015974565
             	RE1 dist: 0.21412519975142044		 Val RE1 dist: 0.402817812832919
             	SED dist: 0.9381888129494407		 Val SED dist: 1.8729948564009233

Epoch 95/100: Training Loss: 0.8102085807106711		 Val Loss: 1.305085008794611
             	Training MAE: 0.06691715121269226		 Val MAE: 0.08056885749101639
             	Algebraic dist: 0.6672813242132013		 Val Algebraic dist: 0.8126910816539418
             	RE1 dist: 0.3961881290782582		 Val RE1 dist: 0.5773434638977051
             	SED dist: 1.5881073691628196		 Val SED dist: 2.5643346959894355

Epoch 96/100: Training Loss: 0.5255067131736062		 Val Loss: 0.9527952887795188
             	Training MAE: 0.07451878488063812		 Val MAE: 0.07844630628824234
             	Algebraic dist: 0.512840747833252		 Val Algebraic dist: 0.6393809752030806
             	RE1 dist: 0.24361701445146042		 Val RE1 dist: 0.40417714552445844
             	SED dist: 1.0115263678810813		 Val SED dist: 1.8622545762495561

Epoch 97/100: Training Loss: 0.4523585492914373		 Val Loss: 1.1937699751420454
             	Training MAE: 0.0755915716290474		 Val MAE: 0.0660632848739624
             	Algebraic dist: 0.47765506397594104		 Val Algebraic dist: 0.6486979397860441
             	RE1 dist: 0.20619349046186966		 Val RE1 dist: 0.5203490690751509
             	SED dist: 0.8642491427334872		 Val SED dist: 2.3560570803555576

Epoch 98/100: Training Loss: 0.4802335392345082		 Val Loss: 0.9602364626797762
             	Training MAE: 0.062508724629879		 Val MAE: 0.06522148102521896
             	Algebraic dist: 0.47865663875233044		 Val Algebraic dist: 0.6444907621903853
             	RE1 dist: 0.2194752259687944		 Val RE1 dist: 0.4149800213900479
             	SED dist: 0.9312282042069868		 Val SED dist: 1.8897301067005505

Epoch 99/100: Training Loss: 0.5267177061601118		 Val Loss: 1.0201059688221326
             	Training MAE: 0.07440012693405151		 Val MAE: 0.07639841735363007
             	Algebraic dist: 0.5216116038235751		 Val Algebraic dist: 0.6793227195739746
             	RE1 dist: 0.23923613808371805		 Val RE1 dist: 0.43922012502496893
             	SED dist: 1.0140145908702503		 Val SED dist: 1.999155044555664

Epoch 100/100: Training Loss: 0.5048517747358843		 Val Loss: 0.8321491588245739
             	Training MAE: 0.06554481387138367		 Val MAE: 0.06661710143089294
             	Algebraic dist: 0.5348348184065386		 Val Algebraic dist: 0.5686742609197443
             	RE1 dist: 0.24321842193603516		 Val RE1 dist: 0.3467832695354115
             	SED dist: 0.9780728600241921		 Val SED dist: 1.6323580308394

Epoch 101/100: Training Loss: 0.5946685617620294		 Val Loss: 1.8697475086558948
             	Training MAE: 0.07354295998811722		 Val MAE: 0.08131825923919678
             	Algebraic dist: 0.5891029184514825		 Val Algebraic dist: 0.9829520312222567
             	RE1 dist: 0.2811732725663619		 Val RE1 dist: 0.80535888671875
             	SED dist: 1.1508720571344548		 Val SED dist: 3.692666834050959

Epoch 102/100: Training Loss: 1.141812497919256		 Val Loss: 2.2219309373335405
             	Training MAE: 0.0706019476056099		 Val MAE: 0.06591381132602692
             	Algebraic dist: 0.8521907979791815		 Val Algebraic dist: 1.1894446286288174
             	RE1 dist: 0.5692099224437367		 Val RE1 dist: 1.0760682712901721
             	SED dist: 2.2477630268443716		 Val SED dist: 4.4125376614657315

Epoch 103/100: Training Loss: 0.9107099012895064		 Val Loss: 1.3352219841697
             	Training MAE: 0.07294121384620667		 Val MAE: 0.07152047753334045
             	Algebraic dist: 0.7189834334633567		 Val Algebraic dist: 0.7456153522838246
             	RE1 dist: 0.44536915692416107		 Val RE1 dist: 0.5762942054054954
             	SED dist: 1.7835868488658557		 Val SED dist: 2.6342825456099077

Epoch 104/100: Training Loss: 0.4255820621143688		 Val Loss: 0.926799167286266
             	Training MAE: 0.06806480884552002		 Val MAE: 0.06971431523561478
             	Algebraic dist: 0.4467010064558549		 Val Algebraic dist: 0.6218299432234331
             	RE1 dist: 0.19206419858065518		 Val RE1 dist: 0.39651311527598987
             	SED dist: 0.8180360794067383		 Val SED dist: 1.8190914500843396

Epoch 105/100: Training Loss: 0.46523436633023346		 Val Loss: 0.9424374320290305
             	Training MAE: 0.06912019848823547		 Val MAE: 0.07520400732755661
             	Algebraic dist: 0.4791933406483043		 Val Algebraic dist: 0.5205072056163441
             	RE1 dist: 0.211392034183849		 Val RE1 dist: 0.37236543135209516
             	SED dist: 0.8961891694502397		 Val SED dist: 1.845035899769176

Epoch 106/100: Training Loss: 0.3903219049627131		 Val Loss: 1.2291146191683682
             	Training MAE: 0.07831186056137085		 Val MAE: 0.06999368965625763
             	Algebraic dist: 0.4258339621803977		 Val Algebraic dist: 0.808662241155451
             	RE1 dist: 0.16934103315526788		 Val RE1 dist: 0.546897367997603
             	SED dist: 0.7371246164495294		 Val SED dist: 2.4234929518266157

Epoch 107/100: Training Loss: 0.490575140172785		 Val Loss: 1.2479432712901721
             	Training MAE: 0.06752652674913406		 Val MAE: 0.05484835058450699
             	Algebraic dist: 0.5167241529984907		 Val Algebraic dist: 0.6232241717251864
             	RE1 dist: 0.2297626408663663		 Val RE1 dist: 0.5402770475907759
             	SED dist: 0.9480083638971503		 Val SED dist: 2.4707903428511186

Epoch 108/100: Training Loss: 0.49816122922030365		 Val Loss: 1.0307781046087092
             	Training MAE: 0.061096690595149994		 Val MAE: 0.06700488179922104
             	Algebraic dist: 0.49723300066861237		 Val Algebraic dist: 0.5375934947620739
             	RE1 dist: 0.24020513621243564		 Val RE1 dist: 0.4262926361777566
             	SED dist: 0.9673002416437323		 Val SED dist: 2.0293712615966797

Epoch 109/100: Training Loss: 0.4245763691988858		 Val Loss: 0.8531502810391512
             	Training MAE: 0.06752731651067734		 Val MAE: 0.06568235903978348
             	Algebraic dist: 0.46412199193781073		 Val Algebraic dist: 0.4696158062327992
             	RE1 dist: 0.1916954517364502		 Val RE1 dist: 0.3496270179748535
             	SED dist: 0.8163550983775746		 Val SED dist: 1.6751022338867188

Epoch 110/100: Training Loss: 0.3096151351928711		 Val Loss: 0.8500851717862216
             	Training MAE: 0.0683906227350235		 Val MAE: 0.07629349827766418
             	Algebraic dist: 0.35600844296542083		 Val Algebraic dist: 0.4827275709672408
             	RE1 dist: 0.12952352653850208		 Val RE1 dist: 0.3376941897652366
             	SED dist: 0.5857533541592684		 Val SED dist: 1.6591325239701704

Epoch 111/100: Training Loss: 0.29642304507168854		 Val Loss: 0.7757701006802645
             	Training MAE: 0.07731150835752487		 Val MAE: 0.07338274270296097
             	Algebraic dist: 0.3346727761355313		 Val Algebraic dist: 0.505322889848189
             	RE1 dist: 0.12128589370033958		 Val RE1 dist: 0.3173811002211137
             	SED dist: 0.5506295290860262		 Val SED dist: 1.5135657570578835

Epoch 112/100: Training Loss: 0.38519027016379614		 Val Loss: 0.9229359193281694
             	Training MAE: 0.06933451443910599		 Val MAE: 0.06564700603485107
             	Algebraic dist: 0.4347690668973056		 Val Algebraic dist: 0.5166814110495828
             	RE1 dist: 0.16990763490850275		 Val RE1 dist: 0.38588224757801404
             	SED dist: 0.7359880967573686		 Val SED dist: 1.8147184198552913

Epoch 113/100: Training Loss: 0.37338933077725495		 Val Loss: 0.7824111418290571
             	Training MAE: 0.07275371253490448		 Val MAE: 0.0796714648604393
             	Algebraic dist: 0.40315068851817737		 Val Algebraic dist: 0.46311929009177466
             	RE1 dist: 0.16094183921813965		 Val RE1 dist: 0.30561208724975586
             	SED dist: 0.7090234756469727		 Val SED dist: 1.5199278051202947

Epoch 114/100: Training Loss: 0.34751257029446686		 Val Loss: 0.9160695509477095
             	Training MAE: 0.07356090098619461		 Val MAE: 0.06837980449199677
             	Algebraic dist: 0.3978837620128285		 Val Algebraic dist: 0.5309514132412997
             	RE1 dist: 0.14833422140641647		 Val RE1 dist: 0.3836970762772994
             	SED dist: 0.6564599817449396		 Val SED dist: 1.7987950064919211

Epoch 115/100: Training Loss: 0.3033531362360174		 Val Loss: 0.7848565361716531
             	Training MAE: 0.07166284322738647		 Val MAE: 0.07751575112342834
             	Algebraic dist: 0.35410982912236993		 Val Algebraic dist: 0.45971540971235797
             	RE1 dist: 0.12538480758666992		 Val RE1 dist: 0.31795178760181775
             	SED dist: 0.5702640793540261		 Val SED dist: 1.5273153131658381

Epoch 116/100: Training Loss: 0.3173077539964156		 Val Loss: 0.9189557162198153
             	Training MAE: 0.07621675729751587		 Val MAE: 0.06666205078363419
             	Algebraic dist: 0.36116491664539685		 Val Algebraic dist: 0.565560904416171
             	RE1 dist: 0.13200406594709915		 Val RE1 dist: 0.38137149810791016
             	SED dist: 0.5936165722933683		 Val SED dist: 1.8060091192072087

Epoch 117/100: Training Loss: 0.3780511509288441		 Val Loss: 0.9843567934903231
             	Training MAE: 0.06816485524177551		 Val MAE: 0.07052436470985413
             	Algebraic dist: 0.4113888740539551		 Val Algebraic dist: 0.5525264306501909
             	RE1 dist: 0.16511386091058905		 Val RE1 dist: 0.4112352891401811
             	SED dist: 0.7229236255992543		 Val SED dist: 1.9334857247092507

Epoch 118/100: Training Loss: 0.40071556784889917		 Val Loss: 0.7741841402920809
             	Training MAE: 0.07091253250837326		 Val MAE: 0.0695185586810112
             	Algebraic dist: 0.4428135265003551		 Val Algebraic dist: 0.4762037017128684
             	RE1 dist: 0.17753399502147327		 Val RE1 dist: 0.3108647519891912
             	SED dist: 0.7657893787730824		 Val SED dist: 1.5140497034246272

Epoch 119/100: Training Loss: 0.3766872232610529		 Val Loss: 1.1117142764004795
             	Training MAE: 0.07368995994329453		 Val MAE: 0.0781548023223877
             	Algebraic dist: 0.42280838706276636		 Val Algebraic dist: 0.5715889063748446
             	RE1 dist: 0.1599273681640625		 Val RE1 dist: 0.4536660367792303
             	SED dist: 0.714900016784668		 Val SED dist: 2.1802609183571557

Epoch 120/100: Training Loss: 0.42054215344515716		 Val Loss: 0.834900595925071
             	Training MAE: 0.07768213748931885		 Val MAE: 0.06952323019504547
             	Algebraic dist: 0.43306779861450195		 Val Algebraic dist: 0.5437355041503906
             	RE1 dist: 0.18456847017461603		 Val RE1 dist: 0.34435129165649414
             	SED dist: 0.7981105284257368		 Val SED dist: 1.6354800137606533

Epoch 121/100: Training Loss: 0.517253268848766		 Val Loss: 0.8500697396018289
             	Training MAE: 0.07252814620733261		 Val MAE: 0.07603847980499268
             	Algebraic dist: 0.5199183550747958		 Val Algebraic dist: 0.5828645446083762
             	RE1 dist: 0.2399134635925293		 Val RE1 dist: 0.3525354428724809
             	SED dist: 0.9972377256913618		 Val SED dist: 1.659429203380238

Epoch 122/100: Training Loss: 0.47594707662409		 Val Loss: 0.7846350236372515
             	Training MAE: 0.0723239853978157		 Val MAE: 0.06893305480480194
             	Algebraic dist: 0.48743525418368255		 Val Algebraic dist: 0.49935041774402966
             	RE1 dist: 0.21563562479886142		 Val RE1 dist: 0.32716053182428534
             	SED dist: 0.9148429523814808		 Val SED dist: 1.5354534495960583

Epoch 123/100: Training Loss: 0.44095312465320935		 Val Loss: 0.8923697905106978
             	Training MAE: 0.06809965521097183		 Val MAE: 0.06787915527820587
             	Algebraic dist: 0.47726795890114526		 Val Algebraic dist: 0.47622654654762964
             	RE1 dist: 0.2049476450139826		 Val RE1 dist: 0.35840836438265716
             	SED dist: 0.848694541237571		 Val SED dist: 1.7518223849209873

Epoch 124/100: Training Loss: 0.38021026958118787		 Val Loss: 0.7172411571849476
             	Training MAE: 0.06756033003330231		 Val MAE: 0.07026395201683044
             	Algebraic dist: 0.4154928380792791		 Val Algebraic dist: 0.4540279128334739
             	RE1 dist: 0.16409390622919257		 Val RE1 dist: 0.294065150347623
             	SED dist: 0.7277135848999023		 Val SED dist: 1.3994931307705967



## TEST RESULTS: ##
Test Loss: 0.4945894761518998		 Test MAE: 0.07026269137859345
Test Algebraic dist: 0.410255513872419
Test SED dist: 0.9541911732066761
Test RE1 dist: 0.20141247588318661

Trimmed algs: 0.3882121413946152
Trimmed seds: 0.8539416313171386
Trimmed re1s: 0.17819733917713165

Test Algebraic dist truth: 0.004636087587901524
Test SED dist truth: 0.00017066510370025386
Test RE1 dist truth: 2.1335643159781958e-05

plots/Kitti2Flying/SED_0.5__L2_1__huber_1__lr_0.0001__conv__DINO__use_reconstruction_True/BS_8__ratio_9__frozen_0__seed_300


plots/Kitti2Flying/SED_0.5__L2_1__huber_1__lr_0.0001__conv__DINO__use_reconstruction_True/BS_8__ratio_9__frozen_0__seed_300 no backup to delete after job done

