Epoch 34/100:  Training Loss: 0.2098823412924611 Val Loss: 0.23476673862390351 last sv: 0.0
            Training MAE: 0.2407357394695282 Val MAE: 0.26521462202072144
            algebraic dist: 0.12555197156998554 val algebraic dist: 0.13931503563596492
            RE1 dist: 23.62777266313326 val RE1 dist: 19.788784265350877
            SED dist: 99.96952436674009 val SED dist: 82.21320723684211

Epoch 35/100:  Training Loss: 0.2221729429807957 Val Loss: 0.24389348615679823 last sv: 0.0
            Training MAE: 0.24064455926418304 Val MAE: 0.25891202688217163
            algebraic dist: 0.1766370025500327 val algebraic dist: 0.2639199775561952
            RE1 dist: 25.62656163959251 val RE1 dist: 22.255681195175438
            SED dist: 108.28763422356828 val SED dist: 91.28478070175439

Epoch 36/100:  Training Loss: 0.22200355025640142 Val Loss: 0.23444226716694078 last sv: 0.0
            Training MAE: 0.24247585237026215 Val MAE: 0.2519882023334503
            algebraic dist: 0.15885926973452127 val algebraic dist: 0.2123779939350329
            RE1 dist: 27.021209044603523 val RE1 dist: 9.480759320175439
            SED dist: 116.27162204019824 val SED dist: 38.90429824561404

Epoch 37/100:  Training Loss: 0.214265882181176 Val Loss: 0.23816575435169957 last sv: 0.0
            Training MAE: 0.23423269391059875 Val MAE: 0.2618160843849182
            algebraic dist: 0.19944583371872418 val algebraic dist: 0.188338623046875
            RE1 dist: 22.514237592924008 val RE1 dist: 16.331219846491226
            SED dist: 96.41919052863436 val SED dist: 67.34266447368421

Epoch 38/100:  Training Loss: 0.2117505346625912 Val Loss: 0.23713179738898027 last sv: 0.0
            Training MAE: 0.2285497635602951 Val MAE: 0.2582840621471405
            algebraic dist: 0.24254650166381297 val algebraic dist: 0.2305112818667763
            RE1 dist: 29.627671565253305 val RE1 dist: 37.13369791666667
            SED dist: 124.51942800110132 val SED dist: 154.68438596491228

Epoch 39/100:  Training Loss: 0.21236169285711212 Val Loss: 0.23364426997669957 last sv: 0.0
            Training MAE: 0.24214641749858856 Val MAE: 0.2696099579334259
            algebraic dist: 0.14799845691294397 val algebraic dist: 0.10111367744311951
            RE1 dist: 70.43528445071586 val RE1 dist: 57.906677631578944
            SED dist: 326.95195484581495 val SED dist: 265.6878728070175

Epoch 40/100:  Training Loss: 0.22524589168867876 Val Loss: 0.23196565326891447 last sv: 0.0
            Training MAE: 0.24671810865402222 Val MAE: 0.2628093957901001
            algebraic dist: 0.15423316787518068 val algebraic dist: 0.12414587188185307
            RE1 dist: 77.29871627202643 val RE1 dist: 12.804032346491228
            SED dist: 355.57296255506606 val SED dist: 52.777933114035086

Epoch 41/100:  Training Loss: 0.2132126392246868 Val Loss: 0.241776337205318 last sv: 0.0
            Training MAE: 0.23592546582221985 Val MAE: 0.25312161445617676
            algebraic dist: 0.2017681105021338 val algebraic dist: 0.32465126439144737
            RE1 dist: 77.61465790198238 val RE1 dist: 37.97347587719298
            SED dist: 355.869768722467 val SED dist: 161.52321271929824

Epoch 42/100:  Training Loss: 0.2182995632356484 Val Loss: 0.23910582425301535 last sv: 0.0
            Training MAE: 0.23583993315696716 Val MAE: 0.25355854630470276
            algebraic dist: 0.25869582928224805 val algebraic dist: 0.3455875436883224
            RE1 dist: 134.6091254818282 val RE1 dist: 294.25826754385963
            SED dist: 628.1031112334801 val SED dist: 1406.250350877193

Epoch 43/100:  Training Loss: 0.2219996851446345 Val Loss: 0.2330455472176535 last sv: 0.0
            Training MAE: 0.24091601371765137 Val MAE: 0.2689114511013031
            algebraic dist: 0.21339792932182683 val algebraic dist: 0.099521484375
            RE1 dist: 124.43251824063877 val RE1 dist: 55.297258771929826
            SED dist: 595.3847742290749 val SED dist: 250.34899122807016

Epoch 44/100:  Training Loss: 0.21160367722028153 Val Loss: 0.2253981205455044 last sv: 0.0
            Training MAE: 0.2397901564836502 Val MAE: 0.2505790591239929
            algebraic dist: 0.177547118737309 val algebraic dist: 0.3121263577645285
            RE1 dist: 93.65474428689427 val RE1 dist: 167.19987938596492
            SED dist: 452.8041024229075 val SED dist: 730.6993421052632

Epoch 45/100:  Training Loss: 0.20955056345935436 Val Loss: 0.23298609683388158 last sv: 0.0
            Training MAE: 0.24255329370498657 Val MAE: 0.27032390236854553
            algebraic dist: 0.13135791560101615 val algebraic dist: 0.09080818042420505
            RE1 dist: 104.37119699889868 val RE1 dist: 89.04734100877192
            SED dist: 556.6442731277533 val SED dist: 484.00048245614033

Epoch 46/100:  Training Loss: 0.20859310805535 Val Loss: 0.2646898985745614 last sv: 0.0
            Training MAE: 0.2427239567041397 Val MAE: 0.2649657130241394
            algebraic dist: 0.12090805658684953 val algebraic dist: 0.47944537246436403
            RE1 dist: 114.28038098843612 val RE1 dist: 256.95197368421054
            SED dist: 628.334457599119 val SED dist: 1180.0911403508771

Epoch 47/100:  Training Loss: 0.206725855755911 Val Loss: 0.23276778371710527 last sv: 0.0
            Training MAE: 0.24172383546829224 Val MAE: 0.26744788885116577
            algebraic dist: 0.11957182022968578 val algebraic dist: 0.1234070466694079
            RE1 dist: 94.62207461453744 val RE1 dist: 90.6759375
            SED dist: 499.22938463656385 val SED dist: 460.15201754385964

